#
# There is insufficient memory for the Java Runtime Environment to continue.
# Native memory allocation (malloc) failed to allocate 1098416 bytes for Chunk::new
# Possible reasons:
#   The system is out of physical RAM or swap space
#   The process is running with CompressedOops enabled, and the Java Heap may be blocking the growth of the native heap
# Possible solutions:
#   Reduce memory load on the system
#   Increase physical memory or swap space
#   Check if swap backing store is full
#   Decrease Java heap size (-Xmx/-Xms)
#   Decrease number of Java threads
#   Decrease Java thread stack sizes (-Xss)
#   Set larger code cache with -XX:ReservedCodeCacheSize=
#   JVM is running with Unscaled Compressed Oops mode in which the Java heap is
#     placed in the first 4GB address space. The Java Heap base address is the
#     maximum limit for the native heap growth. Please use -XX:HeapBaseMinAddress
#     to set the Java Heap base and to place the Java Heap above 4GB virtual address.
# This output file may be truncated or incomplete.
#
#  Out of Memory Error (./open/src/hotspot/share/memory/arena.cpp:197), pid=23428, tid=27440
#
# JRE version: Java(TM) SE Runtime Environment 18.9 (11.0.20+9) (build 11.0.20+9-LTS-256)
# Java VM: Java HotSpot(TM) 64-Bit Server VM 18.9 (11.0.20+9-LTS-256, mixed mode, tiered, compressed oops, g1 gc, windows-amd64)
# No core dump will be written. Minidumps are not enabled by default on client versions of Windows
#

---------------  S U M M A R Y ------------

Command Line: -Dfile.encoding=x-windows-949 -Duser.country=KR -Duser.language=ko -Duser.variant com.example.Volunteer.VolunteerApplication

Host: Intel(R) Core(TM) i5-8250U CPU @ 1.60GHz, 8 cores, 7G,  Windows 11 , 64 bit Build 22000 (10.0.22000.2538)
Time: Sun Nov 12 16:55:46 2023  Windows 11 , 64 bit Build 22000 (10.0.22000.2538) elapsed time: 7.344509 seconds (0d 0h 0m 7s)

---------------  T H R E A D  ---------------

Current thread (0x000001bd067e8800):  JavaThread "C2 CompilerThread1" daemon [_thread_in_native, id=27440, stack(0x0000005adc400000,0x0000005adc500000)]


Current CompileTask:
C2:   7344 3959       4       java.net.URLStreamHandler::parseURL (1201 bytes)

Stack: [0x0000005adc400000,0x0000005adc500000]
Native frames: (J=compiled Java code, j=interpreted, Vv=VM code, C=native code)
V  [jvm.dll+0x6602ba]
V  [jvm.dll+0x7a32af]
V  [jvm.dll+0x7a4979]
V  [jvm.dll+0x7a5013]
V  [jvm.dll+0x258ef5]
V  [jvm.dll+0xb2a0c]
V  [jvm.dll+0xb2fcc]
V  [jvm.dll+0x367691]
V  [jvm.dll+0x1a2b74]
V  [jvm.dll+0x211d4d]
V  [jvm.dll+0x210bc8]
V  [jvm.dll+0x18cdb1]
V  [jvm.dll+0x220e59]
V  [jvm.dll+0x21f17c]
V  [jvm.dll+0x767061]
V  [jvm.dll+0x75f8e4]
V  [jvm.dll+0x65f165]
C  [ucrtbase.dll+0x26c0c]
C  [KERNEL32.DLL+0x153e0]
C  [ntdll.dll+0x485b]


---------------  P R O C E S S  ---------------

Threads class SMR info:
_java_thread_list=0x000001bd051e5430, length=17, elements={
0x000001bd63690800, 0x000001bd7f66c000, 0x000001bd7f674800, 0x000001bd0205b000,
0x000001bd0205c000, 0x000001bd0205d000, 0x000001bd02060800, 0x000001bd7f685000,
0x000001bd7f686000, 0x000001bd02204000, 0x000001bd067e8800, 0x000001bd07b11800,
0x000001bd08c60800, 0x000001bd06f63800, 0x000001bd08def000, 0x000001bd053cf000,
0x000001bd06186000
}

Java Threads: ( => current thread )
  0x000001bd63690800 JavaThread "main" [_thread_in_vm, id=20484, stack(0x0000005adb300000,0x0000005adb400000)]
  0x000001bd7f66c000 JavaThread "Reference Handler" daemon [_thread_blocked, id=12988, stack(0x0000005adba00000,0x0000005adbb00000)]
  0x000001bd7f674800 JavaThread "Finalizer" daemon [_thread_blocked, id=12044, stack(0x0000005adbb00000,0x0000005adbc00000)]
  0x000001bd0205b000 JavaThread "Signal Dispatcher" daemon [_thread_blocked, id=27528, stack(0x0000005adbc00000,0x0000005adbd00000)]
  0x000001bd0205c000 JavaThread "Attach Listener" daemon [_thread_blocked, id=26136, stack(0x0000005adbd00000,0x0000005adbe00000)]
  0x000001bd0205d000 JavaThread "Service Thread" daemon [_thread_blocked, id=24008, stack(0x0000005adbe00000,0x0000005adbf00000)]
  0x000001bd02060800 JavaThread "C2 CompilerThread0" daemon [_thread_in_native, id=10492, stack(0x0000005adbf00000,0x0000005adc000000)]
  0x000001bd7f685000 JavaThread "C1 CompilerThread0" daemon [_thread_blocked, id=9604, stack(0x0000005adc000000,0x0000005adc100000)]
  0x000001bd7f686000 JavaThread "Sweeper thread" daemon [_thread_blocked, id=25268, stack(0x0000005adc100000,0x0000005adc200000)]
  0x000001bd02204000 JavaThread "Common-Cleaner" daemon [_thread_blocked, id=12124, stack(0x0000005adc300000,0x0000005adc400000)]
=>0x000001bd067e8800 JavaThread "C2 CompilerThread1" daemon [_thread_in_native, id=27440, stack(0x0000005adc400000,0x0000005adc500000)]
  0x000001bd07b11800 JavaThread "C2 CompilerThread2" daemon [_thread_in_native, id=24336, stack(0x0000005adc700000,0x0000005adc800000)]
  0x000001bd08c60800 JavaThread "Catalina-utility-1" [_thread_blocked, id=26164, stack(0x0000005adc800000,0x0000005adc900000)]
  0x000001bd06f63800 JavaThread "Catalina-utility-2" [_thread_blocked, id=7616, stack(0x0000005adcb00000,0x0000005adcc00000)]
  0x000001bd08def000 JavaThread "container-0" [_thread_blocked, id=23292, stack(0x0000005adcc00000,0x0000005adcd00000)]
  0x000001bd053cf000 JavaThread "HikariPool-1 housekeeper" daemon [_thread_blocked, id=20404, stack(0x0000005adce00000,0x0000005adcf00000)]
  0x000001bd06186000 JavaThread "HikariPool-1 connection adder" daemon [_thread_blocked, id=696, stack(0x0000005add300000,0x0000005add400000)]

Other Threads:
  0x000001bd7f649000 VMThread "VM Thread" [stack: 0x0000005adb900000,0x0000005adba00000] [id=6452]
  0x000001bd02203800 WatcherThread [stack: 0x0000005adc200000,0x0000005adc300000] [id=10568]
  0x000001bd636a4000 GCTaskThread "GC Thread#0" [stack: 0x0000005adb400000,0x0000005adb500000] [id=6152]
  0x000001bd02cfa000 GCTaskThread "GC Thread#1" [stack: 0x0000005adc500000,0x0000005adc600000] [id=14308]
  0x000001bd02820800 GCTaskThread "GC Thread#2" [stack: 0x0000005adc600000,0x0000005adc700000] [id=28096]
  0x000001bd02f2c000 GCTaskThread "GC Thread#3" [stack: 0x0000005adc900000,0x0000005adca00000] [id=27060]
  0x000001bd058e2800 GCTaskThread "GC Thread#4" [stack: 0x0000005adcf00000,0x0000005add000000] [id=18220]
  0x000001bd06450800 GCTaskThread "GC Thread#5" [stack: 0x0000005add000000,0x0000005add100000] [id=20036]
  0x000001bd026c3800 GCTaskThread "GC Thread#6" [stack: 0x0000005add100000,0x0000005add200000] [id=13976]
  0x000001bd06e61000 GCTaskThread "GC Thread#7" [stack: 0x0000005add200000,0x0000005add300000] [id=27360]
  0x000001bd636d9000 ConcurrentGCThread "G1 Main Marker" [stack: 0x0000005adb500000,0x0000005adb600000] [id=7704]
  0x000001bd636da800 ConcurrentGCThread "G1 Conc#0" [stack: 0x0000005adb600000,0x0000005adb700000] [id=13808]
  0x000001bd034a8800 ConcurrentGCThread "G1 Conc#1" [stack: 0x0000005adca00000,0x0000005adcb00000] [id=9340]
  0x000001bd7f4b0800 ConcurrentGCThread "G1 Refine#0" [stack: 0x0000005adb700000,0x0000005adb800000] [id=20612]
  0x000001bd7f4b1800 ConcurrentGCThread "G1 Young RemSet Sampling" [stack: 0x0000005adb800000,0x0000005adb900000] [id=8840]

Threads with active compile tasks:
C2 CompilerThread0     7378 3857   !   4       jdk.internal.loader.BuiltinClassLoader::findClassOnClassPathOrNull (64 bytes)
C2 CompilerThread1     7379 3959       4       java.net.URLStreamHandler::parseURL (1201 bytes)
C2 CompilerThread2     7379 4057       4       jdk.internal.loader.ClassLoaders$AppClassLoader::defineOrCheckPackage (8 bytes)

VM state:not at safepoint (normal execution)

VM Mutex/Monitor currently owned by a thread: None

Heap address: 0x0000000081600000, size: 2026 MB, Compressed Oops mode: 32-bit
Narrow klass base: 0x0000000000000000, Narrow klass shift: 3
Compressed class space size: 1073741824 Address: 0x0000000100000000

Heap:
 garbage-first heap   total 131072K, used 39383K [0x0000000081600000, 0x0000000100000000)
  region size 1024K, 30 young (30720K), 7 survivors (7168K)
 Metaspace       used 49921K, capacity 51121K, committed 51404K, reserved 1093632K
  class space    used 6245K, capacity 6751K, committed 6860K, reserved 1048576K
Heap Regions: E=young(eden), S=young(survivor), O=old, HS=humongous(starts), HC=humongous(continues), CS=collection set, F=free, A=archive, TAMS=top-at-mark-start (previous, next)
|   0|0x0000000081600000, 0x0000000081700000, 0x0000000081700000|100%|HS|  |TAMS 0x0000000081700000, 0x0000000081600000| Complete 
|   1|0x0000000081700000, 0x0000000081800000, 0x0000000081800000|100%| O|  |TAMS 0x0000000081800000, 0x0000000081700000| Untracked 
|   2|0x0000000081800000, 0x0000000081900000, 0x0000000081900000|100%| O|  |TAMS 0x0000000081900000, 0x0000000081800000| Untracked 
|   3|0x0000000081900000, 0x0000000081a00000, 0x0000000081a00000|100%| O|  |TAMS 0x0000000081a00000, 0x0000000081900000| Untracked 
|   4|0x0000000081a00000, 0x0000000081b00000, 0x0000000081b00000|100%| O|  |TAMS 0x0000000081b00000, 0x0000000081a00000| Untracked 
|   5|0x0000000081b00000, 0x0000000081c00000, 0x0000000081c00000|100%| O|  |TAMS 0x0000000081c00000, 0x0000000081b00000| Untracked 
|   6|0x0000000081c00000, 0x0000000081d00000, 0x0000000081d00000|100%| O|  |TAMS 0x0000000081cb5000, 0x0000000081c00000| Untracked 
|   7|0x0000000081d00000, 0x0000000081e00000, 0x0000000081e00000|100%| O|  |TAMS 0x0000000081d00000, 0x0000000081d00000| Untracked 
|   8|0x0000000081e00000, 0x0000000081f00000, 0x0000000081f00000|100%| O|  |TAMS 0x0000000081e00000, 0x0000000081e00000| Untracked 
|   9|0x0000000081f00000, 0x0000000082000000, 0x0000000082000000|100%| O|  |TAMS 0x0000000081f00000, 0x0000000081f00000| Untracked 
|  10|0x0000000082000000, 0x0000000082075c00, 0x0000000082100000| 45%| O|  |TAMS 0x0000000082000000, 0x0000000082000000| Untracked 
|  11|0x0000000082100000, 0x0000000082100000, 0x0000000082200000|  0%| F|  |TAMS 0x0000000082100000, 0x0000000082100000| Untracked 
|  12|0x0000000082200000, 0x0000000082200000, 0x0000000082300000|  0%| F|  |TAMS 0x0000000082200000, 0x0000000082200000| Untracked 
|  13|0x0000000082300000, 0x0000000082300000, 0x0000000082400000|  0%| F|  |TAMS 0x0000000082300000, 0x0000000082300000| Untracked 
|  14|0x0000000082400000, 0x0000000082400000, 0x0000000082500000|  0%| F|  |TAMS 0x0000000082400000, 0x0000000082400000| Untracked 
|  15|0x0000000082500000, 0x0000000082500000, 0x0000000082600000|  0%| F|  |TAMS 0x0000000082500000, 0x0000000082500000| Untracked 
|  16|0x0000000082600000, 0x0000000082600000, 0x0000000082700000|  0%| F|  |TAMS 0x0000000082600000, 0x0000000082600000| Untracked 
|  17|0x0000000082700000, 0x0000000082700000, 0x0000000082800000|  0%| F|  |TAMS 0x0000000082700000, 0x0000000082700000| Untracked 
|  18|0x0000000082800000, 0x0000000082800000, 0x0000000082900000|  0%| F|  |TAMS 0x0000000082800000, 0x0000000082800000| Untracked 
|  19|0x0000000082900000, 0x0000000082900000, 0x0000000082a00000|  0%| F|  |TAMS 0x0000000082900000, 0x0000000082900000| Untracked 
|  20|0x0000000082a00000, 0x0000000082a00000, 0x0000000082b00000|  0%| F|  |TAMS 0x0000000082a00000, 0x0000000082a00000| Untracked 
|  21|0x0000000082b00000, 0x0000000082b00000, 0x0000000082c00000|  0%| F|  |TAMS 0x0000000082b00000, 0x0000000082b00000| Untracked 
|  22|0x0000000082c00000, 0x0000000082c00000, 0x0000000082d00000|  0%| F|  |TAMS 0x0000000082c00000, 0x0000000082c00000| Untracked 
|  23|0x0000000082d00000, 0x0000000082d00000, 0x0000000082e00000|  0%| F|  |TAMS 0x0000000082d00000, 0x0000000082d00000| Untracked 
|  24|0x0000000082e00000, 0x0000000082e00000, 0x0000000082f00000|  0%| F|  |TAMS 0x0000000082e00000, 0x0000000082e00000| Untracked 
|  25|0x0000000082f00000, 0x0000000082f00000, 0x0000000083000000|  0%| F|  |TAMS 0x0000000082f00000, 0x0000000082f00000| Untracked 
|  26|0x0000000083000000, 0x0000000083000000, 0x0000000083100000|  0%| F|  |TAMS 0x0000000083000000, 0x0000000083000000| Untracked 
|  27|0x0000000083100000, 0x0000000083100000, 0x0000000083200000|  0%| F|  |TAMS 0x0000000083100000, 0x0000000083100000| Untracked 
|  28|0x0000000083200000, 0x0000000083200000, 0x0000000083300000|  0%| F|  |TAMS 0x0000000083200000, 0x0000000083200000| Untracked 
|  29|0x0000000083300000, 0x0000000083300000, 0x0000000083400000|  0%| F|  |TAMS 0x0000000083300000, 0x0000000083300000| Untracked 
|  30|0x0000000083400000, 0x0000000083400000, 0x0000000083500000|  0%| F|  |TAMS 0x0000000083400000, 0x0000000083400000| Untracked 
|  31|0x0000000083500000, 0x0000000083500000, 0x0000000083600000|  0%| F|  |TAMS 0x0000000083500000, 0x0000000083500000| Untracked 
|  32|0x0000000083600000, 0x0000000083600000, 0x0000000083700000|  0%| F|  |TAMS 0x0000000083600000, 0x0000000083600000| Untracked 
|  33|0x0000000083700000, 0x0000000083700000, 0x0000000083800000|  0%| F|  |TAMS 0x0000000083700000, 0x0000000083700000| Untracked 
|  34|0x0000000083800000, 0x0000000083800000, 0x0000000083900000|  0%| F|  |TAMS 0x0000000083800000, 0x0000000083800000| Untracked 
|  35|0x0000000083900000, 0x0000000083900000, 0x0000000083a00000|  0%| F|  |TAMS 0x0000000083900000, 0x0000000083900000| Untracked 
|  36|0x0000000083a00000, 0x0000000083a00000, 0x0000000083b00000|  0%| F|  |TAMS 0x0000000083a00000, 0x0000000083a00000| Untracked 
|  37|0x0000000083b00000, 0x0000000083b00000, 0x0000000083c00000|  0%| F|  |TAMS 0x0000000083b00000, 0x0000000083b00000| Untracked 
|  38|0x0000000083c00000, 0x0000000083c00000, 0x0000000083d00000|  0%| F|  |TAMS 0x0000000083c00000, 0x0000000083c00000| Untracked 
|  39|0x0000000083d00000, 0x0000000083d00000, 0x0000000083e00000|  0%| F|  |TAMS 0x0000000083d00000, 0x0000000083d00000| Untracked 
|  40|0x0000000083e00000, 0x0000000083e00000, 0x0000000083f00000|  0%| F|  |TAMS 0x0000000083e00000, 0x0000000083e00000| Untracked 
|  41|0x0000000083f00000, 0x0000000083f00000, 0x0000000084000000|  0%| F|  |TAMS 0x0000000083f00000, 0x0000000083f00000| Untracked 
|  42|0x0000000084000000, 0x0000000084000000, 0x0000000084100000|  0%| F|  |TAMS 0x0000000084000000, 0x0000000084000000| Untracked 
|  43|0x0000000084100000, 0x0000000084100000, 0x0000000084200000|  0%| F|  |TAMS 0x0000000084100000, 0x0000000084100000| Untracked 
|  44|0x0000000084200000, 0x0000000084200000, 0x0000000084300000|  0%| F|  |TAMS 0x0000000084200000, 0x0000000084200000| Untracked 
|  45|0x0000000084300000, 0x0000000084300000, 0x0000000084400000|  0%| F|  |TAMS 0x0000000084300000, 0x0000000084300000| Untracked 
|  46|0x0000000084400000, 0x0000000084400000, 0x0000000084500000|  0%| F|  |TAMS 0x0000000084400000, 0x0000000084400000| Untracked 
|  47|0x0000000084500000, 0x0000000084500000, 0x0000000084600000|  0%| F|  |TAMS 0x0000000084500000, 0x0000000084500000| Untracked 
|  48|0x0000000084600000, 0x0000000084600000, 0x0000000084700000|  0%| F|  |TAMS 0x0000000084600000, 0x0000000084600000| Untracked 
|  49|0x0000000084700000, 0x0000000084700000, 0x0000000084800000|  0%| F|  |TAMS 0x0000000084700000, 0x0000000084700000| Untracked 
|  50|0x0000000084800000, 0x0000000084800000, 0x0000000084900000|  0%| F|  |TAMS 0x0000000084800000, 0x0000000084800000| Untracked 
|  51|0x0000000084900000, 0x0000000084900000, 0x0000000084a00000|  0%| F|  |TAMS 0x0000000084900000, 0x0000000084900000| Untracked 
|  52|0x0000000084a00000, 0x0000000084a00000, 0x0000000084b00000|  0%| F|  |TAMS 0x0000000084a00000, 0x0000000084a00000| Untracked 
|  53|0x0000000084b00000, 0x0000000084b00000, 0x0000000084c00000|  0%| F|  |TAMS 0x0000000084b00000, 0x0000000084b00000| Untracked 
|  54|0x0000000084c00000, 0x0000000084d00000, 0x0000000084d00000|100%| S|CS|TAMS 0x0000000084c00000, 0x0000000084c00000| Complete 
|  55|0x0000000084d00000, 0x0000000084e00000, 0x0000000084e00000|100%| S|CS|TAMS 0x0000000084d00000, 0x0000000084d00000| Complete 
|  56|0x0000000084e00000, 0x0000000084f00000, 0x0000000084f00000|100%| S|CS|TAMS 0x0000000084e00000, 0x0000000084e00000| Complete 
|  57|0x0000000084f00000, 0x0000000085000000, 0x0000000085000000|100%| S|CS|TAMS 0x0000000084f00000, 0x0000000084f00000| Complete 
|  58|0x0000000085000000, 0x0000000085100000, 0x0000000085100000|100%| S|CS|TAMS 0x0000000085000000, 0x0000000085000000| Complete 
|  59|0x0000000085100000, 0x0000000085200000, 0x0000000085200000|100%| S|CS|TAMS 0x0000000085100000, 0x0000000085100000| Complete 
|  60|0x0000000085200000, 0x0000000085300000, 0x0000000085300000|100%| S|CS|TAMS 0x0000000085200000, 0x0000000085200000| Complete 
|  61|0x0000000085300000, 0x0000000085300000, 0x0000000085400000|  0%| F|  |TAMS 0x0000000085300000, 0x0000000085300000| Untracked 
|  62|0x0000000085400000, 0x0000000085400000, 0x0000000085500000|  0%| F|  |TAMS 0x0000000085400000, 0x0000000085400000| Untracked 
|  63|0x0000000085500000, 0x0000000085500000, 0x0000000085600000|  0%| F|  |TAMS 0x0000000085500000, 0x0000000085500000| Untracked 
|  64|0x0000000085600000, 0x0000000085600000, 0x0000000085700000|  0%| F|  |TAMS 0x0000000085600000, 0x0000000085600000| Untracked 
|  65|0x0000000085700000, 0x0000000085700000, 0x0000000085800000|  0%| F|  |TAMS 0x0000000085700000, 0x0000000085700000| Untracked 
|  66|0x0000000085800000, 0x0000000085800000, 0x0000000085900000|  0%| F|  |TAMS 0x0000000085800000, 0x0000000085800000| Untracked 
|  67|0x0000000085900000, 0x0000000085900000, 0x0000000085a00000|  0%| F|  |TAMS 0x0000000085900000, 0x0000000085900000| Untracked 
|  68|0x0000000085a00000, 0x0000000085a00000, 0x0000000085b00000|  0%| F|  |TAMS 0x0000000085a00000, 0x0000000085a00000| Untracked 
|  69|0x0000000085b00000, 0x0000000085b00000, 0x0000000085c00000|  0%| F|  |TAMS 0x0000000085b00000, 0x0000000085b00000| Untracked 
|  70|0x0000000085c00000, 0x0000000085c00000, 0x0000000085d00000|  0%| F|  |TAMS 0x0000000085c00000, 0x0000000085c00000| Untracked 
|  71|0x0000000085d00000, 0x0000000085d00000, 0x0000000085e00000|  0%| F|  |TAMS 0x0000000085d00000, 0x0000000085d00000| Untracked 
|  72|0x0000000085e00000, 0x0000000085e00000, 0x0000000085f00000|  0%| F|  |TAMS 0x0000000085e00000, 0x0000000085e00000| Untracked 
|  73|0x0000000085f00000, 0x0000000085f00000, 0x0000000086000000|  0%| F|  |TAMS 0x0000000085f00000, 0x0000000085f00000| Untracked 
|  74|0x0000000086000000, 0x0000000086000000, 0x0000000086100000|  0%| F|  |TAMS 0x0000000086000000, 0x0000000086000000| Untracked 
|  75|0x0000000086100000, 0x0000000086100000, 0x0000000086200000|  0%| F|  |TAMS 0x0000000086100000, 0x0000000086100000| Untracked 
|  76|0x0000000086200000, 0x0000000086200000, 0x0000000086300000|  0%| F|  |TAMS 0x0000000086200000, 0x0000000086200000| Untracked 
|  77|0x0000000086300000, 0x0000000086300000, 0x0000000086400000|  0%| F|  |TAMS 0x0000000086300000, 0x0000000086300000| Untracked 
|  78|0x0000000086400000, 0x0000000086400000, 0x0000000086500000|  0%| F|  |TAMS 0x0000000086400000, 0x0000000086400000| Untracked 
|  79|0x0000000086500000, 0x0000000086500000, 0x0000000086600000|  0%| F|  |TAMS 0x0000000086500000, 0x0000000086500000| Untracked 
|  80|0x0000000086600000, 0x0000000086600000, 0x0000000086700000|  0%| F|  |TAMS 0x0000000086600000, 0x0000000086600000| Untracked 
|  81|0x0000000086700000, 0x0000000086700000, 0x0000000086800000|  0%| F|  |TAMS 0x0000000086700000, 0x0000000086700000| Untracked 
|  82|0x0000000086800000, 0x0000000086800000, 0x0000000086900000|  0%| F|  |TAMS 0x0000000086800000, 0x0000000086800000| Untracked 
|  83|0x0000000086900000, 0x0000000086900000, 0x0000000086a00000|  0%| F|  |TAMS 0x0000000086900000, 0x0000000086900000| Untracked 
|  84|0x0000000086a00000, 0x0000000086a00000, 0x0000000086b00000|  0%| F|  |TAMS 0x0000000086a00000, 0x0000000086a00000| Untracked 
|  85|0x0000000086b00000, 0x0000000086b00000, 0x0000000086c00000|  0%| F|  |TAMS 0x0000000086b00000, 0x0000000086b00000| Untracked 
|  86|0x0000000086c00000, 0x0000000086c00000, 0x0000000086d00000|  0%| F|  |TAMS 0x0000000086c00000, 0x0000000086c00000| Untracked 
|  87|0x0000000086d00000, 0x0000000086d00000, 0x0000000086e00000|  0%| F|  |TAMS 0x0000000086d00000, 0x0000000086d00000| Untracked 
|  88|0x0000000086e00000, 0x0000000086e00000, 0x0000000086f00000|  0%| F|  |TAMS 0x0000000086e00000, 0x0000000086e00000| Untracked 
|  89|0x0000000086f00000, 0x0000000086f00000, 0x0000000087000000|  0%| F|  |TAMS 0x0000000086f00000, 0x0000000086f00000| Untracked 
|  90|0x0000000087000000, 0x0000000087000000, 0x0000000087100000|  0%| F|  |TAMS 0x0000000087000000, 0x0000000087000000| Untracked 
|  91|0x0000000087100000, 0x0000000087100000, 0x0000000087200000|  0%| F|  |TAMS 0x0000000087100000, 0x0000000087100000| Untracked 
|  92|0x0000000087200000, 0x0000000087200000, 0x0000000087300000|  0%| F|  |TAMS 0x0000000087200000, 0x0000000087200000| Untracked 
|  93|0x0000000087300000, 0x0000000087300000, 0x0000000087400000|  0%| F|  |TAMS 0x0000000087300000, 0x0000000087300000| Untracked 
|  94|0x0000000087400000, 0x0000000087400000, 0x0000000087500000|  0%| F|  |TAMS 0x0000000087400000, 0x0000000087400000| Untracked 
|  95|0x0000000087500000, 0x0000000087500000, 0x0000000087600000|  0%| F|  |TAMS 0x0000000087500000, 0x0000000087500000| Untracked 
|  96|0x0000000087600000, 0x0000000087600000, 0x0000000087700000|  0%| F|  |TAMS 0x0000000087600000, 0x0000000087600000| Untracked 
|  97|0x0000000087700000, 0x0000000087700000, 0x0000000087800000|  0%| F|  |TAMS 0x0000000087700000, 0x0000000087700000| Untracked 
|  98|0x0000000087800000, 0x0000000087800000, 0x0000000087900000|  0%| F|  |TAMS 0x0000000087800000, 0x0000000087800000| Untracked 
|  99|0x0000000087900000, 0x0000000087900000, 0x0000000087a00000|  0%| F|  |TAMS 0x0000000087900000, 0x0000000087900000| Untracked 
| 100|0x0000000087a00000, 0x0000000087a00000, 0x0000000087b00000|  0%| F|  |TAMS 0x0000000087a00000, 0x0000000087a00000| Untracked 
| 101|0x0000000087b00000, 0x0000000087b00000, 0x0000000087c00000|  0%| F|  |TAMS 0x0000000087b00000, 0x0000000087b00000| Untracked 
| 102|0x0000000087c00000, 0x0000000087c00000, 0x0000000087d00000|  0%| F|  |TAMS 0x0000000087c00000, 0x0000000087c00000| Untracked 
| 103|0x0000000087d00000, 0x0000000087d00000, 0x0000000087e00000|  0%| F|  |TAMS 0x0000000087d00000, 0x0000000087d00000| Untracked 
| 104|0x0000000087e00000, 0x0000000087e00000, 0x0000000087f00000|  0%| F|  |TAMS 0x0000000087e00000, 0x0000000087e00000| Untracked 
| 105|0x0000000087f00000, 0x0000000087f80800, 0x0000000088000000| 50%| E|  |TAMS 0x0000000087f00000, 0x0000000087f00000| Complete 
| 106|0x0000000088000000, 0x0000000088100000, 0x0000000088100000|100%| E|CS|TAMS 0x0000000088000000, 0x0000000088000000| Complete 
| 107|0x0000000088100000, 0x0000000088200000, 0x0000000088200000|100%| E|CS|TAMS 0x0000000088100000, 0x0000000088100000| Complete 
| 108|0x0000000088200000, 0x0000000088300000, 0x0000000088300000|100%| E|CS|TAMS 0x0000000088200000, 0x0000000088200000| Complete 
| 109|0x0000000088300000, 0x0000000088400000, 0x0000000088400000|100%| E|CS|TAMS 0x0000000088300000, 0x0000000088300000| Complete 
| 110|0x0000000088400000, 0x0000000088500000, 0x0000000088500000|100%| E|CS|TAMS 0x0000000088400000, 0x0000000088400000| Complete 
| 111|0x0000000088500000, 0x0000000088600000, 0x0000000088600000|100%| E|CS|TAMS 0x0000000088500000, 0x0000000088500000| Complete 
| 112|0x0000000088600000, 0x0000000088700000, 0x0000000088700000|100%| E|CS|TAMS 0x0000000088600000, 0x0000000088600000| Complete 
| 113|0x0000000088700000, 0x0000000088800000, 0x0000000088800000|100%| E|CS|TAMS 0x0000000088700000, 0x0000000088700000| Complete 
| 114|0x0000000088800000, 0x0000000088900000, 0x0000000088900000|100%| E|CS|TAMS 0x0000000088800000, 0x0000000088800000| Complete 
| 115|0x0000000088900000, 0x0000000088a00000, 0x0000000088a00000|100%| E|CS|TAMS 0x0000000088900000, 0x0000000088900000| Complete 
| 116|0x0000000088a00000, 0x0000000088b00000, 0x0000000088b00000|100%| E|CS|TAMS 0x0000000088a00000, 0x0000000088a00000| Complete 
| 117|0x0000000088b00000, 0x0000000088c00000, 0x0000000088c00000|100%| E|CS|TAMS 0x0000000088b00000, 0x0000000088b00000| Complete 
| 118|0x0000000088c00000, 0x0000000088d00000, 0x0000000088d00000|100%| E|CS|TAMS 0x0000000088c00000, 0x0000000088c00000| Complete 
| 119|0x0000000088d00000, 0x0000000088e00000, 0x0000000088e00000|100%| E|CS|TAMS 0x0000000088d00000, 0x0000000088d00000| Complete 
| 120|0x0000000088e00000, 0x0000000088f00000, 0x0000000088f00000|100%| E|CS|TAMS 0x0000000088e00000, 0x0000000088e00000| Complete 
| 121|0x0000000088f00000, 0x0000000089000000, 0x0000000089000000|100%| E|CS|TAMS 0x0000000088f00000, 0x0000000088f00000| Complete 
| 122|0x0000000089000000, 0x0000000089100000, 0x0000000089100000|100%| E|CS|TAMS 0x0000000089000000, 0x0000000089000000| Complete 
| 123|0x0000000089100000, 0x0000000089200000, 0x0000000089200000|100%| E|CS|TAMS 0x0000000089100000, 0x0000000089100000| Complete 
| 124|0x0000000089200000, 0x0000000089300000, 0x0000000089300000|100%| E|CS|TAMS 0x0000000089200000, 0x0000000089200000| Complete 
| 125|0x0000000089300000, 0x0000000089400000, 0x0000000089400000|100%| E|  |TAMS 0x0000000089300000, 0x0000000089300000| Complete 
| 126|0x0000000089400000, 0x0000000089500000, 0x0000000089500000|100%| E|CS|TAMS 0x0000000089400000, 0x0000000089400000| Complete 
| 127|0x0000000089500000, 0x0000000089600000, 0x0000000089600000|100%| E|CS|TAMS 0x0000000089500000, 0x0000000089500000| Complete 

Card table byte_map: [0x000001bd7a4b0000,0x000001bd7a8b0000] _byte_map_base: 0x000001bd7a0a5000

Marking Bits (Prev, Next): (CMBitMap*) 0x000001bd636d0788, (CMBitMap*) 0x000001bd636d07c0
 Prev Bits: [0x000001bd7acb0000, 0x000001bd7cc58000)
 Next Bits: [0x000001bd7cc60000, 0x000001bd7ec08000)

Polling page: 0x000001bd616a0000

Metaspace:

Usage:
  Non-class:     43.39 MB capacity,    42.66 MB ( 98%) used,   600.67 KB (  1%) free+waste,   147.81 KB ( <1%) overhead. 
      Class:      6.59 MB capacity,     6.10 MB ( 93%) used,   430.10 KB (  6%) free+waste,    73.62 KB (  1%) overhead. 
       Both:     49.99 MB capacity,    48.76 MB ( 98%) used,     1.01 MB (  2%) free+waste,   221.44 KB ( <1%) overhead. 

Virtual space:
  Non-class space:       44.00 MB reserved,      43.50 MB ( 99%) committed 
      Class space:        1.00 GB reserved,       6.70 MB ( <1%) committed 
             Both:        1.04 GB reserved,      50.20 MB (  5%) committed 

Chunk freelists:
   Non-Class:  5.75 KB
       Class:  128 bytes
        Both:  5.88 KB

CodeHeap 'non-profiled nmethods': size=120000Kb used=2542Kb max_used=2542Kb free=117457Kb
 bounds [0x000001bd72840000, 0x000001bd72ac0000, 0x000001bd79d70000]
CodeHeap 'profiled nmethods': size=120000Kb used=9151Kb max_used=9151Kb free=110848Kb
 bounds [0x000001bd6b310000, 0x000001bd6bc00000, 0x000001bd72840000]
CodeHeap 'non-nmethods': size=5760Kb used=1191Kb max_used=1208Kb free=4568Kb
 bounds [0x000001bd6ad70000, 0x000001bd6afe0000, 0x000001bd6b310000]
 total_blobs=4585 nmethods=4044 adapters=451
 compilation: enabled
              stopped_count=0, restarted_count=0
 full_count=0

Compilation events (10 events):
Event: 7.304 Thread 0x000001bd7f685000 4054       3       java.lang.String$CaseInsensitiveComparator::compare (68 bytes)
Event: 7.305 Thread 0x000001bd7f685000 nmethod 4054 0x000001bd6bbfe390 code [0x000001bd6bbfe5a0, 0x000001bd6bbfeb78]
Event: 7.305 Thread 0x000001bd7f685000 4055       1       org.hibernate.service.spi.ServiceBinding::getService (5 bytes)
Event: 7.305 Thread 0x000001bd7f685000 nmethod 4055 0x000001bd72ab9190 code [0x000001bd72ab9320, 0x000001bd72ab93d8]
Event: 7.307 Thread 0x000001bd7f685000 4056       3       java.lang.PublicMethods$Key::equals (52 bytes)
Event: 7.307 Thread 0x000001bd7f685000 nmethod 4056 0x000001bd6bbfed90 code [0x000001bd6bbfef60, 0x000001bd6bbff3a8]
Event: 7.326 Thread 0x000001bd07b11800 nmethod 4048 0x000001bd72ab9490 code [0x000001bd72ab96c0, 0x000001bd72aba850]
Event: 7.326 Thread 0x000001bd07b11800 4052       4       java.util.HashMap$EntryIterator::next (5 bytes)
Event: 7.334 Thread 0x000001bd07b11800 nmethod 4052 0x000001bd72abb490 code [0x000001bd72abb620, 0x000001bd72abba18]
Event: 7.334 Thread 0x000001bd07b11800 4057       4       jdk.internal.loader.ClassLoaders$AppClassLoader::defineOrCheckPackage (8 bytes)

GC Heap History (10 events):
Event: 0.687 GC heap before
{Heap before GC invocations=0 (full 0):
 garbage-first heap   total 131072K, used 24576K [0x0000000081600000, 0x0000000100000000)
  region size 1024K, 24 young (24576K), 0 survivors (0K)
 Metaspace       used 11529K, capacity 11837K, committed 12032K, reserved 1060864K
  class space    used 1153K, capacity 1253K, committed 1280K, reserved 1048576K
}
Event: 0.693 GC heap after
{Heap after GC invocations=1 (full 0):
 garbage-first heap   total 131072K, used 6828K [0x0000000081600000, 0x0000000100000000)
  region size 1024K, 3 young (3072K), 3 survivors (3072K)
 Metaspace       used 11529K, capacity 11837K, committed 12032K, reserved 1060864K
  class space    used 1153K, capacity 1253K, committed 1280K, reserved 1048576K
}
Event: 1.231 GC heap before
{Heap before GC invocations=1 (full 0):
 garbage-first heap   total 131072K, used 49836K [0x0000000081600000, 0x0000000100000000)
  region size 1024K, 46 young (47104K), 3 survivors (3072K)
 Metaspace       used 20592K, capacity 21117K, committed 21248K, reserved 1069056K
  class space    used 2245K, capacity 2449K, committed 2560K, reserved 1048576K
}
Event: 1.237 GC heap after
{Heap after GC invocations=2 (full 0):
 garbage-first heap   total 131072K, used 9119K [0x0000000081600000, 0x0000000100000000)
  region size 1024K, 6 young (6144K), 6 survivors (6144K)
 Metaspace       used 20592K, capacity 21117K, committed 21248K, reserved 1069056K
  class space    used 2245K, capacity 2449K, committed 2560K, reserved 1048576K
}
Event: 2.237 GC heap before
{Heap before GC invocations=3 (full 0):
 garbage-first heap   total 131072K, used 57247K [0x0000000081600000, 0x0000000100000000)
  region size 1024K, 54 young (55296K), 6 survivors (6144K)
 Metaspace       used 25781K, capacity 26423K, committed 26496K, reserved 1073152K
  class space    used 2908K, capacity 3176K, committed 3200K, reserved 1048576K
}
Event: 2.257 GC heap after
{Heap after GC invocations=4 (full 0):
 garbage-first heap   total 131072K, used 11553K [0x0000000081600000, 0x0000000100000000)
  region size 1024K, 5 young (5120K), 5 survivors (5120K)
 Metaspace       used 25781K, capacity 26423K, committed 26496K, reserved 1073152K
  class space    used 2908K, capacity 3176K, committed 3200K, reserved 1048576K
}
Event: 5.652 GC heap before
{Heap before GC invocations=4 (full 0):
 garbage-first heap   total 131072K, used 81185K [0x0000000081600000, 0x0000000100000000)
  region size 1024K, 74 young (75776K), 5 survivors (5120K)
 Metaspace       used 34879K, capacity 35824K, committed 35840K, reserved 1081344K
  class space    used 4100K, capacity 4471K, committed 4480K, reserved 1048576K
}
Event: 5.661 GC heap after
{Heap after GC invocations=5 (full 0):
 garbage-first heap   total 131072K, used 15335K [0x0000000081600000, 0x0000000100000000)
  region size 1024K, 9 young (9216K), 9 survivors (9216K)
 Metaspace       used 34879K, capacity 35824K, committed 35840K, reserved 1081344K
  class space    used 4100K, capacity 4471K, committed 4480K, reserved 1048576K
}
Event: 6.876 GC heap before
{Heap before GC invocations=6 (full 0):
 garbage-first heap   total 131072K, used 83943K [0x0000000081600000, 0x0000000100000000)
  region size 1024K, 76 young (77824K), 9 survivors (9216K)
 Metaspace       used 45677K, capacity 46804K, committed 47052K, reserved 1089536K
  class space    used 5722K, capacity 6209K, committed 6348K, reserved 1048576K
}
Event: 6.891 GC heap after
{Heap after GC invocations=7 (full 0):
 garbage-first heap   total 131072K, used 17879K [0x0000000081600000, 0x0000000100000000)
  region size 1024K, 7 young (7168K), 7 survivors (7168K)
 Metaspace       used 45677K, capacity 46804K, committed 47052K, reserved 1089536K
  class space    used 5722K, capacity 6209K, committed 6348K, reserved 1048576K
}

Deoptimization events (10 events):
Event: 5.835 Thread 0x000001bd63690800 Uncommon trap: reason=profile_predicate action=maybe_recompile pc=0x000001bd729f8c3c method=java.lang.PublicMethods$MethodList.filter([Ljava/lang/reflect/Method;Ljava/lang/String;[Ljava/lang/Class;Z)Ljava/lang/PublicMethods$MethodList; @ 21 c2
Event: 5.836 Thread 0x000001bd63690800 Uncommon trap: reason=unstable_if action=reinterpret pc=0x000001bd72918f1c method=java.util.concurrent.ConcurrentHashMap.get(Ljava/lang/Object;)Ljava/lang/Object; @ 152 c2
Event: 6.058 Thread 0x000001bd63690800 Uncommon trap: reason=unstable_if action=reinterpret pc=0x000001bd72932b84 method=org.springframework.boot.context.properties.source.ConfigurationPropertyName.getElement(ILorg/springframework/boot/context/properties/source/ConfigurationPropertyName$Form;)
Event: 6.201 Thread 0x000001bd63690800 Uncommon trap: reason=unstable_if action=reinterpret pc=0x000001bd72a379b4 method=java.net.URL.<init>(Ljava/net/URL;Ljava/lang/String;Ljava/net/URLStreamHandler;)V @ 57 c2
Event: 6.201 Thread 0x000001bd63690800 Uncommon trap: reason=unstable_if action=reinterpret pc=0x000001bd72a43a58 method=java.net.URLStreamHandler.parseURL(Ljava/net/URL;Ljava/lang/String;II)V @ 57 c2
Event: 6.647 Thread 0x000001bd63690800 Uncommon trap: reason=unstable_if action=reinterpret pc=0x000001bd729521d8 method=sun.net.www.ParseUtil.firstEncodeIndex(Ljava/lang/String;)I @ 51 c2
Event: 6.762 Thread 0x000001bd63690800 Uncommon trap: reason=unstable_if action=reinterpret pc=0x000001bd72a3d570 method=java.util.jar.JarFile.getVersionedEntry(Ljava/lang/String;Ljava/util/jar/JarEntry;)Ljava/util/jar/JarEntry; @ 67 c2
Event: 6.766 Thread 0x000001bd63690800 Uncommon trap: reason=unstable_if action=reinterpret pc=0x000001bd72a2d5bc method=java.net.URI.match(CJJ)Z @ 45 c2
Event: 6.906 Thread 0x000001bd06186000 Uncommon trap: reason=unstable_if action=reinterpret pc=0x000001bd72a91194 method=java.util.Collections$SetFromMap.add(Ljava/lang/Object;)Z @ 13 c2
Event: 7.189 Thread 0x000001bd63690800 Uncommon trap: reason=unstable_if action=reinterpret pc=0x000001bd72a1cd18 method=java.util.HashMap$HashIterator.<init>(Ljava/util/HashMap;)V @ 45 c2

Classes redefined (0 events):
No events

Internal exceptions (10 events):
Event: 5.494 Thread 0x000001bd63690800 Exception <a 'java/lang/NoSuchMethodError'{0x0000000085657538}: java.lang.invoke.DirectMethodHandle$Holder.invokeStaticInit(Ljava/lang/Object;Ljava/lang/Object;IIII)Ljava/lang/Object;> (0x0000000085657538) thrown at [./open/src/hotspot/share/interpreter/l
Event: 5.684 Thread 0x000001bd63690800 Implicit null exception at 0x000001bd728ee674 to 0x000001bd728f029c
Event: 5.783 Thread 0x000001bd63690800 Exception <a 'java/io/FileNotFoundException'{0x0000000088e61708}> (0x0000000088e61708) thrown at [./open/src/hotspot/share/prims/jni.cpp, line 611]
Event: 5.784 Thread 0x000001bd63690800 Exception <a 'java/io/FileNotFoundException'{0x0000000088e62a80}> (0x0000000088e62a80) thrown at [./open/src/hotspot/share/prims/jni.cpp, line 611]
Event: 5.822 Thread 0x000001bd63690800 Exception <a 'java/lang/NoSuchMethodError'{0x0000000088c9b7b0}: java.lang.invoke.DirectMethodHandle$Holder.invokeInterface(Ljava/lang/Object;Ljava/lang/Object;Ljava/lang/Object;Ljava/lang/Object;)I> (0x0000000088c9b7b0) thrown at [./open/src/hotspot/share
Event: 5.960 Thread 0x000001bd63690800 Exception <a 'java/lang/NoSuchMethodError'{0x00000000888cc858}: java.lang.invoke.DirectMethodHandle$Holder.invokeVirtual(Ljava/lang/Object;Ljava/lang/Object;)J> (0x00000000888cc858) thrown at [./open/src/hotspot/share/interpreter/linkResolver.cpp, line 77
Event: 5.970 Thread 0x000001bd63690800 Exception <a 'java/io/FileNotFoundException'{0x00000000887297a0}> (0x00000000887297a0) thrown at [./open/src/hotspot/share/prims/jni.cpp, line 611]
Event: 6.753 Thread 0x000001bd63690800 Exception <a 'java/lang/NoSuchMethodError'{0x0000000085852380}: java.lang.invoke.DirectMethodHandle$Holder.newInvokeSpecial(Ljava/lang/Object;Ljava/lang/Object;Ljava/lang/Object;Ljava/lang/Object;I)Ljava/lang/Object;> (0x0000000085852380) thrown at [./ope
Event: 6.893 Thread 0x000001bd63690800 Exception <a 'java/lang/NoSuchMethodError'{0x0000000089508e28}: java.lang.invoke.DirectMethodHandle$Holder.invokeStaticInit(Ljava/lang/Object;Ljava/lang/Object;Ljava/lang/Object;Ljava/lang/Object;)Ljava/lang/Object;> (0x0000000089508e28) thrown at [./open
Event: 7.234 Thread 0x000001bd63690800 Exception <a 'java/lang/NoSuchMethodError'{0x000000008878e668}: java.lang.invoke.DirectMethodHandle$Holder.newInvokeSpecial(Ljava/lang/Object;Ljava/lang/Object;ILjava/lang/Object;Ljava/lang/Object;)Ljava/lang/Object;> (0x000000008878e668) thrown at [./ope

Events (10 events):
Event: 7.339 loading class org/hibernate/mapping/PersistentClass
Event: 7.339 loading class org/hibernate/mapping/PersistentClass done
Event: 7.339 loading class org/hibernate/mapping/PersistentClass
Event: 7.339 loading class org/hibernate/mapping/PersistentClass done
Event: 7.339 loading class org/hibernate/boot/spi/MetadataImplementor
Event: 7.339 loading class org/hibernate/boot/spi/MetadataImplementor done
Event: 7.339 loading class org/hibernate/mapping/PersistentClass
Event: 7.339 loading class org/hibernate/mapping/PersistentClass done
Event: 7.339 loading class org/hibernate/internal/SessionFactoryImpl
Event: 7.339 loading class org/hibernate/internal/SessionFactoryImpl done


Dynamic libraries:
0x00007ff6ef510000 - 0x00007ff6ef520000 	C:\Program Files\Java\jdk-11\bin\java.exe
0x00007fff81600000 - 0x00007fff81809000 	C:\WINDOWS\SYSTEM32\ntdll.dll
0x00007fff80150000 - 0x00007fff8020d000 	C:\WINDOWS\System32\KERNEL32.DLL
0x00007fff7f020000 - 0x00007fff7f3a4000 	C:\WINDOWS\System32\KERNELBASE.dll
0x00007fff7eb80000 - 0x00007fff7ec91000 	C:\WINDOWS\System32\ucrtbase.dll
0x00007fff7aa00000 - 0x00007fff7aa1b000 	C:\Program Files\Java\jdk-11\bin\VCRUNTIME140.dll
0x00007fff7aa20000 - 0x00007fff7aa39000 	C:\Program Files\Java\jdk-11\bin\jli.dll
0x00007fff802e0000 - 0x00007fff8038e000 	C:\WINDOWS\System32\ADVAPI32.dll
0x00007fff7f8d0000 - 0x00007fff7f973000 	C:\WINDOWS\System32\msvcrt.dll
0x00007fff7f600000 - 0x00007fff7f69e000 	C:\WINDOWS\System32\sechost.dll
0x00007fff812f0000 - 0x00007fff81411000 	C:\WINDOWS\System32\RPCRT4.dll
0x00007fff7f450000 - 0x00007fff7f5fd000 	C:\WINDOWS\System32\USER32.dll
0x00007fff7eff0000 - 0x00007fff7f016000 	C:\WINDOWS\System32\win32u.dll
0x00007fff80f10000 - 0x00007fff80f3a000 	C:\WINDOWS\System32\GDI32.dll
0x00007fff7ee10000 - 0x00007fff7ef2e000 	C:\WINDOWS\System32\gdi32full.dll
0x00007fff6ff40000 - 0x00007fff701e5000 	C:\WINDOWS\WinSxS\amd64_microsoft.windows.common-controls_6595b64144ccf1df_6.0.22000.120_none_9d947278b86cc467\COMCTL32.dll
0x00007fff7f3b0000 - 0x00007fff7f44d000 	C:\WINDOWS\System32\msvcp_win.dll
0x00007fff77670000 - 0x00007fff7767a000 	C:\WINDOWS\SYSTEM32\VERSION.dll
0x00007fff80110000 - 0x00007fff80141000 	C:\WINDOWS\System32\IMM32.DLL
0x00007fff7aac0000 - 0x00007fff7aacc000 	C:\Program Files\Java\jdk-11\bin\vcruntime140_1.dll
0x00007fff527a0000 - 0x00007fff5282e000 	C:\Program Files\Java\jdk-11\bin\msvcp140.dll
0x00007fff3f980000 - 0x00007fff404ed000 	C:\Program Files\Java\jdk-11\bin\server\jvm.dll
0x00007fff80f60000 - 0x00007fff80f68000 	C:\WINDOWS\System32\PSAPI.DLL
0x00007fff6de10000 - 0x00007fff6de19000 	C:\WINDOWS\SYSTEM32\WSOCK32.dll
0x00007fff78d80000 - 0x00007fff78db3000 	C:\WINDOWS\SYSTEM32\WINMM.dll
0x00007fff80410000 - 0x00007fff8047f000 	C:\WINDOWS\System32\WS2_32.dll
0x00007fff7db00000 - 0x00007fff7db18000 	C:\WINDOWS\SYSTEM32\kernel.appcore.dll
0x00007fff7a870000 - 0x00007fff7a880000 	C:\Program Files\Java\jdk-11\bin\verify.dll
0x00007fff7c6c0000 - 0x00007fff7c8e1000 	C:\WINDOWS\SYSTEM32\DBGHELP.DLL
0x00007fff68810000 - 0x00007fff68841000 	C:\WINDOWS\SYSTEM32\dbgcore.DLL
0x00007fff7eb00000 - 0x00007fff7eb7f000 	C:\WINDOWS\System32\bcryptPrimitives.dll
0x00007fff7a7f0000 - 0x00007fff7a818000 	C:\Program Files\Java\jdk-11\bin\java.dll
0x00007fff7a860000 - 0x00007fff7a86a000 	C:\Program Files\Java\jdk-11\bin\jimage.dll
0x00007fff5fa10000 - 0x00007fff5fa27000 	C:\Program Files\Java\jdk-11\bin\zip.dll
0x00007fff80740000 - 0x00007fff80f05000 	C:\WINDOWS\System32\SHELL32.dll
0x00007fff7cb60000 - 0x00007fff7d3c2000 	C:\WINDOWS\SYSTEM32\windows.storage.dll
0x00007fff80f70000 - 0x00007fff812e6000 	C:\WINDOWS\System32\combase.dll
0x00007fff7c9f0000 - 0x00007fff7cb57000 	C:\WINDOWS\SYSTEM32\wintypes.dll
0x00007fff7fb20000 - 0x00007fff7fc0a000 	C:\WINDOWS\System32\SHCORE.dll
0x00007fff80280000 - 0x00007fff802dd000 	C:\WINDOWS\System32\shlwapi.dll
0x00007fff7e9c0000 - 0x00007fff7e9e5000 	C:\WINDOWS\SYSTEM32\profapi.dll
0x00007fff5f0e0000 - 0x00007fff5f0f9000 	C:\Program Files\Java\jdk-11\bin\net.dll
0x00007fff78c60000 - 0x00007fff78d74000 	C:\WINDOWS\SYSTEM32\WINHTTP.dll
0x00007fff7e020000 - 0x00007fff7e087000 	C:\WINDOWS\system32\mswsock.dll
0x00007fff5e5d0000 - 0x00007fff5e5e2000 	C:\Program Files\Java\jdk-11\bin\nio.dll
0x00007fff7a560000 - 0x00007fff7a569000 	C:\Program Files\Java\jdk-11\bin\management.dll
0x00007fff7a550000 - 0x00007fff7a55b000 	C:\Program Files\Java\jdk-11\bin\management_ext.dll
0x00007fff6e390000 - 0x00007fff6e3a7000 	C:\WINDOWS\system32\napinsp.dll
0x00007fff68c20000 - 0x00007fff68c3b000 	C:\WINDOWS\system32\pnrpnsp.dll
0x00007fff7d650000 - 0x00007fff7d737000 	C:\WINDOWS\SYSTEM32\DNSAPI.dll
0x00007fff7d620000 - 0x00007fff7d64d000 	C:\WINDOWS\SYSTEM32\IPHLPAPI.DLL
0x00007fff80f50000 - 0x00007fff80f59000 	C:\WINDOWS\System32\NSI.dll
0x00007fff68bd0000 - 0x00007fff68be2000 	C:\WINDOWS\System32\winrnr.dll
0x00007fff68bb0000 - 0x00007fff68bc5000 	C:\WINDOWS\system32\wshbth.dll
0x00007fff68a70000 - 0x00007fff68a8f000 	C:\WINDOWS\system32\nlansp_c.dll
0x00007fff769a0000 - 0x00007fff769aa000 	C:\Windows\System32\rasadhlp.dll
0x00007fff77010000 - 0x00007fff77091000 	C:\WINDOWS\System32\fwpuclnt.dll
0x00007fff7e2a0000 - 0x00007fff7e2b8000 	C:\WINDOWS\SYSTEM32\CRYPTSP.dll
0x00007fff7da60000 - 0x00007fff7da95000 	C:\WINDOWS\system32\rsaenh.dll
0x00007fff7e140000 - 0x00007fff7e16c000 	C:\WINDOWS\SYSTEM32\USERENV.dll
0x00007fff7e460000 - 0x00007fff7e487000 	C:\WINDOWS\SYSTEM32\bcrypt.dll
0x00007fff7e290000 - 0x00007fff7e29c000 	C:\WINDOWS\SYSTEM32\CRYPTBASE.dll
0x00007fff79260000 - 0x00007fff79279000 	C:\WINDOWS\SYSTEM32\dhcpcsvc6.DLL
0x00007fff7a0a0000 - 0x00007fff7a0be000 	C:\WINDOWS\SYSTEM32\dhcpcsvc.DLL
0x00007fff684d0000 - 0x00007fff684de000 	C:\Program Files\Java\jdk-11\bin\sunmscapi.dll
0x00007fff7eca0000 - 0x00007fff7ee02000 	C:\WINDOWS\System32\CRYPT32.dll
0x00007fff7e430000 - 0x00007fff7e458000 	C:\WINDOWS\SYSTEM32\ncrypt.dll
0x00007fff7e3f0000 - 0x00007fff7e427000 	C:\WINDOWS\SYSTEM32\NTASN1.dll
0x00007fff79e10000 - 0x00007fff79e37000 	C:\Program Files\Java\jdk-11\bin\sunec.dll

dbghelp: loaded successfully - version: 4.0.5 - missing functions: none
symbol engine: initialized successfully - sym options: 0x614 - pdb path: .;C:\Program Files\Java\jdk-11\bin;C:\WINDOWS\SYSTEM32;C:\WINDOWS\WinSxS\amd64_microsoft.windows.common-controls_6595b64144ccf1df_6.0.22000.120_none_9d947278b86cc467;C:\Program Files\Java\jdk-11\bin\server

VM Arguments:
jvm_args: -Dfile.encoding=x-windows-949 -Duser.country=KR -Duser.language=ko -Duser.variant 
java_command: com.example.Volunteer.VolunteerApplication
java_class_path (initial): D:\Volunteer\Volunteer\build\classes\java\main;D:\Volunteer\Volunteer\build\resources\main;C:\Users\LG\.gradle\caches\modules-2\files-2.1\com.google.code.gson\gson\2.8.8\431fc3cbc0ff81abdbfde070062741089c3ba874\gson-2.8.8.jar;C:\Users\LG\.gradle\caches\modules-2\files-2.1\org.springframework.boot\spring-boot-starter-data-jpa\2.7.16\3438c32d28bb5d31b6ad45f1b7c8cbbd9cba5b4e\spring-boot-starter-data-jpa-2.7.16.jar;C:\Users\LG\.gradle\caches\modules-2\files-2.1\org.springframework.boot\spring-boot-starter-web\2.7.16\f6e4e226b0c9c1cf36c17c04262c702c6a0bad99\spring-boot-starter-web-2.7.16.jar;C:\Users\LG\.gradle\caches\modules-2\files-2.1\org.springframework.boot\spring-boot-starter-security\2.7.16\1f08cec142ab23f30e42d68c5f60c7332943b77b\spring-boot-starter-security-2.7.16.jar;C:\Users\LG\.gradle\caches\modules-2\files-2.1\io.jsonwebtoken\jjwt\0.9.1\54d2abfc3e63a28824d35bf600d6a5d627da681a\jjwt-0.9.1.jar;C:\Users\LG\.gradle\caches\modules-2\files-2.1\org.mariadb.jdbc\mariadb-java-client\3.1.4\7f66d1f5afcacdb11ba34d2614933a206afbcff2\mariadb-java-client-3.1.4.jar;C:\Users\LG\.gradle\caches\modules-2\files-2.1\org.springframework.boot\spring-boot-starter-aop\2.7.16\dba25addac3d8adc9bf2c925bc9ed167404f8a72\spring-boot-starter-aop-2.7.16.jar;C:\Users\LG\.gradle\caches\modules-2\files-2.1\org.springframework.boot\spring-boot-starter-jdbc\2.7.16\eac83a43d8221c80730a1622e3467dda12487ccd\spring-boot-starter-jdbc-2.7.16.jar;C:\Users\LG\.gradle\caches\modules-2\files-2.1\jakarta.transaction\jakarta.transaction-api\1.3.3\c4179d48720a1e87202115fbed6089bdc4195405\jakarta.transaction-api-1.3.3.jar;C:\Users\LG\.gradle\caches\modules-2\files-2.1\jakarta.persistence\jakarta.persistence-api\2.2.3\8f6ea5daedc614f07a3654a455660145286f024e\jakarta.persistence-api-2.2.3.jar;C:\Users\LG\.gradle\caches\modules-2\files-2.1\org.hibernate\hibernate-core\5.6.15.Final\ab14b7cef1fdff654ca81923048a6034d6c7cfa7\hibernate-core-5.6.15.Final.jar;C:\Users\LG\.gradle\caches\modu
Launcher Type: SUN_STANDARD

[Global flags]
     intx CICompilerCount                          = 4                                         {product} {ergonomic}
     uint ConcGCThreads                            = 2                                         {product} {ergonomic}
     uint G1ConcRefinementThreads                  = 8                                         {product} {ergonomic}
   size_t G1HeapRegionSize                         = 1048576                                   {product} {ergonomic}
    uintx GCDrainStackTargetSize                   = 64                                        {product} {ergonomic}
   size_t InitialHeapSize                          = 134217728                                 {product} {ergonomic}
   size_t MarkStackSize                            = 4194304                                   {product} {ergonomic}
   size_t MaxHeapSize                              = 2124414976                                {product} {ergonomic}
   size_t MaxNewSize                               = 1274019840                                {product} {ergonomic}
   size_t MinHeapDeltaBytes                        = 1048576                                   {product} {ergonomic}
    uintx NonNMethodCodeHeapSize                   = 5836300                                {pd product} {ergonomic}
    uintx NonProfiledCodeHeapSize                  = 122910970                              {pd product} {ergonomic}
    uintx ProfiledCodeHeapSize                     = 122910970                              {pd product} {ergonomic}
    uintx ReservedCodeCacheSize                    = 251658240                              {pd product} {ergonomic}
     bool SegmentedCodeCache                       = true                                      {product} {ergonomic}
     bool UseCompressedClassPointers               = true                                 {lp64_product} {ergonomic}
     bool UseCompressedOops                        = true                                 {lp64_product} {ergonomic}
     bool UseG1GC                                  = true                                      {product} {ergonomic}
     bool UseLargePagesIndividualAllocation        = false                                  {pd product} {ergonomic}

Logging:
Log output configuration:
 #0: stdout all=warning uptime,level,tags
 #1: stderr all=off uptime,level,tags

Environment Variables:
JAVA_HOME=C:\jdk-11.0.2
CLASSPATH=C:\jdk-11.0.2\lib
PATH=C:\jdk-11.0.2\bin;C:\jdk-11.0.2;C:\Program Files\Eclipse Adoptium\jdk-8.0.382.5-hotspot\bin;C:\oraclexe\app\oracle\product\10.2.0\server\bin;C:\Program Files (x86)\Common Files\Oracle\Java\javapath;C:\Program Files (x86)\Intel\iCLS Client\;C:\Program Files\Intel\iCLS Client\;C:\windows\system32;C:\windows;C:\windows\System32\Wbem;C:\windows\System32\WindowsPowerShell\v1.0\;C:\Program Files (x86)\Intel\Intel(R) Management Engine Components\DAL;C:\Program Files\Intel\Intel(R) Management Engine Components\DAL;C:\Program Files (x86)\Intel\Intel(R) Management Engine Components\IPT;C:\Program Files\Intel\Intel(R) Management Engine Components\IPT;C:\Program Files\Intel\WiFi\bin\;C:\Program Files\Common Files\Intel\WirelessCommon\;C:\Program Files (x86)\NVIDIA Corporation\PhysX\Common;C:\Program Files (x86)\Skype\Phone\;C:\WINDOWS\system32;C:\WINDOWS;C:\WINDOWS\System32\Wbem;C:\WINDOWS\System32\WindowsPowerShell\v1.0\;C:\WINDOWS\System32\OpenSSH\;C:\Program Files\nodejs\;D:\openssl-0.9.8e_X64\bin;C:\ProgramData\chocolatey\bin;C:\ProgramData\chocolatey\lib\maven\apache-maven-3.9.4\bin;C:\Program Files\Git\cmd;C:\Program Files\MariaDB 10.11\bin;D:\Scripts\;D:\;C:\Users\LG\AppData\Local\Microsoft\WindowsApps;C:\Users\LG\AppData\Local\afreeca;C:\altera\13.1\modelsim_ase\win32aloem;D:\PyCharm Community Edition 2022.1.3\bin;;C:\Users\LG\AppData\Local\Programs\Microsoft VS Code\bin;C:\Users\LG\AppData\Roaming\npm;C:\Program Files\Java\jdk-1.8\bin;D:\IntelliJ IDEA Community Edition 2023.1.3\bin;;
USERNAME=LG
OS=Windows_NT
PROCESSOR_IDENTIFIER=Intel64 Family 6 Model 142 Stepping 10, GenuineIntel



---------------  S Y S T E M  ---------------

OS: Windows 11 , 64 bit Build 22000 (10.0.22000.2538)

CPU:total 8 (initial active 8) (4 cores per cpu, 2 threads per core) family 6 model 142 stepping 10 microcode 0xe0, cmov, cx8, fxsr, mmx, sse, sse2, sse3, ssse3, sse4.1, sse4.2, popcnt, avx, avx2, aes, clmul, erms, 3dnowpref, lzcnt, ht, tsc, tscinvbit, bmi1, bmi2, adx, fma

Memory: 4k page, system-wide physical 8101M (828M free)
TotalPageFile size 16293M (AvailPageFile size 5M)
current process WorkingSet (physical memory assigned to process): 260M, peak: 261M
current process commit charge ("private bytes"): 335M, peak: 335M

vm_info: Java HotSpot(TM) 64-Bit Server VM (11.0.20+9-LTS-256) for windows-amd64 JRE (11.0.20+9-LTS-256), built on Jun 14 2023 10:34:22 by "mach5one" with MS VC++ 17.1 (VS2022)

END.
