#
# There is insufficient memory for the Java Runtime Environment to continue.
# Native memory allocation (malloc) failed to allocate 32744 bytes for ChunkPool::allocate
# Possible reasons:
#   The system is out of physical RAM or swap space
#   The process is running with CompressedOops enabled, and the Java Heap may be blocking the growth of the native heap
# Possible solutions:
#   Reduce memory load on the system
#   Increase physical memory or swap space
#   Check if swap backing store is full
#   Decrease Java heap size (-Xmx/-Xms)
#   Decrease number of Java threads
#   Decrease Java thread stack sizes (-Xss)
#   Set larger code cache with -XX:ReservedCodeCacheSize=
#   JVM is running with Unscaled Compressed Oops mode in which the Java heap is
#     placed in the first 4GB address space. The Java Heap base address is the
#     maximum limit for the native heap growth. Please use -XX:HeapBaseMinAddress
#     to set the Java Heap base and to place the Java Heap above 4GB virtual address.
# This output file may be truncated or incomplete.
#
#  Out of Memory Error (./open/src/hotspot/share/memory/arena.cpp:81), pid=33260, tid=44904
#
# JRE version: Java(TM) SE Runtime Environment 18.9 (11.0.20+9) (build 11.0.20+9-LTS-256)
# Java VM: Java HotSpot(TM) 64-Bit Server VM 18.9 (11.0.20+9-LTS-256, mixed mode, tiered, compressed oops, g1 gc, windows-amd64)
# No core dump will be written. Minidumps are not enabled by default on client versions of Windows
#

---------------  S U M M A R Y ------------

Command Line: --add-opens=java.base/java.util=ALL-UNNAMED --add-opens=java.base/java.lang=ALL-UNNAMED --add-opens=java.base/java.lang.invoke=ALL-UNNAMED --add-opens=java.prefs/java.util.prefs=ALL-UNNAMED --add-opens=java.base/java.nio.charset=ALL-UNNAMED --add-opens=java.base/java.net=ALL-UNNAMED --add-opens=java.base/java.util.concurrent.atomic=ALL-UNNAMED -XX:MaxMetaspaceSize=384m -XX:+HeapDumpOnOutOfMemoryError -Xms256m -Xmx512m -Dfile.encoding=x-windows-949 -Duser.country=KR -Duser.language=ko -Duser.variant -javaagent:C:\Users\LG\.gradle\wrapper\dists\gradle-8.2.1-bin\5hap6b9n41hkg4jeh2au2pllh\gradle-8.2.1\lib\agents\gradle-instrumentation-agent-8.2.1.jar org.gradle.launcher.daemon.bootstrap.GradleDaemon 8.2.1

Host: Intel(R) Core(TM) i5-8250U CPU @ 1.60GHz, 8 cores, 7G,  Windows 11 , 64 bit Build 22000 (10.0.22000.2538)
Time: Thu Nov 16 20:18:20 2023  Windows 11 , 64 bit Build 22000 (10.0.22000.2538) elapsed time: 123.891672 seconds (0d 0h 2m 3s)

---------------  T H R E A D  ---------------

Current thread (0x000001e65e4f1000):  JavaThread "C2 CompilerThread0" daemon [_thread_in_native, id=44904, stack(0x000000b1f7900000,0x000000b1f7a00000)]


Current CompileTask:
C2: 123891 10628       4       java.lang.String$CaseInsensitiveComparator::compare (68 bytes)

Stack: [0x000000b1f7900000,0x000000b1f7a00000]
Native frames: (J=compiled Java code, j=interpreted, Vv=VM code, C=native code)
V  [jvm.dll+0x6602ba]
V  [jvm.dll+0x7a32af]
V  [jvm.dll+0x7a4979]
V  [jvm.dll+0x7a5013]
V  [jvm.dll+0x258ef5]
V  [jvm.dll+0xb2c7f]
V  [jvm.dll+0xb2fcc]
V  [jvm.dll+0xb2b24]
V  [jvm.dll+0x63fbaf]
V  [jvm.dll+0x69097b]
V  [jvm.dll+0x1a2c40]
V  [jvm.dll+0x211d4d]
V  [jvm.dll+0x210bc8]
V  [jvm.dll+0x18cdb1]
V  [jvm.dll+0x220e59]
V  [jvm.dll+0x21f17c]
V  [jvm.dll+0x767061]
V  [jvm.dll+0x75f8e4]
V  [jvm.dll+0x65f165]
C  [ucrtbase.dll+0x26c0c]
C  [KERNEL32.DLL+0x153e0]
C  [ntdll.dll+0x485b]


---------------  P R O C E S S  ---------------

Threads class SMR info:
_java_thread_list=0x000001e65fae12c0, length=137, elements={
0x000001e643457800, 0x000001e65dbd2000, 0x000001e65dbdb000, 0x000001e65e4e9000,
0x000001e65e4eb000, 0x000001e65e4ee000, 0x000001e65e4f1000, 0x000001e65e4f2800,
0x000001e65e4f4800, 0x000001e65e66b800, 0x000001e661584800, 0x000001e65e661800,
0x000001e65f6da000, 0x000001e661139800, 0x000001e6602f9800, 0x000001e660473000,
0x000001e660473800, 0x000001e65ffa1800, 0x000001e66111f800, 0x000001e661812000,
0x000001e661814000, 0x000001e661812800, 0x000001e661810000, 0x000001e661815000,
0x000001e661811000, 0x000001e661816800, 0x000001e661813800, 0x000001e661816000,
0x000001e66181b800, 0x000001e66181e000, 0x000001e66181c000, 0x000001e66181d000,
0x000001e661818000, 0x000001e66181a000, 0x000001e66181a800, 0x000001e6643da800,
0x000001e6643db800, 0x000001e6643da000, 0x000001e6643d8000, 0x000001e6643dc800,
0x000001e6643d6800, 0x000001e6643dd000, 0x000001e6643d7800, 0x000001e6643de000,
0x000001e6643df000, 0x000001e6643d9000, 0x000001e6643e1000, 0x000001e6643e3000,
0x000001e6643df800, 0x000001e6643e5800, 0x000001e6643e3800, 0x000001e6643e2000,
0x000001e6643e0800, 0x000001e665898000, 0x000001e66589b000, 0x000001e665896000,
0x000001e66589c000, 0x000001e665899800, 0x000001e66589d000, 0x000001e665897000,
0x000001e66589a800, 0x000001e66589d800, 0x000001e66589e800, 0x000001e665898800,
0x000001e6658a0000, 0x000001e6658a2800, 0x000001e6658a5000, 0x000001e66589f000,
0x000001e6658a3800, 0x000001e6658a1000, 0x000001e6658a1800, 0x000001e6658a4000,
0x000001e666416000, 0x000001e666417800, 0x000001e666413800, 0x000001e666414800,
0x000001e666418800, 0x000001e666413000, 0x000001e666417000, 0x000001e66641b000,
0x000001e666419800, 0x000001e66641a000, 0x000001e666415000, 0x000001e66641e000,
0x000001e66641f000, 0x000001e66641d800, 0x000001e666420000, 0x000001e666420800,
0x000001e666421800, 0x000001e66641c800, 0x000001e66641c000, 0x000001e6665c4000,
0x000001e6665c4800, 0x000001e6665c1800, 0x000001e6665c3000, 0x000001e6665c0800,
0x000001e6665bf000, 0x000001e6665c2000, 0x000001e6665c5800, 0x000001e6665bf800,
0x000001e6665cc000, 0x000001e6665c6800, 0x000001e6665c8000, 0x000001e6665c8800,
0x000001e6665c9800, 0x000001e6665ca800, 0x000001e6665cb000, 0x000001e6665cd000,
0x000001e6665c7000, 0x000001e6665cd800, 0x000001e665f35000, 0x000001e665f36000,
0x000001e665f31000, 0x000001e665f33800, 0x000001e665f37800, 0x000001e665f34800,
0x000001e665f32800, 0x000001e665f37000, 0x000001e665f32000, 0x000001e661a7c800,
0x000001e661a7f000, 0x000001e661a7d000, 0x000001e661a81000, 0x000001e661a82000,
0x000001e661a7f800, 0x000001e661a83800, 0x000001e661a80800, 0x000001e661a7e000,
0x000001e661a83000, 0x000001e661a86000, 0x000001e661a88800, 0x000001e661a89800,
0x000001e661a87000, 0x000001e661a8a000, 0x000001e661a85800, 0x000001e661a84800,
0x000001e661a8b000
}

Java Threads: ( => current thread )
  0x000001e643457800 JavaThread "main" [_thread_blocked, id=46696, stack(0x000000b1f6d00000,0x000000b1f6e00000)]
  0x000001e65dbd2000 JavaThread "Reference Handler" daemon [_thread_blocked, id=26760, stack(0x000000b1f7400000,0x000000b1f7500000)]
  0x000001e65dbdb000 JavaThread "Finalizer" daemon [_thread_blocked, id=33456, stack(0x000000b1f7500000,0x000000b1f7600000)]
  0x000001e65e4e9000 JavaThread "Signal Dispatcher" daemon [_thread_blocked, id=47644, stack(0x000000b1f7600000,0x000000b1f7700000)]
  0x000001e65e4eb000 JavaThread "Attach Listener" daemon [_thread_blocked, id=23808, stack(0x000000b1f7700000,0x000000b1f7800000)]
  0x000001e65e4ee000 JavaThread "Service Thread" daemon [_thread_blocked, id=40072, stack(0x000000b1f7800000,0x000000b1f7900000)]
=>0x000001e65e4f1000 JavaThread "C2 CompilerThread0" daemon [_thread_in_native, id=44904, stack(0x000000b1f7900000,0x000000b1f7a00000)]
  0x000001e65e4f2800 JavaThread "C1 CompilerThread0" daemon [_thread_blocked, id=43012, stack(0x000000b1f7a00000,0x000000b1f7b00000)]
  0x000001e65e4f4800 JavaThread "Sweeper thread" daemon [_thread_blocked, id=47624, stack(0x000000b1f7b00000,0x000000b1f7c00000)]
  0x000001e65e66b800 JavaThread "Common-Cleaner" daemon [_thread_blocked, id=47596, stack(0x000000b1f7c00000,0x000000b1f7d00000)]
  0x000001e661584800 JavaThread "Daemon health stats" [_thread_blocked, id=43640, stack(0x000000b1f8500000,0x000000b1f8600000)]
  0x000001e65e661800 JavaThread "Incoming local TCP Connector on port 13688" [_thread_in_native, id=45444, stack(0x000000b1f7d00000,0x000000b1f7e00000)]
  0x000001e65f6da000 JavaThread "Daemon periodic checks" [_thread_blocked, id=47088, stack(0x000000b1f8400000,0x000000b1f8500000)]
  0x000001e661139800 JavaThread "Daemon" [_thread_blocked, id=49900, stack(0x000000b1f8600000,0x000000b1f8700000)]
  0x000001e6602f9800 JavaThread "Handler for socket connection from /127.0.0.1:13688 to /127.0.0.1:13689" [_thread_in_native, id=47000, stack(0x000000b1f8700000,0x000000b1f8800000)]
  0x000001e660473000 JavaThread "Cancel handler" [_thread_blocked, id=45208, stack(0x000000b1f8800000,0x000000b1f8900000)]
  0x000001e660473800 JavaThread "Daemon worker" [_thread_blocked, id=47408, stack(0x000000b1f8900000,0x000000b1f8a00000)]
  0x000001e65ffa1800 JavaThread "Asynchronous log dispatcher for DefaultDaemonConnection: socket connection from /127.0.0.1:13688 to /127.0.0.1:13689" [_thread_blocked, id=47444, stack(0x000000b1f8a00000,0x000000b1f8b00000)]
  0x000001e66111f800 JavaThread "Stdin handler" [_thread_blocked, id=44056, stack(0x000000b1f8b00000,0x000000b1f8c00000)]
  0x000001e661812000 JavaThread "Daemon client event forwarder" [_thread_blocked, id=49020, stack(0x000000b1f8c00000,0x000000b1f8d00000)]
  0x000001e661814000 JavaThread "Cache worker for journal cache (C:\Users\LG\.gradle\caches\journal-1)" [_thread_blocked, id=49436, stack(0x000000b1f9000000,0x000000b1f9100000)]
  0x000001e661812800 JavaThread "File lock request listener" [_thread_in_native, id=43952, stack(0x000000b1f9100000,0x000000b1f9200000)]
  0x000001e661810000 JavaThread "Cache worker for file hash cache (C:\Users\LG\.gradle\caches\8.2.1\fileHashes)" [_thread_blocked, id=45344, stack(0x000000b1f9300000,0x000000b1f9400000)]
  0x000001e661815000 JavaThread "File watcher server" daemon [_thread_in_native, id=15148, stack(0x000000b1f9500000,0x000000b1f9600000)]
  0x000001e661811000 JavaThread "File watcher consumer" daemon [_thread_blocked, id=46816, stack(0x000000b1f9600000,0x000000b1f9700000)]
  0x000001e661816800 JavaThread "Cache worker for checksums cache (D:\Volunteer\Volunteer\.gradle\8.2.1\checksums)" [_thread_blocked, id=48600, stack(0x000000b1f9700000,0x000000b1f9800000)]
  0x000001e661813800 JavaThread "Cache worker for cache directory md-rule (C:\Users\LG\.gradle\caches\8.2.1\md-rule)" [_thread_blocked, id=41048, stack(0x000000b1f9800000,0x000000b1f9900000)]
  0x000001e661816000 JavaThread "Cache worker for file content cache (C:\Users\LG\.gradle\caches\8.2.1\fileContent)" [_thread_blocked, id=34976, stack(0x000000b1f9900000,0x000000b1f9a00000)]
  0x000001e66181b800 JavaThread "Cache worker for file hash cache (D:\Volunteer\Volunteer\.gradle\8.2.1\fileHashes)" [_thread_blocked, id=38952, stack(0x000000b1f9a00000,0x000000b1f9b00000)]
  0x000001e66181e000 JavaThread "Cache worker for cache directory md-supplier (C:\Users\LG\.gradle\caches\8.2.1\md-supplier)" [_thread_blocked, id=45340, stack(0x000000b1f9b00000,0x000000b1f9c00000)]
  0x000001e66181c000 JavaThread "Cache worker for execution history cache (C:\Users\LG\.gradle\caches\8.2.1\executionHistory)" [_thread_blocked, id=22640, stack(0x000000b1f9c00000,0x000000b1f9d00000)]
  0x000001e66181d000 JavaThread "jar transforms" [_thread_blocked, id=49652, stack(0x000000b1f9200000,0x000000b1f9300000)]
  0x000001e661818000 JavaThread "jar transforms Thread 2" [_thread_blocked, id=41096, stack(0x000000b1f9400000,0x000000b1f9500000)]
  0x000001e66181a000 JavaThread "jar transforms Thread 3" [_thread_blocked, id=47316, stack(0x000000b1f9f00000,0x000000b1fa000000)]
  0x000001e66181a800 JavaThread "jar transforms Thread 4" [_thread_blocked, id=49364, stack(0x000000b1fa000000,0x000000b1fa100000)]
  0x000001e6643da800 JavaThread "jar transforms Thread 5" [_thread_blocked, id=35468, stack(0x000000b1fa100000,0x000000b1fa200000)]
  0x000001e6643db800 JavaThread "jar transforms Thread 6" [_thread_blocked, id=44840, stack(0x000000b1fa200000,0x000000b1fa300000)]
  0x000001e6643da000 JavaThread "jar transforms Thread 7" [_thread_blocked, id=38488, stack(0x000000b1fa300000,0x000000b1fa400000)]
  0x000001e6643d8000 JavaThread "jar transforms Thread 8" [_thread_blocked, id=46840, stack(0x000000b1fa400000,0x000000b1fa500000)]
  0x000001e6643dc800 JavaThread "Cache worker for dependencies-accessors (D:\Volunteer\Volunteer\.gradle\8.2.1\dependencies-accessors)" [_thread_blocked, id=15708, stack(0x000000b1fa500000,0x000000b1fa600000)]
  0x000001e6643d6800 JavaThread "Cache worker for Build Output Cleanup Cache (D:\Volunteer\Volunteer\.gradle\buildOutputCleanup)" [_thread_blocked, id=15820, stack(0x000000b1fa600000,0x000000b1fa700000)]
  0x000001e6643dd000 JavaThread "Unconstrained build operations" [_thread_blocked, id=35040, stack(0x000000b1fa700000,0x000000b1fa800000)]
  0x000001e6643d7800 JavaThread "Unconstrained build operations Thread 2" [_thread_blocked, id=38948, stack(0x000000b1fa800000,0x000000b1fa900000)]
  0x000001e6643de000 JavaThread "Unconstrained build operations Thread 3" [_thread_blocked, id=8552, stack(0x000000b1fa900000,0x000000b1faa00000)]
  0x000001e6643df000 JavaThread "Unconstrained build operations Thread 4" [_thread_blocked, id=40428, stack(0x000000b1faa00000,0x000000b1fab00000)]
  0x000001e6643d9000 JavaThread "Unconstrained build operations Thread 5" [_thread_blocked, id=38120, stack(0x000000b1fab00000,0x000000b1fac00000)]
  0x000001e6643e1000 JavaThread "Unconstrained build operations Thread 6" [_thread_blocked, id=13756, stack(0x000000b1fac00000,0x000000b1fad00000)]
  0x000001e6643e3000 JavaThread "Unconstrained build operations Thread 7" [_thread_blocked, id=47936, stack(0x000000b1fad00000,0x000000b1fae00000)]
  0x000001e6643df800 JavaThread "Memory manager" [_thread_blocked, id=24364, stack(0x000000b1fae00000,0x000000b1faf00000)]
  0x000001e6643e5800 JavaThread "included builds" [_thread_blocked, id=48168, stack(0x000000b1faf00000,0x000000b1fb000000)]
  0x000001e6643e3800 JavaThread "Execution worker" [_thread_blocked, id=46792, stack(0x000000b1fb000000,0x000000b1fb100000)]
  0x000001e6643e2000 JavaThread "Execution worker Thread 2" [_thread_blocked, id=8900, stack(0x000000b1fb100000,0x000000b1fb200000)]
  0x000001e6643e0800 JavaThread "Execution worker Thread 3" [_thread_blocked, id=42408, stack(0x000000b1fb200000,0x000000b1fb300000)]
  0x000001e665898000 JavaThread "Execution worker Thread 4" [_thread_blocked, id=14288, stack(0x000000b1fb300000,0x000000b1fb400000)]
  0x000001e66589b000 JavaThread "Execution worker Thread 5" [_thread_blocked, id=41900, stack(0x000000b1fb400000,0x000000b1fb500000)]
  0x000001e665896000 JavaThread "Execution worker Thread 6" [_thread_blocked, id=40480, stack(0x000000b1fb500000,0x000000b1fb600000)]
  0x000001e66589c000 JavaThread "Execution worker Thread 7" [_thread_blocked, id=47020, stack(0x000000b1fb600000,0x000000b1fb700000)]
  0x000001e665899800 JavaThread "Cache worker for execution history cache (D:\Volunteer\Volunteer\.gradle\8.2.1\executionHistory)" [_thread_blocked, id=40244, stack(0x000000b1fb700000,0x000000b1fb800000)]
  0x000001e66589d000 JavaThread "Unconstrained build operations Thread 8" [_thread_blocked, id=43532, stack(0x000000b1f9e00000,0x000000b1f9f00000)]
  0x000001e665897000 JavaThread "Unconstrained build operations Thread 9" [_thread_blocked, id=35900, stack(0x000000b1fb800000,0x000000b1fb900000)]
  0x000001e66589a800 JavaThread "Unconstrained build operations Thread 10" [_thread_blocked, id=47084, stack(0x000000b1fb900000,0x000000b1fba00000)]
  0x000001e66589d800 JavaThread "Unconstrained build operations Thread 11" [_thread_blocked, id=42176, stack(0x000000b1fba00000,0x000000b1fbb00000)]
  0x000001e66589e800 JavaThread "Unconstrained build operations Thread 12" [_thread_blocked, id=39676, stack(0x000000b1fbb00000,0x000000b1fbc00000)]
  0x000001e665898800 JavaThread "Unconstrained build operations Thread 13" [_thread_blocked, id=20680, stack(0x000000b1fbc00000,0x000000b1fbd00000)]
  0x000001e6658a0000 JavaThread "Unconstrained build operations Thread 14" [_thread_blocked, id=40108, stack(0x000000b1fbd00000,0x000000b1fbe00000)]
  0x000001e6658a2800 JavaThread "Unconstrained build operations Thread 15" [_thread_blocked, id=36216, stack(0x000000b1fbe00000,0x000000b1fbf00000)]
  0x000001e6658a5000 JavaThread "Unconstrained build operations Thread 16" [_thread_blocked, id=31240, stack(0x000000b1fbf00000,0x000000b1fc000000)]
  0x000001e66589f000 JavaThread "Unconstrained build operations Thread 17" [_thread_blocked, id=42776, stack(0x000000b1fc000000,0x000000b1fc100000)]
  0x000001e6658a3800 JavaThread "Unconstrained build operations Thread 18" [_thread_blocked, id=45492, stack(0x000000b1fc100000,0x000000b1fc200000)]
  0x000001e6658a1000 JavaThread "Unconstrained build operations Thread 19" [_thread_blocked, id=39140, stack(0x000000b1fc200000,0x000000b1fc300000)]
  0x000001e6658a1800 JavaThread "Unconstrained build operations Thread 20" [_thread_blocked, id=28540, stack(0x000000b1fc300000,0x000000b1fc400000)]
  0x000001e6658a4000 JavaThread "Unconstrained build operations Thread 21" [_thread_blocked, id=39464, stack(0x000000b1fc400000,0x000000b1fc500000)]
  0x000001e666416000 JavaThread "Unconstrained build operations Thread 22" [_thread_blocked, id=25616, stack(0x000000b1fc500000,0x000000b1fc600000)]
  0x000001e666417800 JavaThread "Unconstrained build operations Thread 23" [_thread_blocked, id=39236, stack(0x000000b1fc600000,0x000000b1fc700000)]
  0x000001e666413800 JavaThread "Unconstrained build operations Thread 24" [_thread_blocked, id=46116, stack(0x000000b1fc700000,0x000000b1fc800000)]
  0x000001e666414800 JavaThread "Unconstrained build operations Thread 25" [_thread_blocked, id=11404, stack(0x000000b1fc800000,0x000000b1fc900000)]
  0x000001e666418800 JavaThread "Unconstrained build operations Thread 26" [_thread_blocked, id=42528, stack(0x000000b1fc900000,0x000000b1fca00000)]
  0x000001e666413000 JavaThread "Unconstrained build operations Thread 27" [_thread_blocked, id=39996, stack(0x000000b1fca00000,0x000000b1fcb00000)]
  0x000001e666417000 JavaThread "Unconstrained build operations Thread 28" [_thread_blocked, id=11828, stack(0x000000b1fcb00000,0x000000b1fcc00000)]
  0x000001e66641b000 JavaThread "Unconstrained build operations Thread 29" [_thread_blocked, id=47676, stack(0x000000b1fcc00000,0x000000b1fcd00000)]
  0x000001e666419800 JavaThread "Unconstrained build operations Thread 30" [_thread_blocked, id=40028, stack(0x000000b1fcd00000,0x000000b1fce00000)]
  0x000001e66641a000 JavaThread "Unconstrained build operations Thread 31" [_thread_blocked, id=20692, stack(0x000000b1fce00000,0x000000b1fcf00000)]
  0x000001e666415000 JavaThread "Unconstrained build operations Thread 32" [_thread_blocked, id=20188, stack(0x000000b1fcf00000,0x000000b1fd000000)]
  0x000001e66641e000 JavaThread "Unconstrained build operations Thread 33" [_thread_blocked, id=16860, stack(0x000000b1fd000000,0x000000b1fd100000)]
  0x000001e66641f000 JavaThread "Unconstrained build operations Thread 34" [_thread_blocked, id=40424, stack(0x000000b1fd100000,0x000000b1fd200000)]
  0x000001e66641d800 JavaThread "Unconstrained build operations Thread 35" [_thread_blocked, id=49248, stack(0x000000b1fd200000,0x000000b1fd300000)]
  0x000001e666420000 JavaThread "Unconstrained build operations Thread 36" [_thread_blocked, id=25228, stack(0x000000b1fd300000,0x000000b1fd400000)]
  0x000001e666420800 JavaThread "Unconstrained build operations Thread 37" [_thread_blocked, id=16416, stack(0x000000b1fd400000,0x000000b1fd500000)]
  0x000001e666421800 JavaThread "Unconstrained build operations Thread 38" [_thread_blocked, id=30100, stack(0x000000b1fd500000,0x000000b1fd600000)]
  0x000001e66641c800 JavaThread "Unconstrained build operations Thread 39" [_thread_blocked, id=36612, stack(0x000000b1fd600000,0x000000b1fd700000)]
  0x000001e66641c000 JavaThread "Unconstrained build operations Thread 40" [_thread_blocked, id=43984, stack(0x000000b1fd700000,0x000000b1fd800000)]
  0x000001e6665c4000 JavaThread "Unconstrained build operations Thread 41" [_thread_blocked, id=46348, stack(0x000000b1fd800000,0x000000b1fd900000)]
  0x000001e6665c4800 JavaThread "Unconstrained build operations Thread 42" [_thread_blocked, id=42056, stack(0x000000b1fd900000,0x000000b1fda00000)]
  0x000001e6665c1800 JavaThread "Unconstrained build operations Thread 43" [_thread_blocked, id=14076, stack(0x000000b1fda00000,0x000000b1fdb00000)]
  0x000001e6665c3000 JavaThread "Unconstrained build operations Thread 44" [_thread_blocked, id=48732, stack(0x000000b1fdb00000,0x000000b1fdc00000)]
  0x000001e6665c0800 JavaThread "Unconstrained build operations Thread 45" [_thread_blocked, id=45564, stack(0x000000b1fdc00000,0x000000b1fdd00000)]
  0x000001e6665bf000 JavaThread "Unconstrained build operations Thread 46" [_thread_blocked, id=48084, stack(0x000000b1fdd00000,0x000000b1fde00000)]
  0x000001e6665c2000 JavaThread "Unconstrained build operations Thread 47" [_thread_blocked, id=49184, stack(0x000000b1fde00000,0x000000b1fdf00000)]
  0x000001e6665c5800 JavaThread "Unconstrained build operations Thread 48" [_thread_blocked, id=44444, stack(0x000000b1fdf00000,0x000000b1fe000000)]
  0x000001e6665bf800 JavaThread "Unconstrained build operations Thread 49" [_thread_blocked, id=46836, stack(0x000000b1fe000000,0x000000b1fe100000)]
  0x000001e6665cc000 JavaThread "Unconstrained build operations Thread 50" [_thread_blocked, id=16912, stack(0x000000b1fe100000,0x000000b1fe200000)]
  0x000001e6665c6800 JavaThread "Unconstrained build operations Thread 51" [_thread_blocked, id=45668, stack(0x000000b1fe200000,0x000000b1fe300000)]
  0x000001e6665c8000 JavaThread "Unconstrained build operations Thread 52" [_thread_blocked, id=39500, stack(0x000000b1fe300000,0x000000b1fe400000)]
  0x000001e6665c8800 JavaThread "Unconstrained build operations Thread 53" [_thread_blocked, id=23984, stack(0x000000b1fe400000,0x000000b1fe500000)]
  0x000001e6665c9800 JavaThread "Unconstrained build operations Thread 54" [_thread_blocked, id=43868, stack(0x000000b1fe500000,0x000000b1fe600000)]
  0x000001e6665ca800 JavaThread "Unconstrained build operations Thread 55" [_thread_blocked, id=7272, stack(0x000000b1fe600000,0x000000b1fe700000)]
  0x000001e6665cb000 JavaThread "Unconstrained build operations Thread 56" [_thread_blocked, id=7200, stack(0x000000b1fe700000,0x000000b1fe800000)]
  0x000001e6665cd000 JavaThread "Unconstrained build operations Thread 57" [_thread_blocked, id=1444, stack(0x000000b1fe800000,0x000000b1fe900000)]
  0x000001e6665c7000 JavaThread "Unconstrained build operations Thread 58" [_thread_blocked, id=47704, stack(0x000000b1fe900000,0x000000b1fea00000)]
  0x000001e6665cd800 JavaThread "Unconstrained build operations Thread 59" [_thread_blocked, id=49968, stack(0x000000b1fea00000,0x000000b1feb00000)]
  0x000001e665f35000 JavaThread "Unconstrained build operations Thread 60" [_thread_blocked, id=43976, stack(0x000000b1feb00000,0x000000b1fec00000)]
  0x000001e665f36000 JavaThread "Unconstrained build operations Thread 61" [_thread_blocked, id=18016, stack(0x000000b1fec00000,0x000000b1fed00000)]
  0x000001e665f31000 JavaThread "Unconstrained build operations Thread 62" [_thread_blocked, id=18372, stack(0x000000b1fed00000,0x000000b1fee00000)]
  0x000001e665f33800 JavaThread "Unconstrained build operations Thread 63" [_thread_blocked, id=40644, stack(0x000000b1fee00000,0x000000b1fef00000)]
  0x000001e665f37800 JavaThread "Unconstrained build operations Thread 64" [_thread_blocked, id=43432, stack(0x000000b1fef00000,0x000000b1ff000000)]
  0x000001e665f34800 JavaThread "Unconstrained build operations Thread 65" [_thread_blocked, id=39492, stack(0x000000b1ff000000,0x000000b1ff100000)]
  0x000001e665f32800 JavaThread "Unconstrained build operations Thread 66" [_thread_blocked, id=40080, stack(0x000000b1ff100000,0x000000b1ff200000)]
  0x000001e665f37000 JavaThread "Unconstrained build operations Thread 67" [_thread_blocked, id=25212, stack(0x000000b1ff200000,0x000000b1ff300000)]
  0x000001e665f32000 JavaThread "Unconstrained build operations Thread 68" [_thread_blocked, id=49668, stack(0x000000b1ff300000,0x000000b1ff400000)]
  0x000001e661a7c800 JavaThread "Unconstrained build operations Thread 69" [_thread_blocked, id=43264, stack(0x000000b1ff400000,0x000000b1ff500000)]
  0x000001e661a7f000 JavaThread "Cache worker for Java compile cache (C:\Users\LG\.gradle\caches\8.2.1\javaCompile)" [_thread_blocked, id=48808, stack(0x000000b1ff500000,0x000000b1ff600000)]
  0x000001e661a7d000 JavaThread "Build operations" [_thread_blocked, id=43556, stack(0x000000b1ff700000,0x000000b1ff800000)]
  0x000001e661a81000 JavaThread "Build operations Thread 2" [_thread_blocked, id=19268, stack(0x000000b1ff800000,0x000000b1ff900000)]
  0x000001e661a82000 JavaThread "Build operations Thread 3" [_thread_blocked, id=36160, stack(0x000000b1ff900000,0x000000b1ffa00000)]
  0x000001e661a7f800 JavaThread "Build operations Thread 4" [_thread_blocked, id=45044, stack(0x000000b1ffa00000,0x000000b1ffb00000)]
  0x000001e661a83800 JavaThread "Build operations Thread 5" [_thread_blocked, id=46416, stack(0x000000b1ffb00000,0x000000b1ffc00000)]
  0x000001e661a80800 JavaThread "Build operations Thread 6" [_thread_blocked, id=13120, stack(0x000000b1ffc00000,0x000000b1ffd00000)]
  0x000001e661a7e000 JavaThread "Build operations Thread 7" [_thread_blocked, id=38436, stack(0x000000b1ffd00000,0x000000b1ffe00000)]
  0x000001e661a83000 JavaThread "Unconstrained build operations Thread 70" [_thread_blocked, id=8320, stack(0x000000b180300000,0x000000b180400000)]
  0x000001e661a86000 JavaThread "Unconstrained build operations Thread 71" [_thread_blocked, id=5700, stack(0x000000b180400000,0x000000b180500000)]
  0x000001e661a88800 JavaThread "Unconstrained build operations Thread 72" [_thread_blocked, id=41144, stack(0x000000b180500000,0x000000b180600000)]
  0x000001e661a89800 JavaThread "Unconstrained build operations Thread 73" [_thread_blocked, id=44492, stack(0x000000b180600000,0x000000b180700000)]
  0x000001e661a87000 JavaThread "Exec process" [_thread_in_native, id=43960, stack(0x000000b180700000,0x000000b180800000)]
  0x000001e661a8a000 JavaThread "DisconnectableInputStream source reader" daemon [_thread_blocked, id=48776, stack(0x000000b180200000,0x000000b180300000)]
  0x000001e661a85800 JavaThread "Exec process Thread 2" [_thread_blocked, id=42536, stack(0x000000b180800000,0x000000b180900000)]
  0x000001e661a84800 JavaThread "Exec process Thread 3" [_thread_in_native, id=47740, stack(0x000000b180900000,0x000000b180a00000)]
  0x000001e661a8b000 JavaThread "Exec process Thread 4" [_thread_in_native, id=43672, stack(0x000000b180a00000,0x000000b180b00000)]

Other Threads:
  0x000001e65dbb0000 VMThread "VM Thread" [stack: 0x000000b1f7300000,0x000000b1f7400000] [id=45956]
  0x000001e65e860000 WatcherThread [stack: 0x000000b1f7e00000,0x000000b1f7f00000] [id=39724]
  0x000001e64346b800 GCTaskThread "GC Thread#0" [stack: 0x000000b1f6e00000,0x000000b1f6f00000] [id=34836]
  0x000001e65f1fb000 GCTaskThread "GC Thread#1" [stack: 0x000000b1f7f00000,0x000000b1f8000000] [id=41572]
  0x000001e65f4ec000 GCTaskThread "GC Thread#2" [stack: 0x000000b1f8000000,0x000000b1f8100000] [id=34500]
  0x000001e65f898000 GCTaskThread "GC Thread#3" [stack: 0x000000b1f8100000,0x000000b1f8200000] [id=42764]
  0x000001e65ef2c800 GCTaskThread "GC Thread#4" [stack: 0x000000b1f8200000,0x000000b1f8300000] [id=1404]
  0x000001e65ef2d800 GCTaskThread "GC Thread#5" [stack: 0x000000b1f8300000,0x000000b1f8400000] [id=38752]
  0x000001e65fce7800 GCTaskThread "GC Thread#6" [stack: 0x000000b1f8d00000,0x000000b1f8e00000] [id=1788]
  0x000001e660671800 GCTaskThread "GC Thread#7" [stack: 0x000000b1f8e00000,0x000000b1f8f00000] [id=29220]
  0x000001e64347e000 ConcurrentGCThread "G1 Main Marker" [stack: 0x000000b1f6f00000,0x000000b1f7000000] [id=18400]
  0x000001e643480000 ConcurrentGCThread "G1 Conc#0" [stack: 0x000000b1f7000000,0x000000b1f7100000] [id=41912]
  0x000001e65ea78800 ConcurrentGCThread "G1 Conc#1" [stack: 0x000000b1f8f00000,0x000000b1f9000000] [id=41176]
  0x000001e64352e000 ConcurrentGCThread "G1 Refine#0" [stack: 0x000000b1f7100000,0x000000b1f7200000] [id=17004]
  0x000001e665a36800 ConcurrentGCThread "G1 Refine#1" [stack: 0x000000b1ff600000,0x000000b1ff700000] [id=44676]
  0x000001e665d55800 ConcurrentGCThread "G1 Refine#2" [stack: 0x000000b1ffe00000,0x000000b1fff00000] [id=41532]
  0x000001e6615ed000 ConcurrentGCThread "G1 Refine#3" [stack: 0x000000b1fff00000,0x000000b200000000] [id=46820]
  0x000001e65ea47800 ConcurrentGCThread "G1 Refine#4" [stack: 0x000000b180000000,0x000000b180100000] [id=45980]
  0x000001e667fe2800 ConcurrentGCThread "G1 Refine#5" [stack: 0x000000b180100000,0x000000b180200000] [id=39124]
  0x000001e65da40800 ConcurrentGCThread "G1 Young RemSet Sampling" [stack: 0x000000b1f7200000,0x000000b1f7300000] [id=40632]

Threads with active compile tasks:
C2 CompilerThread0   123936 10628       4       java.lang.String$CaseInsensitiveComparator::compare (68 bytes)

VM state:not at safepoint (normal execution)

VM Mutex/Monitor currently owned by a thread: None

Heap address: 0x00000000e0000000, size: 512 MB, Compressed Oops mode: 32-bit
Narrow klass base: 0x0000000000000000, Narrow klass shift: 3
Compressed class space size: 394264576 Address: 0x0000000100000000

Heap:
 garbage-first heap   total 262144K, used 76029K [0x00000000e0000000, 0x0000000100000000)
  region size 1024K, 15 young (15360K), 8 survivors (8192K)
 Metaspace       used 74961K, capacity 77884K, committed 78076K, reserved 452608K
  class space    used 9739K, capacity 10814K, committed 10880K, reserved 385024K
Heap Regions: E=young(eden), S=young(survivor), O=old, HS=humongous(starts), HC=humongous(continues), CS=collection set, F=free, A=archive, TAMS=top-at-mark-start (previous, next)
|   0|0x00000000e0000000, 0x00000000e0100000, 0x00000000e0100000|100%|HS|  |TAMS 0x00000000e0100000, 0x00000000e0000000| Complete 
|   1|0x00000000e0100000, 0x00000000e0200000, 0x00000000e0200000|100%|HC|  |TAMS 0x00000000e0200000, 0x00000000e0100000| Complete 
|   2|0x00000000e0200000, 0x00000000e0300000, 0x00000000e0300000|100%|HC|  |TAMS 0x00000000e0300000, 0x00000000e0200000| Complete 
|   3|0x00000000e0300000, 0x00000000e0400000, 0x00000000e0400000|100%|HC|  |TAMS 0x00000000e0400000, 0x00000000e0300000| Complete 
|   4|0x00000000e0400000, 0x00000000e0500000, 0x00000000e0500000|100%| O|  |TAMS 0x00000000e0500000, 0x00000000e0400000| Untracked 
|   5|0x00000000e0500000, 0x00000000e0600000, 0x00000000e0600000|100%| O|  |TAMS 0x00000000e0600000, 0x00000000e0500000| Untracked 
|   6|0x00000000e0600000, 0x00000000e0700000, 0x00000000e0700000|100%| O|  |TAMS 0x00000000e0700000, 0x00000000e0600000| Untracked 
|   7|0x00000000e0700000, 0x00000000e0800000, 0x00000000e0800000|100%| O|  |TAMS 0x00000000e0800000, 0x00000000e0700000| Untracked 
|   8|0x00000000e0800000, 0x00000000e0900000, 0x00000000e0900000|100%| O|  |TAMS 0x00000000e0900000, 0x00000000e0800000| Untracked 
|   9|0x00000000e0900000, 0x00000000e0a00000, 0x00000000e0a00000|100%| O|  |TAMS 0x00000000e0a00000, 0x00000000e0900000| Untracked 
|  10|0x00000000e0a00000, 0x00000000e0b00000, 0x00000000e0b00000|100%| O|  |TAMS 0x00000000e0b00000, 0x00000000e0a00000| Untracked 
|  11|0x00000000e0b00000, 0x00000000e0c00000, 0x00000000e0c00000|100%| O|  |TAMS 0x00000000e0c00000, 0x00000000e0b00000| Untracked 
|  12|0x00000000e0c00000, 0x00000000e0d00000, 0x00000000e0d00000|100%| O|  |TAMS 0x00000000e0d00000, 0x00000000e0c00000| Untracked 
|  13|0x00000000e0d00000, 0x00000000e0e00000, 0x00000000e0e00000|100%| O|  |TAMS 0x00000000e0e00000, 0x00000000e0d00000| Untracked 
|  14|0x00000000e0e00000, 0x00000000e0f00000, 0x00000000e0f00000|100%| O|  |TAMS 0x00000000e0f00000, 0x00000000e0e00000| Untracked 
|  15|0x00000000e0f00000, 0x00000000e1000000, 0x00000000e1000000|100%| O|  |TAMS 0x00000000e1000000, 0x00000000e0f00000| Untracked 
|  16|0x00000000e1000000, 0x00000000e1100000, 0x00000000e1100000|100%| O|  |TAMS 0x00000000e1100000, 0x00000000e1000000| Untracked 
|  17|0x00000000e1100000, 0x00000000e1200000, 0x00000000e1200000|100%| O|  |TAMS 0x00000000e11f7000, 0x00000000e1100000| Untracked 
|  18|0x00000000e1200000, 0x00000000e1300000, 0x00000000e1300000|100%| O|  |TAMS 0x00000000e1200000, 0x00000000e1200000| Untracked 
|  19|0x00000000e1300000, 0x00000000e1400000, 0x00000000e1400000|100%| O|  |TAMS 0x00000000e1300000, 0x00000000e1300000| Untracked 
|  20|0x00000000e1400000, 0x00000000e1500000, 0x00000000e1500000|100%| O|  |TAMS 0x00000000e1400000, 0x00000000e1400000| Untracked 
|  21|0x00000000e1500000, 0x00000000e1600000, 0x00000000e1600000|100%| O|  |TAMS 0x00000000e1500000, 0x00000000e1500000| Untracked 
|  22|0x00000000e1600000, 0x00000000e1700000, 0x00000000e1700000|100%| O|  |TAMS 0x00000000e1600000, 0x00000000e1600000| Untracked 
|  23|0x00000000e1700000, 0x00000000e1800000, 0x00000000e1800000|100%| O|  |TAMS 0x00000000e1700000, 0x00000000e1700000| Untracked 
|  24|0x00000000e1800000, 0x00000000e1900000, 0x00000000e1900000|100%| O|  |TAMS 0x00000000e1800000, 0x00000000e1800000| Untracked 
|  25|0x00000000e1900000, 0x00000000e1a00000, 0x00000000e1a00000|100%| O|  |TAMS 0x00000000e1900000, 0x00000000e1900000| Untracked 
|  26|0x00000000e1a00000, 0x00000000e1b00000, 0x00000000e1b00000|100%| O|  |TAMS 0x00000000e1a00000, 0x00000000e1a00000| Untracked 
|  27|0x00000000e1b00000, 0x00000000e1c00000, 0x00000000e1c00000|100%| O|  |TAMS 0x00000000e1b00000, 0x00000000e1b00000| Untracked 
|  28|0x00000000e1c00000, 0x00000000e1d00000, 0x00000000e1d00000|100%| O|  |TAMS 0x00000000e1c00000, 0x00000000e1c00000| Untracked 
|  29|0x00000000e1d00000, 0x00000000e1e00000, 0x00000000e1e00000|100%| O|  |TAMS 0x00000000e1d00000, 0x00000000e1d00000| Untracked 
|  30|0x00000000e1e00000, 0x00000000e1f00000, 0x00000000e1f00000|100%| O|  |TAMS 0x00000000e1e00000, 0x00000000e1e00000| Untracked 
|  31|0x00000000e1f00000, 0x00000000e2000000, 0x00000000e2000000|100%|HS|  |TAMS 0x00000000e1f00000, 0x00000000e1f00000| Complete 
|  32|0x00000000e2000000, 0x00000000e2100000, 0x00000000e2100000|100%| O|  |TAMS 0x00000000e2000000, 0x00000000e2000000| Untracked 
|  33|0x00000000e2100000, 0x00000000e2200000, 0x00000000e2200000|100%| O|  |TAMS 0x00000000e2100000, 0x00000000e2100000| Untracked 
|  34|0x00000000e2200000, 0x00000000e2300000, 0x00000000e2300000|100%| O|  |TAMS 0x00000000e2200000, 0x00000000e2200000| Untracked 
|  35|0x00000000e2300000, 0x00000000e2400000, 0x00000000e2400000|100%| O|  |TAMS 0x00000000e2300000, 0x00000000e2300000| Untracked 
|  36|0x00000000e2400000, 0x00000000e2500000, 0x00000000e2500000|100%| O|  |TAMS 0x00000000e2400000, 0x00000000e2400000| Untracked 
|  37|0x00000000e2500000, 0x00000000e2600000, 0x00000000e2600000|100%| O|  |TAMS 0x00000000e2500000, 0x00000000e2500000| Untracked 
|  38|0x00000000e2600000, 0x00000000e2700000, 0x00000000e2700000|100%| O|  |TAMS 0x00000000e2600000, 0x00000000e2600000| Untracked 
|  39|0x00000000e2700000, 0x00000000e2800000, 0x00000000e2800000|100%| O|  |TAMS 0x00000000e2700000, 0x00000000e2700000| Untracked 
|  40|0x00000000e2800000, 0x00000000e2900000, 0x00000000e2900000|100%| O|  |TAMS 0x00000000e2800000, 0x00000000e2800000| Untracked 
|  41|0x00000000e2900000, 0x00000000e2a00000, 0x00000000e2a00000|100%| O|  |TAMS 0x00000000e2900000, 0x00000000e2900000| Untracked 
|  42|0x00000000e2a00000, 0x00000000e2b00000, 0x00000000e2b00000|100%| O|  |TAMS 0x00000000e2a00000, 0x00000000e2a00000| Untracked 
|  43|0x00000000e2b00000, 0x00000000e2c00000, 0x00000000e2c00000|100%| O|  |TAMS 0x00000000e2b00000, 0x00000000e2b00000| Untracked 
|  44|0x00000000e2c00000, 0x00000000e2d00000, 0x00000000e2d00000|100%| O|  |TAMS 0x00000000e2c00000, 0x00000000e2c00000| Untracked 
|  45|0x00000000e2d00000, 0x00000000e2e00000, 0x00000000e2e00000|100%| O|  |TAMS 0x00000000e2d00000, 0x00000000e2d00000| Untracked 
|  46|0x00000000e2e00000, 0x00000000e2f00000, 0x00000000e2f00000|100%| O|  |TAMS 0x00000000e2e00000, 0x00000000e2e00000| Untracked 
|  47|0x00000000e2f00000, 0x00000000e3000000, 0x00000000e3000000|100%| O|  |TAMS 0x00000000e2f00000, 0x00000000e2f00000| Untracked 
|  48|0x00000000e3000000, 0x00000000e3100000, 0x00000000e3100000|100%| O|  |TAMS 0x00000000e3000000, 0x00000000e3000000| Untracked 
|  49|0x00000000e3100000, 0x00000000e3200000, 0x00000000e3200000|100%| O|  |TAMS 0x00000000e3100000, 0x00000000e3100000| Untracked 
|  50|0x00000000e3200000, 0x00000000e3300000, 0x00000000e3300000|100%| O|  |TAMS 0x00000000e3200000, 0x00000000e3200000| Untracked 
|  51|0x00000000e3300000, 0x00000000e3400000, 0x00000000e3400000|100%| O|  |TAMS 0x00000000e3300000, 0x00000000e3300000| Untracked 
|  52|0x00000000e3400000, 0x00000000e3500000, 0x00000000e3500000|100%| O|  |TAMS 0x00000000e3400000, 0x00000000e3400000| Untracked 
|  53|0x00000000e3500000, 0x00000000e3600000, 0x00000000e3600000|100%| O|  |TAMS 0x00000000e3500000, 0x00000000e3500000| Untracked 
|  54|0x00000000e3600000, 0x00000000e3700000, 0x00000000e3700000|100%| O|  |TAMS 0x00000000e3600000, 0x00000000e3600000| Untracked 
|  55|0x00000000e3700000, 0x00000000e3800000, 0x00000000e3800000|100%| O|  |TAMS 0x00000000e3700000, 0x00000000e3700000| Untracked 
|  56|0x00000000e3800000, 0x00000000e3900000, 0x00000000e3900000|100%| O|  |TAMS 0x00000000e3800000, 0x00000000e3800000| Untracked 
|  57|0x00000000e3900000, 0x00000000e3a00000, 0x00000000e3a00000|100%| O|  |TAMS 0x00000000e3900000, 0x00000000e3900000| Untracked 
|  58|0x00000000e3a00000, 0x00000000e3b00000, 0x00000000e3b00000|100%| O|  |TAMS 0x00000000e3a00000, 0x00000000e3a00000| Untracked 
|  59|0x00000000e3b00000, 0x00000000e3c00000, 0x00000000e3c00000|100%| O|  |TAMS 0x00000000e3b00000, 0x00000000e3b00000| Untracked 
|  60|0x00000000e3c00000, 0x00000000e3c3f400, 0x00000000e3d00000| 24%| O|  |TAMS 0x00000000e3c00000, 0x00000000e3c00000| Untracked 
|  61|0x00000000e3d00000, 0x00000000e3d00000, 0x00000000e3e00000|  0%| F|  |TAMS 0x00000000e3d00000, 0x00000000e3d00000| Untracked 
|  62|0x00000000e3e00000, 0x00000000e3e00000, 0x00000000e3f00000|  0%| F|  |TAMS 0x00000000e3e00000, 0x00000000e3e00000| Untracked 
|  63|0x00000000e3f00000, 0x00000000e3f00000, 0x00000000e4000000|  0%| F|  |TAMS 0x00000000e3f00000, 0x00000000e3f00000| Untracked 
|  64|0x00000000e4000000, 0x00000000e4000000, 0x00000000e4100000|  0%| F|  |TAMS 0x00000000e4000000, 0x00000000e4000000| Untracked 
|  65|0x00000000e4100000, 0x00000000e4100000, 0x00000000e4200000|  0%| F|  |TAMS 0x00000000e4100000, 0x00000000e4100000| Untracked 
|  66|0x00000000e4200000, 0x00000000e4200000, 0x00000000e4300000|  0%| F|  |TAMS 0x00000000e4200000, 0x00000000e4200000| Untracked 
|  67|0x00000000e4300000, 0x00000000e4300000, 0x00000000e4400000|  0%| F|  |TAMS 0x00000000e4300000, 0x00000000e4300000| Untracked 
|  68|0x00000000e4400000, 0x00000000e4400000, 0x00000000e4500000|  0%| F|  |TAMS 0x00000000e4400000, 0x00000000e4400000| Untracked 
|  69|0x00000000e4500000, 0x00000000e4500000, 0x00000000e4600000|  0%| F|  |TAMS 0x00000000e4500000, 0x00000000e4500000| Untracked 
|  70|0x00000000e4600000, 0x00000000e4600000, 0x00000000e4700000|  0%| F|  |TAMS 0x00000000e4600000, 0x00000000e4600000| Untracked 
|  71|0x00000000e4700000, 0x00000000e4700000, 0x00000000e4800000|  0%| F|  |TAMS 0x00000000e4700000, 0x00000000e4700000| Untracked 
|  72|0x00000000e4800000, 0x00000000e4800000, 0x00000000e4900000|  0%| F|  |TAMS 0x00000000e4800000, 0x00000000e4800000| Untracked 
|  73|0x00000000e4900000, 0x00000000e4900000, 0x00000000e4a00000|  0%| F|  |TAMS 0x00000000e4900000, 0x00000000e4900000| Untracked 
|  74|0x00000000e4a00000, 0x00000000e4a00000, 0x00000000e4b00000|  0%| F|  |TAMS 0x00000000e4a00000, 0x00000000e4a00000| Untracked 
|  75|0x00000000e4b00000, 0x00000000e4b00000, 0x00000000e4c00000|  0%| F|  |TAMS 0x00000000e4b00000, 0x00000000e4b00000| Untracked 
|  76|0x00000000e4c00000, 0x00000000e4c00000, 0x00000000e4d00000|  0%| F|  |TAMS 0x00000000e4c00000, 0x00000000e4c00000| Untracked 
|  77|0x00000000e4d00000, 0x00000000e4d00000, 0x00000000e4e00000|  0%| F|  |TAMS 0x00000000e4d00000, 0x00000000e4d00000| Untracked 
|  78|0x00000000e4e00000, 0x00000000e4e00000, 0x00000000e4f00000|  0%| F|  |TAMS 0x00000000e4e00000, 0x00000000e4e00000| Untracked 
|  79|0x00000000e4f00000, 0x00000000e4f00000, 0x00000000e5000000|  0%| F|  |TAMS 0x00000000e4f00000, 0x00000000e4f00000| Untracked 
|  80|0x00000000e5000000, 0x00000000e5000000, 0x00000000e5100000|  0%| F|  |TAMS 0x00000000e5000000, 0x00000000e5000000| Untracked 
|  81|0x00000000e5100000, 0x00000000e5100000, 0x00000000e5200000|  0%| F|  |TAMS 0x00000000e5100000, 0x00000000e5100000| Untracked 
|  82|0x00000000e5200000, 0x00000000e5200000, 0x00000000e5300000|  0%| F|  |TAMS 0x00000000e5200000, 0x00000000e5200000| Untracked 
|  83|0x00000000e5300000, 0x00000000e5300000, 0x00000000e5400000|  0%| F|  |TAMS 0x00000000e5300000, 0x00000000e5300000| Untracked 
|  84|0x00000000e5400000, 0x00000000e5400000, 0x00000000e5500000|  0%| F|  |TAMS 0x00000000e5400000, 0x00000000e5400000| Untracked 
|  85|0x00000000e5500000, 0x00000000e5500000, 0x00000000e5600000|  0%| F|  |TAMS 0x00000000e5500000, 0x00000000e5500000| Untracked 
|  86|0x00000000e5600000, 0x00000000e5600000, 0x00000000e5700000|  0%| F|  |TAMS 0x00000000e5600000, 0x00000000e5600000| Untracked 
|  87|0x00000000e5700000, 0x00000000e5700000, 0x00000000e5800000|  0%| F|  |TAMS 0x00000000e5700000, 0x00000000e5700000| Untracked 
|  88|0x00000000e5800000, 0x00000000e5800000, 0x00000000e5900000|  0%| F|  |TAMS 0x00000000e5800000, 0x00000000e5800000| Untracked 
|  89|0x00000000e5900000, 0x00000000e5900000, 0x00000000e5a00000|  0%| F|  |TAMS 0x00000000e5900000, 0x00000000e5900000| Untracked 
|  90|0x00000000e5a00000, 0x00000000e5a00000, 0x00000000e5b00000|  0%| F|  |TAMS 0x00000000e5a00000, 0x00000000e5a00000| Untracked 
|  91|0x00000000e5b00000, 0x00000000e5b00000, 0x00000000e5c00000|  0%| F|  |TAMS 0x00000000e5b00000, 0x00000000e5b00000| Untracked 
|  92|0x00000000e5c00000, 0x00000000e5c00000, 0x00000000e5d00000|  0%| F|  |TAMS 0x00000000e5c00000, 0x00000000e5c00000| Untracked 
|  93|0x00000000e5d00000, 0x00000000e5d00000, 0x00000000e5e00000|  0%| F|  |TAMS 0x00000000e5d00000, 0x00000000e5d00000| Untracked 
|  94|0x00000000e5e00000, 0x00000000e5e00000, 0x00000000e5f00000|  0%| F|  |TAMS 0x00000000e5e00000, 0x00000000e5e00000| Untracked 
|  95|0x00000000e5f00000, 0x00000000e5f00000, 0x00000000e6000000|  0%| F|  |TAMS 0x00000000e5f00000, 0x00000000e5f00000| Untracked 
|  96|0x00000000e6000000, 0x00000000e6000000, 0x00000000e6100000|  0%| F|  |TAMS 0x00000000e6000000, 0x00000000e6000000| Untracked 
|  97|0x00000000e6100000, 0x00000000e6100000, 0x00000000e6200000|  0%| F|  |TAMS 0x00000000e6100000, 0x00000000e6100000| Untracked 
|  98|0x00000000e6200000, 0x00000000e6200000, 0x00000000e6300000|  0%| F|  |TAMS 0x00000000e6200000, 0x00000000e6200000| Untracked 
|  99|0x00000000e6300000, 0x00000000e6300000, 0x00000000e6400000|  0%| F|  |TAMS 0x00000000e6300000, 0x00000000e6300000| Untracked 
| 100|0x00000000e6400000, 0x00000000e6400000, 0x00000000e6500000|  0%| F|  |TAMS 0x00000000e6400000, 0x00000000e6400000| Untracked 
| 101|0x00000000e6500000, 0x00000000e6500000, 0x00000000e6600000|  0%| F|  |TAMS 0x00000000e6500000, 0x00000000e6500000| Untracked 
| 102|0x00000000e6600000, 0x00000000e6600000, 0x00000000e6700000|  0%| F|  |TAMS 0x00000000e6600000, 0x00000000e6600000| Untracked 
| 103|0x00000000e6700000, 0x00000000e6700000, 0x00000000e6800000|  0%| F|  |TAMS 0x00000000e6700000, 0x00000000e6700000| Untracked 
| 104|0x00000000e6800000, 0x00000000e6800000, 0x00000000e6900000|  0%| F|  |TAMS 0x00000000e6800000, 0x00000000e6800000| Untracked 
| 105|0x00000000e6900000, 0x00000000e6900000, 0x00000000e6a00000|  0%| F|  |TAMS 0x00000000e6900000, 0x00000000e6900000| Untracked 
| 106|0x00000000e6a00000, 0x00000000e6a00000, 0x00000000e6b00000|  0%| F|  |TAMS 0x00000000e6a00000, 0x00000000e6a00000| Untracked 
| 107|0x00000000e6b00000, 0x00000000e6b00000, 0x00000000e6c00000|  0%| F|  |TAMS 0x00000000e6b00000, 0x00000000e6b00000| Untracked 
| 108|0x00000000e6c00000, 0x00000000e6c00000, 0x00000000e6d00000|  0%| F|  |TAMS 0x00000000e6c00000, 0x00000000e6c00000| Untracked 
| 109|0x00000000e6d00000, 0x00000000e6d00000, 0x00000000e6e00000|  0%| F|  |TAMS 0x00000000e6d00000, 0x00000000e6d00000| Untracked 
| 110|0x00000000e6e00000, 0x00000000e6e00000, 0x00000000e6f00000|  0%| F|  |TAMS 0x00000000e6e00000, 0x00000000e6e00000| Untracked 
| 111|0x00000000e6f00000, 0x00000000e6f00000, 0x00000000e7000000|  0%| F|  |TAMS 0x00000000e6f00000, 0x00000000e6f00000| Untracked 
| 112|0x00000000e7000000, 0x00000000e7000000, 0x00000000e7100000|  0%| F|  |TAMS 0x00000000e7000000, 0x00000000e7000000| Untracked 
| 113|0x00000000e7100000, 0x00000000e7100000, 0x00000000e7200000|  0%| F|  |TAMS 0x00000000e7100000, 0x00000000e7100000| Untracked 
| 114|0x00000000e7200000, 0x00000000e7200000, 0x00000000e7300000|  0%| F|  |TAMS 0x00000000e7200000, 0x00000000e7200000| Untracked 
| 115|0x00000000e7300000, 0x00000000e7300000, 0x00000000e7400000|  0%| F|  |TAMS 0x00000000e7300000, 0x00000000e7300000| Untracked 
| 116|0x00000000e7400000, 0x00000000e7400000, 0x00000000e7500000|  0%| F|  |TAMS 0x00000000e7400000, 0x00000000e7400000| Untracked 
| 117|0x00000000e7500000, 0x00000000e7500000, 0x00000000e7600000|  0%| F|  |TAMS 0x00000000e7500000, 0x00000000e7500000| Untracked 
| 118|0x00000000e7600000, 0x00000000e7600000, 0x00000000e7700000|  0%| F|  |TAMS 0x00000000e7600000, 0x00000000e7600000| Untracked 
| 119|0x00000000e7700000, 0x00000000e7700000, 0x00000000e7800000|  0%| F|  |TAMS 0x00000000e7700000, 0x00000000e7700000| Untracked 
| 120|0x00000000e7800000, 0x00000000e7800000, 0x00000000e7900000|  0%| F|  |TAMS 0x00000000e7800000, 0x00000000e7800000| Untracked 
| 121|0x00000000e7900000, 0x00000000e7900000, 0x00000000e7a00000|  0%| F|  |TAMS 0x00000000e7900000, 0x00000000e7900000| Untracked 
| 122|0x00000000e7a00000, 0x00000000e7a00000, 0x00000000e7b00000|  0%| F|  |TAMS 0x00000000e7a00000, 0x00000000e7a00000| Untracked 
| 123|0x00000000e7b00000, 0x00000000e7b00000, 0x00000000e7c00000|  0%| F|  |TAMS 0x00000000e7b00000, 0x00000000e7b00000| Untracked 
| 124|0x00000000e7c00000, 0x00000000e7d00000, 0x00000000e7d00000|100%| S|CS|TAMS 0x00000000e7c00000, 0x00000000e7c00000| Complete 
| 125|0x00000000e7d00000, 0x00000000e7e00000, 0x00000000e7e00000|100%| S|CS|TAMS 0x00000000e7d00000, 0x00000000e7d00000| Complete 
| 126|0x00000000e7e00000, 0x00000000e7f00000, 0x00000000e7f00000|100%| S|CS|TAMS 0x00000000e7e00000, 0x00000000e7e00000| Complete 
| 127|0x00000000e7f00000, 0x00000000e8000000, 0x00000000e8000000|100%| S|CS|TAMS 0x00000000e7f00000, 0x00000000e7f00000| Complete 
| 128|0x00000000e8000000, 0x00000000e8100000, 0x00000000e8100000|100%| S|CS|TAMS 0x00000000e8000000, 0x00000000e8000000| Complete 
| 129|0x00000000e8100000, 0x00000000e8200000, 0x00000000e8200000|100%| S|CS|TAMS 0x00000000e8100000, 0x00000000e8100000| Complete 
| 130|0x00000000e8200000, 0x00000000e8300000, 0x00000000e8300000|100%| S|CS|TAMS 0x00000000e8200000, 0x00000000e8200000| Complete 
| 131|0x00000000e8300000, 0x00000000e8400000, 0x00000000e8400000|100%| S|CS|TAMS 0x00000000e8300000, 0x00000000e8300000| Complete 
| 132|0x00000000e8400000, 0x00000000e8400000, 0x00000000e8500000|  0%| F|  |TAMS 0x00000000e8400000, 0x00000000e8400000| Untracked 
| 133|0x00000000e8500000, 0x00000000e8500000, 0x00000000e8600000|  0%| F|  |TAMS 0x00000000e8500000, 0x00000000e8500000| Untracked 
| 134|0x00000000e8600000, 0x00000000e8600000, 0x00000000e8700000|  0%| F|  |TAMS 0x00000000e8600000, 0x00000000e8600000| Untracked 
| 135|0x00000000e8700000, 0x00000000e8700000, 0x00000000e8800000|  0%| F|  |TAMS 0x00000000e8700000, 0x00000000e8700000| Untracked 
| 136|0x00000000e8800000, 0x00000000e8800000, 0x00000000e8900000|  0%| F|  |TAMS 0x00000000e8800000, 0x00000000e8800000| Untracked 
| 137|0x00000000e8900000, 0x00000000e8900000, 0x00000000e8a00000|  0%| F|  |TAMS 0x00000000e8900000, 0x00000000e8900000| Untracked 
| 138|0x00000000e8a00000, 0x00000000e8a00000, 0x00000000e8b00000|  0%| F|  |TAMS 0x00000000e8a00000, 0x00000000e8a00000| Untracked 
| 139|0x00000000e8b00000, 0x00000000e8b00000, 0x00000000e8c00000|  0%| F|  |TAMS 0x00000000e8b00000, 0x00000000e8b00000| Untracked 
| 140|0x00000000e8c00000, 0x00000000e8c00000, 0x00000000e8d00000|  0%| F|  |TAMS 0x00000000e8c00000, 0x00000000e8c00000| Untracked 
| 141|0x00000000e8d00000, 0x00000000e8d00000, 0x00000000e8e00000|  0%| F|  |TAMS 0x00000000e8d00000, 0x00000000e8d00000| Untracked 
| 142|0x00000000e8e00000, 0x00000000e8e00000, 0x00000000e8f00000|  0%| F|  |TAMS 0x00000000e8e00000, 0x00000000e8e00000| Untracked 
| 143|0x00000000e8f00000, 0x00000000e8f00000, 0x00000000e9000000|  0%| F|  |TAMS 0x00000000e8f00000, 0x00000000e8f00000| Untracked 
| 144|0x00000000e9000000, 0x00000000e9000000, 0x00000000e9100000|  0%| F|  |TAMS 0x00000000e9000000, 0x00000000e9000000| Untracked 
| 145|0x00000000e9100000, 0x00000000e9100000, 0x00000000e9200000|  0%| F|  |TAMS 0x00000000e9100000, 0x00000000e9100000| Untracked 
| 146|0x00000000e9200000, 0x00000000e9200000, 0x00000000e9300000|  0%| F|  |TAMS 0x00000000e9200000, 0x00000000e9200000| Untracked 
| 147|0x00000000e9300000, 0x00000000e9300000, 0x00000000e9400000|  0%| F|  |TAMS 0x00000000e9300000, 0x00000000e9300000| Untracked 
| 148|0x00000000e9400000, 0x00000000e9400000, 0x00000000e9500000|  0%| F|  |TAMS 0x00000000e9400000, 0x00000000e9400000| Untracked 
| 149|0x00000000e9500000, 0x00000000e9500000, 0x00000000e9600000|  0%| F|  |TAMS 0x00000000e9500000, 0x00000000e9500000| Untracked 
| 150|0x00000000e9600000, 0x00000000e9600000, 0x00000000e9700000|  0%| F|  |TAMS 0x00000000e9600000, 0x00000000e9600000| Untracked 
| 151|0x00000000e9700000, 0x00000000e9700000, 0x00000000e9800000|  0%| F|  |TAMS 0x00000000e9700000, 0x00000000e9700000| Untracked 
| 152|0x00000000e9800000, 0x00000000e9800000, 0x00000000e9900000|  0%| F|  |TAMS 0x00000000e9800000, 0x00000000e9800000| Untracked 
| 153|0x00000000e9900000, 0x00000000e9900000, 0x00000000e9a00000|  0%| F|  |TAMS 0x00000000e9900000, 0x00000000e9900000| Untracked 
| 154|0x00000000e9a00000, 0x00000000e9a00000, 0x00000000e9b00000|  0%| F|  |TAMS 0x00000000e9a00000, 0x00000000e9a00000| Untracked 
| 155|0x00000000e9b00000, 0x00000000e9b00000, 0x00000000e9c00000|  0%| F|  |TAMS 0x00000000e9b00000, 0x00000000e9b00000| Untracked 
| 156|0x00000000e9c00000, 0x00000000e9c00000, 0x00000000e9d00000|  0%| F|  |TAMS 0x00000000e9c00000, 0x00000000e9c00000| Untracked 
| 157|0x00000000e9d00000, 0x00000000e9d00000, 0x00000000e9e00000|  0%| F|  |TAMS 0x00000000e9d00000, 0x00000000e9d00000| Untracked 
| 158|0x00000000e9e00000, 0x00000000e9e00000, 0x00000000e9f00000|  0%| F|  |TAMS 0x00000000e9e00000, 0x00000000e9e00000| Untracked 
| 159|0x00000000e9f00000, 0x00000000e9f00000, 0x00000000ea000000|  0%| F|  |TAMS 0x00000000e9f00000, 0x00000000e9f00000| Untracked 
| 160|0x00000000ea000000, 0x00000000ea000000, 0x00000000ea100000|  0%| F|  |TAMS 0x00000000ea000000, 0x00000000ea000000| Untracked 
| 161|0x00000000ea100000, 0x00000000ea100000, 0x00000000ea200000|  0%| F|  |TAMS 0x00000000ea100000, 0x00000000ea100000| Untracked 
| 162|0x00000000ea200000, 0x00000000ea200000, 0x00000000ea300000|  0%| F|  |TAMS 0x00000000ea200000, 0x00000000ea200000| Untracked 
| 163|0x00000000ea300000, 0x00000000ea300000, 0x00000000ea400000|  0%| F|  |TAMS 0x00000000ea300000, 0x00000000ea300000| Untracked 
| 164|0x00000000ea400000, 0x00000000ea400000, 0x00000000ea500000|  0%| F|  |TAMS 0x00000000ea400000, 0x00000000ea400000| Untracked 
| 165|0x00000000ea500000, 0x00000000ea500000, 0x00000000ea600000|  0%| F|  |TAMS 0x00000000ea500000, 0x00000000ea500000| Untracked 
| 166|0x00000000ea600000, 0x00000000ea600000, 0x00000000ea700000|  0%| F|  |TAMS 0x00000000ea600000, 0x00000000ea600000| Untracked 
| 167|0x00000000ea700000, 0x00000000ea700000, 0x00000000ea800000|  0%| F|  |TAMS 0x00000000ea700000, 0x00000000ea700000| Untracked 
| 168|0x00000000ea800000, 0x00000000ea800000, 0x00000000ea900000|  0%| F|  |TAMS 0x00000000ea800000, 0x00000000ea800000| Untracked 
| 169|0x00000000ea900000, 0x00000000ea900000, 0x00000000eaa00000|  0%| F|  |TAMS 0x00000000ea900000, 0x00000000ea900000| Untracked 
| 170|0x00000000eaa00000, 0x00000000eaa00000, 0x00000000eab00000|  0%| F|  |TAMS 0x00000000eaa00000, 0x00000000eaa00000| Untracked 
| 171|0x00000000eab00000, 0x00000000eab00000, 0x00000000eac00000|  0%| F|  |TAMS 0x00000000eab00000, 0x00000000eab00000| Untracked 
| 172|0x00000000eac00000, 0x00000000eac00000, 0x00000000ead00000|  0%| F|  |TAMS 0x00000000eac00000, 0x00000000eac00000| Untracked 
| 173|0x00000000ead00000, 0x00000000ead00000, 0x00000000eae00000|  0%| F|  |TAMS 0x00000000ead00000, 0x00000000ead00000| Untracked 
| 174|0x00000000eae00000, 0x00000000eae00000, 0x00000000eaf00000|  0%| F|  |TAMS 0x00000000eae00000, 0x00000000eae00000| Untracked 
| 175|0x00000000eaf00000, 0x00000000eaf00000, 0x00000000eb000000|  0%| F|  |TAMS 0x00000000eaf00000, 0x00000000eaf00000| Untracked 
| 176|0x00000000eb000000, 0x00000000eb000000, 0x00000000eb100000|  0%| F|  |TAMS 0x00000000eb000000, 0x00000000eb000000| Untracked 
| 177|0x00000000eb100000, 0x00000000eb100000, 0x00000000eb200000|  0%| F|  |TAMS 0x00000000eb100000, 0x00000000eb100000| Untracked 
| 178|0x00000000eb200000, 0x00000000eb200000, 0x00000000eb300000|  0%| F|  |TAMS 0x00000000eb200000, 0x00000000eb200000| Untracked 
| 179|0x00000000eb300000, 0x00000000eb300000, 0x00000000eb400000|  0%| F|  |TAMS 0x00000000eb300000, 0x00000000eb300000| Untracked 
| 180|0x00000000eb400000, 0x00000000eb400000, 0x00000000eb500000|  0%| F|  |TAMS 0x00000000eb400000, 0x00000000eb400000| Untracked 
| 181|0x00000000eb500000, 0x00000000eb500000, 0x00000000eb600000|  0%| F|  |TAMS 0x00000000eb500000, 0x00000000eb500000| Untracked 
| 182|0x00000000eb600000, 0x00000000eb600000, 0x00000000eb700000|  0%| F|  |TAMS 0x00000000eb600000, 0x00000000eb600000| Untracked 
| 183|0x00000000eb700000, 0x00000000eb700000, 0x00000000eb800000|  0%| F|  |TAMS 0x00000000eb700000, 0x00000000eb700000| Untracked 
| 184|0x00000000eb800000, 0x00000000eb800000, 0x00000000eb900000|  0%| F|  |TAMS 0x00000000eb800000, 0x00000000eb800000| Untracked 
| 185|0x00000000eb900000, 0x00000000eb900000, 0x00000000eba00000|  0%| F|  |TAMS 0x00000000eb900000, 0x00000000eb900000| Untracked 
| 186|0x00000000eba00000, 0x00000000eba00000, 0x00000000ebb00000|  0%| F|  |TAMS 0x00000000eba00000, 0x00000000eba00000| Untracked 
| 187|0x00000000ebb00000, 0x00000000ebb00000, 0x00000000ebc00000|  0%| F|  |TAMS 0x00000000ebb00000, 0x00000000ebb00000| Untracked 
| 188|0x00000000ebc00000, 0x00000000ebc00000, 0x00000000ebd00000|  0%| F|  |TAMS 0x00000000ebc00000, 0x00000000ebc00000| Untracked 
| 189|0x00000000ebd00000, 0x00000000ebd00000, 0x00000000ebe00000|  0%| F|  |TAMS 0x00000000ebd00000, 0x00000000ebd00000| Untracked 
| 190|0x00000000ebe00000, 0x00000000ebe00000, 0x00000000ebf00000|  0%| F|  |TAMS 0x00000000ebe00000, 0x00000000ebe00000| Untracked 
| 191|0x00000000ebf00000, 0x00000000ebf00000, 0x00000000ec000000|  0%| F|  |TAMS 0x00000000ebf00000, 0x00000000ebf00000| Untracked 
| 192|0x00000000ec000000, 0x00000000ec000000, 0x00000000ec100000|  0%| F|  |TAMS 0x00000000ec000000, 0x00000000ec000000| Untracked 
| 193|0x00000000ec100000, 0x00000000ec100000, 0x00000000ec200000|  0%| F|  |TAMS 0x00000000ec100000, 0x00000000ec100000| Untracked 
| 194|0x00000000ec200000, 0x00000000ec200000, 0x00000000ec300000|  0%| F|  |TAMS 0x00000000ec200000, 0x00000000ec200000| Untracked 
| 195|0x00000000ec300000, 0x00000000ec300000, 0x00000000ec400000|  0%| F|  |TAMS 0x00000000ec300000, 0x00000000ec300000| Untracked 
| 196|0x00000000ec400000, 0x00000000ec400000, 0x00000000ec500000|  0%| F|  |TAMS 0x00000000ec400000, 0x00000000ec400000| Untracked 
| 197|0x00000000ec500000, 0x00000000ec500000, 0x00000000ec600000|  0%| F|  |TAMS 0x00000000ec500000, 0x00000000ec500000| Untracked 
| 198|0x00000000ec600000, 0x00000000ec600000, 0x00000000ec700000|  0%| F|  |TAMS 0x00000000ec600000, 0x00000000ec600000| Untracked 
| 199|0x00000000ec700000, 0x00000000ec700000, 0x00000000ec800000|  0%| F|  |TAMS 0x00000000ec700000, 0x00000000ec700000| Untracked 
| 200|0x00000000ec800000, 0x00000000ec800000, 0x00000000ec900000|  0%| F|  |TAMS 0x00000000ec800000, 0x00000000ec800000| Untracked 
| 201|0x00000000ec900000, 0x00000000ec900000, 0x00000000eca00000|  0%| F|  |TAMS 0x00000000ec900000, 0x00000000ec900000| Untracked 
| 202|0x00000000eca00000, 0x00000000eca00000, 0x00000000ecb00000|  0%| F|  |TAMS 0x00000000eca00000, 0x00000000eca00000| Untracked 
| 203|0x00000000ecb00000, 0x00000000ecb00000, 0x00000000ecc00000|  0%| F|  |TAMS 0x00000000ecb00000, 0x00000000ecb00000| Untracked 
| 204|0x00000000ecc00000, 0x00000000ecc00000, 0x00000000ecd00000|  0%| F|  |TAMS 0x00000000ecc00000, 0x00000000ecc00000| Untracked 
| 205|0x00000000ecd00000, 0x00000000ecd00000, 0x00000000ece00000|  0%| F|  |TAMS 0x00000000ecd00000, 0x00000000ecd00000| Untracked 
| 206|0x00000000ece00000, 0x00000000ece00000, 0x00000000ecf00000|  0%| F|  |TAMS 0x00000000ece00000, 0x00000000ece00000| Untracked 
| 207|0x00000000ecf00000, 0x00000000ecf00000, 0x00000000ed000000|  0%| F|  |TAMS 0x00000000ecf00000, 0x00000000ecf00000| Untracked 
| 208|0x00000000ed000000, 0x00000000ed000000, 0x00000000ed100000|  0%| F|  |TAMS 0x00000000ed000000, 0x00000000ed000000| Untracked 
| 209|0x00000000ed100000, 0x00000000ed100000, 0x00000000ed200000|  0%| F|  |TAMS 0x00000000ed100000, 0x00000000ed100000| Untracked 
| 210|0x00000000ed200000, 0x00000000ed200000, 0x00000000ed300000|  0%| F|  |TAMS 0x00000000ed200000, 0x00000000ed200000| Untracked 
| 211|0x00000000ed300000, 0x00000000ed300000, 0x00000000ed400000|  0%| F|  |TAMS 0x00000000ed300000, 0x00000000ed300000| Untracked 
| 212|0x00000000ed400000, 0x00000000ed400000, 0x00000000ed500000|  0%| F|  |TAMS 0x00000000ed400000, 0x00000000ed400000| Untracked 
| 213|0x00000000ed500000, 0x00000000ed500000, 0x00000000ed600000|  0%| F|  |TAMS 0x00000000ed500000, 0x00000000ed500000| Untracked 
| 214|0x00000000ed600000, 0x00000000ed600000, 0x00000000ed700000|  0%| F|  |TAMS 0x00000000ed600000, 0x00000000ed600000| Untracked 
| 215|0x00000000ed700000, 0x00000000ed700000, 0x00000000ed800000|  0%| F|  |TAMS 0x00000000ed700000, 0x00000000ed700000| Untracked 
| 216|0x00000000ed800000, 0x00000000ed800000, 0x00000000ed900000|  0%| F|  |TAMS 0x00000000ed800000, 0x00000000ed800000| Untracked 
| 217|0x00000000ed900000, 0x00000000ed900000, 0x00000000eda00000|  0%| F|  |TAMS 0x00000000ed900000, 0x00000000ed900000| Untracked 
| 218|0x00000000eda00000, 0x00000000eda00000, 0x00000000edb00000|  0%| F|  |TAMS 0x00000000eda00000, 0x00000000eda00000| Untracked 
| 219|0x00000000edb00000, 0x00000000edb00000, 0x00000000edc00000|  0%| F|  |TAMS 0x00000000edb00000, 0x00000000edb00000| Untracked 
| 220|0x00000000edc00000, 0x00000000edc00000, 0x00000000edd00000|  0%| F|  |TAMS 0x00000000edc00000, 0x00000000edc00000| Untracked 
| 221|0x00000000edd00000, 0x00000000edd00000, 0x00000000ede00000|  0%| F|  |TAMS 0x00000000edd00000, 0x00000000edd00000| Untracked 
| 222|0x00000000ede00000, 0x00000000ede00000, 0x00000000edf00000|  0%| F|  |TAMS 0x00000000ede00000, 0x00000000ede00000| Untracked 
| 223|0x00000000edf00000, 0x00000000edf00000, 0x00000000ee000000|  0%| F|  |TAMS 0x00000000edf00000, 0x00000000edf00000| Untracked 
| 224|0x00000000ee000000, 0x00000000ee000000, 0x00000000ee100000|  0%| F|  |TAMS 0x00000000ee000000, 0x00000000ee000000| Untracked 
| 225|0x00000000ee100000, 0x00000000ee100000, 0x00000000ee200000|  0%| F|  |TAMS 0x00000000ee100000, 0x00000000ee100000| Untracked 
| 226|0x00000000ee200000, 0x00000000ee200000, 0x00000000ee300000|  0%| F|  |TAMS 0x00000000ee200000, 0x00000000ee200000| Untracked 
| 227|0x00000000ee300000, 0x00000000ee300000, 0x00000000ee400000|  0%| F|  |TAMS 0x00000000ee300000, 0x00000000ee300000| Untracked 
| 228|0x00000000ee400000, 0x00000000ee400000, 0x00000000ee500000|  0%| F|  |TAMS 0x00000000ee400000, 0x00000000ee400000| Untracked 
| 229|0x00000000ee500000, 0x00000000ee500000, 0x00000000ee600000|  0%| F|  |TAMS 0x00000000ee500000, 0x00000000ee500000| Untracked 
| 230|0x00000000ee600000, 0x00000000ee600000, 0x00000000ee700000|  0%| F|  |TAMS 0x00000000ee600000, 0x00000000ee600000| Untracked 
| 231|0x00000000ee700000, 0x00000000ee700000, 0x00000000ee800000|  0%| F|  |TAMS 0x00000000ee700000, 0x00000000ee700000| Untracked 
| 232|0x00000000ee800000, 0x00000000ee800000, 0x00000000ee900000|  0%| F|  |TAMS 0x00000000ee800000, 0x00000000ee800000| Untracked 
| 233|0x00000000ee900000, 0x00000000ee900000, 0x00000000eea00000|  0%| F|  |TAMS 0x00000000ee900000, 0x00000000ee900000| Untracked 
| 234|0x00000000eea00000, 0x00000000eea00000, 0x00000000eeb00000|  0%| F|  |TAMS 0x00000000eea00000, 0x00000000eea00000| Untracked 
| 235|0x00000000eeb00000, 0x00000000eeb00000, 0x00000000eec00000|  0%| F|  |TAMS 0x00000000eeb00000, 0x00000000eeb00000| Untracked 
| 236|0x00000000eec00000, 0x00000000eec00000, 0x00000000eed00000|  0%| F|  |TAMS 0x00000000eec00000, 0x00000000eec00000| Untracked 
| 237|0x00000000eed00000, 0x00000000eed00000, 0x00000000eee00000|  0%| F|  |TAMS 0x00000000eed00000, 0x00000000eed00000| Untracked 
| 238|0x00000000eee00000, 0x00000000eee00000, 0x00000000eef00000|  0%| F|  |TAMS 0x00000000eee00000, 0x00000000eee00000| Untracked 
| 239|0x00000000eef00000, 0x00000000eef00000, 0x00000000ef000000|  0%| F|  |TAMS 0x00000000eef00000, 0x00000000eef00000| Untracked 
| 240|0x00000000ef000000, 0x00000000ef000000, 0x00000000ef100000|  0%| F|  |TAMS 0x00000000ef000000, 0x00000000ef000000| Untracked 
| 241|0x00000000ef100000, 0x00000000ef100000, 0x00000000ef200000|  0%| F|  |TAMS 0x00000000ef100000, 0x00000000ef100000| Untracked 
| 242|0x00000000ef200000, 0x00000000ef200000, 0x00000000ef300000|  0%| F|  |TAMS 0x00000000ef200000, 0x00000000ef200000| Untracked 
| 243|0x00000000ef300000, 0x00000000ef300000, 0x00000000ef400000|  0%| F|  |TAMS 0x00000000ef300000, 0x00000000ef300000| Untracked 
| 244|0x00000000ef400000, 0x00000000ef400000, 0x00000000ef500000|  0%| F|  |TAMS 0x00000000ef400000, 0x00000000ef400000| Untracked 
| 245|0x00000000ef500000, 0x00000000ef500000, 0x00000000ef600000|  0%| F|  |TAMS 0x00000000ef500000, 0x00000000ef500000| Untracked 
| 246|0x00000000ef600000, 0x00000000ef600000, 0x00000000ef700000|  0%| F|  |TAMS 0x00000000ef600000, 0x00000000ef600000| Untracked 
| 247|0x00000000ef700000, 0x00000000ef700000, 0x00000000ef800000|  0%| F|  |TAMS 0x00000000ef700000, 0x00000000ef700000| Untracked 
| 248|0x00000000ef800000, 0x00000000ef800000, 0x00000000ef900000|  0%| F|  |TAMS 0x00000000ef800000, 0x00000000ef800000| Untracked 
| 249|0x00000000ef900000, 0x00000000ef9c8918, 0x00000000efa00000| 78%| E|  |TAMS 0x00000000ef900000, 0x00000000ef900000| Complete 
| 250|0x00000000efa00000, 0x00000000efb00000, 0x00000000efb00000|100%| E|CS|TAMS 0x00000000efa00000, 0x00000000efa00000| Complete 
| 251|0x00000000efb00000, 0x00000000efc00000, 0x00000000efc00000|100%| E|CS|TAMS 0x00000000efb00000, 0x00000000efb00000| Complete 
| 252|0x00000000efc00000, 0x00000000efd00000, 0x00000000efd00000|100%| E|CS|TAMS 0x00000000efc00000, 0x00000000efc00000| Complete 
| 253|0x00000000efd00000, 0x00000000efe00000, 0x00000000efe00000|100%| E|CS|TAMS 0x00000000efd00000, 0x00000000efd00000| Complete 
| 254|0x00000000efe00000, 0x00000000eff00000, 0x00000000eff00000|100%| E|CS|TAMS 0x00000000efe00000, 0x00000000efe00000| Complete 
| 255|0x00000000eff00000, 0x00000000f0000000, 0x00000000f0000000|100%| E|CS|TAMS 0x00000000eff00000, 0x00000000eff00000| Complete 

Card table byte_map: [0x000001e659f70000,0x000001e65a070000] _byte_map_base: 0x000001e659870000

Marking Bits (Prev, Next): (CMBitMap*) 0x000001e64347b3a0, (CMBitMap*) 0x000001e64347b368
 Prev Bits: [0x000001e65a970000, 0x000001e65b170000)
 Next Bits: [0x000001e65a170000, 0x000001e65a970000)

Polling page: 0x000001e642c30000

Metaspace:

Usage:
  Non-class:     65.50 MB capacity,    63.69 MB ( 97%) used,     1.52 MB (  2%) free+waste,   295.06 KB ( <1%) overhead. 
      Class:     10.56 MB capacity,     9.51 MB ( 90%) used,   930.38 KB (  9%) free+waste,   143.69 KB (  1%) overhead. 
       Both:     76.06 MB capacity,    73.20 MB ( 96%) used,     2.43 MB (  3%) free+waste,   438.75 KB ( <1%) overhead. 

Virtual space:
  Non-class space:       66.00 MB reserved,      65.62 MB (>99%) committed 
      Class space:      376.00 MB reserved,      10.62 MB (  3%) committed 
             Both:      442.00 MB reserved,      76.25 MB ( 17%) committed 

Chunk freelists:
   Non-Class:  256 bytes
       Class:  256 bytes
        Both:  512 bytes

CodeHeap 'non-profiled nmethods': size=120000Kb used=6499Kb max_used=6499Kb free=113500Kb
 bounds [0x000001e652610000, 0x000001e652c70000, 0x000001e659b40000]
CodeHeap 'profiled nmethods': size=120000Kb used=22464Kb max_used=22464Kb free=97535Kb
 bounds [0x000001e64b0e0000, 0x000001e64c6e0000, 0x000001e652610000]
CodeHeap 'non-nmethods': size=5760Kb used=2266Kb max_used=2321Kb free=3493Kb
 bounds [0x000001e64ab40000, 0x000001e64adb0000, 0x000001e64b0e0000]
 total_blobs=11388 nmethods=10524 adapters=775
 compilation: enabled
              stopped_count=0, restarted_count=0
 full_count=0

Compilation events (10 events):
Event: 103.888 Thread 0x000001e65e4f2800 nmethod 10623 0x000001e652c68810 code [0x000001e652c689a0, 0x000001e652c68a58]
Event: 104.888 Thread 0x000001e65e4f1000 10624   !   4       org.gradle.launcher.daemon.server.exec.DaemonConnectionBackedEventConsumer$ForwardEvents::getNextEvent (27 bytes)
Event: 104.889 Thread 0x000001e65e4f1000 nmethod 10624 0x000001e652c68b10 code [0x000001e652c68ca0, 0x000001e652c68da8]
Event: 113.916 Thread 0x000001e65e4f2800 10625       3       java.util.LinkedHashSet::<init> (27 bytes)
Event: 113.916 Thread 0x000001e65e4f2800 nmethod 10625 0x000001e64c6cf090 code [0x000001e64c6cf2c0, 0x000001e64c6cf8e8]
Event: 118.569 Thread 0x000001e65e4f2800 10626       3       java.util.concurrent.ScheduledThreadPoolExecutor$ScheduledFutureTask::getDelay (16 bytes)
Event: 118.569 Thread 0x000001e65e4f2800 nmethod 10626 0x000001e64c6cfb90 code [0x000001e64c6cfd40, 0x000001e64c6cfec8]
Event: 123.877 Thread 0x000001e65e4f2800 10627       3       java.util.concurrent.LinkedBlockingDeque$AbstractItr::hasNext (13 bytes)
Event: 123.878 Thread 0x000001e65e4f2800 nmethod 10627 0x000001e64c6cff90 code [0x000001e64c6d0120, 0x000001e64c6d0278]
Event: 123.884 Thread 0x000001e65e4f1000 10628       4       java.lang.String$CaseInsensitiveComparator::compare (68 bytes)

GC Heap History (10 events):
Event: 10.418 GC heap before
{Heap before GC invocations=7 (full 0):
 garbage-first heap   total 262144K, used 154145K [0x00000000e0000000, 0x0000000100000000)
  region size 1024K, 127 young (130048K), 6 survivors (6144K)
 Metaspace       used 46359K, capacity 47622K, committed 47868K, reserved 428032K
  class space    used 6027K, capacity 6516K, committed 6528K, reserved 385024K
}
Event: 10.430 GC heap after
{Heap after GC invocations=8 (full 0):
 garbage-first heap   total 262144K, used 32180K [0x00000000e0000000, 0x0000000100000000)
  region size 1024K, 14 young (14336K), 14 survivors (14336K)
 Metaspace       used 46359K, capacity 47622K, committed 47868K, reserved 428032K
  class space    used 6027K, capacity 6516K, committed 6528K, reserved 385024K
}
Event: 11.959 GC heap before
{Heap before GC invocations=9 (full 0):
 garbage-first heap   total 262144K, used 168372K [0x00000000e0000000, 0x0000000100000000)
  region size 1024K, 147 young (150528K), 14 survivors (14336K)
 Metaspace       used 55190K, capacity 57050K, committed 57212K, reserved 434176K
  class space    used 7362K, capacity 8086K, committed 8192K, reserved 385024K
}
Event: 11.974 GC heap after
{Heap after GC invocations=10 (full 0):
 garbage-first heap   total 262144K, used 38282K [0x00000000e0000000, 0x0000000100000000)
  region size 1024K, 16 young (16384K), 16 survivors (16384K)
 Metaspace       used 55190K, capacity 57050K, committed 57212K, reserved 434176K
  class space    used 7362K, capacity 8086K, committed 8192K, reserved 385024K
}
Event: 14.721 GC heap before
{Heap before GC invocations=10 (full 0):
 garbage-first heap   total 262144K, used 177546K [0x00000000e0000000, 0x0000000100000000)
  region size 1024K, 153 young (156672K), 16 survivors (16384K)
 Metaspace       used 61034K, capacity 63387K, committed 63484K, reserved 440320K
  class space    used 8125K, capacity 9024K, committed 9088K, reserved 385024K
}
Event: 14.739 GC heap after
{Heap after GC invocations=11 (full 0):
 garbage-first heap   total 262144K, used 47737K [0x00000000e0000000, 0x0000000100000000)
  region size 1024K, 16 young (16384K), 16 survivors (16384K)
 Metaspace       used 61034K, capacity 63387K, committed 63484K, reserved 440320K
  class space    used 8125K, capacity 9024K, committed 9088K, reserved 385024K
}
Event: 17.369 GC heap before
{Heap before GC invocations=11 (full 0):
 garbage-first heap   total 262144K, used 188025K [0x00000000e0000000, 0x0000000100000000)
  region size 1024K, 153 young (156672K), 16 survivors (16384K)
 Metaspace       used 69347K, capacity 71985K, committed 72316K, reserved 448512K
  class space    used 9173K, capacity 10145K, committed 10240K, reserved 385024K
}
Event: 17.397 GC heap after
{Heap after GC invocations=12 (full 0):
 garbage-first heap   total 262144K, used 65211K [0x00000000e0000000, 0x0000000100000000)
  region size 1024K, 20 young (20480K), 20 survivors (20480K)
 Metaspace       used 69347K, capacity 71985K, committed 72316K, reserved 448512K
  class space    used 9173K, capacity 10145K, committed 10240K, reserved 385024K
}
Event: 19.757 GC heap before
{Heap before GC invocations=12 (full 0):
 garbage-first heap   total 262144K, used 192187K [0x00000000e0000000, 0x0000000100000000)
  region size 1024K, 144 young (147456K), 20 survivors (20480K)
 Metaspace       used 74589K, capacity 77476K, committed 77820K, reserved 452608K
  class space    used 9704K, capacity 10766K, committed 10880K, reserved 385024K
}
Event: 19.776 GC heap after
{Heap after GC invocations=13 (full 0):
 garbage-first heap   total 262144K, used 69885K [0x00000000e0000000, 0x0000000100000000)
  region size 1024K, 8 young (8192K), 8 survivors (8192K)
 Metaspace       used 74589K, capacity 77476K, committed 77820K, reserved 452608K
  class space    used 9704K, capacity 10766K, committed 10880K, reserved 385024K
}

Deoptimization events (10 events):
Event: 19.408 Thread 0x000001e66589c000 Uncommon trap: reason=unstable_if action=reinterpret pc=0x000001e652ab0054 method=com.google.common.collect.HashBiMap.seekByValue(Ljava/lang/Object;I)Lcom/google/common/collect/HashBiMap$BiEntry; @ 21 c2
Event: 19.411 Thread 0x000001e66589c000 Uncommon trap: reason=unstable_if action=reinterpret pc=0x000001e652a1d9e8 method=com.esotericsoftware.kryo.io.Output.writeString(Ljava/lang/CharSequence;)V @ 50 c2
Event: 19.471 Thread 0x000001e665898000 Uncommon trap: reason=bimorphic_or_optimized_type_check action=maybe_recompile pc=0x000001e652852654 method=java.util.stream.StreamOpFlag.fromCharacteristics(Ljava/util/Spliterator;)I @ 14 c2
Event: 44.983 Thread 0x000001e661a8b000 Uncommon trap: reason=unstable_if action=reinterpret pc=0x000001e652629af8 method=java.lang.String.getChars(II[CI)V @ 23 c2
Event: 44.983 Thread 0x000001e661a8b000 Uncommon trap: reason=unstable_if action=reinterpret pc=0x000001e6526efb8c method=sun.nio.cs.DoubleByte$Encoder.encodeArrayLoop(Ljava/nio/CharBuffer;Ljava/nio/ByteBuffer;)Ljava/nio/charset/CoderResult; @ 218 c2
Event: 44.996 Thread 0x000001e65ffa1800 Uncommon trap: reason=unstable_if action=reinterpret pc=0x000001e652c1cc84 method=com.esotericsoftware.kryo.io.Output.writeString(Ljava/lang/CharSequence;)V @ 83 c2
Event: 63.885 Thread 0x000001e65f6da000 Uncommon trap: reason=bimorphic_or_optimized_type_check action=maybe_recompile pc=0x000001e652bedac4 method=java.util.HashMap.removeNode(ILjava/lang/Object;Ljava/lang/Object;ZZ)Ljava/util/HashMap$Node; @ 283 c2
Event: 63.885 Thread 0x000001e65f6da000 Uncommon trap: reason=bimorphic_or_optimized_type_check action=maybe_recompile pc=0x000001e652bedc08 method=java.util.HashMap.removeNode(ILjava/lang/Object;Ljava/lang/Object;ZZ)Ljava/util/HashMap$Node; @ 68 c2
Event: 93.888 Thread 0x000001e65f6da000 Uncommon trap: reason=bimorphic_or_optimized_type_check action=maybe_recompile pc=0x000001e652bedac4 method=java.util.HashMap.removeNode(ILjava/lang/Object;Ljava/lang/Object;ZZ)Ljava/util/HashMap$Node; @ 283 c2
Event: 93.888 Thread 0x000001e65f6da000 Uncommon trap: reason=bimorphic_or_optimized_type_check action=maybe_recompile pc=0x000001e652bedc08 method=java.util.HashMap.removeNode(ILjava/lang/Object;Ljava/lang/Object;ZZ)Ljava/util/HashMap$Node; @ 68 c2

Classes redefined (0 events):
No events

Internal exceptions (10 events):
Event: 19.474 Thread 0x000001e661812000 Exception <a 'java/lang/NoSuchMethodError'{0x00000000e94bde70}: static Lorg/gradle/internal/build/event/types/DefaultTaskSuccessResult;.<clinit>()V> (0x00000000e94bde70) thrown at [./open/src/hotspot/share/prims/jni.cpp, line 1366]
Event: 19.475 Thread 0x000001e661812000 Exception <a 'java/lang/NoSuchMethodError'{0x00000000e94bf090}: static Lorg/gradle/internal/build/event/types/AbstractTaskResult;.<clinit>()V> (0x00000000e94bf090) thrown at [./open/src/hotspot/share/prims/jni.cpp, line 1366]
Event: 19.475 Thread 0x000001e661812000 Exception <a 'java/lang/NoSuchMethodError'{0x00000000e94c0660}: static Lorg/gradle/internal/build/event/types/AbstractResult;.<clinit>()V> (0x00000000e94c0660) thrown at [./open/src/hotspot/share/prims/jni.cpp, line 1366]
Event: 19.479 Thread 0x000001e661812000 Exception <a 'java/lang/NoSuchMethodError'{0x00000000e94fc798}: static [Ljava/lang/Object;.<clinit>()V> (0x00000000e94fc798) thrown at [./open/src/hotspot/share/prims/jni.cpp, line 1366]
Event: 20.019 Thread 0x000001e661a87000 Exception <a 'java/lang/NoSuchMethodError'{0x00000000efe13fe0}: java.lang.invoke.DirectMethodHandle$Holder.invokeStatic(Ljava/lang/Object;J)V> (0x00000000efe13fe0) thrown at [./open/src/hotspot/share/interpreter/linkResolver.cpp, line 772]
Event: 20.019 Thread 0x000001e661a87000 Exception <a 'java/lang/NoSuchMethodError'{0x00000000efe2bfc8}: java.lang.invoke.DirectMethodHandle$Holder.invokeStatic(Ljava/lang/Object;J)Ljava/lang/Object;> (0x00000000efe2bfc8) thrown at [./open/src/hotspot/share/interpreter/linkResolver.cpp, line 772
Event: 20.019 Thread 0x000001e661a87000 Exception <a 'java/lang/NoSuchMethodError'{0x00000000efe2f2f0}: java.lang.invoke.DirectMethodHandle$Holder.invokeSpecial(Ljava/lang/Object;Ljava/lang/Object;J)Ljava/lang/Object;> (0x00000000efe2f2f0) thrown at [./open/src/hotspot/share/interpreter/linkRes
Event: 20.019 Thread 0x000001e661a87000 Exception <a 'java/lang/NoSuchMethodError'{0x00000000efe32058}: java.lang.invoke.Invokers$Holder.linkToTargetMethod(JLjava/lang/Object;)Ljava/lang/Object;> (0x00000000efe32058) thrown at [./open/src/hotspot/share/interpreter/linkResolver.cpp, line 772]
Event: 20.026 Thread 0x000001e661a87000 Exception <a 'java/lang/NoSuchMethodError'{0x00000000efe39c08}: java.lang.invoke.DirectMethodHandle$Holder.invokeStatic(Ljava/lang/Object;Ljava/lang/Object;JLjava/lang/Object;)Ljava/lang/Object;> (0x00000000efe39c08) thrown at [./open/src/hotspot/share/in
Event: 20.026 Thread 0x000001e661a87000 Exception <a 'java/lang/NoSuchMethodError'{0x00000000efe47058}: java.lang.invoke.DirectMethodHandle$Holder.invokeStaticInit(Ljava/lang/Object;Ljava/lang/Object;JLjava/lang/Object;)Ljava/lang/Object;> (0x00000000efe47058) thrown at [./open/src/hotspot/shar

Events (10 events):
Event: 63.885 Thread 0x000001e65f6da000 DEOPT UNPACKING pc=0x000001e64ab665af sp=0x000000b1f84fe3c8 mode 2
Event: 63.885 Thread 0x000001e65f6da000 Uncommon trap: trap_request=0xffffffc6 fr.pc=0x000001e652bedc08 relative=0x0000000000000ba8
Event: 63.886 Thread 0x000001e65f6da000 DEOPT PACKING pc=0x000001e652bedc08 sp=0x000000b1f84fe430
Event: 63.886 Thread 0x000001e65f6da000 DEOPT UNPACKING pc=0x000001e64ab665af sp=0x000000b1f84fe3c8 mode 2
Event: 93.888 Thread 0x000001e65f6da000 Uncommon trap: trap_request=0xffffffc6 fr.pc=0x000001e652bedac4 relative=0x0000000000000a64
Event: 93.888 Thread 0x000001e65f6da000 DEOPT PACKING pc=0x000001e652bedac4 sp=0x000000b1f84fe470
Event: 93.888 Thread 0x000001e65f6da000 DEOPT UNPACKING pc=0x000001e64ab665af sp=0x000000b1f84fe408 mode 2
Event: 93.888 Thread 0x000001e65f6da000 Uncommon trap: trap_request=0xffffffc6 fr.pc=0x000001e652bedc08 relative=0x0000000000000ba8
Event: 93.888 Thread 0x000001e65f6da000 DEOPT PACKING pc=0x000001e652bedc08 sp=0x000000b1f84fe470
Event: 93.888 Thread 0x000001e65f6da000 DEOPT UNPACKING pc=0x000001e64ab665af sp=0x000000b1f84fe408 mode 2


Dynamic libraries:
0x00007ff6694e0000 - 0x00007ff6694f0000 	C:\Program Files\Java\jdk-11\bin\java.exe
0x00007ff893180000 - 0x00007ff893389000 	C:\WINDOWS\SYSTEM32\ntdll.dll
0x00007ff891c70000 - 0x00007ff891d2d000 	C:\WINDOWS\System32\KERNEL32.DLL
0x00007ff890750000 - 0x00007ff890ad4000 	C:\WINDOWS\System32\KERNELBASE.dll
0x00007ff890ba0000 - 0x00007ff890cb1000 	C:\WINDOWS\System32\ucrtbase.dll
0x00007ff87b880000 - 0x00007ff87b899000 	C:\Program Files\Java\jdk-11\bin\jli.dll
0x00007ff87ba60000 - 0x00007ff87ba7b000 	C:\Program Files\Java\jdk-11\bin\VCRUNTIME140.dll
0x00007ff892e00000 - 0x00007ff892eae000 	C:\WINDOWS\System32\ADVAPI32.dll
0x00007ff891630000 - 0x00007ff8916d3000 	C:\WINDOWS\System32\msvcrt.dll
0x00007ff891e80000 - 0x00007ff891f1e000 	C:\WINDOWS\System32\sechost.dll
0x00007ff892710000 - 0x00007ff892831000 	C:\WINDOWS\System32\RPCRT4.dll
0x00007ff892c50000 - 0x00007ff892dfd000 	C:\WINDOWS\System32\USER32.dll
0x00007ff8906b0000 - 0x00007ff8906d6000 	C:\WINDOWS\System32\win32u.dll
0x00007ff8916e0000 - 0x00007ff89170a000 	C:\WINDOWS\System32\GDI32.dll
0x00007ff890d40000 - 0x00007ff890e5e000 	C:\WINDOWS\System32\gdi32full.dll
0x00007ff890610000 - 0x00007ff8906ad000 	C:\WINDOWS\System32\msvcp_win.dll
0x00007ff881cb0000 - 0x00007ff881f55000 	C:\WINDOWS\WinSxS\amd64_microsoft.windows.common-controls_6595b64144ccf1df_6.0.22000.120_none_9d947278b86cc467\COMCTL32.dll
0x00007ff885dd0000 - 0x00007ff885dda000 	C:\WINDOWS\SYSTEM32\VERSION.dll
0x00007ff892ee0000 - 0x00007ff892f11000 	C:\WINDOWS\System32\IMM32.DLL
0x00007ff87f6c0000 - 0x00007ff87f6cc000 	C:\Program Files\Java\jdk-11\bin\vcruntime140_1.dll
0x00007ff867740000 - 0x00007ff8677ce000 	C:\Program Files\Java\jdk-11\bin\msvcp140.dll
0x00007ff84b4b0000 - 0x00007ff84c01d000 	C:\Program Files\Java\jdk-11\bin\server\jvm.dll
0x00007ff893110000 - 0x00007ff893118000 	C:\WINDOWS\System32\PSAPI.DLL
0x00007ff888f30000 - 0x00007ff888f63000 	C:\WINDOWS\SYSTEM32\WINMM.dll
0x00007ff87ef10000 - 0x00007ff87ef19000 	C:\WINDOWS\SYSTEM32\WSOCK32.dll
0x00007ff891050000 - 0x00007ff8910bf000 	C:\WINDOWS\System32\WS2_32.dll
0x00007ff88f680000 - 0x00007ff88f698000 	C:\WINDOWS\SYSTEM32\kernel.appcore.dll
0x00007ff87d880000 - 0x00007ff87d890000 	C:\Program Files\Java\jdk-11\bin\verify.dll
0x00007ff88e240000 - 0x00007ff88e461000 	C:\WINDOWS\SYSTEM32\DBGHELP.DLL
0x00007ff87adc0000 - 0x00007ff87adf1000 	C:\WINDOWS\SYSTEM32\dbgcore.DLL
0x00007ff890cc0000 - 0x00007ff890d3f000 	C:\WINDOWS\System32\bcryptPrimitives.dll
0x00007ff87b610000 - 0x00007ff87b638000 	C:\Program Files\Java\jdk-11\bin\java.dll
0x00007ff87bd40000 - 0x00007ff87bd4a000 	C:\Program Files\Java\jdk-11\bin\jimage.dll
0x00007ff87baa0000 - 0x00007ff87baae000 	C:\Program Files\Java\jdk-11\bin\instrument.dll
0x00007ff87b860000 - 0x00007ff87b877000 	C:\Program Files\Java\jdk-11\bin\zip.dll
0x00007ff891f20000 - 0x00007ff8926e5000 	C:\WINDOWS\System32\SHELL32.dll
0x00007ff88e6e0000 - 0x00007ff88ef42000 	C:\WINDOWS\SYSTEM32\windows.storage.dll
0x00007ff8928d0000 - 0x00007ff892c46000 	C:\WINDOWS\System32\combase.dll
0x00007ff88e470000 - 0x00007ff88e5d7000 	C:\WINDOWS\SYSTEM32\wintypes.dll
0x00007ff8910c0000 - 0x00007ff8911aa000 	C:\WINDOWS\System32\SHCORE.dll
0x00007ff892f90000 - 0x00007ff892fed000 	C:\WINDOWS\System32\shlwapi.dll
0x00007ff890540000 - 0x00007ff890565000 	C:\WINDOWS\SYSTEM32\profapi.dll
0x00007ff87b650000 - 0x00007ff87b669000 	C:\Program Files\Java\jdk-11\bin\net.dll
0x00007ff888a10000 - 0x00007ff888b24000 	C:\WINDOWS\SYSTEM32\WINHTTP.dll
0x00007ff88fba0000 - 0x00007ff88fc07000 	C:\WINDOWS\system32\mswsock.dll
0x00007ff87b5f0000 - 0x00007ff87b602000 	C:\Program Files\Java\jdk-11\bin\nio.dll
0x00007ff87b240000 - 0x00007ff87b267000 	C:\Users\LG\.gradle\native\68d5fa5c4cc2d200863cafc0d521ce42e7d3e7ee720ec0a83991735586a16f82\windows-amd64\native-platform.dll
0x00007ff85ade0000 - 0x00007ff85af24000 	C:\Users\LG\.gradle\native\e376f236ea51e6404a007f0833ffe2c6e607c4080706a723a18a27aeea778392\windows-amd64\native-platform-file-events.dll
0x00007ff87b6d0000 - 0x00007ff87b6d9000 	C:\Program Files\Java\jdk-11\bin\management.dll
0x00007ff87b230000 - 0x00007ff87b23b000 	C:\Program Files\Java\jdk-11\bin\management_ext.dll
0x00007ff88fe20000 - 0x00007ff88fe38000 	C:\WINDOWS\SYSTEM32\CRYPTSP.dll
0x00007ff88f5e0000 - 0x00007ff88f615000 	C:\WINDOWS\system32\rsaenh.dll
0x00007ff88fcc0000 - 0x00007ff88fcec000 	C:\WINDOWS\SYSTEM32\USERENV.dll
0x00007ff88ffe0000 - 0x00007ff890007000 	C:\WINDOWS\SYSTEM32\bcrypt.dll
0x00007ff88fe10000 - 0x00007ff88fe1c000 	C:\WINDOWS\SYSTEM32\CRYPTBASE.dll
0x00007ff88f1a0000 - 0x00007ff88f1cd000 	C:\WINDOWS\SYSTEM32\IPHLPAPI.DLL
0x00007ff892700000 - 0x00007ff892709000 	C:\WINDOWS\System32\NSI.dll
0x00007ff888e30000 - 0x00007ff888e49000 	C:\WINDOWS\SYSTEM32\dhcpcsvc6.DLL
0x00007ff889360000 - 0x00007ff88937e000 	C:\WINDOWS\SYSTEM32\dhcpcsvc.DLL
0x00007ff88f1d0000 - 0x00007ff88f2b7000 	C:\WINDOWS\SYSTEM32\DNSAPI.dll

dbghelp: loaded successfully - version: 4.0.5 - missing functions: none
symbol engine: initialized successfully - sym options: 0x614 - pdb path: .;C:\Program Files\Java\jdk-11\bin;C:\WINDOWS\SYSTEM32;C:\WINDOWS\WinSxS\amd64_microsoft.windows.common-controls_6595b64144ccf1df_6.0.22000.120_none_9d947278b86cc467;C:\Program Files\Java\jdk-11\bin\server;C:\Users\LG\.gradle\native\68d5fa5c4cc2d200863cafc0d521ce42e7d3e7ee720ec0a83991735586a16f82\windows-amd64;C:\Users\LG\.gradle\native\e376f236ea51e6404a007f0833ffe2c6e607c4080706a723a18a27aeea778392\windows-amd64

VM Arguments:
jvm_args: --add-opens=java.base/java.util=ALL-UNNAMED --add-opens=java.base/java.lang=ALL-UNNAMED --add-opens=java.base/java.lang.invoke=ALL-UNNAMED --add-opens=java.prefs/java.util.prefs=ALL-UNNAMED --add-opens=java.base/java.nio.charset=ALL-UNNAMED --add-opens=java.base/java.net=ALL-UNNAMED --add-opens=java.base/java.util.concurrent.atomic=ALL-UNNAMED -XX:MaxMetaspaceSize=384m -XX:+HeapDumpOnOutOfMemoryError -Xms256m -Xmx512m -Dfile.encoding=x-windows-949 -Duser.country=KR -Duser.language=ko -Duser.variant -javaagent:C:\Users\LG\.gradle\wrapper\dists\gradle-8.2.1-bin\5hap6b9n41hkg4jeh2au2pllh\gradle-8.2.1\lib\agents\gradle-instrumentation-agent-8.2.1.jar 
java_command: org.gradle.launcher.daemon.bootstrap.GradleDaemon 8.2.1
java_class_path (initial): C:\Users\LG\.gradle\wrapper\dists\gradle-8.2.1-bin\5hap6b9n41hkg4jeh2au2pllh\gradle-8.2.1\lib\gradle-launcher-8.2.1.jar
Launcher Type: SUN_STANDARD

[Global flags]
     intx CICompilerCount                          = 4                                         {product} {ergonomic}
   size_t CompressedClassSpaceSize                 = 394264576                                 {product} {ergonomic}
     uint ConcGCThreads                            = 2                                         {product} {ergonomic}
     uint G1ConcRefinementThreads                  = 8                                         {product} {ergonomic}
   size_t G1HeapRegionSize                         = 1048576                                   {product} {ergonomic}
    uintx GCDrainStackTargetSize                   = 64                                        {product} {ergonomic}
     bool HeapDumpOnOutOfMemoryError               = true                                   {manageable} {command line}
   size_t InitialHeapSize                          = 268435456                                 {product} {command line}
   size_t MarkStackSize                            = 4194304                                   {product} {ergonomic}
   size_t MaxHeapSize                              = 536870912                                 {product} {command line}
   size_t MaxMetaspaceSize                         = 402653184                                 {product} {command line}
   size_t MaxNewSize                               = 321912832                                 {product} {ergonomic}
   size_t MinHeapDeltaBytes                        = 1048576                                   {product} {ergonomic}
    uintx NonNMethodCodeHeapSize                   = 5836300                                {pd product} {ergonomic}
    uintx NonProfiledCodeHeapSize                  = 122910970                              {pd product} {ergonomic}
    uintx ProfiledCodeHeapSize                     = 122910970                              {pd product} {ergonomic}
    uintx ReservedCodeCacheSize                    = 251658240                              {pd product} {ergonomic}
     bool SegmentedCodeCache                       = true                                      {product} {ergonomic}
     bool UseCompressedClassPointers               = true                                 {lp64_product} {ergonomic}
     bool UseCompressedOops                        = true                                 {lp64_product} {ergonomic}
     bool UseG1GC                                  = true                                      {product} {ergonomic}
     bool UseLargePagesIndividualAllocation        = false                                  {pd product} {ergonomic}

Logging:
Log output configuration:
 #0: stdout all=warning uptime,level,tags
 #1: stderr all=off uptime,level,tags

Environment Variables:
JAVA_HOME=C:\jdk-11.0.2
CLASSPATH=C:\jdk-11.0.2\lib
PATH=C:\jdk-11.0.2\bin;C:\jdk-11.0.2;C:\Program Files\Eclipse Adoptium\jdk-8.0.382.5-hotspot\bin;C:\oraclexe\app\oracle\product\10.2.0\server\bin;C:\Program Files (x86)\Common Files\Oracle\Java\javapath;C:\Program Files (x86)\Intel\iCLS Client\;C:\Program Files\Intel\iCLS Client\;C:\windows\system32;C:\windows;C:\windows\System32\Wbem;C:\windows\System32\WindowsPowerShell\v1.0\;C:\Program Files (x86)\Intel\Intel(R) Management Engine Components\DAL;C:\Program Files\Intel\Intel(R) Management Engine Components\DAL;C:\Program Files (x86)\Intel\Intel(R) Management Engine Components\IPT;C:\Program Files\Intel\Intel(R) Management Engine Components\IPT;C:\Program Files\Intel\WiFi\bin\;C:\Program Files\Common Files\Intel\WirelessCommon\;C:\Program Files (x86)\NVIDIA Corporation\PhysX\Common;C:\Program Files (x86)\Skype\Phone\;C:\WINDOWS\system32;C:\WINDOWS;C:\WINDOWS\System32\Wbem;C:\WINDOWS\System32\WindowsPowerShell\v1.0\;C:\WINDOWS\System32\OpenSSH\;C:\Program Files\nodejs\;D:\openssl-0.9.8e_X64\bin;C:\ProgramData\chocolatey\bin;C:\ProgramData\chocolatey\lib\maven\apache-maven-3.9.4\bin;C:\Program Files\Git\cmd;C:\Program Files\MariaDB 10.11\bin;D:\Scripts\;D:\;C:\Users\LG\AppData\Local\Microsoft\WindowsApps;C:\Users\LG\AppData\Local\afreeca;C:\altera\13.1\modelsim_ase\win32aloem;D:\PyCharm Community Edition 2022.1.3\bin;;C:\Users\LG\AppData\Local\Programs\Microsoft VS Code\bin;C:\Users\LG\AppData\Roaming\npm;C:\Program Files\Java\jdk-1.8\bin;D:\IntelliJ IDEA Community Edition 2023.1.3\bin;;
USERNAME=LG
OS=Windows_NT
PROCESSOR_IDENTIFIER=Intel64 Family 6 Model 142 Stepping 10, GenuineIntel



---------------  S Y S T E M  ---------------

OS: Windows 11 , 64 bit Build 22000 (10.0.22000.2538)

CPU:total 8 (initial active 8) (4 cores per cpu, 2 threads per core) family 6 model 142 stepping 10 microcode 0xe0, cmov, cx8, fxsr, mmx, sse, sse2, sse3, ssse3, sse4.1, sse4.2, popcnt, avx, avx2, aes, clmul, erms, 3dnowpref, lzcnt, ht, tsc, tscinvbit, bmi1, bmi2, adx, fma

Memory: 4k page, system-wide physical 8101M (297M free)
TotalPageFile size 16293M (AvailPageFile size 0M)
current process WorkingSet (physical memory assigned to process): 437M, peak: 480M
current process commit charge ("private bytes"): 500M, peak: 545M

vm_info: Java HotSpot(TM) 64-Bit Server VM (11.0.20+9-LTS-256) for windows-amd64 JRE (11.0.20+9-LTS-256), built on Jun 14 2023 10:34:22 by "mach5one" with MS VC++ 17.1 (VS2022)

END.
