#
# There is insufficient memory for the Java Runtime Environment to continue.
# Native memory allocation (malloc) failed to allocate 1462416 bytes for Chunk::new
# Possible reasons:
#   The system is out of physical RAM or swap space
#   The process is running with CompressedOops enabled, and the Java Heap may be blocking the growth of the native heap
# Possible solutions:
#   Reduce memory load on the system
#   Increase physical memory or swap space
#   Check if swap backing store is full
#   Decrease Java heap size (-Xmx/-Xms)
#   Decrease number of Java threads
#   Decrease Java thread stack sizes (-Xss)
#   Set larger code cache with -XX:ReservedCodeCacheSize=
#   JVM is running with Unscaled Compressed Oops mode in which the Java heap is
#     placed in the first 4GB address space. The Java Heap base address is the
#     maximum limit for the native heap growth. Please use -XX:HeapBaseMinAddress
#     to set the Java Heap base and to place the Java Heap above 4GB virtual address.
# This output file may be truncated or incomplete.
#
#  Out of Memory Error (./open/src/hotspot/share/memory/arena.cpp:197), pid=41804, tid=21596
#
# JRE version: Java(TM) SE Runtime Environment 18.9 (11.0.20+9) (build 11.0.20+9-LTS-256)
# Java VM: Java HotSpot(TM) 64-Bit Server VM 18.9 (11.0.20+9-LTS-256, mixed mode, tiered, compressed oops, g1 gc, windows-amd64)
# No core dump will be written. Minidumps are not enabled by default on client versions of Windows
#

---------------  S U M M A R Y ------------

Command Line: --add-opens=java.base/java.util=ALL-UNNAMED --add-opens=java.base/java.lang=ALL-UNNAMED --add-opens=java.base/java.lang.invoke=ALL-UNNAMED --add-opens=java.prefs/java.util.prefs=ALL-UNNAMED --add-opens=java.base/java.nio.charset=ALL-UNNAMED --add-opens=java.base/java.net=ALL-UNNAMED --add-opens=java.base/java.util.concurrent.atomic=ALL-UNNAMED -XX:MaxMetaspaceSize=384m -XX:+HeapDumpOnOutOfMemoryError -Xms256m -Xmx512m -Dfile.encoding=x-windows-949 -Duser.country=KR -Duser.language=ko -Duser.variant -javaagent:C:\Users\LG\.gradle\wrapper\dists\gradle-8.2.1-bin\5hap6b9n41hkg4jeh2au2pllh\gradle-8.2.1\lib\agents\gradle-instrumentation-agent-8.2.1.jar org.gradle.launcher.daemon.bootstrap.GradleDaemon 8.2.1

Host: Intel(R) Core(TM) i5-8250U CPU @ 1.60GHz, 8 cores, 7G,  Windows 11 , 64 bit Build 22000 (10.0.22000.2538)
Time: Sat Nov  4 14:59:03 2023  Windows 11 , 64 bit Build 22000 (10.0.22000.2538) elapsed time: 9.318997 seconds (0d 0h 0m 9s)

---------------  T H R E A D  ---------------

Current thread (0x000001aed1484000):  JavaThread "C2 CompilerThread1" daemon [_thread_in_native, id=21596, stack(0x00000092fcc00000,0x00000092fcd00000)]


Current CompileTask:
C2:   9319 4880       4       jdk.internal.org.objectweb.asm.Frame::execute (2264 bytes)

Stack: [0x00000092fcc00000,0x00000092fcd00000]
Native frames: (J=compiled Java code, j=interpreted, Vv=VM code, C=native code)
V  [jvm.dll+0x6602ba]
V  [jvm.dll+0x7a32af]
V  [jvm.dll+0x7a4979]
V  [jvm.dll+0x7a5013]
V  [jvm.dll+0x258ef5]
V  [jvm.dll+0xb2a0c]
V  [jvm.dll+0xb2fcc]
V  [jvm.dll+0x367691]
V  [jvm.dll+0x330365]
V  [jvm.dll+0x32f74a]
V  [jvm.dll+0x211bfd]
V  [jvm.dll+0x210bc8]
V  [jvm.dll+0x18cdb1]
V  [jvm.dll+0x220e59]
V  [jvm.dll+0x21f17c]
V  [jvm.dll+0x767061]
V  [jvm.dll+0x75f8e4]
V  [jvm.dll+0x65f165]
C  [ucrtbase.dll+0x26c0c]
C  [KERNEL32.DLL+0x153e0]
C  [ntdll.dll+0x485b]


---------------  P R O C E S S  ---------------

Threads class SMR info:
_java_thread_list=0x000001aed4e46390, length=49, elements={
0x000001aeb3f60800, 0x000001aece6f1800, 0x000001aece6f3000, 0x000001aecef69000,
0x000001aecef6a000, 0x000001aecef6b000, 0x000001aecef70800, 0x000001aecef71800,
0x000001aecef76000, 0x000001aecf0ce000, 0x000001aed1b16800, 0x000001aecf0e2000,
0x000001aed0f70800, 0x000001aed0533800, 0x000001aed08c4000, 0x000001aed09b3000,
0x000001aed1087000, 0x000001aed0930000, 0x000001aed2097000, 0x000001aed19f1000,
0x000001aed19ee000, 0x000001aed19f0000, 0x000001aed1484000, 0x000001aed19ef800,
0x000001aed19f2000, 0x000001aed19f2800, 0x000001aed19f3800, 0x000001aed19f4800,
0x000001aed19ee800, 0x000001aed1f53800, 0x000001aed1f55000, 0x000001aed1f56000,
0x000001aed1f57000, 0x000001aed1f57800, 0x000001aed4a9c000, 0x000001aed4a98000,
0x000001aed4a99800, 0x000001aed4a98800, 0x000001aed4a9a800, 0x000001aed4a9b000,
0x000001aed4a96000, 0x000001aed4a9f000, 0x000001aed4aa2800, 0x000001aed4a9d000,
0x000001aed4aa3800, 0x000001aed4aa1800, 0x000001aed4a9d800, 0x000001aed4aa4000,
0x000001aed4a9e800
}

Java Threads: ( => current thread )
  0x000001aeb3f60800 JavaThread "main" [_thread_blocked, id=37668, stack(0x00000092fa700000,0x00000092fa800000)]
  0x000001aece6f1800 JavaThread "Reference Handler" daemon [_thread_blocked, id=41320, stack(0x00000092fae00000,0x00000092faf00000)]
  0x000001aece6f3000 JavaThread "Finalizer" daemon [_thread_blocked, id=1840, stack(0x00000092faf00000,0x00000092fb000000)]
  0x000001aecef69000 JavaThread "Signal Dispatcher" daemon [_thread_blocked, id=24796, stack(0x00000092fb000000,0x00000092fb100000)]
  0x000001aecef6a000 JavaThread "Attach Listener" daemon [_thread_blocked, id=40996, stack(0x00000092fb100000,0x00000092fb200000)]
  0x000001aecef6b000 JavaThread "Service Thread" daemon [_thread_blocked, id=2552, stack(0x00000092fb200000,0x00000092fb300000)]
  0x000001aecef70800 JavaThread "C2 CompilerThread0" daemon [_thread_in_native, id=41192, stack(0x00000092fb300000,0x00000092fb400000)]
  0x000001aecef71800 JavaThread "C1 CompilerThread0" daemon [_thread_blocked, id=39388, stack(0x00000092fb400000,0x00000092fb500000)]
  0x000001aecef76000 JavaThread "Sweeper thread" daemon [_thread_blocked, id=42964, stack(0x00000092fb500000,0x00000092fb600000)]
  0x000001aecf0ce000 JavaThread "Common-Cleaner" daemon [_thread_blocked, id=40084, stack(0x00000092fb600000,0x00000092fb700000)]
  0x000001aed1b16800 JavaThread "Daemon health stats" [_thread_blocked, id=34872, stack(0x00000092fbf00000,0x00000092fc000000)]
  0x000001aecf0e2000 JavaThread "Incoming local TCP Connector on port 8228" [_thread_in_native, id=18212, stack(0x00000092fb700000,0x00000092fb800000)]
  0x000001aed0f70800 JavaThread "Daemon periodic checks" [_thread_blocked, id=35972, stack(0x00000092fbe00000,0x00000092fbf00000)]
  0x000001aed0533800 JavaThread "Daemon" [_thread_blocked, id=30600, stack(0x00000092fc000000,0x00000092fc100000)]
  0x000001aed08c4000 JavaThread "Handler for socket connection from /127.0.0.1:8228 to /127.0.0.1:8229" [_thread_in_native, id=40136, stack(0x00000092fc100000,0x00000092fc200000)]
  0x000001aed09b3000 JavaThread "Cancel handler" [_thread_blocked, id=39000, stack(0x00000092fc200000,0x00000092fc300000)]
  0x000001aed1087000 JavaThread "Daemon worker" [_thread_in_vm, id=30160, stack(0x00000092fc300000,0x00000092fc400000)]
  0x000001aed0930000 JavaThread "Asynchronous log dispatcher for DefaultDaemonConnection: socket connection from /127.0.0.1:8228 to /127.0.0.1:8229" [_thread_blocked, id=39304, stack(0x00000092fc400000,0x00000092fc500000)]
  0x000001aed2097000 JavaThread "Stdin handler" [_thread_blocked, id=42496, stack(0x00000092fc500000,0x00000092fc600000)]
  0x000001aed19f1000 JavaThread "Daemon client event forwarder" [_thread_blocked, id=17036, stack(0x00000092fc600000,0x00000092fc700000)]
  0x000001aed19ee000 JavaThread "Cache worker for journal cache (C:\Users\LG\.gradle\caches\journal-1)" [_thread_blocked, id=18040, stack(0x00000092fca00000,0x00000092fcb00000)]
  0x000001aed19f0000 JavaThread "File lock request listener" [_thread_in_native, id=35756, stack(0x00000092fcb00000,0x00000092fcc00000)]
=>0x000001aed1484000 JavaThread "C2 CompilerThread1" daemon [_thread_in_native, id=21596, stack(0x00000092fcc00000,0x00000092fcd00000)]
  0x000001aed19ef800 JavaThread "Cache worker for file hash cache (C:\Users\LG\.gradle\caches\8.2.1\fileHashes)" [_thread_blocked, id=36588, stack(0x00000092fcd00000,0x00000092fce00000)]
  0x000001aed19f2000 JavaThread "File watcher server" daemon [_thread_in_native, id=41488, stack(0x00000092fce00000,0x00000092fcf00000)]
  0x000001aed19f2800 JavaThread "File watcher consumer" daemon [_thread_blocked, id=20760, stack(0x00000092fcf00000,0x00000092fd000000)]
  0x000001aed19f3800 JavaThread "Cache worker for checksums cache (D:\Volunteer\Volunteer\.gradle\8.2.1\checksums)" [_thread_blocked, id=5376, stack(0x00000092fd000000,0x00000092fd100000)]
  0x000001aed19f4800 JavaThread "Cache worker for cache directory md-rule (C:\Users\LG\.gradle\caches\8.2.1\md-rule)" [_thread_blocked, id=3684, stack(0x00000092fd100000,0x00000092fd200000)]
  0x000001aed19ee800 JavaThread "Cache worker for file content cache (C:\Users\LG\.gradle\caches\8.2.1\fileContent)" [_thread_blocked, id=584, stack(0x00000092fd200000,0x00000092fd300000)]
  0x000001aed1f53800 JavaThread "Cache worker for file hash cache (D:\Volunteer\Volunteer\.gradle\8.2.1\fileHashes)" [_thread_blocked, id=36624, stack(0x00000092fd300000,0x00000092fd400000)]
  0x000001aed1f55000 JavaThread "Cache worker for cache directory md-supplier (C:\Users\LG\.gradle\caches\8.2.1\md-supplier)" [_thread_blocked, id=37240, stack(0x00000092fd400000,0x00000092fd500000)]
  0x000001aed1f56000 JavaThread "Cache worker for execution history cache (C:\Users\LG\.gradle\caches\8.2.1\executionHistory)" [_thread_blocked, id=30948, stack(0x00000092fd500000,0x00000092fd600000)]
  0x000001aed1f57000 JavaThread "jar transforms" [_thread_blocked, id=30268, stack(0x00000092fd600000,0x00000092fd700000)]
  0x000001aed1f57800 JavaThread "jar transforms Thread 2" [_thread_blocked, id=15348, stack(0x00000092fd700000,0x00000092fd800000)]
  0x000001aed4a9c000 JavaThread "jar transforms Thread 3" [_thread_blocked, id=23748, stack(0x00000092fd800000,0x00000092fd900000)]
  0x000001aed4a98000 JavaThread "jar transforms Thread 4" [_thread_blocked, id=38516, stack(0x00000092fd900000,0x00000092fda00000)]
  0x000001aed4a99800 JavaThread "jar transforms Thread 5" [_thread_blocked, id=42248, stack(0x00000092fda00000,0x00000092fdb00000)]
  0x000001aed4a98800 JavaThread "jar transforms Thread 6" [_thread_blocked, id=15576, stack(0x00000092fdb00000,0x00000092fdc00000)]
  0x000001aed4a9a800 JavaThread "jar transforms Thread 7" [_thread_blocked, id=13384, stack(0x00000092fdc00000,0x00000092fdd00000)]
  0x000001aed4a9b000 JavaThread "jar transforms Thread 8" [_thread_blocked, id=39940, stack(0x00000092fdd00000,0x00000092fde00000)]
  0x000001aed4a96000 JavaThread "Cache worker for dependencies-accessors (D:\Volunteer\Volunteer\.gradle\8.2.1\dependencies-accessors)" [_thread_blocked, id=5332, stack(0x00000092fde00000,0x00000092fdf00000)]
  0x000001aed4a9f000 JavaThread "Cache worker for Build Output Cleanup Cache (D:\Volunteer\Volunteer\.gradle\buildOutputCleanup)" [_thread_blocked, id=42236, stack(0x00000092fdf00000,0x00000092fe000000)]
  0x000001aed4aa2800 JavaThread "Unconstrained build operations" [_thread_blocked, id=28020, stack(0x00000092fe100000,0x00000092fe200000)]
  0x000001aed4a9d000 JavaThread "Unconstrained build operations Thread 2" [_thread_blocked, id=42768, stack(0x00000092fe200000,0x00000092fe300000)]
  0x000001aed4aa3800 JavaThread "Unconstrained build operations Thread 3" [_thread_blocked, id=41304, stack(0x00000092fe300000,0x00000092fe400000)]
  0x000001aed4aa1800 JavaThread "Unconstrained build operations Thread 4" [_thread_blocked, id=33284, stack(0x00000092fe400000,0x00000092fe500000)]
  0x000001aed4a9d800 JavaThread "Unconstrained build operations Thread 5" [_thread_blocked, id=8604, stack(0x00000092fe500000,0x00000092fe600000)]
  0x000001aed4aa4000 JavaThread "Unconstrained build operations Thread 6" [_thread_blocked, id=39128, stack(0x00000092fe600000,0x00000092fe700000)]
  0x000001aed4a9e800 JavaThread "Unconstrained build operations Thread 7" [_thread_blocked, id=33848, stack(0x00000092fe700000,0x00000092fe800000)]

Other Threads:
  0x000001aece6ce800 VMThread "VM Thread" [stack: 0x00000092fad00000,0x00000092fae00000] [id=40548]
  0x000001aecf37d800 WatcherThread [stack: 0x00000092fb800000,0x00000092fb900000] [id=14724]
  0x000001aeb3f75800 GCTaskThread "GC Thread#0" [stack: 0x00000092fa800000,0x00000092fa900000] [id=37828]
  0x000001aecfbb9800 GCTaskThread "GC Thread#1" [stack: 0x00000092fb900000,0x00000092fba00000] [id=16356]
  0x000001aed00e1800 GCTaskThread "GC Thread#2" [stack: 0x00000092fba00000,0x00000092fbb00000] [id=29044]
  0x000001aecfe51800 GCTaskThread "GC Thread#3" [stack: 0x00000092fbb00000,0x00000092fbc00000] [id=42600]
  0x000001aed00a0000 GCTaskThread "GC Thread#4" [stack: 0x00000092fbc00000,0x00000092fbd00000] [id=37776]
  0x000001aecfd53000 GCTaskThread "GC Thread#5" [stack: 0x00000092fbd00000,0x00000092fbe00000] [id=16476]
  0x000001aed23a7800 GCTaskThread "GC Thread#6" [stack: 0x00000092fc700000,0x00000092fc800000] [id=37816]
  0x000001aed08f5000 GCTaskThread "GC Thread#7" [stack: 0x00000092fc800000,0x00000092fc900000] [id=38720]
  0x000001aeb3f89000 ConcurrentGCThread "G1 Main Marker" [stack: 0x00000092fa900000,0x00000092faa00000] [id=15568]
  0x000001aeb3f8a800 ConcurrentGCThread "G1 Conc#0" [stack: 0x00000092faa00000,0x00000092fab00000] [id=36112]
  0x000001aed0772800 ConcurrentGCThread "G1 Conc#1" [stack: 0x00000092fc900000,0x00000092fca00000] [id=37232]
  0x000001aece55c800 ConcurrentGCThread "G1 Refine#0" [stack: 0x00000092fab00000,0x00000092fac00000] [id=41908]
  0x000001aece55d800 ConcurrentGCThread "G1 Young RemSet Sampling" [stack: 0x00000092fac00000,0x00000092fad00000] [id=41052]

Threads with active compile tasks:
C2 CompilerThread0     9390 4857       4       java.lang.Class::annotationData (44 bytes)
C2 CompilerThread1     9390 4880       4       jdk.internal.org.objectweb.asm.Frame::execute (2264 bytes)

VM state:not at safepoint (normal execution)

VM Mutex/Monitor currently owned by a thread:  ([mutex/lock_event])
[0x000001aeb3f5c760] MethodData_lock - owner thread: 0x0000000000000000

Heap address: 0x00000000e0000000, size: 512 MB, Compressed Oops mode: 32-bit
Narrow klass base: 0x0000000000000000, Narrow klass shift: 3
Compressed class space size: 394264576 Address: 0x0000000100000000

Heap:
 garbage-first heap   total 262144K, used 37084K [0x00000000e0000000, 0x0000000100000000)
  region size 1024K, 14 young (14336K), 13 survivors (13312K)
 Metaspace       used 58532K, capacity 60171K, committed 60496K, reserved 438272K
  class space    used 7696K, capacity 8364K, committed 8448K, reserved 385024K
Heap Regions: E=young(eden), S=young(survivor), O=old, HS=humongous(starts), HC=humongous(continues), CS=collection set, F=free, A=archive, TAMS=top-at-mark-start (previous, next)
|   0|0x00000000e0000000, 0x00000000e0100000, 0x00000000e0100000|100%|HS|  |TAMS 0x00000000e0100000, 0x00000000e0100000| Complete 
|   1|0x00000000e0100000, 0x00000000e0200000, 0x00000000e0200000|100%|HC|  |TAMS 0x00000000e0200000, 0x00000000e0200000| Complete 
|   2|0x00000000e0200000, 0x00000000e0300000, 0x00000000e0300000|100%|HC|  |TAMS 0x00000000e0300000, 0x00000000e0300000| Complete 
|   3|0x00000000e0300000, 0x00000000e0400000, 0x00000000e0400000|100%|HC|  |TAMS 0x00000000e0400000, 0x00000000e0400000| Complete 
|   4|0x00000000e0400000, 0x00000000e0500000, 0x00000000e0500000|100%| O|  |TAMS 0x00000000e0500000, 0x00000000e0500000| Untracked 
|   5|0x00000000e0500000, 0x00000000e0600000, 0x00000000e0600000|100%| O|  |TAMS 0x00000000e0600000, 0x00000000e0600000| Untracked 
|   6|0x00000000e0600000, 0x00000000e0700000, 0x00000000e0700000|100%| O|  |TAMS 0x00000000e0700000, 0x00000000e0700000| Untracked 
|   7|0x00000000e0700000, 0x00000000e0800000, 0x00000000e0800000|100%| O|  |TAMS 0x00000000e0800000, 0x00000000e0800000| Untracked 
|   8|0x00000000e0800000, 0x00000000e0900000, 0x00000000e0900000|100%| O|  |TAMS 0x00000000e0900000, 0x00000000e0900000| Untracked 
|   9|0x00000000e0900000, 0x00000000e0a00000, 0x00000000e0a00000|100%| O|  |TAMS 0x00000000e0a00000, 0x00000000e0a00000| Untracked 
|  10|0x00000000e0a00000, 0x00000000e0b00000, 0x00000000e0b00000|100%| O|  |TAMS 0x00000000e0b00000, 0x00000000e0b00000| Untracked 
|  11|0x00000000e0b00000, 0x00000000e0c00000, 0x00000000e0c00000|100%| O|  |TAMS 0x00000000e0c00000, 0x00000000e0c00000| Untracked 
|  12|0x00000000e0c00000, 0x00000000e0d00000, 0x00000000e0d00000|100%| O|  |TAMS 0x00000000e0d00000, 0x00000000e0d00000| Untracked 
|  13|0x00000000e0d00000, 0x00000000e0e00000, 0x00000000e0e00000|100%| O|  |TAMS 0x00000000e0e00000, 0x00000000e0e00000| Untracked 
|  14|0x00000000e0e00000, 0x00000000e0f00000, 0x00000000e0f00000|100%| O|  |TAMS 0x00000000e0f00000, 0x00000000e0f00000| Untracked 
|  15|0x00000000e0f00000, 0x00000000e1000000, 0x00000000e1000000|100%| O|  |TAMS 0x00000000e1000000, 0x00000000e1000000| Untracked 
|  16|0x00000000e1000000, 0x00000000e1100000, 0x00000000e1100000|100%| O|  |TAMS 0x00000000e1100000, 0x00000000e1100000| Untracked 
|  17|0x00000000e1100000, 0x00000000e1200000, 0x00000000e1200000|100%| O|  |TAMS 0x00000000e1200000, 0x00000000e1200000| Untracked 
|  18|0x00000000e1200000, 0x00000000e1300000, 0x00000000e1300000|100%| O|  |TAMS 0x00000000e1228200, 0x00000000e1300000| Untracked 
|  19|0x00000000e1300000, 0x00000000e1400000, 0x00000000e1400000|100%| O|  |TAMS 0x00000000e1300000, 0x00000000e1400000| Untracked 
|  20|0x00000000e1400000, 0x00000000e1500000, 0x00000000e1500000|100%| O|  |TAMS 0x00000000e1400000, 0x00000000e1500000| Untracked 
|  21|0x00000000e1500000, 0x00000000e1600000, 0x00000000e1600000|100%| O|  |TAMS 0x00000000e1500000, 0x00000000e1600000| Untracked 
|  22|0x00000000e1600000, 0x00000000e1700000, 0x00000000e1700000|100%| O|  |TAMS 0x00000000e1600000, 0x00000000e1700000| Untracked 
|  23|0x00000000e1700000, 0x00000000e1737200, 0x00000000e1800000| 21%| O|  |TAMS 0x00000000e1700000, 0x00000000e1737200| Untracked 
|  24|0x00000000e1800000, 0x00000000e1800000, 0x00000000e1900000|  0%| F|  |TAMS 0x00000000e1800000, 0x00000000e1800000| Untracked 
|  25|0x00000000e1900000, 0x00000000e1900000, 0x00000000e1a00000|  0%| F|  |TAMS 0x00000000e1900000, 0x00000000e1900000| Untracked 
|  26|0x00000000e1a00000, 0x00000000e1a00000, 0x00000000e1b00000|  0%| F|  |TAMS 0x00000000e1a00000, 0x00000000e1a00000| Untracked 
|  27|0x00000000e1b00000, 0x00000000e1b00000, 0x00000000e1c00000|  0%| F|  |TAMS 0x00000000e1b00000, 0x00000000e1b00000| Untracked 
|  28|0x00000000e1c00000, 0x00000000e1c00000, 0x00000000e1d00000|  0%| F|  |TAMS 0x00000000e1c00000, 0x00000000e1c00000| Untracked 
|  29|0x00000000e1d00000, 0x00000000e1d00000, 0x00000000e1e00000|  0%| F|  |TAMS 0x00000000e1d00000, 0x00000000e1d00000| Untracked 
|  30|0x00000000e1e00000, 0x00000000e1e00000, 0x00000000e1f00000|  0%| F|  |TAMS 0x00000000e1e00000, 0x00000000e1e00000| Untracked 
|  31|0x00000000e1f00000, 0x00000000e1f00000, 0x00000000e2000000|  0%| F|  |TAMS 0x00000000e1f00000, 0x00000000e1f00000| Untracked 
|  32|0x00000000e2000000, 0x00000000e2000000, 0x00000000e2100000|  0%| F|  |TAMS 0x00000000e2000000, 0x00000000e2000000| Untracked 
|  33|0x00000000e2100000, 0x00000000e2100000, 0x00000000e2200000|  0%| F|  |TAMS 0x00000000e2100000, 0x00000000e2100000| Untracked 
|  34|0x00000000e2200000, 0x00000000e2200000, 0x00000000e2300000|  0%| F|  |TAMS 0x00000000e2200000, 0x00000000e2200000| Untracked 
|  35|0x00000000e2300000, 0x00000000e2300000, 0x00000000e2400000|  0%| F|  |TAMS 0x00000000e2300000, 0x00000000e2300000| Untracked 
|  36|0x00000000e2400000, 0x00000000e2400000, 0x00000000e2500000|  0%| F|  |TAMS 0x00000000e2400000, 0x00000000e2400000| Untracked 
|  37|0x00000000e2500000, 0x00000000e2500000, 0x00000000e2600000|  0%| F|  |TAMS 0x00000000e2500000, 0x00000000e2500000| Untracked 
|  38|0x00000000e2600000, 0x00000000e2600000, 0x00000000e2700000|  0%| F|  |TAMS 0x00000000e2600000, 0x00000000e2600000| Untracked 
|  39|0x00000000e2700000, 0x00000000e2700000, 0x00000000e2800000|  0%| F|  |TAMS 0x00000000e2700000, 0x00000000e2700000| Untracked 
|  40|0x00000000e2800000, 0x00000000e2800000, 0x00000000e2900000|  0%| F|  |TAMS 0x00000000e2800000, 0x00000000e2800000| Untracked 
|  41|0x00000000e2900000, 0x00000000e2900000, 0x00000000e2a00000|  0%| F|  |TAMS 0x00000000e2900000, 0x00000000e2900000| Untracked 
|  42|0x00000000e2a00000, 0x00000000e2a00000, 0x00000000e2b00000|  0%| F|  |TAMS 0x00000000e2a00000, 0x00000000e2a00000| Untracked 
|  43|0x00000000e2b00000, 0x00000000e2b00000, 0x00000000e2c00000|  0%| F|  |TAMS 0x00000000e2b00000, 0x00000000e2b00000| Untracked 
|  44|0x00000000e2c00000, 0x00000000e2c00000, 0x00000000e2d00000|  0%| F|  |TAMS 0x00000000e2c00000, 0x00000000e2c00000| Untracked 
|  45|0x00000000e2d00000, 0x00000000e2d00000, 0x00000000e2e00000|  0%| F|  |TAMS 0x00000000e2d00000, 0x00000000e2d00000| Untracked 
|  46|0x00000000e2e00000, 0x00000000e2e00000, 0x00000000e2f00000|  0%| F|  |TAMS 0x00000000e2e00000, 0x00000000e2e00000| Untracked 
|  47|0x00000000e2f00000, 0x00000000e2f00000, 0x00000000e3000000|  0%| F|  |TAMS 0x00000000e2f00000, 0x00000000e2f00000| Untracked 
|  48|0x00000000e3000000, 0x00000000e3000000, 0x00000000e3100000|  0%| F|  |TAMS 0x00000000e3000000, 0x00000000e3000000| Untracked 
|  49|0x00000000e3100000, 0x00000000e3100000, 0x00000000e3200000|  0%| F|  |TAMS 0x00000000e3100000, 0x00000000e3100000| Untracked 
|  50|0x00000000e3200000, 0x00000000e3200000, 0x00000000e3300000|  0%| F|  |TAMS 0x00000000e3200000, 0x00000000e3200000| Untracked 
|  51|0x00000000e3300000, 0x00000000e3300000, 0x00000000e3400000|  0%| F|  |TAMS 0x00000000e3300000, 0x00000000e3300000| Untracked 
|  52|0x00000000e3400000, 0x00000000e3400000, 0x00000000e3500000|  0%| F|  |TAMS 0x00000000e3400000, 0x00000000e3400000| Untracked 
|  53|0x00000000e3500000, 0x00000000e3500000, 0x00000000e3600000|  0%| F|  |TAMS 0x00000000e3500000, 0x00000000e3500000| Untracked 
|  54|0x00000000e3600000, 0x00000000e3600000, 0x00000000e3700000|  0%| F|  |TAMS 0x00000000e3600000, 0x00000000e3600000| Untracked 
|  55|0x00000000e3700000, 0x00000000e3700000, 0x00000000e3800000|  0%| F|  |TAMS 0x00000000e3700000, 0x00000000e3700000| Untracked 
|  56|0x00000000e3800000, 0x00000000e3800000, 0x00000000e3900000|  0%| F|  |TAMS 0x00000000e3800000, 0x00000000e3800000| Untracked 
|  57|0x00000000e3900000, 0x00000000e3900000, 0x00000000e3a00000|  0%| F|  |TAMS 0x00000000e3900000, 0x00000000e3900000| Untracked 
|  58|0x00000000e3a00000, 0x00000000e3a00000, 0x00000000e3b00000|  0%| F|  |TAMS 0x00000000e3a00000, 0x00000000e3a00000| Untracked 
|  59|0x00000000e3b00000, 0x00000000e3b00000, 0x00000000e3c00000|  0%| F|  |TAMS 0x00000000e3b00000, 0x00000000e3b00000| Untracked 
|  60|0x00000000e3c00000, 0x00000000e3c00000, 0x00000000e3d00000|  0%| F|  |TAMS 0x00000000e3c00000, 0x00000000e3c00000| Untracked 
|  61|0x00000000e3d00000, 0x00000000e3d00000, 0x00000000e3e00000|  0%| F|  |TAMS 0x00000000e3d00000, 0x00000000e3d00000| Untracked 
|  62|0x00000000e3e00000, 0x00000000e3e00000, 0x00000000e3f00000|  0%| F|  |TAMS 0x00000000e3e00000, 0x00000000e3e00000| Untracked 
|  63|0x00000000e3f00000, 0x00000000e3f00000, 0x00000000e4000000|  0%| F|  |TAMS 0x00000000e3f00000, 0x00000000e3f00000| Untracked 
|  64|0x00000000e4000000, 0x00000000e4000000, 0x00000000e4100000|  0%| F|  |TAMS 0x00000000e4000000, 0x00000000e4000000| Untracked 
|  65|0x00000000e4100000, 0x00000000e4100000, 0x00000000e4200000|  0%| F|  |TAMS 0x00000000e4100000, 0x00000000e4100000| Untracked 
|  66|0x00000000e4200000, 0x00000000e4200000, 0x00000000e4300000|  0%| F|  |TAMS 0x00000000e4200000, 0x00000000e4200000| Untracked 
|  67|0x00000000e4300000, 0x00000000e4300000, 0x00000000e4400000|  0%| F|  |TAMS 0x00000000e4300000, 0x00000000e4300000| Untracked 
|  68|0x00000000e4400000, 0x00000000e4400000, 0x00000000e4500000|  0%| F|  |TAMS 0x00000000e4400000, 0x00000000e4400000| Untracked 
|  69|0x00000000e4500000, 0x00000000e4500000, 0x00000000e4600000|  0%| F|  |TAMS 0x00000000e4500000, 0x00000000e4500000| Untracked 
|  70|0x00000000e4600000, 0x00000000e4600000, 0x00000000e4700000|  0%| F|  |TAMS 0x00000000e4600000, 0x00000000e4600000| Untracked 
|  71|0x00000000e4700000, 0x00000000e4700000, 0x00000000e4800000|  0%| F|  |TAMS 0x00000000e4700000, 0x00000000e4700000| Untracked 
|  72|0x00000000e4800000, 0x00000000e4800000, 0x00000000e4900000|  0%| F|  |TAMS 0x00000000e4800000, 0x00000000e4800000| Untracked 
|  73|0x00000000e4900000, 0x00000000e4900000, 0x00000000e4a00000|  0%| F|  |TAMS 0x00000000e4900000, 0x00000000e4900000| Untracked 
|  74|0x00000000e4a00000, 0x00000000e4a00000, 0x00000000e4b00000|  0%| F|  |TAMS 0x00000000e4a00000, 0x00000000e4a00000| Untracked 
|  75|0x00000000e4b00000, 0x00000000e4b00000, 0x00000000e4c00000|  0%| F|  |TAMS 0x00000000e4b00000, 0x00000000e4b00000| Untracked 
|  76|0x00000000e4c00000, 0x00000000e4c00000, 0x00000000e4d00000|  0%| F|  |TAMS 0x00000000e4c00000, 0x00000000e4c00000| Untracked 
|  77|0x00000000e4d00000, 0x00000000e4d00000, 0x00000000e4e00000|  0%| F|  |TAMS 0x00000000e4d00000, 0x00000000e4d00000| Untracked 
|  78|0x00000000e4e00000, 0x00000000e4e00000, 0x00000000e4f00000|  0%| F|  |TAMS 0x00000000e4e00000, 0x00000000e4e00000| Untracked 
|  79|0x00000000e4f00000, 0x00000000e4f00000, 0x00000000e5000000|  0%| F|  |TAMS 0x00000000e4f00000, 0x00000000e4f00000| Untracked 
|  80|0x00000000e5000000, 0x00000000e5000000, 0x00000000e5100000|  0%| F|  |TAMS 0x00000000e5000000, 0x00000000e5000000| Untracked 
|  81|0x00000000e5100000, 0x00000000e5100000, 0x00000000e5200000|  0%| F|  |TAMS 0x00000000e5100000, 0x00000000e5100000| Untracked 
|  82|0x00000000e5200000, 0x00000000e5200000, 0x00000000e5300000|  0%| F|  |TAMS 0x00000000e5200000, 0x00000000e5200000| Untracked 
|  83|0x00000000e5300000, 0x00000000e5300000, 0x00000000e5400000|  0%| F|  |TAMS 0x00000000e5300000, 0x00000000e5300000| Untracked 
|  84|0x00000000e5400000, 0x00000000e5400000, 0x00000000e5500000|  0%| F|  |TAMS 0x00000000e5400000, 0x00000000e5400000| Untracked 
|  85|0x00000000e5500000, 0x00000000e5500000, 0x00000000e5600000|  0%| F|  |TAMS 0x00000000e5500000, 0x00000000e5500000| Untracked 
|  86|0x00000000e5600000, 0x00000000e5600000, 0x00000000e5700000|  0%| F|  |TAMS 0x00000000e5600000, 0x00000000e5600000| Untracked 
|  87|0x00000000e5700000, 0x00000000e5700000, 0x00000000e5800000|  0%| F|  |TAMS 0x00000000e5700000, 0x00000000e5700000| Untracked 
|  88|0x00000000e5800000, 0x00000000e5800000, 0x00000000e5900000|  0%| F|  |TAMS 0x00000000e5800000, 0x00000000e5800000| Untracked 
|  89|0x00000000e5900000, 0x00000000e5900000, 0x00000000e5a00000|  0%| F|  |TAMS 0x00000000e5900000, 0x00000000e5900000| Untracked 
|  90|0x00000000e5a00000, 0x00000000e5a00000, 0x00000000e5b00000|  0%| F|  |TAMS 0x00000000e5a00000, 0x00000000e5a00000| Untracked 
|  91|0x00000000e5b00000, 0x00000000e5b00000, 0x00000000e5c00000|  0%| F|  |TAMS 0x00000000e5b00000, 0x00000000e5b00000| Untracked 
|  92|0x00000000e5c00000, 0x00000000e5c00000, 0x00000000e5d00000|  0%| F|  |TAMS 0x00000000e5c00000, 0x00000000e5c00000| Untracked 
|  93|0x00000000e5d00000, 0x00000000e5d00000, 0x00000000e5e00000|  0%| F|  |TAMS 0x00000000e5d00000, 0x00000000e5d00000| Untracked 
|  94|0x00000000e5e00000, 0x00000000e5e00000, 0x00000000e5f00000|  0%| F|  |TAMS 0x00000000e5e00000, 0x00000000e5e00000| Untracked 
|  95|0x00000000e5f00000, 0x00000000e5f00000, 0x00000000e6000000|  0%| F|  |TAMS 0x00000000e5f00000, 0x00000000e5f00000| Untracked 
|  96|0x00000000e6000000, 0x00000000e6000000, 0x00000000e6100000|  0%| F|  |TAMS 0x00000000e6000000, 0x00000000e6000000| Untracked 
|  97|0x00000000e6100000, 0x00000000e6100000, 0x00000000e6200000|  0%| F|  |TAMS 0x00000000e6100000, 0x00000000e6100000| Untracked 
|  98|0x00000000e6200000, 0x00000000e6200000, 0x00000000e6300000|  0%| F|  |TAMS 0x00000000e6200000, 0x00000000e6200000| Untracked 
|  99|0x00000000e6300000, 0x00000000e6300000, 0x00000000e6400000|  0%| F|  |TAMS 0x00000000e6300000, 0x00000000e6300000| Untracked 
| 100|0x00000000e6400000, 0x00000000e6400000, 0x00000000e6500000|  0%| F|  |TAMS 0x00000000e6400000, 0x00000000e6400000| Untracked 
| 101|0x00000000e6500000, 0x00000000e6500000, 0x00000000e6600000|  0%| F|  |TAMS 0x00000000e6500000, 0x00000000e6500000| Untracked 
| 102|0x00000000e6600000, 0x00000000e6600000, 0x00000000e6700000|  0%| F|  |TAMS 0x00000000e6600000, 0x00000000e6600000| Untracked 
| 103|0x00000000e6700000, 0x00000000e6700000, 0x00000000e6800000|  0%| F|  |TAMS 0x00000000e6700000, 0x00000000e6700000| Untracked 
| 104|0x00000000e6800000, 0x00000000e6800000, 0x00000000e6900000|  0%| F|  |TAMS 0x00000000e6800000, 0x00000000e6800000| Untracked 
| 105|0x00000000e6900000, 0x00000000e6900000, 0x00000000e6a00000|  0%| F|  |TAMS 0x00000000e6900000, 0x00000000e6900000| Untracked 
| 106|0x00000000e6a00000, 0x00000000e6a00000, 0x00000000e6b00000|  0%| F|  |TAMS 0x00000000e6a00000, 0x00000000e6a00000| Untracked 
| 107|0x00000000e6b00000, 0x00000000e6b00000, 0x00000000e6c00000|  0%| F|  |TAMS 0x00000000e6b00000, 0x00000000e6b00000| Untracked 
| 108|0x00000000e6c00000, 0x00000000e6c00000, 0x00000000e6d00000|  0%| F|  |TAMS 0x00000000e6c00000, 0x00000000e6c00000| Untracked 
| 109|0x00000000e6d00000, 0x00000000e6e00000, 0x00000000e6e00000|100%| S|CS|TAMS 0x00000000e6d00000, 0x00000000e6d00000| Complete 
| 110|0x00000000e6e00000, 0x00000000e6f00000, 0x00000000e6f00000|100%| S|CS|TAMS 0x00000000e6e00000, 0x00000000e6e00000| Complete 
| 111|0x00000000e6f00000, 0x00000000e7000000, 0x00000000e7000000|100%| S|CS|TAMS 0x00000000e6f00000, 0x00000000e6f00000| Complete 
| 112|0x00000000e7000000, 0x00000000e7100000, 0x00000000e7100000|100%| S|CS|TAMS 0x00000000e7000000, 0x00000000e7000000| Complete 
| 113|0x00000000e7100000, 0x00000000e7200000, 0x00000000e7200000|100%| S|CS|TAMS 0x00000000e7100000, 0x00000000e7100000| Complete 
| 114|0x00000000e7200000, 0x00000000e7300000, 0x00000000e7300000|100%| S|CS|TAMS 0x00000000e7200000, 0x00000000e7200000| Complete 
| 115|0x00000000e7300000, 0x00000000e7400000, 0x00000000e7400000|100%| S|CS|TAMS 0x00000000e7300000, 0x00000000e7300000| Complete 
| 116|0x00000000e7400000, 0x00000000e7500000, 0x00000000e7500000|100%| S|CS|TAMS 0x00000000e7400000, 0x00000000e7400000| Complete 
| 117|0x00000000e7500000, 0x00000000e7600000, 0x00000000e7600000|100%| S|CS|TAMS 0x00000000e7500000, 0x00000000e7500000| Complete 
| 118|0x00000000e7600000, 0x00000000e7700000, 0x00000000e7700000|100%| S|CS|TAMS 0x00000000e7600000, 0x00000000e7600000| Complete 
| 119|0x00000000e7700000, 0x00000000e7800000, 0x00000000e7800000|100%| S|CS|TAMS 0x00000000e7700000, 0x00000000e7700000| Complete 
| 120|0x00000000e7800000, 0x00000000e7900000, 0x00000000e7900000|100%| S|CS|TAMS 0x00000000e7800000, 0x00000000e7800000| Complete 
| 121|0x00000000e7900000, 0x00000000e7a00000, 0x00000000e7a00000|100%| S|CS|TAMS 0x00000000e7900000, 0x00000000e7900000| Complete 
| 122|0x00000000e7a00000, 0x00000000e7a00000, 0x00000000e7b00000|  0%| F|  |TAMS 0x00000000e7a00000, 0x00000000e7a00000| Untracked 
| 123|0x00000000e7b00000, 0x00000000e7b00000, 0x00000000e7c00000|  0%| F|  |TAMS 0x00000000e7b00000, 0x00000000e7b00000| Untracked 
| 124|0x00000000e7c00000, 0x00000000e7c00000, 0x00000000e7d00000|  0%| F|  |TAMS 0x00000000e7c00000, 0x00000000e7c00000| Untracked 
| 125|0x00000000e7d00000, 0x00000000e7d00000, 0x00000000e7e00000|  0%| F|  |TAMS 0x00000000e7d00000, 0x00000000e7d00000| Untracked 
| 126|0x00000000e7e00000, 0x00000000e7e00000, 0x00000000e7f00000|  0%| F|  |TAMS 0x00000000e7e00000, 0x00000000e7e00000| Untracked 
| 127|0x00000000e7f00000, 0x00000000e7f00000, 0x00000000e8000000|  0%| F|  |TAMS 0x00000000e7f00000, 0x00000000e7f00000| Untracked 
| 128|0x00000000e8000000, 0x00000000e8000000, 0x00000000e8100000|  0%| F|  |TAMS 0x00000000e8000000, 0x00000000e8000000| Untracked 
| 129|0x00000000e8100000, 0x00000000e8100000, 0x00000000e8200000|  0%| F|  |TAMS 0x00000000e8100000, 0x00000000e8100000| Untracked 
| 130|0x00000000e8200000, 0x00000000e8200000, 0x00000000e8300000|  0%| F|  |TAMS 0x00000000e8200000, 0x00000000e8200000| Untracked 
| 131|0x00000000e8300000, 0x00000000e8300000, 0x00000000e8400000|  0%| F|  |TAMS 0x00000000e8300000, 0x00000000e8300000| Untracked 
| 132|0x00000000e8400000, 0x00000000e8400000, 0x00000000e8500000|  0%| F|  |TAMS 0x00000000e8400000, 0x00000000e8400000| Untracked 
| 133|0x00000000e8500000, 0x00000000e8500000, 0x00000000e8600000|  0%| F|  |TAMS 0x00000000e8500000, 0x00000000e8500000| Untracked 
| 134|0x00000000e8600000, 0x00000000e8600000, 0x00000000e8700000|  0%| F|  |TAMS 0x00000000e8600000, 0x00000000e8600000| Untracked 
| 135|0x00000000e8700000, 0x00000000e8700000, 0x00000000e8800000|  0%| F|  |TAMS 0x00000000e8700000, 0x00000000e8700000| Untracked 
| 136|0x00000000e8800000, 0x00000000e8800000, 0x00000000e8900000|  0%| F|  |TAMS 0x00000000e8800000, 0x00000000e8800000| Untracked 
| 137|0x00000000e8900000, 0x00000000e8900000, 0x00000000e8a00000|  0%| F|  |TAMS 0x00000000e8900000, 0x00000000e8900000| Untracked 
| 138|0x00000000e8a00000, 0x00000000e8a00000, 0x00000000e8b00000|  0%| F|  |TAMS 0x00000000e8a00000, 0x00000000e8a00000| Untracked 
| 139|0x00000000e8b00000, 0x00000000e8b00000, 0x00000000e8c00000|  0%| F|  |TAMS 0x00000000e8b00000, 0x00000000e8b00000| Untracked 
| 140|0x00000000e8c00000, 0x00000000e8c00000, 0x00000000e8d00000|  0%| F|  |TAMS 0x00000000e8c00000, 0x00000000e8c00000| Untracked 
| 141|0x00000000e8d00000, 0x00000000e8d00000, 0x00000000e8e00000|  0%| F|  |TAMS 0x00000000e8d00000, 0x00000000e8d00000| Untracked 
| 142|0x00000000e8e00000, 0x00000000e8e00000, 0x00000000e8f00000|  0%| F|  |TAMS 0x00000000e8e00000, 0x00000000e8e00000| Untracked 
| 143|0x00000000e8f00000, 0x00000000e8f00000, 0x00000000e9000000|  0%| F|  |TAMS 0x00000000e8f00000, 0x00000000e8f00000| Untracked 
| 144|0x00000000e9000000, 0x00000000e9000000, 0x00000000e9100000|  0%| F|  |TAMS 0x00000000e9000000, 0x00000000e9000000| Untracked 
| 145|0x00000000e9100000, 0x00000000e9100000, 0x00000000e9200000|  0%| F|  |TAMS 0x00000000e9100000, 0x00000000e9100000| Untracked 
| 146|0x00000000e9200000, 0x00000000e9200000, 0x00000000e9300000|  0%| F|  |TAMS 0x00000000e9200000, 0x00000000e9200000| Untracked 
| 147|0x00000000e9300000, 0x00000000e9300000, 0x00000000e9400000|  0%| F|  |TAMS 0x00000000e9300000, 0x00000000e9300000| Untracked 
| 148|0x00000000e9400000, 0x00000000e9400000, 0x00000000e9500000|  0%| F|  |TAMS 0x00000000e9400000, 0x00000000e9400000| Untracked 
| 149|0x00000000e9500000, 0x00000000e9500000, 0x00000000e9600000|  0%| F|  |TAMS 0x00000000e9500000, 0x00000000e9500000| Untracked 
| 150|0x00000000e9600000, 0x00000000e9600000, 0x00000000e9700000|  0%| F|  |TAMS 0x00000000e9600000, 0x00000000e9600000| Untracked 
| 151|0x00000000e9700000, 0x00000000e9700000, 0x00000000e9800000|  0%| F|  |TAMS 0x00000000e9700000, 0x00000000e9700000| Untracked 
| 152|0x00000000e9800000, 0x00000000e9800000, 0x00000000e9900000|  0%| F|  |TAMS 0x00000000e9800000, 0x00000000e9800000| Untracked 
| 153|0x00000000e9900000, 0x00000000e9900000, 0x00000000e9a00000|  0%| F|  |TAMS 0x00000000e9900000, 0x00000000e9900000| Untracked 
| 154|0x00000000e9a00000, 0x00000000e9a00000, 0x00000000e9b00000|  0%| F|  |TAMS 0x00000000e9a00000, 0x00000000e9a00000| Untracked 
| 155|0x00000000e9b00000, 0x00000000e9b00000, 0x00000000e9c00000|  0%| F|  |TAMS 0x00000000e9b00000, 0x00000000e9b00000| Untracked 
| 156|0x00000000e9c00000, 0x00000000e9c00000, 0x00000000e9d00000|  0%| F|  |TAMS 0x00000000e9c00000, 0x00000000e9c00000| Untracked 
| 157|0x00000000e9d00000, 0x00000000e9d00000, 0x00000000e9e00000|  0%| F|  |TAMS 0x00000000e9d00000, 0x00000000e9d00000| Untracked 
| 158|0x00000000e9e00000, 0x00000000e9e00000, 0x00000000e9f00000|  0%| F|  |TAMS 0x00000000e9e00000, 0x00000000e9e00000| Untracked 
| 159|0x00000000e9f00000, 0x00000000e9f00000, 0x00000000ea000000|  0%| F|  |TAMS 0x00000000e9f00000, 0x00000000e9f00000| Untracked 
| 160|0x00000000ea000000, 0x00000000ea000000, 0x00000000ea100000|  0%| F|  |TAMS 0x00000000ea000000, 0x00000000ea000000| Untracked 
| 161|0x00000000ea100000, 0x00000000ea100000, 0x00000000ea200000|  0%| F|  |TAMS 0x00000000ea100000, 0x00000000ea100000| Untracked 
| 162|0x00000000ea200000, 0x00000000ea200000, 0x00000000ea300000|  0%| F|  |TAMS 0x00000000ea200000, 0x00000000ea200000| Untracked 
| 163|0x00000000ea300000, 0x00000000ea300000, 0x00000000ea400000|  0%| F|  |TAMS 0x00000000ea300000, 0x00000000ea300000| Untracked 
| 164|0x00000000ea400000, 0x00000000ea400000, 0x00000000ea500000|  0%| F|  |TAMS 0x00000000ea400000, 0x00000000ea400000| Untracked 
| 165|0x00000000ea500000, 0x00000000ea500000, 0x00000000ea600000|  0%| F|  |TAMS 0x00000000ea500000, 0x00000000ea500000| Untracked 
| 166|0x00000000ea600000, 0x00000000ea600000, 0x00000000ea700000|  0%| F|  |TAMS 0x00000000ea600000, 0x00000000ea600000| Untracked 
| 167|0x00000000ea700000, 0x00000000ea700000, 0x00000000ea800000|  0%| F|  |TAMS 0x00000000ea700000, 0x00000000ea700000| Untracked 
| 168|0x00000000ea800000, 0x00000000ea800000, 0x00000000ea900000|  0%| F|  |TAMS 0x00000000ea800000, 0x00000000ea800000| Untracked 
| 169|0x00000000ea900000, 0x00000000ea900000, 0x00000000eaa00000|  0%| F|  |TAMS 0x00000000ea900000, 0x00000000ea900000| Untracked 
| 170|0x00000000eaa00000, 0x00000000eaa00000, 0x00000000eab00000|  0%| F|  |TAMS 0x00000000eaa00000, 0x00000000eaa00000| Untracked 
| 171|0x00000000eab00000, 0x00000000eab00000, 0x00000000eac00000|  0%| F|  |TAMS 0x00000000eab00000, 0x00000000eab00000| Untracked 
| 172|0x00000000eac00000, 0x00000000eac00000, 0x00000000ead00000|  0%| F|  |TAMS 0x00000000eac00000, 0x00000000eac00000| Untracked 
| 173|0x00000000ead00000, 0x00000000ead00000, 0x00000000eae00000|  0%| F|  |TAMS 0x00000000ead00000, 0x00000000ead00000| Untracked 
| 174|0x00000000eae00000, 0x00000000eae00000, 0x00000000eaf00000|  0%| F|  |TAMS 0x00000000eae00000, 0x00000000eae00000| Untracked 
| 175|0x00000000eaf00000, 0x00000000eaf00000, 0x00000000eb000000|  0%| F|  |TAMS 0x00000000eaf00000, 0x00000000eaf00000| Untracked 
| 176|0x00000000eb000000, 0x00000000eb000000, 0x00000000eb100000|  0%| F|  |TAMS 0x00000000eb000000, 0x00000000eb000000| Untracked 
| 177|0x00000000eb100000, 0x00000000eb100000, 0x00000000eb200000|  0%| F|  |TAMS 0x00000000eb100000, 0x00000000eb100000| Untracked 
| 178|0x00000000eb200000, 0x00000000eb200000, 0x00000000eb300000|  0%| F|  |TAMS 0x00000000eb200000, 0x00000000eb200000| Untracked 
| 179|0x00000000eb300000, 0x00000000eb300000, 0x00000000eb400000|  0%| F|  |TAMS 0x00000000eb300000, 0x00000000eb300000| Untracked 
| 180|0x00000000eb400000, 0x00000000eb400000, 0x00000000eb500000|  0%| F|  |TAMS 0x00000000eb400000, 0x00000000eb400000| Untracked 
| 181|0x00000000eb500000, 0x00000000eb500000, 0x00000000eb600000|  0%| F|  |TAMS 0x00000000eb500000, 0x00000000eb500000| Untracked 
| 182|0x00000000eb600000, 0x00000000eb600000, 0x00000000eb700000|  0%| F|  |TAMS 0x00000000eb600000, 0x00000000eb600000| Untracked 
| 183|0x00000000eb700000, 0x00000000eb700000, 0x00000000eb800000|  0%| F|  |TAMS 0x00000000eb700000, 0x00000000eb700000| Untracked 
| 184|0x00000000eb800000, 0x00000000eb800000, 0x00000000eb900000|  0%| F|  |TAMS 0x00000000eb800000, 0x00000000eb800000| Untracked 
| 185|0x00000000eb900000, 0x00000000eb900000, 0x00000000eba00000|  0%| F|  |TAMS 0x00000000eb900000, 0x00000000eb900000| Untracked 
| 186|0x00000000eba00000, 0x00000000eba00000, 0x00000000ebb00000|  0%| F|  |TAMS 0x00000000eba00000, 0x00000000eba00000| Untracked 
| 187|0x00000000ebb00000, 0x00000000ebb00000, 0x00000000ebc00000|  0%| F|  |TAMS 0x00000000ebb00000, 0x00000000ebb00000| Untracked 
| 188|0x00000000ebc00000, 0x00000000ebc00000, 0x00000000ebd00000|  0%| F|  |TAMS 0x00000000ebc00000, 0x00000000ebc00000| Untracked 
| 189|0x00000000ebd00000, 0x00000000ebd00000, 0x00000000ebe00000|  0%| F|  |TAMS 0x00000000ebd00000, 0x00000000ebd00000| Untracked 
| 190|0x00000000ebe00000, 0x00000000ebe00000, 0x00000000ebf00000|  0%| F|  |TAMS 0x00000000ebe00000, 0x00000000ebe00000| Untracked 
| 191|0x00000000ebf00000, 0x00000000ebf00000, 0x00000000ec000000|  0%| F|  |TAMS 0x00000000ebf00000, 0x00000000ebf00000| Untracked 
| 192|0x00000000ec000000, 0x00000000ec000000, 0x00000000ec100000|  0%| F|  |TAMS 0x00000000ec000000, 0x00000000ec000000| Untracked 
| 193|0x00000000ec100000, 0x00000000ec100000, 0x00000000ec200000|  0%| F|  |TAMS 0x00000000ec100000, 0x00000000ec100000| Untracked 
| 194|0x00000000ec200000, 0x00000000ec200000, 0x00000000ec300000|  0%| F|  |TAMS 0x00000000ec200000, 0x00000000ec200000| Untracked 
| 195|0x00000000ec300000, 0x00000000ec300000, 0x00000000ec400000|  0%| F|  |TAMS 0x00000000ec300000, 0x00000000ec300000| Untracked 
| 196|0x00000000ec400000, 0x00000000ec400000, 0x00000000ec500000|  0%| F|  |TAMS 0x00000000ec400000, 0x00000000ec400000| Untracked 
| 197|0x00000000ec500000, 0x00000000ec500000, 0x00000000ec600000|  0%| F|  |TAMS 0x00000000ec500000, 0x00000000ec500000| Untracked 
| 198|0x00000000ec600000, 0x00000000ec600000, 0x00000000ec700000|  0%| F|  |TAMS 0x00000000ec600000, 0x00000000ec600000| Untracked 
| 199|0x00000000ec700000, 0x00000000ec700000, 0x00000000ec800000|  0%| F|  |TAMS 0x00000000ec700000, 0x00000000ec700000| Untracked 
| 200|0x00000000ec800000, 0x00000000ec800000, 0x00000000ec900000|  0%| F|  |TAMS 0x00000000ec800000, 0x00000000ec800000| Untracked 
| 201|0x00000000ec900000, 0x00000000ec900000, 0x00000000eca00000|  0%| F|  |TAMS 0x00000000ec900000, 0x00000000ec900000| Untracked 
| 202|0x00000000eca00000, 0x00000000eca00000, 0x00000000ecb00000|  0%| F|  |TAMS 0x00000000eca00000, 0x00000000eca00000| Untracked 
| 203|0x00000000ecb00000, 0x00000000ecb00000, 0x00000000ecc00000|  0%| F|  |TAMS 0x00000000ecb00000, 0x00000000ecb00000| Untracked 
| 204|0x00000000ecc00000, 0x00000000ecc00000, 0x00000000ecd00000|  0%| F|  |TAMS 0x00000000ecc00000, 0x00000000ecc00000| Untracked 
| 205|0x00000000ecd00000, 0x00000000ecd00000, 0x00000000ece00000|  0%| F|  |TAMS 0x00000000ecd00000, 0x00000000ecd00000| Untracked 
| 206|0x00000000ece00000, 0x00000000ece00000, 0x00000000ecf00000|  0%| F|  |TAMS 0x00000000ece00000, 0x00000000ece00000| Untracked 
| 207|0x00000000ecf00000, 0x00000000ecf00000, 0x00000000ed000000|  0%| F|  |TAMS 0x00000000ecf00000, 0x00000000ecf00000| Untracked 
| 208|0x00000000ed000000, 0x00000000ed000000, 0x00000000ed100000|  0%| F|  |TAMS 0x00000000ed000000, 0x00000000ed000000| Untracked 
| 209|0x00000000ed100000, 0x00000000ed100000, 0x00000000ed200000|  0%| F|  |TAMS 0x00000000ed100000, 0x00000000ed100000| Untracked 
| 210|0x00000000ed200000, 0x00000000ed200000, 0x00000000ed300000|  0%| F|  |TAMS 0x00000000ed200000, 0x00000000ed200000| Untracked 
| 211|0x00000000ed300000, 0x00000000ed300000, 0x00000000ed400000|  0%| F|  |TAMS 0x00000000ed300000, 0x00000000ed300000| Untracked 
| 212|0x00000000ed400000, 0x00000000ed400000, 0x00000000ed500000|  0%| F|  |TAMS 0x00000000ed400000, 0x00000000ed400000| Untracked 
| 213|0x00000000ed500000, 0x00000000ed500000, 0x00000000ed600000|  0%| F|  |TAMS 0x00000000ed500000, 0x00000000ed500000| Untracked 
| 214|0x00000000ed600000, 0x00000000ed600000, 0x00000000ed700000|  0%| F|  |TAMS 0x00000000ed600000, 0x00000000ed600000| Untracked 
| 215|0x00000000ed700000, 0x00000000ed700000, 0x00000000ed800000|  0%| F|  |TAMS 0x00000000ed700000, 0x00000000ed700000| Untracked 
| 216|0x00000000ed800000, 0x00000000ed800000, 0x00000000ed900000|  0%| F|  |TAMS 0x00000000ed800000, 0x00000000ed800000| Untracked 
| 217|0x00000000ed900000, 0x00000000ed900000, 0x00000000eda00000|  0%| F|  |TAMS 0x00000000ed900000, 0x00000000ed900000| Untracked 
| 218|0x00000000eda00000, 0x00000000eda00000, 0x00000000edb00000|  0%| F|  |TAMS 0x00000000eda00000, 0x00000000eda00000| Untracked 
| 219|0x00000000edb00000, 0x00000000edb00000, 0x00000000edc00000|  0%| F|  |TAMS 0x00000000edb00000, 0x00000000edb00000| Untracked 
| 220|0x00000000edc00000, 0x00000000edc00000, 0x00000000edd00000|  0%| F|  |TAMS 0x00000000edc00000, 0x00000000edc00000| Untracked 
| 221|0x00000000edd00000, 0x00000000edd00000, 0x00000000ede00000|  0%| F|  |TAMS 0x00000000edd00000, 0x00000000edd00000| Untracked 
| 222|0x00000000ede00000, 0x00000000ede00000, 0x00000000edf00000|  0%| F|  |TAMS 0x00000000ede00000, 0x00000000ede00000| Untracked 
| 223|0x00000000edf00000, 0x00000000edf00000, 0x00000000ee000000|  0%| F|  |TAMS 0x00000000edf00000, 0x00000000edf00000| Untracked 
| 224|0x00000000ee000000, 0x00000000ee000000, 0x00000000ee100000|  0%| F|  |TAMS 0x00000000ee000000, 0x00000000ee000000| Untracked 
| 225|0x00000000ee100000, 0x00000000ee100000, 0x00000000ee200000|  0%| F|  |TAMS 0x00000000ee100000, 0x00000000ee100000| Untracked 
| 226|0x00000000ee200000, 0x00000000ee200000, 0x00000000ee300000|  0%| F|  |TAMS 0x00000000ee200000, 0x00000000ee200000| Untracked 
| 227|0x00000000ee300000, 0x00000000ee300000, 0x00000000ee400000|  0%| F|  |TAMS 0x00000000ee300000, 0x00000000ee300000| Untracked 
| 228|0x00000000ee400000, 0x00000000ee400000, 0x00000000ee500000|  0%| F|  |TAMS 0x00000000ee400000, 0x00000000ee400000| Untracked 
| 229|0x00000000ee500000, 0x00000000ee500000, 0x00000000ee600000|  0%| F|  |TAMS 0x00000000ee500000, 0x00000000ee500000| Untracked 
| 230|0x00000000ee600000, 0x00000000ee600000, 0x00000000ee700000|  0%| F|  |TAMS 0x00000000ee600000, 0x00000000ee600000| Untracked 
| 231|0x00000000ee700000, 0x00000000ee700000, 0x00000000ee800000|  0%| F|  |TAMS 0x00000000ee700000, 0x00000000ee700000| Untracked 
| 232|0x00000000ee800000, 0x00000000ee800000, 0x00000000ee900000|  0%| F|  |TAMS 0x00000000ee800000, 0x00000000ee800000| Untracked 
| 233|0x00000000ee900000, 0x00000000ee900000, 0x00000000eea00000|  0%| F|  |TAMS 0x00000000ee900000, 0x00000000ee900000| Untracked 
| 234|0x00000000eea00000, 0x00000000eea00000, 0x00000000eeb00000|  0%| F|  |TAMS 0x00000000eea00000, 0x00000000eea00000| Untracked 
| 235|0x00000000eeb00000, 0x00000000eeb00000, 0x00000000eec00000|  0%| F|  |TAMS 0x00000000eeb00000, 0x00000000eeb00000| Untracked 
| 236|0x00000000eec00000, 0x00000000eec00000, 0x00000000eed00000|  0%| F|  |TAMS 0x00000000eec00000, 0x00000000eec00000| Untracked 
| 237|0x00000000eed00000, 0x00000000eed00000, 0x00000000eee00000|  0%| F|  |TAMS 0x00000000eed00000, 0x00000000eed00000| Untracked 
| 238|0x00000000eee00000, 0x00000000eee00000, 0x00000000eef00000|  0%| F|  |TAMS 0x00000000eee00000, 0x00000000eee00000| Untracked 
| 239|0x00000000eef00000, 0x00000000eef00000, 0x00000000ef000000|  0%| F|  |TAMS 0x00000000eef00000, 0x00000000eef00000| Untracked 
| 240|0x00000000ef000000, 0x00000000ef000000, 0x00000000ef100000|  0%| F|  |TAMS 0x00000000ef000000, 0x00000000ef000000| Untracked 
| 241|0x00000000ef100000, 0x00000000ef100000, 0x00000000ef200000|  0%| F|  |TAMS 0x00000000ef100000, 0x00000000ef100000| Untracked 
| 242|0x00000000ef200000, 0x00000000ef200000, 0x00000000ef300000|  0%| F|  |TAMS 0x00000000ef200000, 0x00000000ef200000| Untracked 
| 243|0x00000000ef300000, 0x00000000ef300000, 0x00000000ef400000|  0%| F|  |TAMS 0x00000000ef300000, 0x00000000ef300000| Untracked 
| 244|0x00000000ef400000, 0x00000000ef400000, 0x00000000ef500000|  0%| F|  |TAMS 0x00000000ef400000, 0x00000000ef400000| Untracked 
| 245|0x00000000ef500000, 0x00000000ef500000, 0x00000000ef600000|  0%| F|  |TAMS 0x00000000ef500000, 0x00000000ef500000| Untracked 
| 246|0x00000000ef600000, 0x00000000ef600000, 0x00000000ef700000|  0%| F|  |TAMS 0x00000000ef600000, 0x00000000ef600000| Untracked 
| 247|0x00000000ef700000, 0x00000000ef700000, 0x00000000ef800000|  0%| F|  |TAMS 0x00000000ef700000, 0x00000000ef700000| Untracked 
| 248|0x00000000ef800000, 0x00000000ef800000, 0x00000000ef900000|  0%| F|  |TAMS 0x00000000ef800000, 0x00000000ef800000| Untracked 
| 249|0x00000000ef900000, 0x00000000ef900000, 0x00000000efa00000|  0%| F|  |TAMS 0x00000000ef900000, 0x00000000ef900000| Untracked 
| 250|0x00000000efa00000, 0x00000000efa00000, 0x00000000efb00000|  0%| F|  |TAMS 0x00000000efa00000, 0x00000000efa00000| Untracked 
| 251|0x00000000efb00000, 0x00000000efb00000, 0x00000000efc00000|  0%| F|  |TAMS 0x00000000efb00000, 0x00000000efb00000| Untracked 
| 252|0x00000000efc00000, 0x00000000efc00000, 0x00000000efd00000|  0%| F|  |TAMS 0x00000000efc00000, 0x00000000efc00000| Untracked 
| 253|0x00000000efd00000, 0x00000000efd00000, 0x00000000efe00000|  0%| F|  |TAMS 0x00000000efd00000, 0x00000000efd00000| Untracked 
| 254|0x00000000efe00000, 0x00000000efe80800, 0x00000000eff00000| 50%| E|  |TAMS 0x00000000efe00000, 0x00000000efe00000| Complete 
| 255|0x00000000eff00000, 0x00000000f0000000, 0x00000000f0000000|100%| E|CS|TAMS 0x00000000eff00000, 0x00000000eff00000| Complete 

Card table byte_map: [0x000001aecaa80000,0x000001aecab80000] _byte_map_base: 0x000001aeca380000

Marking Bits (Prev, Next): (CMBitMap*) 0x000001aeb3f863d0, (CMBitMap*) 0x000001aeb3f86398
 Prev Bits: [0x000001aecb480000, 0x000001aecbc80000)
 Next Bits: [0x000001aecac80000, 0x000001aecb480000)

Polling page: 0x000001aeb1eb0000

Metaspace:

Usage:
  Non-class:     50.72 MB capacity,    49.78 MB ( 98%) used,   790.09 KB (  2%) free+waste,   174.38 KB ( <1%) overhead. 
      Class:      8.17 MB capacity,     7.54 MB ( 92%) used,   559.52 KB (  7%) free+waste,    87.44 KB (  1%) overhead. 
       Both:     58.89 MB capacity,    57.32 MB ( 97%) used,     1.32 MB (  2%) free+waste,   261.81 KB ( <1%) overhead. 

Virtual space:
  Non-class space:       52.00 MB reserved,      50.83 MB ( 98%) committed 
      Class space:      376.00 MB reserved,       8.25 MB (  2%) committed 
             Both:      428.00 MB reserved,      59.08 MB ( 14%) committed 

Chunk freelists:
   Non-Class:  5.25 KB
       Class:  2.25 KB
        Both:  7.50 KB

CodeHeap 'non-profiled nmethods': size=120000Kb used=2863Kb max_used=2863Kb free=117136Kb
 bounds [0x000001aec3120000, 0x000001aec33f0000, 0x000001aeca650000]
CodeHeap 'profiled nmethods': size=120000Kb used=10571Kb max_used=10571Kb free=109428Kb
 bounds [0x000001aebbbf0000, 0x000001aebc650000, 0x000001aec3120000]
CodeHeap 'non-nmethods': size=5760Kb used=2266Kb max_used=2288Kb free=3494Kb
 bounds [0x000001aebb650000, 0x000001aebb8c0000, 0x000001aebbbf0000]
 total_blobs=5834 nmethods=4973 adapters=771
 compilation: enabled
              stopped_count=0, restarted_count=0
 full_count=0

Compilation events (10 events):
Event: 9.293 Thread 0x000001aecef71800 4924       3       com.google.common.collect.LinkedHashMultimap::get (6 bytes)
Event: 9.294 Thread 0x000001aecef71800 nmethod 4924 0x000001aebc613410 code [0x000001aebc613620, 0x000001aebc613e68]
Event: 9.294 Thread 0x000001aecef71800 4925       3       com.google.common.collect.AbstractSetMultimap::get (9 bytes)
Event: 9.294 Thread 0x000001aecef71800 nmethod 4925 0x000001aebc614110 code [0x000001aebc614300, 0x000001aebc614aa8]
Event: 9.294 Thread 0x000001aecef71800 4926       3       com.google.common.collect.AbstractMapBasedMultimap::get (31 bytes)
Event: 9.294 Thread 0x000001aecef71800 nmethod 4926 0x000001aebc614c90 code [0x000001aebc614e60, 0x000001aebc6152e8]
Event: 9.294 Thread 0x000001aecef71800 4927       3       com.google.common.collect.AbstractSetMultimap::wrapCollection (14 bytes)
Event: 9.295 Thread 0x000001aecef71800 nmethod 4927 0x000001aebc615410 code [0x000001aebc6155c0, 0x000001aebc615948]
Event: 9.295 Thread 0x000001aecef71800 4928       3       com.google.common.collect.AbstractMapBasedMultimap$WrappedSet::<init> (14 bytes)
Event: 9.295 Thread 0x000001aecef71800 nmethod 4928 0x000001aebc615a90 code [0x000001aebc615c40, 0x000001aebc615dc8]

GC Heap History (10 events):
Event: 0.594 GC heap before
{Heap before GC invocations=0 (full 0):
 garbage-first heap   total 262144K, used 27648K [0x00000000e0000000, 0x0000000100000000)
  region size 1024K, 24 young (24576K), 0 survivors (0K)
 Metaspace       used 9840K, capacity 10037K, committed 10368K, reserved 395264K
  class space    used 990K, capacity 1049K, committed 1152K, reserved 385024K
}
Event: 0.599 GC heap after
{Heap after GC invocations=1 (full 0):
 garbage-first heap   total 262144K, used 10797K [0x00000000e0000000, 0x0000000100000000)
  region size 1024K, 3 young (3072K), 3 survivors (3072K)
 Metaspace       used 9840K, capacity 10037K, committed 10368K, reserved 395264K
  class space    used 990K, capacity 1049K, committed 1152K, reserved 385024K
}
Event: 4.454 GC heap before
{Heap before GC invocations=1 (full 0):
 garbage-first heap   total 262144K, used 110125K [0x00000000e0000000, 0x0000000100000000)
  region size 1024K, 100 young (102400K), 3 survivors (3072K)
 Metaspace       used 20741K, capacity 21212K, committed 21296K, reserved 405504K
  class space    used 2492K, capacity 2657K, committed 2688K, reserved 385024K
}
Event: 4.462 GC heap after
{Heap after GC invocations=2 (full 0):
 garbage-first heap   total 262144K, used 18974K [0x00000000e0000000, 0x0000000100000000)
  region size 1024K, 11 young (11264K), 11 survivors (11264K)
 Metaspace       used 20741K, capacity 21212K, committed 21296K, reserved 405504K
  class space    used 2492K, capacity 2657K, committed 2688K, reserved 385024K
}
Event: 5.092 GC heap before
{Heap before GC invocations=3 (full 0):
 garbage-first heap   total 262144K, used 82462K [0x00000000e0000000, 0x0000000100000000)
  region size 1024K, 73 young (74752K), 11 survivors (11264K)
 Metaspace       used 25438K, capacity 26145K, committed 26288K, reserved 409600K
  class space    used 3283K, capacity 3498K, committed 3584K, reserved 385024K
}
Event: 5.100 GC heap after
{Heap after GC invocations=4 (full 0):
 garbage-first heap   total 262144K, used 20966K [0x00000000e0000000, 0x0000000100000000)
  region size 1024K, 3 young (3072K), 3 survivors (3072K)
 Metaspace       used 25438K, capacity 26145K, committed 26288K, reserved 409600K
  class space    used 3283K, capacity 3498K, committed 3584K, reserved 385024K
}
Event: 6.234 GC heap before
{Heap before GC invocations=4 (full 0):
 garbage-first heap   total 262144K, used 116198K [0x00000000e0000000, 0x0000000100000000)
  region size 1024K, 97 young (99328K), 3 survivors (3072K)
 Metaspace       used 34869K, capacity 35793K, committed 35920K, reserved 417792K
  class space    used 4694K, capacity 5068K, committed 5120K, reserved 385024K
}
Event: 6.240 GC heap after
{Heap after GC invocations=5 (full 0):
 garbage-first heap   total 262144K, used 24428K [0x00000000e0000000, 0x0000000100000000)
  region size 1024K, 6 young (6144K), 6 survivors (6144K)
 Metaspace       used 34869K, capacity 35793K, committed 35920K, reserved 417792K
  class space    used 4694K, capacity 5068K, committed 5120K, reserved 385024K
}
Event: 7.609 GC heap before
{Heap before GC invocations=6 (full 0):
 garbage-first heap   total 262144K, used 144236K [0x00000000e0000000, 0x0000000100000000)
  region size 1024K, 117 young (119808K), 6 survivors (6144K)
 Metaspace       used 45861K, capacity 47120K, committed 47184K, reserved 425984K
  class space    used 5927K, capacity 6369K, committed 6400K, reserved 385024K
}
Event: 7.620 GC heap after
{Heap after GC invocations=7 (full 0):
 garbage-first heap   total 262144K, used 32376K [0x00000000e0000000, 0x0000000100000000)
  region size 1024K, 14 young (14336K), 14 survivors (14336K)
 Metaspace       used 45861K, capacity 47120K, committed 47184K, reserved 425984K
  class space    used 5927K, capacity 6369K, committed 6400K, reserved 385024K
}

Deoptimization events (10 events):
Event: 8.887 Thread 0x000001aed1087000 Uncommon trap: reason=unstable_if action=reinterpret pc=0x000001aec31dae80 method=java.lang.CharacterDataLatin1.isWhitespace(I)Z @ 14 c2
Event: 8.893 Thread 0x000001aed1087000 Uncommon trap: reason=unstable_if action=reinterpret pc=0x000001aec328b52c method=java.lang.String.<init>([CIILjava/lang/Void;)V @ 43 c2
Event: 8.901 Thread 0x000001aed1087000 Uncommon trap: reason=intrinsic_or_type_checked_inlining action=make_not_entrant pc=0x000001aec33a63b0 method=java.util.ArrayList$SubList.toArray([Ljava/lang/Object;)[Ljava/lang/Object; @ 58 c2
Event: 9.028 Thread 0x000001aed1087000 Uncommon trap: reason=class_check action=maybe_recompile pc=0x000001aec33bf8dc method=java.util.concurrent.ConcurrentHashMap.putVal(Ljava/lang/Object;Ljava/lang/Object;Z)Ljava/lang/Object; @ 242 c2
Event: 9.045 Thread 0x000001aed4aa4000 Uncommon trap: reason=unstable_if action=reinterpret pc=0x000001aec33bf65c method=java.util.concurrent.ConcurrentHashMap.putVal(Ljava/lang/Object;Ljava/lang/Object;Z)Ljava/lang/Object; @ 97 c2
Event: 9.048 Thread 0x000001aed4a9d000 Uncommon trap: reason=unstable_if action=reinterpret pc=0x000001aec31cd0b0 method=java.util.concurrent.ConcurrentHashMap.addCount(JI)V @ 34 c2
Event: 9.080 Thread 0x000001aed4a9b000 Uncommon trap: reason=intrinsic_or_type_checked_inlining action=make_not_entrant pc=0x000001aec33cb2a4 method=java.util.ArrayList.toArray([Ljava/lang/Object;)[Ljava/lang/Object; @ 36 c2
Event: 9.080 Thread 0x000001aed4a9c000 Uncommon trap: reason=intrinsic_or_type_checked_inlining action=make_not_entrant pc=0x000001aec33cb2a4 method=java.util.ArrayList.toArray([Ljava/lang/Object;)[Ljava/lang/Object; @ 36 c2
Event: 9.196 Thread 0x000001aed1087000 Uncommon trap: reason=unstable_if action=reinterpret pc=0x000001aec335e0f8 method=org.objectweb.asm.Frame.execute(IILorg/objectweb/asm/Symbol;Lorg/objectweb/asm/SymbolTable;)V @ 1 c2
Event: 9.277 Thread 0x000001aed1087000 Uncommon trap: reason=unstable_fused_if action=reinterpret pc=0x000001aec3331e70 method=org.objectweb.asm.ByteVector.putUTF8(Ljava/lang/String;)Lorg/objectweb/asm/ByteVector; @ 93 c2

Classes redefined (0 events):
No events

Internal exceptions (10 events):
Event: 8.111 Thread 0x000001aed1087000 Exception <a 'java/lang/NoSuchMethodError'{0x00000000ecacf250}: java.lang.invoke.DirectMethodHandle$Holder.invokeStatic(Ljava/lang/Object;Ljava/lang/Object;Ljava/lang/Object;Ljava/lang/Object;Ljava/lang/Object;Ljava/lang/Object;Ljava/lang/Object;Ljava/lan
Event: 8.112 Thread 0x000001aed1087000 Exception <a 'java/lang/NoSuchMethodError'{0x00000000ecadfc50}: java.lang.invoke.DelegatingMethodHandle$Holder.reinvoke_L(Ljava/lang/Object;Ljava/lang/Object;Ljava/lang/Object;Ljava/lang/Object;Ljava/lang/Object;Ljava/lang/Object;Ljava/lang/Object;Ljava/l
Event: 8.274 Thread 0x000001aed1087000 Implicit null exception at 0x000001aec315eff4 to 0x000001aec315f4cc
Event: 8.356 Thread 0x000001aed1087000 Exception <a 'sun/nio/fs/WindowsException'{0x00000000ebe80458}> (0x00000000ebe80458) thrown at [./open/src/hotspot/share/prims/jni.cpp, line 611]
Event: 8.366 Thread 0x000001aed1087000 Implicit null exception at 0x000001aec326f6e8 to 0x000001aec3272200
Event: 9.195 Thread 0x000001aed1087000 Exception <a 'java/lang/NoSuchMethodError'{0x00000000e92305f0}: java.lang.invoke.DirectMethodHandle$Holder.invokeStatic(Ljava/lang/Object;Ljava/lang/Object;Ljava/lang/Object;Ljava/lang/Object;I)Ljava/lang/Object;> (0x00000000e92305f0) thrown at [./open/sr
Event: 9.195 Thread 0x000001aed1087000 Exception <a 'java/lang/NoSuchMethodError'{0x00000000e92351d0}: java.lang.invoke.DirectMethodHandle$Holder.invokeSpecial(Ljava/lang/Object;Ljava/lang/Object;Ljava/lang/Object;Ljava/lang/Object;Ljava/lang/Object;I)Ljava/lang/Object;> (0x00000000e92351d0) t
Event: 9.195 Thread 0x000001aed1087000 Exception <a 'java/lang/NoSuchMethodError'{0x00000000e9239900}: java.lang.invoke.Invokers$Holder.linkToTargetMethod(Ljava/lang/Object;Ljava/lang/Object;Ljava/lang/Object;ILjava/lang/Object;)Ljava/lang/Object;> (0x00000000e9239900) thrown at [./open/src/ho
Event: 9.226 Thread 0x000001aed1087000 Exception <a 'java/lang/NoSuchMethodError'{0x00000000e90094d8}: java.lang.invoke.DirectMethodHandle$Holder.invokeSpecial(Ljava/lang/Object;Ljava/lang/Object;IILjava/lang/Object;Ljava/lang/Object;Ljava/lang/Object;)Ljava/lang/Object;> (0x00000000e90094d8) 
Event: 9.227 Thread 0x000001aed1087000 Exception <a 'java/lang/NoSuchMethodError'{0x00000000e900dfa0}: java.lang.invoke.DelegatingMethodHandle$Holder.reinvoke_L(Ljava/lang/Object;IILjava/lang/Object;Ljava/lang/Object;Ljava/lang/Object;)Ljava/lang/Object;> (0x00000000e900dfa0) thrown at [./open

Events (10 events):
Event: 9.296 loading class org/gradle/jvm/toolchain/internal/JavaToolchainRepositoryInternal
Event: 9.296 loading class org/gradle/jvm/toolchain/internal/JavaToolchainRepositoryInternal done
Event: 9.298 loading class org/gradle/jvm/toolchain/internal/DefaultJavaToolchainRepositoryHandler$RepositoryNamer
Event: 9.298 loading class org/gradle/jvm/toolchain/internal/DefaultJavaToolchainRepositoryHandler$RepositoryNamer done
Event: 9.299 loading class org/gradle/jvm/toolchain/internal/DefaultJavaToolchainRepositoryHandler_Decorated
Event: 9.299 loading class org/gradle/jvm/toolchain/internal/DefaultJavaToolchainRepositoryHandler_Decorated done
Event: 9.299 loading class org/gradle/jvm/toolchain/internal/DefaultJavaToolchainResolverRegistry_Decorated
Event: 9.299 loading class org/gradle/jvm/toolchain/internal/DefaultJavaToolchainResolverRegistry_Decorated done
Event: 9.300 loading class org/gradle/platform/Architecture
Event: 9.300 loading class org/gradle/platform/Architecture done


Dynamic libraries:
0x00007ff730660000 - 0x00007ff730670000 	C:\Program Files\Java\jdk-11\bin\java.exe
0x00007ff902c80000 - 0x00007ff902e89000 	C:\WINDOWS\SYSTEM32\ntdll.dll
0x00007ff901680000 - 0x00007ff90173d000 	C:\WINDOWS\System32\KERNEL32.DLL
0x00007ff9001d0000 - 0x00007ff900554000 	C:\WINDOWS\System32\KERNELBASE.dll
0x00007ff900560000 - 0x00007ff900671000 	C:\WINDOWS\System32\ucrtbase.dll
0x00007ff8e4360000 - 0x00007ff8e4379000 	C:\Program Files\Java\jdk-11\bin\jli.dll
0x00007ff8dd750000 - 0x00007ff8dd76b000 	C:\Program Files\Java\jdk-11\bin\VCRUNTIME140.dll
0x00007ff901f80000 - 0x00007ff90202e000 	C:\WINDOWS\System32\ADVAPI32.dll
0x00007ff9013c0000 - 0x00007ff901463000 	C:\WINDOWS\System32\msvcrt.dll
0x00007ff9020e0000 - 0x00007ff90217e000 	C:\WINDOWS\System32\sechost.dll
0x00007ff900da0000 - 0x00007ff900ec1000 	C:\WINDOWS\System32\RPCRT4.dll
0x00007ff902950000 - 0x00007ff902afd000 	C:\WINDOWS\System32\USER32.dll
0x00007ff900980000 - 0x00007ff9009a6000 	C:\WINDOWS\System32\win32u.dll
0x00007ff900ed0000 - 0x00007ff900efa000 	C:\WINDOWS\System32\GDI32.dll
0x00007ff8f5c60000 - 0x00007ff8f5f05000 	C:\WINDOWS\WinSxS\amd64_microsoft.windows.common-controls_6595b64144ccf1df_6.0.22000.120_none_9d947278b86cc467\COMCTL32.dll
0x00007ff9009b0000 - 0x00007ff900ace000 	C:\WINDOWS\System32\gdi32full.dll
0x00007ff9007f0000 - 0x00007ff90088d000 	C:\WINDOWS\System32\msvcp_win.dll
0x00007ff8fd250000 - 0x00007ff8fd25a000 	C:\WINDOWS\SYSTEM32\VERSION.dll
0x00007ff901750000 - 0x00007ff901781000 	C:\WINDOWS\System32\IMM32.DLL
0x00007ff8f49f0000 - 0x00007ff8f49fc000 	C:\Program Files\Java\jdk-11\bin\vcruntime140_1.dll
0x00007ff8cb3b0000 - 0x00007ff8cb43e000 	C:\Program Files\Java\jdk-11\bin\msvcp140.dll
0x00007ff8b0760000 - 0x00007ff8b12cd000 	C:\Program Files\Java\jdk-11\bin\server\jvm.dll
0x00007ff901470000 - 0x00007ff901478000 	C:\WINDOWS\System32\PSAPI.DLL
0x00007ff8fae60000 - 0x00007ff8fae93000 	C:\WINDOWS\SYSTEM32\WINMM.dll
0x00007ff8ec750000 - 0x00007ff8ec759000 	C:\WINDOWS\SYSTEM32\WSOCK32.dll
0x00007ff901e10000 - 0x00007ff901e7f000 	C:\WINDOWS\System32\WS2_32.dll
0x00007ff8ff180000 - 0x00007ff8ff198000 	C:\WINDOWS\SYSTEM32\kernel.appcore.dll
0x00007ff8f4660000 - 0x00007ff8f4670000 	C:\Program Files\Java\jdk-11\bin\verify.dll
0x00007ff8fdd40000 - 0x00007ff8fdf61000 	C:\WINDOWS\SYSTEM32\DBGHELP.DLL
0x00007ff8eb210000 - 0x00007ff8eb241000 	C:\WINDOWS\SYSTEM32\dbgcore.DLL
0x00007ff900890000 - 0x00007ff90090f000 	C:\WINDOWS\System32\bcryptPrimitives.dll
0x00007ff8dd310000 - 0x00007ff8dd338000 	C:\Program Files\Java\jdk-11\bin\java.dll
0x00007ff8f4580000 - 0x00007ff8f458a000 	C:\Program Files\Java\jdk-11\bin\jimage.dll
0x00007ff8fc2c0000 - 0x00007ff8fc2ce000 	C:\Program Files\Java\jdk-11\bin\instrument.dll
0x00007ff8dd2f0000 - 0x00007ff8dd307000 	C:\Program Files\Java\jdk-11\bin\zip.dll
0x00007ff902180000 - 0x00007ff902945000 	C:\WINDOWS\System32\SHELL32.dll
0x00007ff8fe1e0000 - 0x00007ff8fea42000 	C:\WINDOWS\SYSTEM32\windows.storage.dll
0x00007ff900f20000 - 0x00007ff901296000 	C:\WINDOWS\System32\combase.dll
0x00007ff8fe070000 - 0x00007ff8fe1d7000 	C:\WINDOWS\SYSTEM32\wintypes.dll
0x00007ff901810000 - 0x00007ff9018fa000 	C:\WINDOWS\System32\SHCORE.dll
0x00007ff901620000 - 0x00007ff90167d000 	C:\WINDOWS\System32\shlwapi.dll
0x00007ff900040000 - 0x00007ff900065000 	C:\WINDOWS\SYSTEM32\profapi.dll
0x00007ff8dbca0000 - 0x00007ff8dbcb9000 	C:\Program Files\Java\jdk-11\bin\net.dll
0x00007ff8f9a70000 - 0x00007ff8f9b84000 	C:\WINDOWS\SYSTEM32\WINHTTP.dll
0x00007ff8ff6a0000 - 0x00007ff8ff707000 	C:\WINDOWS\system32\mswsock.dll
0x00007ff8d8000000 - 0x00007ff8d8012000 	C:\Program Files\Java\jdk-11\bin\nio.dll
0x00007ff8f4ac0000 - 0x00007ff8f4ae7000 	C:\Users\LG\.gradle\native\68d5fa5c4cc2d200863cafc0d521ce42e7d3e7ee720ec0a83991735586a16f82\windows-amd64\native-platform.dll
0x00007ff8c2050000 - 0x00007ff8c2194000 	C:\Users\LG\.gradle\native\e376f236ea51e6404a007f0833ffe2c6e607c4080706a723a18a27aeea778392\windows-amd64\native-platform-file-events.dll
0x00007ff8f77e0000 - 0x00007ff8f77e9000 	C:\Program Files\Java\jdk-11\bin\management.dll
0x00007ff8f5200000 - 0x00007ff8f520b000 	C:\Program Files\Java\jdk-11\bin\management_ext.dll
0x00007ff8ff920000 - 0x00007ff8ff938000 	C:\WINDOWS\SYSTEM32\CRYPTSP.dll
0x00007ff8ff0e0000 - 0x00007ff8ff115000 	C:\WINDOWS\system32\rsaenh.dll
0x00007ff8ff7a0000 - 0x00007ff8ff7cc000 	C:\WINDOWS\SYSTEM32\USERENV.dll
0x00007ff8ffae0000 - 0x00007ff8ffb07000 	C:\WINDOWS\SYSTEM32\bcrypt.dll
0x00007ff8ff8f0000 - 0x00007ff8ff8fc000 	C:\WINDOWS\SYSTEM32\CRYPTBASE.dll
0x00007ff8feca0000 - 0x00007ff8feccd000 	C:\WINDOWS\SYSTEM32\IPHLPAPI.DLL
0x00007ff901790000 - 0x00007ff901799000 	C:\WINDOWS\System32\NSI.dll
0x00007ff8f9be0000 - 0x00007ff8f9bf9000 	C:\WINDOWS\SYSTEM32\dhcpcsvc6.DLL
0x00007ff8faef0000 - 0x00007ff8faf0e000 	C:\WINDOWS\SYSTEM32\dhcpcsvc.DLL
0x00007ff8fecd0000 - 0x00007ff8fedb7000 	C:\WINDOWS\SYSTEM32\DNSAPI.dll
0x00007ff8f4a90000 - 0x00007ff8f4ab7000 	C:\Program Files\Java\jdk-11\bin\sunec.dll
0x00007ff8f7670000 - 0x00007ff8f767a000 	C:\Windows\System32\rasadhlp.dll
0x00007ff8f7e50000 - 0x00007ff8f7ed1000 	C:\WINDOWS\System32\fwpuclnt.dll
0x00007ff8f51f0000 - 0x00007ff8f51fe000 	C:\Program Files\Java\jdk-11\bin\sunmscapi.dll
0x00007ff900680000 - 0x00007ff9007e2000 	C:\WINDOWS\System32\CRYPT32.dll
0x00007ff8ffab0000 - 0x00007ff8ffad8000 	C:\WINDOWS\SYSTEM32\ncrypt.dll
0x00007ff8ffa70000 - 0x00007ff8ffaa7000 	C:\WINDOWS\SYSTEM32\NTASN1.dll

dbghelp: loaded successfully - version: 4.0.5 - missing functions: none
symbol engine: initialized successfully - sym options: 0x614 - pdb path: .;C:\Program Files\Java\jdk-11\bin;C:\WINDOWS\SYSTEM32;C:\WINDOWS\WinSxS\amd64_microsoft.windows.common-controls_6595b64144ccf1df_6.0.22000.120_none_9d947278b86cc467;C:\Program Files\Java\jdk-11\bin\server;C:\Users\LG\.gradle\native\68d5fa5c4cc2d200863cafc0d521ce42e7d3e7ee720ec0a83991735586a16f82\windows-amd64;C:\Users\LG\.gradle\native\e376f236ea51e6404a007f0833ffe2c6e607c4080706a723a18a27aeea778392\windows-amd64

VM Arguments:
jvm_args: --add-opens=java.base/java.util=ALL-UNNAMED --add-opens=java.base/java.lang=ALL-UNNAMED --add-opens=java.base/java.lang.invoke=ALL-UNNAMED --add-opens=java.prefs/java.util.prefs=ALL-UNNAMED --add-opens=java.base/java.nio.charset=ALL-UNNAMED --add-opens=java.base/java.net=ALL-UNNAMED --add-opens=java.base/java.util.concurrent.atomic=ALL-UNNAMED -XX:MaxMetaspaceSize=384m -XX:+HeapDumpOnOutOfMemoryError -Xms256m -Xmx512m -Dfile.encoding=x-windows-949 -Duser.country=KR -Duser.language=ko -Duser.variant -javaagent:C:\Users\LG\.gradle\wrapper\dists\gradle-8.2.1-bin\5hap6b9n41hkg4jeh2au2pllh\gradle-8.2.1\lib\agents\gradle-instrumentation-agent-8.2.1.jar 
java_command: org.gradle.launcher.daemon.bootstrap.GradleDaemon 8.2.1
java_class_path (initial): C:\Users\LG\.gradle\wrapper\dists\gradle-8.2.1-bin\5hap6b9n41hkg4jeh2au2pllh\gradle-8.2.1\lib\gradle-launcher-8.2.1.jar
Launcher Type: SUN_STANDARD

[Global flags]
     intx CICompilerCount                          = 4                                         {product} {ergonomic}
   size_t CompressedClassSpaceSize                 = 394264576                                 {product} {ergonomic}
     uint ConcGCThreads                            = 2                                         {product} {ergonomic}
     uint G1ConcRefinementThreads                  = 8                                         {product} {ergonomic}
   size_t G1HeapRegionSize                         = 1048576                                   {product} {ergonomic}
    uintx GCDrainStackTargetSize                   = 64                                        {product} {ergonomic}
     bool HeapDumpOnOutOfMemoryError               = true                                   {manageable} {command line}
   size_t InitialHeapSize                          = 268435456                                 {product} {command line}
   size_t MarkStackSize                            = 4194304                                   {product} {ergonomic}
   size_t MaxHeapSize                              = 536870912                                 {product} {command line}
   size_t MaxMetaspaceSize                         = 402653184                                 {product} {command line}
   size_t MaxNewSize                               = 321912832                                 {product} {ergonomic}
   size_t MinHeapDeltaBytes                        = 1048576                                   {product} {ergonomic}
    uintx NonNMethodCodeHeapSize                   = 5836300                                {pd product} {ergonomic}
    uintx NonProfiledCodeHeapSize                  = 122910970                              {pd product} {ergonomic}
    uintx ProfiledCodeHeapSize                     = 122910970                              {pd product} {ergonomic}
    uintx ReservedCodeCacheSize                    = 251658240                              {pd product} {ergonomic}
     bool SegmentedCodeCache                       = true                                      {product} {ergonomic}
     bool UseCompressedClassPointers               = true                                 {lp64_product} {ergonomic}
     bool UseCompressedOops                        = true                                 {lp64_product} {ergonomic}
     bool UseG1GC                                  = true                                      {product} {ergonomic}
     bool UseLargePagesIndividualAllocation        = false                                  {pd product} {ergonomic}

Logging:
Log output configuration:
 #0: stdout all=warning uptime,level,tags
 #1: stderr all=off uptime,level,tags

Environment Variables:
JAVA_HOME=D:\openjdk-11.0.0.1_windows-x64_bin\jdk-11.0.0.1
CLASSPATH=D:\openjdk-11.0.0.1_windows-x64_bin\jdk-11.0.0.1\lib
PATH=D:\openjdk-11.0.0.1_windows-x64_bin\jdk-11.0.0.1\bin;C:\Program Files\Common Files\Oracle\Java\javapath;C:\Program Files\Eclipse Adoptium\jdk-8.0.382.5-hotspot\bin;C:\oraclexe\app\oracle\product\10.2.0\server\bin;C:\Program Files (x86)\Common Files\Oracle\Java\javapath;C:\Program Files (x86)\Intel\iCLS Client\;C:\Program Files\Intel\iCLS Client\;C:\windows\system32;C:\windows;C:\windows\System32\Wbem;C:\windows\System32\WindowsPowerShell\v1.0\;C:\Program Files (x86)\Intel\Intel(R) Management Engine Components\DAL;C:\Program Files\Intel\Intel(R) Management Engine Components\DAL;C:\Program Files (x86)\Intel\Intel(R) Management Engine Components\IPT;C:\Program Files\Intel\Intel(R) Management Engine Components\IPT;C:\Program Files\Intel\WiFi\bin\;C:\Program Files\Common Files\Intel\WirelessCommon\;C:\Program Files (x86)\NVIDIA Corporation\PhysX\Common;C:\Program Files (x86)\Skype\Phone\;C:\WINDOWS\system32;C:\WINDOWS;C:\WINDOWS\System32\Wbem;C:\WINDOWS\System32\WindowsPowerShell\v1.0\;C:\WINDOWS\System32\OpenSSH\;C:\Program Files\nodejs\;D:\openssl-0.9.8e_X64\bin;C:\ProgramData\chocolatey\bin;C:\ProgramData\chocolatey\lib\maven\apache-maven-3.9.4\bin;C:\Program Files\Git\cmd;C:\Program Files\MariaDB 10.11\bin;D:\Scripts\;D:\;C:\Users\LG\AppData\Local\Microsoft\WindowsApps;C:\Users\LG\AppData\Local\afreeca;C:\altera\13.1\modelsim_ase\win32aloem;D:\PyCharm Community Edition 2022.1.3\bin;;C:\Users\LG\AppData\Local\Programs\Microsoft VS Code\bin;C:\Users\LG\AppData\Roaming\npm;C:\Program Files\Java\jdk-1.8\bin;D:\IntelliJ IDEA Community Edition 2023.1.3\bin;;
USERNAME=LG
OS=Windows_NT
PROCESSOR_IDENTIFIER=Intel64 Family 6 Model 142 Stepping 10, GenuineIntel



---------------  S Y S T E M  ---------------

OS: Windows 11 , 64 bit Build 22000 (10.0.22000.2538)

CPU:total 8 (initial active 8) (4 cores per cpu, 2 threads per core) family 6 model 142 stepping 10 microcode 0xe0, cmov, cx8, fxsr, mmx, sse, sse2, sse3, ssse3, sse4.1, sse4.2, popcnt, avx, avx2, aes, clmul, erms, 3dnowpref, lzcnt, ht, tsc, tscinvbit, bmi1, bmi2, adx, fma

Memory: 4k page, system-wide physical 8101M (441M free)
TotalPageFile size 16293M (AvailPageFile size 7M)
current process WorkingSet (physical memory assigned to process): 354M, peak: 354M
current process commit charge ("private bytes"): 480M, peak: 481M

vm_info: Java HotSpot(TM) 64-Bit Server VM (11.0.20+9-LTS-256) for windows-amd64 JRE (11.0.20+9-LTS-256), built on Jun 14 2023 10:34:22 by "mach5one" with MS VC++ 17.1 (VS2022)

END.
