#
# There is insufficient memory for the Java Runtime Environment to continue.
# Native memory allocation (malloc) failed to allocate 1036336 bytes for Chunk::new
# Possible reasons:
#   The system is out of physical RAM or swap space
#   The process is running with CompressedOops enabled, and the Java Heap may be blocking the growth of the native heap
# Possible solutions:
#   Reduce memory load on the system
#   Increase physical memory or swap space
#   Check if swap backing store is full
#   Decrease Java heap size (-Xmx/-Xms)
#   Decrease number of Java threads
#   Decrease Java thread stack sizes (-Xss)
#   Set larger code cache with -XX:ReservedCodeCacheSize=
#   JVM is running with Unscaled Compressed Oops mode in which the Java heap is
#     placed in the first 4GB address space. The Java Heap base address is the
#     maximum limit for the native heap growth. Please use -XX:HeapBaseMinAddress
#     to set the Java Heap base and to place the Java Heap above 4GB virtual address.
# This output file may be truncated or incomplete.
#
#  Out of Memory Error (./open/src/hotspot/share/memory/arena.cpp:197), pid=19792, tid=26836
#
# JRE version: Java(TM) SE Runtime Environment 18.9 (11.0.20+9) (build 11.0.20+9-LTS-256)
# Java VM: Java HotSpot(TM) 64-Bit Server VM 18.9 (11.0.20+9-LTS-256, mixed mode, tiered, compressed oops, g1 gc, windows-amd64)
# No core dump will be written. Minidumps are not enabled by default on client versions of Windows
#

---------------  S U M M A R Y ------------

Command Line: -Dfile.encoding=x-windows-949 -Duser.country=KR -Duser.language=ko -Duser.variant com.example.Volunteer.VolunteerApplication

Host: Intel(R) Core(TM) i5-8250U CPU @ 1.60GHz, 8 cores, 7G,  Windows 11 , 64 bit Build 22000 (10.0.22000.2538)
Time: Sat Nov 18 22:54:55 2023  Windows 11 , 64 bit Build 22000 (10.0.22000.2538) elapsed time: 3.527834 seconds (0d 0h 0m 3s)

---------------  T H R E A D  ---------------

Current thread (0x000002e1bb9c0800):  JavaThread "C2 CompilerThread0" daemon [_thread_in_native, id=26836, stack(0x000000f62a600000,0x000000f62a700000)]


Current CompileTask:
C2:   3527 2996       4       org.springframework.beans.factory.support.AbstractBeanFactory::isFactoryBean (65 bytes)

Stack: [0x000000f62a600000,0x000000f62a700000]
Native frames: (J=compiled Java code, j=interpreted, Vv=VM code, C=native code)
V  [jvm.dll+0x6602ba]
V  [jvm.dll+0x7a32af]
V  [jvm.dll+0x7a4979]
V  [jvm.dll+0x7a5013]
V  [jvm.dll+0x258ef5]
V  [jvm.dll+0xb2a0c]
V  [jvm.dll+0xb2fcc]
V  [jvm.dll+0x367691]
V  [jvm.dll+0x330365]
V  [jvm.dll+0x32f74a]
V  [jvm.dll+0x211bfd]
V  [jvm.dll+0x210bc8]
V  [jvm.dll+0x18cdb1]
V  [jvm.dll+0x220e59]
V  [jvm.dll+0x21f17c]
V  [jvm.dll+0x767061]
V  [jvm.dll+0x75f8e4]
V  [jvm.dll+0x65f165]
C  [ucrtbase.dll+0x26c0c]
C  [KERNEL32.DLL+0x153e0]
C  [ntdll.dll+0x485b]


---------------  P R O C E S S  ---------------

Threads class SMR info:
_java_thread_list=0x000002e1bd28c5b0, length=10, elements={
0x000002e19b0f1800, 0x000002e1bb08e000, 0x000002e1bb08f000, 0x000002e1bb9b9800,
0x000002e1bb9bc800, 0x000002e1bb9bf800, 0x000002e1bb9c0800, 0x000002e1bb9c3000,
0x000002e1bb9c4800, 0x000002e1bbb31000
}

Java Threads: ( => current thread )
  0x000002e19b0f1800 JavaThread "main" [_thread_in_vm, id=15296, stack(0x000000f629a00000,0x000000f629b00000)]
  0x000002e1bb08e000 JavaThread "Reference Handler" daemon [_thread_blocked, id=5268, stack(0x000000f62a100000,0x000000f62a200000)]
  0x000002e1bb08f000 JavaThread "Finalizer" daemon [_thread_blocked, id=6496, stack(0x000000f62a200000,0x000000f62a300000)]
  0x000002e1bb9b9800 JavaThread "Signal Dispatcher" daemon [_thread_blocked, id=18512, stack(0x000000f62a300000,0x000000f62a400000)]
  0x000002e1bb9bc800 JavaThread "Attach Listener" daemon [_thread_blocked, id=27308, stack(0x000000f62a400000,0x000000f62a500000)]
  0x000002e1bb9bf800 JavaThread "Service Thread" daemon [_thread_blocked, id=21896, stack(0x000000f62a500000,0x000000f62a600000)]
=>0x000002e1bb9c0800 JavaThread "C2 CompilerThread0" daemon [_thread_in_native, id=26836, stack(0x000000f62a600000,0x000000f62a700000)]
  0x000002e1bb9c3000 JavaThread "C1 CompilerThread0" daemon [_thread_blocked, id=1228, stack(0x000000f62a700000,0x000000f62a800000)]
  0x000002e1bb9c4800 JavaThread "Sweeper thread" daemon [_thread_blocked, id=19224, stack(0x000000f62a800000,0x000000f62a900000)]
  0x000002e1bbb31000 JavaThread "Common-Cleaner" daemon [_thread_blocked, id=20108, stack(0x000000f62aa00000,0x000000f62ab00000)]

Other Threads:
  0x000002e1bb069800 VMThread "VM Thread" [stack: 0x000000f62a000000,0x000000f62a100000] [id=19524]
  0x000002e1bbb2e800 WatcherThread [stack: 0x000000f62a900000,0x000000f62aa00000] [id=17308]
  0x000002e19b105800 GCTaskThread "GC Thread#0" [stack: 0x000000f629b00000,0x000000f629c00000] [id=22344]
  0x000002e1bc619800 GCTaskThread "GC Thread#1" [stack: 0x000000f62ab00000,0x000000f62ac00000] [id=16360]
  0x000002e1bc6bc800 GCTaskThread "GC Thread#2" [stack: 0x000000f62ac00000,0x000000f62ad00000] [id=256]
  0x000002e1bc9b9800 GCTaskThread "GC Thread#3" [stack: 0x000000f62ae00000,0x000000f62af00000] [id=3428]
  0x000002e19b139000 ConcurrentGCThread "G1 Main Marker" [stack: 0x000000f629c00000,0x000000f629d00000] [id=12188]
  0x000002e19b13b800 ConcurrentGCThread "G1 Conc#0" [stack: 0x000000f629d00000,0x000000f629e00000] [id=15864]
  0x000002e1bc513000 ConcurrentGCThread "G1 Conc#1" [stack: 0x000000f62af00000,0x000000f62b000000] [id=24472]
  0x000002e19b1bd800 ConcurrentGCThread "G1 Refine#0" [stack: 0x000000f629e00000,0x000000f629f00000] [id=6372]
  0x000002e19b1be800 ConcurrentGCThread "G1 Young RemSet Sampling" [stack: 0x000000f629f00000,0x000000f62a000000] [id=25844]

Threads with active compile tasks:
C2 CompilerThread0     3560 2996       4       org.springframework.beans.factory.support.AbstractBeanFactory::isFactoryBean (65 bytes)

VM state:not at safepoint (normal execution)

VM Mutex/Monitor currently owned by a thread: None

Heap address: 0x0000000081600000, size: 2026 MB, Compressed Oops mode: 32-bit
Narrow klass base: 0x0000000000000000, Narrow klass shift: 3
Compressed class space size: 1073741824 Address: 0x0000000100000000

Heap:
 garbage-first heap   total 131072K, used 25813K [0x0000000081600000, 0x0000000100000000)
  region size 1024K, 18 young (18432K), 4 survivors (4096K)
 Metaspace       used 30862K, capacity 31671K, committed 31872K, reserved 1077248K
  class space    used 3592K, capacity 3912K, committed 3968K, reserved 1048576K
Heap Regions: E=young(eden), S=young(survivor), O=old, HS=humongous(starts), HC=humongous(continues), CS=collection set, F=free, A=archive, TAMS=top-at-mark-start (previous, next)
|   0|0x0000000081600000, 0x0000000081700000, 0x0000000081700000|100%|HS|  |TAMS 0x0000000081700000, 0x0000000081600000| Complete 
|   1|0x0000000081700000, 0x0000000081800000, 0x0000000081800000|100%| O|  |TAMS 0x0000000081800000, 0x0000000081700000| Untracked 
|   2|0x0000000081800000, 0x0000000081900000, 0x0000000081900000|100%| O|  |TAMS 0x0000000081900000, 0x0000000081800000| Untracked 
|   3|0x0000000081900000, 0x0000000081a00000, 0x0000000081a00000|100%| O|  |TAMS 0x00000000819ba400, 0x0000000081900000| Untracked 
|   4|0x0000000081a00000, 0x0000000081b00000, 0x0000000081b00000|100%| O|  |TAMS 0x0000000081a00000, 0x0000000081a00000| Untracked 
|   5|0x0000000081b00000, 0x0000000081c00000, 0x0000000081c00000|100%| O|  |TAMS 0x0000000081b00000, 0x0000000081b00000| Untracked 
|   6|0x0000000081c00000, 0x0000000081d00000, 0x0000000081d00000|100%| O|  |TAMS 0x0000000081c00000, 0x0000000081c00000| Untracked 
|   7|0x0000000081d00000, 0x0000000081e00000, 0x0000000081e00000|100%| O|  |TAMS 0x0000000081d00000, 0x0000000081d00000| Untracked 
|   8|0x0000000081e00000, 0x0000000081ec4600, 0x0000000081f00000| 76%| O|  |TAMS 0x0000000081e00000, 0x0000000081e00000| Untracked 
|   9|0x0000000081f00000, 0x0000000081f00000, 0x0000000082000000|  0%| F|  |TAMS 0x0000000081f00000, 0x0000000081f00000| Untracked 
|  10|0x0000000082000000, 0x0000000082000000, 0x0000000082100000|  0%| F|  |TAMS 0x0000000082000000, 0x0000000082000000| Untracked 
|  11|0x0000000082100000, 0x0000000082100000, 0x0000000082200000|  0%| F|  |TAMS 0x0000000082100000, 0x0000000082100000| Untracked 
|  12|0x0000000082200000, 0x0000000082200000, 0x0000000082300000|  0%| F|  |TAMS 0x0000000082200000, 0x0000000082200000| Untracked 
|  13|0x0000000082300000, 0x0000000082300000, 0x0000000082400000|  0%| F|  |TAMS 0x0000000082300000, 0x0000000082300000| Untracked 
|  14|0x0000000082400000, 0x0000000082400000, 0x0000000082500000|  0%| F|  |TAMS 0x0000000082400000, 0x0000000082400000| Untracked 
|  15|0x0000000082500000, 0x0000000082500000, 0x0000000082600000|  0%| F|  |TAMS 0x0000000082500000, 0x0000000082500000| Untracked 
|  16|0x0000000082600000, 0x0000000082600000, 0x0000000082700000|  0%| F|  |TAMS 0x0000000082600000, 0x0000000082600000| Untracked 
|  17|0x0000000082700000, 0x0000000082700000, 0x0000000082800000|  0%| F|  |TAMS 0x0000000082700000, 0x0000000082700000| Untracked 
|  18|0x0000000082800000, 0x0000000082800000, 0x0000000082900000|  0%| F|  |TAMS 0x0000000082800000, 0x0000000082800000| Untracked 
|  19|0x0000000082900000, 0x0000000082900000, 0x0000000082a00000|  0%| F|  |TAMS 0x0000000082900000, 0x0000000082900000| Untracked 
|  20|0x0000000082a00000, 0x0000000082a00000, 0x0000000082b00000|  0%| F|  |TAMS 0x0000000082a00000, 0x0000000082a00000| Untracked 
|  21|0x0000000082b00000, 0x0000000082b00000, 0x0000000082c00000|  0%| F|  |TAMS 0x0000000082b00000, 0x0000000082b00000| Untracked 
|  22|0x0000000082c00000, 0x0000000082c00000, 0x0000000082d00000|  0%| F|  |TAMS 0x0000000082c00000, 0x0000000082c00000| Untracked 
|  23|0x0000000082d00000, 0x0000000082d00000, 0x0000000082e00000|  0%| F|  |TAMS 0x0000000082d00000, 0x0000000082d00000| Untracked 
|  24|0x0000000082e00000, 0x0000000082e00000, 0x0000000082f00000|  0%| F|  |TAMS 0x0000000082e00000, 0x0000000082e00000| Untracked 
|  25|0x0000000082f00000, 0x0000000082f00000, 0x0000000083000000|  0%| F|  |TAMS 0x0000000082f00000, 0x0000000082f00000| Untracked 
|  26|0x0000000083000000, 0x0000000083000000, 0x0000000083100000|  0%| F|  |TAMS 0x0000000083000000, 0x0000000083000000| Untracked 
|  27|0x0000000083100000, 0x0000000083100000, 0x0000000083200000|  0%| F|  |TAMS 0x0000000083100000, 0x0000000083100000| Untracked 
|  28|0x0000000083200000, 0x0000000083200000, 0x0000000083300000|  0%| F|  |TAMS 0x0000000083200000, 0x0000000083200000| Untracked 
|  29|0x0000000083300000, 0x0000000083300000, 0x0000000083400000|  0%| F|  |TAMS 0x0000000083300000, 0x0000000083300000| Untracked 
|  30|0x0000000083400000, 0x0000000083400000, 0x0000000083500000|  0%| F|  |TAMS 0x0000000083400000, 0x0000000083400000| Untracked 
|  31|0x0000000083500000, 0x0000000083500000, 0x0000000083600000|  0%| F|  |TAMS 0x0000000083500000, 0x0000000083500000| Untracked 
|  32|0x0000000083600000, 0x0000000083600000, 0x0000000083700000|  0%| F|  |TAMS 0x0000000083600000, 0x0000000083600000| Untracked 
|  33|0x0000000083700000, 0x0000000083700000, 0x0000000083800000|  0%| F|  |TAMS 0x0000000083700000, 0x0000000083700000| Untracked 
|  34|0x0000000083800000, 0x0000000083800000, 0x0000000083900000|  0%| F|  |TAMS 0x0000000083800000, 0x0000000083800000| Untracked 
|  35|0x0000000083900000, 0x0000000083900000, 0x0000000083a00000|  0%| F|  |TAMS 0x0000000083900000, 0x0000000083900000| Untracked 
|  36|0x0000000083a00000, 0x0000000083a00000, 0x0000000083b00000|  0%| F|  |TAMS 0x0000000083a00000, 0x0000000083a00000| Untracked 
|  37|0x0000000083b00000, 0x0000000083b00000, 0x0000000083c00000|  0%| F|  |TAMS 0x0000000083b00000, 0x0000000083b00000| Untracked 
|  38|0x0000000083c00000, 0x0000000083c00000, 0x0000000083d00000|  0%| F|  |TAMS 0x0000000083c00000, 0x0000000083c00000| Untracked 
|  39|0x0000000083d00000, 0x0000000083d00000, 0x0000000083e00000|  0%| F|  |TAMS 0x0000000083d00000, 0x0000000083d00000| Untracked 
|  40|0x0000000083e00000, 0x0000000083e00000, 0x0000000083f00000|  0%| F|  |TAMS 0x0000000083e00000, 0x0000000083e00000| Untracked 
|  41|0x0000000083f00000, 0x0000000083f00000, 0x0000000084000000|  0%| F|  |TAMS 0x0000000083f00000, 0x0000000083f00000| Untracked 
|  42|0x0000000084000000, 0x0000000084000000, 0x0000000084100000|  0%| F|  |TAMS 0x0000000084000000, 0x0000000084000000| Untracked 
|  43|0x0000000084100000, 0x0000000084100000, 0x0000000084200000|  0%| F|  |TAMS 0x0000000084100000, 0x0000000084100000| Untracked 
|  44|0x0000000084200000, 0x0000000084200000, 0x0000000084300000|  0%| F|  |TAMS 0x0000000084200000, 0x0000000084200000| Untracked 
|  45|0x0000000084300000, 0x0000000084300000, 0x0000000084400000|  0%| F|  |TAMS 0x0000000084300000, 0x0000000084300000| Untracked 
|  46|0x0000000084400000, 0x0000000084400000, 0x0000000084500000|  0%| F|  |TAMS 0x0000000084400000, 0x0000000084400000| Untracked 
|  47|0x0000000084500000, 0x0000000084500000, 0x0000000084600000|  0%| F|  |TAMS 0x0000000084500000, 0x0000000084500000| Untracked 
|  48|0x0000000084600000, 0x0000000084600000, 0x0000000084700000|  0%| F|  |TAMS 0x0000000084600000, 0x0000000084600000| Untracked 
|  49|0x0000000084700000, 0x0000000084700000, 0x0000000084800000|  0%| F|  |TAMS 0x0000000084700000, 0x0000000084700000| Untracked 
|  50|0x0000000084800000, 0x0000000084800000, 0x0000000084900000|  0%| F|  |TAMS 0x0000000084800000, 0x0000000084800000| Untracked 
|  51|0x0000000084900000, 0x0000000084900000, 0x0000000084a00000|  0%| F|  |TAMS 0x0000000084900000, 0x0000000084900000| Untracked 
|  52|0x0000000084a00000, 0x0000000084a00000, 0x0000000084b00000|  0%| F|  |TAMS 0x0000000084a00000, 0x0000000084a00000| Untracked 
|  53|0x0000000084b00000, 0x0000000084b00000, 0x0000000084c00000|  0%| F|  |TAMS 0x0000000084b00000, 0x0000000084b00000| Untracked 
|  54|0x0000000084c00000, 0x0000000084c00000, 0x0000000084d00000|  0%| F|  |TAMS 0x0000000084c00000, 0x0000000084c00000| Untracked 
|  55|0x0000000084d00000, 0x0000000084d00000, 0x0000000084e00000|  0%| F|  |TAMS 0x0000000084d00000, 0x0000000084d00000| Untracked 
|  56|0x0000000084e00000, 0x0000000084e00000, 0x0000000084f00000|  0%| F|  |TAMS 0x0000000084e00000, 0x0000000084e00000| Untracked 
|  57|0x0000000084f00000, 0x0000000084f00000, 0x0000000085000000|  0%| F|  |TAMS 0x0000000084f00000, 0x0000000084f00000| Untracked 
|  58|0x0000000085000000, 0x0000000085000000, 0x0000000085100000|  0%| F|  |TAMS 0x0000000085000000, 0x0000000085000000| Untracked 
|  59|0x0000000085100000, 0x0000000085100000, 0x0000000085200000|  0%| F|  |TAMS 0x0000000085100000, 0x0000000085100000| Untracked 
|  60|0x0000000085200000, 0x0000000085200000, 0x0000000085300000|  0%| F|  |TAMS 0x0000000085200000, 0x0000000085200000| Untracked 
|  61|0x0000000085300000, 0x0000000085300000, 0x0000000085400000|  0%| F|  |TAMS 0x0000000085300000, 0x0000000085300000| Untracked 
|  62|0x0000000085400000, 0x0000000085400000, 0x0000000085500000|  0%| F|  |TAMS 0x0000000085400000, 0x0000000085400000| Untracked 
|  63|0x0000000085500000, 0x0000000085500000, 0x0000000085600000|  0%| F|  |TAMS 0x0000000085500000, 0x0000000085500000| Untracked 
|  64|0x0000000085600000, 0x0000000085600000, 0x0000000085700000|  0%| F|  |TAMS 0x0000000085600000, 0x0000000085600000| Untracked 
|  65|0x0000000085700000, 0x0000000085700000, 0x0000000085800000|  0%| F|  |TAMS 0x0000000085700000, 0x0000000085700000| Untracked 
|  66|0x0000000085800000, 0x0000000085800000, 0x0000000085900000|  0%| F|  |TAMS 0x0000000085800000, 0x0000000085800000| Untracked 
|  67|0x0000000085900000, 0x0000000085971070, 0x0000000085a00000| 44%| S|CS|TAMS 0x0000000085900000, 0x0000000085900000| Complete 
|  68|0x0000000085a00000, 0x0000000085b00000, 0x0000000085b00000|100%| S|CS|TAMS 0x0000000085a00000, 0x0000000085a00000| Complete 
|  69|0x0000000085b00000, 0x0000000085c00000, 0x0000000085c00000|100%| S|CS|TAMS 0x0000000085b00000, 0x0000000085b00000| Complete 
|  70|0x0000000085c00000, 0x0000000085d00000, 0x0000000085d00000|100%| S|CS|TAMS 0x0000000085c00000, 0x0000000085c00000| Complete 
|  71|0x0000000085d00000, 0x0000000085d00000, 0x0000000085e00000|  0%| F|  |TAMS 0x0000000085d00000, 0x0000000085d00000| Untracked 
|  72|0x0000000085e00000, 0x0000000085e00000, 0x0000000085f00000|  0%| F|  |TAMS 0x0000000085e00000, 0x0000000085e00000| Untracked 
|  73|0x0000000085f00000, 0x0000000085f00000, 0x0000000086000000|  0%| F|  |TAMS 0x0000000085f00000, 0x0000000085f00000| Untracked 
|  74|0x0000000086000000, 0x0000000086000000, 0x0000000086100000|  0%| F|  |TAMS 0x0000000086000000, 0x0000000086000000| Untracked 
|  75|0x0000000086100000, 0x0000000086100000, 0x0000000086200000|  0%| F|  |TAMS 0x0000000086100000, 0x0000000086100000| Untracked 
|  76|0x0000000086200000, 0x0000000086200000, 0x0000000086300000|  0%| F|  |TAMS 0x0000000086200000, 0x0000000086200000| Untracked 
|  77|0x0000000086300000, 0x0000000086300000, 0x0000000086400000|  0%| F|  |TAMS 0x0000000086300000, 0x0000000086300000| Untracked 
|  78|0x0000000086400000, 0x0000000086400000, 0x0000000086500000|  0%| F|  |TAMS 0x0000000086400000, 0x0000000086400000| Untracked 
|  79|0x0000000086500000, 0x0000000086500000, 0x0000000086600000|  0%| F|  |TAMS 0x0000000086500000, 0x0000000086500000| Untracked 
|  80|0x0000000086600000, 0x0000000086600000, 0x0000000086700000|  0%| F|  |TAMS 0x0000000086600000, 0x0000000086600000| Untracked 
|  81|0x0000000086700000, 0x0000000086700000, 0x0000000086800000|  0%| F|  |TAMS 0x0000000086700000, 0x0000000086700000| Untracked 
|  82|0x0000000086800000, 0x0000000086800000, 0x0000000086900000|  0%| F|  |TAMS 0x0000000086800000, 0x0000000086800000| Untracked 
|  83|0x0000000086900000, 0x0000000086900000, 0x0000000086a00000|  0%| F|  |TAMS 0x0000000086900000, 0x0000000086900000| Untracked 
|  84|0x0000000086a00000, 0x0000000086a00000, 0x0000000086b00000|  0%| F|  |TAMS 0x0000000086a00000, 0x0000000086a00000| Untracked 
|  85|0x0000000086b00000, 0x0000000086b00000, 0x0000000086c00000|  0%| F|  |TAMS 0x0000000086b00000, 0x0000000086b00000| Untracked 
|  86|0x0000000086c00000, 0x0000000086c00000, 0x0000000086d00000|  0%| F|  |TAMS 0x0000000086c00000, 0x0000000086c00000| Untracked 
|  87|0x0000000086d00000, 0x0000000086d00000, 0x0000000086e00000|  0%| F|  |TAMS 0x0000000086d00000, 0x0000000086d00000| Untracked 
|  88|0x0000000086e00000, 0x0000000086e00000, 0x0000000086f00000|  0%| F|  |TAMS 0x0000000086e00000, 0x0000000086e00000| Untracked 
|  89|0x0000000086f00000, 0x0000000086f00000, 0x0000000087000000|  0%| F|  |TAMS 0x0000000086f00000, 0x0000000086f00000| Untracked 
|  90|0x0000000087000000, 0x0000000087000000, 0x0000000087100000|  0%| F|  |TAMS 0x0000000087000000, 0x0000000087000000| Untracked 
|  91|0x0000000087100000, 0x0000000087100000, 0x0000000087200000|  0%| F|  |TAMS 0x0000000087100000, 0x0000000087100000| Untracked 
|  92|0x0000000087200000, 0x0000000087200000, 0x0000000087300000|  0%| F|  |TAMS 0x0000000087200000, 0x0000000087200000| Untracked 
|  93|0x0000000087300000, 0x0000000087300000, 0x0000000087400000|  0%| F|  |TAMS 0x0000000087300000, 0x0000000087300000| Untracked 
|  94|0x0000000087400000, 0x0000000087400000, 0x0000000087500000|  0%| F|  |TAMS 0x0000000087400000, 0x0000000087400000| Untracked 
|  95|0x0000000087500000, 0x0000000087500000, 0x0000000087600000|  0%| F|  |TAMS 0x0000000087500000, 0x0000000087500000| Untracked 
|  96|0x0000000087600000, 0x0000000087600000, 0x0000000087700000|  0%| F|  |TAMS 0x0000000087600000, 0x0000000087600000| Untracked 
|  97|0x0000000087700000, 0x0000000087700000, 0x0000000087800000|  0%| F|  |TAMS 0x0000000087700000, 0x0000000087700000| Untracked 
|  98|0x0000000087800000, 0x0000000087800000, 0x0000000087900000|  0%| F|  |TAMS 0x0000000087800000, 0x0000000087800000| Untracked 
|  99|0x0000000087900000, 0x0000000087900000, 0x0000000087a00000|  0%| F|  |TAMS 0x0000000087900000, 0x0000000087900000| Untracked 
| 100|0x0000000087a00000, 0x0000000087a00000, 0x0000000087b00000|  0%| F|  |TAMS 0x0000000087a00000, 0x0000000087a00000| Untracked 
| 101|0x0000000087b00000, 0x0000000087b00000, 0x0000000087c00000|  0%| F|  |TAMS 0x0000000087b00000, 0x0000000087b00000| Untracked 
| 102|0x0000000087c00000, 0x0000000087c00000, 0x0000000087d00000|  0%| F|  |TAMS 0x0000000087c00000, 0x0000000087c00000| Untracked 
| 103|0x0000000087d00000, 0x0000000087d00000, 0x0000000087e00000|  0%| F|  |TAMS 0x0000000087d00000, 0x0000000087d00000| Untracked 
| 104|0x0000000087e00000, 0x0000000087e00000, 0x0000000087f00000|  0%| F|  |TAMS 0x0000000087e00000, 0x0000000087e00000| Untracked 
| 105|0x0000000087f00000, 0x0000000087f00000, 0x0000000088000000|  0%| F|  |TAMS 0x0000000087f00000, 0x0000000087f00000| Untracked 
| 106|0x0000000088000000, 0x0000000088000000, 0x0000000088100000|  0%| F|  |TAMS 0x0000000088000000, 0x0000000088000000| Untracked 
| 107|0x0000000088100000, 0x0000000088100000, 0x0000000088200000|  0%| F|  |TAMS 0x0000000088100000, 0x0000000088100000| Untracked 
| 108|0x0000000088200000, 0x0000000088200000, 0x0000000088300000|  0%| F|  |TAMS 0x0000000088200000, 0x0000000088200000| Untracked 
| 109|0x0000000088300000, 0x0000000088300000, 0x0000000088400000|  0%| F|  |TAMS 0x0000000088300000, 0x0000000088300000| Untracked 
| 110|0x0000000088400000, 0x0000000088400000, 0x0000000088500000|  0%| F|  |TAMS 0x0000000088400000, 0x0000000088400000| Untracked 
| 111|0x0000000088500000, 0x0000000088500000, 0x0000000088600000|  0%| F|  |TAMS 0x0000000088500000, 0x0000000088500000| Untracked 
| 112|0x0000000088600000, 0x0000000088600000, 0x0000000088700000|  0%| F|  |TAMS 0x0000000088600000, 0x0000000088600000| Untracked 
| 113|0x0000000088700000, 0x0000000088700000, 0x0000000088800000|  0%| F|  |TAMS 0x0000000088700000, 0x0000000088700000| Untracked 
| 114|0x0000000088800000, 0x0000000088900000, 0x0000000088900000|100%| E|  |TAMS 0x0000000088800000, 0x0000000088800000| Complete 
| 115|0x0000000088900000, 0x0000000088a00000, 0x0000000088a00000|100%| E|CS|TAMS 0x0000000088900000, 0x0000000088900000| Complete 
| 116|0x0000000088a00000, 0x0000000088b00000, 0x0000000088b00000|100%| E|CS|TAMS 0x0000000088a00000, 0x0000000088a00000| Complete 
| 117|0x0000000088b00000, 0x0000000088c00000, 0x0000000088c00000|100%| E|CS|TAMS 0x0000000088b00000, 0x0000000088b00000| Complete 
| 118|0x0000000088c00000, 0x0000000088d00000, 0x0000000088d00000|100%| E|CS|TAMS 0x0000000088c00000, 0x0000000088c00000| Complete 
| 119|0x0000000088d00000, 0x0000000088e00000, 0x0000000088e00000|100%| E|CS|TAMS 0x0000000088d00000, 0x0000000088d00000| Complete 
| 120|0x0000000088e00000, 0x0000000088f00000, 0x0000000088f00000|100%| E|CS|TAMS 0x0000000088e00000, 0x0000000088e00000| Complete 
| 121|0x0000000088f00000, 0x0000000089000000, 0x0000000089000000|100%| E|CS|TAMS 0x0000000088f00000, 0x0000000088f00000| Complete 
| 122|0x0000000089000000, 0x0000000089100000, 0x0000000089100000|100%| E|CS|TAMS 0x0000000089000000, 0x0000000089000000| Complete 
| 123|0x0000000089100000, 0x0000000089200000, 0x0000000089200000|100%| E|CS|TAMS 0x0000000089100000, 0x0000000089100000| Complete 
| 124|0x0000000089200000, 0x0000000089300000, 0x0000000089300000|100%| E|CS|TAMS 0x0000000089200000, 0x0000000089200000| Complete 
| 125|0x0000000089300000, 0x0000000089400000, 0x0000000089400000|100%| E|CS|TAMS 0x0000000089300000, 0x0000000089300000| Complete 
| 126|0x0000000089400000, 0x0000000089500000, 0x0000000089500000|100%| E|CS|TAMS 0x0000000089400000, 0x0000000089400000| Complete 
| 127|0x0000000089500000, 0x0000000089600000, 0x0000000089600000|100%| E|CS|TAMS 0x0000000089500000, 0x0000000089500000| Complete 

Card table byte_map: [0x000002e1b3e20000,0x000002e1b4220000] _byte_map_base: 0x000002e1b3a15000

Marking Bits (Prev, Next): (CMBitMap*) 0x000002e19b130630, (CMBitMap*) 0x000002e19b1305f8
 Prev Bits: [0x000002e1b65d0000, 0x000002e1b8578000)
 Next Bits: [0x000002e1b4620000, 0x000002e1b65c8000)

Polling page: 0x000002e19b1c0000

Metaspace:

Usage:
  Non-class:     27.11 MB capacity,    26.67 MB ( 98%) used,   366.94 KB (  1%) free+waste,    92.06 KB ( <1%) overhead. 
      Class:      3.82 MB capacity,     3.51 MB ( 92%) used,   271.77 KB (  7%) free+waste,    45.69 KB (  1%) overhead. 
       Both:     30.94 MB capacity,    30.18 MB ( 98%) used,   638.70 KB (  2%) free+waste,   137.75 KB ( <1%) overhead. 

Virtual space:
  Non-class space:       28.00 MB reserved,      27.25 MB ( 97%) committed 
      Class space:        1.00 GB reserved,       3.88 MB ( <1%) committed 
             Both:        1.03 GB reserved,      31.12 MB (  3%) committed 

Chunk freelists:
   Non-Class:  1.38 KB
       Class:  2.62 KB
        Both:  4.00 KB

CodeHeap 'non-profiled nmethods': size=120000Kb used=1134Kb max_used=1134Kb free=118865Kb
 bounds [0x000002e1aba70000, 0x000002e1abce0000, 0x000002e1b2fa0000]
CodeHeap 'profiled nmethods': size=120000Kb used=7033Kb max_used=7033Kb free=112966Kb
 bounds [0x000002e1a4540000, 0x000002e1a4c20000, 0x000002e1aba70000]
CodeHeap 'non-nmethods': size=5760Kb used=1134Kb max_used=1163Kb free=4625Kb
 bounds [0x000002e1a3fa0000, 0x000002e1a4210000, 0x000002e1a4540000]
 total_blobs=3536 nmethods=3075 adapters=371
 compilation: enabled
              stopped_count=0, restarted_count=0
 full_count=0

Compilation events (10 events):
Event: 3.483 Thread 0x000002e1bb9c3000 3046       1       sun.security.util.KnownOIDs::registerNames (2 bytes)
Event: 3.483 Thread 0x000002e1bb9c3000 nmethod 3046 0x000002e1abb89b90 code [0x000002e1abb89d20, 0x000002e1abb89dd8]
Event: 3.484 Thread 0x000002e1bb9c3000 3047       3       sun.security.util.KnownOIDs$$Lambda$437/0x00000001003a5440::accept (8 bytes)
Event: 3.484 Thread 0x000002e1bb9c3000 nmethod 3047 0x000002e1a4be7610 code [0x000002e1a4be77c0, 0x000002e1a4be7a28]
Event: 3.484 Thread 0x000002e1bb9c3000 3048       3       sun.security.util.KnownOIDs::lambda$static$0 (5 bytes)
Event: 3.484 Thread 0x000002e1bb9c3000 nmethod 3048 0x000002e1a4be7b10 code [0x000002e1a4be7ca0, 0x000002e1a4be7da8]
Event: 3.484 Thread 0x000002e1bb9c3000 3049       3       java.util.concurrent.ConcurrentHashMap::resizeStamp (8 bytes)
Event: 3.484 Thread 0x000002e1bb9c3000 nmethod 3049 0x000002e1a4be7e90 code [0x000002e1a4be8020, 0x000002e1a4be8128]
Event: 3.486 Thread 0x000002e1bb9c3000 3051       3       java.util.ArrayList::<init> (63 bytes)
Event: 3.486 Thread 0x000002e1bb9c3000 nmethod 3051 0x000002e1a4be8210 code [0x000002e1a4be8400, 0x000002e1a4be8958]

GC Heap History (8 events):
Event: 0.723 GC heap before
{Heap before GC invocations=0 (full 0):
 garbage-first heap   total 131072K, used 25600K [0x0000000081600000, 0x0000000100000000)
  region size 1024K, 24 young (24576K), 0 survivors (0K)
 Metaspace       used 11512K, capacity 11837K, committed 12032K, reserved 1060864K
  class space    used 1153K, capacity 1253K, committed 1280K, reserved 1048576K
}
Event: 0.729 GC heap after
{Heap after GC invocations=1 (full 0):
 garbage-first heap   total 131072K, used 6889K [0x0000000081600000, 0x0000000100000000)
  region size 1024K, 3 young (3072K), 3 survivors (3072K)
 Metaspace       used 11512K, capacity 11837K, committed 12032K, reserved 1060864K
  class space    used 1153K, capacity 1253K, committed 1280K, reserved 1048576K
}
Event: 1.449 GC heap before
{Heap before GC invocations=1 (full 0):
 garbage-first heap   total 131072K, used 49897K [0x0000000081600000, 0x0000000100000000)
  region size 1024K, 46 young (47104K), 3 survivors (3072K)
 Metaspace       used 20634K, capacity 21155K, committed 21504K, reserved 1069056K
  class space    used 2247K, capacity 2440K, committed 2560K, reserved 1048576K
}
Event: 1.456 GC heap after
{Heap after GC invocations=2 (full 0):
 garbage-first heap   total 131072K, used 9098K [0x0000000081600000, 0x0000000100000000)
  region size 1024K, 6 young (6144K), 6 survivors (6144K)
 Metaspace       used 20634K, capacity 21155K, committed 21504K, reserved 1069056K
  class space    used 2247K, capacity 2440K, committed 2560K, reserved 1048576K
}
Event: 2.549 GC heap before
{Heap before GC invocations=3 (full 0):
 garbage-first heap   total 131072K, used 31626K [0x0000000081600000, 0x0000000100000000)
  region size 1024K, 28 young (28672K), 6 survivors (6144K)
 Metaspace       used 23930K, capacity 24548K, committed 24832K, reserved 1071104K
  class space    used 2708K, capacity 2957K, committed 3072K, reserved 1048576K
}
Event: 2.556 GC heap after
{Heap after GC invocations=4 (full 0):
 garbage-first heap   total 131072K, used 10000K [0x0000000081600000, 0x0000000100000000)
  region size 1024K, 1 young (1024K), 1 survivors (1024K)
 Metaspace       used 23930K, capacity 24548K, committed 24832K, reserved 1071104K
  class space    used 2708K, capacity 2957K, committed 3072K, reserved 1048576K
}
Event: 3.341 GC heap before
{Heap before GC invocations=4 (full 0):
 garbage-first heap   total 131072K, used 67344K [0x0000000081600000, 0x0000000100000000)
  region size 1024K, 57 young (58368K), 1 survivors (1024K)
 Metaspace       used 28880K, capacity 29665K, committed 29824K, reserved 1075200K
  class space    used 3329K, capacity 3614K, committed 3712K, reserved 1048576K
}
Event: 3.346 GC heap after
{Heap after GC invocations=5 (full 0):
 garbage-first heap   total 131072K, used 12501K [0x0000000081600000, 0x0000000100000000)
  region size 1024K, 4 young (4096K), 4 survivors (4096K)
 Metaspace       used 28880K, capacity 29665K, committed 29824K, reserved 1075200K
  class space    used 3329K, capacity 3614K, committed 3712K, reserved 1048576K
}

Deoptimization events (10 events):
Event: 2.933 Thread 0x000002e19b0f1800 Uncommon trap: reason=class_check action=maybe_recompile pc=0x000002e1abb4c5b0 method=java.lang.String.equals(Ljava/lang/Object;)Z @ 8 c2
Event: 2.933 Thread 0x000002e19b0f1800 Uncommon trap: reason=class_check action=maybe_recompile pc=0x000002e1aba95f60 method=java.lang.String.equals(Ljava/lang/Object;)Z @ 8 c2
Event: 2.961 Thread 0x000002e19b0f1800 Uncommon trap: reason=unstable_if action=reinterpret pc=0x000002e1abb4ac30 method=java.util.Arrays.equals([Ljava/lang/Object;[Ljava/lang/Object;)Z @ 44 c2
Event: 3.171 Thread 0x000002e19b0f1800 Uncommon trap: reason=class_check action=maybe_recompile pc=0x000002e1abb5889c method=org.springframework.util.ConcurrentReferenceHashMap$Segment.findInChain(Lorg/springframework/util/ConcurrentReferenceHashMap$Reference;Ljava/lang/Object;I)Lorg/springfra
Event: 3.186 Thread 0x000002e19b0f1800 Uncommon trap: reason=class_check action=maybe_recompile pc=0x000002e1abb5889c method=org.springframework.util.ConcurrentReferenceHashMap$Segment.findInChain(Lorg/springframework/util/ConcurrentReferenceHashMap$Reference;Ljava/lang/Object;I)Lorg/springfra
Event: 3.190 Thread 0x000002e19b0f1800 Uncommon trap: reason=class_check action=maybe_recompile pc=0x000002e1abb5889c method=org.springframework.util.ConcurrentReferenceHashMap$Segment.findInChain(Lorg/springframework/util/ConcurrentReferenceHashMap$Reference;Ljava/lang/Object;I)Lorg/springfra
Event: 3.191 Thread 0x000002e19b0f1800 Uncommon trap: reason=class_check action=maybe_recompile pc=0x000002e1abb5889c method=org.springframework.util.ConcurrentReferenceHashMap$Segment.findInChain(Lorg/springframework/util/ConcurrentReferenceHashMap$Reference;Ljava/lang/Object;I)Lorg/springfra
Event: 3.429 Thread 0x000002e19b0f1800 Uncommon trap: reason=unstable_if action=reinterpret pc=0x000002e1abb7fa10 method=org.springframework.beans.factory.support.AbstractBeanFactory.isTypeMatch(Ljava/lang/String;Lorg/springframework/core/ResolvableType;Z)Z @ 99 c2
Event: 3.430 Thread 0x000002e19b0f1800 Uncommon trap: reason=unstable_if action=reinterpret pc=0x000002e1abb84894 method=org.springframework.beans.factory.support.AbstractBeanFactory.getBeanPostProcessorCache()Lorg/springframework/beans/factory/support/AbstractBeanFactory$BeanPostProcessorCach
Event: 3.445 Thread 0x000002e19b0f1800 Uncommon trap: reason=unstable_if action=reinterpret pc=0x000002e1abb7666c method=org.springframework.beans.factory.support.AbstractBeanFactory.hasInstantiationAwareBeanPostProcessors()Z @ 12 c2

Classes redefined (0 events):
No events

Internal exceptions (10 events):
Event: 1.615 Thread 0x000002e1bc7bd000 Exception <a 'java/lang/IncompatibleClassChangeError'{0x000000008868dce0}: Found class java.lang.Object, but interface was expected> (0x000000008868dce0) thrown at [./open/src/hotspot/share/interpreter/linkResolver.cpp, line 838]
Event: 1.624 Thread 0x000002e1bc7bd000 Exception <a 'java/lang/NoSuchMethodError'{0x000000008853bef8}: java.lang.invoke.DirectMethodHandle$Holder.invokeVirtual(Ljava/lang/Object;Ljava/lang/Object;Ljava/lang/Object;Ljava/lang/Object;)Ljava/lang/Object;> (0x000000008853bef8) thrown at [./open/sr
Event: 2.661 Thread 0x000002e19b0f1800 Exception <a 'java/lang/IncompatibleClassChangeError'{0x0000000088c10b28}: Found class java.lang.Object, but interface was expected> (0x0000000088c10b28) thrown at [./open/src/hotspot/share/interpreter/linkResolver.cpp, line 838]
Event: 2.685 Thread 0x000002e19b0f1800 Exception <a 'java/lang/NoSuchMethodError'{0x0000000088b83af8}: java.lang.invoke.DirectMethodHandle$Holder.invokeInterface(Ljava/lang/Object;Ljava/lang/Object;Ljava/lang/Object;Ljava/lang/Object;)V> (0x0000000088b83af8) thrown at [./open/src/hotspot/share
Event: 3.443 Thread 0x000002e19b0f1800 Exception <a 'java/lang/NoClassDefFoundError'{0x0000000088f44960}: org/flywaydb/core/Flyway> (0x0000000088f44960) thrown at [./open/src/hotspot/share/classfile/systemDictionary.cpp, line 215]
Event: 3.444 Thread 0x000002e19b0f1800 Exception <a 'java/lang/NoClassDefFoundError'{0x0000000088f4b598}: liquibase/integration/spring/SpringLiquibase> (0x0000000088f4b598) thrown at [./open/src/hotspot/share/classfile/systemDictionary.cpp, line 215]
Event: 3.450 Thread 0x000002e19b0f1800 Exception <a 'java/lang/NoClassDefFoundError'{0x0000000088fbdfb8}: org/springframework/batch/core/repository/JobRepository> (0x0000000088fbdfb8) thrown at [./open/src/hotspot/share/classfile/systemDictionary.cpp, line 215]
Event: 3.450 Thread 0x000002e19b0f1800 Exception <a 'java/lang/NoClassDefFoundError'{0x0000000088fc3270}: org/quartz/Scheduler> (0x0000000088fc3270) thrown at [./open/src/hotspot/share/classfile/systemDictionary.cpp, line 215]
Event: 3.450 Thread 0x000002e19b0f1800 Exception <a 'java/lang/NoClassDefFoundError'{0x0000000088fcb058}: org/springframework/session/jdbc/JdbcIndexedSessionRepository> (0x0000000088fcb058) thrown at [./open/src/hotspot/share/classfile/systemDictionary.cpp, line 215]
Event: 3.469 Thread 0x000002e19b0f1800 Exception <a 'java/lang/NoClassDefFoundError'{0x0000000088d4f9c0}: org/jooq/DSLContext> (0x0000000088d4f9c0) thrown at [./open/src/hotspot/share/classfile/systemDictionary.cpp, line 215]

Events (10 events):
Event: 3.490 loading class java/security/spec/PSSParameterSpec done
Event: 3.490 loading class org/springframework/security/converter/RsaKeyConverters$X509CertificateDecoder
Event: 3.490 loading class org/springframework/security/converter/RsaKeyConverters$X509CertificateDecoder done
Event: 3.490 loading class java/security/cert/CertificateFactory
Event: 3.491 loading class java/security/cert/CertificateFactory done
Event: 3.491 loading class java/security/cert/CertificateFactorySpi
Event: 3.491 loading class java/security/cert/CertificateFactorySpi done
Event: 3.491 loading class sun/security/provider/X509Factory
Event: 3.491 loading class sun/security/provider/X509Factory done
Event: 3.491 loading class sun/security/util/Cache


Dynamic libraries:
0x00007ff7fcaa0000 - 0x00007ff7fcab0000 	C:\Program Files\Java\jdk-11\bin\java.exe
0x00007ff8f3220000 - 0x00007ff8f3429000 	C:\WINDOWS\SYSTEM32\ntdll.dll
0x00007ff8f2260000 - 0x00007ff8f231d000 	C:\WINDOWS\System32\KERNEL32.DLL
0x00007ff8f06b0000 - 0x00007ff8f0a34000 	C:\WINDOWS\System32\KERNELBASE.dll
0x00007ff8f0ae0000 - 0x00007ff8f0bf1000 	C:\WINDOWS\System32\ucrtbase.dll
0x00007ff8cfea0000 - 0x00007ff8cfebb000 	C:\Program Files\Java\jdk-11\bin\VCRUNTIME140.dll
0x00007ff8d0c40000 - 0x00007ff8d0c59000 	C:\Program Files\Java\jdk-11\bin\jli.dll
0x00007ff8f16a0000 - 0x00007ff8f174e000 	C:\WINDOWS\System32\ADVAPI32.dll
0x00007ff8f2880000 - 0x00007ff8f2923000 	C:\WINDOWS\System32\msvcrt.dll
0x00007ff8f29a0000 - 0x00007ff8f2a3e000 	C:\WINDOWS\System32\sechost.dll
0x00007ff8f30b0000 - 0x00007ff8f31d1000 	C:\WINDOWS\System32\RPCRT4.dll
0x00007ff8f2a60000 - 0x00007ff8f2c0d000 	C:\WINDOWS\System32\USER32.dll
0x00007ff8f0a40000 - 0x00007ff8f0a66000 	C:\WINDOWS\System32\win32u.dll
0x00007ff8f10d0000 - 0x00007ff8f10fa000 	C:\WINDOWS\System32\GDI32.dll
0x00007ff8f0f50000 - 0x00007ff8f106e000 	C:\WINDOWS\System32\gdi32full.dll
0x00007ff8f0c00000 - 0x00007ff8f0c9d000 	C:\WINDOWS\System32\msvcp_win.dll
0x00007ff8e1bd0000 - 0x00007ff8e1e75000 	C:\WINDOWS\WinSxS\amd64_microsoft.windows.common-controls_6595b64144ccf1df_6.0.22000.120_none_9d947278b86cc467\COMCTL32.dll
0x00007ff8eca50000 - 0x00007ff8eca5a000 	C:\WINDOWS\SYSTEM32\VERSION.dll
0x00007ff8f2390000 - 0x00007ff8f23c1000 	C:\WINDOWS\System32\IMM32.DLL
0x00007ff8d1010000 - 0x00007ff8d101c000 	C:\Program Files\Java\jdk-11\bin\vcruntime140_1.dll
0x00007ff8cf6d0000 - 0x00007ff8cf75e000 	C:\Program Files\Java\jdk-11\bin\msvcp140.dll
0x00007ff8b9410000 - 0x00007ff8b9f7d000 	C:\Program Files\Java\jdk-11\bin\server\jvm.dll
0x00007ff8f24e0000 - 0x00007ff8f24e8000 	C:\WINDOWS\System32\PSAPI.DLL
0x00007ff8ea6e0000 - 0x00007ff8ea713000 	C:\WINDOWS\SYSTEM32\WINMM.dll
0x00007ff8dfb00000 - 0x00007ff8dfb09000 	C:\WINDOWS\SYSTEM32\WSOCK32.dll
0x00007ff8f2100000 - 0x00007ff8f216f000 	C:\WINDOWS\System32\WS2_32.dll
0x00007ff8ef720000 - 0x00007ff8ef738000 	C:\WINDOWS\SYSTEM32\kernel.appcore.dll
0x00007ff8d0c30000 - 0x00007ff8d0c40000 	C:\Program Files\Java\jdk-11\bin\verify.dll
0x00007ff8ee180000 - 0x00007ff8ee3a1000 	C:\WINDOWS\SYSTEM32\DBGHELP.DLL
0x00007ff8dde10000 - 0x00007ff8dde41000 	C:\WINDOWS\SYSTEM32\dbgcore.DLL
0x00007ff8f0ca0000 - 0x00007ff8f0d1f000 	C:\WINDOWS\System32\bcryptPrimitives.dll
0x00007ff8cfe70000 - 0x00007ff8cfe98000 	C:\Program Files\Java\jdk-11\bin\java.dll
0x00007ff8d0a70000 - 0x00007ff8d0a7a000 	C:\Program Files\Java\jdk-11\bin\jimage.dll
0x00007ff8cf950000 - 0x00007ff8cf967000 	C:\Program Files\Java\jdk-11\bin\zip.dll
0x00007ff8f1750000 - 0x00007ff8f1f15000 	C:\WINDOWS\System32\SHELL32.dll
0x00007ff8ee780000 - 0x00007ff8eefe2000 	C:\WINDOWS\SYSTEM32\windows.storage.dll
0x00007ff8f24f0000 - 0x00007ff8f2866000 	C:\WINDOWS\System32\combase.dll
0x00007ff8ee610000 - 0x00007ff8ee777000 	C:\WINDOWS\SYSTEM32\wintypes.dll
0x00007ff8f2170000 - 0x00007ff8f225a000 	C:\WINDOWS\System32\SHCORE.dll
0x00007ff8f1070000 - 0x00007ff8f10cd000 	C:\WINDOWS\System32\shlwapi.dll
0x00007ff8f05e0000 - 0x00007ff8f0605000 	C:\WINDOWS\SYSTEM32\profapi.dll
0x00007ff8cf6b0000 - 0x00007ff8cf6c9000 	C:\Program Files\Java\jdk-11\bin\net.dll
0x00007ff8ea3c0000 - 0x00007ff8ea4d4000 	C:\WINDOWS\SYSTEM32\WINHTTP.dll
0x00007ff8efc50000 - 0x00007ff8efcb7000 	C:\WINDOWS\system32\mswsock.dll
0x00007ff8cf670000 - 0x00007ff8cf682000 	C:\Program Files\Java\jdk-11\bin\nio.dll
0x00007ff8ecb40000 - 0x00007ff8ecb49000 	C:\Program Files\Java\jdk-11\bin\management.dll
0x00007ff8ecb30000 - 0x00007ff8ecb3b000 	C:\Program Files\Java\jdk-11\bin\management_ext.dll
0x00007ff8dbee0000 - 0x00007ff8dbef7000 	C:\WINDOWS\system32\napinsp.dll
0x00007ff8d9f20000 - 0x00007ff8d9f3b000 	C:\WINDOWS\system32\pnrpnsp.dll
0x00007ff8ef270000 - 0x00007ff8ef357000 	C:\WINDOWS\SYSTEM32\DNSAPI.dll
0x00007ff8ef240000 - 0x00007ff8ef26d000 	C:\WINDOWS\SYSTEM32\IPHLPAPI.DLL
0x00007ff8f2870000 - 0x00007ff8f2879000 	C:\WINDOWS\System32\NSI.dll
0x00007ff8d9f00000 - 0x00007ff8d9f12000 	C:\WINDOWS\System32\winrnr.dll
0x00007ff8d9ee0000 - 0x00007ff8d9ef5000 	C:\WINDOWS\system32\wshbth.dll
0x00007ff8d64b0000 - 0x00007ff8d64cf000 	C:\WINDOWS\system32\nlansp_c.dll
0x00007ff8e7a60000 - 0x00007ff8e7a6a000 	C:\Windows\System32\rasadhlp.dll
0x00007ff8e7c70000 - 0x00007ff8e7cf1000 	C:\WINDOWS\System32\fwpuclnt.dll

dbghelp: loaded successfully - version: 4.0.5 - missing functions: none
symbol engine: initialized successfully - sym options: 0x614 - pdb path: .;C:\Program Files\Java\jdk-11\bin;C:\WINDOWS\SYSTEM32;C:\WINDOWS\WinSxS\amd64_microsoft.windows.common-controls_6595b64144ccf1df_6.0.22000.120_none_9d947278b86cc467;C:\Program Files\Java\jdk-11\bin\server

VM Arguments:
jvm_args: -Dfile.encoding=x-windows-949 -Duser.country=KR -Duser.language=ko -Duser.variant 
java_command: com.example.Volunteer.VolunteerApplication
java_class_path (initial): D:\Volunteer\Volunteer\build\classes\java\main;D:\Volunteer\Volunteer\build\resources\main;C:\Users\LG\.gradle\caches\modules-2\files-2.1\com.google.code.gson\gson\2.8.8\431fc3cbc0ff81abdbfde070062741089c3ba874\gson-2.8.8.jar;C:\Users\LG\.gradle\caches\modules-2\files-2.1\org.springframework.boot\spring-boot-starter-data-jpa\2.7.16\3438c32d28bb5d31b6ad45f1b7c8cbbd9cba5b4e\spring-boot-starter-data-jpa-2.7.16.jar;C:\Users\LG\.gradle\caches\modules-2\files-2.1\org.springframework.boot\spring-boot-starter-web\2.7.16\f6e4e226b0c9c1cf36c17c04262c702c6a0bad99\spring-boot-starter-web-2.7.16.jar;C:\Users\LG\.gradle\caches\modules-2\files-2.1\org.springframework.boot\spring-boot-starter-security\2.7.16\1f08cec142ab23f30e42d68c5f60c7332943b77b\spring-boot-starter-security-2.7.16.jar;C:\Users\LG\.gradle\caches\modules-2\files-2.1\io.jsonwebtoken\jjwt\0.9.1\54d2abfc3e63a28824d35bf600d6a5d627da681a\jjwt-0.9.1.jar;C:\Users\LG\.gradle\caches\modules-2\files-2.1\org.mariadb.jdbc\mariadb-java-client\3.1.4\7f66d1f5afcacdb11ba34d2614933a206afbcff2\mariadb-java-client-3.1.4.jar;C:\Users\LG\.gradle\caches\modules-2\files-2.1\org.springframework.boot\spring-boot-starter-aop\2.7.16\dba25addac3d8adc9bf2c925bc9ed167404f8a72\spring-boot-starter-aop-2.7.16.jar;C:\Users\LG\.gradle\caches\modules-2\files-2.1\org.springframework.boot\spring-boot-starter-jdbc\2.7.16\eac83a43d8221c80730a1622e3467dda12487ccd\spring-boot-starter-jdbc-2.7.16.jar;C:\Users\LG\.gradle\caches\modules-2\files-2.1\jakarta.transaction\jakarta.transaction-api\1.3.3\c4179d48720a1e87202115fbed6089bdc4195405\jakarta.transaction-api-1.3.3.jar;C:\Users\LG\.gradle\caches\modules-2\files-2.1\jakarta.persistence\jakarta.persistence-api\2.2.3\8f6ea5daedc614f07a3654a455660145286f024e\jakarta.persistence-api-2.2.3.jar;C:\Users\LG\.gradle\caches\modules-2\files-2.1\org.hibernate\hibernate-core\5.6.15.Final\ab14b7cef1fdff654ca81923048a6034d6c7cfa7\hibernate-core-5.6.15.Final.jar;C:\Users\LG\.gradle\caches\modu
Launcher Type: SUN_STANDARD

[Global flags]
     intx CICompilerCount                          = 4                                         {product} {ergonomic}
     uint ConcGCThreads                            = 2                                         {product} {ergonomic}
     uint G1ConcRefinementThreads                  = 8                                         {product} {ergonomic}
   size_t G1HeapRegionSize                         = 1048576                                   {product} {ergonomic}
    uintx GCDrainStackTargetSize                   = 64                                        {product} {ergonomic}
   size_t InitialHeapSize                          = 134217728                                 {product} {ergonomic}
   size_t MarkStackSize                            = 4194304                                   {product} {ergonomic}
   size_t MaxHeapSize                              = 2124414976                                {product} {ergonomic}
   size_t MaxNewSize                               = 1274019840                                {product} {ergonomic}
   size_t MinHeapDeltaBytes                        = 1048576                                   {product} {ergonomic}
    uintx NonNMethodCodeHeapSize                   = 5836300                                {pd product} {ergonomic}
    uintx NonProfiledCodeHeapSize                  = 122910970                              {pd product} {ergonomic}
    uintx ProfiledCodeHeapSize                     = 122910970                              {pd product} {ergonomic}
    uintx ReservedCodeCacheSize                    = 251658240                              {pd product} {ergonomic}
     bool SegmentedCodeCache                       = true                                      {product} {ergonomic}
     bool UseCompressedClassPointers               = true                                 {lp64_product} {ergonomic}
     bool UseCompressedOops                        = true                                 {lp64_product} {ergonomic}
     bool UseG1GC                                  = true                                      {product} {ergonomic}
     bool UseLargePagesIndividualAllocation        = false                                  {pd product} {ergonomic}

Logging:
Log output configuration:
 #0: stdout all=warning uptime,level,tags
 #1: stderr all=off uptime,level,tags

Environment Variables:
JAVA_HOME=C:\jdk-11.0.2
CLASSPATH=C:\jdk-11.0.2\lib
PATH=C:\jdk-11.0.2\bin;C:\jdk-11.0.2;C:\Program Files\Eclipse Adoptium\jdk-8.0.382.5-hotspot\bin;C:\oraclexe\app\oracle\product\10.2.0\server\bin;C:\Program Files (x86)\Common Files\Oracle\Java\javapath;C:\Program Files (x86)\Intel\iCLS Client\;C:\Program Files\Intel\iCLS Client\;C:\windows\system32;C:\windows;C:\windows\System32\Wbem;C:\windows\System32\WindowsPowerShell\v1.0\;C:\Program Files (x86)\Intel\Intel(R) Management Engine Components\DAL;C:\Program Files\Intel\Intel(R) Management Engine Components\DAL;C:\Program Files (x86)\Intel\Intel(R) Management Engine Components\IPT;C:\Program Files\Intel\Intel(R) Management Engine Components\IPT;C:\Program Files\Intel\WiFi\bin\;C:\Program Files\Common Files\Intel\WirelessCommon\;C:\Program Files (x86)\NVIDIA Corporation\PhysX\Common;C:\Program Files (x86)\Skype\Phone\;C:\WINDOWS\system32;C:\WINDOWS;C:\WINDOWS\System32\Wbem;C:\WINDOWS\System32\WindowsPowerShell\v1.0\;C:\WINDOWS\System32\OpenSSH\;C:\Program Files\nodejs\;D:\openssl-0.9.8e_X64\bin;C:\ProgramData\chocolatey\bin;C:\ProgramData\chocolatey\lib\maven\apache-maven-3.9.4\bin;C:\Program Files\Git\cmd;C:\Program Files\MariaDB 10.11\bin;D:\Scripts\;D:\;C:\Users\LG\AppData\Local\Microsoft\WindowsApps;C:\Users\LG\AppData\Local\afreeca;C:\altera\13.1\modelsim_ase\win32aloem;D:\PyCharm Community Edition 2022.1.3\bin;;C:\Users\LG\AppData\Local\Programs\Microsoft VS Code\bin;C:\Users\LG\AppData\Roaming\npm;C:\Program Files\Java\jdk-1.8\bin;D:\IntelliJ IDEA Community Edition 2023.1.3\bin;;
USERNAME=LG
OS=Windows_NT
PROCESSOR_IDENTIFIER=Intel64 Family 6 Model 142 Stepping 10, GenuineIntel



---------------  S Y S T E M  ---------------

OS: Windows 11 , 64 bit Build 22000 (10.0.22000.2538)

CPU:total 8 (initial active 8) (4 cores per cpu, 2 threads per core) family 6 model 142 stepping 10 microcode 0xe0, cmov, cx8, fxsr, mmx, sse, sse2, sse3, ssse3, sse4.1, sse4.2, popcnt, avx, avx2, aes, clmul, erms, 3dnowpref, lzcnt, ht, tsc, tscinvbit, bmi1, bmi2, adx, fma

Memory: 4k page, system-wide physical 8101M (258M free)
TotalPageFile size 16293M (AvailPageFile size 4M)
current process WorkingSet (physical memory assigned to process): 165M, peak: 165M
current process commit charge ("private bytes"): 264M, peak: 265M

vm_info: Java HotSpot(TM) 64-Bit Server VM (11.0.20+9-LTS-256) for windows-amd64 JRE (11.0.20+9-LTS-256), built on Jun 14 2023 10:34:22 by "mach5one" with MS VC++ 17.1 (VS2022)

END.
