#
# There is insufficient memory for the Java Runtime Environment to continue.
# Native memory allocation (malloc) failed to allocate 1216176 bytes for Chunk::new
# Possible reasons:
#   The system is out of physical RAM or swap space
#   The process is running with CompressedOops enabled, and the Java Heap may be blocking the growth of the native heap
# Possible solutions:
#   Reduce memory load on the system
#   Increase physical memory or swap space
#   Check if swap backing store is full
#   Decrease Java heap size (-Xmx/-Xms)
#   Decrease number of Java threads
#   Decrease Java thread stack sizes (-Xss)
#   Set larger code cache with -XX:ReservedCodeCacheSize=
#   JVM is running with Unscaled Compressed Oops mode in which the Java heap is
#     placed in the first 4GB address space. The Java Heap base address is the
#     maximum limit for the native heap growth. Please use -XX:HeapBaseMinAddress
#     to set the Java Heap base and to place the Java Heap above 4GB virtual address.
# This output file may be truncated or incomplete.
#
#  Out of Memory Error (./open/src/hotspot/share/memory/arena.cpp:197), pid=1056, tid=25816
#
# JRE version: Java(TM) SE Runtime Environment 18.9 (11.0.20+9) (build 11.0.20+9-LTS-256)
# Java VM: Java HotSpot(TM) 64-Bit Server VM 18.9 (11.0.20+9-LTS-256, mixed mode, tiered, compressed oops, g1 gc, windows-amd64)
# No core dump will be written. Minidumps are not enabled by default on client versions of Windows
#

---------------  S U M M A R Y ------------

Command Line: --add-opens=java.base/java.util=ALL-UNNAMED --add-opens=java.base/java.lang=ALL-UNNAMED --add-opens=java.base/java.lang.invoke=ALL-UNNAMED --add-opens=java.prefs/java.util.prefs=ALL-UNNAMED --add-opens=java.base/java.nio.charset=ALL-UNNAMED --add-opens=java.base/java.net=ALL-UNNAMED --add-opens=java.base/java.util.concurrent.atomic=ALL-UNNAMED -XX:MaxMetaspaceSize=384m -XX:+HeapDumpOnOutOfMemoryError -Xms256m -Xmx512m -Dfile.encoding=x-windows-949 -Duser.country=KR -Duser.language=ko -Duser.variant -javaagent:C:\Users\LG\.gradle\wrapper\dists\gradle-8.2.1-bin\5hap6b9n41hkg4jeh2au2pllh\gradle-8.2.1\lib\agents\gradle-instrumentation-agent-8.2.1.jar org.gradle.launcher.daemon.bootstrap.GradleDaemon 8.2.1

Host: Intel(R) Core(TM) i5-8250U CPU @ 1.60GHz, 8 cores, 7G,  Windows 11 , 64 bit Build 22000 (10.0.22000.2538)
Time: Fri Nov  3 17:36:25 2023  Windows 11 , 64 bit Build 22000 (10.0.22000.2538) elapsed time: 24.724477 seconds (0d 0h 0m 24s)

---------------  T H R E A D  ---------------

Current thread (0x0000018c7c461800):  JavaThread "C2 CompilerThread0" daemon [_thread_in_native, id=25816, stack(0x000000888f900000,0x000000888fa00000)]


Current CompileTask:
C2:  24724 3892       4       java.util.Arrays::binarySearch0 (95 bytes)

Stack: [0x000000888f900000,0x000000888fa00000]
Native frames: (J=compiled Java code, j=interpreted, Vv=VM code, C=native code)
V  [jvm.dll+0x6602ba]
V  [jvm.dll+0x7a32af]
V  [jvm.dll+0x7a4979]
V  [jvm.dll+0x7a5013]
V  [jvm.dll+0x258ef5]
V  [jvm.dll+0xb2a0c]
V  [jvm.dll+0xb2fcc]
V  [jvm.dll+0x36764f]
V  [jvm.dll+0x330365]
V  [jvm.dll+0x32f74a]
V  [jvm.dll+0x211bfd]
V  [jvm.dll+0x210bc8]
V  [jvm.dll+0x18cdb1]
V  [jvm.dll+0x220e59]
V  [jvm.dll+0x21f17c]
V  [jvm.dll+0x767061]
V  [jvm.dll+0x75f8e4]
V  [jvm.dll+0x65f165]
C  [ucrtbase.dll+0x26c0c]
C  [KERNEL32.DLL+0x153e0]
C  [ntdll.dll+0x485b]


---------------  P R O C E S S  ---------------

Threads class SMR info:
_java_thread_list=0x0000018c7ef81d50, length=40, elements={
0x0000018c613b0800, 0x0000018c7bb44000, 0x0000018c7bb4d000, 0x0000018c7c459000,
0x0000018c7c45b000, 0x0000018c7c45e000, 0x0000018c7c461800, 0x0000018c7c462800,
0x0000018c7c465000, 0x0000018c7c5be000, 0x0000018c7e454000, 0x0000018c7dd31800,
0x0000018c7d7ed000, 0x0000018c7daa1800, 0x0000018c7d552800, 0x0000018c7dfc5800,
0x0000018c7dfc6800, 0x0000018c7e8f1800, 0x0000018c7e482800, 0x0000018c7d3b3800,
0x0000018c7d3ae800, 0x0000018c7d3b5000, 0x0000018c7d3b4000, 0x0000018c7d3af800,
0x0000018c7d3b0000, 0x0000018c7d3b1000, 0x0000018c7d3b2000, 0x0000018c7d3b2800,
0x0000018c00b30000, 0x0000018c00b2f800, 0x0000018c00b2e800, 0x0000018c00b2d000,
0x0000018c00b31800, 0x0000018c00b31000, 0x0000018c00b35000, 0x0000018c00b34000,
0x0000018c00b39000, 0x0000018c00b36000, 0x0000018c00b37800, 0x0000018c00b3a000
}

Java Threads: ( => current thread )
  0x0000018c613b0800 JavaThread "main" [_thread_blocked, id=15664, stack(0x000000888ed00000,0x000000888ee00000)]
  0x0000018c7bb44000 JavaThread "Reference Handler" daemon [_thread_blocked, id=33252, stack(0x000000888f400000,0x000000888f500000)]
  0x0000018c7bb4d000 JavaThread "Finalizer" daemon [_thread_blocked, id=33032, stack(0x000000888f500000,0x000000888f600000)]
  0x0000018c7c459000 JavaThread "Signal Dispatcher" daemon [_thread_blocked, id=25228, stack(0x000000888f600000,0x000000888f700000)]
  0x0000018c7c45b000 JavaThread "Attach Listener" daemon [_thread_blocked, id=33156, stack(0x000000888f700000,0x000000888f800000)]
  0x0000018c7c45e000 JavaThread "Service Thread" daemon [_thread_blocked, id=32948, stack(0x000000888f800000,0x000000888f900000)]
=>0x0000018c7c461800 JavaThread "C2 CompilerThread0" daemon [_thread_in_native, id=25816, stack(0x000000888f900000,0x000000888fa00000)]
  0x0000018c7c462800 JavaThread "C1 CompilerThread0" daemon [_thread_blocked, id=32952, stack(0x000000888fa00000,0x000000888fb00000)]
  0x0000018c7c465000 JavaThread "Sweeper thread" daemon [_thread_blocked, id=25764, stack(0x000000888fb00000,0x000000888fc00000)]
  0x0000018c7c5be000 JavaThread "Common-Cleaner" daemon [_thread_blocked, id=17056, stack(0x000000888fc00000,0x000000888fd00000)]
  0x0000018c7e454000 JavaThread "Daemon health stats" [_thread_blocked, id=32864, stack(0x0000008890300000,0x0000008890400000)]
  0x0000018c7dd31800 JavaThread "Incoming local TCP Connector on port 2095" [_thread_in_native, id=15696, stack(0x0000008890400000,0x0000008890500000)]
  0x0000018c7d7ed000 JavaThread "Daemon periodic checks" [_thread_blocked, id=26196, stack(0x0000008890500000,0x0000008890600000)]
  0x0000018c7daa1800 JavaThread "Daemon" [_thread_blocked, id=33168, stack(0x0000008890600000,0x0000008890700000)]
  0x0000018c7d552800 JavaThread "Handler for socket connection from /127.0.0.1:2095 to /127.0.0.1:2105" [_thread_in_native, id=24304, stack(0x0000008890700000,0x0000008890800000)]
  0x0000018c7dfc5800 JavaThread "Cancel handler" [_thread_blocked, id=33576, stack(0x0000008890800000,0x0000008890900000)]
  0x0000018c7dfc6800 JavaThread "Daemon worker" [_thread_blocked, id=15032, stack(0x0000008890900000,0x0000008890a00000)]
  0x0000018c7e8f1800 JavaThread "Asynchronous log dispatcher for DefaultDaemonConnection: socket connection from /127.0.0.1:2095 to /127.0.0.1:2105" [_thread_blocked, id=13604, stack(0x0000008890a00000,0x0000008890b00000)]
  0x0000018c7e482800 JavaThread "Stdin handler" [_thread_blocked, id=16876, stack(0x0000008890b00000,0x0000008890c00000)]
  0x0000018c7d3b3800 JavaThread "Daemon client event forwarder" [_thread_blocked, id=33596, stack(0x0000008890c00000,0x0000008890d00000)]
  0x0000018c7d3ae800 JavaThread "Cache worker for journal cache (C:\Users\LG\.gradle\caches\journal-1)" [_thread_blocked, id=33152, stack(0x0000008891000000,0x0000008891100000)]
  0x0000018c7d3b5000 JavaThread "File lock request listener" [_thread_in_native, id=23196, stack(0x0000008891100000,0x0000008891200000)]
  0x0000018c7d3b4000 JavaThread "File lock release action executor" [_thread_blocked, id=33124, stack(0x0000008891200000,0x0000008891300000)]
  0x0000018c7d3af800 JavaThread "Cache worker for file hash cache (C:\Users\LG\.gradle\caches\8.2.1\fileHashes)" [_thread_blocked, id=2356, stack(0x0000008891300000,0x0000008891400000)]
  0x0000018c7d3b0000 JavaThread "File watcher server" daemon [_thread_in_native, id=12508, stack(0x0000008891400000,0x0000008891500000)]
  0x0000018c7d3b1000 JavaThread "File watcher consumer" daemon [_thread_blocked, id=5896, stack(0x0000008891500000,0x0000008891600000)]
  0x0000018c7d3b2000 JavaThread "Cache worker for checksums cache (D:\Volunteer\Volunteer\.gradle\8.2.1\checksums)" [_thread_blocked, id=25840, stack(0x0000008891600000,0x0000008891700000)]
  0x0000018c7d3b2800 JavaThread "Cache worker for cache directory md-rule (C:\Users\LG\.gradle\caches\8.2.1\md-rule)" [_thread_blocked, id=21248, stack(0x0000008891700000,0x0000008891800000)]
  0x0000018c00b30000 JavaThread "Cache worker for file content cache (C:\Users\LG\.gradle\caches\8.2.1\fileContent)" [_thread_blocked, id=2824, stack(0x0000008891800000,0x0000008891900000)]
  0x0000018c00b2f800 JavaThread "Cache worker for file hash cache (D:\Volunteer\Volunteer\.gradle\8.2.1\fileHashes)" [_thread_blocked, id=25232, stack(0x0000008891900000,0x0000008891a00000)]
  0x0000018c00b2e800 JavaThread "Cache worker for cache directory md-supplier (C:\Users\LG\.gradle\caches\8.2.1\md-supplier)" [_thread_blocked, id=10820, stack(0x0000008891a00000,0x0000008891b00000)]
  0x0000018c00b2d000 JavaThread "Cache worker for execution history cache (C:\Users\LG\.gradle\caches\8.2.1\executionHistory)" [_thread_blocked, id=24864, stack(0x0000008891b00000,0x0000008891c00000)]
  0x0000018c00b31800 JavaThread "jar transforms" [_thread_blocked, id=18304, stack(0x0000008891c00000,0x0000008891d00000)]
  0x0000018c00b31000 JavaThread "jar transforms Thread 2" [_thread_blocked, id=33452, stack(0x0000008891d00000,0x0000008891e00000)]
  0x0000018c00b35000 JavaThread "jar transforms Thread 3" [_thread_blocked, id=33492, stack(0x0000008891e00000,0x0000008891f00000)]
  0x0000018c00b34000 JavaThread "jar transforms Thread 4" [_thread_blocked, id=33288, stack(0x0000008891f00000,0x0000008892000000)]
  0x0000018c00b39000 JavaThread "jar transforms Thread 5" [_thread_blocked, id=25692, stack(0x0000008892000000,0x0000008892100000)]
  0x0000018c00b36000 JavaThread "jar transforms Thread 6" [_thread_blocked, id=25612, stack(0x0000008892100000,0x0000008892200000)]
  0x0000018c00b37800 JavaThread "jar transforms Thread 7" [_thread_blocked, id=33264, stack(0x0000008892200000,0x0000008892300000)]
  0x0000018c00b3a000 JavaThread "jar transforms Thread 8" [_thread_blocked, id=16472, stack(0x0000008892300000,0x0000008892400000)]

Other Threads:
  0x0000018c7bb21800 VMThread "VM Thread" [stack: 0x000000888f300000,0x000000888f400000] [id=33036]
  0x0000018c7c809800 WatcherThread [stack: 0x000000888fd00000,0x000000888fe00000] [id=17564]
  0x0000018c613c5800 GCTaskThread "GC Thread#0" [stack: 0x000000888ee00000,0x000000888ef00000] [id=33432]
  0x0000018c7d571800 GCTaskThread "GC Thread#1" [stack: 0x000000888fe00000,0x000000888ff00000] [id=22560]
  0x0000018c7d0e0800 GCTaskThread "GC Thread#2" [stack: 0x000000888ff00000,0x0000008890000000] [id=22756]
  0x0000018c7d0e1000 GCTaskThread "GC Thread#3" [stack: 0x0000008890000000,0x0000008890100000] [id=33632]
  0x0000018c7d1d6800 GCTaskThread "GC Thread#4" [stack: 0x0000008890100000,0x0000008890200000] [id=25524]
  0x0000018c7d580800 GCTaskThread "GC Thread#5" [stack: 0x0000008890200000,0x0000008890300000] [id=25168]
  0x0000018c7dbb6800 GCTaskThread "GC Thread#6" [stack: 0x0000008890d00000,0x0000008890e00000] [id=25632]
  0x0000018c7dbb7000 GCTaskThread "GC Thread#7" [stack: 0x0000008890e00000,0x0000008890f00000] [id=33412]
  0x0000018c613d8800 ConcurrentGCThread "G1 Main Marker" [stack: 0x000000888ef00000,0x000000888f000000] [id=32996]
  0x0000018c613da000 ConcurrentGCThread "G1 Conc#0" [stack: 0x000000888f000000,0x000000888f100000] [id=15576]
  0x0000018c7df64000 ConcurrentGCThread "G1 Conc#1" [stack: 0x0000008890f00000,0x0000008891000000] [id=33448]
  0x0000018c7b9ac800 ConcurrentGCThread "G1 Refine#0" [stack: 0x000000888f100000,0x000000888f200000] [id=20516]
  0x0000018c7b9ad800 ConcurrentGCThread "G1 Young RemSet Sampling" [stack: 0x000000888f200000,0x000000888f300000] [id=19740]

Threads with active compile tasks:
C2 CompilerThread0    25147 3892       4       java.util.Arrays::binarySearch0 (95 bytes)

VM state:not at safepoint (normal execution)

VM Mutex/Monitor currently owned by a thread: None

Heap address: 0x00000000e0000000, size: 512 MB, Compressed Oops mode: 32-bit
Narrow klass base: 0x0000000000000000, Narrow klass shift: 3
Compressed class space size: 394264576 Address: 0x0000000100000000

Heap:
 garbage-first heap   total 262144K, used 93427K [0x00000000e0000000, 0x0000000100000000)
  region size 1024K, 70 young (71680K), 6 survivors (6144K)
 Metaspace       used 41946K, capacity 43016K, committed 43216K, reserved 423936K
  class space    used 5407K, capacity 5811K, committed 5888K, reserved 385024K
Heap Regions: E=young(eden), S=young(survivor), O=old, HS=humongous(starts), HC=humongous(continues), CS=collection set, F=free, A=archive, TAMS=top-at-mark-start (previous, next)
|   0|0x00000000e0000000, 0x00000000e0100000, 0x00000000e0100000|100%|HS|  |TAMS 0x00000000e0100000, 0x00000000e0000000| Complete 
|   1|0x00000000e0100000, 0x00000000e0200000, 0x00000000e0200000|100%|HC|  |TAMS 0x00000000e0200000, 0x00000000e0100000| Complete 
|   2|0x00000000e0200000, 0x00000000e0300000, 0x00000000e0300000|100%|HC|  |TAMS 0x00000000e0300000, 0x00000000e0200000| Complete 
|   3|0x00000000e0300000, 0x00000000e0400000, 0x00000000e0400000|100%|HC|  |TAMS 0x00000000e0400000, 0x00000000e0300000| Complete 
|   4|0x00000000e0400000, 0x00000000e0500000, 0x00000000e0500000|100%| O|  |TAMS 0x00000000e0500000, 0x00000000e0400000| Untracked 
|   5|0x00000000e0500000, 0x00000000e0600000, 0x00000000e0600000|100%| O|  |TAMS 0x00000000e0600000, 0x00000000e0500000| Untracked 
|   6|0x00000000e0600000, 0x00000000e0700000, 0x00000000e0700000|100%| O|  |TAMS 0x00000000e0700000, 0x00000000e0600000| Untracked 
|   7|0x00000000e0700000, 0x00000000e0800000, 0x00000000e0800000|100%| O|  |TAMS 0x00000000e0800000, 0x00000000e0700000| Untracked 
|   8|0x00000000e0800000, 0x00000000e0900000, 0x00000000e0900000|100%| O|  |TAMS 0x00000000e0900000, 0x00000000e0800000| Untracked 
|   9|0x00000000e0900000, 0x00000000e0a00000, 0x00000000e0a00000|100%| O|  |TAMS 0x00000000e0a00000, 0x00000000e0900000| Untracked 
|  10|0x00000000e0a00000, 0x00000000e0b00000, 0x00000000e0b00000|100%| O|  |TAMS 0x00000000e0b00000, 0x00000000e0a00000| Untracked 
|  11|0x00000000e0b00000, 0x00000000e0c00000, 0x00000000e0c00000|100%| O|  |TAMS 0x00000000e0c00000, 0x00000000e0b00000| Untracked 
|  12|0x00000000e0c00000, 0x00000000e0d00000, 0x00000000e0d00000|100%| O|  |TAMS 0x00000000e0d00000, 0x00000000e0c00000| Untracked 
|  13|0x00000000e0d00000, 0x00000000e0e00000, 0x00000000e0e00000|100%| O|  |TAMS 0x00000000e0e00000, 0x00000000e0d00000| Untracked 
|  14|0x00000000e0e00000, 0x00000000e0f00000, 0x00000000e0f00000|100%| O|  |TAMS 0x00000000e0f00000, 0x00000000e0e00000| Untracked 
|  15|0x00000000e0f00000, 0x00000000e1000000, 0x00000000e1000000|100%| O|  |TAMS 0x00000000e1000000, 0x00000000e0f00000| Untracked 
|  16|0x00000000e1000000, 0x00000000e1100000, 0x00000000e1100000|100%| O|  |TAMS 0x00000000e1100000, 0x00000000e1000000| Untracked 
|  17|0x00000000e1100000, 0x00000000e1200000, 0x00000000e1200000|100%| O|  |TAMS 0x00000000e1200000, 0x00000000e1100000| Untracked 
|  18|0x00000000e1200000, 0x00000000e1274800, 0x00000000e1300000| 45%| O|  |TAMS 0x00000000e1274800, 0x00000000e1200000| Untracked 
|  19|0x00000000e1300000, 0x00000000e1400000, 0x00000000e1400000|100%|HS|  |TAMS 0x00000000e1300000, 0x00000000e1300000| Complete 
|  20|0x00000000e1400000, 0x00000000e1500000, 0x00000000e1500000|100%|HS|  |TAMS 0x00000000e1400000, 0x00000000e1400000| Complete 
|  21|0x00000000e1500000, 0x00000000e1600000, 0x00000000e1600000|100%|HC|  |TAMS 0x00000000e1500000, 0x00000000e1500000| Complete 
|  22|0x00000000e1600000, 0x00000000e1700000, 0x00000000e1700000|100%|HS|  |TAMS 0x00000000e1600000, 0x00000000e1600000| Complete 
|  23|0x00000000e1700000, 0x00000000e1800000, 0x00000000e1800000|100%|HC|  |TAMS 0x00000000e1700000, 0x00000000e1700000| Complete 
|  24|0x00000000e1800000, 0x00000000e1800000, 0x00000000e1900000|  0%| F|  |TAMS 0x00000000e1800000, 0x00000000e1800000| Untracked 
|  25|0x00000000e1900000, 0x00000000e1900000, 0x00000000e1a00000|  0%| F|  |TAMS 0x00000000e1900000, 0x00000000e1900000| Untracked 
|  26|0x00000000e1a00000, 0x00000000e1a00000, 0x00000000e1b00000|  0%| F|  |TAMS 0x00000000e1a00000, 0x00000000e1a00000| Untracked 
|  27|0x00000000e1b00000, 0x00000000e1b00000, 0x00000000e1c00000|  0%| F|  |TAMS 0x00000000e1b00000, 0x00000000e1b00000| Untracked 
|  28|0x00000000e1c00000, 0x00000000e1c00000, 0x00000000e1d00000|  0%| F|  |TAMS 0x00000000e1c00000, 0x00000000e1c00000| Untracked 
|  29|0x00000000e1d00000, 0x00000000e1d00000, 0x00000000e1e00000|  0%| F|  |TAMS 0x00000000e1d00000, 0x00000000e1d00000| Untracked 
|  30|0x00000000e1e00000, 0x00000000e1e00000, 0x00000000e1f00000|  0%| F|  |TAMS 0x00000000e1e00000, 0x00000000e1e00000| Untracked 
|  31|0x00000000e1f00000, 0x00000000e1f00000, 0x00000000e2000000|  0%| F|  |TAMS 0x00000000e1f00000, 0x00000000e1f00000| Untracked 
|  32|0x00000000e2000000, 0x00000000e2000000, 0x00000000e2100000|  0%| F|  |TAMS 0x00000000e2000000, 0x00000000e2000000| Untracked 
|  33|0x00000000e2100000, 0x00000000e2100000, 0x00000000e2200000|  0%| F|  |TAMS 0x00000000e2100000, 0x00000000e2100000| Untracked 
|  34|0x00000000e2200000, 0x00000000e2200000, 0x00000000e2300000|  0%| F|  |TAMS 0x00000000e2200000, 0x00000000e2200000| Untracked 
|  35|0x00000000e2300000, 0x00000000e2300000, 0x00000000e2400000|  0%| F|  |TAMS 0x00000000e2300000, 0x00000000e2300000| Untracked 
|  36|0x00000000e2400000, 0x00000000e2400000, 0x00000000e2500000|  0%| F|  |TAMS 0x00000000e2400000, 0x00000000e2400000| Untracked 
|  37|0x00000000e2500000, 0x00000000e2500000, 0x00000000e2600000|  0%| F|  |TAMS 0x00000000e2500000, 0x00000000e2500000| Untracked 
|  38|0x00000000e2600000, 0x00000000e2600000, 0x00000000e2700000|  0%| F|  |TAMS 0x00000000e2600000, 0x00000000e2600000| Untracked 
|  39|0x00000000e2700000, 0x00000000e2700000, 0x00000000e2800000|  0%| F|  |TAMS 0x00000000e2700000, 0x00000000e2700000| Untracked 
|  40|0x00000000e2800000, 0x00000000e2800000, 0x00000000e2900000|  0%| F|  |TAMS 0x00000000e2800000, 0x00000000e2800000| Untracked 
|  41|0x00000000e2900000, 0x00000000e2900000, 0x00000000e2a00000|  0%| F|  |TAMS 0x00000000e2900000, 0x00000000e2900000| Untracked 
|  42|0x00000000e2a00000, 0x00000000e2a00000, 0x00000000e2b00000|  0%| F|  |TAMS 0x00000000e2a00000, 0x00000000e2a00000| Untracked 
|  43|0x00000000e2b00000, 0x00000000e2b00000, 0x00000000e2c00000|  0%| F|  |TAMS 0x00000000e2b00000, 0x00000000e2b00000| Untracked 
|  44|0x00000000e2c00000, 0x00000000e2c00000, 0x00000000e2d00000|  0%| F|  |TAMS 0x00000000e2c00000, 0x00000000e2c00000| Untracked 
|  45|0x00000000e2d00000, 0x00000000e2d00000, 0x00000000e2e00000|  0%| F|  |TAMS 0x00000000e2d00000, 0x00000000e2d00000| Untracked 
|  46|0x00000000e2e00000, 0x00000000e2e00000, 0x00000000e2f00000|  0%| F|  |TAMS 0x00000000e2e00000, 0x00000000e2e00000| Untracked 
|  47|0x00000000e2f00000, 0x00000000e2f00000, 0x00000000e3000000|  0%| F|  |TAMS 0x00000000e2f00000, 0x00000000e2f00000| Untracked 
|  48|0x00000000e3000000, 0x00000000e3000000, 0x00000000e3100000|  0%| F|  |TAMS 0x00000000e3000000, 0x00000000e3000000| Untracked 
|  49|0x00000000e3100000, 0x00000000e3100000, 0x00000000e3200000|  0%| F|  |TAMS 0x00000000e3100000, 0x00000000e3100000| Untracked 
|  50|0x00000000e3200000, 0x00000000e3200000, 0x00000000e3300000|  0%| F|  |TAMS 0x00000000e3200000, 0x00000000e3200000| Untracked 
|  51|0x00000000e3300000, 0x00000000e3300000, 0x00000000e3400000|  0%| F|  |TAMS 0x00000000e3300000, 0x00000000e3300000| Untracked 
|  52|0x00000000e3400000, 0x00000000e3400000, 0x00000000e3500000|  0%| F|  |TAMS 0x00000000e3400000, 0x00000000e3400000| Untracked 
|  53|0x00000000e3500000, 0x00000000e3500000, 0x00000000e3600000|  0%| F|  |TAMS 0x00000000e3500000, 0x00000000e3500000| Untracked 
|  54|0x00000000e3600000, 0x00000000e3600000, 0x00000000e3700000|  0%| F|  |TAMS 0x00000000e3600000, 0x00000000e3600000| Untracked 
|  55|0x00000000e3700000, 0x00000000e3700000, 0x00000000e3800000|  0%| F|  |TAMS 0x00000000e3700000, 0x00000000e3700000| Untracked 
|  56|0x00000000e3800000, 0x00000000e3800000, 0x00000000e3900000|  0%| F|  |TAMS 0x00000000e3800000, 0x00000000e3800000| Untracked 
|  57|0x00000000e3900000, 0x00000000e3900000, 0x00000000e3a00000|  0%| F|  |TAMS 0x00000000e3900000, 0x00000000e3900000| Untracked 
|  58|0x00000000e3a00000, 0x00000000e3a00000, 0x00000000e3b00000|  0%| F|  |TAMS 0x00000000e3a00000, 0x00000000e3a00000| Untracked 
|  59|0x00000000e3b00000, 0x00000000e3b00000, 0x00000000e3c00000|  0%| F|  |TAMS 0x00000000e3b00000, 0x00000000e3b00000| Untracked 
|  60|0x00000000e3c00000, 0x00000000e3c00000, 0x00000000e3d00000|  0%| F|  |TAMS 0x00000000e3c00000, 0x00000000e3c00000| Untracked 
|  61|0x00000000e3d00000, 0x00000000e3d00000, 0x00000000e3e00000|  0%| F|  |TAMS 0x00000000e3d00000, 0x00000000e3d00000| Untracked 
|  62|0x00000000e3e00000, 0x00000000e3e00000, 0x00000000e3f00000|  0%| F|  |TAMS 0x00000000e3e00000, 0x00000000e3e00000| Untracked 
|  63|0x00000000e3f00000, 0x00000000e3f00000, 0x00000000e4000000|  0%| F|  |TAMS 0x00000000e3f00000, 0x00000000e3f00000| Untracked 
|  64|0x00000000e4000000, 0x00000000e4000000, 0x00000000e4100000|  0%| F|  |TAMS 0x00000000e4000000, 0x00000000e4000000| Untracked 
|  65|0x00000000e4100000, 0x00000000e4100000, 0x00000000e4200000|  0%| F|  |TAMS 0x00000000e4100000, 0x00000000e4100000| Untracked 
|  66|0x00000000e4200000, 0x00000000e4200000, 0x00000000e4300000|  0%| F|  |TAMS 0x00000000e4200000, 0x00000000e4200000| Untracked 
|  67|0x00000000e4300000, 0x00000000e4300000, 0x00000000e4400000|  0%| F|  |TAMS 0x00000000e4300000, 0x00000000e4300000| Untracked 
|  68|0x00000000e4400000, 0x00000000e4400000, 0x00000000e4500000|  0%| F|  |TAMS 0x00000000e4400000, 0x00000000e4400000| Untracked 
|  69|0x00000000e4500000, 0x00000000e4500000, 0x00000000e4600000|  0%| F|  |TAMS 0x00000000e4500000, 0x00000000e4500000| Untracked 
|  70|0x00000000e4600000, 0x00000000e4600000, 0x00000000e4700000|  0%| F|  |TAMS 0x00000000e4600000, 0x00000000e4600000| Untracked 
|  71|0x00000000e4700000, 0x00000000e4700000, 0x00000000e4800000|  0%| F|  |TAMS 0x00000000e4700000, 0x00000000e4700000| Untracked 
|  72|0x00000000e4800000, 0x00000000e4800000, 0x00000000e4900000|  0%| F|  |TAMS 0x00000000e4800000, 0x00000000e4800000| Untracked 
|  73|0x00000000e4900000, 0x00000000e4900000, 0x00000000e4a00000|  0%| F|  |TAMS 0x00000000e4900000, 0x00000000e4900000| Untracked 
|  74|0x00000000e4a00000, 0x00000000e4a00000, 0x00000000e4b00000|  0%| F|  |TAMS 0x00000000e4a00000, 0x00000000e4a00000| Untracked 
|  75|0x00000000e4b00000, 0x00000000e4b00000, 0x00000000e4c00000|  0%| F|  |TAMS 0x00000000e4b00000, 0x00000000e4b00000| Untracked 
|  76|0x00000000e4c00000, 0x00000000e4c00000, 0x00000000e4d00000|  0%| F|  |TAMS 0x00000000e4c00000, 0x00000000e4c00000| Untracked 
|  77|0x00000000e4d00000, 0x00000000e4d00000, 0x00000000e4e00000|  0%| F|  |TAMS 0x00000000e4d00000, 0x00000000e4d00000| Untracked 
|  78|0x00000000e4e00000, 0x00000000e4e00000, 0x00000000e4f00000|  0%| F|  |TAMS 0x00000000e4e00000, 0x00000000e4e00000| Untracked 
|  79|0x00000000e4f00000, 0x00000000e4f00000, 0x00000000e5000000|  0%| F|  |TAMS 0x00000000e4f00000, 0x00000000e4f00000| Untracked 
|  80|0x00000000e5000000, 0x00000000e5000000, 0x00000000e5100000|  0%| F|  |TAMS 0x00000000e5000000, 0x00000000e5000000| Untracked 
|  81|0x00000000e5100000, 0x00000000e5100000, 0x00000000e5200000|  0%| F|  |TAMS 0x00000000e5100000, 0x00000000e5100000| Untracked 
|  82|0x00000000e5200000, 0x00000000e5200000, 0x00000000e5300000|  0%| F|  |TAMS 0x00000000e5200000, 0x00000000e5200000| Untracked 
|  83|0x00000000e5300000, 0x00000000e5300000, 0x00000000e5400000|  0%| F|  |TAMS 0x00000000e5300000, 0x00000000e5300000| Untracked 
|  84|0x00000000e5400000, 0x00000000e5400000, 0x00000000e5500000|  0%| F|  |TAMS 0x00000000e5400000, 0x00000000e5400000| Untracked 
|  85|0x00000000e5500000, 0x00000000e5500000, 0x00000000e5600000|  0%| F|  |TAMS 0x00000000e5500000, 0x00000000e5500000| Untracked 
|  86|0x00000000e5600000, 0x00000000e5600000, 0x00000000e5700000|  0%| F|  |TAMS 0x00000000e5600000, 0x00000000e5600000| Untracked 
|  87|0x00000000e5700000, 0x00000000e5700000, 0x00000000e5800000|  0%| F|  |TAMS 0x00000000e5700000, 0x00000000e5700000| Untracked 
|  88|0x00000000e5800000, 0x00000000e5800000, 0x00000000e5900000|  0%| F|  |TAMS 0x00000000e5800000, 0x00000000e5800000| Untracked 
|  89|0x00000000e5900000, 0x00000000e5900000, 0x00000000e5a00000|  0%| F|  |TAMS 0x00000000e5900000, 0x00000000e5900000| Untracked 
|  90|0x00000000e5a00000, 0x00000000e5a00000, 0x00000000e5b00000|  0%| F|  |TAMS 0x00000000e5a00000, 0x00000000e5a00000| Untracked 
|  91|0x00000000e5b00000, 0x00000000e5b00000, 0x00000000e5c00000|  0%| F|  |TAMS 0x00000000e5b00000, 0x00000000e5b00000| Untracked 
|  92|0x00000000e5c00000, 0x00000000e5c00000, 0x00000000e5d00000|  0%| F|  |TAMS 0x00000000e5c00000, 0x00000000e5c00000| Untracked 
|  93|0x00000000e5d00000, 0x00000000e5d00000, 0x00000000e5e00000|  0%| F|  |TAMS 0x00000000e5d00000, 0x00000000e5d00000| Untracked 
|  94|0x00000000e5e00000, 0x00000000e5e00000, 0x00000000e5f00000|  0%| F|  |TAMS 0x00000000e5e00000, 0x00000000e5e00000| Untracked 
|  95|0x00000000e5f00000, 0x00000000e5f00000, 0x00000000e6000000|  0%| F|  |TAMS 0x00000000e5f00000, 0x00000000e5f00000| Untracked 
|  96|0x00000000e6000000, 0x00000000e6000000, 0x00000000e6100000|  0%| F|  |TAMS 0x00000000e6000000, 0x00000000e6000000| Untracked 
|  97|0x00000000e6100000, 0x00000000e6100000, 0x00000000e6200000|  0%| F|  |TAMS 0x00000000e6100000, 0x00000000e6100000| Untracked 
|  98|0x00000000e6200000, 0x00000000e6200000, 0x00000000e6300000|  0%| F|  |TAMS 0x00000000e6200000, 0x00000000e6200000| Untracked 
|  99|0x00000000e6300000, 0x00000000e6300000, 0x00000000e6400000|  0%| F|  |TAMS 0x00000000e6300000, 0x00000000e6300000| Untracked 
| 100|0x00000000e6400000, 0x00000000e6400000, 0x00000000e6500000|  0%| F|  |TAMS 0x00000000e6400000, 0x00000000e6400000| Untracked 
| 101|0x00000000e6500000, 0x00000000e6500000, 0x00000000e6600000|  0%| F|  |TAMS 0x00000000e6500000, 0x00000000e6500000| Untracked 
| 102|0x00000000e6600000, 0x00000000e6600000, 0x00000000e6700000|  0%| F|  |TAMS 0x00000000e6600000, 0x00000000e6600000| Untracked 
| 103|0x00000000e6700000, 0x00000000e6700000, 0x00000000e6800000|  0%| F|  |TAMS 0x00000000e6700000, 0x00000000e6700000| Untracked 
| 104|0x00000000e6800000, 0x00000000e6800000, 0x00000000e6900000|  0%| F|  |TAMS 0x00000000e6800000, 0x00000000e6800000| Untracked 
| 105|0x00000000e6900000, 0x00000000e6900000, 0x00000000e6a00000|  0%| F|  |TAMS 0x00000000e6900000, 0x00000000e6900000| Untracked 
| 106|0x00000000e6a00000, 0x00000000e6a00000, 0x00000000e6b00000|  0%| F|  |TAMS 0x00000000e6a00000, 0x00000000e6a00000| Untracked 
| 107|0x00000000e6b00000, 0x00000000e6b00000, 0x00000000e6c00000|  0%| F|  |TAMS 0x00000000e6b00000, 0x00000000e6b00000| Untracked 
| 108|0x00000000e6c00000, 0x00000000e6c00000, 0x00000000e6d00000|  0%| F|  |TAMS 0x00000000e6c00000, 0x00000000e6c00000| Untracked 
| 109|0x00000000e6d00000, 0x00000000e6d00000, 0x00000000e6e00000|  0%| F|  |TAMS 0x00000000e6d00000, 0x00000000e6d00000| Untracked 
| 110|0x00000000e6e00000, 0x00000000e6e00000, 0x00000000e6f00000|  0%| F|  |TAMS 0x00000000e6e00000, 0x00000000e6e00000| Untracked 
| 111|0x00000000e6f00000, 0x00000000e6f00000, 0x00000000e7000000|  0%| F|  |TAMS 0x00000000e6f00000, 0x00000000e6f00000| Untracked 
| 112|0x00000000e7000000, 0x00000000e7000000, 0x00000000e7100000|  0%| F|  |TAMS 0x00000000e7000000, 0x00000000e7000000| Untracked 
| 113|0x00000000e7100000, 0x00000000e7100000, 0x00000000e7200000|  0%| F|  |TAMS 0x00000000e7100000, 0x00000000e7100000| Untracked 
| 114|0x00000000e7200000, 0x00000000e7200000, 0x00000000e7300000|  0%| F|  |TAMS 0x00000000e7200000, 0x00000000e7200000| Untracked 
| 115|0x00000000e7300000, 0x00000000e7300000, 0x00000000e7400000|  0%| F|  |TAMS 0x00000000e7300000, 0x00000000e7300000| Untracked 
| 116|0x00000000e7400000, 0x00000000e7400000, 0x00000000e7500000|  0%| F|  |TAMS 0x00000000e7400000, 0x00000000e7400000| Untracked 
| 117|0x00000000e7500000, 0x00000000e7500000, 0x00000000e7600000|  0%| F|  |TAMS 0x00000000e7500000, 0x00000000e7500000| Untracked 
| 118|0x00000000e7600000, 0x00000000e7600000, 0x00000000e7700000|  0%| F|  |TAMS 0x00000000e7600000, 0x00000000e7600000| Untracked 
| 119|0x00000000e7700000, 0x00000000e7700000, 0x00000000e7800000|  0%| F|  |TAMS 0x00000000e7700000, 0x00000000e7700000| Untracked 
| 120|0x00000000e7800000, 0x00000000e7800000, 0x00000000e7900000|  0%| F|  |TAMS 0x00000000e7800000, 0x00000000e7800000| Untracked 
| 121|0x00000000e7900000, 0x00000000e7900000, 0x00000000e7a00000|  0%| F|  |TAMS 0x00000000e7900000, 0x00000000e7900000| Untracked 
| 122|0x00000000e7a00000, 0x00000000e7a00000, 0x00000000e7b00000|  0%| F|  |TAMS 0x00000000e7a00000, 0x00000000e7a00000| Untracked 
| 123|0x00000000e7b00000, 0x00000000e7b00000, 0x00000000e7c00000|  0%| F|  |TAMS 0x00000000e7b00000, 0x00000000e7b00000| Untracked 
| 124|0x00000000e7c00000, 0x00000000e7c00000, 0x00000000e7d00000|  0%| F|  |TAMS 0x00000000e7c00000, 0x00000000e7c00000| Untracked 
| 125|0x00000000e7d00000, 0x00000000e7d00000, 0x00000000e7e00000|  0%| F|  |TAMS 0x00000000e7d00000, 0x00000000e7d00000| Untracked 
| 126|0x00000000e7e00000, 0x00000000e7e00000, 0x00000000e7f00000|  0%| F|  |TAMS 0x00000000e7e00000, 0x00000000e7e00000| Untracked 
| 127|0x00000000e7f00000, 0x00000000e7f00000, 0x00000000e8000000|  0%| F|  |TAMS 0x00000000e7f00000, 0x00000000e7f00000| Untracked 
| 128|0x00000000e8000000, 0x00000000e8000000, 0x00000000e8100000|  0%| F|  |TAMS 0x00000000e8000000, 0x00000000e8000000| Untracked 
| 129|0x00000000e8100000, 0x00000000e8100000, 0x00000000e8200000|  0%| F|  |TAMS 0x00000000e8100000, 0x00000000e8100000| Untracked 
| 130|0x00000000e8200000, 0x00000000e8200000, 0x00000000e8300000|  0%| F|  |TAMS 0x00000000e8200000, 0x00000000e8200000| Untracked 
| 131|0x00000000e8300000, 0x00000000e8300000, 0x00000000e8400000|  0%| F|  |TAMS 0x00000000e8300000, 0x00000000e8300000| Untracked 
| 132|0x00000000e8400000, 0x00000000e8400000, 0x00000000e8500000|  0%| F|  |TAMS 0x00000000e8400000, 0x00000000e8400000| Untracked 
| 133|0x00000000e8500000, 0x00000000e8500000, 0x00000000e8600000|  0%| F|  |TAMS 0x00000000e8500000, 0x00000000e8500000| Untracked 
| 134|0x00000000e8600000, 0x00000000e8600000, 0x00000000e8700000|  0%| F|  |TAMS 0x00000000e8600000, 0x00000000e8600000| Untracked 
| 135|0x00000000e8700000, 0x00000000e8700000, 0x00000000e8800000|  0%| F|  |TAMS 0x00000000e8700000, 0x00000000e8700000| Untracked 
| 136|0x00000000e8800000, 0x00000000e8800000, 0x00000000e8900000|  0%| F|  |TAMS 0x00000000e8800000, 0x00000000e8800000| Untracked 
| 137|0x00000000e8900000, 0x00000000e8900000, 0x00000000e8a00000|  0%| F|  |TAMS 0x00000000e8900000, 0x00000000e8900000| Untracked 
| 138|0x00000000e8a00000, 0x00000000e8a00000, 0x00000000e8b00000|  0%| F|  |TAMS 0x00000000e8a00000, 0x00000000e8a00000| Untracked 
| 139|0x00000000e8b00000, 0x00000000e8b00000, 0x00000000e8c00000|  0%| F|  |TAMS 0x00000000e8b00000, 0x00000000e8b00000| Untracked 
| 140|0x00000000e8c00000, 0x00000000e8c00000, 0x00000000e8d00000|  0%| F|  |TAMS 0x00000000e8c00000, 0x00000000e8c00000| Untracked 
| 141|0x00000000e8d00000, 0x00000000e8d00000, 0x00000000e8e00000|  0%| F|  |TAMS 0x00000000e8d00000, 0x00000000e8d00000| Untracked 
| 142|0x00000000e8e00000, 0x00000000e8e00000, 0x00000000e8f00000|  0%| F|  |TAMS 0x00000000e8e00000, 0x00000000e8e00000| Untracked 
| 143|0x00000000e8f00000, 0x00000000e8f00000, 0x00000000e9000000|  0%| F|  |TAMS 0x00000000e8f00000, 0x00000000e8f00000| Untracked 
| 144|0x00000000e9000000, 0x00000000e9000000, 0x00000000e9100000|  0%| F|  |TAMS 0x00000000e9000000, 0x00000000e9000000| Untracked 
| 145|0x00000000e9100000, 0x00000000e9100000, 0x00000000e9200000|  0%| F|  |TAMS 0x00000000e9100000, 0x00000000e9100000| Untracked 
| 146|0x00000000e9200000, 0x00000000e9200000, 0x00000000e9300000|  0%| F|  |TAMS 0x00000000e9200000, 0x00000000e9200000| Untracked 
| 147|0x00000000e9300000, 0x00000000e9300000, 0x00000000e9400000|  0%| F|  |TAMS 0x00000000e9300000, 0x00000000e9300000| Untracked 
| 148|0x00000000e9400000, 0x00000000e9400000, 0x00000000e9500000|  0%| F|  |TAMS 0x00000000e9400000, 0x00000000e9400000| Untracked 
| 149|0x00000000e9500000, 0x00000000e9500000, 0x00000000e9600000|  0%| F|  |TAMS 0x00000000e9500000, 0x00000000e9500000| Untracked 
| 150|0x00000000e9600000, 0x00000000e9600000, 0x00000000e9700000|  0%| F|  |TAMS 0x00000000e9600000, 0x00000000e9600000| Untracked 
| 151|0x00000000e9700000, 0x00000000e9700000, 0x00000000e9800000|  0%| F|  |TAMS 0x00000000e9700000, 0x00000000e9700000| Untracked 
| 152|0x00000000e9800000, 0x00000000e9800000, 0x00000000e9900000|  0%| F|  |TAMS 0x00000000e9800000, 0x00000000e9800000| Untracked 
| 153|0x00000000e9900000, 0x00000000e9900000, 0x00000000e9a00000|  0%| F|  |TAMS 0x00000000e9900000, 0x00000000e9900000| Untracked 
| 154|0x00000000e9a00000, 0x00000000e9a00000, 0x00000000e9b00000|  0%| F|  |TAMS 0x00000000e9a00000, 0x00000000e9a00000| Untracked 
| 155|0x00000000e9b00000, 0x00000000e9b00000, 0x00000000e9c00000|  0%| F|  |TAMS 0x00000000e9b00000, 0x00000000e9b00000| Untracked 
| 156|0x00000000e9c00000, 0x00000000e9c00000, 0x00000000e9d00000|  0%| F|  |TAMS 0x00000000e9c00000, 0x00000000e9c00000| Untracked 
| 157|0x00000000e9d00000, 0x00000000e9d00000, 0x00000000e9e00000|  0%| F|  |TAMS 0x00000000e9d00000, 0x00000000e9d00000| Untracked 
| 158|0x00000000e9e00000, 0x00000000e9e00000, 0x00000000e9f00000|  0%| F|  |TAMS 0x00000000e9e00000, 0x00000000e9e00000| Untracked 
| 159|0x00000000e9f00000, 0x00000000e9f00000, 0x00000000ea000000|  0%| F|  |TAMS 0x00000000e9f00000, 0x00000000e9f00000| Untracked 
| 160|0x00000000ea000000, 0x00000000ea000000, 0x00000000ea100000|  0%| F|  |TAMS 0x00000000ea000000, 0x00000000ea000000| Untracked 
| 161|0x00000000ea100000, 0x00000000ea100000, 0x00000000ea200000|  0%| F|  |TAMS 0x00000000ea100000, 0x00000000ea100000| Untracked 
| 162|0x00000000ea200000, 0x00000000ea200000, 0x00000000ea300000|  0%| F|  |TAMS 0x00000000ea200000, 0x00000000ea200000| Untracked 
| 163|0x00000000ea300000, 0x00000000ea300000, 0x00000000ea400000|  0%| F|  |TAMS 0x00000000ea300000, 0x00000000ea300000| Untracked 
| 164|0x00000000ea400000, 0x00000000ea400000, 0x00000000ea500000|  0%| F|  |TAMS 0x00000000ea400000, 0x00000000ea400000| Untracked 
| 165|0x00000000ea500000, 0x00000000ea500000, 0x00000000ea600000|  0%| F|  |TAMS 0x00000000ea500000, 0x00000000ea500000| Untracked 
| 166|0x00000000ea600000, 0x00000000ea600000, 0x00000000ea700000|  0%| F|  |TAMS 0x00000000ea600000, 0x00000000ea600000| Untracked 
| 167|0x00000000ea700000, 0x00000000ea700000, 0x00000000ea800000|  0%| F|  |TAMS 0x00000000ea700000, 0x00000000ea700000| Untracked 
| 168|0x00000000ea800000, 0x00000000ea800000, 0x00000000ea900000|  0%| F|  |TAMS 0x00000000ea800000, 0x00000000ea800000| Untracked 
| 169|0x00000000ea900000, 0x00000000ea900000, 0x00000000eaa00000|  0%| F|  |TAMS 0x00000000ea900000, 0x00000000ea900000| Untracked 
| 170|0x00000000eaa00000, 0x00000000eaa00000, 0x00000000eab00000|  0%| F|  |TAMS 0x00000000eaa00000, 0x00000000eaa00000| Untracked 
| 171|0x00000000eab00000, 0x00000000eab00000, 0x00000000eac00000|  0%| F|  |TAMS 0x00000000eab00000, 0x00000000eab00000| Untracked 
| 172|0x00000000eac00000, 0x00000000eac00000, 0x00000000ead00000|  0%| F|  |TAMS 0x00000000eac00000, 0x00000000eac00000| Untracked 
| 173|0x00000000ead00000, 0x00000000ead00000, 0x00000000eae00000|  0%| F|  |TAMS 0x00000000ead00000, 0x00000000ead00000| Untracked 
| 174|0x00000000eae00000, 0x00000000eae00000, 0x00000000eaf00000|  0%| F|  |TAMS 0x00000000eae00000, 0x00000000eae00000| Untracked 
| 175|0x00000000eaf00000, 0x00000000eaf00000, 0x00000000eb000000|  0%| F|  |TAMS 0x00000000eaf00000, 0x00000000eaf00000| Untracked 
| 176|0x00000000eb000000, 0x00000000eb000000, 0x00000000eb100000|  0%| F|  |TAMS 0x00000000eb000000, 0x00000000eb000000| Untracked 
| 177|0x00000000eb100000, 0x00000000eb100000, 0x00000000eb200000|  0%| F|  |TAMS 0x00000000eb100000, 0x00000000eb100000| Untracked 
| 178|0x00000000eb200000, 0x00000000eb200000, 0x00000000eb300000|  0%| F|  |TAMS 0x00000000eb200000, 0x00000000eb200000| Untracked 
| 179|0x00000000eb300000, 0x00000000eb300000, 0x00000000eb400000|  0%| F|  |TAMS 0x00000000eb300000, 0x00000000eb300000| Untracked 
| 180|0x00000000eb400000, 0x00000000eb400000, 0x00000000eb500000|  0%| F|  |TAMS 0x00000000eb400000, 0x00000000eb400000| Untracked 
| 181|0x00000000eb500000, 0x00000000eb500000, 0x00000000eb600000|  0%| F|  |TAMS 0x00000000eb500000, 0x00000000eb500000| Untracked 
| 182|0x00000000eb600000, 0x00000000eb600000, 0x00000000eb700000|  0%| F|  |TAMS 0x00000000eb600000, 0x00000000eb600000| Untracked 
| 183|0x00000000eb700000, 0x00000000eb700000, 0x00000000eb800000|  0%| F|  |TAMS 0x00000000eb700000, 0x00000000eb700000| Untracked 
| 184|0x00000000eb800000, 0x00000000eb800000, 0x00000000eb900000|  0%| F|  |TAMS 0x00000000eb800000, 0x00000000eb800000| Untracked 
| 185|0x00000000eb900000, 0x00000000eb900000, 0x00000000eba00000|  0%| F|  |TAMS 0x00000000eb900000, 0x00000000eb900000| Untracked 
| 186|0x00000000eba00000, 0x00000000eba82010, 0x00000000ebb00000| 50%| E|  |TAMS 0x00000000eba00000, 0x00000000eba00000| Complete 
| 187|0x00000000ebb00000, 0x00000000ebc00000, 0x00000000ebc00000|100%| E|CS|TAMS 0x00000000ebb00000, 0x00000000ebb00000| Complete 
| 188|0x00000000ebc00000, 0x00000000ebd00000, 0x00000000ebd00000|100%| E|CS|TAMS 0x00000000ebc00000, 0x00000000ebc00000| Complete 
| 189|0x00000000ebd00000, 0x00000000ebe00000, 0x00000000ebe00000|100%| E|CS|TAMS 0x00000000ebd00000, 0x00000000ebd00000| Complete 
| 190|0x00000000ebe00000, 0x00000000ebf00000, 0x00000000ebf00000|100%| E|CS|TAMS 0x00000000ebe00000, 0x00000000ebe00000| Complete 
| 191|0x00000000ebf00000, 0x00000000ec000000, 0x00000000ec000000|100%| E|CS|TAMS 0x00000000ebf00000, 0x00000000ebf00000| Complete 
| 192|0x00000000ec000000, 0x00000000ec100000, 0x00000000ec100000|100%| E|CS|TAMS 0x00000000ec000000, 0x00000000ec000000| Complete 
| 193|0x00000000ec100000, 0x00000000ec200000, 0x00000000ec200000|100%| E|CS|TAMS 0x00000000ec100000, 0x00000000ec100000| Complete 
| 194|0x00000000ec200000, 0x00000000ec300000, 0x00000000ec300000|100%| E|CS|TAMS 0x00000000ec200000, 0x00000000ec200000| Complete 
| 195|0x00000000ec300000, 0x00000000ec400000, 0x00000000ec400000|100%| E|CS|TAMS 0x00000000ec300000, 0x00000000ec300000| Complete 
| 196|0x00000000ec400000, 0x00000000ec500000, 0x00000000ec500000|100%| E|CS|TAMS 0x00000000ec400000, 0x00000000ec400000| Complete 
| 197|0x00000000ec500000, 0x00000000ec600000, 0x00000000ec600000|100%| E|CS|TAMS 0x00000000ec500000, 0x00000000ec500000| Complete 
| 198|0x00000000ec600000, 0x00000000ec700000, 0x00000000ec700000|100%| E|CS|TAMS 0x00000000ec600000, 0x00000000ec600000| Complete 
| 199|0x00000000ec700000, 0x00000000ec800000, 0x00000000ec800000|100%| E|CS|TAMS 0x00000000ec700000, 0x00000000ec700000| Complete 
| 200|0x00000000ec800000, 0x00000000ec900000, 0x00000000ec900000|100%| E|CS|TAMS 0x00000000ec800000, 0x00000000ec800000| Complete 
| 201|0x00000000ec900000, 0x00000000eca00000, 0x00000000eca00000|100%| E|CS|TAMS 0x00000000ec900000, 0x00000000ec900000| Complete 
| 202|0x00000000eca00000, 0x00000000ecb00000, 0x00000000ecb00000|100%| E|CS|TAMS 0x00000000eca00000, 0x00000000eca00000| Complete 
| 203|0x00000000ecb00000, 0x00000000ecc00000, 0x00000000ecc00000|100%| E|CS|TAMS 0x00000000ecb00000, 0x00000000ecb00000| Complete 
| 204|0x00000000ecc00000, 0x00000000ecd00000, 0x00000000ecd00000|100%| E|CS|TAMS 0x00000000ecc00000, 0x00000000ecc00000| Complete 
| 205|0x00000000ecd00000, 0x00000000ece00000, 0x00000000ece00000|100%| E|  |TAMS 0x00000000ecd00000, 0x00000000ecd00000| Complete 
| 206|0x00000000ece00000, 0x00000000ecf00000, 0x00000000ecf00000|100%| E|CS|TAMS 0x00000000ece00000, 0x00000000ece00000| Complete 
| 207|0x00000000ecf00000, 0x00000000ed000000, 0x00000000ed000000|100%| E|CS|TAMS 0x00000000ecf00000, 0x00000000ecf00000| Complete 
| 208|0x00000000ed000000, 0x00000000ed100000, 0x00000000ed100000|100%| E|CS|TAMS 0x00000000ed000000, 0x00000000ed000000| Complete 
| 209|0x00000000ed100000, 0x00000000ed200000, 0x00000000ed200000|100%| E|CS|TAMS 0x00000000ed100000, 0x00000000ed100000| Complete 
| 210|0x00000000ed200000, 0x00000000ed300000, 0x00000000ed300000|100%| E|CS|TAMS 0x00000000ed200000, 0x00000000ed200000| Complete 
| 211|0x00000000ed300000, 0x00000000ed400000, 0x00000000ed400000|100%| E|CS|TAMS 0x00000000ed300000, 0x00000000ed300000| Complete 
| 212|0x00000000ed400000, 0x00000000ed500000, 0x00000000ed500000|100%| E|CS|TAMS 0x00000000ed400000, 0x00000000ed400000| Complete 
| 213|0x00000000ed500000, 0x00000000ed600000, 0x00000000ed600000|100%| E|CS|TAMS 0x00000000ed500000, 0x00000000ed500000| Complete 
| 214|0x00000000ed600000, 0x00000000ed700000, 0x00000000ed700000|100%| E|CS|TAMS 0x00000000ed600000, 0x00000000ed600000| Complete 
| 215|0x00000000ed700000, 0x00000000ed800000, 0x00000000ed800000|100%| E|CS|TAMS 0x00000000ed700000, 0x00000000ed700000| Complete 
| 216|0x00000000ed800000, 0x00000000ed900000, 0x00000000ed900000|100%| E|CS|TAMS 0x00000000ed800000, 0x00000000ed800000| Complete 
| 217|0x00000000ed900000, 0x00000000eda00000, 0x00000000eda00000|100%| E|CS|TAMS 0x00000000ed900000, 0x00000000ed900000| Complete 
| 218|0x00000000eda00000, 0x00000000edb00000, 0x00000000edb00000|100%| E|CS|TAMS 0x00000000eda00000, 0x00000000eda00000| Complete 
| 219|0x00000000edb00000, 0x00000000edc00000, 0x00000000edc00000|100%| E|CS|TAMS 0x00000000edb00000, 0x00000000edb00000| Complete 
| 220|0x00000000edc00000, 0x00000000edd00000, 0x00000000edd00000|100%| E|CS|TAMS 0x00000000edc00000, 0x00000000edc00000| Complete 
| 221|0x00000000edd00000, 0x00000000eddc8610, 0x00000000ede00000| 78%| S|CS|TAMS 0x00000000edd00000, 0x00000000edd00000| Complete 
| 222|0x00000000ede00000, 0x00000000edf00000, 0x00000000edf00000|100%| S|CS|TAMS 0x00000000ede00000, 0x00000000ede00000| Complete 
| 223|0x00000000edf00000, 0x00000000ee000000, 0x00000000ee000000|100%| S|CS|TAMS 0x00000000edf00000, 0x00000000edf00000| Complete 
| 224|0x00000000ee000000, 0x00000000ee100000, 0x00000000ee100000|100%| S|CS|TAMS 0x00000000ee000000, 0x00000000ee000000| Complete 
| 225|0x00000000ee100000, 0x00000000ee200000, 0x00000000ee200000|100%| S|CS|TAMS 0x00000000ee100000, 0x00000000ee100000| Complete 
| 226|0x00000000ee200000, 0x00000000ee300000, 0x00000000ee300000|100%| S|CS|TAMS 0x00000000ee200000, 0x00000000ee200000| Complete 
| 227|0x00000000ee300000, 0x00000000ee400000, 0x00000000ee400000|100%| E|CS|TAMS 0x00000000ee300000, 0x00000000ee300000| Complete 
| 228|0x00000000ee400000, 0x00000000ee500000, 0x00000000ee500000|100%| E|CS|TAMS 0x00000000ee400000, 0x00000000ee400000| Complete 
| 229|0x00000000ee500000, 0x00000000ee600000, 0x00000000ee600000|100%| E|CS|TAMS 0x00000000ee500000, 0x00000000ee500000| Complete 
| 230|0x00000000ee600000, 0x00000000ee700000, 0x00000000ee700000|100%| E|CS|TAMS 0x00000000ee600000, 0x00000000ee600000| Complete 
| 231|0x00000000ee700000, 0x00000000ee800000, 0x00000000ee800000|100%| E|CS|TAMS 0x00000000ee700000, 0x00000000ee700000| Complete 
| 232|0x00000000ee800000, 0x00000000ee900000, 0x00000000ee900000|100%| E|CS|TAMS 0x00000000ee800000, 0x00000000ee800000| Complete 
| 233|0x00000000ee900000, 0x00000000eea00000, 0x00000000eea00000|100%| E|CS|TAMS 0x00000000ee900000, 0x00000000ee900000| Complete 
| 234|0x00000000eea00000, 0x00000000eeb00000, 0x00000000eeb00000|100%| E|CS|TAMS 0x00000000eea00000, 0x00000000eea00000| Complete 
| 235|0x00000000eeb00000, 0x00000000eec00000, 0x00000000eec00000|100%| E|CS|TAMS 0x00000000eeb00000, 0x00000000eeb00000| Complete 
| 236|0x00000000eec00000, 0x00000000eed00000, 0x00000000eed00000|100%| E|CS|TAMS 0x00000000eec00000, 0x00000000eec00000| Complete 
| 237|0x00000000eed00000, 0x00000000eee00000, 0x00000000eee00000|100%| E|CS|TAMS 0x00000000eed00000, 0x00000000eed00000| Complete 
| 238|0x00000000eee00000, 0x00000000eef00000, 0x00000000eef00000|100%| E|CS|TAMS 0x00000000eee00000, 0x00000000eee00000| Complete 
| 239|0x00000000eef00000, 0x00000000ef000000, 0x00000000ef000000|100%| E|CS|TAMS 0x00000000eef00000, 0x00000000eef00000| Complete 
| 240|0x00000000ef000000, 0x00000000ef100000, 0x00000000ef100000|100%| E|CS|TAMS 0x00000000ef000000, 0x00000000ef000000| Complete 
| 241|0x00000000ef100000, 0x00000000ef200000, 0x00000000ef200000|100%| E|CS|TAMS 0x00000000ef100000, 0x00000000ef100000| Complete 
| 242|0x00000000ef200000, 0x00000000ef300000, 0x00000000ef300000|100%| E|CS|TAMS 0x00000000ef200000, 0x00000000ef200000| Complete 
| 243|0x00000000ef300000, 0x00000000ef400000, 0x00000000ef400000|100%| E|CS|TAMS 0x00000000ef300000, 0x00000000ef300000| Complete 
| 244|0x00000000ef400000, 0x00000000ef500000, 0x00000000ef500000|100%| E|CS|TAMS 0x00000000ef400000, 0x00000000ef400000| Complete 
| 245|0x00000000ef500000, 0x00000000ef600000, 0x00000000ef600000|100%| E|CS|TAMS 0x00000000ef500000, 0x00000000ef500000| Complete 
| 246|0x00000000ef600000, 0x00000000ef700000, 0x00000000ef700000|100%| E|CS|TAMS 0x00000000ef600000, 0x00000000ef600000| Complete 
| 247|0x00000000ef700000, 0x00000000ef800000, 0x00000000ef800000|100%| E|CS|TAMS 0x00000000ef700000, 0x00000000ef700000| Complete 
| 248|0x00000000ef800000, 0x00000000ef900000, 0x00000000ef900000|100%| E|CS|TAMS 0x00000000ef800000, 0x00000000ef800000| Complete 
| 249|0x00000000ef900000, 0x00000000efa00000, 0x00000000efa00000|100%| E|CS|TAMS 0x00000000ef900000, 0x00000000ef900000| Complete 
| 250|0x00000000efa00000, 0x00000000efb00000, 0x00000000efb00000|100%| E|CS|TAMS 0x00000000efa00000, 0x00000000efa00000| Complete 
| 251|0x00000000efb00000, 0x00000000efc00000, 0x00000000efc00000|100%| E|CS|TAMS 0x00000000efb00000, 0x00000000efb00000| Complete 
| 252|0x00000000efc00000, 0x00000000efd00000, 0x00000000efd00000|100%| E|CS|TAMS 0x00000000efc00000, 0x00000000efc00000| Complete 
| 253|0x00000000efd00000, 0x00000000efe00000, 0x00000000efe00000|100%| E|CS|TAMS 0x00000000efd00000, 0x00000000efd00000| Complete 
| 254|0x00000000efe00000, 0x00000000eff00000, 0x00000000eff00000|100%| E|CS|TAMS 0x00000000efe00000, 0x00000000efe00000| Complete 
| 255|0x00000000eff00000, 0x00000000f0000000, 0x00000000f0000000|100%| E|CS|TAMS 0x00000000eff00000, 0x00000000eff00000| Complete 

Card table byte_map: [0x0000018c77ed0000,0x0000018c77fd0000] _byte_map_base: 0x0000018c777d0000

Marking Bits (Prev, Next): (CMBitMap*) 0x0000018c613d58c8, (CMBitMap*) 0x0000018c613d5900
 Prev Bits: [0x0000018c780d0000, 0x0000018c788d0000)
 Next Bits: [0x0000018c788d0000, 0x0000018c790d0000)

Polling page: 0x0000018c60b90000

Metaspace:

Usage:
  Non-class:     36.33 MB capacity,    35.68 MB ( 98%) used,   554.23 KB (  1%) free+waste,   111.31 KB ( <1%) overhead. 
      Class:      5.67 MB capacity,     5.28 MB ( 93%) used,   348.04 KB (  6%) free+waste,    55.94 KB ( <1%) overhead. 
       Both:     42.01 MB capacity,    40.96 MB ( 98%) used,   902.27 KB (  2%) free+waste,   167.25 KB ( <1%) overhead. 

Virtual space:
  Non-class space:       38.00 MB reserved,      36.45 MB ( 96%) committed 
      Class space:      376.00 MB reserved,       5.75 MB (  2%) committed 
             Both:      414.00 MB reserved,      42.20 MB ( 10%) committed 

Chunk freelists:
   Non-Class:  7.38 KB
       Class:  0 bytes
        Both:  7.38 KB

CodeHeap 'non-profiled nmethods': size=120000Kb used=1897Kb max_used=1897Kb free=118103Kb
 bounds [0x0000018c70570000, 0x0000018c707e0000, 0x0000018c77aa0000]
CodeHeap 'profiled nmethods': size=120000Kb used=8207Kb max_used=8207Kb free=111793Kb
 bounds [0x0000018c69040000, 0x0000018c69850000, 0x0000018c70570000]
CodeHeap 'non-nmethods': size=5760Kb used=2209Kb max_used=2252Kb free=3550Kb
 bounds [0x0000018c68aa0000, 0x0000018c68d10000, 0x0000018c69040000]
 total_blobs=4716 nmethods=3937 adapters=690
 compilation: enabled
              stopped_count=0, restarted_count=0
 full_count=0

Compilation events (10 events):
Event: 23.578 Thread 0x0000018c7c461800 nmethod 3925 0x0000018c70748090 code [0x0000018c707482a0, 0x0000018c70748b18]
Event: 23.578 Thread 0x0000018c7c461800 3890       4       org.codehaus.groovy.runtime.metaclass.MetaMethodIndex::getOrPutMethods (184 bytes)
Event: 23.593 Thread 0x0000018c7c461800 nmethod 3890 0x0000018c70749190 code [0x0000018c70749340, 0x0000018c70749f18]
Event: 23.593 Thread 0x0000018c7c461800 3892       4       java.util.Arrays::binarySearch0 (95 bytes)
Event: 23.683 Thread 0x0000018c7c462800 3951       3       org.gradle.internal.io.RandomAccessFileInputStream::read (11 bytes)
Event: 23.683 Thread 0x0000018c7c462800 nmethod 3951 0x0000018c69837d10 code [0x0000018c69837ec0, 0x0000018c69838068]
Event: 23.683 Thread 0x0000018c7c462800 3952       3       java.net.InetAddress::<init> (21 bytes)
Event: 23.683 Thread 0x0000018c7c462800 nmethod 3952 0x0000018c69838190 code [0x0000018c69838340, 0x0000018c69838638]
Event: 23.683 Thread 0x0000018c7c462800 3953       3       java.net.InetAddress$InetAddressHolder::<init> (5 bytes)
Event: 23.684 Thread 0x0000018c7c462800 nmethod 3953 0x0000018c69838790 code [0x0000018c69838920, 0x0000018c69838a78]

GC Heap History (10 events):
Event: 2.590 GC heap before
{Heap before GC invocations=0 (full 0):
 garbage-first heap   total 262144K, used 27648K [0x00000000e0000000, 0x0000000100000000)
  region size 1024K, 24 young (24576K), 0 survivors (0K)
 Metaspace       used 9719K, capacity 9973K, committed 10112K, reserved 395264K
  class space    used 967K, capacity 1049K, committed 1152K, reserved 385024K
}
Event: 2.612 GC heap after
{Heap after GC invocations=1 (full 0):
 garbage-first heap   total 262144K, used 10989K [0x00000000e0000000, 0x0000000100000000)
  region size 1024K, 3 young (3072K), 3 survivors (3072K)
 Metaspace       used 9719K, capacity 9973K, committed 10112K, reserved 395264K
  class space    used 967K, capacity 1049K, committed 1152K, reserved 385024K
}
Event: 10.104 GC heap before
{Heap before GC invocations=1 (full 0):
 garbage-first heap   total 262144K, used 108269K [0x00000000e0000000, 0x0000000100000000)
  region size 1024K, 99 young (101376K), 3 survivors (3072K)
 Metaspace       used 20729K, capacity 21243K, committed 21296K, reserved 405504K
  class space    used 2491K, capacity 2688K, committed 2688K, reserved 385024K
}
Event: 10.115 GC heap after
{Heap after GC invocations=2 (full 0):
 garbage-first heap   total 262144K, used 19298K [0x00000000e0000000, 0x0000000100000000)
  region size 1024K, 12 young (12288K), 12 survivors (12288K)
 Metaspace       used 20729K, capacity 21243K, committed 21296K, reserved 405504K
  class space    used 2491K, capacity 2688K, committed 2688K, reserved 385024K
}
Event: 13.998 GC heap before
{Heap before GC invocations=3 (full 0):
 garbage-first heap   total 262144K, used 37730K [0x00000000e0000000, 0x0000000100000000)
  region size 1024K, 30 young (30720K), 12 survivors (12288K)
 Metaspace       used 22336K, capacity 22947K, committed 23036K, reserved 405504K
  class space    used 2741K, capacity 2943K, committed 2944K, reserved 385024K
}
Event: 14.006 GC heap after
{Heap after GC invocations=4 (full 0):
 garbage-first heap   total 262144K, used 19919K [0x00000000e0000000, 0x0000000100000000)
  region size 1024K, 1 young (1024K), 1 survivors (1024K)
 Metaspace       used 22336K, capacity 22947K, committed 23036K, reserved 405504K
  class space    used 2741K, capacity 2943K, committed 2944K, reserved 385024K
}
Event: 18.558 GC heap before
{Heap before GC invocations=4 (full 0):
 garbage-first heap   total 262144K, used 134607K [0x00000000e0000000, 0x0000000100000000)
  region size 1024K, 113 young (115712K), 1 survivors (1024K)
 Metaspace       used 31228K, capacity 31995K, committed 32128K, reserved 413696K
  class space    used 4175K, capacity 4480K, committed 4480K, reserved 385024K
}
Event: 18.562 GC heap after
{Heap after GC invocations=5 (full 0):
 garbage-first heap   total 262144K, used 22925K [0x00000000e0000000, 0x0000000100000000)
  region size 1024K, 4 young (4096K), 4 survivors (4096K)
 Metaspace       used 31228K, capacity 31995K, committed 32128K, reserved 413696K
  class space    used 4175K, capacity 4480K, committed 4480K, reserved 385024K
}
Event: 19.845 GC heap before
{Heap before GC invocations=5 (full 0):
 garbage-first heap   total 262144K, used 51597K [0x00000000e0000000, 0x0000000100000000)
  region size 1024K, 33 young (33792K), 4 survivors (4096K)
 Metaspace       used 35010K, capacity 35925K, committed 36048K, reserved 417792K
  class space    used 4707K, capacity 5070K, committed 5120K, reserved 385024K
}
Event: 19.850 GC heap after
{Heap after GC invocations=6 (full 0):
 garbage-first heap   total 262144K, used 24819K [0x00000000e0000000, 0x0000000100000000)
  region size 1024K, 6 young (6144K), 6 survivors (6144K)
 Metaspace       used 35010K, capacity 35925K, committed 36048K, reserved 417792K
  class space    used 4707K, capacity 5070K, committed 5120K, reserved 385024K
}

Deoptimization events (10 events):
Event: 20.346 Thread 0x0000018c7dfc6800 Uncommon trap: reason=unstable_if action=reinterpret pc=0x0000018c705fa084 method=sun.nio.fs.WindowsPathParser.isSlash(C)Z @ 9 c2
Event: 20.346 Thread 0x0000018c7dfc6800 Uncommon trap: reason=unstable_if action=reinterpret pc=0x0000018c7058d9bc method=sun.nio.fs.WindowsPathParser.isSlash(C)Z @ 9 c2
Event: 20.369 Thread 0x0000018c7dfc6800 Uncommon trap: reason=bimorphic_or_optimized_type_check action=maybe_recompile pc=0x0000018c706a03e4 method=java.net.URL.<init>(Ljava/net/URL;Ljava/lang/String;Ljava/net/URLStreamHandler;)V @ 504 c2
Event: 20.866 Thread 0x0000018c7dfc6800 Uncommon trap: reason=class_check action=maybe_recompile pc=0x0000018c7070a240 method=java.util.regex.Pattern$Start.match(Ljava/util/regex/Matcher;ILjava/lang/CharSequence;)Z @ 44 c2
Event: 20.867 Thread 0x0000018c7dfc6800 Uncommon trap: reason=class_check action=maybe_recompile pc=0x0000018c7070a240 method=java.util.regex.Pattern$Start.match(Ljava/util/regex/Matcher;ILjava/lang/CharSequence;)Z @ 44 c2
Event: 21.199 Thread 0x0000018c7dfc6800 Uncommon trap: reason=class_check action=maybe_recompile pc=0x0000018c7070a240 method=java.util.regex.Pattern$Start.match(Ljava/util/regex/Matcher;ILjava/lang/CharSequence;)Z @ 44 c2
Event: 21.200 Thread 0x0000018c7dfc6800 Uncommon trap: reason=class_check action=maybe_recompile pc=0x0000018c7070a240 method=java.util.regex.Pattern$Start.match(Ljava/util/regex/Matcher;ILjava/lang/CharSequence;)Z @ 44 c2
Event: 21.200 Thread 0x0000018c7dfc6800 Uncommon trap: reason=class_check action=maybe_recompile pc=0x0000018c706fb4a0 method=java.util.regex.Pattern$Start.match(Ljava/util/regex/Matcher;ILjava/lang/CharSequence;)Z @ 44 c2
Event: 23.275 Thread 0x0000018c7dfc6800 Uncommon trap: reason=class_check action=maybe_recompile pc=0x0000018c7068c2cc method=java.util.Collections$SetFromMap.remove(Ljava/lang/Object;)Z @ 5 c2
Event: 23.283 Thread 0x0000018c7dfc6800 Uncommon trap: reason=unstable_if action=reinterpret pc=0x0000018c70695fa8 method=java.util.HashMap.putVal(ILjava/lang/Object;Ljava/lang/Object;ZZ)Ljava/lang/Object; @ 162 c2

Classes redefined (0 events):
No events

Internal exceptions (10 events):
Event: 23.253 Thread 0x0000018c7dfc6800 Exception <a 'java/lang/ClassNotFoundException'{0x00000000ebf4dff8}: ijtestinit_8eirpfcsfjkrwvb526erxsq3nBeanInfo> (0x00000000ebf4dff8) thrown at [./open/src/hotspot/share/classfile/systemDictionary.cpp, line 226]
Event: 23.253 Thread 0x0000018c7dfc6800 Exception <a 'java/lang/ClassNotFoundException'{0x00000000ebf5aa40}: ijtestinit_8eirpfcsfjkrwvb526erxsq3nCustomizer> (0x00000000ebf5aa40) thrown at [./open/src/hotspot/share/classfile/systemDictionary.cpp, line 226]
Event: 23.273 Thread 0x0000018c7dfc6800 Exception <a 'java/lang/ClassNotFoundException'{0x00000000ebd4c900}: org/gradle/configuration/internal/DefaultListenerBuildOperationDecorator$BuildOperationEmittingClosureBeanInfo> (0x00000000ebd4c900) thrown at [./open/src/hotspot/share/classfile/systemD
Event: 23.274 Thread 0x0000018c7dfc6800 Exception <a 'java/lang/ClassNotFoundException'{0x00000000ebd84d38}: org/gradle/configuration/internal/DefaultListenerBuildOperationDecorator$BuildOperationEmittingClosureCustomizer> (0x00000000ebd84d38) thrown at [./open/src/hotspot/share/classfile/syste
Event: 23.296 Thread 0x0000018c7dfc6800 Exception <a 'java/lang/NoSuchMethodError'{0x00000000ebcf6870}: java.lang.invoke.Invokers$Holder.linkToTargetMethod(Ljava/lang/Object;IILjava/lang/Object;)Ljava/lang/Object;> (0x00000000ebcf6870) thrown at [./open/src/hotspot/share/interpreter/linkResolve
Event: 23.297 Thread 0x0000018c7dfc6800 Exception <a 'java/lang/NoSuchMethodError'{0x00000000ebb0f438}: java.lang.invoke.DirectMethodHandle$Holder.invokeStatic(Ljava/lang/Object;Ljava/lang/Object;IILjava/lang/Object;Ljava/lang/Object;)Ljava/lang/Object;> (0x00000000ebb0f438) thrown at [./open/s
Event: 23.305 Thread 0x0000018c7dfc6800 Exception <a 'sun/nio/fs/WindowsException'{0x00000000ebb7bb58}> (0x00000000ebb7bb58) thrown at [./open/src/hotspot/share/prims/jni.cpp, line 611]
Event: 23.307 Thread 0x0000018c7dfc6800 Exception <a 'sun/nio/fs/WindowsException'{0x00000000ebb7d0f8}> (0x00000000ebb7d0f8) thrown at [./open/src/hotspot/share/prims/jni.cpp, line 611]
Event: 23.308 Thread 0x0000018c7dfc6800 Exception <a 'sun/nio/fs/WindowsException'{0x00000000ebb7e650}> (0x00000000ebb7e650) thrown at [./open/src/hotspot/share/prims/jni.cpp, line 611]
Event: 23.311 Thread 0x0000018c7dfc6800 Exception <a 'sun/nio/fs/WindowsException'{0x00000000ebb7fbb0}> (0x00000000ebb7fbb0) thrown at [./open/src/hotspot/share/prims/jni.cpp, line 611]

Events (10 events):
Event: 23.461 Executing VM operation: RevokeBias
Event: 23.462 Executing VM operation: RevokeBias done
Event: 23.462 Executing VM operation: RevokeBias
Event: 23.462 Executing VM operation: RevokeBias done
Event: 23.462 Executing VM operation: BulkRevokeBias
Event: 23.463 Executing VM operation: BulkRevokeBias done
Event: 23.686 Executing VM operation: RevokeBias
Event: 23.686 Executing VM operation: RevokeBias done
Event: 23.686 Executing VM operation: RevokeBias
Event: 23.687 Executing VM operation: RevokeBias done


Dynamic libraries:
0x00007ff6b9bd0000 - 0x00007ff6b9be0000 	C:\Program Files\Java\jdk-11\bin\java.exe
0x00007ffdee100000 - 0x00007ffdee309000 	C:\WINDOWS\SYSTEM32\ntdll.dll
0x00007ffdec6a0000 - 0x00007ffdec75d000 	C:\WINDOWS\System32\KERNEL32.DLL
0x00007ffdeba50000 - 0x00007ffdebdd4000 	C:\WINDOWS\System32\KERNELBASE.dll
0x00007ffdeb7f0000 - 0x00007ffdeb901000 	C:\WINDOWS\System32\ucrtbase.dll
0x00007ffdd9910000 - 0x00007ffdd992b000 	C:\Program Files\Java\jdk-11\bin\VCRUNTIME140.dll
0x00007ffdd9930000 - 0x00007ffdd9949000 	C:\Program Files\Java\jdk-11\bin\jli.dll
0x00007ffdec770000 - 0x00007ffdec81e000 	C:\WINDOWS\System32\ADVAPI32.dll
0x00007ffdecc40000 - 0x00007ffdecce3000 	C:\WINDOWS\System32\msvcrt.dll
0x00007ffdecdb0000 - 0x00007ffdece4e000 	C:\WINDOWS\System32\sechost.dll
0x00007ffdec570000 - 0x00007ffdec691000 	C:\WINDOWS\System32\RPCRT4.dll
0x00007ffdec820000 - 0x00007ffdec9cd000 	C:\WINDOWS\System32\USER32.dll
0x00007ffdeb590000 - 0x00007ffdeb5b6000 	C:\WINDOWS\System32\win32u.dll
0x00007ffdee000000 - 0x00007ffdee02a000 	C:\WINDOWS\System32\GDI32.dll
0x00007ffdeb660000 - 0x00007ffdeb77e000 	C:\WINDOWS\System32\gdi32full.dll
0x00007ffdeb5c0000 - 0x00007ffdeb65d000 	C:\WINDOWS\System32\msvcp_win.dll
0x00007ffddc3b0000 - 0x00007ffddc655000 	C:\WINDOWS\WinSxS\amd64_microsoft.windows.common-controls_6595b64144ccf1df_6.0.22000.120_none_9d947278b86cc467\COMCTL32.dll
0x00007ffde87a0000 - 0x00007ffde87aa000 	C:\WINDOWS\SYSTEM32\VERSION.dll
0x00007ffdecd60000 - 0x00007ffdecd91000 	C:\WINDOWS\System32\IMM32.DLL
0x00007ffde5900000 - 0x00007ffde590c000 	C:\Program Files\Java\jdk-11\bin\vcruntime140_1.dll
0x00007ffdcbb30000 - 0x00007ffdcbbbe000 	C:\Program Files\Java\jdk-11\bin\msvcp140.dll
0x00007ffdabd20000 - 0x00007ffdac88d000 	C:\Program Files\Java\jdk-11\bin\server\jvm.dll
0x00007ffdec760000 - 0x00007ffdec768000 	C:\WINDOWS\System32\PSAPI.DLL
0x00007ffddacb0000 - 0x00007ffddacb9000 	C:\WINDOWS\SYSTEM32\WSOCK32.dll
0x00007ffdeccf0000 - 0x00007ffdecd5f000 	C:\WINDOWS\System32\WS2_32.dll
0x00007ffde4160000 - 0x00007ffde4193000 	C:\WINDOWS\SYSTEM32\WINMM.dll
0x00007ffdea600000 - 0x00007ffdea618000 	C:\WINDOWS\SYSTEM32\kernel.appcore.dll
0x00007ffdcc590000 - 0x00007ffdcc5a0000 	C:\Program Files\Java\jdk-11\bin\verify.dll
0x00007ffde91c0000 - 0x00007ffde93e1000 	C:\WINDOWS\SYSTEM32\DBGHELP.DLL
0x00007ffdd8b10000 - 0x00007ffdd8b41000 	C:\WINDOWS\SYSTEM32\dbgcore.DLL
0x00007ffdeb9d0000 - 0x00007ffdeba4f000 	C:\WINDOWS\System32\bcryptPrimitives.dll
0x00007ffdcbb00000 - 0x00007ffdcbb28000 	C:\Program Files\Java\jdk-11\bin\java.dll
0x00007ffdcc580000 - 0x00007ffdcc58a000 	C:\Program Files\Java\jdk-11\bin\jimage.dll
0x00007ffdcc4a0000 - 0x00007ffdcc4ae000 	C:\Program Files\Java\jdk-11\bin\instrument.dll
0x00007ffdcbae0000 - 0x00007ffdcbaf7000 	C:\Program Files\Java\jdk-11\bin\zip.dll
0x00007ffded830000 - 0x00007ffdedff5000 	C:\WINDOWS\System32\SHELL32.dll
0x00007ffde9660000 - 0x00007ffde9ec2000 	C:\WINDOWS\SYSTEM32\windows.storage.dll
0x00007ffdecee0000 - 0x00007ffded256000 	C:\WINDOWS\System32\combase.dll
0x00007ffde94f0000 - 0x00007ffde9657000 	C:\WINDOWS\SYSTEM32\wintypes.dll
0x00007ffded6b0000 - 0x00007ffded79a000 	C:\WINDOWS\System32\SHCORE.dll
0x00007ffdecbe0000 - 0x00007ffdecc3d000 	C:\WINDOWS\System32\shlwapi.dll
0x00007ffdeb4c0000 - 0x00007ffdeb4e5000 	C:\WINDOWS\SYSTEM32\profapi.dll
0x00007ffdcbac0000 - 0x00007ffdcbad9000 	C:\Program Files\Java\jdk-11\bin\net.dll
0x00007ffde3c20000 - 0x00007ffde3d34000 	C:\WINDOWS\SYSTEM32\WINHTTP.dll
0x00007ffdeab20000 - 0x00007ffdeab87000 	C:\WINDOWS\system32\mswsock.dll
0x00007ffdcbaa0000 - 0x00007ffdcbab2000 	C:\Program Files\Java\jdk-11\bin\nio.dll
0x00007ffde42f0000 - 0x00007ffde4317000 	C:\Users\LG\.gradle\native\68d5fa5c4cc2d200863cafc0d521ce42e7d3e7ee720ec0a83991735586a16f82\windows-amd64\native-platform.dll
0x00007ffdcac70000 - 0x00007ffdcadb4000 	C:\Users\LG\.gradle\native\e376f236ea51e6404a007f0833ffe2c6e607c4080706a723a18a27aeea778392\windows-amd64\native-platform-file-events.dll
0x00007ffdcba90000 - 0x00007ffdcba99000 	C:\Program Files\Java\jdk-11\bin\management.dll
0x00007ffdcba80000 - 0x00007ffdcba8b000 	C:\Program Files\Java\jdk-11\bin\management_ext.dll
0x00007ffdead80000 - 0x00007ffdead98000 	C:\WINDOWS\SYSTEM32\CRYPTSP.dll
0x00007ffdea560000 - 0x00007ffdea595000 	C:\WINDOWS\system32\rsaenh.dll
0x00007ffdeac10000 - 0x00007ffdeac3c000 	C:\WINDOWS\SYSTEM32\USERENV.dll
0x00007ffdeaf60000 - 0x00007ffdeaf87000 	C:\WINDOWS\SYSTEM32\bcrypt.dll
0x00007ffdead70000 - 0x00007ffdead7c000 	C:\WINDOWS\SYSTEM32\CRYPTBASE.dll
0x00007ffdea120000 - 0x00007ffdea14d000 	C:\WINDOWS\SYSTEM32\IPHLPAPI.DLL
0x00007ffdecda0000 - 0x00007ffdecda9000 	C:\WINDOWS\System32\NSI.dll
0x00007ffde3f40000 - 0x00007ffde3f59000 	C:\WINDOWS\SYSTEM32\dhcpcsvc6.DLL
0x00007ffde44b0000 - 0x00007ffde44ce000 	C:\WINDOWS\SYSTEM32\dhcpcsvc.DLL
0x00007ffdea150000 - 0x00007ffdea237000 	C:\WINDOWS\SYSTEM32\DNSAPI.dll

dbghelp: loaded successfully - version: 4.0.5 - missing functions: none
symbol engine: initialized successfully - sym options: 0x614 - pdb path: .;C:\Program Files\Java\jdk-11\bin;C:\WINDOWS\SYSTEM32;C:\WINDOWS\WinSxS\amd64_microsoft.windows.common-controls_6595b64144ccf1df_6.0.22000.120_none_9d947278b86cc467;C:\Program Files\Java\jdk-11\bin\server;C:\Users\LG\.gradle\native\68d5fa5c4cc2d200863cafc0d521ce42e7d3e7ee720ec0a83991735586a16f82\windows-amd64;C:\Users\LG\.gradle\native\e376f236ea51e6404a007f0833ffe2c6e607c4080706a723a18a27aeea778392\windows-amd64

VM Arguments:
jvm_args: --add-opens=java.base/java.util=ALL-UNNAMED --add-opens=java.base/java.lang=ALL-UNNAMED --add-opens=java.base/java.lang.invoke=ALL-UNNAMED --add-opens=java.prefs/java.util.prefs=ALL-UNNAMED --add-opens=java.base/java.nio.charset=ALL-UNNAMED --add-opens=java.base/java.net=ALL-UNNAMED --add-opens=java.base/java.util.concurrent.atomic=ALL-UNNAMED -XX:MaxMetaspaceSize=384m -XX:+HeapDumpOnOutOfMemoryError -Xms256m -Xmx512m -Dfile.encoding=x-windows-949 -Duser.country=KR -Duser.language=ko -Duser.variant -javaagent:C:\Users\LG\.gradle\wrapper\dists\gradle-8.2.1-bin\5hap6b9n41hkg4jeh2au2pllh\gradle-8.2.1\lib\agents\gradle-instrumentation-agent-8.2.1.jar 
java_command: org.gradle.launcher.daemon.bootstrap.GradleDaemon 8.2.1
java_class_path (initial): C:\Users\LG\.gradle\wrapper\dists\gradle-8.2.1-bin\5hap6b9n41hkg4jeh2au2pllh\gradle-8.2.1\lib\gradle-launcher-8.2.1.jar
Launcher Type: SUN_STANDARD

[Global flags]
     intx CICompilerCount                          = 4                                         {product} {ergonomic}
   size_t CompressedClassSpaceSize                 = 394264576                                 {product} {ergonomic}
     uint ConcGCThreads                            = 2                                         {product} {ergonomic}
     uint G1ConcRefinementThreads                  = 8                                         {product} {ergonomic}
   size_t G1HeapRegionSize                         = 1048576                                   {product} {ergonomic}
    uintx GCDrainStackTargetSize                   = 64                                        {product} {ergonomic}
     bool HeapDumpOnOutOfMemoryError               = true                                   {manageable} {command line}
   size_t InitialHeapSize                          = 268435456                                 {product} {command line}
   size_t MarkStackSize                            = 4194304                                   {product} {ergonomic}
   size_t MaxHeapSize                              = 536870912                                 {product} {command line}
   size_t MaxMetaspaceSize                         = 402653184                                 {product} {command line}
   size_t MaxNewSize                               = 321912832                                 {product} {ergonomic}
   size_t MinHeapDeltaBytes                        = 1048576                                   {product} {ergonomic}
    uintx NonNMethodCodeHeapSize                   = 5836300                                {pd product} {ergonomic}
    uintx NonProfiledCodeHeapSize                  = 122910970                              {pd product} {ergonomic}
    uintx ProfiledCodeHeapSize                     = 122910970                              {pd product} {ergonomic}
    uintx ReservedCodeCacheSize                    = 251658240                              {pd product} {ergonomic}
     bool SegmentedCodeCache                       = true                                      {product} {ergonomic}
     bool UseCompressedClassPointers               = true                                 {lp64_product} {ergonomic}
     bool UseCompressedOops                        = true                                 {lp64_product} {ergonomic}
     bool UseG1GC                                  = true                                      {product} {ergonomic}
     bool UseLargePagesIndividualAllocation        = false                                  {pd product} {ergonomic}

Logging:
Log output configuration:
 #0: stdout all=warning uptime,level,tags
 #1: stderr all=off uptime,level,tags

Environment Variables:
JAVA_HOME=D:\openjdk-11.0.0.1_windows-x64_bin\jdk-11.0.0.1
CLASSPATH=D:\openjdk-11.0.0.1_windows-x64_bin\jdk-11.0.0.1\lib
PATH=D:\openjdk-11.0.0.1_windows-x64_bin\jdk-11.0.0.1\bin;C:\Program Files\Common Files\Oracle\Java\javapath;C:\Program Files\Eclipse Adoptium\jdk-8.0.382.5-hotspot\bin;C:\oraclexe\app\oracle\product\10.2.0\server\bin;C:\Program Files (x86)\Common Files\Oracle\Java\javapath;C:\Program Files (x86)\Intel\iCLS Client\;C:\Program Files\Intel\iCLS Client\;C:\windows\system32;C:\windows;C:\windows\System32\Wbem;C:\windows\System32\WindowsPowerShell\v1.0\;C:\Program Files (x86)\Intel\Intel(R) Management Engine Components\DAL;C:\Program Files\Intel\Intel(R) Management Engine Components\DAL;C:\Program Files (x86)\Intel\Intel(R) Management Engine Components\IPT;C:\Program Files\Intel\Intel(R) Management Engine Components\IPT;C:\Program Files\Intel\WiFi\bin\;C:\Program Files\Common Files\Intel\WirelessCommon\;C:\Program Files (x86)\NVIDIA Corporation\PhysX\Common;C:\Program Files (x86)\Skype\Phone\;C:\WINDOWS\system32;C:\WINDOWS;C:\WINDOWS\System32\Wbem;C:\WINDOWS\System32\WindowsPowerShell\v1.0\;C:\WINDOWS\System32\OpenSSH\;C:\Program Files\nodejs\;D:\openssl-0.9.8e_X64\bin;C:\ProgramData\chocolatey\bin;C:\ProgramData\chocolatey\lib\maven\apache-maven-3.9.4\bin;C:\Program Files\Git\cmd;C:\Program Files\MariaDB 10.11\bin;D:\Scripts\;D:\;C:\Users\LG\AppData\Local\Microsoft\WindowsApps;C:\Users\LG\AppData\Local\afreeca;C:\altera\13.1\modelsim_ase\win32aloem;D:\PyCharm Community Edition 2022.1.3\bin;;C:\Users\LG\AppData\Local\Programs\Microsoft VS Code\bin;C:\Users\LG\AppData\Roaming\npm;C:\Program Files\Java\jdk-1.8\bin;D:\IntelliJ IDEA Community Edition 2023.1.3\bin;;
USERNAME=LG
OS=Windows_NT
PROCESSOR_IDENTIFIER=Intel64 Family 6 Model 142 Stepping 10, GenuineIntel



---------------  S Y S T E M  ---------------

OS: Windows 11 , 64 bit Build 22000 (10.0.22000.2538)

CPU:total 8 (initial active 8) (4 cores per cpu, 2 threads per core) family 6 model 142 stepping 10 microcode 0xe0, cmov, cx8, fxsr, mmx, sse, sse2, sse3, ssse3, sse4.1, sse4.2, popcnt, avx, avx2, aes, clmul, erms, 3dnowpref, lzcnt, ht, tsc, tscinvbit, bmi1, bmi2, adx, fma

Memory: 4k page, system-wide physical 8101M (288M free)
TotalPageFile size 16293M (AvailPageFile size 75M)
current process WorkingSet (physical memory assigned to process): 267M, peak: 277M
current process commit charge ("private bytes"): 439M, peak: 440M

vm_info: Java HotSpot(TM) 64-Bit Server VM (11.0.20+9-LTS-256) for windows-amd64 JRE (11.0.20+9-LTS-256), built on Jun 14 2023 10:34:22 by "mach5one" with MS VC++ 17.1 (VS2022)

END.
