#
# There is insufficient memory for the Java Runtime Environment to continue.
# Native memory allocation (malloc) failed to allocate 1523856 bytes for Chunk::new
# Possible reasons:
#   The system is out of physical RAM or swap space
#   The process is running with CompressedOops enabled, and the Java Heap may be blocking the growth of the native heap
# Possible solutions:
#   Reduce memory load on the system
#   Increase physical memory or swap space
#   Check if swap backing store is full
#   Decrease Java heap size (-Xmx/-Xms)
#   Decrease number of Java threads
#   Decrease Java thread stack sizes (-Xss)
#   Set larger code cache with -XX:ReservedCodeCacheSize=
#   JVM is running with Unscaled Compressed Oops mode in which the Java heap is
#     placed in the first 4GB address space. The Java Heap base address is the
#     maximum limit for the native heap growth. Please use -XX:HeapBaseMinAddress
#     to set the Java Heap base and to place the Java Heap above 4GB virtual address.
# This output file may be truncated or incomplete.
#
#  Out of Memory Error (./open/src/hotspot/share/memory/arena.cpp:197), pid=7604, tid=1716
#
# JRE version: Java(TM) SE Runtime Environment 18.9 (11.0.20+9) (build 11.0.20+9-LTS-256)
# Java VM: Java HotSpot(TM) 64-Bit Server VM 18.9 (11.0.20+9-LTS-256, mixed mode, tiered, compressed oops, g1 gc, windows-amd64)
# No core dump will be written. Minidumps are not enabled by default on client versions of Windows
#

---------------  S U M M A R Y ------------

Command Line: --add-opens=java.base/java.util=ALL-UNNAMED --add-opens=java.base/java.lang=ALL-UNNAMED --add-opens=java.base/java.lang.invoke=ALL-UNNAMED --add-opens=java.prefs/java.util.prefs=ALL-UNNAMED --add-opens=java.base/java.nio.charset=ALL-UNNAMED --add-opens=java.base/java.net=ALL-UNNAMED --add-opens=java.base/java.util.concurrent.atomic=ALL-UNNAMED -XX:MaxMetaspaceSize=384m -XX:+HeapDumpOnOutOfMemoryError -Xms256m -Xmx512m -Dfile.encoding=x-windows-949 -Duser.country=KR -Duser.language=ko -Duser.variant -javaagent:C:\Users\LG\.gradle\wrapper\dists\gradle-8.2.1-bin\5hap6b9n41hkg4jeh2au2pllh\gradle-8.2.1\lib\agents\gradle-instrumentation-agent-8.2.1.jar org.gradle.launcher.daemon.bootstrap.GradleDaemon 8.2.1

Host: Intel(R) Core(TM) i5-8250U CPU @ 1.60GHz, 8 cores, 7G,  Windows 11 , 64 bit Build 22000 (10.0.22000.2538)
Time: Mon Nov 13 16:41:42 2023  Windows 11 , 64 bit Build 22000 (10.0.22000.2538) elapsed time: 33.370544 seconds (0d 0h 0m 33s)

---------------  T H R E A D  ---------------

Current thread (0x000001f6d03ff800):  JavaThread "C2 CompilerThread0" daemon [_thread_in_native, id=1716, stack(0x0000009b4c100000,0x0000009b4c200000)]


Current CompileTask:
C2:  33370 9456       4       io.spring.gradle.dependencymanagement.org.codehaus.plexus.util.xml.Xpp3Dom::<init> (123 bytes)

Stack: [0x0000009b4c100000,0x0000009b4c200000]
Native frames: (J=compiled Java code, j=interpreted, Vv=VM code, C=native code)
V  [jvm.dll+0x6602ba]
V  [jvm.dll+0x7a32af]
V  [jvm.dll+0x7a4979]
V  [jvm.dll+0x7a5013]
V  [jvm.dll+0x258ef5]
V  [jvm.dll+0xb2a0c]
V  [jvm.dll+0xb2fcc]
V  [jvm.dll+0x36764f]
V  [jvm.dll+0x330365]
V  [jvm.dll+0x32f74a]
V  [jvm.dll+0x211bfd]
V  [jvm.dll+0x210bc8]
V  [jvm.dll+0x18cdb1]
V  [jvm.dll+0x220e59]
V  [jvm.dll+0x21f17c]
V  [jvm.dll+0x767061]
V  [jvm.dll+0x75f8e4]
V  [jvm.dll+0x65f165]
C  [ucrtbase.dll+0x26c0c]
C  [KERNEL32.DLL+0x153e0]
C  [ntdll.dll+0x485b]


---------------  P R O C E S S  ---------------

Threads class SMR info:
_java_thread_list=0x000001f6d6224dc0, length=130, elements={
0x000001f6b53ff800, 0x000001f6cfb82800, 0x000001f6cfb8b800, 0x000001f6d03f9000,
0x000001f6d03fb000, 0x000001f6d03fc800, 0x000001f6d03ff800, 0x000001f6d0409000,
0x000001f6cfb9a000, 0x000001f6d04f3800, 0x000001f6d15eb800, 0x000001f6d058d800,
0x000001f6d2d89800, 0x000001f6d318c000, 0x000001f6d2580000, 0x000001f6d2c8b800,
0x000001f6d2c8d800, 0x000001f6d2c89000, 0x000001f6d2c8a800, 0x000001f6d2c8d000,
0x000001f6d2c89800, 0x000001f6d2aa5800, 0x000001f6d2aa4800, 0x000001f6d2aaa800,
0x000001f6d2aa7000, 0x000001f6d2aa8000, 0x000001f6d2aab000, 0x000001f6d2aa6800,
0x000001f6d2aae800, 0x000001f6d2aad800, 0x000001f6d386e800, 0x000001f6d386f800,
0x000001f6d1287000, 0x000001f6d1281000, 0x000001f6d1287800, 0x000001f6d1288800,
0x000001f6d386e000, 0x000001f6d3871000, 0x000001f6d3872000, 0x000001f6d386d000,
0x000001f6d3874800, 0x000001f6d3877800, 0x000001f6d3875800, 0x000001f6d3877000,
0x000001f6d3878800, 0x000001f6d3873000, 0x000001f6d3873800, 0x000001f6d3876000,
0x000001f6d3879800, 0x000001f6d387c000, 0x000001f6d387a000, 0x000001f6d387b000,
0x000001f6d1282000, 0x000001f6d1283000, 0x000001f6d1289800, 0x000001f6d1284800,
0x000001f6d1285800, 0x000001f6d1283800, 0x000001f6d128b000, 0x000001f6d128a000,
0x000001f6d128c000, 0x000001f6d1286000, 0x000001f6d128e800, 0x000001f6d128f000,
0x000001f6d128c800, 0x000001f6d128d800, 0x000001f6d1290000, 0x000001f6d2aa4000,
0x000001f6d2aa9000, 0x000001f6d2aa3000, 0x000001f6d2aaf800, 0x000001f6d2aad000,
0x000001f6d2ab2000, 0x000001f6d2ab0000, 0x000001f6d2ab1000, 0x000001f6d2c8c000,
0x000001f6d2c8e800, 0x000001f6d2c8f800, 0x000001f6d5f77800, 0x000001f6d5f78800,
0x000001f6d5f7a000, 0x000001f6d5f76000, 0x000001f6d5f7b000, 0x000001f6d5f79800,
0x000001f6d5f75800, 0x000001f6d5f7c000, 0x000001f6d5f7c800, 0x000001f6d5f77000,
0x000001f6d5f83000, 0x000001f6d5f81800, 0x000001f6d5f7e800, 0x000001f6d5f7d800,
0x000001f6d5f80000, 0x000001f6d5f82800, 0x000001f6d5f84000, 0x000001f6d5f80800,
0x000001f6d5f7f000, 0x000001f6d7895800, 0x000001f6d7897000, 0x000001f6d7898000,
0x000001f6d7894000, 0x000001f6d7892000, 0x000001f6d7893000, 0x000001f6d7898800,
0x000001f6d7896000, 0x000001f6d7894800, 0x000001f6d2b8b800, 0x000001f6d2b8d800,
0x000001f6d2b8e800, 0x000001f6d2b91000, 0x000001f6d2b8f800, 0x000001f6d2b92000,
0x000001f6d2b8c000, 0x000001f6d2b92800, 0x000001f6d2b8d000, 0x000001f6d2b93800,
0x000001f6d2b95000, 0x000001f6d2b94800, 0x000001f6d2b96000, 0x000001f6d2b90000,
0x000001f6d2b96800, 0x000001f6d2b9a000, 0x000001f6d2b97800, 0x000001f6d2b98800,
0x000001f6d2b99000, 0x000001f6d12ad800, 0x000001f6d12ae800, 0x000001f6d12ad000,
0x000001f6d12af800, 0x000001f6d12ab800
}

Java Threads: ( => current thread )
  0x000001f6b53ff800 JavaThread "main" [_thread_blocked, id=15488, stack(0x0000009b4b500000,0x0000009b4b600000)]
  0x000001f6cfb82800 JavaThread "Reference Handler" daemon [_thread_blocked, id=25740, stack(0x0000009b4bc00000,0x0000009b4bd00000)]
  0x000001f6cfb8b800 JavaThread "Finalizer" daemon [_thread_blocked, id=19020, stack(0x0000009b4bd00000,0x0000009b4be00000)]
  0x000001f6d03f9000 JavaThread "Signal Dispatcher" daemon [_thread_blocked, id=2160, stack(0x0000009b4be00000,0x0000009b4bf00000)]
  0x000001f6d03fb000 JavaThread "Attach Listener" daemon [_thread_blocked, id=27448, stack(0x0000009b4bf00000,0x0000009b4c000000)]
  0x000001f6d03fc800 JavaThread "Service Thread" daemon [_thread_blocked, id=24664, stack(0x0000009b4c000000,0x0000009b4c100000)]
=>0x000001f6d03ff800 JavaThread "C2 CompilerThread0" daemon [_thread_in_native, id=1716, stack(0x0000009b4c100000,0x0000009b4c200000)]
  0x000001f6d0409000 JavaThread "C1 CompilerThread0" daemon [_thread_in_native, id=28052, stack(0x0000009b4c200000,0x0000009b4c300000)]
  0x000001f6cfb9a000 JavaThread "Sweeper thread" daemon [_thread_blocked, id=27696, stack(0x0000009b4c300000,0x0000009b4c400000)]
  0x000001f6d04f3800 JavaThread "Common-Cleaner" daemon [_thread_blocked, id=24264, stack(0x0000009b4c400000,0x0000009b4c500000)]
  0x000001f6d15eb800 JavaThread "Daemon health stats" [_thread_blocked, id=13640, stack(0x0000009b4cc00000,0x0000009b4cd00000)]
  0x000001f6d058d800 JavaThread "Incoming local TCP Connector on port 3179" [_thread_in_native, id=15508, stack(0x0000009b4c500000,0x0000009b4c600000)]
  0x000001f6d2d89800 JavaThread "Daemon periodic checks" [_thread_blocked, id=19200, stack(0x0000009b4ce00000,0x0000009b4cf00000)]
  0x000001f6d318c000 JavaThread "Daemon" [_thread_blocked, id=11384, stack(0x0000009b4cf00000,0x0000009b4d000000)]
  0x000001f6d2580000 JavaThread "Daemon worker" [_thread_blocked, id=28148, stack(0x0000009b4d200000,0x0000009b4d300000)]
  0x000001f6d2c8b800 JavaThread "Cache worker for journal cache (C:\Users\LG\.gradle\caches\journal-1)" [_thread_blocked, id=28204, stack(0x0000009b4d900000,0x0000009b4da00000)]
  0x000001f6d2c8d800 JavaThread "File lock request listener" [_thread_in_native, id=23624, stack(0x0000009b4da00000,0x0000009b4db00000)]
  0x000001f6d2c89000 JavaThread "Cache worker for file hash cache (C:\Users\LG\.gradle\caches\8.2.1\fileHashes)" [_thread_blocked, id=27576, stack(0x0000009b4db00000,0x0000009b4dc00000)]
  0x000001f6d2c8a800 JavaThread "File watcher server" daemon [_thread_in_native, id=26232, stack(0x0000009b4dc00000,0x0000009b4dd00000)]
  0x000001f6d2c8d000 JavaThread "File watcher consumer" daemon [_thread_blocked, id=18644, stack(0x0000009b4dd00000,0x0000009b4de00000)]
  0x000001f6d2c89800 JavaThread "Cache worker for file content cache (C:\Users\LG\.gradle\caches\8.2.1\fileContent)" [_thread_blocked, id=28260, stack(0x0000009b4e000000,0x0000009b4e100000)]
  0x000001f6d2aa5800 JavaThread "Cache worker for execution history cache (C:\Users\LG\.gradle\caches\8.2.1\executionHistory)" [_thread_blocked, id=27468, stack(0x0000009b4e300000,0x0000009b4e400000)]
  0x000001f6d2aa4800 JavaThread "jar transforms" [_thread_blocked, id=24988, stack(0x0000009b4e400000,0x0000009b4e500000)]
  0x000001f6d2aaa800 JavaThread "jar transforms Thread 2" [_thread_blocked, id=28252, stack(0x0000009b4e500000,0x0000009b4e600000)]
  0x000001f6d2aa7000 JavaThread "jar transforms Thread 3" [_thread_blocked, id=2996, stack(0x0000009b4e600000,0x0000009b4e700000)]
  0x000001f6d2aa8000 JavaThread "jar transforms Thread 4" [_thread_blocked, id=26928, stack(0x0000009b4e700000,0x0000009b4e800000)]
  0x000001f6d2aab000 JavaThread "jar transforms Thread 5" [_thread_blocked, id=18596, stack(0x0000009b4e800000,0x0000009b4e900000)]
  0x000001f6d2aa6800 JavaThread "jar transforms Thread 6" [_thread_blocked, id=21140, stack(0x0000009b4e900000,0x0000009b4ea00000)]
  0x000001f6d2aae800 JavaThread "jar transforms Thread 7" [_thread_blocked, id=22896, stack(0x0000009b4ea00000,0x0000009b4eb00000)]
  0x000001f6d2aad800 JavaThread "jar transforms Thread 8" [_thread_blocked, id=28264, stack(0x0000009b4eb00000,0x0000009b4ec00000)]
  0x000001f6d386e800 JavaThread "Memory manager" [_thread_blocked, id=28100, stack(0x0000009b4f500000,0x0000009b4f600000)]
  0x000001f6d386f800 JavaThread "included builds" [_thread_blocked, id=28104, stack(0x0000009b4f600000,0x0000009b4f700000)]
  0x000001f6d1287000 JavaThread "Exec process" [_thread_blocked, id=28132, stack(0x0000009b54100000,0x0000009b54200000)]
  0x000001f6d1281000 JavaThread "Exec process Thread 2" [_thread_blocked, id=28540, stack(0x0000009b54300000,0x0000009b54400000)]
  0x000001f6d1287800 JavaThread "Exec process Thread 3" [_thread_blocked, id=28548, stack(0x0000009b54400000,0x0000009b54500000)]
  0x000001f6d1288800 JavaThread "Exec process Thread 4" [_thread_blocked, id=28552, stack(0x0000009b54500000,0x0000009b54600000)]
  0x000001f6d386e000 JavaThread "Handler for socket connection from /127.0.0.1:3179 to /127.0.0.1:3186" [_thread_in_native, id=26872, stack(0x0000009b4d100000,0x0000009b4d200000)]
  0x000001f6d3871000 JavaThread "Cancel handler" [_thread_blocked, id=27024, stack(0x0000009b4d300000,0x0000009b4d400000)]
  0x000001f6d3872000 JavaThread "Asynchronous log dispatcher for DefaultDaemonConnection: socket connection from /127.0.0.1:3179 to /127.0.0.1:3186" [_thread_blocked, id=19596, stack(0x0000009b4d400000,0x0000009b4d500000)]
  0x000001f6d386d000 JavaThread "Stdin handler" [_thread_blocked, id=3304, stack(0x0000009b4d500000,0x0000009b4d600000)]
  0x000001f6d3874800 JavaThread "Daemon client event forwarder" [_thread_blocked, id=4672, stack(0x0000009b4de00000,0x0000009b4df00000)]
  0x000001f6d3877800 JavaThread "Cache worker for checksums cache (D:\Volunteer\Volunteer\.gradle\8.2.1\checksums)" [_thread_blocked, id=26744, stack(0x0000009b4df00000,0x0000009b4e000000)]
  0x000001f6d3875800 JavaThread "Cache worker for cache directory md-rule (C:\Users\LG\.gradle\caches\8.2.1\md-rule)" [_thread_blocked, id=27248, stack(0x0000009b4e100000,0x0000009b4e200000)]
  0x000001f6d3877000 JavaThread "Cache worker for file hash cache (D:\Volunteer\Volunteer\.gradle\8.2.1\fileHashes)" [_thread_blocked, id=13472, stack(0x0000009b4e200000,0x0000009b4e300000)]
  0x000001f6d3878800 JavaThread "Cache worker for cache directory md-supplier (C:\Users\LG\.gradle\caches\8.2.1\md-supplier)" [_thread_blocked, id=15888, stack(0x0000009b4ec00000,0x0000009b4ed00000)]
  0x000001f6d3873000 JavaThread "Cache worker for dependencies-accessors (D:\Volunteer\Volunteer\.gradle\8.2.1\dependencies-accessors)" [_thread_blocked, id=27040, stack(0x0000009b4ed00000,0x0000009b4ee00000)]
  0x000001f6d3873800 JavaThread "Cache worker for Build Output Cleanup Cache (D:\Volunteer\Volunteer\.gradle\buildOutputCleanup)" [_thread_blocked, id=26868, stack(0x0000009b4ef00000,0x0000009b4f000000)]
  0x000001f6d3876000 JavaThread "Unconstrained build operations" [_thread_blocked, id=15912, stack(0x0000009b4f000000,0x0000009b4f100000)]
  0x000001f6d3879800 JavaThread "Unconstrained build operations Thread 2" [_thread_blocked, id=27444, stack(0x0000009b4f100000,0x0000009b4f200000)]
  0x000001f6d387c000 JavaThread "Unconstrained build operations Thread 3" [_thread_blocked, id=25680, stack(0x0000009b4f200000,0x0000009b4f300000)]
  0x000001f6d387a000 JavaThread "Unconstrained build operations Thread 4" [_thread_blocked, id=14696, stack(0x0000009b4f300000,0x0000009b4f400000)]
  0x000001f6d387b000 JavaThread "Unconstrained build operations Thread 5" [_thread_blocked, id=16008, stack(0x0000009b4f400000,0x0000009b4f500000)]
  0x000001f6d1282000 JavaThread "Unconstrained build operations Thread 6" [_thread_blocked, id=21224, stack(0x0000009b4f700000,0x0000009b4f800000)]
  0x000001f6d1283000 JavaThread "Unconstrained build operations Thread 7" [_thread_blocked, id=24316, stack(0x0000009b4f800000,0x0000009b4f900000)]
  0x000001f6d1289800 JavaThread "included builds" [_thread_blocked, id=28668, stack(0x0000009b4f900000,0x0000009b4fa00000)]
  0x000001f6d1284800 JavaThread "Execution worker" [_thread_blocked, id=7324, stack(0x0000009b4fa00000,0x0000009b4fb00000)]
  0x000001f6d1285800 JavaThread "Execution worker Thread 2" [_thread_blocked, id=10056, stack(0x0000009b4fb00000,0x0000009b4fc00000)]
  0x000001f6d1283800 JavaThread "Execution worker Thread 3" [_thread_blocked, id=27664, stack(0x0000009b4fc00000,0x0000009b4fd00000)]
  0x000001f6d128b000 JavaThread "Execution worker Thread 4" [_thread_blocked, id=1540, stack(0x0000009b4fd00000,0x0000009b4fe00000)]
  0x000001f6d128a000 JavaThread "Execution worker Thread 5" [_thread_blocked, id=19420, stack(0x0000009b4fe00000,0x0000009b4ff00000)]
  0x000001f6d128c000 JavaThread "Execution worker Thread 6" [_thread_blocked, id=7024, stack(0x0000009b4ff00000,0x0000009b50000000)]
  0x000001f6d1286000 JavaThread "Execution worker Thread 7" [_thread_blocked, id=6580, stack(0x0000009b50000000,0x0000009b50100000)]
  0x000001f6d128e800 JavaThread "Cache worker for execution history cache (D:\Volunteer\Volunteer\.gradle\8.2.1\executionHistory)" [_thread_blocked, id=21092, stack(0x0000009b50100000,0x0000009b50200000)]
  0x000001f6d128f000 JavaThread "Unconstrained build operations Thread 8" [_thread_blocked, id=26888, stack(0x0000009b50200000,0x0000009b50300000)]
  0x000001f6d128c800 JavaThread "Unconstrained build operations Thread 9" [_thread_blocked, id=27400, stack(0x0000009b50300000,0x0000009b50400000)]
  0x000001f6d128d800 JavaThread "Unconstrained build operations Thread 10" [_thread_blocked, id=25044, stack(0x0000009b50400000,0x0000009b50500000)]
  0x000001f6d1290000 JavaThread "Unconstrained build operations Thread 11" [_thread_blocked, id=28440, stack(0x0000009b50500000,0x0000009b50600000)]
  0x000001f6d2aa4000 JavaThread "Unconstrained build operations Thread 12" [_thread_blocked, id=28444, stack(0x0000009b50600000,0x0000009b50700000)]
  0x000001f6d2aa9000 JavaThread "Unconstrained build operations Thread 13" [_thread_blocked, id=17804, stack(0x0000009b50700000,0x0000009b50800000)]
  0x000001f6d2aa3000 JavaThread "Unconstrained build operations Thread 14" [_thread_blocked, id=20844, stack(0x0000009b50800000,0x0000009b50900000)]
  0x000001f6d2aaf800 JavaThread "Unconstrained build operations Thread 15" [_thread_blocked, id=25960, stack(0x0000009b50900000,0x0000009b50a00000)]
  0x000001f6d2aad000 JavaThread "Unconstrained build operations Thread 16" [_thread_blocked, id=27044, stack(0x0000009b50a00000,0x0000009b50b00000)]
  0x000001f6d2ab2000 JavaThread "Unconstrained build operations Thread 17" [_thread_blocked, id=21892, stack(0x0000009b50b00000,0x0000009b50c00000)]
  0x000001f6d2ab0000 JavaThread "Unconstrained build operations Thread 18" [_thread_blocked, id=27588, stack(0x0000009b50c00000,0x0000009b50d00000)]
  0x000001f6d2ab1000 JavaThread "Unconstrained build operations Thread 19" [_thread_blocked, id=26752, stack(0x0000009b50d00000,0x0000009b50e00000)]
  0x000001f6d2c8c000 JavaThread "Unconstrained build operations Thread 20" [_thread_blocked, id=25804, stack(0x0000009b50e00000,0x0000009b50f00000)]
  0x000001f6d2c8e800 JavaThread "Unconstrained build operations Thread 21" [_thread_blocked, id=28028, stack(0x0000009b50f00000,0x0000009b51000000)]
  0x000001f6d2c8f800 JavaThread "Unconstrained build operations Thread 22" [_thread_blocked, id=27008, stack(0x0000009b51000000,0x0000009b51100000)]
  0x000001f6d5f77800 JavaThread "Unconstrained build operations Thread 23" [_thread_blocked, id=27732, stack(0x0000009b51100000,0x0000009b51200000)]
  0x000001f6d5f78800 JavaThread "Unconstrained build operations Thread 24" [_thread_blocked, id=28020, stack(0x0000009b51200000,0x0000009b51300000)]
  0x000001f6d5f7a000 JavaThread "Unconstrained build operations Thread 25" [_thread_blocked, id=27716, stack(0x0000009b51300000,0x0000009b51400000)]
  0x000001f6d5f76000 JavaThread "Unconstrained build operations Thread 26" [_thread_blocked, id=27832, stack(0x0000009b51400000,0x0000009b51500000)]
  0x000001f6d5f7b000 JavaThread "Unconstrained build operations Thread 27" [_thread_blocked, id=27812, stack(0x0000009b51500000,0x0000009b51600000)]
  0x000001f6d5f79800 JavaThread "Unconstrained build operations Thread 28" [_thread_blocked, id=7628, stack(0x0000009b51600000,0x0000009b51700000)]
  0x000001f6d5f75800 JavaThread "Unconstrained build operations Thread 29" [_thread_blocked, id=27764, stack(0x0000009b51700000,0x0000009b51800000)]
  0x000001f6d5f7c000 JavaThread "Unconstrained build operations Thread 30" [_thread_blocked, id=27904, stack(0x0000009b51800000,0x0000009b51900000)]
  0x000001f6d5f7c800 JavaThread "Unconstrained build operations Thread 31" [_thread_blocked, id=27784, stack(0x0000009b51900000,0x0000009b51a00000)]
  0x000001f6d5f77000 JavaThread "Unconstrained build operations Thread 32" [_thread_blocked, id=27868, stack(0x0000009b51a00000,0x0000009b51b00000)]
  0x000001f6d5f83000 JavaThread "Unconstrained build operations Thread 33" [_thread_blocked, id=27976, stack(0x0000009b51b00000,0x0000009b51c00000)]
  0x000001f6d5f81800 JavaThread "Unconstrained build operations Thread 34" [_thread_blocked, id=27828, stack(0x0000009b51c00000,0x0000009b51d00000)]
  0x000001f6d5f7e800 JavaThread "Unconstrained build operations Thread 35" [_thread_blocked, id=27960, stack(0x0000009b51d00000,0x0000009b51e00000)]
  0x000001f6d5f7d800 JavaThread "Unconstrained build operations Thread 36" [_thread_blocked, id=27880, stack(0x0000009b51e00000,0x0000009b51f00000)]
  0x000001f6d5f80000 JavaThread "Unconstrained build operations Thread 37" [_thread_blocked, id=27756, stack(0x0000009b51f00000,0x0000009b52000000)]
  0x000001f6d5f82800 JavaThread "Unconstrained build operations Thread 38" [_thread_blocked, id=27864, stack(0x0000009b52000000,0x0000009b52100000)]
  0x000001f6d5f84000 JavaThread "Unconstrained build operations Thread 39" [_thread_blocked, id=27780, stack(0x0000009b52100000,0x0000009b52200000)]
  0x000001f6d5f80800 JavaThread "Unconstrained build operations Thread 40" [_thread_blocked, id=28016, stack(0x0000009b52200000,0x0000009b52300000)]
  0x000001f6d5f7f000 JavaThread "Unconstrained build operations Thread 41" [_thread_blocked, id=27748, stack(0x0000009b52300000,0x0000009b52400000)]
  0x000001f6d7895800 JavaThread "Unconstrained build operations Thread 42" [_thread_blocked, id=27924, stack(0x0000009b52400000,0x0000009b52500000)]
  0x000001f6d7897000 JavaThread "Unconstrained build operations Thread 43" [_thread_blocked, id=27744, stack(0x0000009b52500000,0x0000009b52600000)]
  0x000001f6d7898000 JavaThread "Unconstrained build operations Thread 44" [_thread_blocked, id=27972, stack(0x0000009b52600000,0x0000009b52700000)]
  0x000001f6d7894000 JavaThread "Unconstrained build operations Thread 45" [_thread_blocked, id=28256, stack(0x0000009b52700000,0x0000009b52800000)]
  0x000001f6d7892000 JavaThread "Unconstrained build operations Thread 46" [_thread_blocked, id=28244, stack(0x0000009b52800000,0x0000009b52900000)]
  0x000001f6d7893000 JavaThread "Unconstrained build operations Thread 47" [_thread_blocked, id=28232, stack(0x0000009b52900000,0x0000009b52a00000)]
  0x000001f6d7898800 JavaThread "Unconstrained build operations Thread 48" [_thread_blocked, id=27824, stack(0x0000009b52a00000,0x0000009b52b00000)]
  0x000001f6d7896000 JavaThread "Unconstrained build operations Thread 49" [_thread_blocked, id=27940, stack(0x0000009b52b00000,0x0000009b52c00000)]
  0x000001f6d7894800 JavaThread "Unconstrained build operations Thread 50" [_thread_blocked, id=27956, stack(0x0000009b52c00000,0x0000009b52d00000)]
  0x000001f6d2b8b800 JavaThread "Unconstrained build operations Thread 51" [_thread_blocked, id=27912, stack(0x0000009b52d00000,0x0000009b52e00000)]
  0x000001f6d2b8d800 JavaThread "Unconstrained build operations Thread 52" [_thread_blocked, id=27720, stack(0x0000009b52e00000,0x0000009b52f00000)]
  0x000001f6d2b8e800 JavaThread "Unconstrained build operations Thread 53" [_thread_blocked, id=27856, stack(0x0000009b52f00000,0x0000009b53000000)]
  0x000001f6d2b91000 JavaThread "Unconstrained build operations Thread 54" [_thread_blocked, id=27768, stack(0x0000009b53000000,0x0000009b53100000)]
  0x000001f6d2b8f800 JavaThread "Unconstrained build operations Thread 55" [_thread_blocked, id=27884, stack(0x0000009b53100000,0x0000009b53200000)]
  0x000001f6d2b92000 JavaThread "Unconstrained build operations Thread 56" [_thread_blocked, id=27980, stack(0x0000009b53200000,0x0000009b53300000)]
  0x000001f6d2b8c000 JavaThread "Unconstrained build operations Thread 57" [_thread_blocked, id=28008, stack(0x0000009b53300000,0x0000009b53400000)]
  0x000001f6d2b92800 JavaThread "Unconstrained build operations Thread 58" [_thread_blocked, id=27952, stack(0x0000009b53400000,0x0000009b53500000)]
  0x000001f6d2b8d000 JavaThread "Unconstrained build operations Thread 59" [_thread_blocked, id=27964, stack(0x0000009b53500000,0x0000009b53600000)]
  0x000001f6d2b93800 JavaThread "Unconstrained build operations Thread 60" [_thread_blocked, id=27996, stack(0x0000009b53600000,0x0000009b53700000)]
  0x000001f6d2b95000 JavaThread "Unconstrained build operations Thread 61" [_thread_blocked, id=27920, stack(0x0000009b53700000,0x0000009b53800000)]
  0x000001f6d2b94800 JavaThread "Unconstrained build operations Thread 62" [_thread_blocked, id=27776, stack(0x0000009b53800000,0x0000009b53900000)]
  0x000001f6d2b96000 JavaThread "Unconstrained build operations Thread 63" [_thread_blocked, id=27992, stack(0x0000009b53900000,0x0000009b53a00000)]
  0x000001f6d2b90000 JavaThread "Unconstrained build operations Thread 64" [_thread_blocked, id=27736, stack(0x0000009b53a00000,0x0000009b53b00000)]
  0x000001f6d2b96800 JavaThread "Unconstrained build operations Thread 65" [_thread_blocked, id=27928, stack(0x0000009b53b00000,0x0000009b53c00000)]
  0x000001f6d2b9a000 JavaThread "Unconstrained build operations Thread 66" [_thread_blocked, id=27844, stack(0x0000009b53c00000,0x0000009b53d00000)]
  0x000001f6d2b97800 JavaThread "Unconstrained build operations Thread 67" [_thread_blocked, id=27896, stack(0x0000009b53d00000,0x0000009b53e00000)]
  0x000001f6d2b98800 JavaThread "Unconstrained build operations Thread 68" [_thread_blocked, id=27808, stack(0x0000009b53e00000,0x0000009b53f00000)]
  0x000001f6d2b99000 JavaThread "Unconstrained build operations Thread 69" [_thread_blocked, id=27908, stack(0x0000009b53f00000,0x0000009b54000000)]
  0x000001f6d12ad800 JavaThread "Unconstrained build operations Thread 70" [_thread_blocked, id=27816, stack(0x0000009b54000000,0x0000009b54100000)]
  0x000001f6d12ae800 JavaThread "Unconstrained build operations Thread 71" [_thread_blocked, id=27740, stack(0x0000009b54200000,0x0000009b54300000)]
  0x000001f6d12ad000 JavaThread "Unconstrained build operations Thread 72" [_thread_blocked, id=27752, stack(0x0000009b54600000,0x0000009b54700000)]
  0x000001f6d12af800 JavaThread "Unconstrained build operations Thread 73" [_thread_blocked, id=28024, stack(0x0000009b54700000,0x0000009b54800000)]
  0x000001f6d12ab800 JavaThread "DisconnectableInputStream source reader" daemon [_thread_blocked, id=27936, stack(0x0000009b54800000,0x0000009b54900000)]

Other Threads:
  0x000001f6cfb60800 VMThread "VM Thread" [stack: 0x0000009b4bb00000,0x0000009b4bc00000] [id=23068]
  0x000001f6d0810800 WatcherThread [stack: 0x0000009b4c600000,0x0000009b4c700000] [id=28084]
  0x000001f6b5413800 GCTaskThread "GC Thread#0" [stack: 0x0000009b4b600000,0x0000009b4b700000] [id=15224]
  0x000001f6d0d03800 GCTaskThread "GC Thread#1" [stack: 0x0000009b4c700000,0x0000009b4c800000] [id=28072]
  0x000001f6d0d04800 GCTaskThread "GC Thread#2" [stack: 0x0000009b4c800000,0x0000009b4c900000] [id=26960]
  0x000001f6d093b000 GCTaskThread "GC Thread#3" [stack: 0x0000009b4c900000,0x0000009b4ca00000] [id=28068]
  0x000001f6d093c000 GCTaskThread "GC Thread#4" [stack: 0x0000009b4ca00000,0x0000009b4cb00000] [id=28080]
  0x000001f6d1066800 GCTaskThread "GC Thread#5" [stack: 0x0000009b4cb00000,0x0000009b4cc00000] [id=21172]
  0x000001f6d246a800 GCTaskThread "GC Thread#6" [stack: 0x0000009b4d600000,0x0000009b4d700000] [id=16144]
  0x000001f6d04a1800 GCTaskThread "GC Thread#7" [stack: 0x0000009b4d700000,0x0000009b4d800000] [id=23536]
  0x000001f6b5427800 ConcurrentGCThread "G1 Main Marker" [stack: 0x0000009b4b700000,0x0000009b4b800000] [id=304]
  0x000001f6b5429800 ConcurrentGCThread "G1 Conc#0" [stack: 0x0000009b4b800000,0x0000009b4b900000] [id=25996]
  0x000001f6d2f73000 ConcurrentGCThread "G1 Conc#1" [stack: 0x0000009b4d800000,0x0000009b4d900000] [id=28200]
  0x000001f6cf9f0800 ConcurrentGCThread "G1 Refine#0" [stack: 0x0000009b4b900000,0x0000009b4ba00000] [id=7448]
  0x000001f6cf9f1000 ConcurrentGCThread "G1 Young RemSet Sampling" [stack: 0x0000009b4ba00000,0x0000009b4bb00000] [id=9812]

Threads with active compile tasks:
C2 CompilerThread0    33435 9456       4       io.spring.gradle.dependencymanagement.org.codehaus.plexus.util.xml.Xpp3Dom::<init> (123 bytes)
C1 CompilerThread0    33435 9686       2       java.util.AbstractList::rangeCheckForAdd (26 bytes)

VM state:not at safepoint (normal execution)

VM Mutex/Monitor currently owned by a thread: None

Heap address: 0x00000000e0000000, size: 512 MB, Compressed Oops mode: 32-bit
Narrow klass base: 0x0000000000000000, Narrow klass shift: 3
Compressed class space size: 394264576 Address: 0x0000000100000000

Heap:
 garbage-first heap   total 262144K, used 169513K [0x00000000e0000000, 0x0000000100000000)
  region size 1024K, 131 young (134144K), 15 survivors (15360K)
 Metaspace       used 70476K, capacity 73175K, committed 73428K, reserved 448512K
  class space    used 9209K, capacity 10211K, committed 10240K, reserved 385024K
Heap Regions: E=young(eden), S=young(survivor), O=old, HS=humongous(starts), HC=humongous(continues), CS=collection set, F=free, A=archive, TAMS=top-at-mark-start (previous, next)
|   0|0x00000000e0000000, 0x00000000e0100000, 0x00000000e0100000|100%|HS|  |TAMS 0x00000000e0100000, 0x00000000e0000000| Complete 
|   1|0x00000000e0100000, 0x00000000e0200000, 0x00000000e0200000|100%|HC|  |TAMS 0x00000000e0200000, 0x00000000e0100000| Complete 
|   2|0x00000000e0200000, 0x00000000e0300000, 0x00000000e0300000|100%|HC|  |TAMS 0x00000000e0300000, 0x00000000e0200000| Complete 
|   3|0x00000000e0300000, 0x00000000e0400000, 0x00000000e0400000|100%|HC|  |TAMS 0x00000000e0400000, 0x00000000e0300000| Complete 
|   4|0x00000000e0400000, 0x00000000e0500000, 0x00000000e0500000|100%| O|  |TAMS 0x00000000e0500000, 0x00000000e0400000| Untracked 
|   5|0x00000000e0500000, 0x00000000e0600000, 0x00000000e0600000|100%| O|  |TAMS 0x00000000e0600000, 0x00000000e0500000| Untracked 
|   6|0x00000000e0600000, 0x00000000e0700000, 0x00000000e0700000|100%| O|  |TAMS 0x00000000e0700000, 0x00000000e0600000| Untracked 
|   7|0x00000000e0700000, 0x00000000e0800000, 0x00000000e0800000|100%| O|  |TAMS 0x00000000e0800000, 0x00000000e0700000| Untracked 
|   8|0x00000000e0800000, 0x00000000e0900000, 0x00000000e0900000|100%| O|  |TAMS 0x00000000e0900000, 0x00000000e0800000| Untracked 
|   9|0x00000000e0900000, 0x00000000e0a00000, 0x00000000e0a00000|100%| O|  |TAMS 0x00000000e0a00000, 0x00000000e0900000| Untracked 
|  10|0x00000000e0a00000, 0x00000000e0b00000, 0x00000000e0b00000|100%| O|  |TAMS 0x00000000e0b00000, 0x00000000e0a00000| Untracked 
|  11|0x00000000e0b00000, 0x00000000e0c00000, 0x00000000e0c00000|100%| O|  |TAMS 0x00000000e0c00000, 0x00000000e0b00000| Untracked 
|  12|0x00000000e0c00000, 0x00000000e0d00000, 0x00000000e0d00000|100%| O|  |TAMS 0x00000000e0d00000, 0x00000000e0c00000| Untracked 
|  13|0x00000000e0d00000, 0x00000000e0e00000, 0x00000000e0e00000|100%| O|  |TAMS 0x00000000e0e00000, 0x00000000e0d00000| Untracked 
|  14|0x00000000e0e00000, 0x00000000e0f00000, 0x00000000e0f00000|100%| O|  |TAMS 0x00000000e0f00000, 0x00000000e0e00000| Untracked 
|  15|0x00000000e0f00000, 0x00000000e1000000, 0x00000000e1000000|100%| O|  |TAMS 0x00000000e1000000, 0x00000000e0f00000| Untracked 
|  16|0x00000000e1000000, 0x00000000e1100000, 0x00000000e1100000|100%| O|  |TAMS 0x00000000e1100000, 0x00000000e1000000| Untracked 
|  17|0x00000000e1100000, 0x00000000e1200000, 0x00000000e1200000|100%| O|  |TAMS 0x00000000e1200000, 0x00000000e1100000| Untracked 
|  18|0x00000000e1200000, 0x00000000e1300000, 0x00000000e1300000|100%| O|  |TAMS 0x00000000e1300000, 0x00000000e1200000| Untracked 
|  19|0x00000000e1300000, 0x00000000e1400000, 0x00000000e1400000|100%| O|  |TAMS 0x00000000e1400000, 0x00000000e1300000| Untracked 
|  20|0x00000000e1400000, 0x00000000e1500000, 0x00000000e1500000|100%| O|  |TAMS 0x00000000e1500000, 0x00000000e1400000| Untracked 
|  21|0x00000000e1500000, 0x00000000e1600000, 0x00000000e1600000|100%| O|  |TAMS 0x00000000e1600000, 0x00000000e1500000| Untracked 
|  22|0x00000000e1600000, 0x00000000e1700000, 0x00000000e1700000|100%| O|  |TAMS 0x00000000e1700000, 0x00000000e1600000| Untracked 
|  23|0x00000000e1700000, 0x00000000e1800000, 0x00000000e1800000|100%| O|  |TAMS 0x00000000e175d400, 0x00000000e1700000| Untracked 
|  24|0x00000000e1800000, 0x00000000e1900000, 0x00000000e1900000|100%| O|  |TAMS 0x00000000e1800000, 0x00000000e1800000| Untracked 
|  25|0x00000000e1900000, 0x00000000e1a00000, 0x00000000e1a00000|100%| O|  |TAMS 0x00000000e1900000, 0x00000000e1900000| Untracked 
|  26|0x00000000e1a00000, 0x00000000e1b00000, 0x00000000e1b00000|100%| O|  |TAMS 0x00000000e1a00000, 0x00000000e1a00000| Untracked 
|  27|0x00000000e1b00000, 0x00000000e1c00000, 0x00000000e1c00000|100%| O|  |TAMS 0x00000000e1b00000, 0x00000000e1b00000| Untracked 
|  28|0x00000000e1c00000, 0x00000000e1d00000, 0x00000000e1d00000|100%| O|  |TAMS 0x00000000e1c00000, 0x00000000e1c00000| Untracked 
|  29|0x00000000e1d00000, 0x00000000e1e00000, 0x00000000e1e00000|100%| O|  |TAMS 0x00000000e1d00000, 0x00000000e1d00000| Untracked 
|  30|0x00000000e1e00000, 0x00000000e1f00000, 0x00000000e1f00000|100%| O|  |TAMS 0x00000000e1e00000, 0x00000000e1e00000| Untracked 
|  31|0x00000000e1f00000, 0x00000000e2000000, 0x00000000e2000000|100%| O|  |TAMS 0x00000000e1f00000, 0x00000000e1f00000| Untracked 
|  32|0x00000000e2000000, 0x00000000e2100000, 0x00000000e2100000|100%| O|  |TAMS 0x00000000e2000000, 0x00000000e2000000| Untracked 
|  33|0x00000000e2100000, 0x00000000e2200000, 0x00000000e2200000|100%| O|  |TAMS 0x00000000e2100000, 0x00000000e2100000| Untracked 
|  34|0x00000000e2200000, 0x00000000e2300000, 0x00000000e2300000|100%| O|  |TAMS 0x00000000e2200000, 0x00000000e2200000| Untracked 
|  35|0x00000000e2300000, 0x00000000e2400000, 0x00000000e2400000|100%| O|  |TAMS 0x00000000e2300000, 0x00000000e2300000| Untracked 
|  36|0x00000000e2400000, 0x00000000e248a400, 0x00000000e2500000| 54%| O|  |TAMS 0x00000000e2400000, 0x00000000e2400000| Untracked 
|  37|0x00000000e2500000, 0x00000000e2500000, 0x00000000e2600000|  0%| F|  |TAMS 0x00000000e2500000, 0x00000000e2500000| Untracked 
|  38|0x00000000e2600000, 0x00000000e2600000, 0x00000000e2700000|  0%| F|  |TAMS 0x00000000e2600000, 0x00000000e2600000| Untracked 
|  39|0x00000000e2700000, 0x00000000e2700000, 0x00000000e2800000|  0%| F|  |TAMS 0x00000000e2700000, 0x00000000e2700000| Untracked 
|  40|0x00000000e2800000, 0x00000000e2800000, 0x00000000e2900000|  0%| F|  |TAMS 0x00000000e2800000, 0x00000000e2800000| Untracked 
|  41|0x00000000e2900000, 0x00000000e2900000, 0x00000000e2a00000|  0%| F|  |TAMS 0x00000000e2900000, 0x00000000e2900000| Untracked 
|  42|0x00000000e2a00000, 0x00000000e2a00000, 0x00000000e2b00000|  0%| F|  |TAMS 0x00000000e2a00000, 0x00000000e2a00000| Untracked 
|  43|0x00000000e2b00000, 0x00000000e2b00000, 0x00000000e2c00000|  0%| F|  |TAMS 0x00000000e2b00000, 0x00000000e2b00000| Untracked 
|  44|0x00000000e2c00000, 0x00000000e2c00000, 0x00000000e2d00000|  0%| F|  |TAMS 0x00000000e2c00000, 0x00000000e2c00000| Untracked 
|  45|0x00000000e2d00000, 0x00000000e2d00000, 0x00000000e2e00000|  0%| F|  |TAMS 0x00000000e2d00000, 0x00000000e2d00000| Untracked 
|  46|0x00000000e2e00000, 0x00000000e2e00000, 0x00000000e2f00000|  0%| F|  |TAMS 0x00000000e2e00000, 0x00000000e2e00000| Untracked 
|  47|0x00000000e2f00000, 0x00000000e2f00000, 0x00000000e3000000|  0%| F|  |TAMS 0x00000000e2f00000, 0x00000000e2f00000| Untracked 
|  48|0x00000000e3000000, 0x00000000e3000000, 0x00000000e3100000|  0%| F|  |TAMS 0x00000000e3000000, 0x00000000e3000000| Untracked 
|  49|0x00000000e3100000, 0x00000000e3100000, 0x00000000e3200000|  0%| F|  |TAMS 0x00000000e3100000, 0x00000000e3100000| Untracked 
|  50|0x00000000e3200000, 0x00000000e3200000, 0x00000000e3300000|  0%| F|  |TAMS 0x00000000e3200000, 0x00000000e3200000| Untracked 
|  51|0x00000000e3300000, 0x00000000e3300000, 0x00000000e3400000|  0%| F|  |TAMS 0x00000000e3300000, 0x00000000e3300000| Untracked 
|  52|0x00000000e3400000, 0x00000000e3400000, 0x00000000e3500000|  0%| F|  |TAMS 0x00000000e3400000, 0x00000000e3400000| Untracked 
|  53|0x00000000e3500000, 0x00000000e3500000, 0x00000000e3600000|  0%| F|  |TAMS 0x00000000e3500000, 0x00000000e3500000| Untracked 
|  54|0x00000000e3600000, 0x00000000e3600000, 0x00000000e3700000|  0%| F|  |TAMS 0x00000000e3600000, 0x00000000e3600000| Untracked 
|  55|0x00000000e3700000, 0x00000000e3700000, 0x00000000e3800000|  0%| F|  |TAMS 0x00000000e3700000, 0x00000000e3700000| Untracked 
|  56|0x00000000e3800000, 0x00000000e3800000, 0x00000000e3900000|  0%| F|  |TAMS 0x00000000e3800000, 0x00000000e3800000| Untracked 
|  57|0x00000000e3900000, 0x00000000e3900000, 0x00000000e3a00000|  0%| F|  |TAMS 0x00000000e3900000, 0x00000000e3900000| Untracked 
|  58|0x00000000e3a00000, 0x00000000e3a00000, 0x00000000e3b00000|  0%| F|  |TAMS 0x00000000e3a00000, 0x00000000e3a00000| Untracked 
|  59|0x00000000e3b00000, 0x00000000e3b00000, 0x00000000e3c00000|  0%| F|  |TAMS 0x00000000e3b00000, 0x00000000e3b00000| Untracked 
|  60|0x00000000e3c00000, 0x00000000e3c00000, 0x00000000e3d00000|  0%| F|  |TAMS 0x00000000e3c00000, 0x00000000e3c00000| Untracked 
|  61|0x00000000e3d00000, 0x00000000e3d00000, 0x00000000e3e00000|  0%| F|  |TAMS 0x00000000e3d00000, 0x00000000e3d00000| Untracked 
|  62|0x00000000e3e00000, 0x00000000e3e00000, 0x00000000e3f00000|  0%| F|  |TAMS 0x00000000e3e00000, 0x00000000e3e00000| Untracked 
|  63|0x00000000e3f00000, 0x00000000e3f00000, 0x00000000e4000000|  0%| F|  |TAMS 0x00000000e3f00000, 0x00000000e3f00000| Untracked 
|  64|0x00000000e4000000, 0x00000000e4000000, 0x00000000e4100000|  0%| F|  |TAMS 0x00000000e4000000, 0x00000000e4000000| Untracked 
|  65|0x00000000e4100000, 0x00000000e4100000, 0x00000000e4200000|  0%| F|  |TAMS 0x00000000e4100000, 0x00000000e4100000| Untracked 
|  66|0x00000000e4200000, 0x00000000e4200000, 0x00000000e4300000|  0%| F|  |TAMS 0x00000000e4200000, 0x00000000e4200000| Untracked 
|  67|0x00000000e4300000, 0x00000000e4300000, 0x00000000e4400000|  0%| F|  |TAMS 0x00000000e4300000, 0x00000000e4300000| Untracked 
|  68|0x00000000e4400000, 0x00000000e4400000, 0x00000000e4500000|  0%| F|  |TAMS 0x00000000e4400000, 0x00000000e4400000| Untracked 
|  69|0x00000000e4500000, 0x00000000e4500000, 0x00000000e4600000|  0%| F|  |TAMS 0x00000000e4500000, 0x00000000e4500000| Untracked 
|  70|0x00000000e4600000, 0x00000000e4600000, 0x00000000e4700000|  0%| F|  |TAMS 0x00000000e4600000, 0x00000000e4600000| Untracked 
|  71|0x00000000e4700000, 0x00000000e4700000, 0x00000000e4800000|  0%| F|  |TAMS 0x00000000e4700000, 0x00000000e4700000| Untracked 
|  72|0x00000000e4800000, 0x00000000e4800000, 0x00000000e4900000|  0%| F|  |TAMS 0x00000000e4800000, 0x00000000e4800000| Untracked 
|  73|0x00000000e4900000, 0x00000000e4900000, 0x00000000e4a00000|  0%| F|  |TAMS 0x00000000e4900000, 0x00000000e4900000| Untracked 
|  74|0x00000000e4a00000, 0x00000000e4a00000, 0x00000000e4b00000|  0%| F|  |TAMS 0x00000000e4a00000, 0x00000000e4a00000| Untracked 
|  75|0x00000000e4b00000, 0x00000000e4b00000, 0x00000000e4c00000|  0%| F|  |TAMS 0x00000000e4b00000, 0x00000000e4b00000| Untracked 
|  76|0x00000000e4c00000, 0x00000000e4c00000, 0x00000000e4d00000|  0%| F|  |TAMS 0x00000000e4c00000, 0x00000000e4c00000| Untracked 
|  77|0x00000000e4d00000, 0x00000000e4d00000, 0x00000000e4e00000|  0%| F|  |TAMS 0x00000000e4d00000, 0x00000000e4d00000| Untracked 
|  78|0x00000000e4e00000, 0x00000000e4e00000, 0x00000000e4f00000|  0%| F|  |TAMS 0x00000000e4e00000, 0x00000000e4e00000| Untracked 
|  79|0x00000000e4f00000, 0x00000000e4f00000, 0x00000000e5000000|  0%| F|  |TAMS 0x00000000e4f00000, 0x00000000e4f00000| Untracked 
|  80|0x00000000e5000000, 0x00000000e5000000, 0x00000000e5100000|  0%| F|  |TAMS 0x00000000e5000000, 0x00000000e5000000| Untracked 
|  81|0x00000000e5100000, 0x00000000e5100000, 0x00000000e5200000|  0%| F|  |TAMS 0x00000000e5100000, 0x00000000e5100000| Untracked 
|  82|0x00000000e5200000, 0x00000000e5200000, 0x00000000e5300000|  0%| F|  |TAMS 0x00000000e5200000, 0x00000000e5200000| Untracked 
|  83|0x00000000e5300000, 0x00000000e5300000, 0x00000000e5400000|  0%| F|  |TAMS 0x00000000e5300000, 0x00000000e5300000| Untracked 
|  84|0x00000000e5400000, 0x00000000e5400000, 0x00000000e5500000|  0%| F|  |TAMS 0x00000000e5400000, 0x00000000e5400000| Untracked 
|  85|0x00000000e5500000, 0x00000000e5500000, 0x00000000e5600000|  0%| F|  |TAMS 0x00000000e5500000, 0x00000000e5500000| Untracked 
|  86|0x00000000e5600000, 0x00000000e5600000, 0x00000000e5700000|  0%| F|  |TAMS 0x00000000e5600000, 0x00000000e5600000| Untracked 
|  87|0x00000000e5700000, 0x00000000e5700000, 0x00000000e5800000|  0%| F|  |TAMS 0x00000000e5700000, 0x00000000e5700000| Untracked 
|  88|0x00000000e5800000, 0x00000000e5800000, 0x00000000e5900000|  0%| F|  |TAMS 0x00000000e5800000, 0x00000000e5800000| Untracked 
|  89|0x00000000e5900000, 0x00000000e5900000, 0x00000000e5a00000|  0%| F|  |TAMS 0x00000000e5900000, 0x00000000e5900000| Untracked 
|  90|0x00000000e5a00000, 0x00000000e5a00000, 0x00000000e5b00000|  0%| F|  |TAMS 0x00000000e5a00000, 0x00000000e5a00000| Untracked 
|  91|0x00000000e5b00000, 0x00000000e5b00000, 0x00000000e5c00000|  0%| F|  |TAMS 0x00000000e5b00000, 0x00000000e5b00000| Untracked 
|  92|0x00000000e5c00000, 0x00000000e5c00000, 0x00000000e5d00000|  0%| F|  |TAMS 0x00000000e5c00000, 0x00000000e5c00000| Untracked 
|  93|0x00000000e5d00000, 0x00000000e5d00000, 0x00000000e5e00000|  0%| F|  |TAMS 0x00000000e5d00000, 0x00000000e5d00000| Untracked 
|  94|0x00000000e5e00000, 0x00000000e5e00000, 0x00000000e5f00000|  0%| F|  |TAMS 0x00000000e5e00000, 0x00000000e5e00000| Untracked 
|  95|0x00000000e5f00000, 0x00000000e5f00000, 0x00000000e6000000|  0%| F|  |TAMS 0x00000000e5f00000, 0x00000000e5f00000| Untracked 
|  96|0x00000000e6000000, 0x00000000e6000000, 0x00000000e6100000|  0%| F|  |TAMS 0x00000000e6000000, 0x00000000e6000000| Untracked 
|  97|0x00000000e6100000, 0x00000000e6100000, 0x00000000e6200000|  0%| F|  |TAMS 0x00000000e6100000, 0x00000000e6100000| Untracked 
|  98|0x00000000e6200000, 0x00000000e6200000, 0x00000000e6300000|  0%| F|  |TAMS 0x00000000e6200000, 0x00000000e6200000| Untracked 
|  99|0x00000000e6300000, 0x00000000e6300000, 0x00000000e6400000|  0%| F|  |TAMS 0x00000000e6300000, 0x00000000e6300000| Untracked 
| 100|0x00000000e6400000, 0x00000000e6400000, 0x00000000e6500000|  0%| F|  |TAMS 0x00000000e6400000, 0x00000000e6400000| Untracked 
| 101|0x00000000e6500000, 0x00000000e6500000, 0x00000000e6600000|  0%| F|  |TAMS 0x00000000e6500000, 0x00000000e6500000| Untracked 
| 102|0x00000000e6600000, 0x00000000e6600000, 0x00000000e6700000|  0%| F|  |TAMS 0x00000000e6600000, 0x00000000e6600000| Untracked 
| 103|0x00000000e6700000, 0x00000000e6700000, 0x00000000e6800000|  0%| F|  |TAMS 0x00000000e6700000, 0x00000000e6700000| Untracked 
| 104|0x00000000e6800000, 0x00000000e6900000, 0x00000000e6900000|100%| S|CS|TAMS 0x00000000e6800000, 0x00000000e6800000| Complete 
| 105|0x00000000e6900000, 0x00000000e6a00000, 0x00000000e6a00000|100%| S|CS|TAMS 0x00000000e6900000, 0x00000000e6900000| Complete 
| 106|0x00000000e6a00000, 0x00000000e6b00000, 0x00000000e6b00000|100%| S|CS|TAMS 0x00000000e6a00000, 0x00000000e6a00000| Complete 
| 107|0x00000000e6b00000, 0x00000000e6c00000, 0x00000000e6c00000|100%| S|CS|TAMS 0x00000000e6b00000, 0x00000000e6b00000| Complete 
| 108|0x00000000e6c00000, 0x00000000e6d00000, 0x00000000e6d00000|100%| S|CS|TAMS 0x00000000e6c00000, 0x00000000e6c00000| Complete 
| 109|0x00000000e6d00000, 0x00000000e6e00000, 0x00000000e6e00000|100%| S|CS|TAMS 0x00000000e6d00000, 0x00000000e6d00000| Complete 
| 110|0x00000000e6e00000, 0x00000000e6f00000, 0x00000000e6f00000|100%| S|CS|TAMS 0x00000000e6e00000, 0x00000000e6e00000| Complete 
| 111|0x00000000e6f00000, 0x00000000e7000000, 0x00000000e7000000|100%| S|CS|TAMS 0x00000000e6f00000, 0x00000000e6f00000| Complete 
| 112|0x00000000e7000000, 0x00000000e7100000, 0x00000000e7100000|100%| S|CS|TAMS 0x00000000e7000000, 0x00000000e7000000| Complete 
| 113|0x00000000e7100000, 0x00000000e7200000, 0x00000000e7200000|100%| S|CS|TAMS 0x00000000e7100000, 0x00000000e7100000| Complete 
| 114|0x00000000e7200000, 0x00000000e7300000, 0x00000000e7300000|100%| S|CS|TAMS 0x00000000e7200000, 0x00000000e7200000| Complete 
| 115|0x00000000e7300000, 0x00000000e7400000, 0x00000000e7400000|100%| S|CS|TAMS 0x00000000e7300000, 0x00000000e7300000| Complete 
| 116|0x00000000e7400000, 0x00000000e7500000, 0x00000000e7500000|100%| S|CS|TAMS 0x00000000e7400000, 0x00000000e7400000| Complete 
| 117|0x00000000e7500000, 0x00000000e7600000, 0x00000000e7600000|100%| S|CS|TAMS 0x00000000e7500000, 0x00000000e7500000| Complete 
| 118|0x00000000e7600000, 0x00000000e7700000, 0x00000000e7700000|100%| S|CS|TAMS 0x00000000e7600000, 0x00000000e7600000| Complete 
| 119|0x00000000e7700000, 0x00000000e7700000, 0x00000000e7800000|  0%| F|  |TAMS 0x00000000e7700000, 0x00000000e7700000| Untracked 
| 120|0x00000000e7800000, 0x00000000e7800000, 0x00000000e7900000|  0%| F|  |TAMS 0x00000000e7800000, 0x00000000e7800000| Untracked 
| 121|0x00000000e7900000, 0x00000000e7900000, 0x00000000e7a00000|  0%| F|  |TAMS 0x00000000e7900000, 0x00000000e7900000| Untracked 
| 122|0x00000000e7a00000, 0x00000000e7a00000, 0x00000000e7b00000|  0%| F|  |TAMS 0x00000000e7a00000, 0x00000000e7a00000| Untracked 
| 123|0x00000000e7b00000, 0x00000000e7b00000, 0x00000000e7c00000|  0%| F|  |TAMS 0x00000000e7b00000, 0x00000000e7b00000| Untracked 
| 124|0x00000000e7c00000, 0x00000000e7c00000, 0x00000000e7d00000|  0%| F|  |TAMS 0x00000000e7c00000, 0x00000000e7c00000| Untracked 
| 125|0x00000000e7d00000, 0x00000000e7d00000, 0x00000000e7e00000|  0%| F|  |TAMS 0x00000000e7d00000, 0x00000000e7d00000| Untracked 
| 126|0x00000000e7e00000, 0x00000000e7e00000, 0x00000000e7f00000|  0%| F|  |TAMS 0x00000000e7e00000, 0x00000000e7e00000| Untracked 
| 127|0x00000000e7f00000, 0x00000000e7f00000, 0x00000000e8000000|  0%| F|  |TAMS 0x00000000e7f00000, 0x00000000e7f00000| Untracked 
| 128|0x00000000e8000000, 0x00000000e8000000, 0x00000000e8100000|  0%| F|  |TAMS 0x00000000e8000000, 0x00000000e8000000| Untracked 
| 129|0x00000000e8100000, 0x00000000e8100000, 0x00000000e8200000|  0%| F|  |TAMS 0x00000000e8100000, 0x00000000e8100000| Untracked 
| 130|0x00000000e8200000, 0x00000000e8200000, 0x00000000e8300000|  0%| F|  |TAMS 0x00000000e8200000, 0x00000000e8200000| Untracked 
| 131|0x00000000e8300000, 0x00000000e8300000, 0x00000000e8400000|  0%| F|  |TAMS 0x00000000e8300000, 0x00000000e8300000| Untracked 
| 132|0x00000000e8400000, 0x00000000e8400000, 0x00000000e8500000|  0%| F|  |TAMS 0x00000000e8400000, 0x00000000e8400000| Untracked 
| 133|0x00000000e8500000, 0x00000000e8500000, 0x00000000e8600000|  0%| F|  |TAMS 0x00000000e8500000, 0x00000000e8500000| Untracked 
| 134|0x00000000e8600000, 0x00000000e8600000, 0x00000000e8700000|  0%| F|  |TAMS 0x00000000e8600000, 0x00000000e8600000| Untracked 
| 135|0x00000000e8700000, 0x00000000e8700000, 0x00000000e8800000|  0%| F|  |TAMS 0x00000000e8700000, 0x00000000e8700000| Untracked 
| 136|0x00000000e8800000, 0x00000000e8800000, 0x00000000e8900000|  0%| F|  |TAMS 0x00000000e8800000, 0x00000000e8800000| Untracked 
| 137|0x00000000e8900000, 0x00000000e8900000, 0x00000000e8a00000|  0%| F|  |TAMS 0x00000000e8900000, 0x00000000e8900000| Untracked 
| 138|0x00000000e8a00000, 0x00000000e8a00000, 0x00000000e8b00000|  0%| F|  |TAMS 0x00000000e8a00000, 0x00000000e8a00000| Untracked 
| 139|0x00000000e8b00000, 0x00000000e8b2aea8, 0x00000000e8c00000| 16%| E|  |TAMS 0x00000000e8b00000, 0x00000000e8b00000| Complete 
| 140|0x00000000e8c00000, 0x00000000e8d00000, 0x00000000e8d00000|100%| E|CS|TAMS 0x00000000e8c00000, 0x00000000e8c00000| Complete 
| 141|0x00000000e8d00000, 0x00000000e8e00000, 0x00000000e8e00000|100%| E|CS|TAMS 0x00000000e8d00000, 0x00000000e8d00000| Complete 
| 142|0x00000000e8e00000, 0x00000000e8f00000, 0x00000000e8f00000|100%| E|CS|TAMS 0x00000000e8e00000, 0x00000000e8e00000| Complete 
| 143|0x00000000e8f00000, 0x00000000e9000000, 0x00000000e9000000|100%| E|CS|TAMS 0x00000000e8f00000, 0x00000000e8f00000| Complete 
| 144|0x00000000e9000000, 0x00000000e9100000, 0x00000000e9100000|100%| E|CS|TAMS 0x00000000e9000000, 0x00000000e9000000| Complete 
| 145|0x00000000e9100000, 0x00000000e9200000, 0x00000000e9200000|100%| E|CS|TAMS 0x00000000e9100000, 0x00000000e9100000| Complete 
| 146|0x00000000e9200000, 0x00000000e9300000, 0x00000000e9300000|100%| E|CS|TAMS 0x00000000e9200000, 0x00000000e9200000| Complete 
| 147|0x00000000e9300000, 0x00000000e9400000, 0x00000000e9400000|100%| E|CS|TAMS 0x00000000e9300000, 0x00000000e9300000| Complete 
| 148|0x00000000e9400000, 0x00000000e9500000, 0x00000000e9500000|100%| E|CS|TAMS 0x00000000e9400000, 0x00000000e9400000| Complete 
| 149|0x00000000e9500000, 0x00000000e9600000, 0x00000000e9600000|100%| E|CS|TAMS 0x00000000e9500000, 0x00000000e9500000| Complete 
| 150|0x00000000e9600000, 0x00000000e9700000, 0x00000000e9700000|100%| E|CS|TAMS 0x00000000e9600000, 0x00000000e9600000| Complete 
| 151|0x00000000e9700000, 0x00000000e9800000, 0x00000000e9800000|100%| E|CS|TAMS 0x00000000e9700000, 0x00000000e9700000| Complete 
| 152|0x00000000e9800000, 0x00000000e9900000, 0x00000000e9900000|100%| E|CS|TAMS 0x00000000e9800000, 0x00000000e9800000| Complete 
| 153|0x00000000e9900000, 0x00000000e9a00000, 0x00000000e9a00000|100%| E|CS|TAMS 0x00000000e9900000, 0x00000000e9900000| Complete 
| 154|0x00000000e9a00000, 0x00000000e9b00000, 0x00000000e9b00000|100%| E|CS|TAMS 0x00000000e9a00000, 0x00000000e9a00000| Complete 
| 155|0x00000000e9b00000, 0x00000000e9c00000, 0x00000000e9c00000|100%| E|CS|TAMS 0x00000000e9b00000, 0x00000000e9b00000| Complete 
| 156|0x00000000e9c00000, 0x00000000e9d00000, 0x00000000e9d00000|100%| E|CS|TAMS 0x00000000e9c00000, 0x00000000e9c00000| Complete 
| 157|0x00000000e9d00000, 0x00000000e9e00000, 0x00000000e9e00000|100%| E|CS|TAMS 0x00000000e9d00000, 0x00000000e9d00000| Complete 
| 158|0x00000000e9e00000, 0x00000000e9f00000, 0x00000000e9f00000|100%| E|CS|TAMS 0x00000000e9e00000, 0x00000000e9e00000| Complete 
| 159|0x00000000e9f00000, 0x00000000ea000000, 0x00000000ea000000|100%| E|CS|TAMS 0x00000000e9f00000, 0x00000000e9f00000| Complete 
| 160|0x00000000ea000000, 0x00000000ea100000, 0x00000000ea100000|100%| E|CS|TAMS 0x00000000ea000000, 0x00000000ea000000| Complete 
| 161|0x00000000ea100000, 0x00000000ea200000, 0x00000000ea200000|100%| E|CS|TAMS 0x00000000ea100000, 0x00000000ea100000| Complete 
| 162|0x00000000ea200000, 0x00000000ea300000, 0x00000000ea300000|100%| E|CS|TAMS 0x00000000ea200000, 0x00000000ea200000| Complete 
| 163|0x00000000ea300000, 0x00000000ea400000, 0x00000000ea400000|100%| E|CS|TAMS 0x00000000ea300000, 0x00000000ea300000| Complete 
| 164|0x00000000ea400000, 0x00000000ea500000, 0x00000000ea500000|100%| E|CS|TAMS 0x00000000ea400000, 0x00000000ea400000| Complete 
| 165|0x00000000ea500000, 0x00000000ea600000, 0x00000000ea600000|100%| E|CS|TAMS 0x00000000ea500000, 0x00000000ea500000| Complete 
| 166|0x00000000ea600000, 0x00000000ea700000, 0x00000000ea700000|100%| E|CS|TAMS 0x00000000ea600000, 0x00000000ea600000| Complete 
| 167|0x00000000ea700000, 0x00000000ea800000, 0x00000000ea800000|100%| E|CS|TAMS 0x00000000ea700000, 0x00000000ea700000| Complete 
| 168|0x00000000ea800000, 0x00000000ea900000, 0x00000000ea900000|100%| E|CS|TAMS 0x00000000ea800000, 0x00000000ea800000| Complete 
| 169|0x00000000ea900000, 0x00000000eaa00000, 0x00000000eaa00000|100%| E|CS|TAMS 0x00000000ea900000, 0x00000000ea900000| Complete 
| 170|0x00000000eaa00000, 0x00000000eab00000, 0x00000000eab00000|100%| E|CS|TAMS 0x00000000eaa00000, 0x00000000eaa00000| Complete 
| 171|0x00000000eab00000, 0x00000000eac00000, 0x00000000eac00000|100%| E|  |TAMS 0x00000000eab00000, 0x00000000eab00000| Complete 
| 172|0x00000000eac00000, 0x00000000ead00000, 0x00000000ead00000|100%| E|CS|TAMS 0x00000000eac00000, 0x00000000eac00000| Complete 
| 173|0x00000000ead00000, 0x00000000eae00000, 0x00000000eae00000|100%| E|CS|TAMS 0x00000000ead00000, 0x00000000ead00000| Complete 
| 174|0x00000000eae00000, 0x00000000eaf00000, 0x00000000eaf00000|100%| E|CS|TAMS 0x00000000eae00000, 0x00000000eae00000| Complete 
| 175|0x00000000eaf00000, 0x00000000eb000000, 0x00000000eb000000|100%| E|CS|TAMS 0x00000000eaf00000, 0x00000000eaf00000| Complete 
| 176|0x00000000eb000000, 0x00000000eb100000, 0x00000000eb100000|100%| E|CS|TAMS 0x00000000eb000000, 0x00000000eb000000| Complete 
| 177|0x00000000eb100000, 0x00000000eb200000, 0x00000000eb200000|100%| E|CS|TAMS 0x00000000eb100000, 0x00000000eb100000| Complete 
| 178|0x00000000eb200000, 0x00000000eb300000, 0x00000000eb300000|100%| E|CS|TAMS 0x00000000eb200000, 0x00000000eb200000| Complete 
| 179|0x00000000eb300000, 0x00000000eb400000, 0x00000000eb400000|100%| E|CS|TAMS 0x00000000eb300000, 0x00000000eb300000| Complete 
| 180|0x00000000eb400000, 0x00000000eb500000, 0x00000000eb500000|100%| E|CS|TAMS 0x00000000eb400000, 0x00000000eb400000| Complete 
| 181|0x00000000eb500000, 0x00000000eb600000, 0x00000000eb600000|100%| E|CS|TAMS 0x00000000eb500000, 0x00000000eb500000| Complete 
| 182|0x00000000eb600000, 0x00000000eb700000, 0x00000000eb700000|100%| E|CS|TAMS 0x00000000eb600000, 0x00000000eb600000| Complete 
| 183|0x00000000eb700000, 0x00000000eb800000, 0x00000000eb800000|100%| E|CS|TAMS 0x00000000eb700000, 0x00000000eb700000| Complete 
| 184|0x00000000eb800000, 0x00000000eb900000, 0x00000000eb900000|100%| E|CS|TAMS 0x00000000eb800000, 0x00000000eb800000| Complete 
| 185|0x00000000eb900000, 0x00000000eba00000, 0x00000000eba00000|100%| E|CS|TAMS 0x00000000eb900000, 0x00000000eb900000| Complete 
| 186|0x00000000eba00000, 0x00000000ebb00000, 0x00000000ebb00000|100%| E|CS|TAMS 0x00000000eba00000, 0x00000000eba00000| Complete 
| 187|0x00000000ebb00000, 0x00000000ebc00000, 0x00000000ebc00000|100%| E|CS|TAMS 0x00000000ebb00000, 0x00000000ebb00000| Complete 
| 188|0x00000000ebc00000, 0x00000000ebd00000, 0x00000000ebd00000|100%| E|CS|TAMS 0x00000000ebc00000, 0x00000000ebc00000| Complete 
| 189|0x00000000ebd00000, 0x00000000ebe00000, 0x00000000ebe00000|100%| E|CS|TAMS 0x00000000ebd00000, 0x00000000ebd00000| Complete 
| 190|0x00000000ebe00000, 0x00000000ebf00000, 0x00000000ebf00000|100%| E|CS|TAMS 0x00000000ebe00000, 0x00000000ebe00000| Complete 
| 191|0x00000000ebf00000, 0x00000000ec000000, 0x00000000ec000000|100%| E|CS|TAMS 0x00000000ebf00000, 0x00000000ebf00000| Complete 
| 192|0x00000000ec000000, 0x00000000ec100000, 0x00000000ec100000|100%| E|CS|TAMS 0x00000000ec000000, 0x00000000ec000000| Complete 
| 193|0x00000000ec100000, 0x00000000ec200000, 0x00000000ec200000|100%| E|CS|TAMS 0x00000000ec100000, 0x00000000ec100000| Complete 
| 194|0x00000000ec200000, 0x00000000ec300000, 0x00000000ec300000|100%| E|CS|TAMS 0x00000000ec200000, 0x00000000ec200000| Complete 
| 195|0x00000000ec300000, 0x00000000ec400000, 0x00000000ec400000|100%| E|CS|TAMS 0x00000000ec300000, 0x00000000ec300000| Complete 
| 196|0x00000000ec400000, 0x00000000ec500000, 0x00000000ec500000|100%| E|CS|TAMS 0x00000000ec400000, 0x00000000ec400000| Complete 
| 197|0x00000000ec500000, 0x00000000ec600000, 0x00000000ec600000|100%| E|CS|TAMS 0x00000000ec500000, 0x00000000ec500000| Complete 
| 198|0x00000000ec600000, 0x00000000ec700000, 0x00000000ec700000|100%| E|CS|TAMS 0x00000000ec600000, 0x00000000ec600000| Complete 
| 199|0x00000000ec700000, 0x00000000ec800000, 0x00000000ec800000|100%| E|CS|TAMS 0x00000000ec700000, 0x00000000ec700000| Complete 
| 200|0x00000000ec800000, 0x00000000ec900000, 0x00000000ec900000|100%| E|CS|TAMS 0x00000000ec800000, 0x00000000ec800000| Complete 
| 201|0x00000000ec900000, 0x00000000eca00000, 0x00000000eca00000|100%| E|CS|TAMS 0x00000000ec900000, 0x00000000ec900000| Complete 
| 202|0x00000000eca00000, 0x00000000ecb00000, 0x00000000ecb00000|100%| E|CS|TAMS 0x00000000eca00000, 0x00000000eca00000| Complete 
| 203|0x00000000ecb00000, 0x00000000ecc00000, 0x00000000ecc00000|100%| E|CS|TAMS 0x00000000ecb00000, 0x00000000ecb00000| Complete 
| 204|0x00000000ecc00000, 0x00000000ecd00000, 0x00000000ecd00000|100%| E|CS|TAMS 0x00000000ecc00000, 0x00000000ecc00000| Complete 
| 205|0x00000000ecd00000, 0x00000000ece00000, 0x00000000ece00000|100%| E|CS|TAMS 0x00000000ecd00000, 0x00000000ecd00000| Complete 
| 206|0x00000000ece00000, 0x00000000ecf00000, 0x00000000ecf00000|100%| E|CS|TAMS 0x00000000ece00000, 0x00000000ece00000| Complete 
| 207|0x00000000ecf00000, 0x00000000ed000000, 0x00000000ed000000|100%| E|CS|TAMS 0x00000000ecf00000, 0x00000000ecf00000| Complete 
| 208|0x00000000ed000000, 0x00000000ed100000, 0x00000000ed100000|100%| E|CS|TAMS 0x00000000ed000000, 0x00000000ed000000| Complete 
| 209|0x00000000ed100000, 0x00000000ed200000, 0x00000000ed200000|100%| E|CS|TAMS 0x00000000ed100000, 0x00000000ed100000| Complete 
| 210|0x00000000ed200000, 0x00000000ed300000, 0x00000000ed300000|100%| E|CS|TAMS 0x00000000ed200000, 0x00000000ed200000| Complete 
| 211|0x00000000ed300000, 0x00000000ed400000, 0x00000000ed400000|100%| E|CS|TAMS 0x00000000ed300000, 0x00000000ed300000| Complete 
| 212|0x00000000ed400000, 0x00000000ed500000, 0x00000000ed500000|100%| E|CS|TAMS 0x00000000ed400000, 0x00000000ed400000| Complete 
| 213|0x00000000ed500000, 0x00000000ed600000, 0x00000000ed600000|100%| E|CS|TAMS 0x00000000ed500000, 0x00000000ed500000| Complete 
| 214|0x00000000ed600000, 0x00000000ed700000, 0x00000000ed700000|100%| E|CS|TAMS 0x00000000ed600000, 0x00000000ed600000| Complete 
| 215|0x00000000ed700000, 0x00000000ed800000, 0x00000000ed800000|100%| E|CS|TAMS 0x00000000ed700000, 0x00000000ed700000| Complete 
| 216|0x00000000ed800000, 0x00000000ed900000, 0x00000000ed900000|100%| E|CS|TAMS 0x00000000ed800000, 0x00000000ed800000| Complete 
| 217|0x00000000ed900000, 0x00000000eda00000, 0x00000000eda00000|100%| E|CS|TAMS 0x00000000ed900000, 0x00000000ed900000| Complete 
| 218|0x00000000eda00000, 0x00000000edb00000, 0x00000000edb00000|100%| E|CS|TAMS 0x00000000eda00000, 0x00000000eda00000| Complete 
| 219|0x00000000edb00000, 0x00000000edc00000, 0x00000000edc00000|100%| E|CS|TAMS 0x00000000edb00000, 0x00000000edb00000| Complete 
| 220|0x00000000edc00000, 0x00000000edd00000, 0x00000000edd00000|100%| E|CS|TAMS 0x00000000edc00000, 0x00000000edc00000| Complete 
| 221|0x00000000edd00000, 0x00000000ede00000, 0x00000000ede00000|100%| E|CS|TAMS 0x00000000edd00000, 0x00000000edd00000| Complete 
| 222|0x00000000ede00000, 0x00000000edf00000, 0x00000000edf00000|100%| E|CS|TAMS 0x00000000ede00000, 0x00000000ede00000| Complete 
| 223|0x00000000edf00000, 0x00000000ee000000, 0x00000000ee000000|100%| E|CS|TAMS 0x00000000edf00000, 0x00000000edf00000| Complete 
| 224|0x00000000ee000000, 0x00000000ee100000, 0x00000000ee100000|100%| E|CS|TAMS 0x00000000ee000000, 0x00000000ee000000| Complete 
| 225|0x00000000ee100000, 0x00000000ee200000, 0x00000000ee200000|100%| E|CS|TAMS 0x00000000ee100000, 0x00000000ee100000| Complete 
| 226|0x00000000ee200000, 0x00000000ee300000, 0x00000000ee300000|100%| E|CS|TAMS 0x00000000ee200000, 0x00000000ee200000| Complete 
| 227|0x00000000ee300000, 0x00000000ee400000, 0x00000000ee400000|100%| E|CS|TAMS 0x00000000ee300000, 0x00000000ee300000| Complete 
| 228|0x00000000ee400000, 0x00000000ee500000, 0x00000000ee500000|100%| E|CS|TAMS 0x00000000ee400000, 0x00000000ee400000| Complete 
| 229|0x00000000ee500000, 0x00000000ee600000, 0x00000000ee600000|100%| E|CS|TAMS 0x00000000ee500000, 0x00000000ee500000| Complete 
| 230|0x00000000ee600000, 0x00000000ee700000, 0x00000000ee700000|100%| E|CS|TAMS 0x00000000ee600000, 0x00000000ee600000| Complete 
| 231|0x00000000ee700000, 0x00000000ee800000, 0x00000000ee800000|100%| E|CS|TAMS 0x00000000ee700000, 0x00000000ee700000| Complete 
| 232|0x00000000ee800000, 0x00000000ee900000, 0x00000000ee900000|100%| E|CS|TAMS 0x00000000ee800000, 0x00000000ee800000| Complete 
| 233|0x00000000ee900000, 0x00000000eea00000, 0x00000000eea00000|100%| E|CS|TAMS 0x00000000ee900000, 0x00000000ee900000| Complete 
| 234|0x00000000eea00000, 0x00000000eeb00000, 0x00000000eeb00000|100%| E|CS|TAMS 0x00000000eea00000, 0x00000000eea00000| Complete 
| 235|0x00000000eeb00000, 0x00000000eec00000, 0x00000000eec00000|100%| E|CS|TAMS 0x00000000eeb00000, 0x00000000eeb00000| Complete 
| 236|0x00000000eec00000, 0x00000000eed00000, 0x00000000eed00000|100%| E|CS|TAMS 0x00000000eec00000, 0x00000000eec00000| Complete 
| 237|0x00000000eed00000, 0x00000000eee00000, 0x00000000eee00000|100%| E|CS|TAMS 0x00000000eed00000, 0x00000000eed00000| Complete 
| 238|0x00000000eee00000, 0x00000000eef00000, 0x00000000eef00000|100%| E|CS|TAMS 0x00000000eee00000, 0x00000000eee00000| Complete 
| 239|0x00000000eef00000, 0x00000000ef000000, 0x00000000ef000000|100%| E|CS|TAMS 0x00000000eef00000, 0x00000000eef00000| Complete 
| 240|0x00000000ef000000, 0x00000000ef100000, 0x00000000ef100000|100%| E|CS|TAMS 0x00000000ef000000, 0x00000000ef000000| Complete 
| 241|0x00000000ef100000, 0x00000000ef200000, 0x00000000ef200000|100%| E|CS|TAMS 0x00000000ef100000, 0x00000000ef100000| Complete 
| 242|0x00000000ef200000, 0x00000000ef300000, 0x00000000ef300000|100%| E|CS|TAMS 0x00000000ef200000, 0x00000000ef200000| Complete 
| 243|0x00000000ef300000, 0x00000000ef400000, 0x00000000ef400000|100%| E|CS|TAMS 0x00000000ef300000, 0x00000000ef300000| Complete 
| 244|0x00000000ef400000, 0x00000000ef500000, 0x00000000ef500000|100%| E|CS|TAMS 0x00000000ef400000, 0x00000000ef400000| Complete 
| 245|0x00000000ef500000, 0x00000000ef600000, 0x00000000ef600000|100%| E|CS|TAMS 0x00000000ef500000, 0x00000000ef500000| Complete 
| 246|0x00000000ef600000, 0x00000000ef700000, 0x00000000ef700000|100%| E|CS|TAMS 0x00000000ef600000, 0x00000000ef600000| Complete 
| 247|0x00000000ef700000, 0x00000000ef800000, 0x00000000ef800000|100%| E|CS|TAMS 0x00000000ef700000, 0x00000000ef700000| Complete 
| 248|0x00000000ef800000, 0x00000000ef900000, 0x00000000ef900000|100%| E|CS|TAMS 0x00000000ef800000, 0x00000000ef800000| Complete 
| 249|0x00000000ef900000, 0x00000000efa00000, 0x00000000efa00000|100%| E|CS|TAMS 0x00000000ef900000, 0x00000000ef900000| Complete 
| 250|0x00000000efa00000, 0x00000000efb00000, 0x00000000efb00000|100%| E|CS|TAMS 0x00000000efa00000, 0x00000000efa00000| Complete 
| 251|0x00000000efb00000, 0x00000000efc00000, 0x00000000efc00000|100%| E|CS|TAMS 0x00000000efb00000, 0x00000000efb00000| Complete 
| 252|0x00000000efc00000, 0x00000000efd00000, 0x00000000efd00000|100%| E|CS|TAMS 0x00000000efc00000, 0x00000000efc00000| Complete 
| 253|0x00000000efd00000, 0x00000000efe00000, 0x00000000efe00000|100%| E|CS|TAMS 0x00000000efd00000, 0x00000000efd00000| Complete 
| 254|0x00000000efe00000, 0x00000000eff00000, 0x00000000eff00000|100%| E|CS|TAMS 0x00000000efe00000, 0x00000000efe00000| Complete 
| 255|0x00000000eff00000, 0x00000000f0000000, 0x00000000f0000000|100%| E|CS|TAMS 0x00000000eff00000, 0x00000000eff00000| Complete 

Card table byte_map: [0x000001f6cbf20000,0x000001f6cc020000] _byte_map_base: 0x000001f6cb820000

Marking Bits (Prev, Next): (CMBitMap*) 0x000001f6b5424720, (CMBitMap*) 0x000001f6b54246e8
 Prev Bits: [0x000001f6cc920000, 0x000001f6cd120000)
 Next Bits: [0x000001f6cc120000, 0x000001f6cc920000)

Polling page: 0x000001f6b33a0000

Metaspace:

Usage:
  Non-class:     61.49 MB capacity,    59.84 MB ( 97%) used,     1.38 MB (  2%) free+waste,   275.06 KB ( <1%) overhead. 
      Class:      9.97 MB capacity,     8.99 MB ( 90%) used,   867.17 KB (  8%) free+waste,   133.88 KB (  1%) overhead. 
       Both:     71.46 MB capacity,    68.83 MB ( 96%) used,     2.23 MB (  3%) free+waste,   408.94 KB ( <1%) overhead. 

Virtual space:
  Non-class space:       62.00 MB reserved,      61.71 MB (>99%) committed 
      Class space:      376.00 MB reserved,      10.00 MB (  3%) committed 
             Both:      438.00 MB reserved,      71.71 MB ( 16%) committed 

Chunk freelists:
   Non-Class:  4.00 KB
       Class:  0 bytes
        Both:  4.00 KB

CodeHeap 'non-profiled nmethods': size=120000Kb used=4661Kb max_used=4661Kb free=115338Kb
 bounds [0x000001f6c45c0000, 0x000001f6c4a50000, 0x000001f6cbaf0000]
CodeHeap 'profiled nmethods': size=120000Kb used=19561Kb max_used=19561Kb free=100438Kb
 bounds [0x000001f6bd090000, 0x000001f6be3b0000, 0x000001f6c45c0000]
CodeHeap 'non-nmethods': size=5760Kb used=2270Kb max_used=2316Kb free=3489Kb
 bounds [0x000001f6bcaf0000, 0x000001f6bcd60000, 0x000001f6bd090000]
 total_blobs=10377 nmethods=9507 adapters=781
 compilation: enabled
              stopped_count=0, restarted_count=0
 full_count=0

Compilation events (10 events):
Event: 33.249 Thread 0x000001f6d0409000 9642       2       org.gradle.internal.operations.CurrentBuildOperationRef::instance (4 bytes)
Event: 33.249 Thread 0x000001f6d0409000 nmethod 9642 0x000001f6be392290 code [0x000001f6be392420, 0x000001f6be3924f8]
Event: 33.347 Thread 0x000001f6d0409000 9643       2       org.gradle.internal.io.LineBufferingOutputStream::write (59 bytes)
Event: 33.348 Thread 0x000001f6d0409000 nmethod 9643 0x000001f6be392590 code [0x000001f6be3927a0, 0x000001f6be392c38]
Event: 33.348 Thread 0x000001f6d0409000 9644       2       org.gradle.internal.io.StreamByteBuffer$StreamByteBufferOutputStream::write (22 bytes)
Event: 33.348 Thread 0x000001f6d0409000 nmethod 9644 0x000001f6be393010 code [0x000001f6be3931c0, 0x000001f6be393368]
Event: 33.348 Thread 0x000001f6d0409000 9645       2       org.gradle.internal.io.StreamByteBuffer$StreamByteBufferChunk::write (32 bytes)
Event: 33.349 Thread 0x000001f6d0409000 nmethod 9645 0x000001f6be393510 code [0x000001f6be3936a0, 0x000001f6be3937f8]
Event: 33.349 Thread 0x000001f6d0409000 9646       2       org.gradle.internal.io.LineBufferingOutputStream::endsWithLineSeparator (27 bytes)
Event: 33.349 Thread 0x000001f6d0409000 nmethod 9646 0x000001f6be393910 code [0x000001f6be393aa0, 0x000001f6be393bd8]

GC Heap History (10 events):
Event: 8.027 GC heap before
{Heap before GC invocations=4 (full 0):
 garbage-first heap   total 262144K, used 110670K [0x00000000e0000000, 0x0000000100000000)
  region size 1024K, 91 young (93184K), 3 survivors (3072K)
 Metaspace       used 34851K, capacity 35792K, committed 35920K, reserved 417792K
  class space    used 4694K, capacity 5068K, committed 5120K, reserved 385024K
}
Event: 8.034 GC heap after
{Heap after GC invocations=5 (full 0):
 garbage-first heap   total 262144K, used 24737K [0x00000000e0000000, 0x0000000100000000)
  region size 1024K, 6 young (6144K), 6 survivors (6144K)
 Metaspace       used 34851K, capacity 35792K, committed 35920K, reserved 417792K
  class space    used 4694K, capacity 5068K, committed 5120K, reserved 385024K
}
Event: 10.089 GC heap before
{Heap before GC invocations=6 (full 0):
 garbage-first heap   total 262144K, used 148641K [0x00000000e0000000, 0x0000000100000000)
  region size 1024K, 121 young (123904K), 6 survivors (6144K)
 Metaspace       used 46054K, capacity 47269K, committed 47568K, reserved 428032K
  class space    used 5972K, capacity 6440K, committed 6528K, reserved 385024K
}
Event: 10.102 GC heap after
{Heap after GC invocations=7 (full 0):
 garbage-first heap   total 262144K, used 32588K [0x00000000e0000000, 0x0000000100000000)
  region size 1024K, 14 young (14336K), 14 survivors (14336K)
 Metaspace       used 46054K, capacity 47269K, committed 47568K, reserved 428032K
  class space    used 5972K, capacity 6440K, committed 6528K, reserved 385024K
}
Event: 12.504 GC heap before
{Heap before GC invocations=7 (full 0):
 garbage-first heap   total 262144K, used 152396K [0x00000000e0000000, 0x0000000100000000)
  region size 1024K, 132 young (135168K), 14 survivors (14336K)
 Metaspace       used 58554K, capacity 60116K, committed 60296K, reserved 438272K
  class space    used 7694K, capacity 8304K, committed 8320K, reserved 385024K
}
Event: 12.518 GC heap after
{Heap after GC invocations=8 (full 0):
 garbage-first heap   total 262144K, used 38015K [0x00000000e0000000, 0x0000000100000000)
  region size 1024K, 14 young (14336K), 14 survivors (14336K)
 Metaspace       used 58554K, capacity 60116K, committed 60296K, reserved 438272K
  class space    used 7694K, capacity 8304K, committed 8320K, reserved 385024K
}
Event: 14.973 GC heap before
{Heap before GC invocations=9 (full 0):
 garbage-first heap   total 262144K, used 180351K [0x00000000e0000000, 0x0000000100000000)
  region size 1024K, 153 young (156672K), 14 survivors (14336K)
 Metaspace       used 66387K, capacity 68648K, committed 68820K, reserved 444416K
  class space    used 8843K, capacity 9692K, committed 9728K, reserved 385024K
}
Event: 14.994 GC heap after
{Heap after GC invocations=10 (full 0):
 garbage-first heap   total 262144K, used 48117K [0x00000000e0000000, 0x0000000100000000)
  region size 1024K, 16 young (16384K), 16 survivors (16384K)
 Metaspace       used 66387K, capacity 68648K, committed 68820K, reserved 444416K
  class space    used 8843K, capacity 9692K, committed 9728K, reserved 385024K
}
Event: 32.426 GC heap before
{Heap before GC invocations=10 (full 0):
 garbage-first heap   total 262144K, used 187381K [0x00000000e0000000, 0x0000000100000000)
  region size 1024K, 153 young (156672K), 16 survivors (16384K)
 Metaspace       used 69750K, capacity 72481K, committed 72660K, reserved 448512K
  class space    used 9205K, capacity 10207K, committed 10240K, reserved 385024K
}
Event: 32.443 GC heap after
{Heap after GC invocations=11 (full 0):
 garbage-first heap   total 262144K, used 52777K [0x00000000e0000000, 0x0000000100000000)
  region size 1024K, 15 young (15360K), 15 survivors (15360K)
 Metaspace       used 69750K, capacity 72481K, committed 72660K, reserved 448512K
  class space    used 9205K, capacity 10207K, committed 10240K, reserved 385024K
}

Deoptimization events (10 events):
Event: 17.965 Thread 0x000001f6d2580000 Uncommon trap: reason=class_check action=maybe_recompile pc=0x000001f6c45c7164 method=java.lang.String.equals(Ljava/lang/Object;)Z @ 8 c2
Event: 17.965 Thread 0x000001f6d2580000 Uncommon trap: reason=class_check action=maybe_recompile pc=0x000001f6c45c7164 method=java.lang.String.equals(Ljava/lang/Object;)Z @ 8 c2
Event: 18.085 Thread 0x000001f6d2580000 Uncommon trap: reason=speculate_class_check action=maybe_recompile pc=0x000001f6c49d3f78 method=jdk.internal.reflect.UnsafeQualifiedObjectFieldAccessorImpl.get(Ljava/lang/Object;)Ljava/lang/Object; @ 13 c2
Event: 18.085 Thread 0x000001f6d2580000 Uncommon trap: reason=speculate_class_check action=maybe_recompile pc=0x000001f6c49d3f78 method=jdk.internal.reflect.UnsafeQualifiedObjectFieldAccessorImpl.get(Ljava/lang/Object;)Ljava/lang/Object; @ 13 c2
Event: 18.085 Thread 0x000001f6d2580000 Uncommon trap: reason=speculate_class_check action=maybe_recompile pc=0x000001f6c49d3f78 method=jdk.internal.reflect.UnsafeQualifiedObjectFieldAccessorImpl.get(Ljava/lang/Object;)Ljava/lang/Object; @ 13 c2
Event: 18.085 Thread 0x000001f6d2580000 Uncommon trap: reason=speculate_class_check action=maybe_recompile pc=0x000001f6c49d3f78 method=jdk.internal.reflect.UnsafeQualifiedObjectFieldAccessorImpl.get(Ljava/lang/Object;)Ljava/lang/Object; @ 13 c2
Event: 18.139 Thread 0x000001f6d318d000 Uncommon trap: reason=unstable_if action=reinterpret pc=0x000001f6c48e4e50 method=com.esotericsoftware.kryo.io.Input.require(I)I @ 180 c2
Event: 25.237 Thread 0x000001f6d2d89800 Uncommon trap: reason=unstable_if action=reinterpret pc=0x000001f6c45f8d10 method=java.lang.AbstractStringBuilder.append(Ljava/lang/String;)Ljava/lang/AbstractStringBuilder; @ 1 c2
Event: 32.364 Thread 0x000001f6d2580000 Uncommon trap: reason=bimorphic_or_optimized_type_check action=maybe_recompile pc=0x000001f6c4744060 method=java.util.Spliterators$IteratorSpliterator.tryAdvance(Ljava/util/function/Consumer;)Z @ 50 c2
Event: 32.586 Thread 0x000001f6d1284800 Uncommon trap: reason=unstable_if action=reinterpret pc=0x000001f6c45ec760 method=java.io.WinNTFileSystem.isSlash(C)Z @ 9 c2

Classes redefined (0 events):
No events

Internal exceptions (10 events):
Event: 18.094 Thread 0x000001f6d318c000 Exception <a 'java/lang/NoSuchMethodError'{0x00000000e824a0a0}: static Lorg/gradle/internal/classloader/ClassLoaderSpec;.<clinit>()V> (0x00000000e824a0a0) thrown at [./open/src/hotspot/share/prims/jni.cpp, line 1366]
Event: 18.096 Thread 0x000001f6d318c000 Exception <a 'java/lang/NoSuchMethodError'{0x00000000e825d128}: static Lorg/gradle/internal/classloader/ClassLoaderSpec;.<clinit>()V> (0x00000000e825d128) thrown at [./open/src/hotspot/share/prims/jni.cpp, line 1366]
Event: 18.096 Thread 0x000001f6d318c000 Exception <a 'java/lang/NoSuchMethodError'{0x00000000e8269aa8}: static Lorg/gradle/internal/classloader/VisitableURLClassLoader$Spec;.<clinit>()V> (0x00000000e8269aa8) thrown at [./open/src/hotspot/share/prims/jni.cpp, line 1366]
Event: 25.237 Thread 0x000001f6d2d89800 Implicit null exception at 0x000001f6c45f87f4 to 0x000001f6c45f8cf8
Event: 32.250 Thread 0x000001f6d2580000 Exception <a 'sun/nio/fs/WindowsException'{0x00000000e80fabb0}> (0x00000000e80fabb0) thrown at [./open/src/hotspot/share/prims/jni.cpp, line 611]
Event: 32.251 Thread 0x000001f6d2580000 Exception <a 'sun/nio/fs/WindowsException'{0x00000000e80fc108}> (0x00000000e80fc108) thrown at [./open/src/hotspot/share/prims/jni.cpp, line 611]
Event: 32.251 Thread 0x000001f6d2580000 Exception <a 'sun/nio/fs/WindowsException'{0x00000000e80fd660}> (0x00000000e80fd660) thrown at [./open/src/hotspot/share/prims/jni.cpp, line 611]
Event: 32.251 Thread 0x000001f6d2580000 Exception <a 'sun/nio/fs/WindowsException'{0x00000000e80feb90}> (0x00000000e80feb90) thrown at [./open/src/hotspot/share/prims/jni.cpp, line 611]
Event: 32.352 Thread 0x000001f6d2580000 Exception <a 'java/lang/NoClassDefFoundError'{0x00000000e7ab5790}: org/jetbrains/kotlin/gradle/plugin/KotlinPluginWrapper> (0x00000000e7ab5790) thrown at [./open/src/hotspot/share/oops/constantPool.cpp, line 770]
Event: 32.406 Thread 0x000001f6d1284800 Exception <a 'java/lang/NoSuchMethodError'{0x00000000e7708310}: java.lang.invoke.DirectMethodHandle$Holder.invokeSpecial(Ljava/lang/Object;Ljava/lang/Object;Ljava/lang/Object;Ljava/lang/Object;Ljava/lang/Object;)I> (0x00000000e7708310) thrown at [./open/s

Events (10 events):
Event: 33.195 Thread 0x000001f6d12ae800 Thread added: 0x000001f6d12ae800
Event: 33.198 Thread 0x000001f6d1284800 DEOPT PACKING pc=0x000001f6bdf57b11 sp=0x0000009b4faf9cb0
Event: 33.198 Thread 0x000001f6d1284800 DEOPT UNPACKING pc=0x000001f6bcb16d5e sp=0x0000009b4faf9268 mode 0
Event: 33.211 Thread 0x000001f6d12ad000 Thread added: 0x000001f6d12ad000
Event: 33.212 Thread 0x000001f6d1284800 DEOPT PACKING pc=0x000001f6bdf3edb0 sp=0x0000009b4fafa380
Event: 33.212 Thread 0x000001f6d1284800 DEOPT UNPACKING pc=0x000001f6bcb16d5e sp=0x0000009b4faf9870 mode 0
Event: 33.223 Thread 0x000001f6d1284800 DEOPT PACKING pc=0x000001f6bdf3edb0 sp=0x0000009b4fafa920
Event: 33.223 Thread 0x000001f6d1284800 DEOPT UNPACKING pc=0x000001f6bcb16d5e sp=0x0000009b4faf9e10 mode 0
Event: 33.226 Thread 0x000001f6d12af800 Thread added: 0x000001f6d12af800
Event: 33.248 Thread 0x000001f6d12ab800 Thread added: 0x000001f6d12ab800


Dynamic libraries:
0x00007ff6ed830000 - 0x00007ff6ed840000 	C:\Program Files\Java\jdk-11\bin\java.exe
0x00007ffdc5b20000 - 0x00007ffdc5d29000 	C:\WINDOWS\SYSTEM32\ntdll.dll
0x00007ffdc42c0000 - 0x00007ffdc437d000 	C:\WINDOWS\System32\KERNEL32.DLL
0x00007ffdc3390000 - 0x00007ffdc3714000 	C:\WINDOWS\System32\KERNELBASE.dll
0x00007ffdc3720000 - 0x00007ffdc3831000 	C:\WINDOWS\System32\ucrtbase.dll
0x00007ffda5c00000 - 0x00007ffda5c19000 	C:\Program Files\Java\jdk-11\bin\jli.dll
0x00007ffdc4cb0000 - 0x00007ffdc4d5e000 	C:\WINDOWS\System32\ADVAPI32.dll
0x00007ffda5ed0000 - 0x00007ffda5eeb000 	C:\Program Files\Java\jdk-11\bin\VCRUNTIME140.dll
0x00007ffdc4430000 - 0x00007ffdc44d3000 	C:\WINDOWS\System32\msvcrt.dll
0x00007ffdc39f0000 - 0x00007ffdc3a8e000 	C:\WINDOWS\System32\sechost.dll
0x00007ffdc3ae0000 - 0x00007ffdc3c01000 	C:\WINDOWS\System32\RPCRT4.dll
0x00007ffdc4070000 - 0x00007ffdc421d000 	C:\WINDOWS\System32\USER32.dll
0x00007ffdc2fb0000 - 0x00007ffdc2fd6000 	C:\WINDOWS\System32\win32u.dll
0x00007ffdc5660000 - 0x00007ffdc568a000 	C:\WINDOWS\System32\GDI32.dll
0x00007ffdb48e0000 - 0x00007ffdb4b85000 	C:\WINDOWS\WinSxS\amd64_microsoft.windows.common-controls_6595b64144ccf1df_6.0.22000.120_none_9d947278b86cc467\COMCTL32.dll
0x00007ffdc3060000 - 0x00007ffdc317e000 	C:\WINDOWS\System32\gdi32full.dll
0x00007ffdc32f0000 - 0x00007ffdc338d000 	C:\WINDOWS\System32\msvcp_win.dll
0x00007ffdbb300000 - 0x00007ffdbb30a000 	C:\WINDOWS\SYSTEM32\VERSION.dll
0x00007ffdc3aa0000 - 0x00007ffdc3ad1000 	C:\WINDOWS\System32\IMM32.DLL
0x00007ffda6520000 - 0x00007ffda652c000 	C:\Program Files\Java\jdk-11\bin\vcruntime140_1.dll
0x00007ffda2a60000 - 0x00007ffda2aee000 	C:\Program Files\Java\jdk-11\bin\msvcp140.dll
0x00007ffd89fb0000 - 0x00007ffd8ab1d000 	C:\Program Files\Java\jdk-11\bin\server\jvm.dll
0x00007ffdc5690000 - 0x00007ffdc5698000 	C:\WINDOWS\System32\PSAPI.DLL
0x00007ffdb18a0000 - 0x00007ffdb18a9000 	C:\WINDOWS\SYSTEM32\WSOCK32.dll
0x00007ffdbb720000 - 0x00007ffdbb753000 	C:\WINDOWS\SYSTEM32\WINMM.dll
0x00007ffdc4220000 - 0x00007ffdc428f000 	C:\WINDOWS\System32\WS2_32.dll
0x00007ffdc2010000 - 0x00007ffdc2028000 	C:\WINDOWS\SYSTEM32\kernel.appcore.dll
0x00007ffda5ab0000 - 0x00007ffda5ac0000 	C:\Program Files\Java\jdk-11\bin\verify.dll
0x00007ffdc0a80000 - 0x00007ffdc0ca1000 	C:\WINDOWS\SYSTEM32\DBGHELP.DLL
0x00007ffdad8d0000 - 0x00007ffdad901000 	C:\WINDOWS\SYSTEM32\dbgcore.DLL
0x00007ffdc2fe0000 - 0x00007ffdc305f000 	C:\WINDOWS\System32\bcryptPrimitives.dll
0x00007ffda5060000 - 0x00007ffda5088000 	C:\Program Files\Java\jdk-11\bin\java.dll
0x00007ffda59a0000 - 0x00007ffda59aa000 	C:\Program Files\Java\jdk-11\bin\jimage.dll
0x00007ffdbe550000 - 0x00007ffdbe55e000 	C:\Program Files\Java\jdk-11\bin\instrument.dll
0x00007ffda5660000 - 0x00007ffda5677000 	C:\Program Files\Java\jdk-11\bin\zip.dll
0x00007ffdc44e0000 - 0x00007ffdc4ca5000 	C:\WINDOWS\System32\SHELL32.dll
0x00007ffdc0f20000 - 0x00007ffdc1782000 	C:\WINDOWS\SYSTEM32\windows.storage.dll
0x00007ffdc56a0000 - 0x00007ffdc5a16000 	C:\WINDOWS\System32\combase.dll
0x00007ffdc0db0000 - 0x00007ffdc0f17000 	C:\WINDOWS\SYSTEM32\wintypes.dll
0x00007ffdc3f20000 - 0x00007ffdc400a000 	C:\WINDOWS\System32\SHCORE.dll
0x00007ffdc3ec0000 - 0x00007ffdc3f1d000 	C:\WINDOWS\System32\shlwapi.dll
0x00007ffdc2ee0000 - 0x00007ffdc2f05000 	C:\WINDOWS\SYSTEM32\profapi.dll
0x00007ffda4c30000 - 0x00007ffda4c49000 	C:\Program Files\Java\jdk-11\bin\net.dll
0x00007ffdbb5e0000 - 0x00007ffdbb6f4000 	C:\WINDOWS\SYSTEM32\WINHTTP.dll
0x00007ffdc2540000 - 0x00007ffdc25a7000 	C:\WINDOWS\system32\mswsock.dll
0x00007ffda2f70000 - 0x00007ffda2f82000 	C:\Program Files\Java\jdk-11\bin\nio.dll
0x00007ffd9a5e0000 - 0x00007ffd9a607000 	C:\Users\LG\.gradle\native\68d5fa5c4cc2d200863cafc0d521ce42e7d3e7ee720ec0a83991735586a16f82\windows-amd64\native-platform.dll
0x00007ffd89440000 - 0x00007ffd89584000 	C:\Users\LG\.gradle\native\e376f236ea51e6404a007f0833ffe2c6e607c4080706a723a18a27aeea778392\windows-amd64\native-platform-file-events.dll
0x00007ffda4e70000 - 0x00007ffda4e79000 	C:\Program Files\Java\jdk-11\bin\management.dll
0x00007ffda4c20000 - 0x00007ffda4c2b000 	C:\Program Files\Java\jdk-11\bin\management_ext.dll
0x00007ffdc2800000 - 0x00007ffdc2818000 	C:\WINDOWS\SYSTEM32\CRYPTSP.dll
0x00007ffdc1f70000 - 0x00007ffdc1fa5000 	C:\WINDOWS\system32\rsaenh.dll
0x00007ffdc2660000 - 0x00007ffdc268c000 	C:\WINDOWS\SYSTEM32\USERENV.dll
0x00007ffdc2980000 - 0x00007ffdc29a7000 	C:\WINDOWS\SYSTEM32\bcrypt.dll
0x00007ffdc2820000 - 0x00007ffdc282c000 	C:\WINDOWS\SYSTEM32\CRYPTBASE.dll
0x00007ffdc1b40000 - 0x00007ffdc1b6d000 	C:\WINDOWS\SYSTEM32\IPHLPAPI.DLL
0x00007ffdc42b0000 - 0x00007ffdc42b9000 	C:\WINDOWS\System32\NSI.dll
0x00007ffdbb3e0000 - 0x00007ffdbb3f9000 	C:\WINDOWS\SYSTEM32\dhcpcsvc6.DLL
0x00007ffdbb960000 - 0x00007ffdbb97e000 	C:\WINDOWS\SYSTEM32\dhcpcsvc.DLL
0x00007ffdc1bb0000 - 0x00007ffdc1c97000 	C:\WINDOWS\SYSTEM32\DNSAPI.dll
0x00007ffd97210000 - 0x00007ffd97237000 	C:\Program Files\Java\jdk-11\bin\sunec.dll
0x00007ffdb48b0000 - 0x00007ffdb48ba000 	C:\Windows\System32\rasadhlp.dll
0x00007ffdb9b60000 - 0x00007ffdb9be1000 	C:\WINDOWS\System32\fwpuclnt.dll
0x00007ffda2a50000 - 0x00007ffda2a5e000 	C:\Program Files\Java\jdk-11\bin\sunmscapi.dll
0x00007ffdc3180000 - 0x00007ffdc32e2000 	C:\WINDOWS\System32\CRYPT32.dll
0x00007ffdc2950000 - 0x00007ffdc2978000 	C:\WINDOWS\SYSTEM32\ncrypt.dll
0x00007ffdc2910000 - 0x00007ffdc2947000 	C:\WINDOWS\SYSTEM32\NTASN1.dll

dbghelp: loaded successfully - version: 4.0.5 - missing functions: none
symbol engine: initialized successfully - sym options: 0x614 - pdb path: .;C:\Program Files\Java\jdk-11\bin;C:\WINDOWS\SYSTEM32;C:\WINDOWS\WinSxS\amd64_microsoft.windows.common-controls_6595b64144ccf1df_6.0.22000.120_none_9d947278b86cc467;C:\Program Files\Java\jdk-11\bin\server;C:\Users\LG\.gradle\native\68d5fa5c4cc2d200863cafc0d521ce42e7d3e7ee720ec0a83991735586a16f82\windows-amd64;C:\Users\LG\.gradle\native\e376f236ea51e6404a007f0833ffe2c6e607c4080706a723a18a27aeea778392\windows-amd64

VM Arguments:
jvm_args: --add-opens=java.base/java.util=ALL-UNNAMED --add-opens=java.base/java.lang=ALL-UNNAMED --add-opens=java.base/java.lang.invoke=ALL-UNNAMED --add-opens=java.prefs/java.util.prefs=ALL-UNNAMED --add-opens=java.base/java.nio.charset=ALL-UNNAMED --add-opens=java.base/java.net=ALL-UNNAMED --add-opens=java.base/java.util.concurrent.atomic=ALL-UNNAMED -XX:MaxMetaspaceSize=384m -XX:+HeapDumpOnOutOfMemoryError -Xms256m -Xmx512m -Dfile.encoding=x-windows-949 -Duser.country=KR -Duser.language=ko -Duser.variant -javaagent:C:\Users\LG\.gradle\wrapper\dists\gradle-8.2.1-bin\5hap6b9n41hkg4jeh2au2pllh\gradle-8.2.1\lib\agents\gradle-instrumentation-agent-8.2.1.jar 
java_command: org.gradle.launcher.daemon.bootstrap.GradleDaemon 8.2.1
java_class_path (initial): C:\Users\LG\.gradle\wrapper\dists\gradle-8.2.1-bin\5hap6b9n41hkg4jeh2au2pllh\gradle-8.2.1\lib\gradle-launcher-8.2.1.jar
Launcher Type: SUN_STANDARD

[Global flags]
     intx CICompilerCount                          = 4                                         {product} {ergonomic}
   size_t CompressedClassSpaceSize                 = 394264576                                 {product} {ergonomic}
     uint ConcGCThreads                            = 2                                         {product} {ergonomic}
     uint G1ConcRefinementThreads                  = 8                                         {product} {ergonomic}
   size_t G1HeapRegionSize                         = 1048576                                   {product} {ergonomic}
    uintx GCDrainStackTargetSize                   = 64                                        {product} {ergonomic}
     bool HeapDumpOnOutOfMemoryError               = true                                   {manageable} {command line}
   size_t InitialHeapSize                          = 268435456                                 {product} {command line}
   size_t MarkStackSize                            = 4194304                                   {product} {ergonomic}
   size_t MaxHeapSize                              = 536870912                                 {product} {command line}
   size_t MaxMetaspaceSize                         = 402653184                                 {product} {command line}
   size_t MaxNewSize                               = 321912832                                 {product} {ergonomic}
   size_t MinHeapDeltaBytes                        = 1048576                                   {product} {ergonomic}
    uintx NonNMethodCodeHeapSize                   = 5836300                                {pd product} {ergonomic}
    uintx NonProfiledCodeHeapSize                  = 122910970                              {pd product} {ergonomic}
    uintx ProfiledCodeHeapSize                     = 122910970                              {pd product} {ergonomic}
    uintx ReservedCodeCacheSize                    = 251658240                              {pd product} {ergonomic}
     bool SegmentedCodeCache                       = true                                      {product} {ergonomic}
     bool UseCompressedClassPointers               = true                                 {lp64_product} {ergonomic}
     bool UseCompressedOops                        = true                                 {lp64_product} {ergonomic}
     bool UseG1GC                                  = true                                      {product} {ergonomic}
     bool UseLargePagesIndividualAllocation        = false                                  {pd product} {ergonomic}

Logging:
Log output configuration:
 #0: stdout all=warning uptime,level,tags
 #1: stderr all=off uptime,level,tags

Environment Variables:
JAVA_HOME=C:\jdk-11.0.2
CLASSPATH=C:\jdk-11.0.2\lib
PATH=C:\jdk-11.0.2\bin;C:\jdk-11.0.2;C:\Program Files\Eclipse Adoptium\jdk-8.0.382.5-hotspot\bin;C:\oraclexe\app\oracle\product\10.2.0\server\bin;C:\Program Files (x86)\Common Files\Oracle\Java\javapath;C:\Program Files (x86)\Intel\iCLS Client\;C:\Program Files\Intel\iCLS Client\;C:\windows\system32;C:\windows;C:\windows\System32\Wbem;C:\windows\System32\WindowsPowerShell\v1.0\;C:\Program Files (x86)\Intel\Intel(R) Management Engine Components\DAL;C:\Program Files\Intel\Intel(R) Management Engine Components\DAL;C:\Program Files (x86)\Intel\Intel(R) Management Engine Components\IPT;C:\Program Files\Intel\Intel(R) Management Engine Components\IPT;C:\Program Files\Intel\WiFi\bin\;C:\Program Files\Common Files\Intel\WirelessCommon\;C:\Program Files (x86)\NVIDIA Corporation\PhysX\Common;C:\Program Files (x86)\Skype\Phone\;C:\WINDOWS\system32;C:\WINDOWS;C:\WINDOWS\System32\Wbem;C:\WINDOWS\System32\WindowsPowerShell\v1.0\;C:\WINDOWS\System32\OpenSSH\;C:\Program Files\nodejs\;D:\openssl-0.9.8e_X64\bin;C:\ProgramData\chocolatey\bin;C:\ProgramData\chocolatey\lib\maven\apache-maven-3.9.4\bin;C:\Program Files\Git\cmd;C:\Program Files\MariaDB 10.11\bin;D:\Scripts\;D:\;C:\Users\LG\AppData\Local\Microsoft\WindowsApps;C:\Users\LG\AppData\Local\afreeca;C:\altera\13.1\modelsim_ase\win32aloem;D:\PyCharm Community Edition 2022.1.3\bin;;C:\Users\LG\AppData\Local\Programs\Microsoft VS Code\bin;C:\Users\LG\AppData\Roaming\npm;C:\Program Files\Java\jdk-1.8\bin;D:\IntelliJ IDEA Community Edition 2023.1.3\bin;;
USERNAME=LG
OS=Windows_NT
PROCESSOR_IDENTIFIER=Intel64 Family 6 Model 142 Stepping 10, GenuineIntel



---------------  S Y S T E M  ---------------

OS: Windows 11 , 64 bit Build 22000 (10.0.22000.2538)

CPU:total 8 (initial active 8) (4 cores per cpu, 2 threads per core) family 6 model 142 stepping 10 microcode 0xe0, cmov, cx8, fxsr, mmx, sse, sse2, sse3, ssse3, sse4.1, sse4.2, popcnt, avx, avx2, aes, clmul, erms, 3dnowpref, lzcnt, ht, tsc, tscinvbit, bmi1, bmi2, adx, fma

Memory: 4k page, system-wide physical 8101M (322M free)
TotalPageFile size 16293M (AvailPageFile size 28M)
current process WorkingSet (physical memory assigned to process): 410M, peak: 414M
current process commit charge ("private bytes"): 503M, peak: 511M

vm_info: Java HotSpot(TM) 64-Bit Server VM (11.0.20+9-LTS-256) for windows-amd64 JRE (11.0.20+9-LTS-256), built on Jun 14 2023 10:34:22 by "mach5one" with MS VC++ 17.1 (VS2022)

END.
