#
# There is insufficient memory for the Java Runtime Environment to continue.
# Native memory allocation (malloc) failed to allocate 109456 bytes for Chunk::new
# Possible reasons:
#   The system is out of physical RAM or swap space
#   The process is running with CompressedOops enabled, and the Java Heap may be blocking the growth of the native heap
# Possible solutions:
#   Reduce memory load on the system
#   Increase physical memory or swap space
#   Check if swap backing store is full
#   Decrease Java heap size (-Xmx/-Xms)
#   Decrease number of Java threads
#   Decrease Java thread stack sizes (-Xss)
#   Set larger code cache with -XX:ReservedCodeCacheSize=
#   JVM is running with Unscaled Compressed Oops mode in which the Java heap is
#     placed in the first 4GB address space. The Java Heap base address is the
#     maximum limit for the native heap growth. Please use -XX:HeapBaseMinAddress
#     to set the Java Heap base and to place the Java Heap above 4GB virtual address.
# This output file may be truncated or incomplete.
#
#  Out of Memory Error (./open/src/hotspot/share/memory/arena.cpp:197), pid=8716, tid=26364
#
# JRE version: Java(TM) SE Runtime Environment 18.9 (11.0.20+9) (build 11.0.20+9-LTS-256)
# Java VM: Java HotSpot(TM) 64-Bit Server VM 18.9 (11.0.20+9-LTS-256, mixed mode, tiered, compressed oops, g1 gc, windows-amd64)
# No core dump will be written. Minidumps are not enabled by default on client versions of Windows
#

---------------  S U M M A R Y ------------

Command Line: --add-opens=java.base/java.util=ALL-UNNAMED --add-opens=java.base/java.lang=ALL-UNNAMED --add-opens=java.base/java.lang.invoke=ALL-UNNAMED --add-opens=java.prefs/java.util.prefs=ALL-UNNAMED --add-opens=java.base/java.nio.charset=ALL-UNNAMED --add-opens=java.base/java.net=ALL-UNNAMED --add-opens=java.base/java.util.concurrent.atomic=ALL-UNNAMED -XX:MaxMetaspaceSize=384m -XX:+HeapDumpOnOutOfMemoryError -Xms256m -Xmx512m -Dfile.encoding=x-windows-949 -Duser.country=KR -Duser.language=ko -Duser.variant -javaagent:C:\Users\LG\.gradle\wrapper\dists\gradle-8.2.1-bin\5hap6b9n41hkg4jeh2au2pllh\gradle-8.2.1\lib\agents\gradle-instrumentation-agent-8.2.1.jar org.gradle.launcher.daemon.bootstrap.GradleDaemon 8.2.1

Host: Intel(R) Core(TM) i5-8250U CPU @ 1.60GHz, 8 cores, 7G,  Windows 11 , 64 bit Build 22000 (10.0.22000.2538)
Time: Sun Nov 12 20:05:00 2023  Windows 11 , 64 bit Build 22000 (10.0.22000.2538) elapsed time: 1282.340009 seconds (0d 0h 21m 22s)

---------------  T H R E A D  ---------------

Current thread (0x000001667313d800):  JavaThread "C2 CompilerThread0" daemon [_thread_in_native, id=26364, stack(0x00000001af200000,0x00000001af300000)]


Current CompileTask:
C2:1282340 8426       4       java.util.concurrent.locks.AbstractQueuedSynchronizer$ConditionObject::awaitNanos (181 bytes)

Stack: [0x00000001af200000,0x00000001af300000]
Native frames: (J=compiled Java code, j=interpreted, Vv=VM code, C=native code)
V  [jvm.dll+0x6602ba]
V  [jvm.dll+0x7a32af]
V  [jvm.dll+0x7a4979]
V  [jvm.dll+0x7a5013]
V  [jvm.dll+0x258ef5]
V  [jvm.dll+0xb2a0c]
V  [jvm.dll+0xb2fcc]
V  [jvm.dll+0x367691]
V  [jvm.dll+0x1a2844]
V  [jvm.dll+0x211d4d]
V  [jvm.dll+0x210bc8]
V  [jvm.dll+0x18cdb1]
V  [jvm.dll+0x220e59]
V  [jvm.dll+0x21f17c]
V  [jvm.dll+0x767061]
V  [jvm.dll+0x75f8e4]
V  [jvm.dll+0x65f165]
C  [ucrtbase.dll+0x26c0c]
C  [KERNEL32.DLL+0x153e0]
C  [ntdll.dll+0x485b]


---------------  P R O C E S S  ---------------

Threads class SMR info:
_java_thread_list=0x0000016679855680, length=129, elements={
0x0000016658083000, 0x0000016672826800, 0x0000016672827000, 0x0000016673138000,
0x0000016673139800, 0x000001667313a800, 0x000001667313d800, 0x000001667313e800,
0x0000016673141800, 0x00000166732bd000, 0x0000016675947000, 0x00000166732aa000,
0x00000166738cf000, 0x00000166749c5000, 0x00000166749bc800, 0x00000166757d0000,
0x000001667506e000, 0x00000166753ad800, 0x0000016675a7b000, 0x00000166753b9800,
0x00000166753be800, 0x00000166753bd800, 0x00000166753bb000, 0x00000166753bc000,
0x00000166753b8800, 0x00000166753bd000, 0x00000166753bf800, 0x00000166753ba800,
0x00000166761db800, 0x00000166761d9800, 0x00000166761db000, 0x00000166761da000,
0x00000166761e0800, 0x00000166761df000, 0x00000166761e3000, 0x00000166761e2800,
0x00000166761e0000, 0x00000166761dd800, 0x00000166761e8000, 0x00000166761e4000,
0x00000166761e5800, 0x00000166761e4800, 0x00000166761e6800, 0x00000166761e7000,
0x0000016676f8e000, 0x0000016676f92000, 0x0000016676f91800, 0x0000016676f90800,
0x0000016676f90000, 0x0000016676f93000, 0x0000016676f8d800, 0x0000016676f8f000,
0x000001667a451800, 0x000001667a44f000, 0x000001667a450800, 0x000001667a450000,
0x000001667a452800, 0x000001667a459000, 0x000001667a458000, 0x000001667a453000,
0x000001667a457000, 0x000001667a454000, 0x000001667a454800, 0x000001667a455800,
0x000001667a459800, 0x000001667a45a800, 0x000001667a45b000, 0x000001667a456800,
0x000001667a45c000, 0x000001667a45d800, 0x000001667a45d000, 0x000001667aee8000,
0x000001667aeeb000, 0x000001667aee9800, 0x000001667aee7000, 0x000001667aeea000,
0x000001667aee6000, 0x000001667aee8800, 0x000001667aef0000, 0x000001667aef1000,
0x000001667aef1800, 0x000001667aeee800, 0x000001667aeec000, 0x000001667aef2800,
0x000001667aeef000, 0x000001667aeec800, 0x000001667aef3000, 0x000001667aeed800,
0x000001667aef4000, 0x000001667aef5000, 0x00000166798ee000, 0x00000166798ea000,
0x00000166798e8800, 0x00000166798ef000, 0x00000166798eb800, 0x00000166798e9000,
0x00000166798ef800, 0x00000166798f1000, 0x00000166798ed000, 0x00000166798f0800,
0x00000166798f2000, 0x00000166798ec800, 0x00000166798f4800, 0x00000166798f5800,
0x00000166798f7000, 0x00000166798f6000, 0x00000166798f3800, 0x00000166798f3000,
0x0000016679ab6800, 0x0000016679abc800, 0x0000016679abb000, 0x0000016679aba000,
0x0000016679abb800, 0x0000016679abd800, 0x0000016679ab7800, 0x0000016679ab9000,
0x0000016679ab8800, 0x0000016679abf000, 0x0000016679ac3000, 0x0000016679ac2000,
0x0000016679ac0800, 0x0000016679ac1800, 0x0000016679abe000, 0x0000016679ac4000,
0x0000016679abf800, 0x0000016679ac5800, 0x0000016679ac4800, 0x000001667c3e5800,
0x000001667c3e8800
}

Java Threads: ( => current thread )
  0x0000016658083000 JavaThread "main" [_thread_blocked, id=14316, stack(0x00000001ae600000,0x00000001ae700000)]
  0x0000016672826800 JavaThread "Reference Handler" daemon [_thread_blocked, id=3328, stack(0x00000001aed00000,0x00000001aee00000)]
  0x0000016672827000 JavaThread "Finalizer" daemon [_thread_blocked, id=36780, stack(0x00000001aee00000,0x00000001aef00000)]
  0x0000016673138000 JavaThread "Signal Dispatcher" daemon [_thread_blocked, id=13152, stack(0x00000001aef00000,0x00000001af000000)]
  0x0000016673139800 JavaThread "Attach Listener" daemon [_thread_blocked, id=15828, stack(0x00000001af000000,0x00000001af100000)]
  0x000001667313a800 JavaThread "Service Thread" daemon [_thread_blocked, id=27356, stack(0x00000001af100000,0x00000001af200000)]
=>0x000001667313d800 JavaThread "C2 CompilerThread0" daemon [_thread_in_native, id=26364, stack(0x00000001af200000,0x00000001af300000)]
  0x000001667313e800 JavaThread "C1 CompilerThread0" daemon [_thread_blocked, id=24120, stack(0x00000001af300000,0x00000001af400000)]
  0x0000016673141800 JavaThread "Sweeper thread" daemon [_thread_blocked, id=36712, stack(0x00000001af400000,0x00000001af500000)]
  0x00000166732bd000 JavaThread "Common-Cleaner" daemon [_thread_blocked, id=7288, stack(0x00000001af500000,0x00000001af600000)]
  0x0000016675947000 JavaThread "Daemon health stats" [_thread_blocked, id=23280, stack(0x00000001afe00000,0x00000001aff00000)]
  0x00000166732aa000 JavaThread "Incoming local TCP Connector on port 2031" [_thread_in_native, id=12032, stack(0x00000001af600000,0x00000001af700000)]
  0x00000166738cf000 JavaThread "Daemon periodic checks" [_thread_blocked, id=15224, stack(0x00000001af800000,0x00000001af900000)]
  0x00000166749c5000 JavaThread "Daemon" [_thread_blocked, id=14256, stack(0x00000001aff00000,0x00000001b0000000)]
  0x00000166749bc800 JavaThread "Handler for socket connection from /127.0.0.1:2031 to /127.0.0.1:2032" [_thread_in_native, id=26100, stack(0x00000001b0000000,0x00000001b0100000)]
  0x00000166757d0000 JavaThread "Cancel handler" [_thread_blocked, id=24516, stack(0x00000001b0100000,0x00000001b0200000)]
  0x000001667506e000 JavaThread "Daemon worker" [_thread_blocked, id=19840, stack(0x00000001b0200000,0x00000001b0300000)]
  0x00000166753ad800 JavaThread "Asynchronous log dispatcher for DefaultDaemonConnection: socket connection from /127.0.0.1:2031 to /127.0.0.1:2032" [_thread_blocked, id=23724, stack(0x00000001b0300000,0x00000001b0400000)]
  0x0000016675a7b000 JavaThread "Stdin handler" [_thread_blocked, id=19420, stack(0x00000001b0400000,0x00000001b0500000)]
  0x00000166753b9800 JavaThread "Daemon client event forwarder" [_thread_blocked, id=25228, stack(0x00000001b0500000,0x00000001b0600000)]
  0x00000166753be800 JavaThread "Cache worker for journal cache (C:\Users\LG\.gradle\caches\journal-1)" [_thread_blocked, id=11212, stack(0x00000001b0900000,0x00000001b0a00000)]
  0x00000166753bd800 JavaThread "File lock request listener" [_thread_in_native, id=23088, stack(0x00000001b0a00000,0x00000001b0b00000)]
  0x00000166753bb000 JavaThread "Cache worker for file hash cache (C:\Users\LG\.gradle\caches\8.2.1\fileHashes)" [_thread_blocked, id=27580, stack(0x00000001b0c00000,0x00000001b0d00000)]
  0x00000166753bc000 JavaThread "File watcher server" daemon [_thread_in_native, id=36672, stack(0x00000001b0d00000,0x00000001b0e00000)]
  0x00000166753b8800 JavaThread "File watcher consumer" daemon [_thread_in_Java, id=36676, stack(0x00000001b0e00000,0x00000001b0f00000)]
  0x00000166753bd000 JavaThread "Cache worker for checksums cache (D:\Volunteer\Volunteer\.gradle\8.2.1\checksums)" [_thread_blocked, id=27420, stack(0x00000001b0f00000,0x00000001b1000000)]
  0x00000166753bf800 JavaThread "Cache worker for cache directory md-rule (C:\Users\LG\.gradle\caches\8.2.1\md-rule)" [_thread_blocked, id=17760, stack(0x00000001b0b00000,0x00000001b0c00000)]
  0x00000166753ba800 JavaThread "Cache worker for file content cache (C:\Users\LG\.gradle\caches\8.2.1\fileContent)" [_thread_blocked, id=23092, stack(0x00000001b1000000,0x00000001b1100000)]
  0x00000166761db800 JavaThread "Cache worker for file hash cache (D:\Volunteer\Volunteer\.gradle\8.2.1\fileHashes)" [_thread_blocked, id=26748, stack(0x00000001b1100000,0x00000001b1200000)]
  0x00000166761d9800 JavaThread "Cache worker for cache directory md-supplier (C:\Users\LG\.gradle\caches\8.2.1\md-supplier)" [_thread_blocked, id=18448, stack(0x00000001b1200000,0x00000001b1300000)]
  0x00000166761db000 JavaThread "Cache worker for execution history cache (C:\Users\LG\.gradle\caches\8.2.1\executionHistory)" [_thread_blocked, id=26452, stack(0x00000001b1300000,0x00000001b1400000)]
  0x00000166761da000 JavaThread "jar transforms" [_thread_blocked, id=17676, stack(0x00000001b1400000,0x00000001b1500000)]
  0x00000166761e0800 JavaThread "jar transforms Thread 2" [_thread_blocked, id=36844, stack(0x00000001b1500000,0x00000001b1600000)]
  0x00000166761df000 JavaThread "jar transforms Thread 3" [_thread_blocked, id=21204, stack(0x00000001b1800000,0x00000001b1900000)]
  0x00000166761e3000 JavaThread "jar transforms Thread 4" [_thread_blocked, id=19796, stack(0x00000001b1900000,0x00000001b1a00000)]
  0x00000166761e2800 JavaThread "jar transforms Thread 5" [_thread_blocked, id=17700, stack(0x00000001b1a00000,0x00000001b1b00000)]
  0x00000166761e0000 JavaThread "jar transforms Thread 6" [_thread_blocked, id=21072, stack(0x00000001b1b00000,0x00000001b1c00000)]
  0x00000166761dd800 JavaThread "jar transforms Thread 7" [_thread_blocked, id=15164, stack(0x00000001b1c00000,0x00000001b1d00000)]
  0x00000166761e8000 JavaThread "jar transforms Thread 8" [_thread_blocked, id=2548, stack(0x00000001b1d00000,0x00000001b1e00000)]
  0x00000166761e4000 JavaThread "Cache worker for dependencies-accessors (D:\Volunteer\Volunteer\.gradle\8.2.1\dependencies-accessors)" [_thread_blocked, id=26756, stack(0x00000001b1e00000,0x00000001b1f00000)]
  0x00000166761e5800 JavaThread "Cache worker for Build Output Cleanup Cache (D:\Volunteer\Volunteer\.gradle\buildOutputCleanup)" [_thread_blocked, id=1584, stack(0x00000001b1600000,0x00000001b1700000)]
  0x00000166761e4800 JavaThread "Unconstrained build operations" [_thread_blocked, id=7244, stack(0x00000001b1f00000,0x00000001b2000000)]
  0x00000166761e6800 JavaThread "Unconstrained build operations Thread 2" [_thread_blocked, id=17560, stack(0x00000001b2000000,0x00000001b2100000)]
  0x00000166761e7000 JavaThread "Unconstrained build operations Thread 3" [_thread_blocked, id=7676, stack(0x00000001b2100000,0x00000001b2200000)]
  0x0000016676f8e000 JavaThread "Unconstrained build operations Thread 4" [_thread_blocked, id=15604, stack(0x00000001b2200000,0x00000001b2300000)]
  0x0000016676f92000 JavaThread "Unconstrained build operations Thread 5" [_thread_blocked, id=1412, stack(0x00000001b2300000,0x00000001b2400000)]
  0x0000016676f91800 JavaThread "Unconstrained build operations Thread 6" [_thread_blocked, id=25196, stack(0x00000001b2400000,0x00000001b2500000)]
  0x0000016676f90800 JavaThread "Unconstrained build operations Thread 7" [_thread_blocked, id=25240, stack(0x00000001b2500000,0x00000001b2600000)]
  0x0000016676f90000 JavaThread "Memory manager" [_thread_blocked, id=7352, stack(0x00000001b2600000,0x00000001b2700000)]
  0x0000016676f93000 JavaThread "included builds" [_thread_blocked, id=15180, stack(0x00000001b2800000,0x00000001b2900000)]
  0x0000016676f8d800 JavaThread "Execution worker" [_thread_blocked, id=3064, stack(0x00000001b2900000,0x00000001b2a00000)]
  0x0000016676f8f000 JavaThread "Execution worker Thread 2" [_thread_blocked, id=36704, stack(0x00000001b2a00000,0x00000001b2b00000)]
  0x000001667a451800 JavaThread "Execution worker Thread 3" [_thread_blocked, id=15072, stack(0x00000001b2b00000,0x00000001b2c00000)]
  0x000001667a44f000 JavaThread "Execution worker Thread 4" [_thread_blocked, id=3112, stack(0x00000001b2c00000,0x00000001b2d00000)]
  0x000001667a450800 JavaThread "Execution worker Thread 5" [_thread_blocked, id=5220, stack(0x00000001b2d00000,0x00000001b2e00000)]
  0x000001667a450000 JavaThread "Execution worker Thread 6" [_thread_blocked, id=25748, stack(0x00000001b2e00000,0x00000001b2f00000)]
  0x000001667a452800 JavaThread "Execution worker Thread 7" [_thread_blocked, id=26820, stack(0x00000001b2f00000,0x00000001b3000000)]
  0x000001667a459000 JavaThread "Cache worker for execution history cache (D:\Volunteer\Volunteer\.gradle\8.2.1\executionHistory)" [_thread_blocked, id=25904, stack(0x00000001b3000000,0x00000001b3100000)]
  0x000001667a458000 JavaThread "Unconstrained build operations Thread 8" [_thread_blocked, id=15844, stack(0x00000001b2700000,0x00000001b2800000)]
  0x000001667a453000 JavaThread "Unconstrained build operations Thread 9" [_thread_blocked, id=36860, stack(0x00000001b3100000,0x00000001b3200000)]
  0x000001667a457000 JavaThread "Unconstrained build operations Thread 10" [_thread_blocked, id=17572, stack(0x00000001b3200000,0x00000001b3300000)]
  0x000001667a454000 JavaThread "Unconstrained build operations Thread 11" [_thread_blocked, id=36700, stack(0x00000001b3300000,0x00000001b3400000)]
  0x000001667a454800 JavaThread "Unconstrained build operations Thread 12" [_thread_blocked, id=6168, stack(0x00000001b3400000,0x00000001b3500000)]
  0x000001667a455800 JavaThread "Unconstrained build operations Thread 13" [_thread_blocked, id=6848, stack(0x00000001b3500000,0x00000001b3600000)]
  0x000001667a459800 JavaThread "Unconstrained build operations Thread 14" [_thread_blocked, id=16744, stack(0x00000001b3600000,0x00000001b3700000)]
  0x000001667a45a800 JavaThread "Unconstrained build operations Thread 15" [_thread_blocked, id=36660, stack(0x00000001b3700000,0x00000001b3800000)]
  0x000001667a45b000 JavaThread "Unconstrained build operations Thread 16" [_thread_blocked, id=26720, stack(0x00000001b3800000,0x00000001b3900000)]
  0x000001667a456800 JavaThread "Unconstrained build operations Thread 17" [_thread_blocked, id=1648, stack(0x00000001b3900000,0x00000001b3a00000)]
  0x000001667a45c000 JavaThread "Unconstrained build operations Thread 18" [_thread_blocked, id=16284, stack(0x00000001b3a00000,0x00000001b3b00000)]
  0x000001667a45d800 JavaThread "Unconstrained build operations Thread 19" [_thread_blocked, id=16612, stack(0x00000001b3b00000,0x00000001b3c00000)]
  0x000001667a45d000 JavaThread "Unconstrained build operations Thread 20" [_thread_blocked, id=7684, stack(0x00000001b3c00000,0x00000001b3d00000)]
  0x000001667aee8000 JavaThread "Unconstrained build operations Thread 21" [_thread_blocked, id=18268, stack(0x00000001b3d00000,0x00000001b3e00000)]
  0x000001667aeeb000 JavaThread "Unconstrained build operations Thread 22" [_thread_blocked, id=14404, stack(0x00000001b3e00000,0x00000001b3f00000)]
  0x000001667aee9800 JavaThread "Unconstrained build operations Thread 23" [_thread_blocked, id=26980, stack(0x00000001b3f00000,0x00000001b4000000)]
  0x000001667aee7000 JavaThread "Unconstrained build operations Thread 24" [_thread_blocked, id=26424, stack(0x00000001b4000000,0x00000001b4100000)]
  0x000001667aeea000 JavaThread "Unconstrained build operations Thread 25" [_thread_blocked, id=5480, stack(0x00000001b4100000,0x00000001b4200000)]
  0x000001667aee6000 JavaThread "Unconstrained build operations Thread 26" [_thread_blocked, id=25124, stack(0x00000001b4200000,0x00000001b4300000)]
  0x000001667aee8800 JavaThread "Unconstrained build operations Thread 27" [_thread_blocked, id=23852, stack(0x00000001b4300000,0x00000001b4400000)]
  0x000001667aef0000 JavaThread "Unconstrained build operations Thread 28" [_thread_blocked, id=3152, stack(0x00000001b4400000,0x00000001b4500000)]
  0x000001667aef1000 JavaThread "Unconstrained build operations Thread 29" [_thread_blocked, id=23892, stack(0x00000001b4500000,0x00000001b4600000)]
  0x000001667aef1800 JavaThread "Unconstrained build operations Thread 30" [_thread_blocked, id=36868, stack(0x00000001b4600000,0x00000001b4700000)]
  0x000001667aeee800 JavaThread "Unconstrained build operations Thread 31" [_thread_blocked, id=36872, stack(0x00000001b4700000,0x00000001b4800000)]
  0x000001667aeec000 JavaThread "Unconstrained build operations Thread 32" [_thread_blocked, id=36876, stack(0x00000001b4800000,0x00000001b4900000)]
  0x000001667aef2800 JavaThread "Unconstrained build operations Thread 33" [_thread_blocked, id=36880, stack(0x00000001b4900000,0x00000001b4a00000)]
  0x000001667aeef000 JavaThread "Unconstrained build operations Thread 34" [_thread_blocked, id=36884, stack(0x00000001b4a00000,0x00000001b4b00000)]
  0x000001667aeec800 JavaThread "Unconstrained build operations Thread 35" [_thread_blocked, id=36888, stack(0x00000001b4b00000,0x00000001b4c00000)]
  0x000001667aef3000 JavaThread "Unconstrained build operations Thread 36" [_thread_blocked, id=36892, stack(0x00000001b4c00000,0x00000001b4d00000)]
  0x000001667aeed800 JavaThread "Unconstrained build operations Thread 37" [_thread_blocked, id=36896, stack(0x00000001b4d00000,0x00000001b4e00000)]
  0x000001667aef4000 JavaThread "Unconstrained build operations Thread 38" [_thread_blocked, id=36900, stack(0x00000001b4e00000,0x00000001b4f00000)]
  0x000001667aef5000 JavaThread "Unconstrained build operations Thread 39" [_thread_blocked, id=36904, stack(0x00000001b4f00000,0x00000001b5000000)]
  0x00000166798ee000 JavaThread "Unconstrained build operations Thread 40" [_thread_blocked, id=36908, stack(0x00000001b5000000,0x00000001b5100000)]
  0x00000166798ea000 JavaThread "Unconstrained build operations Thread 41" [_thread_blocked, id=36912, stack(0x00000001b5100000,0x00000001b5200000)]
  0x00000166798e8800 JavaThread "Unconstrained build operations Thread 42" [_thread_blocked, id=36916, stack(0x00000001b5200000,0x00000001b5300000)]
  0x00000166798ef000 JavaThread "Unconstrained build operations Thread 43" [_thread_blocked, id=36920, stack(0x00000001b5300000,0x00000001b5400000)]
  0x00000166798eb800 JavaThread "Unconstrained build operations Thread 44" [_thread_blocked, id=36924, stack(0x00000001b5400000,0x00000001b5500000)]
  0x00000166798e9000 JavaThread "Unconstrained build operations Thread 45" [_thread_blocked, id=36936, stack(0x00000001b5500000,0x00000001b5600000)]
  0x00000166798ef800 JavaThread "Unconstrained build operations Thread 46" [_thread_blocked, id=36940, stack(0x00000001b5600000,0x00000001b5700000)]
  0x00000166798f1000 JavaThread "Unconstrained build operations Thread 47" [_thread_blocked, id=36944, stack(0x00000001b5700000,0x00000001b5800000)]
  0x00000166798ed000 JavaThread "Unconstrained build operations Thread 48" [_thread_blocked, id=36948, stack(0x00000001b5800000,0x00000001b5900000)]
  0x00000166798f0800 JavaThread "Unconstrained build operations Thread 49" [_thread_blocked, id=36952, stack(0x00000001b5900000,0x00000001b5a00000)]
  0x00000166798f2000 JavaThread "Unconstrained build operations Thread 50" [_thread_blocked, id=36956, stack(0x00000001b5a00000,0x00000001b5b00000)]
  0x00000166798ec800 JavaThread "Unconstrained build operations Thread 51" [_thread_blocked, id=36960, stack(0x00000001b5b00000,0x00000001b5c00000)]
  0x00000166798f4800 JavaThread "Unconstrained build operations Thread 52" [_thread_blocked, id=36964, stack(0x00000001b5c00000,0x00000001b5d00000)]
  0x00000166798f5800 JavaThread "Unconstrained build operations Thread 53" [_thread_blocked, id=36968, stack(0x00000001b5d00000,0x00000001b5e00000)]
  0x00000166798f7000 JavaThread "Unconstrained build operations Thread 54" [_thread_blocked, id=36972, stack(0x00000001b5e00000,0x00000001b5f00000)]
  0x00000166798f6000 JavaThread "Unconstrained build operations Thread 55" [_thread_blocked, id=36976, stack(0x00000001b5f00000,0x00000001b6000000)]
  0x00000166798f3800 JavaThread "Unconstrained build operations Thread 56" [_thread_blocked, id=36980, stack(0x00000001b6000000,0x00000001b6100000)]
  0x00000166798f3000 JavaThread "Unconstrained build operations Thread 57" [_thread_blocked, id=36984, stack(0x00000001b6100000,0x00000001b6200000)]
  0x0000016679ab6800 JavaThread "Unconstrained build operations Thread 58" [_thread_blocked, id=36988, stack(0x00000001b6200000,0x00000001b6300000)]
  0x0000016679abc800 JavaThread "Unconstrained build operations Thread 59" [_thread_blocked, id=36992, stack(0x00000001b6300000,0x00000001b6400000)]
  0x0000016679abb000 JavaThread "Unconstrained build operations Thread 60" [_thread_blocked, id=36996, stack(0x00000001b6400000,0x00000001b6500000)]
  0x0000016679aba000 JavaThread "Unconstrained build operations Thread 61" [_thread_blocked, id=37000, stack(0x00000001b6500000,0x00000001b6600000)]
  0x0000016679abb800 JavaThread "Unconstrained build operations Thread 62" [_thread_blocked, id=37004, stack(0x00000001b6600000,0x00000001b6700000)]
  0x0000016679abd800 JavaThread "Unconstrained build operations Thread 63" [_thread_blocked, id=37008, stack(0x00000001b6700000,0x00000001b6800000)]
  0x0000016679ab7800 JavaThread "Unconstrained build operations Thread 64" [_thread_blocked, id=37012, stack(0x00000001b6800000,0x00000001b6900000)]
  0x0000016679ab9000 JavaThread "Unconstrained build operations Thread 65" [_thread_blocked, id=37016, stack(0x00000001b6900000,0x00000001b6a00000)]
  0x0000016679ab8800 JavaThread "Unconstrained build operations Thread 66" [_thread_blocked, id=37020, stack(0x00000001b6a00000,0x00000001b6b00000)]
  0x0000016679abf000 JavaThread "Unconstrained build operations Thread 67" [_thread_blocked, id=37024, stack(0x00000001b6b00000,0x00000001b6c00000)]
  0x0000016679ac3000 JavaThread "Unconstrained build operations Thread 68" [_thread_blocked, id=37028, stack(0x00000001b6c00000,0x00000001b6d00000)]
  0x0000016679ac2000 JavaThread "Unconstrained build operations Thread 69" [_thread_blocked, id=37032, stack(0x00000001b6d00000,0x00000001b6e00000)]
  0x0000016679ac0800 JavaThread "Unconstrained build operations Thread 70" [_thread_blocked, id=37036, stack(0x00000001b6e00000,0x00000001b6f00000)]
  0x0000016679ac1800 JavaThread "Unconstrained build operations Thread 71" [_thread_blocked, id=37040, stack(0x00000001b6f00000,0x00000001b7000000)]
  0x0000016679abe000 JavaThread "Unconstrained build operations Thread 72" [_thread_blocked, id=37044, stack(0x00000001b7000000,0x00000001b7100000)]
  0x0000016679ac4000 JavaThread "Unconstrained build operations Thread 73" [_thread_blocked, id=37048, stack(0x00000001b7100000,0x00000001b7200000)]
  0x0000016679abf800 JavaThread "Exec process" [_thread_in_native, id=37052, stack(0x00000001b7200000,0x00000001b7300000)]
  0x0000016679ac5800 JavaThread "DisconnectableInputStream source reader" daemon [_thread_blocked, id=37080, stack(0x00000001b1700000,0x00000001b1800000)]
  0x0000016679ac4800 JavaThread "Exec process Thread 2" [_thread_blocked, id=37084, stack(0x00000001b7300000,0x00000001b7400000)]
  0x000001667c3e5800 JavaThread "Exec process Thread 3" [_thread_in_native, id=37088, stack(0x00000001b7400000,0x00000001b7500000)]
  0x000001667c3e8800 JavaThread "Exec process Thread 4" [_thread_in_native, id=37092, stack(0x00000001b7500000,0x00000001b7600000)]

Other Threads:
  0x0000016672804800 VMThread "VM Thread" [stack: 0x00000001aec00000,0x00000001aed00000] [id=5980]
  0x000001667346f800 WatcherThread [stack: 0x00000001af700000,0x00000001af800000] [id=21340]
  0x0000016658097800 GCTaskThread "GC Thread#0" [stack: 0x00000001ae700000,0x00000001ae800000] [id=26180]
  0x0000016674015000 GCTaskThread "GC Thread#1" [stack: 0x00000001af900000,0x00000001afa00000] [id=15740]
  0x00000166744b5000 GCTaskThread "GC Thread#2" [stack: 0x00000001afa00000,0x00000001afb00000] [id=15748]
  0x0000016674056800 GCTaskThread "GC Thread#3" [stack: 0x00000001afb00000,0x00000001afc00000] [id=15732]
  0x0000016673e03800 GCTaskThread "GC Thread#4" [stack: 0x00000001afc00000,0x00000001afd00000] [id=26640]
  0x0000016673683800 GCTaskThread "GC Thread#5" [stack: 0x00000001afd00000,0x00000001afe00000] [id=27200]
  0x0000016674ef1800 GCTaskThread "GC Thread#6" [stack: 0x00000001b0600000,0x00000001b0700000] [id=36644]
  0x0000016673eb8000 GCTaskThread "GC Thread#7" [stack: 0x00000001b0700000,0x00000001b0800000] [id=36820]
  0x00000166580ab000 ConcurrentGCThread "G1 Main Marker" [stack: 0x00000001ae800000,0x00000001ae900000] [id=23276]
  0x00000166580ac800 ConcurrentGCThread "G1 Conc#0" [stack: 0x00000001ae900000,0x00000001aea00000] [id=23200]
  0x0000016675691800 ConcurrentGCThread "G1 Conc#1" [stack: 0x00000001b0800000,0x00000001b0900000] [id=36824]
  0x000001665815e000 ConcurrentGCThread "G1 Refine#0" [stack: 0x00000001aea00000,0x00000001aeb00000] [id=27220]
  0x0000016672694800 ConcurrentGCThread "G1 Young RemSet Sampling" [stack: 0x00000001aeb00000,0x00000001aec00000] [id=26988]

Threads with active compile tasks:
C2 CompilerThread0  1282670 8426       4       java.util.concurrent.locks.AbstractQueuedSynchronizer$ConditionObject::awaitNanos (181 bytes)

VM state:not at safepoint (normal execution)

VM Mutex/Monitor currently owned by a thread: None

Heap address: 0x00000000e0000000, size: 512 MB, Compressed Oops mode: 32-bit
Narrow klass base: 0x0000000000000000, Narrow klass shift: 3
Compressed class space size: 394264576 Address: 0x0000000100000000

Heap:
 garbage-first heap   total 262144K, used 75646K [0x00000000e0000000, 0x0000000100000000)
  region size 1024K, 45 young (46080K), 16 survivors (16384K)
 Metaspace       used 62634K, capacity 65105K, committed 65360K, reserved 442368K
  class space    used 8279K, capacity 9215K, committed 9216K, reserved 385024K
Heap Regions: E=young(eden), S=young(survivor), O=old, HS=humongous(starts), HC=humongous(continues), CS=collection set, F=free, A=archive, TAMS=top-at-mark-start (previous, next)
|   0|0x00000000e0000000, 0x00000000e0100000, 0x00000000e0100000|100%|HS|  |TAMS 0x00000000e0100000, 0x00000000e0000000| Complete 
|   1|0x00000000e0100000, 0x00000000e0200000, 0x00000000e0200000|100%|HC|  |TAMS 0x00000000e0200000, 0x00000000e0100000| Complete 
|   2|0x00000000e0200000, 0x00000000e0300000, 0x00000000e0300000|100%|HC|  |TAMS 0x00000000e0300000, 0x00000000e0200000| Complete 
|   3|0x00000000e0300000, 0x00000000e0400000, 0x00000000e0400000|100%|HC|  |TAMS 0x00000000e0400000, 0x00000000e0300000| Complete 
|   4|0x00000000e0400000, 0x00000000e0500000, 0x00000000e0500000|100%| O|  |TAMS 0x00000000e0500000, 0x00000000e0400000| Untracked 
|   5|0x00000000e0500000, 0x00000000e0600000, 0x00000000e0600000|100%| O|  |TAMS 0x00000000e0600000, 0x00000000e0500000| Untracked 
|   6|0x00000000e0600000, 0x00000000e0700000, 0x00000000e0700000|100%| O|  |TAMS 0x00000000e0700000, 0x00000000e0600000| Untracked 
|   7|0x00000000e0700000, 0x00000000e0800000, 0x00000000e0800000|100%| O|  |TAMS 0x00000000e0800000, 0x00000000e0700000| Untracked 
|   8|0x00000000e0800000, 0x00000000e0900000, 0x00000000e0900000|100%| O|  |TAMS 0x00000000e0900000, 0x00000000e0800000| Untracked 
|   9|0x00000000e0900000, 0x00000000e0a00000, 0x00000000e0a00000|100%| O|  |TAMS 0x00000000e0a00000, 0x00000000e0900000| Untracked 
|  10|0x00000000e0a00000, 0x00000000e0b00000, 0x00000000e0b00000|100%| O|  |TAMS 0x00000000e0b00000, 0x00000000e0a00000| Untracked 
|  11|0x00000000e0b00000, 0x00000000e0c00000, 0x00000000e0c00000|100%| O|  |TAMS 0x00000000e0c00000, 0x00000000e0b00000| Untracked 
|  12|0x00000000e0c00000, 0x00000000e0d00000, 0x00000000e0d00000|100%| O|  |TAMS 0x00000000e0d00000, 0x00000000e0c00000| Untracked 
|  13|0x00000000e0d00000, 0x00000000e0e00000, 0x00000000e0e00000|100%| O|  |TAMS 0x00000000e0e00000, 0x00000000e0d00000| Untracked 
|  14|0x00000000e0e00000, 0x00000000e0f00000, 0x00000000e0f00000|100%| O|  |TAMS 0x00000000e0f00000, 0x00000000e0e00000| Untracked 
|  15|0x00000000e0f00000, 0x00000000e1000000, 0x00000000e1000000|100%| O|  |TAMS 0x00000000e1000000, 0x00000000e0f00000| Untracked 
|  16|0x00000000e1000000, 0x00000000e1100000, 0x00000000e1100000|100%| O|  |TAMS 0x00000000e1100000, 0x00000000e1000000| Untracked 
|  17|0x00000000e1100000, 0x00000000e1200000, 0x00000000e1200000|100%| O|  |TAMS 0x00000000e1200000, 0x00000000e1100000| Untracked 
|  18|0x00000000e1200000, 0x00000000e1300000, 0x00000000e1300000|100%| O|  |TAMS 0x00000000e1300000, 0x00000000e1200000| Untracked 
|  19|0x00000000e1300000, 0x00000000e1400000, 0x00000000e1400000|100%| O|  |TAMS 0x00000000e1400000, 0x00000000e1300000| Untracked 
|  20|0x00000000e1400000, 0x00000000e1500000, 0x00000000e1500000|100%| O|  |TAMS 0x00000000e1500000, 0x00000000e1400000| Untracked 
|  21|0x00000000e1500000, 0x00000000e1600000, 0x00000000e1600000|100%| O|  |TAMS 0x00000000e1600000, 0x00000000e1500000| Untracked 
|  22|0x00000000e1600000, 0x00000000e1700000, 0x00000000e1700000|100%| O|  |TAMS 0x00000000e1700000, 0x00000000e1600000| Untracked 
|  23|0x00000000e1700000, 0x00000000e1800000, 0x00000000e1800000|100%| O|  |TAMS 0x00000000e1800000, 0x00000000e1700000| Untracked 
|  24|0x00000000e1800000, 0x00000000e1900000, 0x00000000e1900000|100%| O|  |TAMS 0x00000000e1900000, 0x00000000e1800000| Untracked 
|  25|0x00000000e1900000, 0x00000000e1a00000, 0x00000000e1a00000|100%| O|  |TAMS 0x00000000e1a00000, 0x00000000e1900000| Untracked 
|  26|0x00000000e1a00000, 0x00000000e1b00000, 0x00000000e1b00000|100%| O|  |TAMS 0x00000000e1b00000, 0x00000000e1a00000| Untracked 
|  27|0x00000000e1b00000, 0x00000000e1c00000, 0x00000000e1c00000|100%| O|  |TAMS 0x00000000e1c00000, 0x00000000e1b00000| Untracked 
|  28|0x00000000e1c00000, 0x00000000e1d00000, 0x00000000e1d00000|100%| O|  |TAMS 0x00000000e1d00000, 0x00000000e1c00000| Untracked 
|  29|0x00000000e1d00000, 0x00000000e1e00000, 0x00000000e1e00000|100%| O|  |TAMS 0x00000000e1e00000, 0x00000000e1d00000| Untracked 
|  30|0x00000000e1e00000, 0x00000000e1e5ca00, 0x00000000e1f00000| 36%| O|  |TAMS 0x00000000e1e5ca00, 0x00000000e1e00000| Untracked 
|  31|0x00000000e1f00000, 0x00000000e1f00000, 0x00000000e2000000|  0%| F|  |TAMS 0x00000000e1f00000, 0x00000000e1f00000| Untracked 
|  32|0x00000000e2000000, 0x00000000e2000000, 0x00000000e2100000|  0%| F|  |TAMS 0x00000000e2000000, 0x00000000e2000000| Untracked 
|  33|0x00000000e2100000, 0x00000000e2100000, 0x00000000e2200000|  0%| F|  |TAMS 0x00000000e2100000, 0x00000000e2100000| Untracked 
|  34|0x00000000e2200000, 0x00000000e2200000, 0x00000000e2300000|  0%| F|  |TAMS 0x00000000e2200000, 0x00000000e2200000| Untracked 
|  35|0x00000000e2300000, 0x00000000e2300000, 0x00000000e2400000|  0%| F|  |TAMS 0x00000000e2300000, 0x00000000e2300000| Untracked 
|  36|0x00000000e2400000, 0x00000000e2400000, 0x00000000e2500000|  0%| F|  |TAMS 0x00000000e2400000, 0x00000000e2400000| Untracked 
|  37|0x00000000e2500000, 0x00000000e2500000, 0x00000000e2600000|  0%| F|  |TAMS 0x00000000e2500000, 0x00000000e2500000| Untracked 
|  38|0x00000000e2600000, 0x00000000e2600000, 0x00000000e2700000|  0%| F|  |TAMS 0x00000000e2600000, 0x00000000e2600000| Untracked 
|  39|0x00000000e2700000, 0x00000000e2700000, 0x00000000e2800000|  0%| F|  |TAMS 0x00000000e2700000, 0x00000000e2700000| Untracked 
|  40|0x00000000e2800000, 0x00000000e2800000, 0x00000000e2900000|  0%| F|  |TAMS 0x00000000e2800000, 0x00000000e2800000| Untracked 
|  41|0x00000000e2900000, 0x00000000e2900000, 0x00000000e2a00000|  0%| F|  |TAMS 0x00000000e2900000, 0x00000000e2900000| Untracked 
|  42|0x00000000e2a00000, 0x00000000e2a00000, 0x00000000e2b00000|  0%| F|  |TAMS 0x00000000e2a00000, 0x00000000e2a00000| Untracked 
|  43|0x00000000e2b00000, 0x00000000e2b00000, 0x00000000e2c00000|  0%| F|  |TAMS 0x00000000e2b00000, 0x00000000e2b00000| Untracked 
|  44|0x00000000e2c00000, 0x00000000e2c00000, 0x00000000e2d00000|  0%| F|  |TAMS 0x00000000e2c00000, 0x00000000e2c00000| Untracked 
|  45|0x00000000e2d00000, 0x00000000e2d00000, 0x00000000e2e00000|  0%| F|  |TAMS 0x00000000e2d00000, 0x00000000e2d00000| Untracked 
|  46|0x00000000e2e00000, 0x00000000e2e00000, 0x00000000e2f00000|  0%| F|  |TAMS 0x00000000e2e00000, 0x00000000e2e00000| Untracked 
|  47|0x00000000e2f00000, 0x00000000e2f00000, 0x00000000e3000000|  0%| F|  |TAMS 0x00000000e2f00000, 0x00000000e2f00000| Untracked 
|  48|0x00000000e3000000, 0x00000000e3000000, 0x00000000e3100000|  0%| F|  |TAMS 0x00000000e3000000, 0x00000000e3000000| Untracked 
|  49|0x00000000e3100000, 0x00000000e3100000, 0x00000000e3200000|  0%| F|  |TAMS 0x00000000e3100000, 0x00000000e3100000| Untracked 
|  50|0x00000000e3200000, 0x00000000e3200000, 0x00000000e3300000|  0%| F|  |TAMS 0x00000000e3200000, 0x00000000e3200000| Untracked 
|  51|0x00000000e3300000, 0x00000000e3300000, 0x00000000e3400000|  0%| F|  |TAMS 0x00000000e3300000, 0x00000000e3300000| Untracked 
|  52|0x00000000e3400000, 0x00000000e3400000, 0x00000000e3500000|  0%| F|  |TAMS 0x00000000e3400000, 0x00000000e3400000| Untracked 
|  53|0x00000000e3500000, 0x00000000e3500000, 0x00000000e3600000|  0%| F|  |TAMS 0x00000000e3500000, 0x00000000e3500000| Untracked 
|  54|0x00000000e3600000, 0x00000000e3600000, 0x00000000e3700000|  0%| F|  |TAMS 0x00000000e3600000, 0x00000000e3600000| Untracked 
|  55|0x00000000e3700000, 0x00000000e3700000, 0x00000000e3800000|  0%| F|  |TAMS 0x00000000e3700000, 0x00000000e3700000| Untracked 
|  56|0x00000000e3800000, 0x00000000e3800000, 0x00000000e3900000|  0%| F|  |TAMS 0x00000000e3800000, 0x00000000e3800000| Untracked 
|  57|0x00000000e3900000, 0x00000000e3900000, 0x00000000e3a00000|  0%| F|  |TAMS 0x00000000e3900000, 0x00000000e3900000| Untracked 
|  58|0x00000000e3a00000, 0x00000000e3a00000, 0x00000000e3b00000|  0%| F|  |TAMS 0x00000000e3a00000, 0x00000000e3a00000| Untracked 
|  59|0x00000000e3b00000, 0x00000000e3b00000, 0x00000000e3c00000|  0%| F|  |TAMS 0x00000000e3b00000, 0x00000000e3b00000| Untracked 
|  60|0x00000000e3c00000, 0x00000000e3c00000, 0x00000000e3d00000|  0%| F|  |TAMS 0x00000000e3c00000, 0x00000000e3c00000| Untracked 
|  61|0x00000000e3d00000, 0x00000000e3d00000, 0x00000000e3e00000|  0%| F|  |TAMS 0x00000000e3d00000, 0x00000000e3d00000| Untracked 
|  62|0x00000000e3e00000, 0x00000000e3e00000, 0x00000000e3f00000|  0%| F|  |TAMS 0x00000000e3e00000, 0x00000000e3e00000| Untracked 
|  63|0x00000000e3f00000, 0x00000000e3f00000, 0x00000000e4000000|  0%| F|  |TAMS 0x00000000e3f00000, 0x00000000e3f00000| Untracked 
|  64|0x00000000e4000000, 0x00000000e4000000, 0x00000000e4100000|  0%| F|  |TAMS 0x00000000e4000000, 0x00000000e4000000| Untracked 
|  65|0x00000000e4100000, 0x00000000e4100000, 0x00000000e4200000|  0%| F|  |TAMS 0x00000000e4100000, 0x00000000e4100000| Untracked 
|  66|0x00000000e4200000, 0x00000000e4200000, 0x00000000e4300000|  0%| F|  |TAMS 0x00000000e4200000, 0x00000000e4200000| Untracked 
|  67|0x00000000e4300000, 0x00000000e4300000, 0x00000000e4400000|  0%| F|  |TAMS 0x00000000e4300000, 0x00000000e4300000| Untracked 
|  68|0x00000000e4400000, 0x00000000e4400000, 0x00000000e4500000|  0%| F|  |TAMS 0x00000000e4400000, 0x00000000e4400000| Untracked 
|  69|0x00000000e4500000, 0x00000000e4500000, 0x00000000e4600000|  0%| F|  |TAMS 0x00000000e4500000, 0x00000000e4500000| Untracked 
|  70|0x00000000e4600000, 0x00000000e4600000, 0x00000000e4700000|  0%| F|  |TAMS 0x00000000e4600000, 0x00000000e4600000| Untracked 
|  71|0x00000000e4700000, 0x00000000e4700000, 0x00000000e4800000|  0%| F|  |TAMS 0x00000000e4700000, 0x00000000e4700000| Untracked 
|  72|0x00000000e4800000, 0x00000000e4800000, 0x00000000e4900000|  0%| F|  |TAMS 0x00000000e4800000, 0x00000000e4800000| Untracked 
|  73|0x00000000e4900000, 0x00000000e4900000, 0x00000000e4a00000|  0%| F|  |TAMS 0x00000000e4900000, 0x00000000e4900000| Untracked 
|  74|0x00000000e4a00000, 0x00000000e4a00000, 0x00000000e4b00000|  0%| F|  |TAMS 0x00000000e4a00000, 0x00000000e4a00000| Untracked 
|  75|0x00000000e4b00000, 0x00000000e4b00000, 0x00000000e4c00000|  0%| F|  |TAMS 0x00000000e4b00000, 0x00000000e4b00000| Untracked 
|  76|0x00000000e4c00000, 0x00000000e4c00000, 0x00000000e4d00000|  0%| F|  |TAMS 0x00000000e4c00000, 0x00000000e4c00000| Untracked 
|  77|0x00000000e4d00000, 0x00000000e4d00000, 0x00000000e4e00000|  0%| F|  |TAMS 0x00000000e4d00000, 0x00000000e4d00000| Untracked 
|  78|0x00000000e4e00000, 0x00000000e4e00000, 0x00000000e4f00000|  0%| F|  |TAMS 0x00000000e4e00000, 0x00000000e4e00000| Untracked 
|  79|0x00000000e4f00000, 0x00000000e4f00000, 0x00000000e5000000|  0%| F|  |TAMS 0x00000000e4f00000, 0x00000000e4f00000| Untracked 
|  80|0x00000000e5000000, 0x00000000e5000000, 0x00000000e5100000|  0%| F|  |TAMS 0x00000000e5000000, 0x00000000e5000000| Untracked 
|  81|0x00000000e5100000, 0x00000000e5100000, 0x00000000e5200000|  0%| F|  |TAMS 0x00000000e5100000, 0x00000000e5100000| Untracked 
|  82|0x00000000e5200000, 0x00000000e5200000, 0x00000000e5300000|  0%| F|  |TAMS 0x00000000e5200000, 0x00000000e5200000| Untracked 
|  83|0x00000000e5300000, 0x00000000e5300000, 0x00000000e5400000|  0%| F|  |TAMS 0x00000000e5300000, 0x00000000e5300000| Untracked 
|  84|0x00000000e5400000, 0x00000000e5400000, 0x00000000e5500000|  0%| F|  |TAMS 0x00000000e5400000, 0x00000000e5400000| Untracked 
|  85|0x00000000e5500000, 0x00000000e5500000, 0x00000000e5600000|  0%| F|  |TAMS 0x00000000e5500000, 0x00000000e5500000| Untracked 
|  86|0x00000000e5600000, 0x00000000e5600000, 0x00000000e5700000|  0%| F|  |TAMS 0x00000000e5600000, 0x00000000e5600000| Untracked 
|  87|0x00000000e5700000, 0x00000000e5783120, 0x00000000e5800000| 51%| S|CS|TAMS 0x00000000e5700000, 0x00000000e5700000| Complete 
|  88|0x00000000e5800000, 0x00000000e5900000, 0x00000000e5900000|100%| S|CS|TAMS 0x00000000e5800000, 0x00000000e5800000| Complete 
|  89|0x00000000e5900000, 0x00000000e5a00000, 0x00000000e5a00000|100%| S|CS|TAMS 0x00000000e5900000, 0x00000000e5900000| Complete 
|  90|0x00000000e5a00000, 0x00000000e5b00000, 0x00000000e5b00000|100%| S|CS|TAMS 0x00000000e5a00000, 0x00000000e5a00000| Complete 
|  91|0x00000000e5b00000, 0x00000000e5c00000, 0x00000000e5c00000|100%| S|CS|TAMS 0x00000000e5b00000, 0x00000000e5b00000| Complete 
|  92|0x00000000e5c00000, 0x00000000e5d00000, 0x00000000e5d00000|100%| S|CS|TAMS 0x00000000e5c00000, 0x00000000e5c00000| Complete 
|  93|0x00000000e5d00000, 0x00000000e5e00000, 0x00000000e5e00000|100%| S|CS|TAMS 0x00000000e5d00000, 0x00000000e5d00000| Complete 
|  94|0x00000000e5e00000, 0x00000000e5f00000, 0x00000000e5f00000|100%| S|CS|TAMS 0x00000000e5e00000, 0x00000000e5e00000| Complete 
|  95|0x00000000e5f00000, 0x00000000e6000000, 0x00000000e6000000|100%| S|CS|TAMS 0x00000000e5f00000, 0x00000000e5f00000| Complete 
|  96|0x00000000e6000000, 0x00000000e6100000, 0x00000000e6100000|100%| S|CS|TAMS 0x00000000e6000000, 0x00000000e6000000| Complete 
|  97|0x00000000e6100000, 0x00000000e6200000, 0x00000000e6200000|100%| S|CS|TAMS 0x00000000e6100000, 0x00000000e6100000| Complete 
|  98|0x00000000e6200000, 0x00000000e6300000, 0x00000000e6300000|100%| S|CS|TAMS 0x00000000e6200000, 0x00000000e6200000| Complete 
|  99|0x00000000e6300000, 0x00000000e6400000, 0x00000000e6400000|100%| S|CS|TAMS 0x00000000e6300000, 0x00000000e6300000| Complete 
| 100|0x00000000e6400000, 0x00000000e6500000, 0x00000000e6500000|100%| S|CS|TAMS 0x00000000e6400000, 0x00000000e6400000| Complete 
| 101|0x00000000e6500000, 0x00000000e6600000, 0x00000000e6600000|100%| S|CS|TAMS 0x00000000e6500000, 0x00000000e6500000| Complete 
| 102|0x00000000e6600000, 0x00000000e6700000, 0x00000000e6700000|100%| S|CS|TAMS 0x00000000e6600000, 0x00000000e6600000| Complete 
| 103|0x00000000e6700000, 0x00000000e6700000, 0x00000000e6800000|  0%| F|  |TAMS 0x00000000e6700000, 0x00000000e6700000| Untracked 
| 104|0x00000000e6800000, 0x00000000e6800000, 0x00000000e6900000|  0%| F|  |TAMS 0x00000000e6800000, 0x00000000e6800000| Untracked 
| 105|0x00000000e6900000, 0x00000000e6900000, 0x00000000e6a00000|  0%| F|  |TAMS 0x00000000e6900000, 0x00000000e6900000| Untracked 
| 106|0x00000000e6a00000, 0x00000000e6a00000, 0x00000000e6b00000|  0%| F|  |TAMS 0x00000000e6a00000, 0x00000000e6a00000| Untracked 
| 107|0x00000000e6b00000, 0x00000000e6b00000, 0x00000000e6c00000|  0%| F|  |TAMS 0x00000000e6b00000, 0x00000000e6b00000| Untracked 
| 108|0x00000000e6c00000, 0x00000000e6c00000, 0x00000000e6d00000|  0%| F|  |TAMS 0x00000000e6c00000, 0x00000000e6c00000| Untracked 
| 109|0x00000000e6d00000, 0x00000000e6d00000, 0x00000000e6e00000|  0%| F|  |TAMS 0x00000000e6d00000, 0x00000000e6d00000| Untracked 
| 110|0x00000000e6e00000, 0x00000000e6e00000, 0x00000000e6f00000|  0%| F|  |TAMS 0x00000000e6e00000, 0x00000000e6e00000| Untracked 
| 111|0x00000000e6f00000, 0x00000000e6f00000, 0x00000000e7000000|  0%| F|  |TAMS 0x00000000e6f00000, 0x00000000e6f00000| Untracked 
| 112|0x00000000e7000000, 0x00000000e7000000, 0x00000000e7100000|  0%| F|  |TAMS 0x00000000e7000000, 0x00000000e7000000| Untracked 
| 113|0x00000000e7100000, 0x00000000e7100000, 0x00000000e7200000|  0%| F|  |TAMS 0x00000000e7100000, 0x00000000e7100000| Untracked 
| 114|0x00000000e7200000, 0x00000000e7200000, 0x00000000e7300000|  0%| F|  |TAMS 0x00000000e7200000, 0x00000000e7200000| Untracked 
| 115|0x00000000e7300000, 0x00000000e7300000, 0x00000000e7400000|  0%| F|  |TAMS 0x00000000e7300000, 0x00000000e7300000| Untracked 
| 116|0x00000000e7400000, 0x00000000e7400000, 0x00000000e7500000|  0%| F|  |TAMS 0x00000000e7400000, 0x00000000e7400000| Untracked 
| 117|0x00000000e7500000, 0x00000000e7500000, 0x00000000e7600000|  0%| F|  |TAMS 0x00000000e7500000, 0x00000000e7500000| Untracked 
| 118|0x00000000e7600000, 0x00000000e7600000, 0x00000000e7700000|  0%| F|  |TAMS 0x00000000e7600000, 0x00000000e7600000| Untracked 
| 119|0x00000000e7700000, 0x00000000e7700000, 0x00000000e7800000|  0%| F|  |TAMS 0x00000000e7700000, 0x00000000e7700000| Untracked 
| 120|0x00000000e7800000, 0x00000000e7800000, 0x00000000e7900000|  0%| F|  |TAMS 0x00000000e7800000, 0x00000000e7800000| Untracked 
| 121|0x00000000e7900000, 0x00000000e7900000, 0x00000000e7a00000|  0%| F|  |TAMS 0x00000000e7900000, 0x00000000e7900000| Untracked 
| 122|0x00000000e7a00000, 0x00000000e7a00000, 0x00000000e7b00000|  0%| F|  |TAMS 0x00000000e7a00000, 0x00000000e7a00000| Untracked 
| 123|0x00000000e7b00000, 0x00000000e7b00000, 0x00000000e7c00000|  0%| F|  |TAMS 0x00000000e7b00000, 0x00000000e7b00000| Untracked 
| 124|0x00000000e7c00000, 0x00000000e7c00000, 0x00000000e7d00000|  0%| F|  |TAMS 0x00000000e7c00000, 0x00000000e7c00000| Untracked 
| 125|0x00000000e7d00000, 0x00000000e7d00000, 0x00000000e7e00000|  0%| F|  |TAMS 0x00000000e7d00000, 0x00000000e7d00000| Untracked 
| 126|0x00000000e7e00000, 0x00000000e7e00000, 0x00000000e7f00000|  0%| F|  |TAMS 0x00000000e7e00000, 0x00000000e7e00000| Untracked 
| 127|0x00000000e7f00000, 0x00000000e7f00000, 0x00000000e8000000|  0%| F|  |TAMS 0x00000000e7f00000, 0x00000000e7f00000| Untracked 
| 128|0x00000000e8000000, 0x00000000e8000000, 0x00000000e8100000|  0%| F|  |TAMS 0x00000000e8000000, 0x00000000e8000000| Untracked 
| 129|0x00000000e8100000, 0x00000000e8100000, 0x00000000e8200000|  0%| F|  |TAMS 0x00000000e8100000, 0x00000000e8100000| Untracked 
| 130|0x00000000e8200000, 0x00000000e8200000, 0x00000000e8300000|  0%| F|  |TAMS 0x00000000e8200000, 0x00000000e8200000| Untracked 
| 131|0x00000000e8300000, 0x00000000e8300000, 0x00000000e8400000|  0%| F|  |TAMS 0x00000000e8300000, 0x00000000e8300000| Untracked 
| 132|0x00000000e8400000, 0x00000000e8400000, 0x00000000e8500000|  0%| F|  |TAMS 0x00000000e8400000, 0x00000000e8400000| Untracked 
| 133|0x00000000e8500000, 0x00000000e8500000, 0x00000000e8600000|  0%| F|  |TAMS 0x00000000e8500000, 0x00000000e8500000| Untracked 
| 134|0x00000000e8600000, 0x00000000e8600000, 0x00000000e8700000|  0%| F|  |TAMS 0x00000000e8600000, 0x00000000e8600000| Untracked 
| 135|0x00000000e8700000, 0x00000000e8700000, 0x00000000e8800000|  0%| F|  |TAMS 0x00000000e8700000, 0x00000000e8700000| Untracked 
| 136|0x00000000e8800000, 0x00000000e8800000, 0x00000000e8900000|  0%| F|  |TAMS 0x00000000e8800000, 0x00000000e8800000| Untracked 
| 137|0x00000000e8900000, 0x00000000e8900000, 0x00000000e8a00000|  0%| F|  |TAMS 0x00000000e8900000, 0x00000000e8900000| Untracked 
| 138|0x00000000e8a00000, 0x00000000e8a00000, 0x00000000e8b00000|  0%| F|  |TAMS 0x00000000e8a00000, 0x00000000e8a00000| Untracked 
| 139|0x00000000e8b00000, 0x00000000e8b00000, 0x00000000e8c00000|  0%| F|  |TAMS 0x00000000e8b00000, 0x00000000e8b00000| Untracked 
| 140|0x00000000e8c00000, 0x00000000e8c00000, 0x00000000e8d00000|  0%| F|  |TAMS 0x00000000e8c00000, 0x00000000e8c00000| Untracked 
| 141|0x00000000e8d00000, 0x00000000e8d00000, 0x00000000e8e00000|  0%| F|  |TAMS 0x00000000e8d00000, 0x00000000e8d00000| Untracked 
| 142|0x00000000e8e00000, 0x00000000e8e00000, 0x00000000e8f00000|  0%| F|  |TAMS 0x00000000e8e00000, 0x00000000e8e00000| Untracked 
| 143|0x00000000e8f00000, 0x00000000e8f00000, 0x00000000e9000000|  0%| F|  |TAMS 0x00000000e8f00000, 0x00000000e8f00000| Untracked 
| 144|0x00000000e9000000, 0x00000000e9000000, 0x00000000e9100000|  0%| F|  |TAMS 0x00000000e9000000, 0x00000000e9000000| Untracked 
| 145|0x00000000e9100000, 0x00000000e9100000, 0x00000000e9200000|  0%| F|  |TAMS 0x00000000e9100000, 0x00000000e9100000| Untracked 
| 146|0x00000000e9200000, 0x00000000e9200000, 0x00000000e9300000|  0%| F|  |TAMS 0x00000000e9200000, 0x00000000e9200000| Untracked 
| 147|0x00000000e9300000, 0x00000000e9300000, 0x00000000e9400000|  0%| F|  |TAMS 0x00000000e9300000, 0x00000000e9300000| Untracked 
| 148|0x00000000e9400000, 0x00000000e9400000, 0x00000000e9500000|  0%| F|  |TAMS 0x00000000e9400000, 0x00000000e9400000| Untracked 
| 149|0x00000000e9500000, 0x00000000e9500000, 0x00000000e9600000|  0%| F|  |TAMS 0x00000000e9500000, 0x00000000e9500000| Untracked 
| 150|0x00000000e9600000, 0x00000000e9600000, 0x00000000e9700000|  0%| F|  |TAMS 0x00000000e9600000, 0x00000000e9600000| Untracked 
| 151|0x00000000e9700000, 0x00000000e9700000, 0x00000000e9800000|  0%| F|  |TAMS 0x00000000e9700000, 0x00000000e9700000| Untracked 
| 152|0x00000000e9800000, 0x00000000e9800000, 0x00000000e9900000|  0%| F|  |TAMS 0x00000000e9800000, 0x00000000e9800000| Untracked 
| 153|0x00000000e9900000, 0x00000000e9900000, 0x00000000e9a00000|  0%| F|  |TAMS 0x00000000e9900000, 0x00000000e9900000| Untracked 
| 154|0x00000000e9a00000, 0x00000000e9a00000, 0x00000000e9b00000|  0%| F|  |TAMS 0x00000000e9a00000, 0x00000000e9a00000| Untracked 
| 155|0x00000000e9b00000, 0x00000000e9b00000, 0x00000000e9c00000|  0%| F|  |TAMS 0x00000000e9b00000, 0x00000000e9b00000| Untracked 
| 156|0x00000000e9c00000, 0x00000000e9c00000, 0x00000000e9d00000|  0%| F|  |TAMS 0x00000000e9c00000, 0x00000000e9c00000| Untracked 
| 157|0x00000000e9d00000, 0x00000000e9d00000, 0x00000000e9e00000|  0%| F|  |TAMS 0x00000000e9d00000, 0x00000000e9d00000| Untracked 
| 158|0x00000000e9e00000, 0x00000000e9e00000, 0x00000000e9f00000|  0%| F|  |TAMS 0x00000000e9e00000, 0x00000000e9e00000| Untracked 
| 159|0x00000000e9f00000, 0x00000000e9f00000, 0x00000000ea000000|  0%| F|  |TAMS 0x00000000e9f00000, 0x00000000e9f00000| Untracked 
| 160|0x00000000ea000000, 0x00000000ea000000, 0x00000000ea100000|  0%| F|  |TAMS 0x00000000ea000000, 0x00000000ea000000| Untracked 
| 161|0x00000000ea100000, 0x00000000ea100000, 0x00000000ea200000|  0%| F|  |TAMS 0x00000000ea100000, 0x00000000ea100000| Untracked 
| 162|0x00000000ea200000, 0x00000000ea200000, 0x00000000ea300000|  0%| F|  |TAMS 0x00000000ea200000, 0x00000000ea200000| Untracked 
| 163|0x00000000ea300000, 0x00000000ea300000, 0x00000000ea400000|  0%| F|  |TAMS 0x00000000ea300000, 0x00000000ea300000| Untracked 
| 164|0x00000000ea400000, 0x00000000ea400000, 0x00000000ea500000|  0%| F|  |TAMS 0x00000000ea400000, 0x00000000ea400000| Untracked 
| 165|0x00000000ea500000, 0x00000000ea500000, 0x00000000ea600000|  0%| F|  |TAMS 0x00000000ea500000, 0x00000000ea500000| Untracked 
| 166|0x00000000ea600000, 0x00000000ea600000, 0x00000000ea700000|  0%| F|  |TAMS 0x00000000ea600000, 0x00000000ea600000| Untracked 
| 167|0x00000000ea700000, 0x00000000ea700000, 0x00000000ea800000|  0%| F|  |TAMS 0x00000000ea700000, 0x00000000ea700000| Untracked 
| 168|0x00000000ea800000, 0x00000000ea800000, 0x00000000ea900000|  0%| F|  |TAMS 0x00000000ea800000, 0x00000000ea800000| Untracked 
| 169|0x00000000ea900000, 0x00000000ea900000, 0x00000000eaa00000|  0%| F|  |TAMS 0x00000000ea900000, 0x00000000ea900000| Untracked 
| 170|0x00000000eaa00000, 0x00000000eaa00000, 0x00000000eab00000|  0%| F|  |TAMS 0x00000000eaa00000, 0x00000000eaa00000| Untracked 
| 171|0x00000000eab00000, 0x00000000eab00000, 0x00000000eac00000|  0%| F|  |TAMS 0x00000000eab00000, 0x00000000eab00000| Untracked 
| 172|0x00000000eac00000, 0x00000000eac00000, 0x00000000ead00000|  0%| F|  |TAMS 0x00000000eac00000, 0x00000000eac00000| Untracked 
| 173|0x00000000ead00000, 0x00000000ead00000, 0x00000000eae00000|  0%| F|  |TAMS 0x00000000ead00000, 0x00000000ead00000| Untracked 
| 174|0x00000000eae00000, 0x00000000eae00000, 0x00000000eaf00000|  0%| F|  |TAMS 0x00000000eae00000, 0x00000000eae00000| Untracked 
| 175|0x00000000eaf00000, 0x00000000eaf00000, 0x00000000eb000000|  0%| F|  |TAMS 0x00000000eaf00000, 0x00000000eaf00000| Untracked 
| 176|0x00000000eb000000, 0x00000000eb000000, 0x00000000eb100000|  0%| F|  |TAMS 0x00000000eb000000, 0x00000000eb000000| Untracked 
| 177|0x00000000eb100000, 0x00000000eb100000, 0x00000000eb200000|  0%| F|  |TAMS 0x00000000eb100000, 0x00000000eb100000| Untracked 
| 178|0x00000000eb200000, 0x00000000eb200000, 0x00000000eb300000|  0%| F|  |TAMS 0x00000000eb200000, 0x00000000eb200000| Untracked 
| 179|0x00000000eb300000, 0x00000000eb300000, 0x00000000eb400000|  0%| F|  |TAMS 0x00000000eb300000, 0x00000000eb300000| Untracked 
| 180|0x00000000eb400000, 0x00000000eb400000, 0x00000000eb500000|  0%| F|  |TAMS 0x00000000eb400000, 0x00000000eb400000| Untracked 
| 181|0x00000000eb500000, 0x00000000eb500000, 0x00000000eb600000|  0%| F|  |TAMS 0x00000000eb500000, 0x00000000eb500000| Untracked 
| 182|0x00000000eb600000, 0x00000000eb600000, 0x00000000eb700000|  0%| F|  |TAMS 0x00000000eb600000, 0x00000000eb600000| Untracked 
| 183|0x00000000eb700000, 0x00000000eb700000, 0x00000000eb800000|  0%| F|  |TAMS 0x00000000eb700000, 0x00000000eb700000| Untracked 
| 184|0x00000000eb800000, 0x00000000eb800000, 0x00000000eb900000|  0%| F|  |TAMS 0x00000000eb800000, 0x00000000eb800000| Untracked 
| 185|0x00000000eb900000, 0x00000000eb900000, 0x00000000eba00000|  0%| F|  |TAMS 0x00000000eb900000, 0x00000000eb900000| Untracked 
| 186|0x00000000eba00000, 0x00000000eba00000, 0x00000000ebb00000|  0%| F|  |TAMS 0x00000000eba00000, 0x00000000eba00000| Untracked 
| 187|0x00000000ebb00000, 0x00000000ebb00000, 0x00000000ebc00000|  0%| F|  |TAMS 0x00000000ebb00000, 0x00000000ebb00000| Untracked 
| 188|0x00000000ebc00000, 0x00000000ebc00000, 0x00000000ebd00000|  0%| F|  |TAMS 0x00000000ebc00000, 0x00000000ebc00000| Untracked 
| 189|0x00000000ebd00000, 0x00000000ebd00000, 0x00000000ebe00000|  0%| F|  |TAMS 0x00000000ebd00000, 0x00000000ebd00000| Untracked 
| 190|0x00000000ebe00000, 0x00000000ebe00000, 0x00000000ebf00000|  0%| F|  |TAMS 0x00000000ebe00000, 0x00000000ebe00000| Untracked 
| 191|0x00000000ebf00000, 0x00000000ebf00000, 0x00000000ec000000|  0%| F|  |TAMS 0x00000000ebf00000, 0x00000000ebf00000| Untracked 
| 192|0x00000000ec000000, 0x00000000ec000000, 0x00000000ec100000|  0%| F|  |TAMS 0x00000000ec000000, 0x00000000ec000000| Untracked 
| 193|0x00000000ec100000, 0x00000000ec100000, 0x00000000ec200000|  0%| F|  |TAMS 0x00000000ec100000, 0x00000000ec100000| Untracked 
| 194|0x00000000ec200000, 0x00000000ec200000, 0x00000000ec300000|  0%| F|  |TAMS 0x00000000ec200000, 0x00000000ec200000| Untracked 
| 195|0x00000000ec300000, 0x00000000ec300000, 0x00000000ec400000|  0%| F|  |TAMS 0x00000000ec300000, 0x00000000ec300000| Untracked 
| 196|0x00000000ec400000, 0x00000000ec400000, 0x00000000ec500000|  0%| F|  |TAMS 0x00000000ec400000, 0x00000000ec400000| Untracked 
| 197|0x00000000ec500000, 0x00000000ec500000, 0x00000000ec600000|  0%| F|  |TAMS 0x00000000ec500000, 0x00000000ec500000| Untracked 
| 198|0x00000000ec600000, 0x00000000ec600000, 0x00000000ec700000|  0%| F|  |TAMS 0x00000000ec600000, 0x00000000ec600000| Untracked 
| 199|0x00000000ec700000, 0x00000000ec700000, 0x00000000ec800000|  0%| F|  |TAMS 0x00000000ec700000, 0x00000000ec700000| Untracked 
| 200|0x00000000ec800000, 0x00000000ec800000, 0x00000000ec900000|  0%| F|  |TAMS 0x00000000ec800000, 0x00000000ec800000| Untracked 
| 201|0x00000000ec900000, 0x00000000ec900000, 0x00000000eca00000|  0%| F|  |TAMS 0x00000000ec900000, 0x00000000ec900000| Untracked 
| 202|0x00000000eca00000, 0x00000000eca00000, 0x00000000ecb00000|  0%| F|  |TAMS 0x00000000eca00000, 0x00000000eca00000| Untracked 
| 203|0x00000000ecb00000, 0x00000000ecb00000, 0x00000000ecc00000|  0%| F|  |TAMS 0x00000000ecb00000, 0x00000000ecb00000| Untracked 
| 204|0x00000000ecc00000, 0x00000000ecc00000, 0x00000000ecd00000|  0%| F|  |TAMS 0x00000000ecc00000, 0x00000000ecc00000| Untracked 
| 205|0x00000000ecd00000, 0x00000000ecd00000, 0x00000000ece00000|  0%| F|  |TAMS 0x00000000ecd00000, 0x00000000ecd00000| Untracked 
| 206|0x00000000ece00000, 0x00000000ece00000, 0x00000000ecf00000|  0%| F|  |TAMS 0x00000000ece00000, 0x00000000ece00000| Untracked 
| 207|0x00000000ecf00000, 0x00000000ecf00000, 0x00000000ed000000|  0%| F|  |TAMS 0x00000000ecf00000, 0x00000000ecf00000| Untracked 
| 208|0x00000000ed000000, 0x00000000ed000000, 0x00000000ed100000|  0%| F|  |TAMS 0x00000000ed000000, 0x00000000ed000000| Untracked 
| 209|0x00000000ed100000, 0x00000000ed100000, 0x00000000ed200000|  0%| F|  |TAMS 0x00000000ed100000, 0x00000000ed100000| Untracked 
| 210|0x00000000ed200000, 0x00000000ed200000, 0x00000000ed300000|  0%| F|  |TAMS 0x00000000ed200000, 0x00000000ed200000| Untracked 
| 211|0x00000000ed300000, 0x00000000ed300000, 0x00000000ed400000|  0%| F|  |TAMS 0x00000000ed300000, 0x00000000ed300000| Untracked 
| 212|0x00000000ed400000, 0x00000000ed400000, 0x00000000ed500000|  0%| F|  |TAMS 0x00000000ed400000, 0x00000000ed400000| Untracked 
| 213|0x00000000ed500000, 0x00000000ed500000, 0x00000000ed600000|  0%| F|  |TAMS 0x00000000ed500000, 0x00000000ed500000| Untracked 
| 214|0x00000000ed600000, 0x00000000ed600000, 0x00000000ed700000|  0%| F|  |TAMS 0x00000000ed600000, 0x00000000ed600000| Untracked 
| 215|0x00000000ed700000, 0x00000000ed700000, 0x00000000ed800000|  0%| F|  |TAMS 0x00000000ed700000, 0x00000000ed700000| Untracked 
| 216|0x00000000ed800000, 0x00000000ed800000, 0x00000000ed900000|  0%| F|  |TAMS 0x00000000ed800000, 0x00000000ed800000| Untracked 
| 217|0x00000000ed900000, 0x00000000ed900000, 0x00000000eda00000|  0%| F|  |TAMS 0x00000000ed900000, 0x00000000ed900000| Untracked 
| 218|0x00000000eda00000, 0x00000000eda00000, 0x00000000edb00000|  0%| F|  |TAMS 0x00000000eda00000, 0x00000000eda00000| Untracked 
| 219|0x00000000edb00000, 0x00000000edb00000, 0x00000000edc00000|  0%| F|  |TAMS 0x00000000edb00000, 0x00000000edb00000| Untracked 
| 220|0x00000000edc00000, 0x00000000edc00000, 0x00000000edd00000|  0%| F|  |TAMS 0x00000000edc00000, 0x00000000edc00000| Untracked 
| 221|0x00000000edd00000, 0x00000000edd00000, 0x00000000ede00000|  0%| F|  |TAMS 0x00000000edd00000, 0x00000000edd00000| Untracked 
| 222|0x00000000ede00000, 0x00000000ede00000, 0x00000000edf00000|  0%| F|  |TAMS 0x00000000ede00000, 0x00000000ede00000| Untracked 
| 223|0x00000000edf00000, 0x00000000edf00000, 0x00000000ee000000|  0%| F|  |TAMS 0x00000000edf00000, 0x00000000edf00000| Untracked 
| 224|0x00000000ee000000, 0x00000000ee000000, 0x00000000ee100000|  0%| F|  |TAMS 0x00000000ee000000, 0x00000000ee000000| Untracked 
| 225|0x00000000ee100000, 0x00000000ee100000, 0x00000000ee200000|  0%| F|  |TAMS 0x00000000ee100000, 0x00000000ee100000| Untracked 
| 226|0x00000000ee200000, 0x00000000ee200000, 0x00000000ee300000|  0%| F|  |TAMS 0x00000000ee200000, 0x00000000ee200000| Untracked 
| 227|0x00000000ee300000, 0x00000000ee400000, 0x00000000ee400000|100%| E|  |TAMS 0x00000000ee300000, 0x00000000ee300000| Complete 
| 228|0x00000000ee400000, 0x00000000ee500000, 0x00000000ee500000|100%| E|CS|TAMS 0x00000000ee400000, 0x00000000ee400000| Complete 
| 229|0x00000000ee500000, 0x00000000ee600000, 0x00000000ee600000|100%| E|CS|TAMS 0x00000000ee500000, 0x00000000ee500000| Complete 
| 230|0x00000000ee600000, 0x00000000ee700000, 0x00000000ee700000|100%| E|CS|TAMS 0x00000000ee600000, 0x00000000ee600000| Complete 
| 231|0x00000000ee700000, 0x00000000ee800000, 0x00000000ee800000|100%| E|CS|TAMS 0x00000000ee700000, 0x00000000ee700000| Complete 
| 232|0x00000000ee800000, 0x00000000ee900000, 0x00000000ee900000|100%| E|CS|TAMS 0x00000000ee800000, 0x00000000ee800000| Complete 
| 233|0x00000000ee900000, 0x00000000eea00000, 0x00000000eea00000|100%| E|CS|TAMS 0x00000000ee900000, 0x00000000ee900000| Complete 
| 234|0x00000000eea00000, 0x00000000eeb00000, 0x00000000eeb00000|100%| E|CS|TAMS 0x00000000eea00000, 0x00000000eea00000| Complete 
| 235|0x00000000eeb00000, 0x00000000eec00000, 0x00000000eec00000|100%| E|CS|TAMS 0x00000000eeb00000, 0x00000000eeb00000| Complete 
| 236|0x00000000eec00000, 0x00000000eed00000, 0x00000000eed00000|100%| E|CS|TAMS 0x00000000eec00000, 0x00000000eec00000| Complete 
| 237|0x00000000eed00000, 0x00000000eee00000, 0x00000000eee00000|100%| E|CS|TAMS 0x00000000eed00000, 0x00000000eed00000| Complete 
| 238|0x00000000eee00000, 0x00000000eef00000, 0x00000000eef00000|100%| E|CS|TAMS 0x00000000eee00000, 0x00000000eee00000| Complete 
| 239|0x00000000eef00000, 0x00000000ef000000, 0x00000000ef000000|100%| E|CS|TAMS 0x00000000eef00000, 0x00000000eef00000| Complete 
| 240|0x00000000ef000000, 0x00000000ef100000, 0x00000000ef100000|100%| E|CS|TAMS 0x00000000ef000000, 0x00000000ef000000| Complete 
| 241|0x00000000ef100000, 0x00000000ef200000, 0x00000000ef200000|100%| E|CS|TAMS 0x00000000ef100000, 0x00000000ef100000| Complete 
| 242|0x00000000ef200000, 0x00000000ef300000, 0x00000000ef300000|100%| E|CS|TAMS 0x00000000ef200000, 0x00000000ef200000| Complete 
| 243|0x00000000ef300000, 0x00000000ef400000, 0x00000000ef400000|100%| E|CS|TAMS 0x00000000ef300000, 0x00000000ef300000| Complete 
| 244|0x00000000ef400000, 0x00000000ef500000, 0x00000000ef500000|100%| E|CS|TAMS 0x00000000ef400000, 0x00000000ef400000| Complete 
| 245|0x00000000ef500000, 0x00000000ef600000, 0x00000000ef600000|100%| E|CS|TAMS 0x00000000ef500000, 0x00000000ef500000| Complete 
| 246|0x00000000ef600000, 0x00000000ef700000, 0x00000000ef700000|100%| E|CS|TAMS 0x00000000ef600000, 0x00000000ef600000| Complete 
| 247|0x00000000ef700000, 0x00000000ef800000, 0x00000000ef800000|100%| E|CS|TAMS 0x00000000ef700000, 0x00000000ef700000| Complete 
| 248|0x00000000ef800000, 0x00000000ef900000, 0x00000000ef900000|100%| E|CS|TAMS 0x00000000ef800000, 0x00000000ef800000| Complete 
| 249|0x00000000ef900000, 0x00000000efa00000, 0x00000000efa00000|100%| E|CS|TAMS 0x00000000ef900000, 0x00000000ef900000| Complete 
| 250|0x00000000efa00000, 0x00000000efb00000, 0x00000000efb00000|100%| E|CS|TAMS 0x00000000efa00000, 0x00000000efa00000| Complete 
| 251|0x00000000efb00000, 0x00000000efc00000, 0x00000000efc00000|100%| E|CS|TAMS 0x00000000efb00000, 0x00000000efb00000| Complete 
| 252|0x00000000efc00000, 0x00000000efd00000, 0x00000000efd00000|100%| E|CS|TAMS 0x00000000efc00000, 0x00000000efc00000| Complete 
| 253|0x00000000efd00000, 0x00000000efe00000, 0x00000000efe00000|100%| E|CS|TAMS 0x00000000efd00000, 0x00000000efd00000| Complete 
| 254|0x00000000efe00000, 0x00000000eff00000, 0x00000000eff00000|100%| E|CS|TAMS 0x00000000efe00000, 0x00000000efe00000| Complete 
| 255|0x00000000eff00000, 0x00000000f0000000, 0x00000000f0000000|100%| E|CS|TAMS 0x00000000eff00000, 0x00000000eff00000| Complete 

Card table byte_map: [0x000001666ebb0000,0x000001666ecb0000] _byte_map_base: 0x000001666e4b0000

Marking Bits (Prev, Next): (CMBitMap*) 0x00000166580a70b8, (CMBitMap*) 0x00000166580a70f0
 Prev Bits: [0x000001666edb0000, 0x000001666f5b0000)
 Next Bits: [0x000001666f5b0000, 0x000001666fdb0000)

Polling page: 0x0000016657860000

Metaspace:

Usage:
  Non-class:     54.58 MB capacity,    53.08 MB ( 97%) used,     1.26 MB (  2%) free+waste,   246.94 KB ( <1%) overhead. 
      Class:      9.00 MB capacity,     8.09 MB ( 90%) used,   813.20 KB (  9%) free+waste,   122.00 KB (  1%) overhead. 
       Both:     63.58 MB capacity,    61.17 MB ( 96%) used,     2.05 MB (  3%) free+waste,   368.94 KB ( <1%) overhead. 

Virtual space:
  Non-class space:       56.00 MB reserved,      54.83 MB ( 98%) committed 
      Class space:      376.00 MB reserved,       9.00 MB (  2%) committed 
             Both:      432.00 MB reserved,      63.83 MB ( 15%) committed 

Chunk freelists:
   Non-Class:  7.75 KB
       Class:  128 bytes
        Both:  7.88 KB

CodeHeap 'non-profiled nmethods': size=120000Kb used=4992Kb max_used=4992Kb free=115007Kb
 bounds [0x0000016667240000, 0x0000016667730000, 0x000001666e770000]
CodeHeap 'profiled nmethods': size=120000Kb used=17791Kb max_used=17791Kb free=102208Kb
 bounds [0x000001665fd10000, 0x0000016660e70000, 0x0000016667240000]
CodeHeap 'non-nmethods': size=5760Kb used=2245Kb max_used=2294Kb free=3514Kb
 bounds [0x000001665f770000, 0x000001665f9e0000, 0x000001665fd10000]
 total_blobs=9215 nmethods=8384 adapters=742
 compilation: enabled
              stopped_count=0, restarted_count=0
 full_count=0

Compilation events (10 events):
Event: 1274.128 Thread 0x000001667313e800 nmethod 8421 0x000001666771fd90 code [0x000001666771ff20, 0x000001666771ffd8]
Event: 1274.128 Thread 0x000001667313e800 8422       1       org.gradle.launcher.daemon.registry.DaemonDir::getRegistry (5 bytes)
Event: 1274.128 Thread 0x000001667313e800 nmethod 8422 0x0000016667720090 code [0x0000016667720220, 0x00000166677202d8]
Event: 1274.129 Thread 0x000001667313e800 8423   !   3       sun.nio.ch.FileChannelImpl::fileLockTable (85 bytes)
Event: 1274.130 Thread 0x000001667313e800 nmethod 8423 0x0000016660e6b910 code [0x0000016660e6bbc0, 0x0000016660e6cac8]
Event: 1274.130 Thread 0x000001667313e800 8424   !   3       sun.nio.ch.FileLockTable::add (205 bytes)
Event: 1274.132 Thread 0x000001667313e800 nmethod 8424 0x0000016660e6d210 code [0x0000016660e6d560, 0x0000016660e6efe8]
Event: 1274.132 Thread 0x000001667313e800 8425       3       org.gradle.cache.internal.FileBackedObjectHolder::access$000 (5 bytes)
Event: 1274.132 Thread 0x000001667313e800 nmethod 8425 0x0000016660e6fa90 code [0x0000016660e6fc40, 0x0000016660e6fd48]
Event: 1282.249 Thread 0x000001667313d800 8426       4       java.util.concurrent.locks.AbstractQueuedSynchronizer$ConditionObject::awaitNanos (181 bytes)

GC Heap History (10 events):
Event: 11.156 GC heap before
{Heap before GC invocations=4 (full 0):
 garbage-first heap   total 262144K, used 109831K [0x00000000e0000000, 0x0000000100000000)
  region size 1024K, 92 young (94208K), 3 survivors (3072K)
 Metaspace       used 34872K, capacity 35793K, committed 35920K, reserved 417792K
  class space    used 4692K, capacity 5068K, committed 5120K, reserved 385024K
}
Event: 11.162 GC heap after
{Heap after GC invocations=5 (full 0):
 garbage-first heap   total 262144K, used 24195K [0x00000000e0000000, 0x0000000100000000)
  region size 1024K, 6 young (6144K), 6 survivors (6144K)
 Metaspace       used 34872K, capacity 35793K, committed 35920K, reserved 417792K
  class space    used 4692K, capacity 5068K, committed 5120K, reserved 385024K
}
Event: 12.581 GC heap before
{Heap before GC invocations=6 (full 0):
 garbage-first heap   total 262144K, used 147075K [0x00000000e0000000, 0x0000000100000000)
  region size 1024K, 120 young (122880K), 6 survivors (6144K)
 Metaspace       used 46005K, capacity 47265K, committed 47568K, reserved 428032K
  class space    used 5966K, capacity 6439K, committed 6528K, reserved 385024K
}
Event: 12.592 GC heap after
{Heap after GC invocations=7 (full 0):
 garbage-first heap   total 262144K, used 32145K [0x00000000e0000000, 0x0000000100000000)
  region size 1024K, 14 young (14336K), 14 survivors (14336K)
 Metaspace       used 46005K, capacity 47265K, committed 47568K, reserved 428032K
  class space    used 5966K, capacity 6439K, committed 6528K, reserved 385024K
}
Event: 15.072 GC heap before
{Heap before GC invocations=7 (full 0):
 garbage-first heap   total 262144K, used 160145K [0x00000000e0000000, 0x0000000100000000)
  region size 1024K, 140 young (143360K), 14 survivors (14336K)
 Metaspace       used 54923K, capacity 56746K, committed 57040K, reserved 434176K
  class space    used 7314K, capacity 8004K, committed 8064K, reserved 385024K
}
Event: 15.085 GC heap after
{Heap after GC invocations=8 (full 0):
 garbage-first heap   total 262144K, used 37599K [0x00000000e0000000, 0x0000000100000000)
  region size 1024K, 14 young (14336K), 14 survivors (14336K)
 Metaspace       used 54923K, capacity 56746K, committed 57040K, reserved 434176K
  class space    used 7314K, capacity 8004K, committed 8064K, reserved 385024K
}
Event: 15.856 GC heap before
{Heap before GC invocations=8 (full 0):
 garbage-first heap   total 262144K, used 101087K [0x00000000e0000000, 0x0000000100000000)
  region size 1024K, 78 young (79872K), 14 survivors (14336K)
 Metaspace       used 57902K, capacity 60159K, committed 60240K, reserved 438272K
  class space    used 7812K, capacity 8669K, committed 8704K, reserved 385024K
}
Event: 15.870 GC heap after
{Heap after GC invocations=9 (full 0):
 garbage-first heap   total 262144K, used 42354K [0x00000000e0000000, 0x0000000100000000)
  region size 1024K, 11 young (11264K), 11 survivors (11264K)
 Metaspace       used 57902K, capacity 60159K, committed 60240K, reserved 438272K
  class space    used 7812K, capacity 8669K, committed 8704K, reserved 385024K
}
Event: 19.795 GC heap before
{Heap before GC invocations=10 (full 0):
 garbage-first heap   total 262144K, used 186738K [0x00000000e0000000, 0x0000000100000000)
  region size 1024K, 153 young (156672K), 11 survivors (11264K)
 Metaspace       used 61959K, capacity 64401K, committed 64592K, reserved 442368K
  class space    used 8227K, capacity 9155K, committed 9216K, reserved 385024K
}
Event: 19.814 GC heap after
{Heap after GC invocations=11 (full 0):
 garbage-first heap   total 262144K, used 46974K [0x00000000e0000000, 0x0000000100000000)
  region size 1024K, 16 young (16384K), 16 survivors (16384K)
 Metaspace       used 61959K, capacity 64401K, committed 64592K, reserved 442368K
  class space    used 8227K, capacity 9155K, committed 9216K, reserved 385024K
}

Deoptimization events (10 events):
Event: 19.596 Thread 0x000001667a451800 Uncommon trap: reason=bimorphic_or_optimized_type_check action=maybe_recompile pc=0x00000166676306fc method=com.google.common.collect.RegularImmutableMap.get(Ljava/lang/Object;[Lcom/google/common/collect/ImmutableMapEntry;I)Ljava/lang/Object; @ 54 c2
Event: 19.597 Thread 0x000001667a451800 Uncommon trap: reason=bimorphic_or_optimized_type_check action=maybe_recompile pc=0x00000166676306fc method=com.google.common.collect.RegularImmutableMap.get(Ljava/lang/Object;[Lcom/google/common/collect/ImmutableMapEntry;I)Ljava/lang/Object; @ 54 c2
Event: 19.597 Thread 0x000001667a451800 Uncommon trap: reason=bimorphic_or_optimized_type_check action=maybe_recompile pc=0x00000166676306fc method=com.google.common.collect.RegularImmutableMap.get(Ljava/lang/Object;[Lcom/google/common/collect/ImmutableMapEntry;I)Ljava/lang/Object; @ 54 c2
Event: 19.608 Thread 0x000001667a451800 Uncommon trap: reason=class_check action=maybe_recompile pc=0x00000166673f3dfc method=java.util.stream.StreamOpFlag.fromCharacteristics(Ljava/util/Spliterator;)I @ 14 c2
Event: 19.839 Thread 0x0000016676f93000 Uncommon trap: reason=unstable_if action=reinterpret pc=0x000001666755affc method=java.util.concurrent.ConcurrentHashMap.addCount(JI)V @ 110 c2
Event: 592.733 Thread 0x0000016675947000 Uncommon trap: reason=class_check action=maybe_recompile pc=0x00000166677186a8 method=jdk.internal.misc.Unsafe.allocateUninitializedArray(Ljava/lang/Class;I)Ljava/lang/Object; @ 48 c2
Event: 592.733 Thread 0x0000016675947000 Uncommon trap: reason=class_check action=maybe_recompile pc=0x00000166677186a8 method=jdk.internal.misc.Unsafe.allocateUninitializedArray(Ljava/lang/Class;I)Ljava/lang/Object; @ 48 c2
Event: 592.733 Thread 0x0000016675947000 Uncommon trap: reason=class_check action=maybe_recompile pc=0x00000166677186a8 method=jdk.internal.misc.Unsafe.allocateUninitializedArray(Ljava/lang/Class;I)Ljava/lang/Object; @ 48 c2
Event: 592.733 Thread 0x0000016675947000 Uncommon trap: reason=class_check action=maybe_recompile pc=0x00000166677186a8 method=jdk.internal.misc.Unsafe.allocateUninitializedArray(Ljava/lang/Class;I)Ljava/lang/Object; @ 48 c2
Event: 1200.726 Thread 0x0000016675947000 Uncommon trap: reason=unstable_if action=reinterpret pc=0x00000166676f7268 method=java.util.concurrent.locks.AbstractQueuedSynchronizer$ConditionObject.awaitNanos(J)J @ 79 c2

Classes redefined (0 events):
No events

Internal exceptions (10 events):
Event: 19.607 Thread 0x00000166753b9800 Exception <a 'java/lang/NoSuchMethodError'{0x00000000e72012d8}: static Lorg/gradle/internal/build/event/types/DefaultTaskFinishedProgressEvent;.<clinit>()V> (0x00000000e72012d8) thrown at [./open/src/hotspot/share/prims/jni.cpp, line 1366]
Event: 19.609 Thread 0x00000166753b9800 Exception <a 'java/lang/NoSuchMethodError'{0x00000000e721c2d0}: static Lorg/gradle/internal/build/event/types/DefaultTaskSuccessResult;.<clinit>()V> (0x00000000e721c2d0) thrown at [./open/src/hotspot/share/prims/jni.cpp, line 1366]
Event: 19.609 Thread 0x00000166753b9800 Exception <a 'java/lang/NoSuchMethodError'{0x00000000e721d5f0}: static Lorg/gradle/internal/build/event/types/AbstractTaskResult;.<clinit>()V> (0x00000000e721d5f0) thrown at [./open/src/hotspot/share/prims/jni.cpp, line 1366]
Event: 19.609 Thread 0x00000166753b9800 Exception <a 'java/lang/NoSuchMethodError'{0x00000000e721ebc0}: static Lorg/gradle/internal/build/event/types/AbstractResult;.<clinit>()V> (0x00000000e721ebc0) thrown at [./open/src/hotspot/share/prims/jni.cpp, line 1366]
Event: 19.926 Thread 0x0000016676f93000 Exception <a 'java/lang/NoSuchMethodError'{0x00000000efba3670}: java.lang.invoke.DirectMethodHandle$Holder.invokeVirtual(Ljava/lang/Object;Ljava/lang/Object;)V> (0x00000000efba3670) thrown at [./open/src/hotspot/share/interpreter/linkResolver.cpp, line 77
Event: 20.089 Thread 0x0000016679abf800 Exception <a 'java/lang/NoSuchMethodError'{0x00000000ef941bf8}: java.lang.invoke.DirectMethodHandle$Holder.invokeStatic(Ljava/lang/Object;J)V> (0x00000000ef941bf8) thrown at [./open/src/hotspot/share/interpreter/linkResolver.cpp, line 772]
Event: 20.090 Thread 0x0000016679abf800 Exception <a 'java/lang/NoSuchMethodError'{0x00000000ef952488}: java.lang.invoke.DirectMethodHandle$Holder.invokeStatic(Ljava/lang/Object;J)Ljava/lang/Object;> (0x00000000ef952488) thrown at [./open/src/hotspot/share/interpreter/linkResolver.cpp, line 772
Event: 20.091 Thread 0x0000016679abf800 Exception <a 'java/lang/NoSuchMethodError'{0x00000000ef9557b0}: java.lang.invoke.DirectMethodHandle$Holder.invokeSpecial(Ljava/lang/Object;Ljava/lang/Object;J)Ljava/lang/Object;> (0x00000000ef9557b0) thrown at [./open/src/hotspot/share/interpreter/linkRes
Event: 20.095 Thread 0x0000016679abf800 Exception <a 'java/lang/NoSuchMethodError'{0x00000000ef960140}: java.lang.invoke.DirectMethodHandle$Holder.invokeStatic(Ljava/lang/Object;Ljava/lang/Object;JLjava/lang/Object;)Ljava/lang/Object;> (0x00000000ef960140) thrown at [./open/src/hotspot/share/in
Event: 20.097 Thread 0x0000016679abf800 Exception <a 'java/lang/NoSuchMethodError'{0x00000000ef963220}: java.lang.invoke.DirectMethodHandle$Holder.invokeStaticInit(Ljava/lang/Object;Ljava/lang/Object;JLjava/lang/Object;)Ljava/lang/Object;> (0x00000000ef963220) thrown at [./open/src/hotspot/shar

Events (10 events):
Event: 592.733 Thread 0x0000016675947000 DEOPT UNPACKING pc=0x000001665f7965af sp=0x00000001afefe418 mode 2
Event: 592.733 Thread 0x0000016675947000 Uncommon trap: trap_request=0xffffffde fr.pc=0x00000166677186a8 relative=0x0000000000000108
Event: 592.733 Thread 0x0000016675947000 DEOPT PACKING pc=0x00000166677186a8 sp=0x00000001afefe490
Event: 592.733 Thread 0x0000016675947000 DEOPT UNPACKING pc=0x000001665f7965af sp=0x00000001afefe418 mode 2
Event: 592.733 Thread 0x0000016675947000 Uncommon trap: trap_request=0xffffffde fr.pc=0x00000166677186a8 relative=0x0000000000000108
Event: 592.733 Thread 0x0000016675947000 DEOPT PACKING pc=0x00000166677186a8 sp=0x00000001afefe490
Event: 592.733 Thread 0x0000016675947000 DEOPT UNPACKING pc=0x000001665f7965af sp=0x00000001afefe418 mode 2
Event: 1200.726 Thread 0x0000016675947000 Uncommon trap: trap_request=0xffffff4d fr.pc=0x00000166676f7268 relative=0x0000000000000e48
Event: 1200.726 Thread 0x0000016675947000 DEOPT PACKING pc=0x00000166676f7268 sp=0x00000001afefed10
Event: 1200.727 Thread 0x0000016675947000 DEOPT UNPACKING pc=0x000001665f7965af sp=0x00000001afefecc0 mode 2


Dynamic libraries:
0x00007ff7eeae0000 - 0x00007ff7eeaf0000 	C:\Program Files\Java\jdk-11\bin\java.exe
0x00007ffcff580000 - 0x00007ffcff789000 	C:\WINDOWS\SYSTEM32\ntdll.dll
0x00007ffcfe8c0000 - 0x00007ffcfe97d000 	C:\WINDOWS\System32\KERNEL32.DLL
0x00007ffcfcfd0000 - 0x00007ffcfd354000 	C:\WINDOWS\System32\KERNELBASE.dll
0x00007ffcfca10000 - 0x00007ffcfcb21000 	C:\WINDOWS\System32\ucrtbase.dll
0x00007ffcdc6c0000 - 0x00007ffcdc6db000 	C:\Program Files\Java\jdk-11\bin\VCRUNTIME140.dll
0x00007ffcdc840000 - 0x00007ffcdc859000 	C:\Program Files\Java\jdk-11\bin\jli.dll
0x00007ffcfdad0000 - 0x00007ffcfdb7e000 	C:\WINDOWS\System32\ADVAPI32.dll
0x00007ffcff160000 - 0x00007ffcff203000 	C:\WINDOWS\System32\msvcrt.dll
0x00007ffcfdb80000 - 0x00007ffcfdc1e000 	C:\WINDOWS\System32\sechost.dll
0x00007ffcff2f0000 - 0x00007ffcff411000 	C:\WINDOWS\System32\RPCRT4.dll
0x00007ffcfe9f0000 - 0x00007ffcfeb9d000 	C:\WINDOWS\System32\USER32.dll
0x00007ffcfcbd0000 - 0x00007ffcfcbf6000 	C:\WINDOWS\System32\win32u.dll
0x00007ffcff210000 - 0x00007ffcff23a000 	C:\WINDOWS\System32\GDI32.dll
0x00007ffcfcc00000 - 0x00007ffcfcd1e000 	C:\WINDOWS\System32\gdi32full.dll
0x00007ffcee160000 - 0x00007ffcee405000 	C:\WINDOWS\WinSxS\amd64_microsoft.windows.common-controls_6595b64144ccf1df_6.0.22000.120_none_9d947278b86cc467\COMCTL32.dll
0x00007ffcfcb30000 - 0x00007ffcfcbcd000 	C:\WINDOWS\System32\msvcp_win.dll
0x00007ffcf5500000 - 0x00007ffcf550a000 	C:\WINDOWS\SYSTEM32\VERSION.dll
0x00007ffcff0b0000 - 0x00007ffcff0e1000 	C:\WINDOWS\System32\IMM32.DLL
0x00007ffcf90e0000 - 0x00007ffcf90ec000 	C:\Program Files\Java\jdk-11\bin\vcruntime140_1.dll
0x00007ffcdc340000 - 0x00007ffcdc3ce000 	C:\Program Files\Java\jdk-11\bin\msvcp140.dll
0x00007ffcc68f0000 - 0x00007ffcc745d000 	C:\Program Files\Java\jdk-11\bin\server\jvm.dll
0x00007ffcff240000 - 0x00007ffcff248000 	C:\WINDOWS\System32\PSAPI.DLL
0x00007ffcec220000 - 0x00007ffcec229000 	C:\WINDOWS\SYSTEM32\WSOCK32.dll
0x00007ffcff0f0000 - 0x00007ffcff15f000 	C:\WINDOWS\System32\WS2_32.dll
0x00007ffcf6ea0000 - 0x00007ffcf6ed3000 	C:\WINDOWS\SYSTEM32\WINMM.dll
0x00007ffcfba80000 - 0x00007ffcfba98000 	C:\WINDOWS\SYSTEM32\kernel.appcore.dll
0x00007ffcdc260000 - 0x00007ffcdc270000 	C:\Program Files\Java\jdk-11\bin\verify.dll
0x00007ffcfa640000 - 0x00007ffcfa861000 	C:\WINDOWS\SYSTEM32\DBGHELP.DLL
0x00007ffcea670000 - 0x00007ffcea6a1000 	C:\WINDOWS\SYSTEM32\dbgcore.DLL
0x00007ffcfcd20000 - 0x00007ffcfcd9f000 	C:\WINDOWS\System32\bcryptPrimitives.dll
0x00007ffcdc0c0000 - 0x00007ffcdc0e8000 	C:\Program Files\Java\jdk-11\bin\java.dll
0x00007ffcdc250000 - 0x00007ffcdc25a000 	C:\Program Files\Java\jdk-11\bin\jimage.dll
0x00007ffcdf2e0000 - 0x00007ffcdf2ee000 	C:\Program Files\Java\jdk-11\bin\instrument.dll
0x00007ffcdba60000 - 0x00007ffcdba77000 	C:\Program Files\Java\jdk-11\bin\zip.dll
0x00007ffcfdd10000 - 0x00007ffcfe4d5000 	C:\WINDOWS\System32\SHELL32.dll
0x00007ffcfaae0000 - 0x00007ffcfb342000 	C:\WINDOWS\SYSTEM32\windows.storage.dll
0x00007ffcfd750000 - 0x00007ffcfdac6000 	C:\WINDOWS\System32\combase.dll
0x00007ffcfa970000 - 0x00007ffcfaad7000 	C:\WINDOWS\SYSTEM32\wintypes.dll
0x00007ffcfe690000 - 0x00007ffcfe77a000 	C:\WINDOWS\System32\SHCORE.dll
0x00007ffcfe860000 - 0x00007ffcfe8bd000 	C:\WINDOWS\System32\shlwapi.dll
0x00007ffcfc940000 - 0x00007ffcfc965000 	C:\WINDOWS\SYSTEM32\profapi.dll
0x00007ffcc8460000 - 0x00007ffcc8479000 	C:\Program Files\Java\jdk-11\bin\net.dll
0x00007ffcf5690000 - 0x00007ffcf57a4000 	C:\WINDOWS\SYSTEM32\WINHTTP.dll
0x00007ffcfbfa0000 - 0x00007ffcfc007000 	C:\WINDOWS\system32\mswsock.dll
0x00007ffcc8440000 - 0x00007ffcc8452000 	C:\Program Files\Java\jdk-11\bin\nio.dll
0x00007ffcdf2f0000 - 0x00007ffcdf317000 	C:\Users\LG\.gradle\native\68d5fa5c4cc2d200863cafc0d521ce42e7d3e7ee720ec0a83991735586a16f82\windows-amd64\native-platform.dll
0x00007ffcdf190000 - 0x00007ffcdf2d4000 	C:\Users\LG\.gradle\native\e376f236ea51e6404a007f0833ffe2c6e607c4080706a723a18a27aeea778392\windows-amd64\native-platform-file-events.dll
0x00007ffcdf180000 - 0x00007ffcdf189000 	C:\Program Files\Java\jdk-11\bin\management.dll
0x00007ffcdf170000 - 0x00007ffcdf17b000 	C:\Program Files\Java\jdk-11\bin\management_ext.dll
0x00007ffcfc200000 - 0x00007ffcfc218000 	C:\WINDOWS\SYSTEM32\CRYPTSP.dll
0x00007ffcfb9e0000 - 0x00007ffcfba15000 	C:\WINDOWS\system32\rsaenh.dll
0x00007ffcfc090000 - 0x00007ffcfc0bc000 	C:\WINDOWS\SYSTEM32\USERENV.dll
0x00007ffcfc3e0000 - 0x00007ffcfc407000 	C:\WINDOWS\SYSTEM32\bcrypt.dll
0x00007ffcfc1f0000 - 0x00007ffcfc1fc000 	C:\WINDOWS\SYSTEM32\CRYPTBASE.dll
0x00007ffcfb5a0000 - 0x00007ffcfb5cd000 	C:\WINDOWS\SYSTEM32\IPHLPAPI.DLL
0x00007ffcfe4e0000 - 0x00007ffcfe4e9000 	C:\WINDOWS\System32\NSI.dll
0x00007ffcf6e50000 - 0x00007ffcf6e69000 	C:\WINDOWS\SYSTEM32\dhcpcsvc6.DLL
0x00007ffcf6e00000 - 0x00007ffcf6e1e000 	C:\WINDOWS\SYSTEM32\dhcpcsvc.DLL
0x00007ffcfb5d0000 - 0x00007ffcfb6b7000 	C:\WINDOWS\SYSTEM32\DNSAPI.dll

dbghelp: loaded successfully - version: 4.0.5 - missing functions: none
symbol engine: initialized successfully - sym options: 0x614 - pdb path: .;C:\Program Files\Java\jdk-11\bin;C:\WINDOWS\SYSTEM32;C:\WINDOWS\WinSxS\amd64_microsoft.windows.common-controls_6595b64144ccf1df_6.0.22000.120_none_9d947278b86cc467;C:\Program Files\Java\jdk-11\bin\server;C:\Users\LG\.gradle\native\68d5fa5c4cc2d200863cafc0d521ce42e7d3e7ee720ec0a83991735586a16f82\windows-amd64;C:\Users\LG\.gradle\native\e376f236ea51e6404a007f0833ffe2c6e607c4080706a723a18a27aeea778392\windows-amd64

VM Arguments:
jvm_args: --add-opens=java.base/java.util=ALL-UNNAMED --add-opens=java.base/java.lang=ALL-UNNAMED --add-opens=java.base/java.lang.invoke=ALL-UNNAMED --add-opens=java.prefs/java.util.prefs=ALL-UNNAMED --add-opens=java.base/java.nio.charset=ALL-UNNAMED --add-opens=java.base/java.net=ALL-UNNAMED --add-opens=java.base/java.util.concurrent.atomic=ALL-UNNAMED -XX:MaxMetaspaceSize=384m -XX:+HeapDumpOnOutOfMemoryError -Xms256m -Xmx512m -Dfile.encoding=x-windows-949 -Duser.country=KR -Duser.language=ko -Duser.variant -javaagent:C:\Users\LG\.gradle\wrapper\dists\gradle-8.2.1-bin\5hap6b9n41hkg4jeh2au2pllh\gradle-8.2.1\lib\agents\gradle-instrumentation-agent-8.2.1.jar 
java_command: org.gradle.launcher.daemon.bootstrap.GradleDaemon 8.2.1
java_class_path (initial): C:\Users\LG\.gradle\wrapper\dists\gradle-8.2.1-bin\5hap6b9n41hkg4jeh2au2pllh\gradle-8.2.1\lib\gradle-launcher-8.2.1.jar
Launcher Type: SUN_STANDARD

[Global flags]
     intx CICompilerCount                          = 4                                         {product} {ergonomic}
   size_t CompressedClassSpaceSize                 = 394264576                                 {product} {ergonomic}
     uint ConcGCThreads                            = 2                                         {product} {ergonomic}
     uint G1ConcRefinementThreads                  = 8                                         {product} {ergonomic}
   size_t G1HeapRegionSize                         = 1048576                                   {product} {ergonomic}
    uintx GCDrainStackTargetSize                   = 64                                        {product} {ergonomic}
     bool HeapDumpOnOutOfMemoryError               = true                                   {manageable} {command line}
   size_t InitialHeapSize                          = 268435456                                 {product} {command line}
   size_t MarkStackSize                            = 4194304                                   {product} {ergonomic}
   size_t MaxHeapSize                              = 536870912                                 {product} {command line}
   size_t MaxMetaspaceSize                         = 402653184                                 {product} {command line}
   size_t MaxNewSize                               = 321912832                                 {product} {ergonomic}
   size_t MinHeapDeltaBytes                        = 1048576                                   {product} {ergonomic}
    uintx NonNMethodCodeHeapSize                   = 5836300                                {pd product} {ergonomic}
    uintx NonProfiledCodeHeapSize                  = 122910970                              {pd product} {ergonomic}
    uintx ProfiledCodeHeapSize                     = 122910970                              {pd product} {ergonomic}
    uintx ReservedCodeCacheSize                    = 251658240                              {pd product} {ergonomic}
     bool SegmentedCodeCache                       = true                                      {product} {ergonomic}
     bool UseCompressedClassPointers               = true                                 {lp64_product} {ergonomic}
     bool UseCompressedOops                        = true                                 {lp64_product} {ergonomic}
     bool UseG1GC                                  = true                                      {product} {ergonomic}
     bool UseLargePagesIndividualAllocation        = false                                  {pd product} {ergonomic}

Logging:
Log output configuration:
 #0: stdout all=warning uptime,level,tags
 #1: stderr all=off uptime,level,tags

Environment Variables:
JAVA_HOME=C:\jdk-11.0.2
CLASSPATH=C:\jdk-11.0.2\lib
PATH=C:\jdk-11.0.2\bin;C:\jdk-11.0.2;C:\Program Files\Eclipse Adoptium\jdk-8.0.382.5-hotspot\bin;C:\oraclexe\app\oracle\product\10.2.0\server\bin;C:\Program Files (x86)\Common Files\Oracle\Java\javapath;C:\Program Files (x86)\Intel\iCLS Client\;C:\Program Files\Intel\iCLS Client\;C:\windows\system32;C:\windows;C:\windows\System32\Wbem;C:\windows\System32\WindowsPowerShell\v1.0\;C:\Program Files (x86)\Intel\Intel(R) Management Engine Components\DAL;C:\Program Files\Intel\Intel(R) Management Engine Components\DAL;C:\Program Files (x86)\Intel\Intel(R) Management Engine Components\IPT;C:\Program Files\Intel\Intel(R) Management Engine Components\IPT;C:\Program Files\Intel\WiFi\bin\;C:\Program Files\Common Files\Intel\WirelessCommon\;C:\Program Files (x86)\NVIDIA Corporation\PhysX\Common;C:\Program Files (x86)\Skype\Phone\;C:\WINDOWS\system32;C:\WINDOWS;C:\WINDOWS\System32\Wbem;C:\WINDOWS\System32\WindowsPowerShell\v1.0\;C:\WINDOWS\System32\OpenSSH\;C:\Program Files\nodejs\;D:\openssl-0.9.8e_X64\bin;C:\ProgramData\chocolatey\bin;C:\ProgramData\chocolatey\lib\maven\apache-maven-3.9.4\bin;C:\Program Files\Git\cmd;C:\Program Files\MariaDB 10.11\bin;D:\Scripts\;D:\;C:\Users\LG\AppData\Local\Microsoft\WindowsApps;C:\Users\LG\AppData\Local\afreeca;C:\altera\13.1\modelsim_ase\win32aloem;D:\PyCharm Community Edition 2022.1.3\bin;;C:\Users\LG\AppData\Local\Programs\Microsoft VS Code\bin;C:\Users\LG\AppData\Roaming\npm;C:\Program Files\Java\jdk-1.8\bin;D:\IntelliJ IDEA Community Edition 2023.1.3\bin;;
USERNAME=LG
OS=Windows_NT
PROCESSOR_IDENTIFIER=Intel64 Family 6 Model 142 Stepping 10, GenuineIntel



---------------  S Y S T E M  ---------------

OS: Windows 11 , 64 bit Build 22000 (10.0.22000.2538)

CPU:total 8 (initial active 8) (4 cores per cpu, 2 threads per core) family 6 model 142 stepping 10 microcode 0xe0, cmov, cx8, fxsr, mmx, sse, sse2, sse3, ssse3, sse4.1, sse4.2, popcnt, avx, avx2, aes, clmul, erms, 3dnowpref, lzcnt, ht, tsc, tscinvbit, bmi1, bmi2, adx, fma

Memory: 4k page, system-wide physical 8101M (732M free)
TotalPageFile size 16293M (AvailPageFile size 80M)
current process WorkingSet (physical memory assigned to process): 68M, peak: 418M
current process commit charge ("private bytes"): 475M, peak: 520M

vm_info: Java HotSpot(TM) 64-Bit Server VM (11.0.20+9-LTS-256) for windows-amd64 JRE (11.0.20+9-LTS-256), built on Jun 14 2023 10:34:22 by "mach5one" with MS VC++ 17.1 (VS2022)

END.
