#
# There is insufficient memory for the Java Runtime Environment to continue.
# Native memory allocation (malloc) failed to allocate 2132816 bytes for Chunk::new
# Possible reasons:
#   The system is out of physical RAM or swap space
#   The process is running with CompressedOops enabled, and the Java Heap may be blocking the growth of the native heap
# Possible solutions:
#   Reduce memory load on the system
#   Increase physical memory or swap space
#   Check if swap backing store is full
#   Decrease Java heap size (-Xmx/-Xms)
#   Decrease number of Java threads
#   Decrease Java thread stack sizes (-Xss)
#   Set larger code cache with -XX:ReservedCodeCacheSize=
#   JVM is running with Unscaled Compressed Oops mode in which the Java heap is
#     placed in the first 4GB address space. The Java Heap base address is the
#     maximum limit for the native heap growth. Please use -XX:HeapBaseMinAddress
#     to set the Java Heap base and to place the Java Heap above 4GB virtual address.
# This output file may be truncated or incomplete.
#
#  Out of Memory Error (./open/src/hotspot/share/memory/arena.cpp:197), pid=33036, tid=25832
#
# JRE version: Java(TM) SE Runtime Environment 18.9 (11.0.20+9) (build 11.0.20+9-LTS-256)
# Java VM: Java HotSpot(TM) 64-Bit Server VM 18.9 (11.0.20+9-LTS-256, mixed mode, tiered, compressed oops, g1 gc, windows-amd64)
# No core dump will be written. Minidumps are not enabled by default on client versions of Windows
#

---------------  S U M M A R Y ------------

Command Line: -Dfile.encoding=x-windows-949 -Duser.country=KR -Duser.language=ko -Duser.variant com.example.Volunteer.VolunteerApplication

Host: Intel(R) Core(TM) i5-8250U CPU @ 1.60GHz, 8 cores, 7G,  Windows 11 , 64 bit Build 22000 (10.0.22000.2538)
Time: Sat Nov 18 21:52:36 2023  Windows 11 , 64 bit Build 22000 (10.0.22000.2538) elapsed time: 8.981076 seconds (0d 0h 0m 8s)

---------------  T H R E A D  ---------------

Current thread (0x0000024e9caf0800):  JavaThread "C2 CompilerThread2" daemon [_thread_in_native, id=25832, stack(0x000000797c100000,0x000000797c200000)]


Current CompileTask:
C2:   8981 4566       4       org.springframework.beans.factory.support.AbstractBeanFactory::isTypeMatch (607 bytes)

Stack: [0x000000797c100000,0x000000797c200000]
Native frames: (J=compiled Java code, j=interpreted, Vv=VM code, C=native code)
V  [jvm.dll+0x6602ba]
V  [jvm.dll+0x7a32af]
V  [jvm.dll+0x7a4979]
V  [jvm.dll+0x7a5013]
V  [jvm.dll+0x258ef5]
V  [jvm.dll+0xb2a0c]
V  [jvm.dll+0xb2fcc]
V  [jvm.dll+0x367691]
V  [jvm.dll+0x330365]
V  [jvm.dll+0x32f74a]
V  [jvm.dll+0x211bfd]
V  [jvm.dll+0x210bc8]
V  [jvm.dll+0x18cdb1]
V  [jvm.dll+0x220e59]
V  [jvm.dll+0x21f17c]
V  [jvm.dll+0x767061]
V  [jvm.dll+0x75f8e4]
V  [jvm.dll+0x65f165]
C  [ucrtbase.dll+0x26c0c]
C  [KERNEL32.DLL+0x153e0]
C  [ntdll.dll+0x485b]


---------------  P R O C E S S  ---------------

Threads class SMR info:
_java_thread_list=0x0000024e9bb9e580, length=17, elements={
0x0000024ef7f02800, 0x0000024eff87f800, 0x0000024eff888800, 0x0000024eff9aa800,
0x0000024eff9ad800, 0x0000024eff9ae800, 0x0000024eff89e000, 0x0000024eff9b5000,
0x0000024eff9b6800, 0x0000024effb63800, 0x0000024effd4e000, 0x0000024e9caf0800,
0x0000024e9e90d000, 0x0000024e9f348000, 0x0000024ea08a7800, 0x0000024e98ef3800,
0x0000024ea085d800
}

Java Threads: ( => current thread )
  0x0000024ef7f02800 JavaThread "main" [_thread_in_vm, id=34664, stack(0x000000797ad00000,0x000000797ae00000)]
  0x0000024eff87f800 JavaThread "Reference Handler" daemon [_thread_blocked, id=34576, stack(0x000000797b400000,0x000000797b500000)]
  0x0000024eff888800 JavaThread "Finalizer" daemon [_thread_blocked, id=34696, stack(0x000000797b500000,0x000000797b600000)]
  0x0000024eff9aa800 JavaThread "Signal Dispatcher" daemon [_thread_blocked, id=34560, stack(0x000000797b600000,0x000000797b700000)]
  0x0000024eff9ad800 JavaThread "Attach Listener" daemon [_thread_blocked, id=34568, stack(0x000000797b700000,0x000000797b800000)]
  0x0000024eff9ae800 JavaThread "Service Thread" daemon [_thread_blocked, id=34572, stack(0x000000797b800000,0x000000797b900000)]
  0x0000024eff89e000 JavaThread "C2 CompilerThread0" daemon [_thread_in_native, id=34592, stack(0x000000797b900000,0x000000797ba00000)]
  0x0000024eff9b5000 JavaThread "C1 CompilerThread0" daemon [_thread_blocked, id=34588, stack(0x000000797ba00000,0x000000797bb00000)]
  0x0000024eff9b6800 JavaThread "Sweeper thread" daemon [_thread_blocked, id=34500, stack(0x000000797bb00000,0x000000797bc00000)]
  0x0000024effb63800 JavaThread "Common-Cleaner" daemon [_thread_blocked, id=34308, stack(0x000000797bd00000,0x000000797be00000)]
  0x0000024effd4e000 JavaThread "C2 CompilerThread1" daemon [_thread_in_native, id=9796, stack(0x000000797be00000,0x000000797bf00000)]
=>0x0000024e9caf0800 JavaThread "C2 CompilerThread2" daemon [_thread_in_native, id=25832, stack(0x000000797c100000,0x000000797c200000)]
  0x0000024e9e90d000 JavaThread "Catalina-utility-1" [_thread_blocked, id=34160, stack(0x000000797c400000,0x000000797c500000)]
  0x0000024e9f348000 JavaThread "Catalina-utility-2" [_thread_blocked, id=34252, stack(0x000000797c500000,0x000000797c600000)]
  0x0000024ea08a7800 JavaThread "container-0" [_thread_blocked, id=15420, stack(0x000000797c600000,0x000000797c700000)]
  0x0000024e98ef3800 JavaThread "HikariPool-1 housekeeper" daemon [_thread_blocked, id=34680, stack(0x000000797c800000,0x000000797c900000)]
  0x0000024ea085d800 JavaThread "HikariPool-1 connection adder" daemon [_thread_blocked, id=1732, stack(0x000000797cd00000,0x000000797ce00000)]

Other Threads:
  0x0000024eff859000 VMThread "VM Thread" [stack: 0x000000797b300000,0x000000797b400000] [id=34504]
  0x0000024effb61800 WatcherThread [stack: 0x000000797bc00000,0x000000797bd00000] [id=34600]
  0x0000024ef7f18800 GCTaskThread "GC Thread#0" [stack: 0x000000797ae00000,0x000000797af00000] [id=34668]
  0x0000024e995bd000 GCTaskThread "GC Thread#1" [stack: 0x000000797bf00000,0x000000797c000000] [id=34740]
  0x0000024e996f8000 GCTaskThread "GC Thread#2" [stack: 0x000000797c000000,0x000000797c100000] [id=34744]
  0x0000024e9a11d800 GCTaskThread "GC Thread#3" [stack: 0x000000797c200000,0x000000797c300000] [id=33764]
  0x0000024e9c07c800 GCTaskThread "GC Thread#4" [stack: 0x000000797c900000,0x000000797ca00000] [id=34676]
  0x0000024e9c07b000 GCTaskThread "GC Thread#5" [stack: 0x000000797ca00000,0x000000797cb00000] [id=34688]
  0x0000024e9c07b800 GCTaskThread "GC Thread#6" [stack: 0x000000797cb00000,0x000000797cc00000] [id=34692]
  0x0000024e9c076800 GCTaskThread "GC Thread#7" [stack: 0x000000797cc00000,0x000000797cd00000] [id=34636]
  0x0000024ef7f4d000 ConcurrentGCThread "G1 Main Marker" [stack: 0x000000797af00000,0x000000797b000000] [id=34496]
  0x0000024ef7f4e800 ConcurrentGCThread "G1 Conc#0" [stack: 0x000000797b000000,0x000000797b100000] [id=34492]
  0x0000024e99b0f800 ConcurrentGCThread "G1 Conc#1" [stack: 0x000000797c300000,0x000000797c400000] [id=18360]
  0x0000024eff6c2800 ConcurrentGCThread "G1 Refine#0" [stack: 0x000000797b100000,0x000000797b200000] [id=34484]
  0x0000024eff6c3000 ConcurrentGCThread "G1 Young RemSet Sampling" [stack: 0x000000797b200000,0x000000797b300000] [id=34480]

Threads with active compile tasks:
C2 CompilerThread0     9031 4542   !   4       jdk.internal.loader.BuiltinClassLoader::findClassOnClassPathOrNull (64 bytes)
C2 CompilerThread1     9031 4686   !   4       org.springframework.core.annotation.AnnotationsScanner::processMethodHierarchy (276 bytes)
C2 CompilerThread2     9031 4566       4       org.springframework.beans.factory.support.AbstractBeanFactory::isTypeMatch (607 bytes)

VM state:not at safepoint (normal execution)

VM Mutex/Monitor currently owned by a thread: None

Heap address: 0x0000000081600000, size: 2026 MB, Compressed Oops mode: 32-bit
Narrow klass base: 0x0000000000000000, Narrow klass shift: 3
Compressed class space size: 1073741824 Address: 0x0000000100000000

Heap:
 garbage-first heap   total 157696K, used 93902K [0x0000000081600000, 0x0000000100000000)
  region size 1024K, 82 young (83968K), 7 survivors (7168K)
 Metaspace       used 57329K, capacity 58711K, committed 58880K, reserved 1099776K
  class space    used 7343K, capacity 7932K, committed 7936K, reserved 1048576K
Heap Regions: E=young(eden), S=young(survivor), O=old, HS=humongous(starts), HC=humongous(continues), CS=collection set, F=free, A=archive, TAMS=top-at-mark-start (previous, next)
|   0|0x0000000081600000, 0x0000000081700000, 0x0000000081700000|100%|HS|  |TAMS 0x0000000081700000, 0x0000000081600000| Complete 
|   1|0x0000000081700000, 0x0000000081800000, 0x0000000081800000|100%| O|  |TAMS 0x0000000081800000, 0x0000000081700000| Untracked 
|   2|0x0000000081800000, 0x0000000081900000, 0x0000000081900000|100%| O|  |TAMS 0x0000000081900000, 0x0000000081800000| Untracked 
|   3|0x0000000081900000, 0x0000000081a00000, 0x0000000081a00000|100%| O|  |TAMS 0x0000000081a00000, 0x0000000081900000| Untracked 
|   4|0x0000000081a00000, 0x0000000081b00000, 0x0000000081b00000|100%| O|  |TAMS 0x0000000081b00000, 0x0000000081a00000| Untracked 
|   5|0x0000000081b00000, 0x0000000081c00000, 0x0000000081c00000|100%| O|  |TAMS 0x0000000081c00000, 0x0000000081b00000| Untracked 
|   6|0x0000000081c00000, 0x0000000081d00000, 0x0000000081d00000|100%| O|  |TAMS 0x0000000081cc3400, 0x0000000081c00000| Untracked 
|   7|0x0000000081d00000, 0x0000000081e00000, 0x0000000081e00000|100%| O|  |TAMS 0x0000000081d00000, 0x0000000081d00000| Untracked 
|   8|0x0000000081e00000, 0x0000000081f00000, 0x0000000081f00000|100%| O|  |TAMS 0x0000000081e00000, 0x0000000081e00000| Untracked 
|   9|0x0000000081f00000, 0x0000000082000000, 0x0000000082000000|100%| O|  |TAMS 0x0000000081f00000, 0x0000000081f00000| Untracked 
|  10|0x0000000082000000, 0x00000000820b3800, 0x0000000082100000| 70%| O|  |TAMS 0x0000000082000000, 0x0000000082000000| Untracked 
|  11|0x0000000082100000, 0x0000000082100000, 0x0000000082200000|  0%| F|  |TAMS 0x0000000082100000, 0x0000000082100000| Untracked 
|  12|0x0000000082200000, 0x0000000082200000, 0x0000000082300000|  0%| F|  |TAMS 0x0000000082200000, 0x0000000082200000| Untracked 
|  13|0x0000000082300000, 0x0000000082300000, 0x0000000082400000|  0%| F|  |TAMS 0x0000000082300000, 0x0000000082300000| Untracked 
|  14|0x0000000082400000, 0x0000000082400000, 0x0000000082500000|  0%| F|  |TAMS 0x0000000082400000, 0x0000000082400000| Untracked 
|  15|0x0000000082500000, 0x0000000082500000, 0x0000000082600000|  0%| F|  |TAMS 0x0000000082500000, 0x0000000082500000| Untracked 
|  16|0x0000000082600000, 0x0000000082600000, 0x0000000082700000|  0%| F|  |TAMS 0x0000000082600000, 0x0000000082600000| Untracked 
|  17|0x0000000082700000, 0x0000000082700000, 0x0000000082800000|  0%| F|  |TAMS 0x0000000082700000, 0x0000000082700000| Untracked 
|  18|0x0000000082800000, 0x0000000082800000, 0x0000000082900000|  0%| F|  |TAMS 0x0000000082800000, 0x0000000082800000| Untracked 
|  19|0x0000000082900000, 0x0000000082900000, 0x0000000082a00000|  0%| F|  |TAMS 0x0000000082900000, 0x0000000082900000| Untracked 
|  20|0x0000000082a00000, 0x0000000082a00000, 0x0000000082b00000|  0%| F|  |TAMS 0x0000000082a00000, 0x0000000082a00000| Untracked 
|  21|0x0000000082b00000, 0x0000000082b00000, 0x0000000082c00000|  0%| F|  |TAMS 0x0000000082b00000, 0x0000000082b00000| Untracked 
|  22|0x0000000082c00000, 0x0000000082c00000, 0x0000000082d00000|  0%| F|  |TAMS 0x0000000082c00000, 0x0000000082c00000| Untracked 
|  23|0x0000000082d00000, 0x0000000082d00000, 0x0000000082e00000|  0%| F|  |TAMS 0x0000000082d00000, 0x0000000082d00000| Untracked 
|  24|0x0000000082e00000, 0x0000000082e00000, 0x0000000082f00000|  0%| F|  |TAMS 0x0000000082e00000, 0x0000000082e00000| Untracked 
|  25|0x0000000082f00000, 0x0000000082f00000, 0x0000000083000000|  0%| F|  |TAMS 0x0000000082f00000, 0x0000000082f00000| Untracked 
|  26|0x0000000083000000, 0x0000000083000000, 0x0000000083100000|  0%| F|  |TAMS 0x0000000083000000, 0x0000000083000000| Untracked 
|  27|0x0000000083100000, 0x0000000083100000, 0x0000000083200000|  0%| F|  |TAMS 0x0000000083100000, 0x0000000083100000| Untracked 
|  28|0x0000000083200000, 0x0000000083200000, 0x0000000083300000|  0%| F|  |TAMS 0x0000000083200000, 0x0000000083200000| Untracked 
|  29|0x0000000083300000, 0x0000000083300000, 0x0000000083400000|  0%| F|  |TAMS 0x0000000083300000, 0x0000000083300000| Untracked 
|  30|0x0000000083400000, 0x0000000083400000, 0x0000000083500000|  0%| F|  |TAMS 0x0000000083400000, 0x0000000083400000| Untracked 
|  31|0x0000000083500000, 0x0000000083500000, 0x0000000083600000|  0%| F|  |TAMS 0x0000000083500000, 0x0000000083500000| Untracked 
|  32|0x0000000083600000, 0x0000000083600000, 0x0000000083700000|  0%| F|  |TAMS 0x0000000083600000, 0x0000000083600000| Untracked 
|  33|0x0000000083700000, 0x0000000083700000, 0x0000000083800000|  0%| F|  |TAMS 0x0000000083700000, 0x0000000083700000| Untracked 
|  34|0x0000000083800000, 0x0000000083800000, 0x0000000083900000|  0%| F|  |TAMS 0x0000000083800000, 0x0000000083800000| Untracked 
|  35|0x0000000083900000, 0x0000000083900000, 0x0000000083a00000|  0%| F|  |TAMS 0x0000000083900000, 0x0000000083900000| Untracked 
|  36|0x0000000083a00000, 0x0000000083a00000, 0x0000000083b00000|  0%| F|  |TAMS 0x0000000083a00000, 0x0000000083a00000| Untracked 
|  37|0x0000000083b00000, 0x0000000083b00000, 0x0000000083c00000|  0%| F|  |TAMS 0x0000000083b00000, 0x0000000083b00000| Untracked 
|  38|0x0000000083c00000, 0x0000000083c00000, 0x0000000083d00000|  0%| F|  |TAMS 0x0000000083c00000, 0x0000000083c00000| Untracked 
|  39|0x0000000083d00000, 0x0000000083d00000, 0x0000000083e00000|  0%| F|  |TAMS 0x0000000083d00000, 0x0000000083d00000| Untracked 
|  40|0x0000000083e00000, 0x0000000083e00000, 0x0000000083f00000|  0%| F|  |TAMS 0x0000000083e00000, 0x0000000083e00000| Untracked 
|  41|0x0000000083f00000, 0x0000000083f00000, 0x0000000084000000|  0%| F|  |TAMS 0x0000000083f00000, 0x0000000083f00000| Untracked 
|  42|0x0000000084000000, 0x0000000084000000, 0x0000000084100000|  0%| F|  |TAMS 0x0000000084000000, 0x0000000084000000| Untracked 
|  43|0x0000000084100000, 0x0000000084100000, 0x0000000084200000|  0%| F|  |TAMS 0x0000000084100000, 0x0000000084100000| Untracked 
|  44|0x0000000084200000, 0x0000000084200000, 0x0000000084300000|  0%| F|  |TAMS 0x0000000084200000, 0x0000000084200000| Untracked 
|  45|0x0000000084300000, 0x0000000084400000, 0x0000000084400000|100%| S|CS|TAMS 0x0000000084300000, 0x0000000084300000| Complete 
|  46|0x0000000084400000, 0x0000000084500000, 0x0000000084500000|100%| S|CS|TAMS 0x0000000084400000, 0x0000000084400000| Complete 
|  47|0x0000000084500000, 0x0000000084600000, 0x0000000084600000|100%| S|CS|TAMS 0x0000000084500000, 0x0000000084500000| Complete 
|  48|0x0000000084600000, 0x0000000084700000, 0x0000000084700000|100%| S|CS|TAMS 0x0000000084600000, 0x0000000084600000| Complete 
|  49|0x0000000084700000, 0x0000000084700000, 0x0000000084800000|  0%| F|  |TAMS 0x0000000084700000, 0x0000000084700000| Untracked 
|  50|0x0000000084800000, 0x0000000084800000, 0x0000000084900000|  0%| F|  |TAMS 0x0000000084800000, 0x0000000084800000| Untracked 
|  51|0x0000000084900000, 0x0000000084900000, 0x0000000084a00000|  0%| F|  |TAMS 0x0000000084900000, 0x0000000084900000| Untracked 
|  52|0x0000000084a00000, 0x0000000084a00000, 0x0000000084b00000|  0%| F|  |TAMS 0x0000000084a00000, 0x0000000084a00000| Untracked 
|  53|0x0000000084b00000, 0x0000000084b00000, 0x0000000084c00000|  0%| F|  |TAMS 0x0000000084b00000, 0x0000000084b00000| Untracked 
|  54|0x0000000084c00000, 0x0000000084c00000, 0x0000000084d00000|  0%| F|  |TAMS 0x0000000084c00000, 0x0000000084c00000| Untracked 
|  55|0x0000000084d00000, 0x0000000084d00000, 0x0000000084e00000|  0%| F|  |TAMS 0x0000000084d00000, 0x0000000084d00000| Untracked 
|  56|0x0000000084e00000, 0x0000000084e00000, 0x0000000084f00000|  0%| F|  |TAMS 0x0000000084e00000, 0x0000000084e00000| Untracked 
|  57|0x0000000084f00000, 0x0000000084f00000, 0x0000000085000000|  0%| F|  |TAMS 0x0000000084f00000, 0x0000000084f00000| Untracked 
|  58|0x0000000085000000, 0x0000000085100000, 0x0000000085100000|100%| S|CS|TAMS 0x0000000085000000, 0x0000000085000000| Complete 
|  59|0x0000000085100000, 0x0000000085200000, 0x0000000085200000|100%| S|CS|TAMS 0x0000000085100000, 0x0000000085100000| Complete 
|  60|0x0000000085200000, 0x0000000085300000, 0x0000000085300000|100%| S|CS|TAMS 0x0000000085200000, 0x0000000085200000| Complete 
|  61|0x0000000085300000, 0x0000000085300000, 0x0000000085400000|  0%| F|  |TAMS 0x0000000085300000, 0x0000000085300000| Untracked 
|  62|0x0000000085400000, 0x0000000085400000, 0x0000000085500000|  0%| F|  |TAMS 0x0000000085400000, 0x0000000085400000| Untracked 
|  63|0x0000000085500000, 0x0000000085500000, 0x0000000085600000|  0%| F|  |TAMS 0x0000000085500000, 0x0000000085500000| Untracked 
|  64|0x0000000085600000, 0x0000000085600000, 0x0000000085700000|  0%| F|  |TAMS 0x0000000085600000, 0x0000000085600000| Untracked 
|  65|0x0000000085700000, 0x0000000085700000, 0x0000000085800000|  0%| F|  |TAMS 0x0000000085700000, 0x0000000085700000| Untracked 
|  66|0x0000000085800000, 0x0000000085800000, 0x0000000085900000|  0%| F|  |TAMS 0x0000000085800000, 0x0000000085800000| Untracked 
|  67|0x0000000085900000, 0x0000000085900000, 0x0000000085a00000|  0%| F|  |TAMS 0x0000000085900000, 0x0000000085900000| Untracked 
|  68|0x0000000085a00000, 0x0000000085a00000, 0x0000000085b00000|  0%| F|  |TAMS 0x0000000085a00000, 0x0000000085a00000| Untracked 
|  69|0x0000000085b00000, 0x0000000085b00000, 0x0000000085c00000|  0%| F|  |TAMS 0x0000000085b00000, 0x0000000085b00000| Untracked 
|  70|0x0000000085c00000, 0x0000000085c00000, 0x0000000085d00000|  0%| F|  |TAMS 0x0000000085c00000, 0x0000000085c00000| Untracked 
|  71|0x0000000085d00000, 0x0000000085d00000, 0x0000000085e00000|  0%| F|  |TAMS 0x0000000085d00000, 0x0000000085d00000| Untracked 
|  72|0x0000000085e00000, 0x0000000085e00000, 0x0000000085f00000|  0%| F|  |TAMS 0x0000000085e00000, 0x0000000085e00000| Untracked 
|  73|0x0000000085f00000, 0x0000000085f00000, 0x0000000086000000|  0%| F|  |TAMS 0x0000000085f00000, 0x0000000085f00000| Untracked 
|  74|0x0000000086000000, 0x0000000086000000, 0x0000000086100000|  0%| F|  |TAMS 0x0000000086000000, 0x0000000086000000| Untracked 
|  75|0x0000000086100000, 0x0000000086100000, 0x0000000086200000|  0%| F|  |TAMS 0x0000000086100000, 0x0000000086100000| Untracked 
|  76|0x0000000086200000, 0x0000000086200000, 0x0000000086300000|  0%| F|  |TAMS 0x0000000086200000, 0x0000000086200000| Untracked 
|  77|0x0000000086300000, 0x0000000086300000, 0x0000000086400000|  0%| F|  |TAMS 0x0000000086300000, 0x0000000086300000| Untracked 
|  78|0x0000000086400000, 0x0000000086400000, 0x0000000086500000|  0%| F|  |TAMS 0x0000000086400000, 0x0000000086400000| Untracked 
|  79|0x0000000086500000, 0x0000000086600000, 0x0000000086600000|100%| E|  |TAMS 0x0000000086500000, 0x0000000086500000| Complete 
|  80|0x0000000086600000, 0x0000000086700000, 0x0000000086700000|100%| E|CS|TAMS 0x0000000086600000, 0x0000000086600000| Complete 
|  81|0x0000000086700000, 0x0000000086800000, 0x0000000086800000|100%| E|CS|TAMS 0x0000000086700000, 0x0000000086700000| Complete 
|  82|0x0000000086800000, 0x0000000086900000, 0x0000000086900000|100%| E|CS|TAMS 0x0000000086800000, 0x0000000086800000| Complete 
|  83|0x0000000086900000, 0x0000000086a00000, 0x0000000086a00000|100%| E|CS|TAMS 0x0000000086900000, 0x0000000086900000| Complete 
|  84|0x0000000086a00000, 0x0000000086b00000, 0x0000000086b00000|100%| E|CS|TAMS 0x0000000086a00000, 0x0000000086a00000| Complete 
|  85|0x0000000086b00000, 0x0000000086c00000, 0x0000000086c00000|100%| E|CS|TAMS 0x0000000086b00000, 0x0000000086b00000| Complete 
|  86|0x0000000086c00000, 0x0000000086d00000, 0x0000000086d00000|100%| E|CS|TAMS 0x0000000086c00000, 0x0000000086c00000| Complete 
|  87|0x0000000086d00000, 0x0000000086e00000, 0x0000000086e00000|100%| E|CS|TAMS 0x0000000086d00000, 0x0000000086d00000| Complete 
|  88|0x0000000086e00000, 0x0000000086f00000, 0x0000000086f00000|100%| E|CS|TAMS 0x0000000086e00000, 0x0000000086e00000| Complete 
|  89|0x0000000086f00000, 0x0000000087000000, 0x0000000087000000|100%| E|CS|TAMS 0x0000000086f00000, 0x0000000086f00000| Complete 
|  90|0x0000000087000000, 0x0000000087100000, 0x0000000087100000|100%| E|CS|TAMS 0x0000000087000000, 0x0000000087000000| Complete 
|  91|0x0000000087100000, 0x0000000087200000, 0x0000000087200000|100%| E|CS|TAMS 0x0000000087100000, 0x0000000087100000| Complete 
|  92|0x0000000087200000, 0x0000000087300000, 0x0000000087300000|100%| E|CS|TAMS 0x0000000087200000, 0x0000000087200000| Complete 
|  93|0x0000000087300000, 0x0000000087400000, 0x0000000087400000|100%| E|CS|TAMS 0x0000000087300000, 0x0000000087300000| Complete 
|  94|0x0000000087400000, 0x0000000087500000, 0x0000000087500000|100%| E|CS|TAMS 0x0000000087400000, 0x0000000087400000| Complete 
|  95|0x0000000087500000, 0x0000000087600000, 0x0000000087600000|100%| E|CS|TAMS 0x0000000087500000, 0x0000000087500000| Complete 
|  96|0x0000000087600000, 0x0000000087700000, 0x0000000087700000|100%| E|CS|TAMS 0x0000000087600000, 0x0000000087600000| Complete 
|  97|0x0000000087700000, 0x0000000087800000, 0x0000000087800000|100%| E|CS|TAMS 0x0000000087700000, 0x0000000087700000| Complete 
|  98|0x0000000087800000, 0x0000000087900000, 0x0000000087900000|100%| E|CS|TAMS 0x0000000087800000, 0x0000000087800000| Complete 
|  99|0x0000000087900000, 0x0000000087a00000, 0x0000000087a00000|100%| E|CS|TAMS 0x0000000087900000, 0x0000000087900000| Complete 
| 100|0x0000000087a00000, 0x0000000087b00000, 0x0000000087b00000|100%| E|CS|TAMS 0x0000000087a00000, 0x0000000087a00000| Complete 
| 101|0x0000000087b00000, 0x0000000087c00000, 0x0000000087c00000|100%| E|CS|TAMS 0x0000000087b00000, 0x0000000087b00000| Complete 
| 102|0x0000000087c00000, 0x0000000087d00000, 0x0000000087d00000|100%| E|CS|TAMS 0x0000000087c00000, 0x0000000087c00000| Complete 
| 103|0x0000000087d00000, 0x0000000087e00000, 0x0000000087e00000|100%| E|CS|TAMS 0x0000000087d00000, 0x0000000087d00000| Complete 
| 104|0x0000000087e00000, 0x0000000087f00000, 0x0000000087f00000|100%| E|CS|TAMS 0x0000000087e00000, 0x0000000087e00000| Complete 
| 105|0x0000000087f00000, 0x0000000088000000, 0x0000000088000000|100%| E|CS|TAMS 0x0000000087f00000, 0x0000000087f00000| Complete 
| 106|0x0000000088000000, 0x0000000088100000, 0x0000000088100000|100%| E|CS|TAMS 0x0000000088000000, 0x0000000088000000| Complete 
| 107|0x0000000088100000, 0x0000000088200000, 0x0000000088200000|100%| E|CS|TAMS 0x0000000088100000, 0x0000000088100000| Complete 
| 108|0x0000000088200000, 0x0000000088300000, 0x0000000088300000|100%| E|CS|TAMS 0x0000000088200000, 0x0000000088200000| Complete 
| 109|0x0000000088300000, 0x0000000088400000, 0x0000000088400000|100%| E|CS|TAMS 0x0000000088300000, 0x0000000088300000| Complete 
| 110|0x0000000088400000, 0x0000000088500000, 0x0000000088500000|100%| E|CS|TAMS 0x0000000088400000, 0x0000000088400000| Complete 
| 111|0x0000000088500000, 0x0000000088600000, 0x0000000088600000|100%| E|CS|TAMS 0x0000000088500000, 0x0000000088500000| Complete 
| 112|0x0000000088600000, 0x0000000088700000, 0x0000000088700000|100%| E|CS|TAMS 0x0000000088600000, 0x0000000088600000| Complete 
| 113|0x0000000088700000, 0x0000000088800000, 0x0000000088800000|100%| E|CS|TAMS 0x0000000088700000, 0x0000000088700000| Complete 
| 114|0x0000000088800000, 0x0000000088900000, 0x0000000088900000|100%| E|CS|TAMS 0x0000000088800000, 0x0000000088800000| Complete 
| 115|0x0000000088900000, 0x0000000088a00000, 0x0000000088a00000|100%| E|CS|TAMS 0x0000000088900000, 0x0000000088900000| Complete 
| 116|0x0000000088a00000, 0x0000000088b00000, 0x0000000088b00000|100%| E|CS|TAMS 0x0000000088a00000, 0x0000000088a00000| Complete 
| 117|0x0000000088b00000, 0x0000000088c00000, 0x0000000088c00000|100%| E|CS|TAMS 0x0000000088b00000, 0x0000000088b00000| Complete 
| 118|0x0000000088c00000, 0x0000000088d00000, 0x0000000088d00000|100%| E|CS|TAMS 0x0000000088c00000, 0x0000000088c00000| Complete 
| 119|0x0000000088d00000, 0x0000000088e00000, 0x0000000088e00000|100%| E|CS|TAMS 0x0000000088d00000, 0x0000000088d00000| Complete 
| 120|0x0000000088e00000, 0x0000000088f00000, 0x0000000088f00000|100%| E|CS|TAMS 0x0000000088e00000, 0x0000000088e00000| Complete 
| 121|0x0000000088f00000, 0x0000000089000000, 0x0000000089000000|100%| E|CS|TAMS 0x0000000088f00000, 0x0000000088f00000| Complete 
| 122|0x0000000089000000, 0x0000000089100000, 0x0000000089100000|100%| E|CS|TAMS 0x0000000089000000, 0x0000000089000000| Complete 
| 123|0x0000000089100000, 0x0000000089200000, 0x0000000089200000|100%| E|CS|TAMS 0x0000000089100000, 0x0000000089100000| Complete 
| 124|0x0000000089200000, 0x0000000089300000, 0x0000000089300000|100%| E|CS|TAMS 0x0000000089200000, 0x0000000089200000| Complete 
| 125|0x0000000089300000, 0x0000000089400000, 0x0000000089400000|100%| E|CS|TAMS 0x0000000089300000, 0x0000000089300000| Complete 
| 126|0x0000000089400000, 0x0000000089500000, 0x0000000089500000|100%| E|CS|TAMS 0x0000000089400000, 0x0000000089400000| Complete 
| 127|0x0000000089500000, 0x0000000089600000, 0x0000000089600000|100%| E|CS|TAMS 0x0000000089500000, 0x0000000089500000| Complete 
| 128|0x0000000089600000, 0x0000000089700000, 0x0000000089700000|100%| E|CS|TAMS 0x0000000089600000, 0x0000000089600000| Complete 
| 129|0x0000000089700000, 0x0000000089800000, 0x0000000089800000|100%| E|CS|TAMS 0x0000000089700000, 0x0000000089700000| Complete 
| 130|0x0000000089800000, 0x0000000089900000, 0x0000000089900000|100%| E|CS|TAMS 0x0000000089800000, 0x0000000089800000| Complete 
| 131|0x0000000089900000, 0x0000000089a00000, 0x0000000089a00000|100%| E|CS|TAMS 0x0000000089900000, 0x0000000089900000| Complete 
| 132|0x0000000089a00000, 0x0000000089b00000, 0x0000000089b00000|100%| E|CS|TAMS 0x0000000089a00000, 0x0000000089a00000| Complete 
| 133|0x0000000089b00000, 0x0000000089c00000, 0x0000000089c00000|100%| E|CS|TAMS 0x0000000089b00000, 0x0000000089b00000| Complete 
| 134|0x0000000089c00000, 0x0000000089d00000, 0x0000000089d00000|100%| E|CS|TAMS 0x0000000089c00000, 0x0000000089c00000| Complete 
| 135|0x0000000089d00000, 0x0000000089e00000, 0x0000000089e00000|100%| E|CS|TAMS 0x0000000089d00000, 0x0000000089d00000| Complete 
| 136|0x0000000089e00000, 0x0000000089f00000, 0x0000000089f00000|100%| E|CS|TAMS 0x0000000089e00000, 0x0000000089e00000| Complete 
| 137|0x0000000089f00000, 0x000000008a000000, 0x000000008a000000|100%| E|CS|TAMS 0x0000000089f00000, 0x0000000089f00000| Complete 
| 138|0x000000008a000000, 0x000000008a100000, 0x000000008a100000|100%| E|CS|TAMS 0x000000008a000000, 0x000000008a000000| Complete 
| 139|0x000000008a100000, 0x000000008a200000, 0x000000008a200000|100%| E|CS|TAMS 0x000000008a100000, 0x000000008a100000| Complete 
| 140|0x000000008a200000, 0x000000008a300000, 0x000000008a300000|100%| E|CS|TAMS 0x000000008a200000, 0x000000008a200000| Complete 
| 141|0x000000008a300000, 0x000000008a400000, 0x000000008a400000|100%| E|CS|TAMS 0x000000008a300000, 0x000000008a300000| Complete 
| 142|0x000000008a400000, 0x000000008a500000, 0x000000008a500000|100%| E|CS|TAMS 0x000000008a400000, 0x000000008a400000| Complete 
| 143|0x000000008a500000, 0x000000008a600000, 0x000000008a600000|100%| E|CS|TAMS 0x000000008a500000, 0x000000008a500000| Complete 
| 144|0x000000008a600000, 0x000000008a700000, 0x000000008a700000|100%| E|CS|TAMS 0x000000008a600000, 0x000000008a600000| Complete 
| 145|0x000000008a700000, 0x000000008a800000, 0x000000008a800000|100%| E|CS|TAMS 0x000000008a700000, 0x000000008a700000| Complete 
| 146|0x000000008a800000, 0x000000008a900000, 0x000000008a900000|100%| E|CS|TAMS 0x000000008a800000, 0x000000008a800000| Complete 
| 147|0x000000008a900000, 0x000000008aa00000, 0x000000008aa00000|100%| E|CS|TAMS 0x000000008a900000, 0x000000008a900000| Complete 
| 148|0x000000008aa00000, 0x000000008ab00000, 0x000000008ab00000|100%| E|CS|TAMS 0x000000008aa00000, 0x000000008aa00000| Complete 
| 149|0x000000008ab00000, 0x000000008ac00000, 0x000000008ac00000|100%| E|CS|TAMS 0x000000008ab00000, 0x000000008ab00000| Complete 
| 150|0x000000008ac00000, 0x000000008ad00000, 0x000000008ad00000|100%| E|CS|TAMS 0x000000008ac00000, 0x000000008ac00000| Complete 
| 151|0x000000008ad00000, 0x000000008ae00000, 0x000000008ae00000|100%| E|CS|TAMS 0x000000008ad00000, 0x000000008ad00000| Complete 
| 152|0x000000008ae00000, 0x000000008af00000, 0x000000008af00000|100%| E|CS|TAMS 0x000000008ae00000, 0x000000008ae00000| Complete 
| 153|0x000000008af00000, 0x000000008b000000, 0x000000008b000000|100%| E|CS|TAMS 0x000000008af00000, 0x000000008af00000| Complete 

Card table byte_map: [0x0000024efa620000,0x0000024efaa20000] _byte_map_base: 0x0000024efa215000

Marking Bits (Prev, Next): (CMBitMap*) 0x0000024ef7f445b8, (CMBitMap*) 0x0000024ef7f445f0
 Prev Bits: [0x0000024efae20000, 0x0000024efcdc8000)
 Next Bits: [0x0000024efcdd0000, 0x0000024efed78000)

Polling page: 0x0000024ef7fd0000

Metaspace:

Usage:
  Non-class:     49.60 MB capacity,    48.86 MB ( 99%) used,   590.17 KB (  1%) free+waste,   169.50 KB ( <1%) overhead. 
      Class:      7.75 MB capacity,     7.18 MB ( 93%) used,   503.36 KB (  6%) free+waste,    84.00 KB (  1%) overhead. 
       Both:     57.36 MB capacity,    56.04 MB ( 98%) used,     1.07 MB (  2%) free+waste,   253.50 KB ( <1%) overhead. 

Virtual space:
  Non-class space:       50.00 MB reserved,      49.75 MB (>99%) committed 
      Class space:        1.00 GB reserved,       7.88 MB ( <1%) committed 
             Both:        1.05 GB reserved,      57.62 MB (  5%) committed 

Chunk freelists:
   Non-Class:  2.50 KB
       Class:  0 bytes
        Both:  2.50 KB

CodeHeap 'non-profiled nmethods': size=120000Kb used=2999Kb max_used=2999Kb free=117000Kb
 bounds [0x0000024e8f0e0000, 0x0000024e8f3d0000, 0x0000024e96610000]
CodeHeap 'profiled nmethods': size=120000Kb used=10501Kb max_used=10501Kb free=109499Kb
 bounds [0x0000024e87bb0000, 0x0000024e88600000, 0x0000024e8f0e0000]
CodeHeap 'non-nmethods': size=5760Kb used=1226Kb max_used=1252Kb free=4533Kb
 bounds [0x0000024e87610000, 0x0000024e87880000, 0x0000024e87bb0000]
 total_blobs=5273 nmethods=4678 adapters=506
 compilation: enabled
              stopped_count=0, restarted_count=0
 full_count=0

Compilation events (10 events):
Event: 8.846 Thread 0x0000024eff9b5000 4695       3       org.springframework.core.convert.support.GenericConversionService$ConvertersForPair::<init> (5 bytes)
Event: 8.846 Thread 0x0000024eff9b5000 nmethod 4695 0x0000024e885ece10 code [0x0000024e885ecfe0, 0x0000024e885ed558]
Event: 8.846 Thread 0x0000024eff9b5000 4696       3       org.springframework.core.convert.support.GenericConversionService$ConvertersForPair::<init> (16 bytes)
Event: 8.847 Thread 0x0000024eff9b5000 nmethod 4696 0x0000024e885ed710 code [0x0000024e885ed8e0, 0x0000024e885eddf8]
Event: 8.847 Thread 0x0000024eff9b5000 4697       3       java.util.concurrent.ConcurrentLinkedDeque::<init> (21 bytes)
Event: 8.847 Thread 0x0000024eff9b5000 nmethod 4697 0x0000024e885edf90 code [0x0000024e885ee140, 0x0000024e885ee4d8]
Event: 8.868 Thread 0x0000024effd4e000 nmethod 4614 0x0000024e8f3ca090 code [0x0000024e8f3ca440, 0x0000024e8f3cc158]
Event: 8.868 Thread 0x0000024effd4e000 4686   !   4       org.springframework.core.annotation.AnnotationsScanner::processMethodHierarchy (276 bytes)
Event: 8.953 Thread 0x0000024eff9b5000 4698       3       java.util.concurrent.atomic.AtomicInteger::getAndAdd (12 bytes)
Event: 8.953 Thread 0x0000024eff9b5000 nmethod 4698 0x0000024e885ee610 code [0x0000024e885ee7a0, 0x0000024e885ee8b8]

GC Heap History (10 events):
Event: 1.518 GC heap before
{Heap before GC invocations=1 (full 0):
 garbage-first heap   total 131072K, used 44791K [0x0000000081600000, 0x0000000100000000)
  region size 1024K, 40 young (40960K), 3 survivors (3072K)
 Metaspace       used 19497K, capacity 20015K, committed 20352K, reserved 1067008K
  class space    used 2143K, capacity 2338K, committed 2432K, reserved 1048576K
}
Event: 1.524 GC heap after
{Heap after GC invocations=2 (full 0):
 garbage-first heap   total 131072K, used 9174K [0x0000000081600000, 0x0000000100000000)
  region size 1024K, 3 young (3072K), 3 survivors (3072K)
 Metaspace       used 19497K, capacity 20015K, committed 20352K, reserved 1067008K
  class space    used 2143K, capacity 2338K, committed 2432K, reserved 1048576K
}
Event: 1.588 GC heap before
{Heap before GC invocations=2 (full 0):
 garbage-first heap   total 131072K, used 14294K [0x0000000081600000, 0x0000000100000000)
  region size 1024K, 9 young (9216K), 3 survivors (3072K)
 Metaspace       used 20620K, capacity 21117K, committed 21248K, reserved 1069056K
  class space    used 2249K, capacity 2449K, committed 2560K, reserved 1048576K
}
Event: 1.592 GC heap after
{Heap after GC invocations=3 (full 0):
 garbage-first heap   total 131072K, used 9436K [0x0000000081600000, 0x0000000100000000)
  region size 1024K, 3 young (3072K), 3 survivors (3072K)
 Metaspace       used 20620K, capacity 21117K, committed 21248K, reserved 1069056K
  class space    used 2249K, capacity 2449K, committed 2560K, reserved 1048576K
}
Event: 2.936 GC heap before
{Heap before GC invocations=4 (full 0):
 garbage-first heap   total 131072K, used 62684K [0x0000000081600000, 0x0000000100000000)
  region size 1024K, 55 young (56320K), 3 survivors (3072K)
 Metaspace       used 25936K, capacity 26649K, committed 26880K, reserved 1073152K
  class space    used 2925K, capacity 3208K, committed 3328K, reserved 1048576K
}
Event: 2.941 GC heap after
{Heap after GC invocations=5 (full 0):
 garbage-first heap   total 131072K, used 11379K [0x0000000081600000, 0x0000000100000000)
  region size 1024K, 5 young (5120K), 5 survivors (5120K)
 Metaspace       used 25936K, capacity 26649K, committed 26880K, reserved 1073152K
  class space    used 2925K, capacity 3208K, committed 3328K, reserved 1048576K
}
Event: 5.673 GC heap before
{Heap before GC invocations=5 (full 0):
 garbage-first heap   total 131072K, used 76915K [0x0000000081600000, 0x0000000100000000)
  region size 1024K, 70 young (71680K), 5 survivors (5120K)
 Metaspace       used 34784K, capacity 35728K, committed 35840K, reserved 1081344K
  class space    used 4093K, capacity 4503K, committed 4608K, reserved 1048576K
}
Event: 5.687 GC heap after
{Heap after GC invocations=6 (full 0):
 garbage-first heap   total 131072K, used 15605K [0x0000000081600000, 0x0000000100000000)
  region size 1024K, 9 young (9216K), 9 survivors (9216K)
 Metaspace       used 34784K, capacity 35728K, committed 35840K, reserved 1081344K
  class space    used 4093K, capacity 4503K, committed 4608K, reserved 1048576K
}
Event: 7.251 GC heap before
{Heap before GC invocations=7 (full 0):
 garbage-first heap   total 131072K, used 83189K [0x0000000081600000, 0x0000000100000000)
  region size 1024K, 76 young (77824K), 9 survivors (9216K)
 Metaspace       used 45866K, capacity 47035K, committed 47232K, reserved 1089536K
  class space    used 5742K, capacity 6244K, committed 6272K, reserved 1048576K
}
Event: 7.265 GC heap after
{Heap after GC invocations=8 (full 0):
 garbage-first heap   total 157696K, used 18126K [0x0000000081600000, 0x0000000100000000)
  region size 1024K, 7 young (7168K), 7 survivors (7168K)
 Metaspace       used 45866K, capacity 47035K, committed 47232K, reserved 1089536K
  class space    used 5742K, capacity 6244K, committed 6272K, reserved 1048576K
}

Deoptimization events (10 events):
Event: 8.637 Thread 0x0000024ef7f02800 Uncommon trap: reason=class_check action=maybe_recompile pc=0x0000024e8f292afc method=org.springframework.beans.factory.support.AbstractBeanFactory.isTypeMatch(Ljava/lang/String;Lorg/springframework/core/ResolvableType;Z)Z @ 53 c2
Event: 8.674 Thread 0x0000024ef7f02800 Uncommon trap: reason=unstable_if action=reinterpret pc=0x0000024e8f337b90 method=java.lang.ThreadLocal$ThreadLocalMap.getEntry(Ljava/lang/ThreadLocal;)Ljava/lang/ThreadLocal$ThreadLocalMap$Entry; @ 29 c2
Event: 8.690 Thread 0x0000024ef7f02800 Uncommon trap: reason=class_check action=maybe_recompile pc=0x0000024e8f37b254 method=java.lang.reflect.Method.equals(Ljava/lang/Object;)Z @ 5 c2
Event: 8.690 Thread 0x0000024ef7f02800 Uncommon trap: reason=class_check action=maybe_recompile pc=0x0000024e8f37b254 method=java.lang.reflect.Method.equals(Ljava/lang/Object;)Z @ 5 c2
Event: 8.710 Thread 0x0000024ef7f02800 Uncommon trap: reason=class_check action=maybe_recompile pc=0x0000024e8f23dd68 method=org.springframework.core.ResolvableType.resolveType()Lorg/springframework/core/ResolvableType; @ 101 c2
Event: 8.744 Thread 0x0000024ef7f02800 Uncommon trap: reason=unstable_if action=reinterpret pc=0x0000024e8f2e34f4 method=org.springframework.core.annotation.TypeMappedAnnotations$MergedAnnotationFinder.doWithAnnotations(Ljava/lang/Object;ILjava/lang/Object;[Ljava/lang/annotation/Annotation;)Lo
Event: 8.745 Thread 0x0000024ef7f02800 Uncommon trap: reason=unstable_if action=reinterpret pc=0x0000024e8f251ad0 method=org.springframework.beans.factory.support.AbstractAutowireCapableBeanFactory.determineTargetType(Ljava/lang/String;Lorg/springframework/beans/factory/support/RootBeanDefinit
Event: 8.763 Thread 0x0000024ef7f02800 Uncommon trap: reason=unstable_if action=reinterpret pc=0x0000024e8f2d96f0 method=java.lang.PublicMethods$MethodList.filter([Ljava/lang/reflect/Method;Ljava/lang/String;[Ljava/lang/Class;Z)Ljava/lang/PublicMethods$MethodList; @ 43 c2
Event: 8.765 Thread 0x0000024ef7f02800 Uncommon trap: reason=unstable_if action=reinterpret pc=0x0000024e8f32ca70 method=java.util.ArrayDeque.addLast(Ljava/lang/Object;)V @ 42 c2
Event: 8.848 Thread 0x0000024ef7f02800 Uncommon trap: reason=speculate_null_assert action=make_not_entrant pc=0x0000024e8f267cac method=org.springframework.util.ConcurrentReferenceHashMap$Segment.restructureIfNecessary(Z)V @ 41 c2

Classes redefined (0 events):
No events

Internal exceptions (10 events):
Event: 8.736 Thread 0x0000024ef7f02800 Exception <a 'java/lang/ClassNotFoundException'{0x000000008710ff08}: org/springframework/beans/factory/BeanFactoryAwareCustomizer> (0x000000008710ff08) thrown at [./open/src/hotspot/share/classfile/systemDictionary.cpp, line 226]
Event: 8.737 Thread 0x0000024ef7f02800 Exception <a 'java/lang/ClassNotFoundException'{0x0000000087120738}: org/springframework/beans/factory/AwareCustomizer> (0x0000000087120738) thrown at [./open/src/hotspot/share/classfile/systemDictionary.cpp, line 226]
Event: 8.737 Thread 0x0000024ef7f02800 Exception <a 'java/lang/ClassNotFoundException'{0x00000000871323f8}: org/springframework/context/ApplicationEventPublisherAwareCustomizer> (0x00000000871323f8) thrown at [./open/src/hotspot/share/classfile/systemDictionary.cpp, line 226]
Event: 8.738 Thread 0x0000024ef7f02800 Exception <a 'java/lang/ClassNotFoundException'{0x0000000087142a50}: org/springframework/beans/factory/AwareCustomizer> (0x0000000087142a50) thrown at [./open/src/hotspot/share/classfile/systemDictionary.cpp, line 226]
Event: 8.747 Thread 0x0000024ef7f02800 Exception <a 'java/lang/ClassNotFoundException'{0x0000000087183178}: java/lang/ObjectCustomizer> (0x0000000087183178) thrown at [./open/src/hotspot/share/classfile/systemDictionary.cpp, line 226]
Event: 8.749 Thread 0x0000024ef7f02800 Exception <a 'java/lang/ClassNotFoundException'{0x00000000871980e8}: org/springframework/core/io/support/PropertiesLoaderSupportCustomizer> (0x00000000871980e8) thrown at [./open/src/hotspot/share/classfile/systemDictionary.cpp, line 226]
Event: 8.750 Thread 0x0000024ef7f02800 Exception <a 'java/lang/ClassNotFoundException'{0x00000000871b2b18}: org/springframework/beans/factory/config/PropertiesFactoryBeanCustomizer> (0x00000000871b2b18) thrown at [./open/src/hotspot/share/classfile/systemDictionary.cpp, line 226]
Event: 8.751 Thread 0x0000024ef7f02800 Exception <a 'java/lang/ClassNotFoundException'{0x00000000871d31a8}: org/springframework/beans/factory/FactoryBeanCustomizer> (0x00000000871d31a8) thrown at [./open/src/hotspot/share/classfile/systemDictionary.cpp, line 226]
Event: 8.751 Thread 0x0000024ef7f02800 Exception <a 'java/lang/ClassNotFoundException'{0x00000000871e7260}: org/springframework/beans/factory/InitializingBeanCustomizer> (0x00000000871e7260) thrown at [./open/src/hotspot/share/classfile/systemDictionary.cpp, line 226]
Event: 8.858 Thread 0x0000024ef7f02800 Exception <a 'java/lang/IncompatibleClassChangeError'{0x0000000086bb10a0}: Found class java.lang.Object, but interface was expected> (0x0000000086bb10a0) thrown at [./open/src/hotspot/share/interpreter/linkResolver.cpp, line 838]

Events (10 events):
Event: 8.974 loading class org/hibernate/resource/transaction/backend/jta/internal/JtaTransactionCoordinatorImpl
Event: 8.974 loading class org/hibernate/resource/transaction/backend/jta/internal/JtaTransactionCoordinatorImpl done
Event: 8.974 loading class org/hibernate/resource/transaction/backend/jta/internal/synchronization/SynchronizationCallbackTarget
Event: 8.974 loading class org/hibernate/resource/transaction/backend/jta/internal/synchronization/SynchronizationCallbackTarget done
Event: 8.975 loading class java/sql/Statement
Event: 8.975 loading class java/sql/Statement done
Event: 8.975 loading class java/sql/Statement
Event: 8.975 loading class java/sql/Statement done
Event: 8.976 loading class org/springframework/data/jpa/repository/support/CrudMethodMetadataPostProcessor
Event: 8.976 loading class org/springframework/data/jpa/repository/support/CrudMethodMetadataPostProcessor done


Dynamic libraries:
0x00007ff7f2080000 - 0x00007ff7f2090000 	C:\Program Files\Java\jdk-11\bin\java.exe
0x00007fff72be0000 - 0x00007fff72de9000 	C:\WINDOWS\SYSTEM32\ntdll.dll
0x00007fff71850000 - 0x00007fff7190d000 	C:\WINDOWS\System32\KERNEL32.DLL
0x00007fff70280000 - 0x00007fff70604000 	C:\WINDOWS\System32\KERNELBASE.dll
0x00007fff70890000 - 0x00007fff709a1000 	C:\WINDOWS\System32\ucrtbase.dll
0x00007fff5ea00000 - 0x00007fff5ea1b000 	C:\Program Files\Java\jdk-11\bin\VCRUNTIME140.dll
0x00007fff6c7a0000 - 0x00007fff6c7b9000 	C:\Program Files\Java\jdk-11\bin\jli.dll
0x00007fff70b40000 - 0x00007fff70bee000 	C:\WINDOWS\System32\ADVAPI32.dll
0x00007fff70f40000 - 0x00007fff70fe3000 	C:\WINDOWS\System32\msvcrt.dll
0x00007fff70bf0000 - 0x00007fff70c8e000 	C:\WINDOWS\System32\sechost.dll
0x00007fff72920000 - 0x00007fff72a41000 	C:\WINDOWS\System32\RPCRT4.dll
0x00007fff71610000 - 0x00007fff717bd000 	C:\WINDOWS\System32\USER32.dll
0x00007fff707a0000 - 0x00007fff707c6000 	C:\WINDOWS\System32\win32u.dll
0x00007fff715d0000 - 0x00007fff715fa000 	C:\WINDOWS\System32\GDI32.dll
0x00007fff61290000 - 0x00007fff61535000 	C:\WINDOWS\WinSxS\amd64_microsoft.windows.common-controls_6595b64144ccf1df_6.0.22000.120_none_9d947278b86cc467\COMCTL32.dll
0x00007fff70610000 - 0x00007fff7072e000 	C:\WINDOWS\System32\gdi32full.dll
0x00007fff701e0000 - 0x00007fff7027d000 	C:\WINDOWS\System32\msvcp_win.dll
0x00007fff6a100000 - 0x00007fff6a10a000 	C:\WINDOWS\SYSTEM32\VERSION.dll
0x00007fff70ff0000 - 0x00007fff71021000 	C:\WINDOWS\System32\IMM32.DLL
0x00007fff6c860000 - 0x00007fff6c86c000 	C:\Program Files\Java\jdk-11\bin\vcruntime140_1.dll
0x00007fff53670000 - 0x00007fff536fe000 	C:\Program Files\Java\jdk-11\bin\msvcp140.dll
0x00007fff201b0000 - 0x00007fff20d1d000 	C:\Program Files\Java\jdk-11\bin\server\jvm.dll
0x00007fff70b30000 - 0x00007fff70b38000 	C:\WINDOWS\System32\PSAPI.DLL
0x00007fff5f0e0000 - 0x00007fff5f0e9000 	C:\WINDOWS\SYSTEM32\WSOCK32.dll
0x00007fff6b380000 - 0x00007fff6b3b3000 	C:\WINDOWS\SYSTEM32\WINMM.dll
0x00007fff70d30000 - 0x00007fff70d9f000 	C:\WINDOWS\System32\WS2_32.dll
0x00007fff6f0e0000 - 0x00007fff6f0f8000 	C:\WINDOWS\SYSTEM32\kernel.appcore.dll
0x00007fff6c7f0000 - 0x00007fff6c800000 	C:\Program Files\Java\jdk-11\bin\verify.dll
0x00007fff6dca0000 - 0x00007fff6dec1000 	C:\WINDOWS\SYSTEM32\DBGHELP.DLL
0x00007fff5b640000 - 0x00007fff5b671000 	C:\WINDOWS\SYSTEM32\dbgcore.DLL
0x00007fff709b0000 - 0x00007fff70a2f000 	C:\WINDOWS\System32\bcryptPrimitives.dll
0x00007fff53640000 - 0x00007fff53668000 	C:\Program Files\Java\jdk-11\bin\java.dll
0x00007fff54c80000 - 0x00007fff54c8a000 	C:\Program Files\Java\jdk-11\bin\jimage.dll
0x00007fff53ee0000 - 0x00007fff53ef7000 	C:\Program Files\Java\jdk-11\bin\zip.dll
0x00007fff71cf0000 - 0x00007fff724b5000 	C:\WINDOWS\System32\SHELL32.dll
0x00007fff6e140000 - 0x00007fff6e9a2000 	C:\WINDOWS\SYSTEM32\windows.storage.dll
0x00007fff724c0000 - 0x00007fff72836000 	C:\WINDOWS\System32\combase.dll
0x00007fff6def0000 - 0x00007fff6e057000 	C:\WINDOWS\SYSTEM32\wintypes.dll
0x00007fff71910000 - 0x00007fff719fa000 	C:\WINDOWS\System32\SHCORE.dll
0x00007fff71be0000 - 0x00007fff71c3d000 	C:\WINDOWS\System32\shlwapi.dll
0x00007fff6ffa0000 - 0x00007fff6ffc5000 	C:\WINDOWS\SYSTEM32\profapi.dll
0x00007fff53620000 - 0x00007fff53639000 	C:\Program Files\Java\jdk-11\bin\net.dll
0x00007fff6a290000 - 0x00007fff6a3a4000 	C:\WINDOWS\SYSTEM32\WINHTTP.dll
0x00007fff6f600000 - 0x00007fff6f667000 	C:\WINDOWS\system32\mswsock.dll
0x00007fff535d0000 - 0x00007fff535e2000 	C:\Program Files\Java\jdk-11\bin\nio.dll
0x00007fff5ead0000 - 0x00007fff5ead9000 	C:\Program Files\Java\jdk-11\bin\management.dll
0x00007fff56370000 - 0x00007fff5637b000 	C:\Program Files\Java\jdk-11\bin\management_ext.dll
0x00007fff5bda0000 - 0x00007fff5bdb7000 	C:\WINDOWS\system32\napinsp.dll
0x00007fff55170000 - 0x00007fff5518b000 	C:\WINDOWS\system32\pnrpnsp.dll
0x00007fff6ec30000 - 0x00007fff6ed17000 	C:\WINDOWS\SYSTEM32\DNSAPI.dll
0x00007fff6ec00000 - 0x00007fff6ec2d000 	C:\WINDOWS\SYSTEM32\IPHLPAPI.DLL
0x00007fff71600000 - 0x00007fff71609000 	C:\WINDOWS\System32\NSI.dll
0x00007fff55150000 - 0x00007fff55162000 	C:\WINDOWS\System32\winrnr.dll
0x00007fff55130000 - 0x00007fff55145000 	C:\WINDOWS\system32\wshbth.dll
0x00007fff55110000 - 0x00007fff5512f000 	C:\WINDOWS\system32\nlansp_c.dll
0x00007fff66fd0000 - 0x00007fff66fda000 	C:\Windows\System32\rasadhlp.dll
0x00007fff68730000 - 0x00007fff687b1000 	C:\WINDOWS\System32\fwpuclnt.dll
0x00007fff6f870000 - 0x00007fff6f888000 	C:\WINDOWS\SYSTEM32\CRYPTSP.dll
0x00007fff6f040000 - 0x00007fff6f075000 	C:\WINDOWS\system32\rsaenh.dll
0x00007fff6f700000 - 0x00007fff6f72c000 	C:\WINDOWS\SYSTEM32\USERENV.dll
0x00007fff6fa40000 - 0x00007fff6fa67000 	C:\WINDOWS\SYSTEM32\bcrypt.dll
0x00007fff6f890000 - 0x00007fff6f89c000 	C:\WINDOWS\SYSTEM32\CRYPTBASE.dll
0x00007fff6a620000 - 0x00007fff6a639000 	C:\WINDOWS\SYSTEM32\dhcpcsvc6.DLL
0x00007fff6a9d0000 - 0x00007fff6a9ee000 	C:\WINDOWS\SYSTEM32\dhcpcsvc.DLL
0x00007fff55730000 - 0x00007fff5573e000 	C:\Program Files\Java\jdk-11\bin\sunmscapi.dll
0x00007fff70070000 - 0x00007fff701d2000 	C:\WINDOWS\System32\CRYPT32.dll
0x00007fff6fa10000 - 0x00007fff6fa38000 	C:\WINDOWS\SYSTEM32\ncrypt.dll
0x00007fff6f9d0000 - 0x00007fff6fa07000 	C:\WINDOWS\SYSTEM32\NTASN1.dll
0x00007fff52490000 - 0x00007fff524b7000 	C:\Program Files\Java\jdk-11\bin\sunec.dll

dbghelp: loaded successfully - version: 4.0.5 - missing functions: none
symbol engine: initialized successfully - sym options: 0x614 - pdb path: .;C:\Program Files\Java\jdk-11\bin;C:\WINDOWS\SYSTEM32;C:\WINDOWS\WinSxS\amd64_microsoft.windows.common-controls_6595b64144ccf1df_6.0.22000.120_none_9d947278b86cc467;C:\Program Files\Java\jdk-11\bin\server

VM Arguments:
jvm_args: -Dfile.encoding=x-windows-949 -Duser.country=KR -Duser.language=ko -Duser.variant 
java_command: com.example.Volunteer.VolunteerApplication
java_class_path (initial): D:\Volunteer\Volunteer\build\classes\java\main;D:\Volunteer\Volunteer\build\resources\main;C:\Users\LG\.gradle\caches\modules-2\files-2.1\com.google.code.gson\gson\2.8.8\431fc3cbc0ff81abdbfde070062741089c3ba874\gson-2.8.8.jar;C:\Users\LG\.gradle\caches\modules-2\files-2.1\org.springframework.boot\spring-boot-starter-data-jpa\2.7.16\3438c32d28bb5d31b6ad45f1b7c8cbbd9cba5b4e\spring-boot-starter-data-jpa-2.7.16.jar;C:\Users\LG\.gradle\caches\modules-2\files-2.1\org.springframework.boot\spring-boot-starter-web\2.7.16\f6e4e226b0c9c1cf36c17c04262c702c6a0bad99\spring-boot-starter-web-2.7.16.jar;C:\Users\LG\.gradle\caches\modules-2\files-2.1\org.springframework.boot\spring-boot-starter-security\2.7.16\1f08cec142ab23f30e42d68c5f60c7332943b77b\spring-boot-starter-security-2.7.16.jar;C:\Users\LG\.gradle\caches\modules-2\files-2.1\io.jsonwebtoken\jjwt\0.9.1\54d2abfc3e63a28824d35bf600d6a5d627da681a\jjwt-0.9.1.jar;C:\Users\LG\.gradle\caches\modules-2\files-2.1\org.mariadb.jdbc\mariadb-java-client\3.1.4\7f66d1f5afcacdb11ba34d2614933a206afbcff2\mariadb-java-client-3.1.4.jar;C:\Users\LG\.gradle\caches\modules-2\files-2.1\org.springframework.boot\spring-boot-starter-aop\2.7.16\dba25addac3d8adc9bf2c925bc9ed167404f8a72\spring-boot-starter-aop-2.7.16.jar;C:\Users\LG\.gradle\caches\modules-2\files-2.1\org.springframework.boot\spring-boot-starter-jdbc\2.7.16\eac83a43d8221c80730a1622e3467dda12487ccd\spring-boot-starter-jdbc-2.7.16.jar;C:\Users\LG\.gradle\caches\modules-2\files-2.1\jakarta.transaction\jakarta.transaction-api\1.3.3\c4179d48720a1e87202115fbed6089bdc4195405\jakarta.transaction-api-1.3.3.jar;C:\Users\LG\.gradle\caches\modules-2\files-2.1\jakarta.persistence\jakarta.persistence-api\2.2.3\8f6ea5daedc614f07a3654a455660145286f024e\jakarta.persistence-api-2.2.3.jar;C:\Users\LG\.gradle\caches\modules-2\files-2.1\org.hibernate\hibernate-core\5.6.15.Final\ab14b7cef1fdff654ca81923048a6034d6c7cfa7\hibernate-core-5.6.15.Final.jar;C:\Users\LG\.gradle\caches\modu
Launcher Type: SUN_STANDARD

[Global flags]
     intx CICompilerCount                          = 4                                         {product} {ergonomic}
     uint ConcGCThreads                            = 2                                         {product} {ergonomic}
     uint G1ConcRefinementThreads                  = 8                                         {product} {ergonomic}
   size_t G1HeapRegionSize                         = 1048576                                   {product} {ergonomic}
    uintx GCDrainStackTargetSize                   = 64                                        {product} {ergonomic}
   size_t InitialHeapSize                          = 134217728                                 {product} {ergonomic}
   size_t MarkStackSize                            = 4194304                                   {product} {ergonomic}
   size_t MaxHeapSize                              = 2124414976                                {product} {ergonomic}
   size_t MaxNewSize                               = 1274019840                                {product} {ergonomic}
   size_t MinHeapDeltaBytes                        = 1048576                                   {product} {ergonomic}
    uintx NonNMethodCodeHeapSize                   = 5836300                                {pd product} {ergonomic}
    uintx NonProfiledCodeHeapSize                  = 122910970                              {pd product} {ergonomic}
    uintx ProfiledCodeHeapSize                     = 122910970                              {pd product} {ergonomic}
    uintx ReservedCodeCacheSize                    = 251658240                              {pd product} {ergonomic}
     bool SegmentedCodeCache                       = true                                      {product} {ergonomic}
     bool UseCompressedClassPointers               = true                                 {lp64_product} {ergonomic}
     bool UseCompressedOops                        = true                                 {lp64_product} {ergonomic}
     bool UseG1GC                                  = true                                      {product} {ergonomic}
     bool UseLargePagesIndividualAllocation        = false                                  {pd product} {ergonomic}

Logging:
Log output configuration:
 #0: stdout all=warning uptime,level,tags
 #1: stderr all=off uptime,level,tags

Environment Variables:
JAVA_HOME=C:\jdk-11.0.2
CLASSPATH=C:\jdk-11.0.2\lib
PATH=C:\jdk-11.0.2\bin;C:\jdk-11.0.2;C:\Program Files\Eclipse Adoptium\jdk-8.0.382.5-hotspot\bin;C:\oraclexe\app\oracle\product\10.2.0\server\bin;C:\Program Files (x86)\Common Files\Oracle\Java\javapath;C:\Program Files (x86)\Intel\iCLS Client\;C:\Program Files\Intel\iCLS Client\;C:\windows\system32;C:\windows;C:\windows\System32\Wbem;C:\windows\System32\WindowsPowerShell\v1.0\;C:\Program Files (x86)\Intel\Intel(R) Management Engine Components\DAL;C:\Program Files\Intel\Intel(R) Management Engine Components\DAL;C:\Program Files (x86)\Intel\Intel(R) Management Engine Components\IPT;C:\Program Files\Intel\Intel(R) Management Engine Components\IPT;C:\Program Files\Intel\WiFi\bin\;C:\Program Files\Common Files\Intel\WirelessCommon\;C:\Program Files (x86)\NVIDIA Corporation\PhysX\Common;C:\Program Files (x86)\Skype\Phone\;C:\WINDOWS\system32;C:\WINDOWS;C:\WINDOWS\System32\Wbem;C:\WINDOWS\System32\WindowsPowerShell\v1.0\;C:\WINDOWS\System32\OpenSSH\;C:\Program Files\nodejs\;D:\openssl-0.9.8e_X64\bin;C:\ProgramData\chocolatey\bin;C:\ProgramData\chocolatey\lib\maven\apache-maven-3.9.4\bin;C:\Program Files\Git\cmd;C:\Program Files\MariaDB 10.11\bin;D:\Scripts\;D:\;C:\Users\LG\AppData\Local\Microsoft\WindowsApps;C:\Users\LG\AppData\Local\afreeca;C:\altera\13.1\modelsim_ase\win32aloem;D:\PyCharm Community Edition 2022.1.3\bin;;C:\Users\LG\AppData\Local\Programs\Microsoft VS Code\bin;C:\Users\LG\AppData\Roaming\npm;C:\Program Files\Java\jdk-1.8\bin;D:\IntelliJ IDEA Community Edition 2023.1.3\bin;;
USERNAME=LG
OS=Windows_NT
PROCESSOR_IDENTIFIER=Intel64 Family 6 Model 142 Stepping 10, GenuineIntel



---------------  S Y S T E M  ---------------

OS: Windows 11 , 64 bit Build 22000 (10.0.22000.2538)

CPU:total 8 (initial active 8) (4 cores per cpu, 2 threads per core) family 6 model 142 stepping 10 microcode 0xe0, cmov, cx8, fxsr, mmx, sse, sse2, sse3, ssse3, sse4.1, sse4.2, popcnt, avx, avx2, aes, clmul, erms, 3dnowpref, lzcnt, ht, tsc, tscinvbit, bmi1, bmi2, adx, fma

Memory: 4k page, system-wide physical 8101M (546M free)
TotalPageFile size 16293M (AvailPageFile size 5M)
current process WorkingSet (physical memory assigned to process): 299M, peak: 299M
current process commit charge ("private bytes"): 376M, peak: 378M

vm_info: Java HotSpot(TM) 64-Bit Server VM (11.0.20+9-LTS-256) for windows-amd64 JRE (11.0.20+9-LTS-256), built on Jun 14 2023 10:34:22 by "mach5one" with MS VC++ 17.1 (VS2022)

END.
