#
# There is insufficient memory for the Java Runtime Environment to continue.
# Native memory allocation (malloc) failed to allocate 1573136 bytes for Chunk::new
# Possible reasons:
#   The system is out of physical RAM or swap space
#   The process is running with CompressedOops enabled, and the Java Heap may be blocking the growth of the native heap
# Possible solutions:
#   Reduce memory load on the system
#   Increase physical memory or swap space
#   Check if swap backing store is full
#   Decrease Java heap size (-Xmx/-Xms)
#   Decrease number of Java threads
#   Decrease Java thread stack sizes (-Xss)
#   Set larger code cache with -XX:ReservedCodeCacheSize=
#   JVM is running with Unscaled Compressed Oops mode in which the Java heap is
#     placed in the first 4GB address space. The Java Heap base address is the
#     maximum limit for the native heap growth. Please use -XX:HeapBaseMinAddress
#     to set the Java Heap base and to place the Java Heap above 4GB virtual address.
# This output file may be truncated or incomplete.
#
#  Out of Memory Error (./open/src/hotspot/share/memory/arena.cpp:197), pid=26244, tid=11640
#
# JRE version: Java(TM) SE Runtime Environment 18.9 (11.0.20+9) (build 11.0.20+9-LTS-256)
# Java VM: Java HotSpot(TM) 64-Bit Server VM 18.9 (11.0.20+9-LTS-256, mixed mode, tiered, compressed oops, g1 gc, windows-amd64)
# No core dump will be written. Minidumps are not enabled by default on client versions of Windows
#

---------------  S U M M A R Y ------------

Command Line: --add-opens=java.base/java.util=ALL-UNNAMED --add-opens=java.base/java.lang=ALL-UNNAMED --add-opens=java.base/java.lang.invoke=ALL-UNNAMED --add-opens=java.prefs/java.util.prefs=ALL-UNNAMED --add-opens=java.base/java.nio.charset=ALL-UNNAMED --add-opens=java.base/java.net=ALL-UNNAMED --add-opens=java.base/java.util.concurrent.atomic=ALL-UNNAMED -XX:MaxMetaspaceSize=384m -XX:+HeapDumpOnOutOfMemoryError -Xms256m -Xmx512m -Dfile.encoding=x-windows-949 -Duser.country=KR -Duser.language=ko -Duser.variant -javaagent:C:\Users\LG\.gradle\wrapper\dists\gradle-8.2.1-bin\5hap6b9n41hkg4jeh2au2pllh\gradle-8.2.1\lib\agents\gradle-instrumentation-agent-8.2.1.jar org.gradle.launcher.daemon.bootstrap.GradleDaemon 8.2.1

Host: Intel(R) Core(TM) i5-8250U CPU @ 1.60GHz, 8 cores, 7G,  Windows 11 , 64 bit Build 22000 (10.0.22000.2538)
Time: Sat Nov 18 01:02:19 2023  Windows 11 , 64 bit Build 22000 (10.0.22000.2538) elapsed time: 38.212024 seconds (0d 0h 0m 38s)

---------------  T H R E A D  ---------------

Current thread (0x00000251f0a6c800):  JavaThread "C2 CompilerThread1" daemon [_thread_in_native, id=11640, stack(0x0000005593500000,0x0000005593600000)]


Current CompileTask:
C2:  38212 10033   !   4       io.spring.gradle.dependencymanagement.org.codehaus.plexus.interpolation.StringSearchInterpolator::interpolate (665 bytes)

Stack: [0x0000005593500000,0x0000005593600000]
Native frames: (J=compiled Java code, j=interpreted, Vv=VM code, C=native code)
V  [jvm.dll+0x6602ba]
V  [jvm.dll+0x7a32af]
V  [jvm.dll+0x7a4979]
V  [jvm.dll+0x7a5013]
V  [jvm.dll+0x258ef5]
V  [jvm.dll+0xb2a0c]
V  [jvm.dll+0xb2fcc]
V  [jvm.dll+0x367691]
V  [jvm.dll+0x1a2b74]
V  [jvm.dll+0x211d4d]
V  [jvm.dll+0x210bc8]
V  [jvm.dll+0x18cdb1]
V  [jvm.dll+0x220e59]
V  [jvm.dll+0x21f17c]
V  [jvm.dll+0x767061]
V  [jvm.dll+0x75f8e4]
V  [jvm.dll+0x65f165]
C  [ucrtbase.dll+0x26c0c]
C  [KERNEL32.DLL+0x153e0]
C  [ntdll.dll+0x485b]


---------------  P R O C E S S  ---------------

Threads class SMR info:
_java_thread_list=0x00000251ebcfbe10, length=122, elements={
0x00000251cbd23000, 0x00000251e6493800, 0x00000251e64bd800, 0x00000251e6d25000,
0x00000251e6d27800, 0x00000251e6d28800, 0x00000251e6d34000, 0x00000251e6d3a000,
0x00000251e6d4b800, 0x00000251e6e9c800, 0x00000251e6e9d800, 0x00000251e6e9e000,
0x00000251e6e9f000, 0x00000251e6e9b000, 0x00000251e6e9a000, 0x00000251e90df800,
0x00000251e90df000, 0x00000251e90db000, 0x00000251e90dc800, 0x00000251e90dd800,
0x00000251e9627800, 0x00000251e9627000, 0x00000251e962a000, 0x00000251e9625800,
0x00000251e9630800, 0x00000251e962c000, 0x00000251e962e000, 0x00000251e9630000,
0x00000251e962b000, 0x00000251e9631800, 0x00000251e7ad1800, 0x00000251e7ad2800,
0x00000251ed190000, 0x00000251e841f000, 0x00000251e8420800, 0x00000251e841b800,
0x00000251e7ace800, 0x00000251ed184800, 0x00000251ed183800, 0x00000251ed183000,
0x00000251ed185800, 0x00000251ed186000, 0x00000251f0a6c800, 0x00000251ed187000,
0x00000251ed187800, 0x00000251ed18c800, 0x00000251eba26000, 0x00000251ed18c000,
0x00000251ed18d800, 0x00000251ed18a000, 0x00000251ed18f000, 0x00000251ed189800,
0x00000251ed18b000, 0x00000251ed18e800, 0x00000251ef5ad000, 0x00000251ef5b5000,
0x00000251ef5b6800, 0x00000251ef5b7800, 0x00000251ef5b1800, 0x00000251ef5b8800,
0x00000251ef5b9000, 0x00000251ef5ba000, 0x00000251ef5b4000, 0x00000251e841c800,
0x00000251e8422800, 0x00000251e841e000, 0x00000251e8421800, 0x00000251e8420000,
0x00000251e8423000, 0x00000251e841d800, 0x00000251e8426800, 0x00000251e8429000,
0x00000251e8428000, 0x00000251e8429800, 0x00000251e8427000, 0x00000251e8424000,
0x00000251e8424800, 0x00000251e842a800, 0x00000251e8425800, 0x00000251e7acf000,
0x00000251e7ad0000, 0x00000251e7acc800, 0x00000251e7acd800, 0x00000251e7aca800,
0x00000251e7acb000, 0x00000251e7acc000, 0x00000251e7ad5000, 0x00000251e7ad4000,
0x00000251e7ad6800, 0x00000251e7ad5800, 0x00000251e7ad7800, 0x00000251e7ad8000,
0x00000251e7ad9000, 0x00000251e7ad3800, 0x00000251e90de000, 0x00000251e90d9000,
0x00000251e90da000, 0x00000251e90db800, 0x00000251e9628800, 0x00000251e9629800,
0x00000251e9632800, 0x00000251e9633000, 0x00000251e6e99000, 0x00000251e6ea0000,
0x00000251e6e9b800, 0x00000251ed635800, 0x00000251ed636000, 0x00000251ed639800,
0x00000251ed637000, 0x00000251ed638000, 0x00000251ed638800, 0x00000251ed63a800,
0x00000251ed634800, 0x00000251ed640000, 0x00000251ed63d800, 0x00000251ed63b000,
0x00000251ed641000, 0x00000251ed63f000, 0x00000251ed641800, 0x00000251ed63c000,
0x00000251ed63c800, 0x00000251ed63e800
}

Java Threads: ( => current thread )
  0x00000251cbd23000 JavaThread "main" [_thread_blocked, id=27920, stack(0x0000005590d00000,0x0000005590e00000)]
  0x00000251e6493800 JavaThread "Reference Handler" daemon [_thread_blocked, id=32156, stack(0x0000005591400000,0x0000005591500000)]
  0x00000251e64bd800 JavaThread "Finalizer" daemon [_thread_blocked, id=12776, stack(0x0000005591500000,0x0000005591600000)]
  0x00000251e6d25000 JavaThread "Signal Dispatcher" daemon [_thread_blocked, id=28216, stack(0x0000005591600000,0x0000005591700000)]
  0x00000251e6d27800 JavaThread "Attach Listener" daemon [_thread_blocked, id=31864, stack(0x0000005591700000,0x0000005591800000)]
  0x00000251e6d28800 JavaThread "Service Thread" daemon [_thread_blocked, id=9960, stack(0x0000005591800000,0x0000005591900000)]
  0x00000251e6d34000 JavaThread "C2 CompilerThread0" daemon [_thread_in_native, id=28052, stack(0x0000005591900000,0x0000005591a00000)]
  0x00000251e6d3a000 JavaThread "C1 CompilerThread0" daemon [_thread_in_native, id=15800, stack(0x0000005591a00000,0x0000005591b00000)]
  0x00000251e6d4b800 JavaThread "Sweeper thread" daemon [_thread_blocked, id=2752, stack(0x0000005591b00000,0x0000005591c00000)]
  0x00000251e6e9c800 JavaThread "Common-Cleaner" daemon [_thread_blocked, id=11464, stack(0x0000005591c00000,0x0000005591d00000)]
  0x00000251e6e9d800 JavaThread "Daemon health stats" [_thread_blocked, id=27940, stack(0x0000005592300000,0x0000005592400000)]
  0x00000251e6e9e000 JavaThread "Incoming local TCP Connector on port 3645" [_thread_in_native, id=1668, stack(0x0000005592400000,0x0000005592500000)]
  0x00000251e6e9f000 JavaThread "Daemon periodic checks" [_thread_blocked, id=12024, stack(0x0000005592500000,0x0000005592600000)]
  0x00000251e6e9b000 JavaThread "Daemon" [_thread_blocked, id=28460, stack(0x0000005592600000,0x0000005592700000)]
  0x00000251e6e9a000 JavaThread "Daemon worker" [_thread_in_Java, id=25132, stack(0x0000005592900000,0x0000005592a00000)]
  0x00000251e90df800 JavaThread "Cache worker for journal cache (C:\Users\LG\.gradle\caches\journal-1)" [_thread_blocked, id=30948, stack(0x0000005593000000,0x0000005593100000)]
  0x00000251e90df000 JavaThread "File lock request listener" [_thread_in_native, id=18888, stack(0x0000005593100000,0x0000005593200000)]
  0x00000251e90db000 JavaThread "Cache worker for file hash cache (C:\Users\LG\.gradle\caches\8.2.1\fileHashes)" [_thread_blocked, id=28448, stack(0x0000005593200000,0x0000005593300000)]
  0x00000251e90dc800 JavaThread "File watcher server" daemon [_thread_in_native, id=8308, stack(0x0000005593300000,0x0000005593400000)]
  0x00000251e90dd800 JavaThread "File watcher consumer" daemon [_thread_blocked, id=17464, stack(0x0000005593400000,0x0000005593500000)]
  0x00000251e9627800 JavaThread "Cache worker for file content cache (C:\Users\LG\.gradle\caches\8.2.1\fileContent)" [_thread_blocked, id=8316, stack(0x0000005593700000,0x0000005593800000)]
  0x00000251e9627000 JavaThread "Cache worker for execution history cache (C:\Users\LG\.gradle\caches\8.2.1\executionHistory)" [_thread_blocked, id=21668, stack(0x0000005593a00000,0x0000005593b00000)]
  0x00000251e962a000 JavaThread "jar transforms" [_thread_blocked, id=14008, stack(0x0000005593b00000,0x0000005593c00000)]
  0x00000251e9625800 JavaThread "jar transforms Thread 2" [_thread_blocked, id=27644, stack(0x0000005593c00000,0x0000005593d00000)]
  0x00000251e9630800 JavaThread "jar transforms Thread 3" [_thread_blocked, id=14848, stack(0x0000005593d00000,0x0000005593e00000)]
  0x00000251e962c000 JavaThread "jar transforms Thread 4" [_thread_blocked, id=7388, stack(0x0000005593e00000,0x0000005593f00000)]
  0x00000251e962e000 JavaThread "jar transforms Thread 5" [_thread_blocked, id=20764, stack(0x0000005593f00000,0x0000005594000000)]
  0x00000251e9630000 JavaThread "jar transforms Thread 6" [_thread_blocked, id=26224, stack(0x0000005594000000,0x0000005594100000)]
  0x00000251e962b000 JavaThread "jar transforms Thread 7" [_thread_blocked, id=30124, stack(0x0000005594100000,0x0000005594200000)]
  0x00000251e9631800 JavaThread "jar transforms Thread 8" [_thread_blocked, id=23336, stack(0x0000005594200000,0x0000005594300000)]
  0x00000251e7ad1800 JavaThread "Memory manager" [_thread_blocked, id=28368, stack(0x0000005594d00000,0x0000005594e00000)]
  0x00000251e7ad2800 JavaThread "included builds" [_thread_blocked, id=13284, stack(0x0000005594e00000,0x0000005594f00000)]
  0x00000251ed190000 JavaThread "Exec process" [_thread_blocked, id=30200, stack(0x0000005599a00000,0x0000005599b00000)]
  0x00000251e841f000 JavaThread "Exec process Thread 2" [_thread_blocked, id=21928, stack(0x0000005599b00000,0x0000005599c00000)]
  0x00000251e8420800 JavaThread "Exec process Thread 3" [_thread_blocked, id=28660, stack(0x0000005599c00000,0x0000005599d00000)]
  0x00000251e841b800 JavaThread "Exec process Thread 4" [_thread_blocked, id=9500, stack(0x0000005594c00000,0x0000005594d00000)]
  0x00000251e7ace800 JavaThread "included builds" [_thread_blocked, id=7644, stack(0x0000005595100000,0x0000005595200000)]
  0x00000251ed184800 JavaThread "Handler for socket connection from /127.0.0.1:3645 to /127.0.0.1:3654" [_thread_in_native, id=21464, stack(0x0000005592700000,0x0000005592800000)]
  0x00000251ed183800 JavaThread "Cancel handler" [_thread_blocked, id=1508, stack(0x0000005592800000,0x0000005592900000)]
  0x00000251ed183000 JavaThread "Asynchronous log dispatcher for DefaultDaemonConnection: socket connection from /127.0.0.1:3645 to /127.0.0.1:3654" [_thread_blocked, id=23896, stack(0x0000005592a00000,0x0000005592b00000)]
  0x00000251ed185800 JavaThread "Stdin handler" [_thread_blocked, id=26008, stack(0x0000005592b00000,0x0000005592c00000)]
  0x00000251ed186000 JavaThread "Daemon client event forwarder" [_thread_blocked, id=26164, stack(0x0000005592c00000,0x0000005592d00000)]
=>0x00000251f0a6c800 JavaThread "C2 CompilerThread1" daemon [_thread_in_native, id=11640, stack(0x0000005593500000,0x0000005593600000)]
  0x00000251ed187000 Thread [stack: 0x0000005593600000,0x0000005593700000] [id=29276]
  0x00000251ed187800 Thread [stack: 0x0000005593900000,0x0000005593a00000] [id=21160]
  0x00000251ed18c800 Thread [stack: 0x0000005594400000,0x0000005594500000] [id=30236]
  0x00000251eba26000 JavaThread "C2 CompilerThread2" daemon [_thread_in_native, id=29940, stack(0x0000005594500000,0x0000005594600000)]
  0x00000251ed18c000 JavaThread "Unconstrained build operations" [_thread_blocked, id=25004, stack(0x0000005594700000,0x0000005594800000)]
  0x00000251ed18d800 JavaThread "Unconstrained build operations Thread 2" [_thread_blocked, id=25724, stack(0x0000005594800000,0x0000005594900000)]
  0x00000251ed18a000 JavaThread "Unconstrained build operations Thread 3" [_thread_blocked, id=25652, stack(0x0000005594900000,0x0000005594a00000)]
  0x00000251ed18f000 JavaThread "Unconstrained build operations Thread 4" [_thread_blocked, id=31764, stack(0x0000005594a00000,0x0000005594b00000)]
  0x00000251ed189800 JavaThread "Unconstrained build operations Thread 5" [_thread_blocked, id=8984, stack(0x0000005594b00000,0x0000005594c00000)]
  0x00000251ed18b000 JavaThread "Unconstrained build operations Thread 6" [_thread_blocked, id=18648, stack(0x0000005594f00000,0x0000005595000000)]
  0x00000251ed18e800 JavaThread "Unconstrained build operations Thread 7" [_thread_blocked, id=5596, stack(0x0000005595000000,0x0000005595100000)]
  0x00000251ef5ad000 JavaThread "included builds" [_thread_blocked, id=29016, stack(0x0000005595200000,0x0000005595300000)]
  0x00000251ef5b5000 JavaThread "Unconstrained build operations Thread 8" [_thread_in_vm, id=8288, stack(0x0000005595b00000,0x0000005595c00000)]
  0x00000251ef5b6800 JavaThread "Unconstrained build operations Thread 9" [_thread_blocked, id=32216, stack(0x0000005595c00000,0x0000005595d00000)]
  0x00000251ef5b7800 JavaThread "Unconstrained build operations Thread 10" [_thread_blocked, id=26532, stack(0x0000005595d00000,0x0000005595e00000)]
  0x00000251ef5b1800 JavaThread "Unconstrained build operations Thread 11" [_thread_blocked, id=5660, stack(0x0000005595e00000,0x0000005595f00000)]
  0x00000251ef5b8800 JavaThread "Unconstrained build operations Thread 12" [_thread_blocked, id=25848, stack(0x0000005595f00000,0x0000005596000000)]
  0x00000251ef5b9000 JavaThread "Unconstrained build operations Thread 13" [_thread_blocked, id=21460, stack(0x0000005596000000,0x0000005596100000)]
  0x00000251ef5ba000 JavaThread "Unconstrained build operations Thread 14" [_thread_blocked, id=28708, stack(0x0000005596100000,0x0000005596200000)]
  0x00000251ef5b4000 JavaThread "Unconstrained build operations Thread 15" [_thread_blocked, id=25676, stack(0x0000005596200000,0x0000005596300000)]
  0x00000251e841c800 JavaThread "Unconstrained build operations Thread 16" [_thread_blocked, id=21032, stack(0x0000005596300000,0x0000005596400000)]
  0x00000251e8422800 JavaThread "Unconstrained build operations Thread 17" [_thread_blocked, id=31444, stack(0x0000005596400000,0x0000005596500000)]
  0x00000251e841e000 JavaThread "Unconstrained build operations Thread 18" [_thread_blocked, id=30916, stack(0x0000005596500000,0x0000005596600000)]
  0x00000251e8421800 JavaThread "Unconstrained build operations Thread 19" [_thread_blocked, id=31616, stack(0x0000005596600000,0x0000005596700000)]
  0x00000251e8420000 JavaThread "Unconstrained build operations Thread 20" [_thread_blocked, id=31384, stack(0x0000005596700000,0x0000005596800000)]
  0x00000251e8423000 Thread [stack: 0x0000005596800000,0x0000005596900000] [id=7520]
  0x00000251e841d800 JavaThread "Unconstrained build operations Thread 22" [_thread_blocked, id=20888, stack(0x0000005596900000,0x0000005596a00000)]
  0x00000251e8426800 JavaThread "Unconstrained build operations Thread 23" [_thread_blocked, id=23416, stack(0x0000005596a00000,0x0000005596b00000)]
  0x00000251e8429000 JavaThread "Unconstrained build operations Thread 24" [_thread_blocked, id=27896, stack(0x0000005596b00000,0x0000005596c00000)]
  0x00000251e8428000 Thread [stack: 0x0000005596c00000,0x0000005596d00000] [id=27332]
  0x00000251e8429800 JavaThread "Unconstrained build operations Thread 26" [_thread_blocked, id=26320, stack(0x0000005596d00000,0x0000005596e00000)]
  0x00000251e8427000 JavaThread "Unconstrained build operations Thread 27" [_thread_blocked, id=30536, stack(0x0000005596e00000,0x0000005596f00000)]
  0x00000251e8424000 Thread [stack: 0x0000005596f00000,0x0000005597000000] [id=27804]
  0x00000251e8424800 JavaThread "Unconstrained build operations Thread 29" [_thread_blocked, id=26780, stack(0x0000005597000000,0x0000005597100000)]
  0x00000251e842a800 JavaThread "Unconstrained build operations Thread 30" [_thread_blocked, id=14880, stack(0x0000005597100000,0x0000005597200000)]
  0x00000251e8425800 JavaThread "Unconstrained build operations Thread 31" [_thread_blocked, id=25688, stack(0x0000005597200000,0x0000005597300000)]
  0x00000251e7acf000 Thread [stack: 0x0000005597300000,0x0000005597400000] [id=29012]
  0x00000251e7ad0000 Thread [stack: 0x0000005597400000,0x0000005597500000] [id=19696]
  0x00000251e7acc800 JavaThread "Unconstrained build operations Thread 34" [_thread_blocked, id=732, stack(0x0000005597500000,0x0000005597600000)]
  0x00000251e7acd800 JavaThread "Unconstrained build operations Thread 35" [_thread_blocked, id=28848, stack(0x0000005597600000,0x0000005597700000)]
  0x00000251e7aca800 Thread [stack: 0x0000005597700000,0x0000005597800000] [id=31832]
  0x00000251e7acb000 Thread [stack: 0x0000005597800000,0x0000005597900000] [id=21036]
  0x00000251e7acc000 JavaThread "Unconstrained build operations Thread 38" [_thread_blocked, id=6016, stack(0x0000005597900000,0x0000005597a00000)]
  0x00000251e7ad5000 Thread [stack: 0x0000005597a00000,0x0000005597b00000] [id=2764]
  0x00000251e7ad4000 Thread [stack: 0x0000005597b00000,0x0000005597c00000] [id=27704]
  0x00000251e7ad6800 Thread [stack: 0x0000005597c00000,0x0000005597d00000] [id=31948]
  0x00000251e7ad5800 JavaThread "Unconstrained build operations Thread 42" [_thread_blocked, id=31436, stack(0x0000005597d00000,0x0000005597e00000)]
  0x00000251e7ad7800 Thread [stack: 0x0000005597e00000,0x0000005597f00000] [id=24780]
  0x00000251e7ad8000 Thread [stack: 0x0000005598100000,0x0000005598200000] [id=7944]
  0x00000251e7ad9000 Thread [stack: 0x0000005598200000,0x0000005598300000] [id=29928]
  0x00000251e7ad3800 Thread [stack: 0x0000005598300000,0x0000005598400000] [id=30460]
  0x00000251e90de000 Thread [stack: 0x0000005598400000,0x0000005598500000] [id=21120]
  0x00000251e90d9000 Thread [stack: 0x0000005598500000,0x0000005598600000] [id=25916]
  0x00000251e90da000 Thread [stack: 0x0000005598600000,0x0000005598700000] [id=31540]
  0x00000251e90db800 Thread [stack: 0x0000005598700000,0x0000005598800000] [id=1700]
  0x00000251e9628800 Thread [stack: 0x0000005598800000,0x0000005598900000] [id=17920]
  0x00000251e9629800 Thread [stack: 0x0000005598900000,0x0000005598a00000] [id=20812]
  0x00000251e9632800 Thread [stack: 0x0000005598a00000,0x0000005598b00000] [id=28256]
  0x00000251e9633000 Thread [stack: 0x0000005598b00000,0x0000005598c00000] [id=27288]
  0x00000251e6e99000 JavaThread "Unconstrained build operations Thread 55" [_thread_blocked, id=31800, stack(0x0000005598c00000,0x0000005598d00000)]
  0x00000251e6ea0000 Thread [stack: 0x0000005598d00000,0x0000005598e00000] [id=17516]
  0x00000251e6e9b800 Thread [stack: 0x0000005598e00000,0x0000005598f00000] [id=30812]
  0x00000251ed635800 Thread [stack: 0x0000005598f00000,0x0000005599000000] [id=31932]
  0x00000251ed636000 Thread [stack: 0x0000005599000000,0x0000005599100000] [id=21508]
  0x00000251ed639800 Thread [stack: 0x0000005599100000,0x0000005599200000] [id=31808]
  0x00000251ed637000 Thread [stack: 0x0000005599200000,0x0000005599300000] [id=1596]
  0x00000251ed638000 Thread [stack: 0x0000005599300000,0x0000005599400000] [id=5292]
  0x00000251ed638800 Thread [stack: 0x0000005599400000,0x0000005599500000] [id=19340]
  0x00000251ed63a800 Thread [stack: 0x0000005599500000,0x0000005599600000] [id=13940]
  0x00000251ed634800 Thread [stack: 0x0000005599600000,0x0000005599700000] [id=12156]
  0x00000251ed640000 Thread [stack: 0x0000005599700000,0x0000005599800000] [id=19224]
  0x00000251ed63d800 Thread [stack: 0x0000005599800000,0x0000005599900000] [id=29220]
  0x00000251ed63b000 Thread [stack: 0x0000005599900000,0x0000005599a00000] [id=28560]
  0x00000251ed641000 Thread [stack: 0x0000005599d00000,0x0000005599e00000] [id=31176]
  0x00000251ed63f000 Thread [stack: 0x0000005599e00000,0x0000005599f00000] [id=22716]
  0x00000251ed641800 Thread [stack: 0x0000005599f00000,0x000000559a000000] [id=26644]
  0x00000251ed63c000 Thread [stack: 0x000000559a000000,0x000000559a100000] [id=18956]
  0x00000251ed63c800 Thread [stack: 0x000000559a100000,0x000000559a200000] [id=26756]
  0x00000251ed63e800 JavaThread "DisconnectableInputStream source reader" daemon [_thread_blocked, id=3980, stack(0x000000559a200000,0x000000559a300000)]

Other Threads:
  0x00000251e6492800 VMThread "VM Thread" [stack: 0x0000005591300000,0x0000005591400000] [id=26616]
  0x00000251e70d7800 WatcherThread [stack: 0x0000005591d00000,0x0000005591e00000] [id=31032]
  0x00000251cbd37000 GCTaskThread "GC Thread#0" [stack: 0x0000005590e00000,0x0000005590f00000] [id=30692]
  0x00000251e7a2f800 GCTaskThread "GC Thread#1" [stack: 0x0000005591e00000,0x0000005591f00000] [id=12184]
  0x00000251e7aa1000 GCTaskThread "GC Thread#2" [stack: 0x0000005591f00000,0x0000005592000000] [id=27884]
  0x00000251e7981000 GCTaskThread "GC Thread#3" [stack: 0x0000005592000000,0x0000005592100000] [id=27684]
  0x00000251e79bd000 GCTaskThread "GC Thread#4" [stack: 0x0000005592100000,0x0000005592200000] [id=31148]
  0x00000251e724e000 GCTaskThread "GC Thread#5" [stack: 0x0000005592200000,0x0000005592300000] [id=30008]
  0x00000251e8f57000 GCTaskThread "GC Thread#6" [stack: 0x0000005592d00000,0x0000005592e00000] [id=24632]
  0x00000251e8739800 GCTaskThread "GC Thread#7" [stack: 0x0000005592e00000,0x0000005592f00000] [id=22168]
  0x00000251cbd4a000 ConcurrentGCThread "G1 Main Marker" [stack: 0x0000005590f00000,0x0000005591000000] [id=22940]
  0x00000251cbd4c800 ConcurrentGCThread "G1 Conc#0" [stack: 0x0000005591000000,0x0000005591100000] [id=25712]
  0x00000251e8cf0800 ConcurrentGCThread "G1 Conc#1" [stack: 0x0000005592f00000,0x0000005593000000] [id=32240]
  0x00000251cbdfe000 ConcurrentGCThread "G1 Refine#0" [stack: 0x0000005591100000,0x0000005591200000] [id=24664]
  0x00000251e6322800 ConcurrentGCThread "G1 Young RemSet Sampling" [stack: 0x0000005591200000,0x0000005591300000] [id=15124]

Threads with active compile tasks:
C2 CompilerThread0    38280 10186       4       org.gradle.internal.component.external.model.DefaultConfigurationMetadata::getAttributes (28 bytes)
C2 CompilerThread1    38280 10033   !   4       io.spring.gradle.dependencymanagement.org.codehaus.plexus.interpolation.StringSearchInterpolator::interpolate (665 bytes)
C2 CompilerThread2    38280 10170       4       io.spring.gradle.dependencymanagement.internal.maven.MavenPomResolver::createDependency (116 bytes)

VM state:not at safepoint (normal execution)

VM Mutex/Monitor currently owned by a thread: None

Heap address: 0x00000000e0000000, size: 512 MB, Compressed Oops mode: 32-bit
Narrow klass base: 0x0000000000000000, Narrow klass shift: 3
Compressed class space size: 394264576 Address: 0x0000000100000000

Heap:
 garbage-first heap   total 262144K, used 84491K [0x00000000e0000000, 0x0000000100000000)
  region size 1024K, 39 young (39936K), 9 survivors (9216K)
 Metaspace       used 64728K, capacity 67466K, committed 67708K, reserved 444416K
  class space    used 8419K, capacity 9425K, committed 9472K, reserved 385024K
Heap Regions: E=young(eden), S=young(survivor), O=old, HS=humongous(starts), HC=humongous(continues), CS=collection set, F=free, A=archive, TAMS=top-at-mark-start (previous, next)
|   0|0x00000000e0000000, 0x00000000e0100000, 0x00000000e0100000|100%|HS|  |TAMS 0x00000000e0100000, 0x00000000e0000000| Complete 
|   1|0x00000000e0100000, 0x00000000e0200000, 0x00000000e0200000|100%|HC|  |TAMS 0x00000000e0200000, 0x00000000e0100000| Complete 
|   2|0x00000000e0200000, 0x00000000e0300000, 0x00000000e0300000|100%|HC|  |TAMS 0x00000000e0300000, 0x00000000e0200000| Complete 
|   3|0x00000000e0300000, 0x00000000e0400000, 0x00000000e0400000|100%|HC|  |TAMS 0x00000000e0400000, 0x00000000e0300000| Complete 
|   4|0x00000000e0400000, 0x00000000e0500000, 0x00000000e0500000|100%| O|  |TAMS 0x00000000e0500000, 0x00000000e0400000| Untracked 
|   5|0x00000000e0500000, 0x00000000e0600000, 0x00000000e0600000|100%| O|  |TAMS 0x00000000e0600000, 0x00000000e0500000| Untracked 
|   6|0x00000000e0600000, 0x00000000e0700000, 0x00000000e0700000|100%| O|  |TAMS 0x00000000e0700000, 0x00000000e0600000| Untracked 
|   7|0x00000000e0700000, 0x00000000e0800000, 0x00000000e0800000|100%| O|  |TAMS 0x00000000e0800000, 0x00000000e0700000| Untracked 
|   8|0x00000000e0800000, 0x00000000e0900000, 0x00000000e0900000|100%| O|  |TAMS 0x00000000e0900000, 0x00000000e0800000| Untracked 
|   9|0x00000000e0900000, 0x00000000e0a00000, 0x00000000e0a00000|100%| O|  |TAMS 0x00000000e0a00000, 0x00000000e0900000| Untracked 
|  10|0x00000000e0a00000, 0x00000000e0b00000, 0x00000000e0b00000|100%| O|  |TAMS 0x00000000e0b00000, 0x00000000e0a00000| Untracked 
|  11|0x00000000e0b00000, 0x00000000e0c00000, 0x00000000e0c00000|100%| O|  |TAMS 0x00000000e0c00000, 0x00000000e0b00000| Untracked 
|  12|0x00000000e0c00000, 0x00000000e0d00000, 0x00000000e0d00000|100%| O|  |TAMS 0x00000000e0d00000, 0x00000000e0c00000| Untracked 
|  13|0x00000000e0d00000, 0x00000000e0e00000, 0x00000000e0e00000|100%| O|  |TAMS 0x00000000e0e00000, 0x00000000e0d00000| Untracked 
|  14|0x00000000e0e00000, 0x00000000e0f00000, 0x00000000e0f00000|100%| O|  |TAMS 0x00000000e0f00000, 0x00000000e0e00000| Untracked 
|  15|0x00000000e0f00000, 0x00000000e1000000, 0x00000000e1000000|100%| O|  |TAMS 0x00000000e1000000, 0x00000000e0f00000| Untracked 
|  16|0x00000000e1000000, 0x00000000e1100000, 0x00000000e1100000|100%| O|  |TAMS 0x00000000e1100000, 0x00000000e1000000| Untracked 
|  17|0x00000000e1100000, 0x00000000e1200000, 0x00000000e1200000|100%| O|  |TAMS 0x00000000e1200000, 0x00000000e1100000| Untracked 
|  18|0x00000000e1200000, 0x00000000e1300000, 0x00000000e1300000|100%| O|  |TAMS 0x00000000e124ae00, 0x00000000e1200000| Untracked 
|  19|0x00000000e1300000, 0x00000000e1400000, 0x00000000e1400000|100%| O|  |TAMS 0x00000000e1300000, 0x00000000e1300000| Untracked 
|  20|0x00000000e1400000, 0x00000000e1500000, 0x00000000e1500000|100%| O|  |TAMS 0x00000000e1400000, 0x00000000e1400000| Untracked 
|  21|0x00000000e1500000, 0x00000000e1600000, 0x00000000e1600000|100%| O|  |TAMS 0x00000000e1500000, 0x00000000e1500000| Untracked 
|  22|0x00000000e1600000, 0x00000000e1700000, 0x00000000e1700000|100%| O|  |TAMS 0x00000000e1600000, 0x00000000e1600000| Untracked 
|  23|0x00000000e1700000, 0x00000000e1800000, 0x00000000e1800000|100%| O|  |TAMS 0x00000000e1700000, 0x00000000e1700000| Untracked 
|  24|0x00000000e1800000, 0x00000000e1900000, 0x00000000e1900000|100%| O|  |TAMS 0x00000000e1800000, 0x00000000e1800000| Untracked 
|  25|0x00000000e1900000, 0x00000000e1a00000, 0x00000000e1a00000|100%| O|  |TAMS 0x00000000e1900000, 0x00000000e1900000| Untracked 
|  26|0x00000000e1a00000, 0x00000000e1b00000, 0x00000000e1b00000|100%| O|  |TAMS 0x00000000e1a00000, 0x00000000e1a00000| Untracked 
|  27|0x00000000e1b00000, 0x00000000e1c00000, 0x00000000e1c00000|100%| O|  |TAMS 0x00000000e1b00000, 0x00000000e1b00000| Untracked 
|  28|0x00000000e1c00000, 0x00000000e1d00000, 0x00000000e1d00000|100%| O|  |TAMS 0x00000000e1c00000, 0x00000000e1c00000| Untracked 
|  29|0x00000000e1d00000, 0x00000000e1e00000, 0x00000000e1e00000|100%| O|  |TAMS 0x00000000e1d00000, 0x00000000e1d00000| Untracked 
|  30|0x00000000e1e00000, 0x00000000e1f00000, 0x00000000e1f00000|100%| O|  |TAMS 0x00000000e1e00000, 0x00000000e1e00000| Untracked 
|  31|0x00000000e1f00000, 0x00000000e2000000, 0x00000000e2000000|100%| O|  |TAMS 0x00000000e1f00000, 0x00000000e1f00000| Untracked 
|  32|0x00000000e2000000, 0x00000000e2100000, 0x00000000e2100000|100%| O|  |TAMS 0x00000000e2000000, 0x00000000e2000000| Untracked 
|  33|0x00000000e2100000, 0x00000000e2200000, 0x00000000e2200000|100%| O|  |TAMS 0x00000000e2100000, 0x00000000e2100000| Untracked 
|  34|0x00000000e2200000, 0x00000000e2300000, 0x00000000e2300000|100%| O|  |TAMS 0x00000000e2200000, 0x00000000e2200000| Untracked 
|  35|0x00000000e2300000, 0x00000000e2400000, 0x00000000e2400000|100%| O|  |TAMS 0x00000000e2300000, 0x00000000e2300000| Untracked 
|  36|0x00000000e2400000, 0x00000000e2500000, 0x00000000e2500000|100%| O|  |TAMS 0x00000000e2400000, 0x00000000e2400000| Untracked 
|  37|0x00000000e2500000, 0x00000000e2600000, 0x00000000e2600000|100%| O|  |TAMS 0x00000000e2500000, 0x00000000e2500000| Untracked 
|  38|0x00000000e2600000, 0x00000000e2700000, 0x00000000e2700000|100%| O|  |TAMS 0x00000000e2600000, 0x00000000e2600000| Untracked 
|  39|0x00000000e2700000, 0x00000000e2800000, 0x00000000e2800000|100%| O|  |TAMS 0x00000000e2700000, 0x00000000e2700000| Untracked 
|  40|0x00000000e2800000, 0x00000000e2900000, 0x00000000e2900000|100%| O|  |TAMS 0x00000000e2800000, 0x00000000e2800000| Untracked 
|  41|0x00000000e2900000, 0x00000000e2a00000, 0x00000000e2a00000|100%| O|  |TAMS 0x00000000e2900000, 0x00000000e2900000| Untracked 
|  42|0x00000000e2a00000, 0x00000000e2b00000, 0x00000000e2b00000|100%| O|  |TAMS 0x00000000e2a00000, 0x00000000e2a00000| Untracked 
|  43|0x00000000e2b00000, 0x00000000e2c00000, 0x00000000e2c00000|100%| O|  |TAMS 0x00000000e2b00000, 0x00000000e2b00000| Untracked 
|  44|0x00000000e2c00000, 0x00000000e2ce0800, 0x00000000e2d00000| 87%| O|  |TAMS 0x00000000e2c00000, 0x00000000e2c00000| Untracked 
|  45|0x00000000e2d00000, 0x00000000e2d00000, 0x00000000e2e00000|  0%| F|  |TAMS 0x00000000e2d00000, 0x00000000e2d00000| Untracked 
|  46|0x00000000e2e00000, 0x00000000e2e00000, 0x00000000e2f00000|  0%| F|  |TAMS 0x00000000e2e00000, 0x00000000e2e00000| Untracked 
|  47|0x00000000e2f00000, 0x00000000e2f00000, 0x00000000e3000000|  0%| F|  |TAMS 0x00000000e2f00000, 0x00000000e2f00000| Untracked 
|  48|0x00000000e3000000, 0x00000000e3000000, 0x00000000e3100000|  0%| F|  |TAMS 0x00000000e3000000, 0x00000000e3000000| Untracked 
|  49|0x00000000e3100000, 0x00000000e3100000, 0x00000000e3200000|  0%| F|  |TAMS 0x00000000e3100000, 0x00000000e3100000| Untracked 
|  50|0x00000000e3200000, 0x00000000e3200000, 0x00000000e3300000|  0%| F|  |TAMS 0x00000000e3200000, 0x00000000e3200000| Untracked 
|  51|0x00000000e3300000, 0x00000000e3300000, 0x00000000e3400000|  0%| F|  |TAMS 0x00000000e3300000, 0x00000000e3300000| Untracked 
|  52|0x00000000e3400000, 0x00000000e3400000, 0x00000000e3500000|  0%| F|  |TAMS 0x00000000e3400000, 0x00000000e3400000| Untracked 
|  53|0x00000000e3500000, 0x00000000e3500000, 0x00000000e3600000|  0%| F|  |TAMS 0x00000000e3500000, 0x00000000e3500000| Untracked 
|  54|0x00000000e3600000, 0x00000000e3600000, 0x00000000e3700000|  0%| F|  |TAMS 0x00000000e3600000, 0x00000000e3600000| Untracked 
|  55|0x00000000e3700000, 0x00000000e3700000, 0x00000000e3800000|  0%| F|  |TAMS 0x00000000e3700000, 0x00000000e3700000| Untracked 
|  56|0x00000000e3800000, 0x00000000e3800000, 0x00000000e3900000|  0%| F|  |TAMS 0x00000000e3800000, 0x00000000e3800000| Untracked 
|  57|0x00000000e3900000, 0x00000000e3900000, 0x00000000e3a00000|  0%| F|  |TAMS 0x00000000e3900000, 0x00000000e3900000| Untracked 
|  58|0x00000000e3a00000, 0x00000000e3a00000, 0x00000000e3b00000|  0%| F|  |TAMS 0x00000000e3a00000, 0x00000000e3a00000| Untracked 
|  59|0x00000000e3b00000, 0x00000000e3b00000, 0x00000000e3c00000|  0%| F|  |TAMS 0x00000000e3b00000, 0x00000000e3b00000| Untracked 
|  60|0x00000000e3c00000, 0x00000000e3c00000, 0x00000000e3d00000|  0%| F|  |TAMS 0x00000000e3c00000, 0x00000000e3c00000| Untracked 
|  61|0x00000000e3d00000, 0x00000000e3d00000, 0x00000000e3e00000|  0%| F|  |TAMS 0x00000000e3d00000, 0x00000000e3d00000| Untracked 
|  62|0x00000000e3e00000, 0x00000000e3e00000, 0x00000000e3f00000|  0%| F|  |TAMS 0x00000000e3e00000, 0x00000000e3e00000| Untracked 
|  63|0x00000000e3f00000, 0x00000000e3f00000, 0x00000000e4000000|  0%| F|  |TAMS 0x00000000e3f00000, 0x00000000e3f00000| Untracked 
|  64|0x00000000e4000000, 0x00000000e4000000, 0x00000000e4100000|  0%| F|  |TAMS 0x00000000e4000000, 0x00000000e4000000| Untracked 
|  65|0x00000000e4100000, 0x00000000e4100000, 0x00000000e4200000|  0%| F|  |TAMS 0x00000000e4100000, 0x00000000e4100000| Untracked 
|  66|0x00000000e4200000, 0x00000000e4200000, 0x00000000e4300000|  0%| F|  |TAMS 0x00000000e4200000, 0x00000000e4200000| Untracked 
|  67|0x00000000e4300000, 0x00000000e4300000, 0x00000000e4400000|  0%| F|  |TAMS 0x00000000e4300000, 0x00000000e4300000| Untracked 
|  68|0x00000000e4400000, 0x00000000e4400000, 0x00000000e4500000|  0%| F|  |TAMS 0x00000000e4400000, 0x00000000e4400000| Untracked 
|  69|0x00000000e4500000, 0x00000000e4500000, 0x00000000e4600000|  0%| F|  |TAMS 0x00000000e4500000, 0x00000000e4500000| Untracked 
|  70|0x00000000e4600000, 0x00000000e4600000, 0x00000000e4700000|  0%| F|  |TAMS 0x00000000e4600000, 0x00000000e4600000| Untracked 
|  71|0x00000000e4700000, 0x00000000e4700000, 0x00000000e4800000|  0%| F|  |TAMS 0x00000000e4700000, 0x00000000e4700000| Untracked 
|  72|0x00000000e4800000, 0x00000000e4800000, 0x00000000e4900000|  0%| F|  |TAMS 0x00000000e4800000, 0x00000000e4800000| Untracked 
|  73|0x00000000e4900000, 0x00000000e4900000, 0x00000000e4a00000|  0%| F|  |TAMS 0x00000000e4900000, 0x00000000e4900000| Untracked 
|  74|0x00000000e4a00000, 0x00000000e4a00000, 0x00000000e4b00000|  0%| F|  |TAMS 0x00000000e4a00000, 0x00000000e4a00000| Untracked 
|  75|0x00000000e4b00000, 0x00000000e4b00000, 0x00000000e4c00000|  0%| F|  |TAMS 0x00000000e4b00000, 0x00000000e4b00000| Untracked 
|  76|0x00000000e4c00000, 0x00000000e4c00000, 0x00000000e4d00000|  0%| F|  |TAMS 0x00000000e4c00000, 0x00000000e4c00000| Untracked 
|  77|0x00000000e4d00000, 0x00000000e4d00000, 0x00000000e4e00000|  0%| F|  |TAMS 0x00000000e4d00000, 0x00000000e4d00000| Untracked 
|  78|0x00000000e4e00000, 0x00000000e4e00000, 0x00000000e4f00000|  0%| F|  |TAMS 0x00000000e4e00000, 0x00000000e4e00000| Untracked 
|  79|0x00000000e4f00000, 0x00000000e4f00000, 0x00000000e5000000|  0%| F|  |TAMS 0x00000000e4f00000, 0x00000000e4f00000| Untracked 
|  80|0x00000000e5000000, 0x00000000e5000000, 0x00000000e5100000|  0%| F|  |TAMS 0x00000000e5000000, 0x00000000e5000000| Untracked 
|  81|0x00000000e5100000, 0x00000000e5100000, 0x00000000e5200000|  0%| F|  |TAMS 0x00000000e5100000, 0x00000000e5100000| Untracked 
|  82|0x00000000e5200000, 0x00000000e5200000, 0x00000000e5300000|  0%| F|  |TAMS 0x00000000e5200000, 0x00000000e5200000| Untracked 
|  83|0x00000000e5300000, 0x00000000e5300000, 0x00000000e5400000|  0%| F|  |TAMS 0x00000000e5300000, 0x00000000e5300000| Untracked 
|  84|0x00000000e5400000, 0x00000000e5400000, 0x00000000e5500000|  0%| F|  |TAMS 0x00000000e5400000, 0x00000000e5400000| Untracked 
|  85|0x00000000e5500000, 0x00000000e5500000, 0x00000000e5600000|  0%| F|  |TAMS 0x00000000e5500000, 0x00000000e5500000| Untracked 
|  86|0x00000000e5600000, 0x00000000e5600000, 0x00000000e5700000|  0%| F|  |TAMS 0x00000000e5600000, 0x00000000e5600000| Untracked 
|  87|0x00000000e5700000, 0x00000000e5700000, 0x00000000e5800000|  0%| F|  |TAMS 0x00000000e5700000, 0x00000000e5700000| Untracked 
|  88|0x00000000e5800000, 0x00000000e5800000, 0x00000000e5900000|  0%| F|  |TAMS 0x00000000e5800000, 0x00000000e5800000| Untracked 
|  89|0x00000000e5900000, 0x00000000e5900000, 0x00000000e5a00000|  0%| F|  |TAMS 0x00000000e5900000, 0x00000000e5900000| Untracked 
|  90|0x00000000e5a00000, 0x00000000e5a00000, 0x00000000e5b00000|  0%| F|  |TAMS 0x00000000e5a00000, 0x00000000e5a00000| Untracked 
|  91|0x00000000e5b00000, 0x00000000e5b00000, 0x00000000e5c00000|  0%| F|  |TAMS 0x00000000e5b00000, 0x00000000e5b00000| Untracked 
|  92|0x00000000e5c00000, 0x00000000e5c00000, 0x00000000e5d00000|  0%| F|  |TAMS 0x00000000e5c00000, 0x00000000e5c00000| Untracked 
|  93|0x00000000e5d00000, 0x00000000e5d00000, 0x00000000e5e00000|  0%| F|  |TAMS 0x00000000e5d00000, 0x00000000e5d00000| Untracked 
|  94|0x00000000e5e00000, 0x00000000e5e00000, 0x00000000e5f00000|  0%| F|  |TAMS 0x00000000e5e00000, 0x00000000e5e00000| Untracked 
|  95|0x00000000e5f00000, 0x00000000e5f00000, 0x00000000e6000000|  0%| F|  |TAMS 0x00000000e5f00000, 0x00000000e5f00000| Untracked 
|  96|0x00000000e6000000, 0x00000000e6000000, 0x00000000e6100000|  0%| F|  |TAMS 0x00000000e6000000, 0x00000000e6000000| Untracked 
|  97|0x00000000e6100000, 0x00000000e6100000, 0x00000000e6200000|  0%| F|  |TAMS 0x00000000e6100000, 0x00000000e6100000| Untracked 
|  98|0x00000000e6200000, 0x00000000e6200000, 0x00000000e6300000|  0%| F|  |TAMS 0x00000000e6200000, 0x00000000e6200000| Untracked 
|  99|0x00000000e6300000, 0x00000000e6300000, 0x00000000e6400000|  0%| F|  |TAMS 0x00000000e6300000, 0x00000000e6300000| Untracked 
| 100|0x00000000e6400000, 0x00000000e6400000, 0x00000000e6500000|  0%| F|  |TAMS 0x00000000e6400000, 0x00000000e6400000| Untracked 
| 101|0x00000000e6500000, 0x00000000e6500000, 0x00000000e6600000|  0%| F|  |TAMS 0x00000000e6500000, 0x00000000e6500000| Untracked 
| 102|0x00000000e6600000, 0x00000000e6600000, 0x00000000e6700000|  0%| F|  |TAMS 0x00000000e6600000, 0x00000000e6600000| Untracked 
| 103|0x00000000e6700000, 0x00000000e6700000, 0x00000000e6800000|  0%| F|  |TAMS 0x00000000e6700000, 0x00000000e6700000| Untracked 
| 104|0x00000000e6800000, 0x00000000e6800000, 0x00000000e6900000|  0%| F|  |TAMS 0x00000000e6800000, 0x00000000e6800000| Untracked 
| 105|0x00000000e6900000, 0x00000000e6900000, 0x00000000e6a00000|  0%| F|  |TAMS 0x00000000e6900000, 0x00000000e6900000| Untracked 
| 106|0x00000000e6a00000, 0x00000000e6a00000, 0x00000000e6b00000|  0%| F|  |TAMS 0x00000000e6a00000, 0x00000000e6a00000| Untracked 
| 107|0x00000000e6b00000, 0x00000000e6ba24e0, 0x00000000e6c00000| 63%| S|CS|TAMS 0x00000000e6b00000, 0x00000000e6b00000| Complete 
| 108|0x00000000e6c00000, 0x00000000e6d00000, 0x00000000e6d00000|100%| S|CS|TAMS 0x00000000e6c00000, 0x00000000e6c00000| Complete 
| 109|0x00000000e6d00000, 0x00000000e6e00000, 0x00000000e6e00000|100%| S|CS|TAMS 0x00000000e6d00000, 0x00000000e6d00000| Complete 
| 110|0x00000000e6e00000, 0x00000000e6f00000, 0x00000000e6f00000|100%| S|CS|TAMS 0x00000000e6e00000, 0x00000000e6e00000| Complete 
| 111|0x00000000e6f00000, 0x00000000e7000000, 0x00000000e7000000|100%| S|CS|TAMS 0x00000000e6f00000, 0x00000000e6f00000| Complete 
| 112|0x00000000e7000000, 0x00000000e7100000, 0x00000000e7100000|100%| S|CS|TAMS 0x00000000e7000000, 0x00000000e7000000| Complete 
| 113|0x00000000e7100000, 0x00000000e7200000, 0x00000000e7200000|100%| S|CS|TAMS 0x00000000e7100000, 0x00000000e7100000| Complete 
| 114|0x00000000e7200000, 0x00000000e7300000, 0x00000000e7300000|100%| S|CS|TAMS 0x00000000e7200000, 0x00000000e7200000| Complete 
| 115|0x00000000e7300000, 0x00000000e7400000, 0x00000000e7400000|100%| S|CS|TAMS 0x00000000e7300000, 0x00000000e7300000| Complete 
| 116|0x00000000e7400000, 0x00000000e7400000, 0x00000000e7500000|  0%| F|  |TAMS 0x00000000e7400000, 0x00000000e7400000| Untracked 
| 117|0x00000000e7500000, 0x00000000e7500000, 0x00000000e7600000|  0%| F|  |TAMS 0x00000000e7500000, 0x00000000e7500000| Untracked 
| 118|0x00000000e7600000, 0x00000000e7600000, 0x00000000e7700000|  0%| F|  |TAMS 0x00000000e7600000, 0x00000000e7600000| Untracked 
| 119|0x00000000e7700000, 0x00000000e7700000, 0x00000000e7800000|  0%| F|  |TAMS 0x00000000e7700000, 0x00000000e7700000| Untracked 
| 120|0x00000000e7800000, 0x00000000e7800000, 0x00000000e7900000|  0%| F|  |TAMS 0x00000000e7800000, 0x00000000e7800000| Untracked 
| 121|0x00000000e7900000, 0x00000000e7900000, 0x00000000e7a00000|  0%| F|  |TAMS 0x00000000e7900000, 0x00000000e7900000| Untracked 
| 122|0x00000000e7a00000, 0x00000000e7a00000, 0x00000000e7b00000|  0%| F|  |TAMS 0x00000000e7a00000, 0x00000000e7a00000| Untracked 
| 123|0x00000000e7b00000, 0x00000000e7b00000, 0x00000000e7c00000|  0%| F|  |TAMS 0x00000000e7b00000, 0x00000000e7b00000| Untracked 
| 124|0x00000000e7c00000, 0x00000000e7c00000, 0x00000000e7d00000|  0%| F|  |TAMS 0x00000000e7c00000, 0x00000000e7c00000| Untracked 
| 125|0x00000000e7d00000, 0x00000000e7d00000, 0x00000000e7e00000|  0%| F|  |TAMS 0x00000000e7d00000, 0x00000000e7d00000| Untracked 
| 126|0x00000000e7e00000, 0x00000000e7e00000, 0x00000000e7f00000|  0%| F|  |TAMS 0x00000000e7e00000, 0x00000000e7e00000| Untracked 
| 127|0x00000000e7f00000, 0x00000000e7f00000, 0x00000000e8000000|  0%| F|  |TAMS 0x00000000e7f00000, 0x00000000e7f00000| Untracked 
| 128|0x00000000e8000000, 0x00000000e8000000, 0x00000000e8100000|  0%| F|  |TAMS 0x00000000e8000000, 0x00000000e8000000| Untracked 
| 129|0x00000000e8100000, 0x00000000e8100000, 0x00000000e8200000|  0%| F|  |TAMS 0x00000000e8100000, 0x00000000e8100000| Untracked 
| 130|0x00000000e8200000, 0x00000000e8200000, 0x00000000e8300000|  0%| F|  |TAMS 0x00000000e8200000, 0x00000000e8200000| Untracked 
| 131|0x00000000e8300000, 0x00000000e8300000, 0x00000000e8400000|  0%| F|  |TAMS 0x00000000e8300000, 0x00000000e8300000| Untracked 
| 132|0x00000000e8400000, 0x00000000e8400000, 0x00000000e8500000|  0%| F|  |TAMS 0x00000000e8400000, 0x00000000e8400000| Untracked 
| 133|0x00000000e8500000, 0x00000000e8500000, 0x00000000e8600000|  0%| F|  |TAMS 0x00000000e8500000, 0x00000000e8500000| Untracked 
| 134|0x00000000e8600000, 0x00000000e8600000, 0x00000000e8700000|  0%| F|  |TAMS 0x00000000e8600000, 0x00000000e8600000| Untracked 
| 135|0x00000000e8700000, 0x00000000e8700000, 0x00000000e8800000|  0%| F|  |TAMS 0x00000000e8700000, 0x00000000e8700000| Untracked 
| 136|0x00000000e8800000, 0x00000000e8800000, 0x00000000e8900000|  0%| F|  |TAMS 0x00000000e8800000, 0x00000000e8800000| Untracked 
| 137|0x00000000e8900000, 0x00000000e8900000, 0x00000000e8a00000|  0%| F|  |TAMS 0x00000000e8900000, 0x00000000e8900000| Untracked 
| 138|0x00000000e8a00000, 0x00000000e8a00000, 0x00000000e8b00000|  0%| F|  |TAMS 0x00000000e8a00000, 0x00000000e8a00000| Untracked 
| 139|0x00000000e8b00000, 0x00000000e8b00000, 0x00000000e8c00000|  0%| F|  |TAMS 0x00000000e8b00000, 0x00000000e8b00000| Untracked 
| 140|0x00000000e8c00000, 0x00000000e8c00000, 0x00000000e8d00000|  0%| F|  |TAMS 0x00000000e8c00000, 0x00000000e8c00000| Untracked 
| 141|0x00000000e8d00000, 0x00000000e8d00000, 0x00000000e8e00000|  0%| F|  |TAMS 0x00000000e8d00000, 0x00000000e8d00000| Untracked 
| 142|0x00000000e8e00000, 0x00000000e8e00000, 0x00000000e8f00000|  0%| F|  |TAMS 0x00000000e8e00000, 0x00000000e8e00000| Untracked 
| 143|0x00000000e8f00000, 0x00000000e8f00000, 0x00000000e9000000|  0%| F|  |TAMS 0x00000000e8f00000, 0x00000000e8f00000| Untracked 
| 144|0x00000000e9000000, 0x00000000e9000000, 0x00000000e9100000|  0%| F|  |TAMS 0x00000000e9000000, 0x00000000e9000000| Untracked 
| 145|0x00000000e9100000, 0x00000000e9100000, 0x00000000e9200000|  0%| F|  |TAMS 0x00000000e9100000, 0x00000000e9100000| Untracked 
| 146|0x00000000e9200000, 0x00000000e9200000, 0x00000000e9300000|  0%| F|  |TAMS 0x00000000e9200000, 0x00000000e9200000| Untracked 
| 147|0x00000000e9300000, 0x00000000e9300000, 0x00000000e9400000|  0%| F|  |TAMS 0x00000000e9300000, 0x00000000e9300000| Untracked 
| 148|0x00000000e9400000, 0x00000000e9400000, 0x00000000e9500000|  0%| F|  |TAMS 0x00000000e9400000, 0x00000000e9400000| Untracked 
| 149|0x00000000e9500000, 0x00000000e9500000, 0x00000000e9600000|  0%| F|  |TAMS 0x00000000e9500000, 0x00000000e9500000| Untracked 
| 150|0x00000000e9600000, 0x00000000e9600000, 0x00000000e9700000|  0%| F|  |TAMS 0x00000000e9600000, 0x00000000e9600000| Untracked 
| 151|0x00000000e9700000, 0x00000000e9700000, 0x00000000e9800000|  0%| F|  |TAMS 0x00000000e9700000, 0x00000000e9700000| Untracked 
| 152|0x00000000e9800000, 0x00000000e9800000, 0x00000000e9900000|  0%| F|  |TAMS 0x00000000e9800000, 0x00000000e9800000| Untracked 
| 153|0x00000000e9900000, 0x00000000e9900000, 0x00000000e9a00000|  0%| F|  |TAMS 0x00000000e9900000, 0x00000000e9900000| Untracked 
| 154|0x00000000e9a00000, 0x00000000e9a00000, 0x00000000e9b00000|  0%| F|  |TAMS 0x00000000e9a00000, 0x00000000e9a00000| Untracked 
| 155|0x00000000e9b00000, 0x00000000e9b00000, 0x00000000e9c00000|  0%| F|  |TAMS 0x00000000e9b00000, 0x00000000e9b00000| Untracked 
| 156|0x00000000e9c00000, 0x00000000e9c00000, 0x00000000e9d00000|  0%| F|  |TAMS 0x00000000e9c00000, 0x00000000e9c00000| Untracked 
| 157|0x00000000e9d00000, 0x00000000e9d00000, 0x00000000e9e00000|  0%| F|  |TAMS 0x00000000e9d00000, 0x00000000e9d00000| Untracked 
| 158|0x00000000e9e00000, 0x00000000e9e00000, 0x00000000e9f00000|  0%| F|  |TAMS 0x00000000e9e00000, 0x00000000e9e00000| Untracked 
| 159|0x00000000e9f00000, 0x00000000e9f00000, 0x00000000ea000000|  0%| F|  |TAMS 0x00000000e9f00000, 0x00000000e9f00000| Untracked 
| 160|0x00000000ea000000, 0x00000000ea000000, 0x00000000ea100000|  0%| F|  |TAMS 0x00000000ea000000, 0x00000000ea000000| Untracked 
| 161|0x00000000ea100000, 0x00000000ea100000, 0x00000000ea200000|  0%| F|  |TAMS 0x00000000ea100000, 0x00000000ea100000| Untracked 
| 162|0x00000000ea200000, 0x00000000ea200000, 0x00000000ea300000|  0%| F|  |TAMS 0x00000000ea200000, 0x00000000ea200000| Untracked 
| 163|0x00000000ea300000, 0x00000000ea300000, 0x00000000ea400000|  0%| F|  |TAMS 0x00000000ea300000, 0x00000000ea300000| Untracked 
| 164|0x00000000ea400000, 0x00000000ea400000, 0x00000000ea500000|  0%| F|  |TAMS 0x00000000ea400000, 0x00000000ea400000| Untracked 
| 165|0x00000000ea500000, 0x00000000ea500000, 0x00000000ea600000|  0%| F|  |TAMS 0x00000000ea500000, 0x00000000ea500000| Untracked 
| 166|0x00000000ea600000, 0x00000000ea600000, 0x00000000ea700000|  0%| F|  |TAMS 0x00000000ea600000, 0x00000000ea600000| Untracked 
| 167|0x00000000ea700000, 0x00000000ea700000, 0x00000000ea800000|  0%| F|  |TAMS 0x00000000ea700000, 0x00000000ea700000| Untracked 
| 168|0x00000000ea800000, 0x00000000ea800000, 0x00000000ea900000|  0%| F|  |TAMS 0x00000000ea800000, 0x00000000ea800000| Untracked 
| 169|0x00000000ea900000, 0x00000000ea900000, 0x00000000eaa00000|  0%| F|  |TAMS 0x00000000ea900000, 0x00000000ea900000| Untracked 
| 170|0x00000000eaa00000, 0x00000000eaa00000, 0x00000000eab00000|  0%| F|  |TAMS 0x00000000eaa00000, 0x00000000eaa00000| Untracked 
| 171|0x00000000eab00000, 0x00000000eab00000, 0x00000000eac00000|  0%| F|  |TAMS 0x00000000eab00000, 0x00000000eab00000| Untracked 
| 172|0x00000000eac00000, 0x00000000eac00000, 0x00000000ead00000|  0%| F|  |TAMS 0x00000000eac00000, 0x00000000eac00000| Untracked 
| 173|0x00000000ead00000, 0x00000000ead00000, 0x00000000eae00000|  0%| F|  |TAMS 0x00000000ead00000, 0x00000000ead00000| Untracked 
| 174|0x00000000eae00000, 0x00000000eae00000, 0x00000000eaf00000|  0%| F|  |TAMS 0x00000000eae00000, 0x00000000eae00000| Untracked 
| 175|0x00000000eaf00000, 0x00000000eaf00000, 0x00000000eb000000|  0%| F|  |TAMS 0x00000000eaf00000, 0x00000000eaf00000| Untracked 
| 176|0x00000000eb000000, 0x00000000eb000000, 0x00000000eb100000|  0%| F|  |TAMS 0x00000000eb000000, 0x00000000eb000000| Untracked 
| 177|0x00000000eb100000, 0x00000000eb100000, 0x00000000eb200000|  0%| F|  |TAMS 0x00000000eb100000, 0x00000000eb100000| Untracked 
| 178|0x00000000eb200000, 0x00000000eb200000, 0x00000000eb300000|  0%| F|  |TAMS 0x00000000eb200000, 0x00000000eb200000| Untracked 
| 179|0x00000000eb300000, 0x00000000eb300000, 0x00000000eb400000|  0%| F|  |TAMS 0x00000000eb300000, 0x00000000eb300000| Untracked 
| 180|0x00000000eb400000, 0x00000000eb400000, 0x00000000eb500000|  0%| F|  |TAMS 0x00000000eb400000, 0x00000000eb400000| Untracked 
| 181|0x00000000eb500000, 0x00000000eb500000, 0x00000000eb600000|  0%| F|  |TAMS 0x00000000eb500000, 0x00000000eb500000| Untracked 
| 182|0x00000000eb600000, 0x00000000eb600000, 0x00000000eb700000|  0%| F|  |TAMS 0x00000000eb600000, 0x00000000eb600000| Untracked 
| 183|0x00000000eb700000, 0x00000000eb700000, 0x00000000eb800000|  0%| F|  |TAMS 0x00000000eb700000, 0x00000000eb700000| Untracked 
| 184|0x00000000eb800000, 0x00000000eb800000, 0x00000000eb900000|  0%| F|  |TAMS 0x00000000eb800000, 0x00000000eb800000| Untracked 
| 185|0x00000000eb900000, 0x00000000eb900000, 0x00000000eba00000|  0%| F|  |TAMS 0x00000000eb900000, 0x00000000eb900000| Untracked 
| 186|0x00000000eba00000, 0x00000000eba00000, 0x00000000ebb00000|  0%| F|  |TAMS 0x00000000eba00000, 0x00000000eba00000| Untracked 
| 187|0x00000000ebb00000, 0x00000000ebb00000, 0x00000000ebc00000|  0%| F|  |TAMS 0x00000000ebb00000, 0x00000000ebb00000| Untracked 
| 188|0x00000000ebc00000, 0x00000000ebc00000, 0x00000000ebd00000|  0%| F|  |TAMS 0x00000000ebc00000, 0x00000000ebc00000| Untracked 
| 189|0x00000000ebd00000, 0x00000000ebd00000, 0x00000000ebe00000|  0%| F|  |TAMS 0x00000000ebd00000, 0x00000000ebd00000| Untracked 
| 190|0x00000000ebe00000, 0x00000000ebe00000, 0x00000000ebf00000|  0%| F|  |TAMS 0x00000000ebe00000, 0x00000000ebe00000| Untracked 
| 191|0x00000000ebf00000, 0x00000000ebf00000, 0x00000000ec000000|  0%| F|  |TAMS 0x00000000ebf00000, 0x00000000ebf00000| Untracked 
| 192|0x00000000ec000000, 0x00000000ec000000, 0x00000000ec100000|  0%| F|  |TAMS 0x00000000ec000000, 0x00000000ec000000| Untracked 
| 193|0x00000000ec100000, 0x00000000ec100000, 0x00000000ec200000|  0%| F|  |TAMS 0x00000000ec100000, 0x00000000ec100000| Untracked 
| 194|0x00000000ec200000, 0x00000000ec200000, 0x00000000ec300000|  0%| F|  |TAMS 0x00000000ec200000, 0x00000000ec200000| Untracked 
| 195|0x00000000ec300000, 0x00000000ec300000, 0x00000000ec400000|  0%| F|  |TAMS 0x00000000ec300000, 0x00000000ec300000| Untracked 
| 196|0x00000000ec400000, 0x00000000ec400000, 0x00000000ec500000|  0%| F|  |TAMS 0x00000000ec400000, 0x00000000ec400000| Untracked 
| 197|0x00000000ec500000, 0x00000000ec500000, 0x00000000ec600000|  0%| F|  |TAMS 0x00000000ec500000, 0x00000000ec500000| Untracked 
| 198|0x00000000ec600000, 0x00000000ec600000, 0x00000000ec700000|  0%| F|  |TAMS 0x00000000ec600000, 0x00000000ec600000| Untracked 
| 199|0x00000000ec700000, 0x00000000ec700000, 0x00000000ec800000|  0%| F|  |TAMS 0x00000000ec700000, 0x00000000ec700000| Untracked 
| 200|0x00000000ec800000, 0x00000000ec800000, 0x00000000ec900000|  0%| F|  |TAMS 0x00000000ec800000, 0x00000000ec800000| Untracked 
| 201|0x00000000ec900000, 0x00000000ec900000, 0x00000000eca00000|  0%| F|  |TAMS 0x00000000ec900000, 0x00000000ec900000| Untracked 
| 202|0x00000000eca00000, 0x00000000eca00000, 0x00000000ecb00000|  0%| F|  |TAMS 0x00000000eca00000, 0x00000000eca00000| Untracked 
| 203|0x00000000ecb00000, 0x00000000ecb00000, 0x00000000ecc00000|  0%| F|  |TAMS 0x00000000ecb00000, 0x00000000ecb00000| Untracked 
| 204|0x00000000ecc00000, 0x00000000ecc00000, 0x00000000ecd00000|  0%| F|  |TAMS 0x00000000ecc00000, 0x00000000ecc00000| Untracked 
| 205|0x00000000ecd00000, 0x00000000ecd00000, 0x00000000ece00000|  0%| F|  |TAMS 0x00000000ecd00000, 0x00000000ecd00000| Untracked 
| 206|0x00000000ece00000, 0x00000000ece00000, 0x00000000ecf00000|  0%| F|  |TAMS 0x00000000ece00000, 0x00000000ece00000| Untracked 
| 207|0x00000000ecf00000, 0x00000000ecf00000, 0x00000000ed000000|  0%| F|  |TAMS 0x00000000ecf00000, 0x00000000ecf00000| Untracked 
| 208|0x00000000ed000000, 0x00000000ed000000, 0x00000000ed100000|  0%| F|  |TAMS 0x00000000ed000000, 0x00000000ed000000| Untracked 
| 209|0x00000000ed100000, 0x00000000ed100000, 0x00000000ed200000|  0%| F|  |TAMS 0x00000000ed100000, 0x00000000ed100000| Untracked 
| 210|0x00000000ed200000, 0x00000000ed200000, 0x00000000ed300000|  0%| F|  |TAMS 0x00000000ed200000, 0x00000000ed200000| Untracked 
| 211|0x00000000ed300000, 0x00000000ed300000, 0x00000000ed400000|  0%| F|  |TAMS 0x00000000ed300000, 0x00000000ed300000| Untracked 
| 212|0x00000000ed400000, 0x00000000ed400000, 0x00000000ed500000|  0%| F|  |TAMS 0x00000000ed400000, 0x00000000ed400000| Untracked 
| 213|0x00000000ed500000, 0x00000000ed500000, 0x00000000ed600000|  0%| F|  |TAMS 0x00000000ed500000, 0x00000000ed500000| Untracked 
| 214|0x00000000ed600000, 0x00000000ed600000, 0x00000000ed700000|  0%| F|  |TAMS 0x00000000ed600000, 0x00000000ed600000| Untracked 
| 215|0x00000000ed700000, 0x00000000ed700000, 0x00000000ed800000|  0%| F|  |TAMS 0x00000000ed700000, 0x00000000ed700000| Untracked 
| 216|0x00000000ed800000, 0x00000000ed800000, 0x00000000ed900000|  0%| F|  |TAMS 0x00000000ed800000, 0x00000000ed800000| Untracked 
| 217|0x00000000ed900000, 0x00000000ed900000, 0x00000000eda00000|  0%| F|  |TAMS 0x00000000ed900000, 0x00000000ed900000| Untracked 
| 218|0x00000000eda00000, 0x00000000eda00000, 0x00000000edb00000|  0%| F|  |TAMS 0x00000000eda00000, 0x00000000eda00000| Untracked 
| 219|0x00000000edb00000, 0x00000000edb00000, 0x00000000edc00000|  0%| F|  |TAMS 0x00000000edb00000, 0x00000000edb00000| Untracked 
| 220|0x00000000edc00000, 0x00000000edc00000, 0x00000000edd00000|  0%| F|  |TAMS 0x00000000edc00000, 0x00000000edc00000| Untracked 
| 221|0x00000000edd00000, 0x00000000edd00000, 0x00000000ede00000|  0%| F|  |TAMS 0x00000000edd00000, 0x00000000edd00000| Untracked 
| 222|0x00000000ede00000, 0x00000000ede00000, 0x00000000edf00000|  0%| F|  |TAMS 0x00000000ede00000, 0x00000000ede00000| Untracked 
| 223|0x00000000edf00000, 0x00000000edf00000, 0x00000000ee000000|  0%| F|  |TAMS 0x00000000edf00000, 0x00000000edf00000| Untracked 
| 224|0x00000000ee000000, 0x00000000ee000000, 0x00000000ee100000|  0%| F|  |TAMS 0x00000000ee000000, 0x00000000ee000000| Untracked 
| 225|0x00000000ee100000, 0x00000000ee100000, 0x00000000ee200000|  0%| F|  |TAMS 0x00000000ee100000, 0x00000000ee100000| Untracked 
| 226|0x00000000ee200000, 0x00000000ee2b0858, 0x00000000ee300000| 68%| E|  |TAMS 0x00000000ee200000, 0x00000000ee200000| Complete 
| 227|0x00000000ee300000, 0x00000000ee400000, 0x00000000ee400000|100%| E|CS|TAMS 0x00000000ee300000, 0x00000000ee300000| Complete 
| 228|0x00000000ee400000, 0x00000000ee500000, 0x00000000ee500000|100%| E|CS|TAMS 0x00000000ee400000, 0x00000000ee400000| Complete 
| 229|0x00000000ee500000, 0x00000000ee600000, 0x00000000ee600000|100%| E|CS|TAMS 0x00000000ee500000, 0x00000000ee500000| Complete 
| 230|0x00000000ee600000, 0x00000000ee700000, 0x00000000ee700000|100%| E|CS|TAMS 0x00000000ee600000, 0x00000000ee600000| Complete 
| 231|0x00000000ee700000, 0x00000000ee800000, 0x00000000ee800000|100%| E|CS|TAMS 0x00000000ee700000, 0x00000000ee700000| Complete 
| 232|0x00000000ee800000, 0x00000000ee900000, 0x00000000ee900000|100%| E|CS|TAMS 0x00000000ee800000, 0x00000000ee800000| Complete 
| 233|0x00000000ee900000, 0x00000000eea00000, 0x00000000eea00000|100%| E|CS|TAMS 0x00000000ee900000, 0x00000000ee900000| Complete 
| 234|0x00000000eea00000, 0x00000000eeb00000, 0x00000000eeb00000|100%| E|CS|TAMS 0x00000000eea00000, 0x00000000eea00000| Complete 
| 235|0x00000000eeb00000, 0x00000000eec00000, 0x00000000eec00000|100%| E|CS|TAMS 0x00000000eeb00000, 0x00000000eeb00000| Complete 
| 236|0x00000000eec00000, 0x00000000eed00000, 0x00000000eed00000|100%| E|CS|TAMS 0x00000000eec00000, 0x00000000eec00000| Complete 
| 237|0x00000000eed00000, 0x00000000eee00000, 0x00000000eee00000|100%| E|CS|TAMS 0x00000000eed00000, 0x00000000eed00000| Complete 
| 238|0x00000000eee00000, 0x00000000eef00000, 0x00000000eef00000|100%| E|CS|TAMS 0x00000000eee00000, 0x00000000eee00000| Complete 
| 239|0x00000000eef00000, 0x00000000ef000000, 0x00000000ef000000|100%| E|CS|TAMS 0x00000000eef00000, 0x00000000eef00000| Complete 
| 240|0x00000000ef000000, 0x00000000ef100000, 0x00000000ef100000|100%| E|CS|TAMS 0x00000000ef000000, 0x00000000ef000000| Complete 
| 241|0x00000000ef100000, 0x00000000ef200000, 0x00000000ef200000|100%| E|CS|TAMS 0x00000000ef100000, 0x00000000ef100000| Complete 
| 242|0x00000000ef200000, 0x00000000ef300000, 0x00000000ef300000|100%| E|CS|TAMS 0x00000000ef200000, 0x00000000ef200000| Complete 
| 243|0x00000000ef300000, 0x00000000ef400000, 0x00000000ef400000|100%| E|CS|TAMS 0x00000000ef300000, 0x00000000ef300000| Complete 
| 244|0x00000000ef400000, 0x00000000ef500000, 0x00000000ef500000|100%| E|CS|TAMS 0x00000000ef400000, 0x00000000ef400000| Complete 
| 245|0x00000000ef500000, 0x00000000ef600000, 0x00000000ef600000|100%| E|CS|TAMS 0x00000000ef500000, 0x00000000ef500000| Complete 
| 246|0x00000000ef600000, 0x00000000ef700000, 0x00000000ef700000|100%| E|CS|TAMS 0x00000000ef600000, 0x00000000ef600000| Complete 
| 247|0x00000000ef700000, 0x00000000ef800000, 0x00000000ef800000|100%| E|CS|TAMS 0x00000000ef700000, 0x00000000ef700000| Complete 
| 248|0x00000000ef800000, 0x00000000ef900000, 0x00000000ef900000|100%| E|CS|TAMS 0x00000000ef800000, 0x00000000ef800000| Complete 
| 249|0x00000000ef900000, 0x00000000efa00000, 0x00000000efa00000|100%| E|CS|TAMS 0x00000000ef900000, 0x00000000ef900000| Complete 
| 250|0x00000000efa00000, 0x00000000efb00000, 0x00000000efb00000|100%| E|CS|TAMS 0x00000000efa00000, 0x00000000efa00000| Complete 
| 251|0x00000000efb00000, 0x00000000efc00000, 0x00000000efc00000|100%| E|CS|TAMS 0x00000000efb00000, 0x00000000efb00000| Complete 
| 252|0x00000000efc00000, 0x00000000efd00000, 0x00000000efd00000|100%| E|CS|TAMS 0x00000000efc00000, 0x00000000efc00000| Complete 
| 253|0x00000000efd00000, 0x00000000efe00000, 0x00000000efe00000|100%| E|CS|TAMS 0x00000000efd00000, 0x00000000efd00000| Complete 
| 254|0x00000000efe00000, 0x00000000eff00000, 0x00000000eff00000|100%| E|CS|TAMS 0x00000000efe00000, 0x00000000efe00000| Complete 
| 255|0x00000000eff00000, 0x00000000f0000000, 0x00000000f0000000|100%| E|CS|TAMS 0x00000000eff00000, 0x00000000eff00000| Complete 

Card table byte_map: [0x00000251e2840000,0x00000251e2940000] _byte_map_base: 0x00000251e2140000

Marking Bits (Prev, Next): (CMBitMap*) 0x00000251cbd47530, (CMBitMap*) 0x00000251cbd474f8
 Prev Bits: [0x00000251e3240000, 0x00000251e3a40000)
 Next Bits: [0x00000251e2a40000, 0x00000251e3240000)

Polling page: 0x00000251c9d00000

Metaspace:

Usage:
  Non-class:     56.68 MB capacity,    54.99 MB ( 97%) used,     1.43 MB (  3%) free+waste,   270.94 KB ( <1%) overhead. 
      Class:      9.20 MB capacity,     8.22 MB ( 89%) used,   874.22 KB (  9%) free+waste,   131.19 KB (  1%) overhead. 
       Both:     65.88 MB capacity,    63.21 MB ( 96%) used,     2.28 MB (  3%) free+waste,   402.12 KB ( <1%) overhead. 

Virtual space:
  Non-class space:       58.00 MB reserved,      56.87 MB ( 98%) committed 
      Class space:      376.00 MB reserved,       9.25 MB (  2%) committed 
             Both:      434.00 MB reserved,      66.12 MB ( 15%) committed 

Chunk freelists:
   Non-Class:  384 bytes
       Class:  0 bytes
        Both:  384 bytes

CodeHeap 'non-profiled nmethods': size=120000Kb used=5719Kb max_used=5719Kb free=114280Kb
 bounds [0x00000251daee0000, 0x00000251db480000, 0x00000251e2410000]
CodeHeap 'profiled nmethods': size=120000Kb used=23333Kb max_used=23333Kb free=96666Kb
 bounds [0x00000251d39b0000, 0x00000251d5080000, 0x00000251daee0000]
CodeHeap 'non-nmethods': size=5760Kb used=2244Kb max_used=2315Kb free=3515Kb
 bounds [0x00000251d3410000, 0x00000251d3680000, 0x00000251d39b0000]
 total_blobs=11074 nmethods=10242 adapters=743
 compilation: enabled
              stopped_count=0, restarted_count=0
 full_count=0

Compilation events (10 events):
Event: 38.197 Thread 0x00000251e6d3a000 10308       3       org.gradle.execution.plan.ExecutionNodeAccessHierarchy$CollectingNodeAccessVisitor::getResult (5 bytes)
Event: 38.197 Thread 0x00000251e6d3a000 nmethod 10308 0x00000251d5060d90 code [0x00000251d5060f40, 0x00000251d50611c8]
Event: 38.197 Thread 0x00000251e6d3a000 10309       3       org.gradle.execution.plan.ExecutionNodeAccessHierarchy$CollectingNodeAccessVisitor::getResult (8 bytes)
Event: 38.197 Thread 0x00000251e6d3a000 nmethod 10309 0x00000251d5061290 code [0x00000251d5061440, 0x00000251d5061608]
Event: 38.198 Thread 0x00000251e6d3a000 10311       3       java.io.File::toString (5 bytes)
Event: 38.198 Thread 0x00000251e6d3a000 nmethod 10311 0x00000251d5061710 code [0x00000251d50618a0, 0x00000251d50619b8]
Event: 38.198 Thread 0x00000251e6d3a000 10312       3       java.lang.ProcessEnvironment$EntryComparator::compare (13 bytes)
Event: 38.198 Thread 0x00000251e6d3a000 nmethod 10312 0x00000251d5061a90 code [0x00000251d5061c80, 0x00000251d5062388]
Event: 38.198 Thread 0x00000251e6d3a000 10313       3       java.lang.ProcessEnvironment$EntryComparator::compare (25 bytes)
Event: 38.199 Thread 0x00000251e6d3a000 nmethod 10313 0x00000251d5062590 code [0x00000251d5062760, 0x00000251d5062c08]

GC Heap History (10 events):
Event: 9.928 GC heap before
{Heap before GC invocations=7 (full 0):
 garbage-first heap   total 262144K, used 164749K [0x00000000e0000000, 0x0000000100000000)
  region size 1024K, 137 young (140288K), 6 survivors (6144K)
 Metaspace       used 47009K, capacity 48285K, committed 48508K, reserved 428032K
  class space    used 6132K, capacity 6632K, committed 6656K, reserved 385024K
}
Event: 9.940 GC heap after
{Heap after GC invocations=8 (full 0):
 garbage-first heap   total 262144K, used 32637K [0x00000000e0000000, 0x0000000100000000)
  region size 1024K, 14 young (14336K), 14 survivors (14336K)
 Metaspace       used 47009K, capacity 48285K, committed 48508K, reserved 428032K
  class space    used 6132K, capacity 6632K, committed 6656K, reserved 385024K
}
Event: 11.508 GC heap before
{Heap before GC invocations=9 (full 0):
 garbage-first heap   total 262144K, used 174973K [0x00000000e0000000, 0x0000000100000000)
  region size 1024K, 153 young (156672K), 14 survivors (14336K)
 Metaspace       used 55876K, capacity 57844K, committed 58108K, reserved 436224K
  class space    used 7479K, capacity 8244K, committed 8320K, reserved 385024K
}
Event: 11.522 GC heap after
{Heap after GC invocations=10 (full 0):
 garbage-first heap   total 262144K, used 39941K [0x00000000e0000000, 0x0000000100000000)
  region size 1024K, 17 young (17408K), 17 survivors (17408K)
 Metaspace       used 55876K, capacity 57844K, committed 58108K, reserved 436224K
  class space    used 7479K, capacity 8244K, committed 8320K, reserved 385024K
}
Event: 15.706 GC heap before
{Heap before GC invocations=10 (full 0):
 garbage-first heap   total 262144K, used 178181K [0x00000000e0000000, 0x0000000100000000)
  region size 1024K, 153 young (156672K), 17 survivors (17408K)
 Metaspace       used 61121K, capacity 63507K, committed 63740K, reserved 440320K
  class space    used 8122K, capacity 8999K, committed 9088K, reserved 385024K
}
Event: 15.725 GC heap after
{Heap after GC invocations=11 (full 0):
 garbage-first heap   total 262144K, used 49003K [0x00000000e0000000, 0x0000000100000000)
  region size 1024K, 17 young (17408K), 17 survivors (17408K)
 Metaspace       used 61121K, capacity 63507K, committed 63740K, reserved 440320K
  class space    used 8122K, capacity 8999K, committed 9088K, reserved 385024K
}
Event: 31.889 GC heap before
{Heap before GC invocations=11 (full 0):
 garbage-first heap   total 262144K, used 187243K [0x00000000e0000000, 0x0000000100000000)
  region size 1024K, 153 young (156672K), 17 survivors (17408K)
 Metaspace       used 63953K, capacity 66662K, committed 66940K, reserved 444416K
  class space    used 8411K, capacity 9414K, committed 9472K, reserved 385024K
}
Event: 31.908 GC heap after
{Heap after GC invocations=12 (full 0):
 garbage-first heap   total 262144K, used 53248K [0x00000000e0000000, 0x0000000100000000)
  region size 1024K, 13 young (13312K), 13 survivors (13312K)
 Metaspace       used 63953K, capacity 66662K, committed 66940K, reserved 444416K
  class space    used 8411K, capacity 9414K, committed 9472K, reserved 385024K
}
Event: 37.952 GC heap before
{Heap before GC invocations=12 (full 0):
 garbage-first heap   total 262144K, used 195584K [0x00000000e0000000, 0x0000000100000000)
  region size 1024K, 153 young (156672K), 13 survivors (13312K)
 Metaspace       used 64637K, capacity 67323K, committed 67452K, reserved 444416K
  class space    used 8419K, capacity 9424K, committed 9472K, reserved 385024K
}
Event: 37.963 GC heap after
{Heap after GC invocations=13 (full 0):
 garbage-first heap   total 262144K, used 54795K [0x00000000e0000000, 0x0000000100000000)
  region size 1024K, 9 young (9216K), 9 survivors (9216K)
 Metaspace       used 64637K, capacity 67323K, committed 67452K, reserved 444416K
  class space    used 8419K, capacity 9424K, committed 9472K, reserved 385024K
}

Deoptimization events (10 events):
Event: 32.132 Thread 0x00000251e7acc000 Uncommon trap: reason=bimorphic_or_optimized_type_check action=maybe_recompile pc=0x00000251db3a8850 method=java.util.Collections$SetFromMap.remove(Ljava/lang/Object;)Z @ 5 c2
Event: 32.454 Thread 0x00000251e841b800 Uncommon trap: reason=class_check action=maybe_recompile pc=0x00000251db2b6404 method=java.io.BufferedInputStream.read1([BII)I @ 39 c2
Event: 32.561 Thread 0x00000251ed187800 Uncommon trap: reason=unstable_if action=reinterpret pc=0x00000251db34aeec method=java.io.ObjectStreamClass.hasWriteReplaceMethod()Z @ 8 c2
Event: 32.638 Thread 0x00000251ed183800 Uncommon trap: reason=unstable_if action=reinterpret pc=0x00000251db312100 method=com.esotericsoftware.kryo.io.Input.require(I)I @ 180 c2
Event: 36.834 Thread 0x00000251e6e9a000 Uncommon trap: reason=bimorphic_or_optimized_type_check action=maybe_recompile pc=0x00000251db2f56f8 method=java.util.stream.MatchOps$MatchOp.evaluateSequential(Ljava/util/stream/PipelineHelper;Ljava/util/Spliterator;)Ljava/lang/Boolean; @ 14 c2
Event: 36.916 Thread 0x00000251e6e9a000 Uncommon trap: reason=unstable_if action=reinterpret pc=0x00000251db30c05c method=org.gradle.api.internal.artifacts.dependencies.DefaultImmutableVersionConstraint.<init>(Ljava/lang/String;Ljava/lang/String;Ljava/lang/String;Ljava/util/List;Ljava/lang/Stri
Event: 37.056 Thread 0x00000251ef5ad000 Uncommon trap: reason=profile_predicate action=maybe_recompile pc=0x00000251db40886c method=java.util.regex.Pattern$CharPropertyGreedy.match(Ljava/util/regex/Matcher;ILjava/lang/CharSequence;)Z @ 12 c2
Event: 37.056 Thread 0x00000251ef5ad000 Uncommon trap: reason=profile_predicate action=maybe_recompile pc=0x00000251db40886c method=java.util.regex.Pattern$CharPropertyGreedy.match(Ljava/util/regex/Matcher;ILjava/lang/CharSequence;)Z @ 12 c2
Event: 37.066 Thread 0x00000251ef5ad000 Uncommon trap: reason=profile_predicate action=maybe_recompile pc=0x00000251db40886c method=java.util.regex.Pattern$CharPropertyGreedy.match(Ljava/util/regex/Matcher;ILjava/lang/CharSequence;)Z @ 12 c2
Event: 37.066 Thread 0x00000251ef5ad000 Uncommon trap: reason=profile_predicate action=maybe_recompile pc=0x00000251db40886c method=java.util.regex.Pattern$CharPropertyGreedy.match(Ljava/util/regex/Matcher;ILjava/lang/CharSequence;)Z @ 12 c2

Classes redefined (0 events):
No events

Internal exceptions (10 events):
Event: 30.826 Thread 0x00000251e6e9a000 Exception <a 'sun/nio/fs/WindowsException'{0x00000000ec1f1da8}> (0x00000000ec1f1da8) thrown at [./open/src/hotspot/share/prims/jni.cpp, line 611]
Event: 30.827 Thread 0x00000251e6e9a000 Exception <a 'sun/nio/fs/WindowsException'{0x00000000ec1f32d8}> (0x00000000ec1f32d8) thrown at [./open/src/hotspot/share/prims/jni.cpp, line 611]
Event: 30.984 Thread 0x00000251e6e9a000 Exception <a 'java/lang/NoClassDefFoundError'{0x00000000ebb6afe8}: org/jetbrains/kotlin/gradle/plugin/KotlinPluginWrapper> (0x00000000ebb6afe8) thrown at [./open/src/hotspot/share/oops/constantPool.cpp, line 770]
Event: 31.029 Thread 0x00000251e7acc000 Exception <a 'java/lang/NoSuchMethodError'{0x00000000eb926e28}: java.lang.invoke.DirectMethodHandle$Holder.invokeSpecial(Ljava/lang/Object;Ljava/lang/Object;Ljava/lang/Object;Ljava/lang/Object;Ljava/lang/Object;)I> (0x00000000eb926e28) thrown at [./open/s
Event: 32.560 Thread 0x00000251e7acc000 Exception <a 'java/lang/reflect/InvocationTargetException'{0x00000000ed3f8798}> (0x00000000ed3f8798) thrown at [./open/src/hotspot/share/runtime/reflection.cpp, line 1240]
Event: 36.870 Thread 0x00000251e6e9a000 Exception <a 'sun/nio/fs/WindowsException'{0x00000000ecc63890}> (0x00000000ecc63890) thrown at [./open/src/hotspot/share/prims/jni.cpp, line 611]
Event: 36.870 Thread 0x00000251e6e9a000 Exception <a 'sun/nio/fs/WindowsException'{0x00000000ecc64de8}> (0x00000000ecc64de8) thrown at [./open/src/hotspot/share/prims/jni.cpp, line 611]
Event: 36.870 Thread 0x00000251e6e9a000 Exception <a 'sun/nio/fs/WindowsException'{0x00000000ecc66340}> (0x00000000ecc66340) thrown at [./open/src/hotspot/share/prims/jni.cpp, line 611]
Event: 36.870 Thread 0x00000251e6e9a000 Exception <a 'sun/nio/fs/WindowsException'{0x00000000ecc67870}> (0x00000000ecc67870) thrown at [./open/src/hotspot/share/prims/jni.cpp, line 611]
Event: 36.987 Thread 0x00000251e6e9a000 Exception <a 'java/lang/NoClassDefFoundError'{0x00000000ec8d5d80}: org/jetbrains/kotlin/gradle/plugin/KotlinPluginWrapper> (0x00000000ec8d5d80) thrown at [./open/src/hotspot/share/oops/constantPool.cpp, line 770]

Events (10 events):
Event: 38.076 Executing VM operation: RevokeBias done
Event: 38.103 Thread 0x00000251ed63f000 Thread added: 0x00000251ed63f000
Event: 38.110 Thread 0x00000251ed641800 Thread added: 0x00000251ed641800
Event: 38.129 Thread 0x00000251ed63c000 Thread added: 0x00000251ed63c000
Event: 38.137 Thread 0x00000251ef5b1000 DEOPT PACKING pc=0x00000251d49d8b4f sp=0x00000055953f9820
Event: 38.137 Thread 0x00000251ef5b1000 DEOPT UNPACKING pc=0x00000251d3436d5e sp=0x00000055953f8cf0 mode 0
Event: 38.153 Thread 0x00000251ed63c800 Thread added: 0x00000251ed63c800
Event: 38.194 Executing VM operation: RevokeBias
Event: 38.194 Executing VM operation: RevokeBias done
Event: 38.204 Thread 0x00000251ed63e800 Thread added: 0x00000251ed63e800


Dynamic libraries:
0x00007ff6d59a0000 - 0x00007ff6d59b0000 	C:\Program Files\Java\jdk-11\bin\java.exe
0x00007fff8e180000 - 0x00007fff8e389000 	C:\WINDOWS\SYSTEM32\ntdll.dll
0x00007fff8d660000 - 0x00007fff8d71d000 	C:\WINDOWS\System32\KERNEL32.DLL
0x00007fff8b760000 - 0x00007fff8bae4000 	C:\WINDOWS\System32\KERNELBASE.dll
0x00007fff8b610000 - 0x00007fff8b721000 	C:\WINDOWS\System32\ucrtbase.dll
0x00007fff79a50000 - 0x00007fff79a69000 	C:\Program Files\Java\jdk-11\bin\jli.dll
0x00007fff79a00000 - 0x00007fff79a1b000 	C:\Program Files\Java\jdk-11\bin\VCRUNTIME140.dll
0x00007fff8c360000 - 0x00007fff8c40e000 	C:\WINDOWS\System32\ADVAPI32.dll
0x00007fff8c090000 - 0x00007fff8c133000 	C:\WINDOWS\System32\msvcrt.dll
0x00007fff8d220000 - 0x00007fff8d2be000 	C:\WINDOWS\System32\sechost.dll
0x00007fff8c140000 - 0x00007fff8c261000 	C:\WINDOWS\System32\RPCRT4.dll
0x00007fff8c840000 - 0x00007fff8c9ed000 	C:\WINDOWS\System32\USER32.dll
0x00007fff8b730000 - 0x00007fff8b756000 	C:\WINDOWS\System32\win32u.dll
0x00007fff8dca0000 - 0x00007fff8dcca000 	C:\WINDOWS\System32\GDI32.dll
0x00007fff7cee0000 - 0x00007fff7d185000 	C:\WINDOWS\WinSxS\amd64_microsoft.windows.common-controls_6595b64144ccf1df_6.0.22000.120_none_9d947278b86cc467\COMCTL32.dll
0x00007fff8beb0000 - 0x00007fff8bfce000 	C:\WINDOWS\System32\gdi32full.dll
0x00007fff8be10000 - 0x00007fff8bead000 	C:\WINDOWS\System32\msvcp_win.dll
0x00007fff83bb0000 - 0x00007fff83bba000 	C:\WINDOWS\SYSTEM32\VERSION.dll
0x00007fff8c790000 - 0x00007fff8c7c1000 	C:\WINDOWS\System32\IMM32.DLL
0x00007fff77e10000 - 0x00007fff77e1c000 	C:\Program Files\Java\jdk-11\bin\vcruntime140_1.dll
0x00007fff6aac0000 - 0x00007fff6ab4e000 	C:\Program Files\Java\jdk-11\bin\msvcp140.dll
0x00007fff525a0000 - 0x00007fff5310d000 	C:\Program Files\Java\jdk-11\bin\server\jvm.dll
0x00007fff8c000000 - 0x00007fff8c008000 	C:\WINDOWS\System32\PSAPI.DLL
0x00007fff7ac30000 - 0x00007fff7ac39000 	C:\WINDOWS\SYSTEM32\WSOCK32.dll
0x00007fff83da0000 - 0x00007fff83dd3000 	C:\WINDOWS\SYSTEM32\WINMM.dll
0x00007fff8c020000 - 0x00007fff8c08f000 	C:\WINDOWS\System32\WS2_32.dll
0x00007fff8a680000 - 0x00007fff8a698000 	C:\WINDOWS\SYSTEM32\kernel.appcore.dll
0x00007fff6c910000 - 0x00007fff6c920000 	C:\Program Files\Java\jdk-11\bin\verify.dll
0x00007fff89240000 - 0x00007fff89461000 	C:\WINDOWS\SYSTEM32\DBGHELP.DLL
0x00007fff75c00000 - 0x00007fff75c31000 	C:\WINDOWS\SYSTEM32\dbgcore.DLL
0x00007fff8bd90000 - 0x00007fff8be0f000 	C:\WINDOWS\System32\bcryptPrimitives.dll
0x00007fff6c0d0000 - 0x00007fff6c0f8000 	C:\Program Files\Java\jdk-11\bin\java.dll
0x00007fff6c900000 - 0x00007fff6c90a000 	C:\Program Files\Java\jdk-11\bin\jimage.dll
0x00007fff6bfc0000 - 0x00007fff6bfce000 	C:\Program Files\Java\jdk-11\bin\instrument.dll
0x00007fff6b120000 - 0x00007fff6b137000 	C:\Program Files\Java\jdk-11\bin\zip.dll
0x00007fff8ca50000 - 0x00007fff8d215000 	C:\WINDOWS\System32\SHELL32.dll
0x00007fff896e0000 - 0x00007fff89f42000 	C:\WINDOWS\SYSTEM32\windows.storage.dll
0x00007fff8c410000 - 0x00007fff8c786000 	C:\WINDOWS\System32\combase.dll
0x00007fff89570000 - 0x00007fff896d7000 	C:\WINDOWS\SYSTEM32\wintypes.dll
0x00007fff8c270000 - 0x00007fff8c35a000 	C:\WINDOWS\System32\SHCORE.dll
0x00007fff8c9f0000 - 0x00007fff8ca4d000 	C:\WINDOWS\System32\shlwapi.dll
0x00007fff8b540000 - 0x00007fff8b565000 	C:\WINDOWS\SYSTEM32\profapi.dll
0x00007fff6b100000 - 0x00007fff6b119000 	C:\Program Files\Java\jdk-11\bin\net.dll
0x00007fff83650000 - 0x00007fff83764000 	C:\WINDOWS\SYSTEM32\WINHTTP.dll
0x00007fff8aba0000 - 0x00007fff8ac07000 	C:\WINDOWS\system32\mswsock.dll
0x00007fff6b0e0000 - 0x00007fff6b0f2000 	C:\Program Files\Java\jdk-11\bin\nio.dll
0x00007fff6aa90000 - 0x00007fff6aab7000 	C:\Users\LG\.gradle\native\68d5fa5c4cc2d200863cafc0d521ce42e7d3e7ee720ec0a83991735586a16f82\windows-amd64\native-platform.dll
0x00007fff551d0000 - 0x00007fff55314000 	C:\Users\LG\.gradle\native\e376f236ea51e6404a007f0833ffe2c6e607c4080706a723a18a27aeea778392\windows-amd64\native-platform-file-events.dll
0x00007fff6b0d0000 - 0x00007fff6b0d9000 	C:\Program Files\Java\jdk-11\bin\management.dll
0x00007fff6aeb0000 - 0x00007fff6aebb000 	C:\Program Files\Java\jdk-11\bin\management_ext.dll
0x00007fff8ae20000 - 0x00007fff8ae38000 	C:\WINDOWS\SYSTEM32\CRYPTSP.dll
0x00007fff8a5e0000 - 0x00007fff8a615000 	C:\WINDOWS\system32\rsaenh.dll
0x00007fff8acc0000 - 0x00007fff8acec000 	C:\WINDOWS\SYSTEM32\USERENV.dll
0x00007fff8afe0000 - 0x00007fff8b007000 	C:\WINDOWS\SYSTEM32\bcrypt.dll
0x00007fff8ae10000 - 0x00007fff8ae1c000 	C:\WINDOWS\SYSTEM32\CRYPTBASE.dll
0x00007fff8a1a0000 - 0x00007fff8a1cd000 	C:\WINDOWS\SYSTEM32\IPHLPAPI.DLL
0x00007fff8dcd0000 - 0x00007fff8dcd9000 	C:\WINDOWS\System32\NSI.dll
0x00007fff83bc0000 - 0x00007fff83bd9000 	C:\WINDOWS\SYSTEM32\dhcpcsvc6.DLL
0x00007fff83de0000 - 0x00007fff83dfe000 	C:\WINDOWS\SYSTEM32\dhcpcsvc.DLL
0x00007fff8a210000 - 0x00007fff8a2f7000 	C:\WINDOWS\SYSTEM32\DNSAPI.dll

dbghelp: loaded successfully - version: 4.0.5 - missing functions: none
symbol engine: initialized successfully - sym options: 0x614 - pdb path: .;C:\Program Files\Java\jdk-11\bin;C:\WINDOWS\SYSTEM32;C:\WINDOWS\WinSxS\amd64_microsoft.windows.common-controls_6595b64144ccf1df_6.0.22000.120_none_9d947278b86cc467;C:\Program Files\Java\jdk-11\bin\server;C:\Users\LG\.gradle\native\68d5fa5c4cc2d200863cafc0d521ce42e7d3e7ee720ec0a83991735586a16f82\windows-amd64;C:\Users\LG\.gradle\native\e376f236ea51e6404a007f0833ffe2c6e607c4080706a723a18a27aeea778392\windows-amd64

VM Arguments:
jvm_args: --add-opens=java.base/java.util=ALL-UNNAMED --add-opens=java.base/java.lang=ALL-UNNAMED --add-opens=java.base/java.lang.invoke=ALL-UNNAMED --add-opens=java.prefs/java.util.prefs=ALL-UNNAMED --add-opens=java.base/java.nio.charset=ALL-UNNAMED --add-opens=java.base/java.net=ALL-UNNAMED --add-opens=java.base/java.util.concurrent.atomic=ALL-UNNAMED -XX:MaxMetaspaceSize=384m -XX:+HeapDumpOnOutOfMemoryError -Xms256m -Xmx512m -Dfile.encoding=x-windows-949 -Duser.country=KR -Duser.language=ko -Duser.variant -javaagent:C:\Users\LG\.gradle\wrapper\dists\gradle-8.2.1-bin\5hap6b9n41hkg4jeh2au2pllh\gradle-8.2.1\lib\agents\gradle-instrumentation-agent-8.2.1.jar 
java_command: org.gradle.launcher.daemon.bootstrap.GradleDaemon 8.2.1
java_class_path (initial): C:\Users\LG\.gradle\wrapper\dists\gradle-8.2.1-bin\5hap6b9n41hkg4jeh2au2pllh\gradle-8.2.1\lib\gradle-launcher-8.2.1.jar
Launcher Type: SUN_STANDARD

[Global flags]
     intx CICompilerCount                          = 4                                         {product} {ergonomic}
   size_t CompressedClassSpaceSize                 = 394264576                                 {product} {ergonomic}
     uint ConcGCThreads                            = 2                                         {product} {ergonomic}
     uint G1ConcRefinementThreads                  = 8                                         {product} {ergonomic}
   size_t G1HeapRegionSize                         = 1048576                                   {product} {ergonomic}
    uintx GCDrainStackTargetSize                   = 64                                        {product} {ergonomic}
     bool HeapDumpOnOutOfMemoryError               = true                                   {manageable} {command line}
   size_t InitialHeapSize                          = 268435456                                 {product} {command line}
   size_t MarkStackSize                            = 4194304                                   {product} {ergonomic}
   size_t MaxHeapSize                              = 536870912                                 {product} {command line}
   size_t MaxMetaspaceSize                         = 402653184                                 {product} {command line}
   size_t MaxNewSize                               = 321912832                                 {product} {ergonomic}
   size_t MinHeapDeltaBytes                        = 1048576                                   {product} {ergonomic}
    uintx NonNMethodCodeHeapSize                   = 5836300                                {pd product} {ergonomic}
    uintx NonProfiledCodeHeapSize                  = 122910970                              {pd product} {ergonomic}
    uintx ProfiledCodeHeapSize                     = 122910970                              {pd product} {ergonomic}
    uintx ReservedCodeCacheSize                    = 251658240                              {pd product} {ergonomic}
     bool SegmentedCodeCache                       = true                                      {product} {ergonomic}
     bool UseCompressedClassPointers               = true                                 {lp64_product} {ergonomic}
     bool UseCompressedOops                        = true                                 {lp64_product} {ergonomic}
     bool UseG1GC                                  = true                                      {product} {ergonomic}
     bool UseLargePagesIndividualAllocation        = false                                  {pd product} {ergonomic}

Logging:
Log output configuration:
 #0: stdout all=warning uptime,level,tags
 #1: stderr all=off uptime,level,tags

Environment Variables:
JAVA_HOME=C:\jdk-11.0.2
CLASSPATH=C:\jdk-11.0.2\lib
PATH=C:\jdk-11.0.2\bin;C:\jdk-11.0.2;C:\Program Files\Eclipse Adoptium\jdk-8.0.382.5-hotspot\bin;C:\oraclexe\app\oracle\product\10.2.0\server\bin;C:\Program Files (x86)\Common Files\Oracle\Java\javapath;C:\Program Files (x86)\Intel\iCLS Client\;C:\Program Files\Intel\iCLS Client\;C:\windows\system32;C:\windows;C:\windows\System32\Wbem;C:\windows\System32\WindowsPowerShell\v1.0\;C:\Program Files (x86)\Intel\Intel(R) Management Engine Components\DAL;C:\Program Files\Intel\Intel(R) Management Engine Components\DAL;C:\Program Files (x86)\Intel\Intel(R) Management Engine Components\IPT;C:\Program Files\Intel\Intel(R) Management Engine Components\IPT;C:\Program Files\Intel\WiFi\bin\;C:\Program Files\Common Files\Intel\WirelessCommon\;C:\Program Files (x86)\NVIDIA Corporation\PhysX\Common;C:\Program Files (x86)\Skype\Phone\;C:\WINDOWS\system32;C:\WINDOWS;C:\WINDOWS\System32\Wbem;C:\WINDOWS\System32\WindowsPowerShell\v1.0\;C:\WINDOWS\System32\OpenSSH\;C:\Program Files\nodejs\;D:\openssl-0.9.8e_X64\bin;C:\ProgramData\chocolatey\bin;C:\ProgramData\chocolatey\lib\maven\apache-maven-3.9.4\bin;C:\Program Files\Git\cmd;C:\Program Files\MariaDB 10.11\bin;D:\Scripts\;D:\;C:\Users\LG\AppData\Local\Microsoft\WindowsApps;C:\Users\LG\AppData\Local\afreeca;C:\altera\13.1\modelsim_ase\win32aloem;D:\PyCharm Community Edition 2022.1.3\bin;;C:\Users\LG\AppData\Local\Programs\Microsoft VS Code\bin;C:\Users\LG\AppData\Roaming\npm;C:\Program Files\Java\jdk-1.8\bin;D:\IntelliJ IDEA Community Edition 2023.1.3\bin;;
USERNAME=LG
OS=Windows_NT
PROCESSOR_IDENTIFIER=Intel64 Family 6 Model 142 Stepping 10, GenuineIntel



---------------  S Y S T E M  ---------------

OS: Windows 11 , 64 bit Build 22000 (10.0.22000.2538)

CPU:total 8 (initial active 8) (4 cores per cpu, 2 threads per core) family 6 model 142 stepping 10 microcode 0xe0, cmov, cx8, fxsr, mmx, sse, sse2, sse3, ssse3, sse4.1, sse4.2, popcnt, avx, avx2, aes, clmul, erms, 3dnowpref, lzcnt, ht, tsc, tscinvbit, bmi1, bmi2, adx, fma

Memory: 4k page, system-wide physical 8101M (905M free)
TotalPageFile size 16293M (AvailPageFile size 9M)
current process WorkingSet (physical memory assigned to process): 452M, peak: 458M
current process commit charge ("private bytes"): 538M, peak: 548M

vm_info: Java HotSpot(TM) 64-Bit Server VM (11.0.20+9-LTS-256) for windows-amd64 JRE (11.0.20+9-LTS-256), built on Jun 14 2023 10:34:22 by "mach5one" with MS VC++ 17.1 (VS2022)

END.
