#
# There is insufficient memory for the Java Runtime Environment to continue.
# Native memory allocation (malloc) failed to allocate 1053136 bytes for Chunk::new
# Possible reasons:
#   The system is out of physical RAM or swap space
#   The process is running with CompressedOops enabled, and the Java Heap may be blocking the growth of the native heap
# Possible solutions:
#   Reduce memory load on the system
#   Increase physical memory or swap space
#   Check if swap backing store is full
#   Decrease Java heap size (-Xmx/-Xms)
#   Decrease number of Java threads
#   Decrease Java thread stack sizes (-Xss)
#   Set larger code cache with -XX:ReservedCodeCacheSize=
#   JVM is running with Unscaled Compressed Oops mode in which the Java heap is
#     placed in the first 4GB address space. The Java Heap base address is the
#     maximum limit for the native heap growth. Please use -XX:HeapBaseMinAddress
#     to set the Java Heap base and to place the Java Heap above 4GB virtual address.
# This output file may be truncated or incomplete.
#
#  Out of Memory Error (./open/src/hotspot/share/memory/arena.cpp:197), pid=42644, tid=41684
#
# JRE version: Java(TM) SE Runtime Environment 18.9 (11.0.20+9) (build 11.0.20+9-LTS-256)
# Java VM: Java HotSpot(TM) 64-Bit Server VM 18.9 (11.0.20+9-LTS-256, mixed mode, tiered, compressed oops, g1 gc, windows-amd64)
# No core dump will be written. Minidumps are not enabled by default on client versions of Windows
#

---------------  S U M M A R Y ------------

Command Line: --add-opens=java.base/java.util=ALL-UNNAMED --add-opens=java.base/java.lang=ALL-UNNAMED --add-opens=java.base/java.lang.invoke=ALL-UNNAMED --add-opens=java.prefs/java.util.prefs=ALL-UNNAMED --add-opens=java.base/java.nio.charset=ALL-UNNAMED --add-opens=java.base/java.net=ALL-UNNAMED --add-opens=java.base/java.util.concurrent.atomic=ALL-UNNAMED -XX:MaxMetaspaceSize=384m -XX:+HeapDumpOnOutOfMemoryError -Xms256m -Xmx512m -Dfile.encoding=x-windows-949 -Duser.country=KR -Duser.language=ko -Duser.variant -javaagent:C:\Users\LG\.gradle\wrapper\dists\gradle-8.2.1-bin\5hap6b9n41hkg4jeh2au2pllh\gradle-8.2.1\lib\agents\gradle-instrumentation-agent-8.2.1.jar org.gradle.launcher.daemon.bootstrap.GradleDaemon 8.2.1

Host: Intel(R) Core(TM) i5-8250U CPU @ 1.60GHz, 8 cores, 7G,  Windows 11 , 64 bit Build 22000 (10.0.22000.2538)
Time: Thu Nov 16 18:15:20 2023  Windows 11 , 64 bit Build 22000 (10.0.22000.2538) elapsed time: 236.640786 seconds (0d 0h 3m 56s)

---------------  T H R E A D  ---------------

Current thread (0x00000176a1431800):  JavaThread "C2 CompilerThread0" daemon [_thread_in_native, id=41684, stack(0x00000064c8b00000,0x00000064c8c00000)]


Current CompileTask:
C2: 236641 14071       4       org.gradle.api.internal.attributes.HierarchicalAttributeContainer::asImmutable (72 bytes)

Stack: [0x00000064c8b00000,0x00000064c8c00000]
Native frames: (J=compiled Java code, j=interpreted, Vv=VM code, C=native code)
V  [jvm.dll+0x6602ba]
V  [jvm.dll+0x7a32af]
V  [jvm.dll+0x7a4979]
V  [jvm.dll+0x7a5013]
V  [jvm.dll+0x258ef5]
V  [jvm.dll+0xb2a0c]
V  [jvm.dll+0xb2fcc]
V  [jvm.dll+0x367691]
V  [jvm.dll+0x330365]
V  [jvm.dll+0x32f74a]
V  [jvm.dll+0x211bfd]
V  [jvm.dll+0x210bc8]
V  [jvm.dll+0x18cdb1]
V  [jvm.dll+0x220e59]
V  [jvm.dll+0x21f17c]
V  [jvm.dll+0x767061]
V  [jvm.dll+0x75f8e4]
V  [jvm.dll+0x65f165]
C  [ucrtbase.dll+0x26c0c]
C  [KERNEL32.DLL+0x153e0]
C  [ntdll.dll+0x485b]


---------------  P R O C E S S  ---------------

Threads class SMR info:
_java_thread_list=0x00000176a56049f0, length=70, elements={
0x0000017686395800, 0x00000176a0b13000, 0x00000176a0b1c000, 0x00000176a1429000,
0x00000176a142b000, 0x00000176a142e800, 0x00000176a1431800, 0x00000176a1433000,
0x00000176a1435000, 0x00000176a158f000, 0x00000176a34cb800, 0x00000176a2a63800,
0x00000176a218a000, 0x00000176a3813000, 0x00000176a380f800, 0x00000176a380f000,
0x00000176a3810800, 0x00000176a3811800, 0x00000176a380e000, 0x00000176a5a89000,
0x00000176a5a83000, 0x00000176a5a85000, 0x00000176a5a8b800, 0x00000176a5a85800,
0x00000176a5a90800, 0x00000176a5a8e000, 0x00000176a5a8d000, 0x00000176a5a91000,
0x00000176a7054000, 0x00000176a765a800, 0x00000176a7309800, 0x00000176a7304800,
0x00000176a765d000, 0x00000176a704d800, 0x00000176a704f000, 0x00000176a704e000,
0x00000176a7052000, 0x00000176a7051800, 0x00000176a7055800, 0x00000176a7054800,
0x00000176a704f800, 0x00000176a7056000, 0x00000176a7050800, 0x00000176a7058000,
0x00000176a5d17000, 0x00000176a705a800, 0x00000176a705b000, 0x00000176a7057000,
0x00000176a7058800, 0x00000176a705c000, 0x00000176a7059800, 0x00000176a765b000,
0x00000176ab474800, 0x00000176a765c000, 0x00000176a7659800, 0x00000176a765d800,
0x00000176a7658000, 0x00000176a765e800, 0x00000176a7658800, 0x00000176a7662800,
0x00000176a7664000, 0x00000176a7665000, 0x00000176a765f000, 0x00000176a7663800,
0x00000176a7666000, 0x00000176a7661000, 0x00000176a7660000, 0x00000176a7666800,
0x00000176a7661800, 0x00000176a7308800
}

Java Threads: ( => current thread )
  0x0000017686395800 JavaThread "main" [_thread_blocked, id=42004, stack(0x00000064c7f00000,0x00000064c8000000)]
  0x00000176a0b13000 JavaThread "Reference Handler" daemon [_thread_blocked, id=44908, stack(0x00000064c8600000,0x00000064c8700000)]
  0x00000176a0b1c000 JavaThread "Finalizer" daemon [_thread_blocked, id=41952, stack(0x00000064c8700000,0x00000064c8800000)]
  0x00000176a1429000 JavaThread "Signal Dispatcher" daemon [_thread_blocked, id=27240, stack(0x00000064c8800000,0x00000064c8900000)]
  0x00000176a142b000 JavaThread "Attach Listener" daemon [_thread_blocked, id=37364, stack(0x00000064c8900000,0x00000064c8a00000)]
  0x00000176a142e800 JavaThread "Service Thread" daemon [_thread_blocked, id=40872, stack(0x00000064c8a00000,0x00000064c8b00000)]
=>0x00000176a1431800 JavaThread "C2 CompilerThread0" daemon [_thread_in_native, id=41684, stack(0x00000064c8b00000,0x00000064c8c00000)]
  0x00000176a1433000 JavaThread "C1 CompilerThread0" daemon [_thread_blocked, id=41572, stack(0x00000064c8c00000,0x00000064c8d00000)]
  0x00000176a1435000 JavaThread "Sweeper thread" daemon [_thread_blocked, id=41652, stack(0x00000064c8d00000,0x00000064c8e00000)]
  0x00000176a158f000 JavaThread "Common-Cleaner" daemon [_thread_blocked, id=44968, stack(0x00000064c8e00000,0x00000064c8f00000)]
  0x00000176a34cb800 JavaThread "Daemon health stats" [_thread_blocked, id=12052, stack(0x00000064c9500000,0x00000064c9600000)]
  0x00000176a2a63800 JavaThread "Incoming local TCP Connector on port 11643" [_thread_in_native, id=39016, stack(0x00000064c9600000,0x00000064c9700000)]
  0x00000176a218a000 JavaThread "Daemon periodic checks" [_thread_blocked, id=40572, stack(0x00000064c9700000,0x00000064c9800000)]
  0x00000176a3813000 JavaThread "Cache worker for journal cache (C:\Users\LG\.gradle\caches\journal-1)" [_thread_blocked, id=47200, stack(0x00000064ca200000,0x00000064ca300000)]
  0x00000176a380f800 JavaThread "File lock request listener" [_thread_in_native, id=44860, stack(0x00000064ca300000,0x00000064ca400000)]
  0x00000176a380f000 JavaThread "Cache worker for file hash cache (C:\Users\LG\.gradle\caches\8.2.1\fileHashes)" [_thread_blocked, id=47152, stack(0x00000064ca400000,0x00000064ca500000)]
  0x00000176a3810800 JavaThread "File watcher server" daemon [_thread_in_native, id=46924, stack(0x00000064ca500000,0x00000064ca600000)]
  0x00000176a3811800 JavaThread "File watcher consumer" daemon [_thread_blocked, id=44792, stack(0x00000064ca600000,0x00000064ca700000)]
  0x00000176a380e000 JavaThread "Cache worker for file content cache (C:\Users\LG\.gradle\caches\8.2.1\fileContent)" [_thread_blocked, id=47068, stack(0x00000064ca900000,0x00000064caa00000)]
  0x00000176a5a89000 JavaThread "Cache worker for execution history cache (C:\Users\LG\.gradle\caches\8.2.1\executionHistory)" [_thread_blocked, id=46828, stack(0x00000064cac00000,0x00000064cad00000)]
  0x00000176a5a83000 JavaThread "jar transforms" [_thread_blocked, id=46956, stack(0x00000064cad00000,0x00000064cae00000)]
  0x00000176a5a85000 JavaThread "jar transforms Thread 2" [_thread_blocked, id=46860, stack(0x00000064cae00000,0x00000064caf00000)]
  0x00000176a5a8b800 JavaThread "jar transforms Thread 3" [_thread_blocked, id=46672, stack(0x00000064caf00000,0x00000064cb000000)]
  0x00000176a5a85800 JavaThread "jar transforms Thread 4" [_thread_blocked, id=46700, stack(0x00000064cb000000,0x00000064cb100000)]
  0x00000176a5a90800 JavaThread "jar transforms Thread 5" [_thread_blocked, id=44732, stack(0x00000064cb100000,0x00000064cb200000)]
  0x00000176a5a8e000 JavaThread "jar transforms Thread 6" [_thread_blocked, id=44748, stack(0x00000064cb200000,0x00000064cb300000)]
  0x00000176a5a8d000 JavaThread "jar transforms Thread 7" [_thread_blocked, id=46444, stack(0x00000064cb300000,0x00000064cb400000)]
  0x00000176a5a91000 JavaThread "jar transforms Thread 8" [_thread_blocked, id=44700, stack(0x00000064cb400000,0x00000064cb500000)]
  0x00000176a7054000 JavaThread "Memory manager" [_thread_blocked, id=44344, stack(0x00000064cbf00000,0x00000064cc000000)]
  0x00000176a765a800 JavaThread "Cache worker for Java compile cache (C:\Users\LG\.gradle\caches\8.2.1\javaCompile)" [_thread_blocked, id=41152, stack(0x00000064d0800000,0x00000064d0900000)]
  0x00000176a7309800 JavaThread "Daemon Thread 2" [_thread_blocked, id=39364, stack(0x00000064c7c00000,0x00000064c7d00000)]
  0x00000176a7304800 JavaThread "Daemon worker Thread 2" [_thread_blocked, id=43400, stack(0x00000064c9800000,0x00000064c9900000)]
  0x00000176a765d000 JavaThread "included builds" [_thread_blocked, id=47320, stack(0x00000064cbe00000,0x00000064cbf00000)]
  0x00000176a704d800 JavaThread "Handler for socket connection from /127.0.0.1:11643 to /127.0.0.1:11738" [_thread_in_native, id=22412, stack(0x00000064c7d00000,0x00000064c7e00000)]
  0x00000176a704f000 JavaThread "Cancel handler" [_thread_blocked, id=40496, stack(0x00000064c7e00000,0x00000064c7f00000)]
  0x00000176a704e000 JavaThread "Asynchronous log dispatcher for DefaultDaemonConnection: socket connection from /127.0.0.1:11643 to /127.0.0.1:11738" [_thread_blocked, id=43188, stack(0x00000064c9b00000,0x00000064c9c00000)]
  0x00000176a7052000 JavaThread "Stdin handler" [_thread_blocked, id=45756, stack(0x00000064c9c00000,0x00000064c9d00000)]
  0x00000176a7051800 JavaThread "Daemon client event forwarder" [_thread_blocked, id=43144, stack(0x00000064c9d00000,0x00000064c9e00000)]
  0x00000176a7055800 JavaThread "Cache worker for checksums cache (D:\Volunteer\Volunteer\.gradle\8.2.1\checksums)" [_thread_blocked, id=42488, stack(0x00000064c9e00000,0x00000064c9f00000)]
  0x00000176a7054800 JavaThread "Cache worker for cache directory md-rule (C:\Users\LG\.gradle\caches\8.2.1\md-rule)" [_thread_blocked, id=42572, stack(0x00000064ca700000,0x00000064ca800000)]
  0x00000176a704f800 JavaThread "Cache worker for file hash cache (D:\Volunteer\Volunteer\.gradle\8.2.1\fileHashes)" [_thread_blocked, id=21028, stack(0x00000064ca800000,0x00000064ca900000)]
  0x00000176a7056000 JavaThread "Cache worker for cache directory md-supplier (C:\Users\LG\.gradle\caches\8.2.1\md-supplier)" [_thread_blocked, id=4456, stack(0x00000064caa00000,0x00000064cab00000)]
  0x00000176a7050800 JavaThread "Cache worker for dependencies-accessors (D:\Volunteer\Volunteer\.gradle\8.2.1\dependencies-accessors)" [_thread_blocked, id=17764, stack(0x00000064cab00000,0x00000064cac00000)]
  0x00000176a7058000 JavaThread "Cache worker for Build Output Cleanup Cache (D:\Volunteer\Volunteer\.gradle\buildOutputCleanup)" [_thread_blocked, id=49544, stack(0x00000064cb500000,0x00000064cb600000)]
  0x00000176a5d17000 JavaThread "C2 CompilerThread1" daemon [_thread_in_native, id=14960, stack(0x00000064cb600000,0x00000064cb700000)]
  0x00000176a705a800 JavaThread "Unconstrained build operations" [_thread_blocked, id=23876, stack(0x00000064cb800000,0x00000064cb900000)]
  0x00000176a705b000 JavaThread "Unconstrained build operations Thread 2" [_thread_blocked, id=11684, stack(0x00000064cb900000,0x00000064cba00000)]
  0x00000176a7057000 JavaThread "Unconstrained build operations Thread 3" [_thread_blocked, id=49492, stack(0x00000064cba00000,0x00000064cbb00000)]
  0x00000176a7058800 JavaThread "Unconstrained build operations Thread 4" [_thread_blocked, id=43232, stack(0x00000064cbb00000,0x00000064cbc00000)]
  0x00000176a705c000 JavaThread "Unconstrained build operations Thread 5" [_thread_blocked, id=43680, stack(0x00000064cbc00000,0x00000064cbd00000)]
  0x00000176a7059800 JavaThread "Unconstrained build operations Thread 6" [_thread_blocked, id=43276, stack(0x00000064cbd00000,0x00000064cbe00000)]
  0x00000176a765b000 JavaThread "Unconstrained build operations Thread 7" [_thread_blocked, id=22928, stack(0x00000064cc000000,0x00000064cc100000)]
  0x00000176ab474800 JavaThread "C2 CompilerThread2" daemon [_thread_in_native, id=49368, stack(0x00000064cc100000,0x00000064cc200000)]
  0x00000176a765c000 JavaThread "included builds" [_thread_blocked, id=16912, stack(0x00000064cc200000,0x00000064cc300000)]
  0x00000176a7659800 JavaThread "Execution worker" [_thread_blocked, id=49708, stack(0x00000064cc300000,0x00000064cc400000)]
  0x00000176a765d800 JavaThread "Execution worker Thread 2" [_thread_in_native, id=50088, stack(0x00000064cc400000,0x00000064cc500000)]
  0x00000176a7658000 JavaThread "Execution worker Thread 3" [_thread_blocked, id=34688, stack(0x00000064cc500000,0x00000064cc600000)]
  0x00000176a765e800 JavaThread "Execution worker Thread 4" [_thread_blocked, id=34128, stack(0x00000064cc600000,0x00000064cc700000)]
  0x00000176a7658800 JavaThread "Execution worker Thread 5" [_thread_blocked, id=49244, stack(0x00000064cc700000,0x00000064cc800000)]
  0x00000176a7662800 JavaThread "Execution worker Thread 6" [_thread_blocked, id=49624, stack(0x00000064cc900000,0x00000064cca00000)]
  0x00000176a7664000 JavaThread "Execution worker Thread 7" [_thread_blocked, id=39872, stack(0x00000064cca00000,0x00000064ccb00000)]
  0x00000176a7665000 JavaThread "Cache worker for execution history cache (D:\Volunteer\Volunteer\.gradle\8.2.1\executionHistory)" [_thread_blocked, id=9952, stack(0x00000064ccb00000,0x00000064ccc00000)]
  0x00000176a765f000 JavaThread "Unconstrained build operations Thread 8" [_thread_blocked, id=35720, stack(0x00000064ccc00000,0x00000064ccd00000)]
  0x00000176a7663800 JavaThread "Unconstrained build operations Thread 9" [_thread_blocked, id=46368, stack(0x00000064ccd00000,0x00000064cce00000)]
  0x00000176a7666000 JavaThread "Unconstrained build operations Thread 10" [_thread_blocked, id=46480, stack(0x00000064cce00000,0x00000064ccf00000)]
  0x00000176a7661000 JavaThread "Unconstrained build operations Thread 11" [_thread_blocked, id=38588, stack(0x00000064ccf00000,0x00000064cd000000)]
  0x00000176a7660000 JavaThread "Unconstrained build operations Thread 12" [_thread_blocked, id=41052, stack(0x00000064cd000000,0x00000064cd100000)]
  0x00000176a7666800 JavaThread "Unconstrained build operations Thread 13" [_thread_blocked, id=41064, stack(0x00000064cd100000,0x00000064cd200000)]
  0x00000176a7661800 JavaThread "Unconstrained build operations Thread 14" [_thread_blocked, id=43496, stack(0x00000064cd200000,0x00000064cd300000)]
  0x00000176a7308800 JavaThread "Unconstrained build operations Thread 15" [_thread_new, id=49964, stack(0x0000000000000000,0x0000000000000000)]

Other Threads:
  0x00000176a0af0800 VMThread "VM Thread" [stack: 0x00000064c8500000,0x00000064c8600000] [id=15024]
  0x00000176a1693800 WatcherThread [stack: 0x00000064c8f00000,0x00000064c9000000] [id=26064]
  0x00000176863aa800 GCTaskThread "GC Thread#0" [stack: 0x00000064c8000000,0x00000064c8100000] [id=42192]
  0x00000176a2152800 GCTaskThread "GC Thread#1" [stack: 0x00000064c9000000,0x00000064c9100000] [id=29712]
  0x00000176a2429000 GCTaskThread "GC Thread#2" [stack: 0x00000064c9100000,0x00000064c9200000] [id=41776]
  0x00000176a213d000 GCTaskThread "GC Thread#3" [stack: 0x00000064c9200000,0x00000064c9300000] [id=44936]
  0x00000176a213d800 GCTaskThread "GC Thread#4" [stack: 0x00000064c9300000,0x00000064c9400000] [id=39496]
  0x00000176a218d000 GCTaskThread "GC Thread#5" [stack: 0x00000064c9400000,0x00000064c9500000] [id=35348]
  0x00000176a381a800 GCTaskThread "GC Thread#6" [stack: 0x00000064c9f00000,0x00000064ca000000] [id=47248]
  0x00000176a3800800 GCTaskThread "GC Thread#7" [stack: 0x00000064ca000000,0x00000064ca100000] [id=47312]
  0x00000176863bd000 ConcurrentGCThread "G1 Main Marker" [stack: 0x00000064c8100000,0x00000064c8200000] [id=42420]
  0x00000176863bf000 ConcurrentGCThread "G1 Conc#0" [stack: 0x00000064c8200000,0x00000064c8300000] [id=42340]
  0x00000176a206c800 ConcurrentGCThread "G1 Conc#1" [stack: 0x00000064ca100000,0x00000064ca200000] [id=47172]
  0x00000176a097c800 ConcurrentGCThread "G1 Refine#0" [stack: 0x00000064c8300000,0x00000064c8400000] [id=42208]
  0x00000176aa765800 ConcurrentGCThread "G1 Refine#1" [stack: 0x00000064cc800000,0x00000064cc900000] [id=42304]
  0x00000176aa766000 ConcurrentGCThread "G1 Refine#2" [stack: 0x00000064d1000000,0x00000064d1100000] [id=42116]
  0x00000176ab515000 ConcurrentGCThread "G1 Refine#3" [stack: 0x00000064d1100000,0x00000064d1200000] [id=3264]
  0x00000176ab516000 ConcurrentGCThread "G1 Refine#4" [stack: 0x00000064d1200000,0x00000064d1300000] [id=46404]
  0x00000176a7093000 ConcurrentGCThread "G1 Refine#5" [stack: 0x00000064d1300000,0x00000064d1400000] [id=42032]
  0x00000176a7094000 ConcurrentGCThread "G1 Refine#6" [stack: 0x00000064d1400000,0x00000064d1500000] [id=46384]
  0x00000176a097d000 ConcurrentGCThread "G1 Young RemSet Sampling" [stack: 0x00000064c8400000,0x00000064c8500000] [id=42212]

Threads with active compile tasks:
C2 CompilerThread0   236713 14071       4       org.gradle.api.internal.attributes.HierarchicalAttributeContainer::asImmutable (72 bytes)
C2 CompilerThread1   236713 13970   !   4       com.google.common.reflect.TypeVisitor::visit (244 bytes)
C2 CompilerThread2   236714 14083       4       org.gradle.api.internal.DefaultNamedDomainObjectCollection::findByName (61 bytes)

VM state:not at safepoint (normal execution)

VM Mutex/Monitor currently owned by a thread: None

Heap address: 0x00000000e0000000, size: 512 MB, Compressed Oops mode: 32-bit
Narrow klass base: 0x0000000000000000, Narrow klass shift: 3
Compressed class space size: 394264576 Address: 0x0000000100000000

Heap:
 garbage-first heap   total 262144K, used 162599K [0x00000000e0000000, 0x0000000100000000)
  region size 1024K, 90 young (92160K), 7 survivors (7168K)
 Metaspace       used 84762K, capacity 87929K, committed 88144K, reserved 462848K
  class space    used 10746K, capacity 11913K, committed 12032K, reserved 385024K
Heap Regions: E=young(eden), S=young(survivor), O=old, HS=humongous(starts), HC=humongous(continues), CS=collection set, F=free, A=archive, TAMS=top-at-mark-start (previous, next)
|   0|0x00000000e0000000, 0x00000000e0100000, 0x00000000e0100000|100%|HS|  |TAMS 0x00000000e0100000, 0x00000000e0000000| Complete 
|   1|0x00000000e0100000, 0x00000000e0200000, 0x00000000e0200000|100%|HC|  |TAMS 0x00000000e0200000, 0x00000000e0100000| Complete 
|   2|0x00000000e0200000, 0x00000000e0300000, 0x00000000e0300000|100%|HC|  |TAMS 0x00000000e0300000, 0x00000000e0200000| Complete 
|   3|0x00000000e0300000, 0x00000000e0400000, 0x00000000e0400000|100%|HC|  |TAMS 0x00000000e0400000, 0x00000000e0300000| Complete 
|   4|0x00000000e0400000, 0x00000000e0500000, 0x00000000e0500000|100%| O|  |TAMS 0x00000000e0500000, 0x00000000e0400000| Untracked 
|   5|0x00000000e0500000, 0x00000000e0600000, 0x00000000e0600000|100%| O|  |TAMS 0x00000000e0600000, 0x00000000e0500000| Untracked 
|   6|0x00000000e0600000, 0x00000000e0700000, 0x00000000e0700000|100%| O|  |TAMS 0x00000000e0700000, 0x00000000e0600000| Untracked 
|   7|0x00000000e0700000, 0x00000000e0800000, 0x00000000e0800000|100%| O|  |TAMS 0x00000000e0800000, 0x00000000e0700000| Untracked 
|   8|0x00000000e0800000, 0x00000000e0900000, 0x00000000e0900000|100%| O|  |TAMS 0x00000000e0900000, 0x00000000e0800000| Untracked 
|   9|0x00000000e0900000, 0x00000000e0a00000, 0x00000000e0a00000|100%| O|  |TAMS 0x00000000e0a00000, 0x00000000e0900000| Untracked 
|  10|0x00000000e0a00000, 0x00000000e0b00000, 0x00000000e0b00000|100%| O|  |TAMS 0x00000000e0b00000, 0x00000000e0a00000| Untracked 
|  11|0x00000000e0b00000, 0x00000000e0c00000, 0x00000000e0c00000|100%| O|  |TAMS 0x00000000e0c00000, 0x00000000e0b00000| Untracked 
|  12|0x00000000e0c00000, 0x00000000e0d00000, 0x00000000e0d00000|100%| O|  |TAMS 0x00000000e0d00000, 0x00000000e0c00000| Untracked 
|  13|0x00000000e0d00000, 0x00000000e0e00000, 0x00000000e0e00000|100%| O|  |TAMS 0x00000000e0e00000, 0x00000000e0d00000| Untracked 
|  14|0x00000000e0e00000, 0x00000000e0f00000, 0x00000000e0f00000|100%| O|  |TAMS 0x00000000e0f00000, 0x00000000e0e00000| Untracked 
|  15|0x00000000e0f00000, 0x00000000e1000000, 0x00000000e1000000|100%| O|  |TAMS 0x00000000e1000000, 0x00000000e0f00000| Untracked 
|  16|0x00000000e1000000, 0x00000000e1100000, 0x00000000e1100000|100%| O|  |TAMS 0x00000000e1100000, 0x00000000e1000000| Untracked 
|  17|0x00000000e1100000, 0x00000000e1200000, 0x00000000e1200000|100%| O|  |TAMS 0x00000000e1200000, 0x00000000e1100000| Untracked 
|  18|0x00000000e1200000, 0x00000000e1300000, 0x00000000e1300000|100%| O|  |TAMS 0x00000000e1300000, 0x00000000e1200000| Untracked 
|  19|0x00000000e1300000, 0x00000000e1400000, 0x00000000e1400000|100%| O|  |TAMS 0x00000000e1400000, 0x00000000e1300000| Untracked 
|  20|0x00000000e1400000, 0x00000000e1500000, 0x00000000e1500000|100%| O|  |TAMS 0x00000000e1500000, 0x00000000e1400000| Untracked 
|  21|0x00000000e1500000, 0x00000000e1600000, 0x00000000e1600000|100%| O|  |TAMS 0x00000000e1600000, 0x00000000e1500000| Untracked 
|  22|0x00000000e1600000, 0x00000000e1700000, 0x00000000e1700000|100%| O|  |TAMS 0x00000000e1700000, 0x00000000e1600000| Untracked 
|  23|0x00000000e1700000, 0x00000000e1800000, 0x00000000e1800000|100%| O|  |TAMS 0x00000000e178f400, 0x00000000e1700000| Untracked 
|  24|0x00000000e1800000, 0x00000000e1900000, 0x00000000e1900000|100%| O|  |TAMS 0x00000000e1800000, 0x00000000e1800000| Untracked 
|  25|0x00000000e1900000, 0x00000000e1a00000, 0x00000000e1a00000|100%| O|  |TAMS 0x00000000e1900000, 0x00000000e1900000| Untracked 
|  26|0x00000000e1a00000, 0x00000000e1b00000, 0x00000000e1b00000|100%| O|  |TAMS 0x00000000e1a00000, 0x00000000e1a00000| Untracked 
|  27|0x00000000e1b00000, 0x00000000e1c00000, 0x00000000e1c00000|100%| O|  |TAMS 0x00000000e1b00000, 0x00000000e1b00000| Untracked 
|  28|0x00000000e1c00000, 0x00000000e1d00000, 0x00000000e1d00000|100%| O|  |TAMS 0x00000000e1c00000, 0x00000000e1c00000| Untracked 
|  29|0x00000000e1d00000, 0x00000000e1e00000, 0x00000000e1e00000|100%| O|  |TAMS 0x00000000e1d00000, 0x00000000e1d00000| Untracked 
|  30|0x00000000e1e00000, 0x00000000e1f00000, 0x00000000e1f00000|100%| O|  |TAMS 0x00000000e1e00000, 0x00000000e1e00000| Untracked 
|  31|0x00000000e1f00000, 0x00000000e2000000, 0x00000000e2000000|100%| O|  |TAMS 0x00000000e1f00000, 0x00000000e1f00000| Untracked 
|  32|0x00000000e2000000, 0x00000000e2100000, 0x00000000e2100000|100%| O|  |TAMS 0x00000000e2000000, 0x00000000e2000000| Untracked 
|  33|0x00000000e2100000, 0x00000000e2200000, 0x00000000e2200000|100%| O|  |TAMS 0x00000000e2100000, 0x00000000e2100000| Untracked 
|  34|0x00000000e2200000, 0x00000000e2300000, 0x00000000e2300000|100%| O|  |TAMS 0x00000000e2200000, 0x00000000e2200000| Untracked 
|  35|0x00000000e2300000, 0x00000000e2400000, 0x00000000e2400000|100%| O|  |TAMS 0x00000000e2300000, 0x00000000e2300000| Untracked 
|  36|0x00000000e2400000, 0x00000000e2500000, 0x00000000e2500000|100%| O|  |TAMS 0x00000000e2400000, 0x00000000e2400000| Untracked 
|  37|0x00000000e2500000, 0x00000000e2600000, 0x00000000e2600000|100%|HS|  |TAMS 0x00000000e2500000, 0x00000000e2500000| Complete 
|  38|0x00000000e2600000, 0x00000000e2700000, 0x00000000e2700000|100%| O|  |TAMS 0x00000000e2600000, 0x00000000e2600000| Untracked 
|  39|0x00000000e2700000, 0x00000000e2800000, 0x00000000e2800000|100%| O|  |TAMS 0x00000000e2700000, 0x00000000e2700000| Untracked 
|  40|0x00000000e2800000, 0x00000000e2900000, 0x00000000e2900000|100%| O|  |TAMS 0x00000000e2800000, 0x00000000e2800000| Untracked 
|  41|0x00000000e2900000, 0x00000000e2a00000, 0x00000000e2a00000|100%| O|  |TAMS 0x00000000e2900000, 0x00000000e2900000| Untracked 
|  42|0x00000000e2a00000, 0x00000000e2b00000, 0x00000000e2b00000|100%| O|  |TAMS 0x00000000e2a00000, 0x00000000e2a00000| Untracked 
|  43|0x00000000e2b00000, 0x00000000e2c00000, 0x00000000e2c00000|100%| O|  |TAMS 0x00000000e2b00000, 0x00000000e2b00000| Untracked 
|  44|0x00000000e2c00000, 0x00000000e2d00000, 0x00000000e2d00000|100%| O|  |TAMS 0x00000000e2c00000, 0x00000000e2c00000| Untracked 
|  45|0x00000000e2d00000, 0x00000000e2e00000, 0x00000000e2e00000|100%| O|  |TAMS 0x00000000e2d00000, 0x00000000e2d00000| Untracked 
|  46|0x00000000e2e00000, 0x00000000e2f00000, 0x00000000e2f00000|100%| O|  |TAMS 0x00000000e2e00000, 0x00000000e2e00000| Untracked 
|  47|0x00000000e2f00000, 0x00000000e3000000, 0x00000000e3000000|100%| O|  |TAMS 0x00000000e2f00000, 0x00000000e2f00000| Untracked 
|  48|0x00000000e3000000, 0x00000000e3100000, 0x00000000e3100000|100%| O|  |TAMS 0x00000000e3000000, 0x00000000e3000000| Untracked 
|  49|0x00000000e3100000, 0x00000000e3200000, 0x00000000e3200000|100%| O|  |TAMS 0x00000000e3100000, 0x00000000e3100000| Untracked 
|  50|0x00000000e3200000, 0x00000000e3300000, 0x00000000e3300000|100%| O|  |TAMS 0x00000000e3200000, 0x00000000e3200000| Untracked 
|  51|0x00000000e3300000, 0x00000000e3400000, 0x00000000e3400000|100%| O|  |TAMS 0x00000000e3300000, 0x00000000e3300000| Untracked 
|  52|0x00000000e3400000, 0x00000000e3500000, 0x00000000e3500000|100%| O|  |TAMS 0x00000000e3400000, 0x00000000e3400000| Untracked 
|  53|0x00000000e3500000, 0x00000000e3600000, 0x00000000e3600000|100%| O|  |TAMS 0x00000000e3500000, 0x00000000e3500000| Untracked 
|  54|0x00000000e3600000, 0x00000000e3700000, 0x00000000e3700000|100%| O|  |TAMS 0x00000000e3600000, 0x00000000e3600000| Untracked 
|  55|0x00000000e3700000, 0x00000000e3800000, 0x00000000e3800000|100%| O|  |TAMS 0x00000000e3700000, 0x00000000e3700000| Untracked 
|  56|0x00000000e3800000, 0x00000000e3900000, 0x00000000e3900000|100%| O|  |TAMS 0x00000000e3800000, 0x00000000e3800000| Untracked 
|  57|0x00000000e3900000, 0x00000000e3a00000, 0x00000000e3a00000|100%| O|  |TAMS 0x00000000e3900000, 0x00000000e3900000| Untracked 
|  58|0x00000000e3a00000, 0x00000000e3b00000, 0x00000000e3b00000|100%| O|  |TAMS 0x00000000e3a00000, 0x00000000e3a00000| Untracked 
|  59|0x00000000e3b00000, 0x00000000e3c00000, 0x00000000e3c00000|100%| O|  |TAMS 0x00000000e3b00000, 0x00000000e3b00000| Untracked 
|  60|0x00000000e3c00000, 0x00000000e3d00000, 0x00000000e3d00000|100%| O|  |TAMS 0x00000000e3c00000, 0x00000000e3c00000| Untracked 
|  61|0x00000000e3d00000, 0x00000000e3e00000, 0x00000000e3e00000|100%| O|  |TAMS 0x00000000e3d00000, 0x00000000e3d00000| Untracked 
|  62|0x00000000e3e00000, 0x00000000e3f00000, 0x00000000e3f00000|100%| O|  |TAMS 0x00000000e3e00000, 0x00000000e3e00000| Untracked 
|  63|0x00000000e3f00000, 0x00000000e4000000, 0x00000000e4000000|100%| O|  |TAMS 0x00000000e3f00000, 0x00000000e3f00000| Untracked 
|  64|0x00000000e4000000, 0x00000000e4100000, 0x00000000e4100000|100%| O|  |TAMS 0x00000000e4000000, 0x00000000e4000000| Untracked 
|  65|0x00000000e4100000, 0x00000000e4200000, 0x00000000e4200000|100%| O|  |TAMS 0x00000000e4100000, 0x00000000e4100000| Untracked 
|  66|0x00000000e4200000, 0x00000000e4300000, 0x00000000e4300000|100%| O|  |TAMS 0x00000000e4200000, 0x00000000e4200000| Untracked 
|  67|0x00000000e4300000, 0x00000000e4400000, 0x00000000e4400000|100%| O|  |TAMS 0x00000000e4300000, 0x00000000e4300000| Untracked 
|  68|0x00000000e4400000, 0x00000000e4500000, 0x00000000e4500000|100%| O|  |TAMS 0x00000000e4400000, 0x00000000e4400000| Untracked 
|  69|0x00000000e4500000, 0x00000000e4600000, 0x00000000e4600000|100%| O|  |TAMS 0x00000000e4500000, 0x00000000e4500000| Untracked 
|  70|0x00000000e4600000, 0x00000000e46efe00, 0x00000000e4700000| 93%| O|  |TAMS 0x00000000e4600000, 0x00000000e4600000| Untracked 
|  71|0x00000000e4700000, 0x00000000e4700000, 0x00000000e4800000|  0%| F|  |TAMS 0x00000000e4700000, 0x00000000e4700000| Untracked 
|  72|0x00000000e4800000, 0x00000000e4800000, 0x00000000e4900000|  0%| F|  |TAMS 0x00000000e4800000, 0x00000000e4800000| Untracked 
|  73|0x00000000e4900000, 0x00000000e4900000, 0x00000000e4a00000|  0%| F|  |TAMS 0x00000000e4900000, 0x00000000e4900000| Untracked 
|  74|0x00000000e4a00000, 0x00000000e4a00000, 0x00000000e4b00000|  0%| F|  |TAMS 0x00000000e4a00000, 0x00000000e4a00000| Untracked 
|  75|0x00000000e4b00000, 0x00000000e4b00000, 0x00000000e4c00000|  0%| F|  |TAMS 0x00000000e4b00000, 0x00000000e4b00000| Untracked 
|  76|0x00000000e4c00000, 0x00000000e4c00000, 0x00000000e4d00000|  0%| F|  |TAMS 0x00000000e4c00000, 0x00000000e4c00000| Untracked 
|  77|0x00000000e4d00000, 0x00000000e4d00000, 0x00000000e4e00000|  0%| F|  |TAMS 0x00000000e4d00000, 0x00000000e4d00000| Untracked 
|  78|0x00000000e4e00000, 0x00000000e4e00000, 0x00000000e4f00000|  0%| F|  |TAMS 0x00000000e4e00000, 0x00000000e4e00000| Untracked 
|  79|0x00000000e4f00000, 0x00000000e4f00000, 0x00000000e5000000|  0%| F|  |TAMS 0x00000000e4f00000, 0x00000000e4f00000| Untracked 
|  80|0x00000000e5000000, 0x00000000e5000000, 0x00000000e5100000|  0%| F|  |TAMS 0x00000000e5000000, 0x00000000e5000000| Untracked 
|  81|0x00000000e5100000, 0x00000000e5100000, 0x00000000e5200000|  0%| F|  |TAMS 0x00000000e5100000, 0x00000000e5100000| Untracked 
|  82|0x00000000e5200000, 0x00000000e5200000, 0x00000000e5300000|  0%| F|  |TAMS 0x00000000e5200000, 0x00000000e5200000| Untracked 
|  83|0x00000000e5300000, 0x00000000e5300000, 0x00000000e5400000|  0%| F|  |TAMS 0x00000000e5300000, 0x00000000e5300000| Untracked 
|  84|0x00000000e5400000, 0x00000000e5400000, 0x00000000e5500000|  0%| F|  |TAMS 0x00000000e5400000, 0x00000000e5400000| Untracked 
|  85|0x00000000e5500000, 0x00000000e5500000, 0x00000000e5600000|  0%| F|  |TAMS 0x00000000e5500000, 0x00000000e5500000| Untracked 
|  86|0x00000000e5600000, 0x00000000e5600000, 0x00000000e5700000|  0%| F|  |TAMS 0x00000000e5600000, 0x00000000e5600000| Untracked 
|  87|0x00000000e5700000, 0x00000000e5700000, 0x00000000e5800000|  0%| F|  |TAMS 0x00000000e5700000, 0x00000000e5700000| Untracked 
|  88|0x00000000e5800000, 0x00000000e5800000, 0x00000000e5900000|  0%| F|  |TAMS 0x00000000e5800000, 0x00000000e5800000| Untracked 
|  89|0x00000000e5900000, 0x00000000e5900000, 0x00000000e5a00000|  0%| F|  |TAMS 0x00000000e5900000, 0x00000000e5900000| Untracked 
|  90|0x00000000e5a00000, 0x00000000e5a00000, 0x00000000e5b00000|  0%| F|  |TAMS 0x00000000e5a00000, 0x00000000e5a00000| Untracked 
|  91|0x00000000e5b00000, 0x00000000e5b00000, 0x00000000e5c00000|  0%| F|  |TAMS 0x00000000e5b00000, 0x00000000e5b00000| Untracked 
|  92|0x00000000e5c00000, 0x00000000e5c00000, 0x00000000e5d00000|  0%| F|  |TAMS 0x00000000e5c00000, 0x00000000e5c00000| Untracked 
|  93|0x00000000e5d00000, 0x00000000e5d00000, 0x00000000e5e00000|  0%| F|  |TAMS 0x00000000e5d00000, 0x00000000e5d00000| Untracked 
|  94|0x00000000e5e00000, 0x00000000e5e00000, 0x00000000e5f00000|  0%| F|  |TAMS 0x00000000e5e00000, 0x00000000e5e00000| Untracked 
|  95|0x00000000e5f00000, 0x00000000e5f00000, 0x00000000e6000000|  0%| F|  |TAMS 0x00000000e5f00000, 0x00000000e5f00000| Untracked 
|  96|0x00000000e6000000, 0x00000000e6000000, 0x00000000e6100000|  0%| F|  |TAMS 0x00000000e6000000, 0x00000000e6000000| Untracked 
|  97|0x00000000e6100000, 0x00000000e6100000, 0x00000000e6200000|  0%| F|  |TAMS 0x00000000e6100000, 0x00000000e6100000| Untracked 
|  98|0x00000000e6200000, 0x00000000e6200000, 0x00000000e6300000|  0%| F|  |TAMS 0x00000000e6200000, 0x00000000e6200000| Untracked 
|  99|0x00000000e6300000, 0x00000000e6300000, 0x00000000e6400000|  0%| F|  |TAMS 0x00000000e6300000, 0x00000000e6300000| Untracked 
| 100|0x00000000e6400000, 0x00000000e6400000, 0x00000000e6500000|  0%| F|  |TAMS 0x00000000e6400000, 0x00000000e6400000| Untracked 
| 101|0x00000000e6500000, 0x00000000e6500000, 0x00000000e6600000|  0%| F|  |TAMS 0x00000000e6500000, 0x00000000e6500000| Untracked 
| 102|0x00000000e6600000, 0x00000000e6600000, 0x00000000e6700000|  0%| F|  |TAMS 0x00000000e6600000, 0x00000000e6600000| Untracked 
| 103|0x00000000e6700000, 0x00000000e6700000, 0x00000000e6800000|  0%| F|  |TAMS 0x00000000e6700000, 0x00000000e6700000| Untracked 
| 104|0x00000000e6800000, 0x00000000e6800000, 0x00000000e6900000|  0%| F|  |TAMS 0x00000000e6800000, 0x00000000e6800000| Untracked 
| 105|0x00000000e6900000, 0x00000000e6900000, 0x00000000e6a00000|  0%| F|  |TAMS 0x00000000e6900000, 0x00000000e6900000| Untracked 
| 106|0x00000000e6a00000, 0x00000000e6a00000, 0x00000000e6b00000|  0%| F|  |TAMS 0x00000000e6a00000, 0x00000000e6a00000| Untracked 
| 107|0x00000000e6b00000, 0x00000000e6b00000, 0x00000000e6c00000|  0%| F|  |TAMS 0x00000000e6b00000, 0x00000000e6b00000| Untracked 
| 108|0x00000000e6c00000, 0x00000000e6c00000, 0x00000000e6d00000|  0%| F|  |TAMS 0x00000000e6c00000, 0x00000000e6c00000| Untracked 
| 109|0x00000000e6d00000, 0x00000000e6d00000, 0x00000000e6e00000|  0%| F|  |TAMS 0x00000000e6d00000, 0x00000000e6d00000| Untracked 
| 110|0x00000000e6e00000, 0x00000000e6e00000, 0x00000000e6f00000|  0%| F|  |TAMS 0x00000000e6e00000, 0x00000000e6e00000| Untracked 
| 111|0x00000000e6f00000, 0x00000000e6f00000, 0x00000000e7000000|  0%| F|  |TAMS 0x00000000e6f00000, 0x00000000e6f00000| Untracked 
| 112|0x00000000e7000000, 0x00000000e7000000, 0x00000000e7100000|  0%| F|  |TAMS 0x00000000e7000000, 0x00000000e7000000| Untracked 
| 113|0x00000000e7100000, 0x00000000e7100000, 0x00000000e7200000|  0%| F|  |TAMS 0x00000000e7100000, 0x00000000e7100000| Untracked 
| 114|0x00000000e7200000, 0x00000000e7200000, 0x00000000e7300000|  0%| F|  |TAMS 0x00000000e7200000, 0x00000000e7200000| Untracked 
| 115|0x00000000e7300000, 0x00000000e7300000, 0x00000000e7400000|  0%| F|  |TAMS 0x00000000e7300000, 0x00000000e7300000| Untracked 
| 116|0x00000000e7400000, 0x00000000e7400000, 0x00000000e7500000|  0%| F|  |TAMS 0x00000000e7400000, 0x00000000e7400000| Untracked 
| 117|0x00000000e7500000, 0x00000000e7500000, 0x00000000e7600000|  0%| F|  |TAMS 0x00000000e7500000, 0x00000000e7500000| Untracked 
| 118|0x00000000e7600000, 0x00000000e7600000, 0x00000000e7700000|  0%| F|  |TAMS 0x00000000e7600000, 0x00000000e7600000| Untracked 
| 119|0x00000000e7700000, 0x00000000e7700000, 0x00000000e7800000|  0%| F|  |TAMS 0x00000000e7700000, 0x00000000e7700000| Untracked 
| 120|0x00000000e7800000, 0x00000000e78da098, 0x00000000e7900000| 85%| S|CS|TAMS 0x00000000e7800000, 0x00000000e7800000| Complete 
| 121|0x00000000e7900000, 0x00000000e7a00000, 0x00000000e7a00000|100%| S|CS|TAMS 0x00000000e7900000, 0x00000000e7900000| Complete 
| 122|0x00000000e7a00000, 0x00000000e7a00000, 0x00000000e7b00000|  0%| F|  |TAMS 0x00000000e7a00000, 0x00000000e7a00000| Untracked 
| 123|0x00000000e7b00000, 0x00000000e7b00000, 0x00000000e7c00000|  0%| F|  |TAMS 0x00000000e7b00000, 0x00000000e7b00000| Untracked 
| 124|0x00000000e7c00000, 0x00000000e7c00000, 0x00000000e7d00000|  0%| F|  |TAMS 0x00000000e7c00000, 0x00000000e7c00000| Untracked 
| 125|0x00000000e7d00000, 0x00000000e7d00000, 0x00000000e7e00000|  0%| F|  |TAMS 0x00000000e7d00000, 0x00000000e7d00000| Untracked 
| 126|0x00000000e7e00000, 0x00000000e7e00000, 0x00000000e7f00000|  0%| F|  |TAMS 0x00000000e7e00000, 0x00000000e7e00000| Untracked 
| 127|0x00000000e7f00000, 0x00000000e7f00000, 0x00000000e8000000|  0%| F|  |TAMS 0x00000000e7f00000, 0x00000000e7f00000| Untracked 
| 128|0x00000000e8000000, 0x00000000e8100000, 0x00000000e8100000|100%| S|CS|TAMS 0x00000000e8000000, 0x00000000e8000000| Complete 
| 129|0x00000000e8100000, 0x00000000e8200000, 0x00000000e8200000|100%| S|CS|TAMS 0x00000000e8100000, 0x00000000e8100000| Complete 
| 130|0x00000000e8200000, 0x00000000e8300000, 0x00000000e8300000|100%| S|CS|TAMS 0x00000000e8200000, 0x00000000e8200000| Complete 
| 131|0x00000000e8300000, 0x00000000e8400000, 0x00000000e8400000|100%| S|CS|TAMS 0x00000000e8300000, 0x00000000e8300000| Complete 
| 132|0x00000000e8400000, 0x00000000e8500000, 0x00000000e8500000|100%| S|CS|TAMS 0x00000000e8400000, 0x00000000e8400000| Complete 
| 133|0x00000000e8500000, 0x00000000e8500000, 0x00000000e8600000|  0%| F|  |TAMS 0x00000000e8500000, 0x00000000e8500000| Untracked 
| 134|0x00000000e8600000, 0x00000000e8600000, 0x00000000e8700000|  0%| F|  |TAMS 0x00000000e8600000, 0x00000000e8600000| Untracked 
| 135|0x00000000e8700000, 0x00000000e8700000, 0x00000000e8800000|  0%| F|  |TAMS 0x00000000e8700000, 0x00000000e8700000| Untracked 
| 136|0x00000000e8800000, 0x00000000e8800000, 0x00000000e8900000|  0%| F|  |TAMS 0x00000000e8800000, 0x00000000e8800000| Untracked 
| 137|0x00000000e8900000, 0x00000000e8900000, 0x00000000e8a00000|  0%| F|  |TAMS 0x00000000e8900000, 0x00000000e8900000| Untracked 
| 138|0x00000000e8a00000, 0x00000000e8a00000, 0x00000000e8b00000|  0%| F|  |TAMS 0x00000000e8a00000, 0x00000000e8a00000| Untracked 
| 139|0x00000000e8b00000, 0x00000000e8b00000, 0x00000000e8c00000|  0%| F|  |TAMS 0x00000000e8b00000, 0x00000000e8b00000| Untracked 
| 140|0x00000000e8c00000, 0x00000000e8c00000, 0x00000000e8d00000|  0%| F|  |TAMS 0x00000000e8c00000, 0x00000000e8c00000| Untracked 
| 141|0x00000000e8d00000, 0x00000000e8d00000, 0x00000000e8e00000|  0%| F|  |TAMS 0x00000000e8d00000, 0x00000000e8d00000| Untracked 
| 142|0x00000000e8e00000, 0x00000000e8e00000, 0x00000000e8f00000|  0%| F|  |TAMS 0x00000000e8e00000, 0x00000000e8e00000| Untracked 
| 143|0x00000000e8f00000, 0x00000000e8f00000, 0x00000000e9000000|  0%| F|  |TAMS 0x00000000e8f00000, 0x00000000e8f00000| Untracked 
| 144|0x00000000e9000000, 0x00000000e9000000, 0x00000000e9100000|  0%| F|  |TAMS 0x00000000e9000000, 0x00000000e9000000| Untracked 
| 145|0x00000000e9100000, 0x00000000e9100000, 0x00000000e9200000|  0%| F|  |TAMS 0x00000000e9100000, 0x00000000e9100000| Untracked 
| 146|0x00000000e9200000, 0x00000000e9200000, 0x00000000e9300000|  0%| F|  |TAMS 0x00000000e9200000, 0x00000000e9200000| Untracked 
| 147|0x00000000e9300000, 0x00000000e9300000, 0x00000000e9400000|  0%| F|  |TAMS 0x00000000e9300000, 0x00000000e9300000| Untracked 
| 148|0x00000000e9400000, 0x00000000e9400000, 0x00000000e9500000|  0%| F|  |TAMS 0x00000000e9400000, 0x00000000e9400000| Untracked 
| 149|0x00000000e9500000, 0x00000000e9500000, 0x00000000e9600000|  0%| F|  |TAMS 0x00000000e9500000, 0x00000000e9500000| Untracked 
| 150|0x00000000e9600000, 0x00000000e9600000, 0x00000000e9700000|  0%| F|  |TAMS 0x00000000e9600000, 0x00000000e9600000| Untracked 
| 151|0x00000000e9700000, 0x00000000e9700000, 0x00000000e9800000|  0%| F|  |TAMS 0x00000000e9700000, 0x00000000e9700000| Untracked 
| 152|0x00000000e9800000, 0x00000000e9800000, 0x00000000e9900000|  0%| F|  |TAMS 0x00000000e9800000, 0x00000000e9800000| Untracked 
| 153|0x00000000e9900000, 0x00000000e9900000, 0x00000000e9a00000|  0%| F|  |TAMS 0x00000000e9900000, 0x00000000e9900000| Untracked 
| 154|0x00000000e9a00000, 0x00000000e9a00000, 0x00000000e9b00000|  0%| F|  |TAMS 0x00000000e9a00000, 0x00000000e9a00000| Untracked 
| 155|0x00000000e9b00000, 0x00000000e9b00000, 0x00000000e9c00000|  0%| F|  |TAMS 0x00000000e9b00000, 0x00000000e9b00000| Untracked 
| 156|0x00000000e9c00000, 0x00000000e9c00000, 0x00000000e9d00000|  0%| F|  |TAMS 0x00000000e9c00000, 0x00000000e9c00000| Untracked 
| 157|0x00000000e9d00000, 0x00000000e9d00000, 0x00000000e9e00000|  0%| F|  |TAMS 0x00000000e9d00000, 0x00000000e9d00000| Untracked 
| 158|0x00000000e9e00000, 0x00000000e9e00000, 0x00000000e9f00000|  0%| F|  |TAMS 0x00000000e9e00000, 0x00000000e9e00000| Untracked 
| 159|0x00000000e9f00000, 0x00000000e9f00000, 0x00000000ea000000|  0%| F|  |TAMS 0x00000000e9f00000, 0x00000000e9f00000| Untracked 
| 160|0x00000000ea000000, 0x00000000ea000000, 0x00000000ea100000|  0%| F|  |TAMS 0x00000000ea000000, 0x00000000ea000000| Untracked 
| 161|0x00000000ea100000, 0x00000000ea100000, 0x00000000ea200000|  0%| F|  |TAMS 0x00000000ea100000, 0x00000000ea100000| Untracked 
| 162|0x00000000ea200000, 0x00000000ea200000, 0x00000000ea300000|  0%| F|  |TAMS 0x00000000ea200000, 0x00000000ea200000| Untracked 
| 163|0x00000000ea300000, 0x00000000ea300000, 0x00000000ea400000|  0%| F|  |TAMS 0x00000000ea300000, 0x00000000ea300000| Untracked 
| 164|0x00000000ea400000, 0x00000000ea400000, 0x00000000ea500000|  0%| F|  |TAMS 0x00000000ea400000, 0x00000000ea400000| Untracked 
| 165|0x00000000ea500000, 0x00000000ea500000, 0x00000000ea600000|  0%| F|  |TAMS 0x00000000ea500000, 0x00000000ea500000| Untracked 
| 166|0x00000000ea600000, 0x00000000ea600000, 0x00000000ea700000|  0%| F|  |TAMS 0x00000000ea600000, 0x00000000ea600000| Untracked 
| 167|0x00000000ea700000, 0x00000000ea700000, 0x00000000ea800000|  0%| F|  |TAMS 0x00000000ea700000, 0x00000000ea700000| Untracked 
| 168|0x00000000ea800000, 0x00000000ea800000, 0x00000000ea900000|  0%| F|  |TAMS 0x00000000ea800000, 0x00000000ea800000| Untracked 
| 169|0x00000000ea900000, 0x00000000ea900000, 0x00000000eaa00000|  0%| F|  |TAMS 0x00000000ea900000, 0x00000000ea900000| Untracked 
| 170|0x00000000eaa00000, 0x00000000eaa00000, 0x00000000eab00000|  0%| F|  |TAMS 0x00000000eaa00000, 0x00000000eaa00000| Untracked 
| 171|0x00000000eab00000, 0x00000000eab00000, 0x00000000eac00000|  0%| F|  |TAMS 0x00000000eab00000, 0x00000000eab00000| Untracked 
| 172|0x00000000eac00000, 0x00000000eac00000, 0x00000000ead00000|  0%| F|  |TAMS 0x00000000eac00000, 0x00000000eac00000| Untracked 
| 173|0x00000000ead00000, 0x00000000ead4f5a0, 0x00000000eae00000| 30%| E|  |TAMS 0x00000000ead00000, 0x00000000ead00000| Complete 
| 174|0x00000000eae00000, 0x00000000eaf00000, 0x00000000eaf00000|100%| E|CS|TAMS 0x00000000eae00000, 0x00000000eae00000| Complete 
| 175|0x00000000eaf00000, 0x00000000eb000000, 0x00000000eb000000|100%| E|CS|TAMS 0x00000000eaf00000, 0x00000000eaf00000| Complete 
| 176|0x00000000eb000000, 0x00000000eb100000, 0x00000000eb100000|100%| E|  |TAMS 0x00000000eb000000, 0x00000000eb000000| Complete 
| 177|0x00000000eb100000, 0x00000000eb200000, 0x00000000eb200000|100%| E|CS|TAMS 0x00000000eb100000, 0x00000000eb100000| Complete 
| 178|0x00000000eb200000, 0x00000000eb300000, 0x00000000eb300000|100%| E|CS|TAMS 0x00000000eb200000, 0x00000000eb200000| Complete 
| 179|0x00000000eb300000, 0x00000000eb400000, 0x00000000eb400000|100%| E|CS|TAMS 0x00000000eb300000, 0x00000000eb300000| Complete 
| 180|0x00000000eb400000, 0x00000000eb500000, 0x00000000eb500000|100%| E|CS|TAMS 0x00000000eb400000, 0x00000000eb400000| Complete 
| 181|0x00000000eb500000, 0x00000000eb600000, 0x00000000eb600000|100%| E|CS|TAMS 0x00000000eb500000, 0x00000000eb500000| Complete 
| 182|0x00000000eb600000, 0x00000000eb700000, 0x00000000eb700000|100%| E|CS|TAMS 0x00000000eb600000, 0x00000000eb600000| Complete 
| 183|0x00000000eb700000, 0x00000000eb800000, 0x00000000eb800000|100%| E|CS|TAMS 0x00000000eb700000, 0x00000000eb700000| Complete 
| 184|0x00000000eb800000, 0x00000000eb900000, 0x00000000eb900000|100%| E|CS|TAMS 0x00000000eb800000, 0x00000000eb800000| Complete 
| 185|0x00000000eb900000, 0x00000000eba00000, 0x00000000eba00000|100%| E|CS|TAMS 0x00000000eb900000, 0x00000000eb900000| Complete 
| 186|0x00000000eba00000, 0x00000000ebb00000, 0x00000000ebb00000|100%| E|CS|TAMS 0x00000000eba00000, 0x00000000eba00000| Complete 
| 187|0x00000000ebb00000, 0x00000000ebc00000, 0x00000000ebc00000|100%| E|CS|TAMS 0x00000000ebb00000, 0x00000000ebb00000| Complete 
| 188|0x00000000ebc00000, 0x00000000ebd00000, 0x00000000ebd00000|100%| E|CS|TAMS 0x00000000ebc00000, 0x00000000ebc00000| Complete 
| 189|0x00000000ebd00000, 0x00000000ebe00000, 0x00000000ebe00000|100%| E|CS|TAMS 0x00000000ebd00000, 0x00000000ebd00000| Complete 
| 190|0x00000000ebe00000, 0x00000000ebf00000, 0x00000000ebf00000|100%| E|CS|TAMS 0x00000000ebe00000, 0x00000000ebe00000| Complete 
| 191|0x00000000ebf00000, 0x00000000ec000000, 0x00000000ec000000|100%| E|CS|TAMS 0x00000000ebf00000, 0x00000000ebf00000| Complete 
| 192|0x00000000ec000000, 0x00000000ec100000, 0x00000000ec100000|100%| E|CS|TAMS 0x00000000ec000000, 0x00000000ec000000| Complete 
| 193|0x00000000ec100000, 0x00000000ec200000, 0x00000000ec200000|100%| E|CS|TAMS 0x00000000ec100000, 0x00000000ec100000| Complete 
| 194|0x00000000ec200000, 0x00000000ec300000, 0x00000000ec300000|100%| E|CS|TAMS 0x00000000ec200000, 0x00000000ec200000| Complete 
| 195|0x00000000ec300000, 0x00000000ec400000, 0x00000000ec400000|100%| E|CS|TAMS 0x00000000ec300000, 0x00000000ec300000| Complete 
| 196|0x00000000ec400000, 0x00000000ec500000, 0x00000000ec500000|100%| E|CS|TAMS 0x00000000ec400000, 0x00000000ec400000| Complete 
| 197|0x00000000ec500000, 0x00000000ec600000, 0x00000000ec600000|100%| E|CS|TAMS 0x00000000ec500000, 0x00000000ec500000| Complete 
| 198|0x00000000ec600000, 0x00000000ec700000, 0x00000000ec700000|100%| E|CS|TAMS 0x00000000ec600000, 0x00000000ec600000| Complete 
| 199|0x00000000ec700000, 0x00000000ec800000, 0x00000000ec800000|100%| E|CS|TAMS 0x00000000ec700000, 0x00000000ec700000| Complete 
| 200|0x00000000ec800000, 0x00000000ec900000, 0x00000000ec900000|100%| E|CS|TAMS 0x00000000ec800000, 0x00000000ec800000| Complete 
| 201|0x00000000ec900000, 0x00000000eca00000, 0x00000000eca00000|100%| E|CS|TAMS 0x00000000ec900000, 0x00000000ec900000| Complete 
| 202|0x00000000eca00000, 0x00000000ecb00000, 0x00000000ecb00000|100%| E|CS|TAMS 0x00000000eca00000, 0x00000000eca00000| Complete 
| 203|0x00000000ecb00000, 0x00000000ecc00000, 0x00000000ecc00000|100%| E|CS|TAMS 0x00000000ecb00000, 0x00000000ecb00000| Complete 
| 204|0x00000000ecc00000, 0x00000000ecd00000, 0x00000000ecd00000|100%| E|CS|TAMS 0x00000000ecc00000, 0x00000000ecc00000| Complete 
| 205|0x00000000ecd00000, 0x00000000ece00000, 0x00000000ece00000|100%| E|CS|TAMS 0x00000000ecd00000, 0x00000000ecd00000| Complete 
| 206|0x00000000ece00000, 0x00000000ecf00000, 0x00000000ecf00000|100%| E|CS|TAMS 0x00000000ece00000, 0x00000000ece00000| Complete 
| 207|0x00000000ecf00000, 0x00000000ed000000, 0x00000000ed000000|100%| E|CS|TAMS 0x00000000ecf00000, 0x00000000ecf00000| Complete 
| 208|0x00000000ed000000, 0x00000000ed100000, 0x00000000ed100000|100%| E|CS|TAMS 0x00000000ed000000, 0x00000000ed000000| Complete 
| 209|0x00000000ed100000, 0x00000000ed200000, 0x00000000ed200000|100%| E|CS|TAMS 0x00000000ed100000, 0x00000000ed100000| Complete 
| 210|0x00000000ed200000, 0x00000000ed300000, 0x00000000ed300000|100%| E|CS|TAMS 0x00000000ed200000, 0x00000000ed200000| Complete 
| 211|0x00000000ed300000, 0x00000000ed400000, 0x00000000ed400000|100%| E|CS|TAMS 0x00000000ed300000, 0x00000000ed300000| Complete 
| 212|0x00000000ed400000, 0x00000000ed500000, 0x00000000ed500000|100%| E|CS|TAMS 0x00000000ed400000, 0x00000000ed400000| Complete 
| 213|0x00000000ed500000, 0x00000000ed600000, 0x00000000ed600000|100%| E|CS|TAMS 0x00000000ed500000, 0x00000000ed500000| Complete 
| 214|0x00000000ed600000, 0x00000000ed700000, 0x00000000ed700000|100%| E|CS|TAMS 0x00000000ed600000, 0x00000000ed600000| Complete 
| 215|0x00000000ed700000, 0x00000000ed800000, 0x00000000ed800000|100%| E|CS|TAMS 0x00000000ed700000, 0x00000000ed700000| Complete 
| 216|0x00000000ed800000, 0x00000000ed900000, 0x00000000ed900000|100%| E|CS|TAMS 0x00000000ed800000, 0x00000000ed800000| Complete 
| 217|0x00000000ed900000, 0x00000000eda00000, 0x00000000eda00000|100%| E|CS|TAMS 0x00000000ed900000, 0x00000000ed900000| Complete 
| 218|0x00000000eda00000, 0x00000000edb00000, 0x00000000edb00000|100%| E|CS|TAMS 0x00000000eda00000, 0x00000000eda00000| Complete 
| 219|0x00000000edb00000, 0x00000000edc00000, 0x00000000edc00000|100%| E|CS|TAMS 0x00000000edb00000, 0x00000000edb00000| Complete 
| 220|0x00000000edc00000, 0x00000000edd00000, 0x00000000edd00000|100%| E|CS|TAMS 0x00000000edc00000, 0x00000000edc00000| Complete 
| 221|0x00000000edd00000, 0x00000000ede00000, 0x00000000ede00000|100%| E|CS|TAMS 0x00000000edd00000, 0x00000000edd00000| Complete 
| 222|0x00000000ede00000, 0x00000000edf00000, 0x00000000edf00000|100%| E|CS|TAMS 0x00000000ede00000, 0x00000000ede00000| Complete 
| 223|0x00000000edf00000, 0x00000000ee000000, 0x00000000ee000000|100%| E|CS|TAMS 0x00000000edf00000, 0x00000000edf00000| Complete 
| 224|0x00000000ee000000, 0x00000000ee100000, 0x00000000ee100000|100%| E|CS|TAMS 0x00000000ee000000, 0x00000000ee000000| Complete 
| 225|0x00000000ee100000, 0x00000000ee200000, 0x00000000ee200000|100%| E|CS|TAMS 0x00000000ee100000, 0x00000000ee100000| Complete 
| 226|0x00000000ee200000, 0x00000000ee300000, 0x00000000ee300000|100%| E|CS|TAMS 0x00000000ee200000, 0x00000000ee200000| Complete 
| 227|0x00000000ee300000, 0x00000000ee400000, 0x00000000ee400000|100%| E|CS|TAMS 0x00000000ee300000, 0x00000000ee300000| Complete 
| 228|0x00000000ee400000, 0x00000000ee500000, 0x00000000ee500000|100%| E|CS|TAMS 0x00000000ee400000, 0x00000000ee400000| Complete 
| 229|0x00000000ee500000, 0x00000000ee600000, 0x00000000ee600000|100%| E|CS|TAMS 0x00000000ee500000, 0x00000000ee500000| Complete 
| 230|0x00000000ee600000, 0x00000000ee700000, 0x00000000ee700000|100%| E|CS|TAMS 0x00000000ee600000, 0x00000000ee600000| Complete 
| 231|0x00000000ee700000, 0x00000000ee800000, 0x00000000ee800000|100%| E|CS|TAMS 0x00000000ee700000, 0x00000000ee700000| Complete 
| 232|0x00000000ee800000, 0x00000000ee900000, 0x00000000ee900000|100%| E|CS|TAMS 0x00000000ee800000, 0x00000000ee800000| Complete 
| 233|0x00000000ee900000, 0x00000000eea00000, 0x00000000eea00000|100%| E|CS|TAMS 0x00000000ee900000, 0x00000000ee900000| Complete 
| 234|0x00000000eea00000, 0x00000000eeb00000, 0x00000000eeb00000|100%| E|CS|TAMS 0x00000000eea00000, 0x00000000eea00000| Complete 
| 235|0x00000000eeb00000, 0x00000000eec00000, 0x00000000eec00000|100%| E|CS|TAMS 0x00000000eeb00000, 0x00000000eeb00000| Complete 
| 236|0x00000000eec00000, 0x00000000eed00000, 0x00000000eed00000|100%| E|CS|TAMS 0x00000000eec00000, 0x00000000eec00000| Complete 
| 237|0x00000000eed00000, 0x00000000eee00000, 0x00000000eee00000|100%| E|CS|TAMS 0x00000000eed00000, 0x00000000eed00000| Complete 
| 238|0x00000000eee00000, 0x00000000eef00000, 0x00000000eef00000|100%| E|CS|TAMS 0x00000000eee00000, 0x00000000eee00000| Complete 
| 239|0x00000000eef00000, 0x00000000ef000000, 0x00000000ef000000|100%| E|CS|TAMS 0x00000000eef00000, 0x00000000eef00000| Complete 
| 240|0x00000000ef000000, 0x00000000ef100000, 0x00000000ef100000|100%| E|CS|TAMS 0x00000000ef000000, 0x00000000ef000000| Complete 
| 241|0x00000000ef100000, 0x00000000ef200000, 0x00000000ef200000|100%| E|CS|TAMS 0x00000000ef100000, 0x00000000ef100000| Complete 
| 242|0x00000000ef200000, 0x00000000ef300000, 0x00000000ef300000|100%| E|CS|TAMS 0x00000000ef200000, 0x00000000ef200000| Complete 
| 243|0x00000000ef300000, 0x00000000ef400000, 0x00000000ef400000|100%| E|CS|TAMS 0x00000000ef300000, 0x00000000ef300000| Complete 
| 244|0x00000000ef400000, 0x00000000ef500000, 0x00000000ef500000|100%| E|CS|TAMS 0x00000000ef400000, 0x00000000ef400000| Complete 
| 245|0x00000000ef500000, 0x00000000ef600000, 0x00000000ef600000|100%| E|CS|TAMS 0x00000000ef500000, 0x00000000ef500000| Complete 
| 246|0x00000000ef600000, 0x00000000ef700000, 0x00000000ef700000|100%| E|CS|TAMS 0x00000000ef600000, 0x00000000ef600000| Complete 
| 247|0x00000000ef700000, 0x00000000ef800000, 0x00000000ef800000|100%| E|CS|TAMS 0x00000000ef700000, 0x00000000ef700000| Complete 
| 248|0x00000000ef800000, 0x00000000ef900000, 0x00000000ef900000|100%| E|CS|TAMS 0x00000000ef800000, 0x00000000ef800000| Complete 
| 249|0x00000000ef900000, 0x00000000efa00000, 0x00000000efa00000|100%| E|CS|TAMS 0x00000000ef900000, 0x00000000ef900000| Complete 
| 250|0x00000000efa00000, 0x00000000efb00000, 0x00000000efb00000|100%| E|CS|TAMS 0x00000000efa00000, 0x00000000efa00000| Complete 
| 251|0x00000000efb00000, 0x00000000efc00000, 0x00000000efc00000|100%| E|CS|TAMS 0x00000000efb00000, 0x00000000efb00000| Complete 
| 252|0x00000000efc00000, 0x00000000efd00000, 0x00000000efd00000|100%| E|CS|TAMS 0x00000000efc00000, 0x00000000efc00000| Complete 
| 253|0x00000000efd00000, 0x00000000efe00000, 0x00000000efe00000|100%| E|CS|TAMS 0x00000000efd00000, 0x00000000efd00000| Complete 
| 254|0x00000000efe00000, 0x00000000eff00000, 0x00000000eff00000|100%| E|CS|TAMS 0x00000000efe00000, 0x00000000efe00000| Complete 
| 255|0x00000000eff00000, 0x00000000f0000000, 0x00000000f0000000|100%| E|CS|TAMS 0x00000000eff00000, 0x00000000eff00000| Complete 

Card table byte_map: [0x000001769ceb0000,0x000001769cfb0000] _byte_map_base: 0x000001769c7b0000

Marking Bits (Prev, Next): (CMBitMap*) 0x00000176863ba500, (CMBitMap*) 0x00000176863ba4c8
 Prev Bits: [0x000001769d8b0000, 0x000001769e0b0000)
 Next Bits: [0x000001769d0b0000, 0x000001769d8b0000)

Polling page: 0x0000017685b70000

Metaspace:

Usage:
  Non-class:     74.23 MB capacity,    72.28 MB ( 97%) used,     1.63 MB (  2%) free+waste,   334.44 KB ( <1%) overhead. 
      Class:     11.63 MB capacity,    10.49 MB ( 90%) used,  1008.46 KB (  8%) free+waste,   158.12 KB (  1%) overhead. 
       Both:     85.87 MB capacity,    82.78 MB ( 96%) used,     2.61 MB (  3%) free+waste,   492.56 KB ( <1%) overhead. 

Virtual space:
  Non-class space:       76.00 MB reserved,      74.33 MB ( 98%) committed 
      Class space:      376.00 MB reserved,      11.75 MB (  3%) committed 
             Both:      452.00 MB reserved,      86.08 MB ( 19%) committed 

Chunk freelists:
   Non-Class:  4.00 KB
       Class:  0 bytes
        Both:  4.00 KB

CodeHeap 'non-profiled nmethods': size=120000Kb used=7724Kb max_used=7724Kb free=112275Kb
 bounds [0x0000017695550000, 0x0000017695ce0000, 0x000001769ca80000]
CodeHeap 'profiled nmethods': size=120000Kb used=29697Kb max_used=29697Kb free=90302Kb
 bounds [0x000001768e020000, 0x000001768fd30000, 0x0000017695550000]
CodeHeap 'non-nmethods': size=5760Kb used=2301Kb max_used=2347Kb free=3458Kb
 bounds [0x000001768da80000, 0x000001768dcf0000, 0x000001768e020000]
 total_blobs=14642 nmethods=13733 adapters=819
 compilation: enabled
              stopped_count=0, restarted_count=0
 full_count=0

Compilation events (10 events):
Event: 236.539 Thread 0x00000176a1433000 nmethod 14073 0x000001768fd1ae10 code [0x000001768fd1afe0, 0x000001768fd1b4b8]
Event: 236.567 Thread 0x00000176ab474800 nmethod 14070 0x0000017695cd5c90 code [0x0000017695cd5f80, 0x0000017695cd7ab0]
Event: 236.591 Thread 0x00000176a1433000 14074   !   3       java.util.ArrayList$Itr::remove (68 bytes)
Event: 236.592 Thread 0x00000176a1433000 nmethod 14074 0x000001768fd1b690 code [0x000001768fd1b8c0, 0x000001768fd1bfe8]
Event: 236.592 Thread 0x00000176ab474800 14075       4       org.gradle.internal.instantiation.generator.AsmBackedClassGenerator::getDisplayNameForNext (21 bytes)
Event: 236.601 Thread 0x00000176ab474800 nmethod 14075 0x0000017695cd8690 code [0x0000017695cd8840, 0x0000017695cd8b78]
Event: 236.621 Thread 0x00000176ab474800 14076       4       org.gradle.internal.resolve.result.DefaultBuildableComponentResolveResult::hasResult (20 bytes)
Event: 236.622 Thread 0x00000176ab474800 nmethod 14076 0x0000017695cd8e90 code [0x0000017695cd9000, 0x0000017695cd9098]
Event: 236.622 Thread 0x00000176ab474800 14077       4       java.util.stream.Collectors$$Lambda$6/0x0000000100061840::accept (11 bytes)
Event: 236.623 Thread 0x00000176ab474800 nmethod 14077 0x0000017695cd9110 code [0x0000017695cd92a0, 0x0000017695cd9368]

GC Heap History (10 events):
Event: 16.088 GC heap before
{Heap before GC invocations=10 (full 0):
 garbage-first heap   total 262144K, used 187244K [0x00000000e0000000, 0x0000000100000000)
  region size 1024K, 153 young (156672K), 16 survivors (16384K)
 Metaspace       used 68633K, capacity 71076K, committed 71376K, reserved 446464K
  class space    used 9083K, capacity 10046K, committed 10112K, reserved 385024K
}
Event: 16.103 GC heap after
{Heap after GC invocations=11 (full 0):
 garbage-first heap   total 262144K, used 56890K [0x00000000e0000000, 0x0000000100000000)
  region size 1024K, 19 young (19456K), 19 survivors (19456K)
 Metaspace       used 68633K, capacity 71076K, committed 71376K, reserved 446464K
  class space    used 9083K, capacity 10046K, committed 10112K, reserved 385024K
}
Event: 19.556 GC heap before
{Heap before GC invocations=11 (full 0):
 garbage-first heap   total 262144K, used 195130K [0x00000000e0000000, 0x0000000100000000)
  region size 1024K, 153 young (156672K), 19 survivors (19456K)
 Metaspace       used 78561K, capacity 81360K, committed 81616K, reserved 456704K
  class space    used 10258K, capacity 11310K, committed 11392K, reserved 385024K
}
Event: 19.583 GC heap after
{Heap after GC invocations=12 (full 0):
 garbage-first heap   total 262144K, used 75776K [0x00000000e0000000, 0x0000000100000000)
  region size 1024K, 20 young (20480K), 20 survivors (20480K)
 Metaspace       used 78561K, capacity 81360K, committed 81616K, reserved 456704K
  class space    used 10258K, capacity 11310K, committed 11392K, reserved 385024K
}
Event: 39.694 GC heap before
{Heap before GC invocations=12 (full 0):
 garbage-first heap   total 262144K, used 197632K [0x00000000e0000000, 0x0000000100000000)
  region size 1024K, 140 young (143360K), 20 survivors (20480K)
 Metaspace       used 82729K, capacity 85801K, committed 85968K, reserved 460800K
  class space    used 10660K, capacity 11807K, committed 11904K, reserved 385024K
}
Event: 39.715 GC heap after
{Heap after GC invocations=13 (full 0):
 garbage-first heap   total 262144K, used 80764K [0x00000000e0000000, 0x0000000100000000)
  region size 1024K, 8 young (8192K), 8 survivors (8192K)
 Metaspace       used 82729K, capacity 85801K, committed 85968K, reserved 460800K
  class space    used 10660K, capacity 11807K, committed 11904K, reserved 385024K
}
Event: 54.787 GC heap before
{Heap before GC invocations=13 (full 0):
 garbage-first heap   total 262144K, used 202620K [0x00000000e0000000, 0x0000000100000000)
  region size 1024K, 127 young (130048K), 8 survivors (8192K)
 Metaspace       used 83400K, capacity 86485K, committed 86736K, reserved 460800K
  class space    used 10671K, capacity 11821K, committed 11904K, reserved 385024K
}
Event: 54.794 GC heap after
{Heap after GC invocations=14 (full 0):
 garbage-first heap   total 262144K, used 79516K [0x00000000e0000000, 0x0000000100000000)
  region size 1024K, 7 young (7168K), 7 survivors (7168K)
 Metaspace       used 83400K, capacity 86485K, committed 86736K, reserved 460800K
  class space    used 10671K, capacity 11821K, committed 11904K, reserved 385024K
}
Event: 223.970 GC heap before
{Heap before GC invocations=14 (full 0):
 garbage-first heap   total 262144K, used 203420K [0x00000000e0000000, 0x0000000100000000)
  region size 1024K, 129 young (132096K), 7 survivors (7168K)
 Metaspace       used 84475K, capacity 87621K, committed 87888K, reserved 462848K
  class space    used 10742K, capacity 11905K, committed 12032K, reserved 385024K
}
Event: 223.991 GC heap after
{Heap after GC invocations=15 (full 0):
 garbage-first heap   total 262144K, used 79655K [0x00000000e0000000, 0x0000000100000000)
  region size 1024K, 7 young (7168K), 7 survivors (7168K)
 Metaspace       used 84475K, capacity 87621K, committed 87888K, reserved 462848K
  class space    used 10742K, capacity 11905K, committed 12032K, reserved 385024K
}

Deoptimization events (10 events):
Event: 220.268 Thread 0x00000176a5a8b800 Uncommon trap: reason=unstable_if action=reinterpret pc=0x00000176959af4b4 method=java.util.zip.CRC32.updateBytesCheck([BII)V @ 1 c2
Event: 221.931 Thread 0x00000176a765d000 Uncommon trap: reason=profile_predicate action=maybe_recompile pc=0x0000017695bc8620 method=java.util.regex.Pattern$CharPropertyGreedy.match(Ljava/util/regex/Matcher;ILjava/lang/CharSequence;)Z @ 70 c2
Event: 221.931 Thread 0x00000176a765d000 Uncommon trap: reason=profile_predicate action=maybe_recompile pc=0x0000017695bc8620 method=java.util.regex.Pattern$CharPropertyGreedy.match(Ljava/util/regex/Matcher;ILjava/lang/CharSequence;)Z @ 70 c2
Event: 221.976 Thread 0x00000176a765d000 Uncommon trap: reason=profile_predicate action=maybe_recompile pc=0x0000017695bc8620 method=java.util.regex.Pattern$CharPropertyGreedy.match(Ljava/util/regex/Matcher;ILjava/lang/CharSequence;)Z @ 70 c2
Event: 221.976 Thread 0x00000176a765d000 Uncommon trap: reason=profile_predicate action=maybe_recompile pc=0x0000017695bc8620 method=java.util.regex.Pattern$CharPropertyGreedy.match(Ljava/util/regex/Matcher;ILjava/lang/CharSequence;)Z @ 70 c2
Event: 225.843 Thread 0x00000176a765d000 Uncommon trap: reason=intrinsic_or_type_checked_inlining action=make_not_entrant pc=0x0000017695c55e58 method=java.util.ArrayList$SubList.toArray([Ljava/lang/Object;)[Ljava/lang/Object; @ 58 c2
Event: 235.957 Thread 0x00000176a7304800 Uncommon trap: reason=null_check action=make_not_entrant pc=0x0000017695cb5c74 method=org.gradle.tooling.internal.provider.runner.ClientBuildEventGenerator$Disabled.accept(Lorg/gradle/internal/operations/BuildOperationDescriptor;)Lorg/gradle/tooling/inter
Event: 236.128 Thread 0x00000176a7304800 Uncommon trap: reason=class_check action=make_not_entrant pc=0x0000017695cc55a8 method=java.util.ArrayList.toArray([Ljava/lang/Object;)[Ljava/lang/Object; @ 21 c2
Event: 236.313 Thread 0x00000176a7304800 Uncommon trap: reason=profile_predicate action=maybe_recompile pc=0x0000017695bfd2e8 method=java.util.regex.Pattern$CharPropertyGreedy.match(Ljava/util/regex/Matcher;ILjava/lang/CharSequence;)Z @ 12 c2
Event: 236.313 Thread 0x00000176a7304800 Uncommon trap: reason=profile_predicate action=maybe_recompile pc=0x0000017695bfd2e8 method=java.util.regex.Pattern$CharPropertyGreedy.match(Ljava/util/regex/Matcher;ILjava/lang/CharSequence;)Z @ 12 c2

Classes redefined (0 events):
No events

Internal exceptions (10 events):
Event: 220.589 Thread 0x00000176a7304800 Exception <a 'sun/nio/fs/WindowsException'{0x00000000ea5d1b00}> (0x00000000ea5d1b00) thrown at [./open/src/hotspot/share/prims/jni.cpp, line 611]
Event: 220.590 Thread 0x00000176a7304800 Exception <a 'sun/nio/fs/WindowsException'{0x00000000ea5d68f8}> (0x00000000ea5d68f8) thrown at [./open/src/hotspot/share/prims/jni.cpp, line 611]
Event: 220.590 Thread 0x00000176a7304800 Exception <a 'sun/nio/fs/WindowsException'{0x00000000ea5d7e28}> (0x00000000ea5d7e28) thrown at [./open/src/hotspot/share/prims/jni.cpp, line 611]
Event: 221.450 Thread 0x00000176a7304800 Exception <a 'java/lang/NoClassDefFoundError'{0x00000000ea1da0d8}: org/jetbrains/kotlin/gradle/plugin/KotlinPluginWrapper> (0x00000000ea1da0d8) thrown at [./open/src/hotspot/share/oops/constantPool.cpp, line 770]
Event: 235.957 Thread 0x00000176a7304800 Implicit null exception at 0x0000017695cb5bdb to 0x0000017695cb5c68
Event: 236.026 Thread 0x00000176a7304800 Exception <a 'sun/nio/fs/WindowsException'{0x00000000eba6e420}> (0x00000000eba6e420) thrown at [./open/src/hotspot/share/prims/jni.cpp, line 611]
Event: 236.027 Thread 0x00000176a7304800 Exception <a 'sun/nio/fs/WindowsException'{0x00000000eba6f978}> (0x00000000eba6f978) thrown at [./open/src/hotspot/share/prims/jni.cpp, line 611]
Event: 236.032 Thread 0x00000176a7304800 Exception <a 'sun/nio/fs/WindowsException'{0x00000000eba70ed0}> (0x00000000eba70ed0) thrown at [./open/src/hotspot/share/prims/jni.cpp, line 611]
Event: 236.033 Thread 0x00000176a7304800 Exception <a 'sun/nio/fs/WindowsException'{0x00000000eba72400}> (0x00000000eba72400) thrown at [./open/src/hotspot/share/prims/jni.cpp, line 611]
Event: 236.325 Thread 0x00000176a7304800 Exception <a 'java/lang/NoClassDefFoundError'{0x00000000eb681848}: org/jetbrains/kotlin/gradle/plugin/KotlinPluginWrapper> (0x00000000eb681848) thrown at [./open/src/hotspot/share/oops/constantPool.cpp, line 770]

Events (10 events):
Event: 236.473 Executing VM operation: RevokeBias done
Event: 236.476 Executing VM operation: RevokeBias
Event: 236.477 Executing VM operation: RevokeBias done
Event: 236.490 Executing VM operation: RevokeBias
Event: 236.491 Executing VM operation: RevokeBias done
Event: 236.528 Thread 0x00000176a765f000 Thread added: 0x00000176a765f000
Event: 236.538 Thread 0x00000176a7663800 Thread added: 0x00000176a7663800
Event: 236.586 Thread 0x00000176a7666000 Thread added: 0x00000176a7666000
Event: 236.623 Thread 0x00000176a7661000 Thread added: 0x00000176a7661000
Event: 236.635 Thread 0x00000176a7660000 Thread added: 0x00000176a7660000


Dynamic libraries:
0x00007ff6c3420000 - 0x00007ff6c3430000 	C:\Program Files\Java\jdk-11\bin\java.exe
0x00007ff893180000 - 0x00007ff893389000 	C:\WINDOWS\SYSTEM32\ntdll.dll
0x00007ff891c70000 - 0x00007ff891d2d000 	C:\WINDOWS\System32\KERNEL32.DLL
0x00007ff890750000 - 0x00007ff890ad4000 	C:\WINDOWS\System32\KERNELBASE.dll
0x00007ff890ba0000 - 0x00007ff890cb1000 	C:\WINDOWS\System32\ucrtbase.dll
0x00007ff87baf0000 - 0x00007ff87bb09000 	C:\Program Files\Java\jdk-11\bin\jli.dll
0x00007ff87bb10000 - 0x00007ff87bb2b000 	C:\Program Files\Java\jdk-11\bin\VCRUNTIME140.dll
0x00007ff892e00000 - 0x00007ff892eae000 	C:\WINDOWS\System32\ADVAPI32.dll
0x00007ff891630000 - 0x00007ff8916d3000 	C:\WINDOWS\System32\msvcrt.dll
0x00007ff891e80000 - 0x00007ff891f1e000 	C:\WINDOWS\System32\sechost.dll
0x00007ff892710000 - 0x00007ff892831000 	C:\WINDOWS\System32\RPCRT4.dll
0x00007ff892c50000 - 0x00007ff892dfd000 	C:\WINDOWS\System32\USER32.dll
0x00007ff8906b0000 - 0x00007ff8906d6000 	C:\WINDOWS\System32\win32u.dll
0x00007ff8916e0000 - 0x00007ff89170a000 	C:\WINDOWS\System32\GDI32.dll
0x00007ff890d40000 - 0x00007ff890e5e000 	C:\WINDOWS\System32\gdi32full.dll
0x00007ff890610000 - 0x00007ff8906ad000 	C:\WINDOWS\System32\msvcp_win.dll
0x00007ff881cb0000 - 0x00007ff881f55000 	C:\WINDOWS\WinSxS\amd64_microsoft.windows.common-controls_6595b64144ccf1df_6.0.22000.120_none_9d947278b86cc467\COMCTL32.dll
0x00007ff885dd0000 - 0x00007ff885dda000 	C:\WINDOWS\SYSTEM32\VERSION.dll
0x00007ff892ee0000 - 0x00007ff892f11000 	C:\WINDOWS\System32\IMM32.DLL
0x00007ff87bae0000 - 0x00007ff87baec000 	C:\Program Files\Java\jdk-11\bin\vcruntime140_1.dll
0x00007ff8729f0000 - 0x00007ff872a7e000 	C:\Program Files\Java\jdk-11\bin\msvcp140.dll
0x00007ff855f00000 - 0x00007ff856a6d000 	C:\Program Files\Java\jdk-11\bin\server\jvm.dll
0x00007ff893110000 - 0x00007ff893118000 	C:\WINDOWS\System32\PSAPI.DLL
0x00007ff888f30000 - 0x00007ff888f63000 	C:\WINDOWS\SYSTEM32\WINMM.dll
0x00007ff87ef10000 - 0x00007ff87ef19000 	C:\WINDOWS\SYSTEM32\WSOCK32.dll
0x00007ff891050000 - 0x00007ff8910bf000 	C:\WINDOWS\System32\WS2_32.dll
0x00007ff88f680000 - 0x00007ff88f698000 	C:\WINDOWS\SYSTEM32\kernel.appcore.dll
0x00007ff87bad0000 - 0x00007ff87bae0000 	C:\Program Files\Java\jdk-11\bin\verify.dll
0x00007ff88e240000 - 0x00007ff88e461000 	C:\WINDOWS\SYSTEM32\DBGHELP.DLL
0x00007ff87adc0000 - 0x00007ff87adf1000 	C:\WINDOWS\SYSTEM32\dbgcore.DLL
0x00007ff890cc0000 - 0x00007ff890d3f000 	C:\WINDOWS\System32\bcryptPrimitives.dll
0x00007ff875a40000 - 0x00007ff875a68000 	C:\Program Files\Java\jdk-11\bin\java.dll
0x00007ff87b5f0000 - 0x00007ff87b5fa000 	C:\Program Files\Java\jdk-11\bin\jimage.dll
0x00007ff882910000 - 0x00007ff88291e000 	C:\Program Files\Java\jdk-11\bin\instrument.dll
0x00007ff875a20000 - 0x00007ff875a37000 	C:\Program Files\Java\jdk-11\bin\zip.dll
0x00007ff891f20000 - 0x00007ff8926e5000 	C:\WINDOWS\System32\SHELL32.dll
0x00007ff88e6e0000 - 0x00007ff88ef42000 	C:\WINDOWS\SYSTEM32\windows.storage.dll
0x00007ff8928d0000 - 0x00007ff892c46000 	C:\WINDOWS\System32\combase.dll
0x00007ff88e470000 - 0x00007ff88e5d7000 	C:\WINDOWS\SYSTEM32\wintypes.dll
0x00007ff8910c0000 - 0x00007ff8911aa000 	C:\WINDOWS\System32\SHCORE.dll
0x00007ff892f90000 - 0x00007ff892fed000 	C:\WINDOWS\System32\shlwapi.dll
0x00007ff890540000 - 0x00007ff890565000 	C:\WINDOWS\SYSTEM32\profapi.dll
0x00007ff875930000 - 0x00007ff875949000 	C:\Program Files\Java\jdk-11\bin\net.dll
0x00007ff888a10000 - 0x00007ff888b24000 	C:\WINDOWS\SYSTEM32\WINHTTP.dll
0x00007ff88fba0000 - 0x00007ff88fc07000 	C:\WINDOWS\system32\mswsock.dll
0x00007ff875720000 - 0x00007ff875732000 	C:\Program Files\Java\jdk-11\bin\nio.dll
0x00007ff86fe40000 - 0x00007ff86fe67000 	C:\Users\LG\.gradle\native\68d5fa5c4cc2d200863cafc0d521ce42e7d3e7ee720ec0a83991735586a16f82\windows-amd64\native-platform.dll
0x00007ff8512b0000 - 0x00007ff8513f4000 	C:\Users\LG\.gradle\native\e376f236ea51e6404a007f0833ffe2c6e607c4080706a723a18a27aeea778392\windows-amd64\native-platform-file-events.dll
0x00007ff87ba60000 - 0x00007ff87ba69000 	C:\Program Files\Java\jdk-11\bin\management.dll
0x00007ff87b650000 - 0x00007ff87b65b000 	C:\Program Files\Java\jdk-11\bin\management_ext.dll
0x00007ff88fe20000 - 0x00007ff88fe38000 	C:\WINDOWS\SYSTEM32\CRYPTSP.dll
0x00007ff88f5e0000 - 0x00007ff88f615000 	C:\WINDOWS\system32\rsaenh.dll
0x00007ff88fcc0000 - 0x00007ff88fcec000 	C:\WINDOWS\SYSTEM32\USERENV.dll
0x00007ff88ffe0000 - 0x00007ff890007000 	C:\WINDOWS\SYSTEM32\bcrypt.dll
0x00007ff88fe10000 - 0x00007ff88fe1c000 	C:\WINDOWS\SYSTEM32\CRYPTBASE.dll
0x00007ff88f1a0000 - 0x00007ff88f1cd000 	C:\WINDOWS\SYSTEM32\IPHLPAPI.DLL
0x00007ff892700000 - 0x00007ff892709000 	C:\WINDOWS\System32\NSI.dll
0x00007ff888e30000 - 0x00007ff888e49000 	C:\WINDOWS\SYSTEM32\dhcpcsvc6.DLL
0x00007ff889360000 - 0x00007ff88937e000 	C:\WINDOWS\SYSTEM32\dhcpcsvc.DLL
0x00007ff88f1d0000 - 0x00007ff88f2b7000 	C:\WINDOWS\SYSTEM32\DNSAPI.dll
0x00007ff86f7d0000 - 0x00007ff86f7f7000 	C:\Program Files\Java\jdk-11\bin\sunec.dll
0x00007ff885c50000 - 0x00007ff885c5a000 	C:\Windows\System32\rasadhlp.dll
0x00007ff885e00000 - 0x00007ff885e81000 	C:\WINDOWS\System32\fwpuclnt.dll
0x00007ff875a10000 - 0x00007ff875a1e000 	C:\Program Files\Java\jdk-11\bin\sunmscapi.dll
0x00007ff890e60000 - 0x00007ff890fc2000 	C:\WINDOWS\System32\CRYPT32.dll
0x00007ff88ffb0000 - 0x00007ff88ffd8000 	C:\WINDOWS\SYSTEM32\ncrypt.dll
0x00007ff88ff70000 - 0x00007ff88ffa7000 	C:\WINDOWS\SYSTEM32\NTASN1.dll

dbghelp: loaded successfully - version: 4.0.5 - missing functions: none
symbol engine: initialized successfully - sym options: 0x614 - pdb path: .;C:\Program Files\Java\jdk-11\bin;C:\WINDOWS\SYSTEM32;C:\WINDOWS\WinSxS\amd64_microsoft.windows.common-controls_6595b64144ccf1df_6.0.22000.120_none_9d947278b86cc467;C:\Program Files\Java\jdk-11\bin\server;C:\Users\LG\.gradle\native\68d5fa5c4cc2d200863cafc0d521ce42e7d3e7ee720ec0a83991735586a16f82\windows-amd64;C:\Users\LG\.gradle\native\e376f236ea51e6404a007f0833ffe2c6e607c4080706a723a18a27aeea778392\windows-amd64

VM Arguments:
jvm_args: --add-opens=java.base/java.util=ALL-UNNAMED --add-opens=java.base/java.lang=ALL-UNNAMED --add-opens=java.base/java.lang.invoke=ALL-UNNAMED --add-opens=java.prefs/java.util.prefs=ALL-UNNAMED --add-opens=java.base/java.nio.charset=ALL-UNNAMED --add-opens=java.base/java.net=ALL-UNNAMED --add-opens=java.base/java.util.concurrent.atomic=ALL-UNNAMED -XX:MaxMetaspaceSize=384m -XX:+HeapDumpOnOutOfMemoryError -Xms256m -Xmx512m -Dfile.encoding=x-windows-949 -Duser.country=KR -Duser.language=ko -Duser.variant -javaagent:C:\Users\LG\.gradle\wrapper\dists\gradle-8.2.1-bin\5hap6b9n41hkg4jeh2au2pllh\gradle-8.2.1\lib\agents\gradle-instrumentation-agent-8.2.1.jar 
java_command: org.gradle.launcher.daemon.bootstrap.GradleDaemon 8.2.1
java_class_path (initial): C:\Users\LG\.gradle\wrapper\dists\gradle-8.2.1-bin\5hap6b9n41hkg4jeh2au2pllh\gradle-8.2.1\lib\gradle-launcher-8.2.1.jar
Launcher Type: SUN_STANDARD

[Global flags]
     intx CICompilerCount                          = 4                                         {product} {ergonomic}
   size_t CompressedClassSpaceSize                 = 394264576                                 {product} {ergonomic}
     uint ConcGCThreads                            = 2                                         {product} {ergonomic}
     uint G1ConcRefinementThreads                  = 8                                         {product} {ergonomic}
   size_t G1HeapRegionSize                         = 1048576                                   {product} {ergonomic}
    uintx GCDrainStackTargetSize                   = 64                                        {product} {ergonomic}
     bool HeapDumpOnOutOfMemoryError               = true                                   {manageable} {command line}
   size_t InitialHeapSize                          = 268435456                                 {product} {command line}
   size_t MarkStackSize                            = 4194304                                   {product} {ergonomic}
   size_t MaxHeapSize                              = 536870912                                 {product} {command line}
   size_t MaxMetaspaceSize                         = 402653184                                 {product} {command line}
   size_t MaxNewSize                               = 321912832                                 {product} {ergonomic}
   size_t MinHeapDeltaBytes                        = 1048576                                   {product} {ergonomic}
    uintx NonNMethodCodeHeapSize                   = 5836300                                {pd product} {ergonomic}
    uintx NonProfiledCodeHeapSize                  = 122910970                              {pd product} {ergonomic}
    uintx ProfiledCodeHeapSize                     = 122910970                              {pd product} {ergonomic}
    uintx ReservedCodeCacheSize                    = 251658240                              {pd product} {ergonomic}
     bool SegmentedCodeCache                       = true                                      {product} {ergonomic}
     bool UseCompressedClassPointers               = true                                 {lp64_product} {ergonomic}
     bool UseCompressedOops                        = true                                 {lp64_product} {ergonomic}
     bool UseG1GC                                  = true                                      {product} {ergonomic}
     bool UseLargePagesIndividualAllocation        = false                                  {pd product} {ergonomic}

Logging:
Log output configuration:
 #0: stdout all=warning uptime,level,tags
 #1: stderr all=off uptime,level,tags

Environment Variables:
JAVA_HOME=C:\jdk-11.0.2
CLASSPATH=C:\jdk-11.0.2\lib
PATH=C:\jdk-11.0.2\bin;C:\jdk-11.0.2;C:\Program Files\Eclipse Adoptium\jdk-8.0.382.5-hotspot\bin;C:\oraclexe\app\oracle\product\10.2.0\server\bin;C:\Program Files (x86)\Common Files\Oracle\Java\javapath;C:\Program Files (x86)\Intel\iCLS Client\;C:\Program Files\Intel\iCLS Client\;C:\windows\system32;C:\windows;C:\windows\System32\Wbem;C:\windows\System32\WindowsPowerShell\v1.0\;C:\Program Files (x86)\Intel\Intel(R) Management Engine Components\DAL;C:\Program Files\Intel\Intel(R) Management Engine Components\DAL;C:\Program Files (x86)\Intel\Intel(R) Management Engine Components\IPT;C:\Program Files\Intel\Intel(R) Management Engine Components\IPT;C:\Program Files\Intel\WiFi\bin\;C:\Program Files\Common Files\Intel\WirelessCommon\;C:\Program Files (x86)\NVIDIA Corporation\PhysX\Common;C:\Program Files (x86)\Skype\Phone\;C:\WINDOWS\system32;C:\WINDOWS;C:\WINDOWS\System32\Wbem;C:\WINDOWS\System32\WindowsPowerShell\v1.0\;C:\WINDOWS\System32\OpenSSH\;C:\Program Files\nodejs\;D:\openssl-0.9.8e_X64\bin;C:\ProgramData\chocolatey\bin;C:\ProgramData\chocolatey\lib\maven\apache-maven-3.9.4\bin;C:\Program Files\Git\cmd;C:\Program Files\MariaDB 10.11\bin;D:\Scripts\;D:\;C:\Users\LG\AppData\Local\Microsoft\WindowsApps;C:\Users\LG\AppData\Local\afreeca;C:\altera\13.1\modelsim_ase\win32aloem;D:\PyCharm Community Edition 2022.1.3\bin;;C:\Users\LG\AppData\Local\Programs\Microsoft VS Code\bin;C:\Users\LG\AppData\Roaming\npm;C:\Program Files\Java\jdk-1.8\bin;D:\IntelliJ IDEA Community Edition 2023.1.3\bin;;
USERNAME=LG
OS=Windows_NT
PROCESSOR_IDENTIFIER=Intel64 Family 6 Model 142 Stepping 10, GenuineIntel



---------------  S Y S T E M  ---------------

OS: Windows 11 , 64 bit Build 22000 (10.0.22000.2538)

CPU:total 8 (initial active 8) (4 cores per cpu, 2 threads per core) family 6 model 142 stepping 10 microcode 0xe0, cmov, cx8, fxsr, mmx, sse, sse2, sse3, ssse3, sse4.1, sse4.2, popcnt, avx, avx2, aes, clmul, erms, 3dnowpref, lzcnt, ht, tsc, tscinvbit, bmi1, bmi2, adx, fma

Memory: 4k page, system-wide physical 8101M (732M free)
TotalPageFile size 16293M (AvailPageFile size 2M)
current process WorkingSet (physical memory assigned to process): 320M, peak: 492M
current process commit charge ("private bytes"): 543M, peak: 555M

vm_info: Java HotSpot(TM) 64-Bit Server VM (11.0.20+9-LTS-256) for windows-amd64 JRE (11.0.20+9-LTS-256), built on Jun 14 2023 10:34:22 by "mach5one" with MS VC++ 17.1 (VS2022)

END.
