#
# There is insufficient memory for the Java Runtime Environment to continue.
# Native memory allocation (malloc) failed to allocate 32744 bytes for ChunkPool::allocate
# Possible reasons:
#   The system is out of physical RAM or swap space
#   The process is running with CompressedOops enabled, and the Java Heap may be blocking the growth of the native heap
# Possible solutions:
#   Reduce memory load on the system
#   Increase physical memory or swap space
#   Check if swap backing store is full
#   Decrease Java heap size (-Xmx/-Xms)
#   Decrease number of Java threads
#   Decrease Java thread stack sizes (-Xss)
#   Set larger code cache with -XX:ReservedCodeCacheSize=
#   JVM is running with Unscaled Compressed Oops mode in which the Java heap is
#     placed in the first 4GB address space. The Java Heap base address is the
#     maximum limit for the native heap growth. Please use -XX:HeapBaseMinAddress
#     to set the Java Heap base and to place the Java Heap above 4GB virtual address.
# This output file may be truncated or incomplete.
#
#  Out of Memory Error (./open/src/hotspot/share/memory/arena.cpp:81), pid=45100, tid=42220
#
# JRE version: Java(TM) SE Runtime Environment 18.9 (11.0.20+9) (build 11.0.20+9-LTS-256)
# Java VM: Java HotSpot(TM) 64-Bit Server VM 18.9 (11.0.20+9-LTS-256, mixed mode, tiered, compressed oops, g1 gc, windows-amd64)
# No core dump will be written. Minidumps are not enabled by default on client versions of Windows
#

---------------  S U M M A R Y ------------

Command Line: -javaagent:D:\IntelliJ IDEA Community Edition 2023.1.3\lib\idea_rt.jar=12405:D:\IntelliJ IDEA Community Edition 2023.1.3\bin -Dfile.encoding=UTF-8 com.example.Volunteer.VolunteerApplication

Host: Intel(R) Core(TM) i5-8250U CPU @ 1.60GHz, 8 cores, 7G,  Windows 11 , 64 bit Build 22000 (10.0.22000.2538)
Time: Thu Nov 16 18:51:41 2023  Windows 11 , 64 bit Build 22000 (10.0.22000.2538) elapsed time: 7.874974 seconds (0d 0h 0m 7s)

---------------  T H R E A D  ---------------

Current thread (0x000001ad322f3000):  JavaThread "C2 CompilerThread0" daemon [_thread_in_native, id=42220, stack(0x000000a853700000,0x000000a853800000)]


Current CompileTask:
C2:   7875 3019   !   4       jdk.internal.loader.BuiltinClassLoader::loadClassOrNull (143 bytes)

Stack: [0x000000a853700000,0x000000a853800000]
Native frames: (J=compiled Java code, j=interpreted, Vv=VM code, C=native code)
V  [jvm.dll+0x6602ba]
V  [jvm.dll+0x7a32af]
V  [jvm.dll+0x7a4979]
V  [jvm.dll+0x7a5013]
V  [jvm.dll+0x258ef5]
V  [jvm.dll+0xb2c7f]
V  [jvm.dll+0xb2fcc]
V  [jvm.dll+0xb2b24]
V  [jvm.dll+0x63fbaf]
V  [jvm.dll+0x69097b]
V  [jvm.dll+0x1a2c40]
V  [jvm.dll+0x211d4d]
V  [jvm.dll+0x210bc8]
V  [jvm.dll+0x18cdb1]
V  [jvm.dll+0x220e59]
V  [jvm.dll+0x21f17c]
V  [jvm.dll+0x767061]
V  [jvm.dll+0x75f8e4]
V  [jvm.dll+0x65f165]
C  [ucrtbase.dll+0x26c0c]
C  [KERNEL32.DLL+0x153e0]
C  [ntdll.dll+0x485b]


---------------  P R O C E S S  ---------------

Threads class SMR info:
_java_thread_list=0x000001ad33204840, length=11, elements={
0x000001ad13aa5800, 0x000001ad31a6f800, 0x000001ad31a7b800, 0x000001ad322e9000,
0x000001ad322ed000, 0x000001ad322f0000, 0x000001ad322f3000, 0x000001ad322f4800,
0x000001ad322f7800, 0x000001ad322f8000, 0x000001ad322fa000
}

Java Threads: ( => current thread )
  0x000001ad13aa5800 JavaThread "main" [_thread_in_Java, id=47316, stack(0x000000a852b00000,0x000000a852c00000)]
  0x000001ad31a6f800 JavaThread "Reference Handler" daemon [_thread_blocked, id=48800, stack(0x000000a853200000,0x000000a853300000)]
  0x000001ad31a7b800 JavaThread "Finalizer" daemon [_thread_blocked, id=48340, stack(0x000000a853300000,0x000000a853400000)]
  0x000001ad322e9000 JavaThread "Signal Dispatcher" daemon [_thread_blocked, id=42788, stack(0x000000a853400000,0x000000a853500000)]
  0x000001ad322ed000 JavaThread "Attach Listener" daemon [_thread_blocked, id=44572, stack(0x000000a853500000,0x000000a853600000)]
  0x000001ad322f0000 JavaThread "Service Thread" daemon [_thread_blocked, id=38932, stack(0x000000a853600000,0x000000a853700000)]
=>0x000001ad322f3000 JavaThread "C2 CompilerThread0" daemon [_thread_in_native, id=42220, stack(0x000000a853700000,0x000000a853800000)]
  0x000001ad322f4800 JavaThread "C1 CompilerThread0" daemon [_thread_in_vm, id=20856, stack(0x000000a853800000,0x000000a853900000)]
  0x000001ad322f7800 JavaThread "Sweeper thread" daemon [_thread_blocked, id=38960, stack(0x000000a853900000,0x000000a853a00000)]
  0x000001ad322f8000 JavaThread "Common-Cleaner" daemon [_thread_blocked, id=24236, stack(0x000000a853a00000,0x000000a853b00000)]
  0x000001ad322fa000 JavaThread "Monitor Ctrl-Break" daemon [_thread_in_native, id=45860, stack(0x000000a853b00000,0x000000a853c00000)]

Other Threads:
  0x000001ad31a4a000 VMThread "VM Thread" [stack: 0x000000a853100000,0x000000a853200000] [id=43892]
  0x000001ad3290b800 WatcherThread [stack: 0x000000a853c00000,0x000000a853d00000] [id=48084]
  0x000001ad13aba800 GCTaskThread "GC Thread#0" [stack: 0x000000a852c00000,0x000000a852d00000] [id=44604]
  0x000001ad3306b000 GCTaskThread "GC Thread#1" [stack: 0x000000a853e00000,0x000000a853f00000] [id=48960]
  0x000001ad33111000 GCTaskThread "GC Thread#2" [stack: 0x000000a853f00000,0x000000a854000000] [id=10380]
  0x000001ad33db5800 GCTaskThread "GC Thread#3" [stack: 0x000000a854100000,0x000000a854200000] [id=47836]
  0x000001ad13aed000 ConcurrentGCThread "G1 Main Marker" [stack: 0x000000a852d00000,0x000000a852e00000] [id=47800]
  0x000001ad13aee800 ConcurrentGCThread "G1 Conc#0" [stack: 0x000000a852e00000,0x000000a852f00000] [id=39248]
  0x000001ad33b2e800 ConcurrentGCThread "G1 Conc#1" [stack: 0x000000a854200000,0x000000a854300000] [id=45588]
  0x000001ad13b6d800 ConcurrentGCThread "G1 Refine#0" [stack: 0x000000a852f00000,0x000000a853000000] [id=24716]
  0x000001ad318b2800 ConcurrentGCThread "G1 Young RemSet Sampling" [stack: 0x000000a853000000,0x000000a853100000] [id=46516]

Threads with active compile tasks:
C2 CompilerThread0     7915 3019   !   4       jdk.internal.loader.BuiltinClassLoader::loadClassOrNull (143 bytes)

VM state:not at safepoint (normal execution)

VM Mutex/Monitor currently owned by a thread: None

Heap address: 0x0000000081600000, size: 2026 MB, Compressed Oops mode: 32-bit
Narrow klass base: 0x0000000000000000, Narrow klass shift: 3
Compressed class space size: 1073741824 Address: 0x0000000100000000

Heap:
 garbage-first heap   total 131072K, used 44043K [0x0000000081600000, 0x0000000100000000)
  region size 1024K, 36 young (36864K), 4 survivors (4096K)
 Metaspace       used 33059K, capacity 34029K, committed 34304K, reserved 1079296K
  class space    used 3887K, capacity 4294K, committed 4352K, reserved 1048576K
Heap Regions: E=young(eden), S=young(survivor), O=old, HS=humongous(starts), HC=humongous(continues), CS=collection set, F=free, A=archive, TAMS=top-at-mark-start (previous, next)
|   0|0x0000000081600000, 0x0000000081700000, 0x0000000081700000|100%|HS|  |TAMS 0x0000000081700000, 0x0000000081600000| Complete 
|   1|0x0000000081700000, 0x0000000081800000, 0x0000000081800000|100%| O|  |TAMS 0x0000000081800000, 0x0000000081700000| Untracked 
|   2|0x0000000081800000, 0x0000000081900000, 0x0000000081900000|100%| O|  |TAMS 0x0000000081900000, 0x0000000081800000| Untracked 
|   3|0x0000000081900000, 0x0000000081a00000, 0x0000000081a00000|100%| O|  |TAMS 0x00000000819ac200, 0x0000000081900000| Untracked 
|   4|0x0000000081a00000, 0x0000000081b00000, 0x0000000081b00000|100%| O|  |TAMS 0x0000000081a00000, 0x0000000081a00000| Untracked 
|   5|0x0000000081b00000, 0x0000000081c00000, 0x0000000081c00000|100%| O|  |TAMS 0x0000000081b00000, 0x0000000081b00000| Untracked 
|   6|0x0000000081c00000, 0x0000000081d00000, 0x0000000081d00000|100%| O|  |TAMS 0x0000000081c00000, 0x0000000081c00000| Untracked 
|   7|0x0000000081d00000, 0x0000000081e00000, 0x0000000081e00000|100%| O|  |TAMS 0x0000000081d00000, 0x0000000081d00000| Untracked 
|   8|0x0000000081e00000, 0x0000000081eda600, 0x0000000081f00000| 85%| O|  |TAMS 0x0000000081e00000, 0x0000000081e00000| Untracked 
|   9|0x0000000081f00000, 0x0000000081f00000, 0x0000000082000000|  0%| F|  |TAMS 0x0000000081f00000, 0x0000000081f00000| Untracked 
|  10|0x0000000082000000, 0x0000000082000000, 0x0000000082100000|  0%| F|  |TAMS 0x0000000082000000, 0x0000000082000000| Untracked 
|  11|0x0000000082100000, 0x0000000082100000, 0x0000000082200000|  0%| F|  |TAMS 0x0000000082100000, 0x0000000082100000| Untracked 
|  12|0x0000000082200000, 0x0000000082200000, 0x0000000082300000|  0%| F|  |TAMS 0x0000000082200000, 0x0000000082200000| Untracked 
|  13|0x0000000082300000, 0x0000000082300000, 0x0000000082400000|  0%| F|  |TAMS 0x0000000082300000, 0x0000000082300000| Untracked 
|  14|0x0000000082400000, 0x0000000082400000, 0x0000000082500000|  0%| F|  |TAMS 0x0000000082400000, 0x0000000082400000| Untracked 
|  15|0x0000000082500000, 0x0000000082500000, 0x0000000082600000|  0%| F|  |TAMS 0x0000000082500000, 0x0000000082500000| Untracked 
|  16|0x0000000082600000, 0x0000000082600000, 0x0000000082700000|  0%| F|  |TAMS 0x0000000082600000, 0x0000000082600000| Untracked 
|  17|0x0000000082700000, 0x0000000082700000, 0x0000000082800000|  0%| F|  |TAMS 0x0000000082700000, 0x0000000082700000| Untracked 
|  18|0x0000000082800000, 0x0000000082800000, 0x0000000082900000|  0%| F|  |TAMS 0x0000000082800000, 0x0000000082800000| Untracked 
|  19|0x0000000082900000, 0x0000000082900000, 0x0000000082a00000|  0%| F|  |TAMS 0x0000000082900000, 0x0000000082900000| Untracked 
|  20|0x0000000082a00000, 0x0000000082a00000, 0x0000000082b00000|  0%| F|  |TAMS 0x0000000082a00000, 0x0000000082a00000| Untracked 
|  21|0x0000000082b00000, 0x0000000082b00000, 0x0000000082c00000|  0%| F|  |TAMS 0x0000000082b00000, 0x0000000082b00000| Untracked 
|  22|0x0000000082c00000, 0x0000000082c00000, 0x0000000082d00000|  0%| F|  |TAMS 0x0000000082c00000, 0x0000000082c00000| Untracked 
|  23|0x0000000082d00000, 0x0000000082d00000, 0x0000000082e00000|  0%| F|  |TAMS 0x0000000082d00000, 0x0000000082d00000| Untracked 
|  24|0x0000000082e00000, 0x0000000082e00000, 0x0000000082f00000|  0%| F|  |TAMS 0x0000000082e00000, 0x0000000082e00000| Untracked 
|  25|0x0000000082f00000, 0x0000000082f00000, 0x0000000083000000|  0%| F|  |TAMS 0x0000000082f00000, 0x0000000082f00000| Untracked 
|  26|0x0000000083000000, 0x0000000083000000, 0x0000000083100000|  0%| F|  |TAMS 0x0000000083000000, 0x0000000083000000| Untracked 
|  27|0x0000000083100000, 0x0000000083100000, 0x0000000083200000|  0%| F|  |TAMS 0x0000000083100000, 0x0000000083100000| Untracked 
|  28|0x0000000083200000, 0x0000000083200000, 0x0000000083300000|  0%| F|  |TAMS 0x0000000083200000, 0x0000000083200000| Untracked 
|  29|0x0000000083300000, 0x0000000083300000, 0x0000000083400000|  0%| F|  |TAMS 0x0000000083300000, 0x0000000083300000| Untracked 
|  30|0x0000000083400000, 0x0000000083400000, 0x0000000083500000|  0%| F|  |TAMS 0x0000000083400000, 0x0000000083400000| Untracked 
|  31|0x0000000083500000, 0x0000000083500000, 0x0000000083600000|  0%| F|  |TAMS 0x0000000083500000, 0x0000000083500000| Untracked 
|  32|0x0000000083600000, 0x0000000083600000, 0x0000000083700000|  0%| F|  |TAMS 0x0000000083600000, 0x0000000083600000| Untracked 
|  33|0x0000000083700000, 0x0000000083700000, 0x0000000083800000|  0%| F|  |TAMS 0x0000000083700000, 0x0000000083700000| Untracked 
|  34|0x0000000083800000, 0x0000000083800000, 0x0000000083900000|  0%| F|  |TAMS 0x0000000083800000, 0x0000000083800000| Untracked 
|  35|0x0000000083900000, 0x0000000083900000, 0x0000000083a00000|  0%| F|  |TAMS 0x0000000083900000, 0x0000000083900000| Untracked 
|  36|0x0000000083a00000, 0x0000000083a00000, 0x0000000083b00000|  0%| F|  |TAMS 0x0000000083a00000, 0x0000000083a00000| Untracked 
|  37|0x0000000083b00000, 0x0000000083b00000, 0x0000000083c00000|  0%| F|  |TAMS 0x0000000083b00000, 0x0000000083b00000| Untracked 
|  38|0x0000000083c00000, 0x0000000083c00000, 0x0000000083d00000|  0%| F|  |TAMS 0x0000000083c00000, 0x0000000083c00000| Untracked 
|  39|0x0000000083d00000, 0x0000000083d00000, 0x0000000083e00000|  0%| F|  |TAMS 0x0000000083d00000, 0x0000000083d00000| Untracked 
|  40|0x0000000083e00000, 0x0000000083e00000, 0x0000000083f00000|  0%| F|  |TAMS 0x0000000083e00000, 0x0000000083e00000| Untracked 
|  41|0x0000000083f00000, 0x0000000083f00000, 0x0000000084000000|  0%| F|  |TAMS 0x0000000083f00000, 0x0000000083f00000| Untracked 
|  42|0x0000000084000000, 0x0000000084000000, 0x0000000084100000|  0%| F|  |TAMS 0x0000000084000000, 0x0000000084000000| Untracked 
|  43|0x0000000084100000, 0x0000000084100000, 0x0000000084200000|  0%| F|  |TAMS 0x0000000084100000, 0x0000000084100000| Untracked 
|  44|0x0000000084200000, 0x0000000084200000, 0x0000000084300000|  0%| F|  |TAMS 0x0000000084200000, 0x0000000084200000| Untracked 
|  45|0x0000000084300000, 0x0000000084300000, 0x0000000084400000|  0%| F|  |TAMS 0x0000000084300000, 0x0000000084300000| Untracked 
|  46|0x0000000084400000, 0x0000000084400000, 0x0000000084500000|  0%| F|  |TAMS 0x0000000084400000, 0x0000000084400000| Untracked 
|  47|0x0000000084500000, 0x0000000084500000, 0x0000000084600000|  0%| F|  |TAMS 0x0000000084500000, 0x0000000084500000| Untracked 
|  48|0x0000000084600000, 0x0000000084600000, 0x0000000084700000|  0%| F|  |TAMS 0x0000000084600000, 0x0000000084600000| Untracked 
|  49|0x0000000084700000, 0x0000000084700000, 0x0000000084800000|  0%| F|  |TAMS 0x0000000084700000, 0x0000000084700000| Untracked 
|  50|0x0000000084800000, 0x0000000084800000, 0x0000000084900000|  0%| F|  |TAMS 0x0000000084800000, 0x0000000084800000| Untracked 
|  51|0x0000000084900000, 0x0000000084900000, 0x0000000084a00000|  0%| F|  |TAMS 0x0000000084900000, 0x0000000084900000| Untracked 
|  52|0x0000000084a00000, 0x0000000084a00000, 0x0000000084b00000|  0%| F|  |TAMS 0x0000000084a00000, 0x0000000084a00000| Untracked 
|  53|0x0000000084b00000, 0x0000000084b00000, 0x0000000084c00000|  0%| F|  |TAMS 0x0000000084b00000, 0x0000000084b00000| Untracked 
|  54|0x0000000084c00000, 0x0000000084c00000, 0x0000000084d00000|  0%| F|  |TAMS 0x0000000084c00000, 0x0000000084c00000| Untracked 
|  55|0x0000000084d00000, 0x0000000084d00000, 0x0000000084e00000|  0%| F|  |TAMS 0x0000000084d00000, 0x0000000084d00000| Untracked 
|  56|0x0000000084e00000, 0x0000000084e00000, 0x0000000084f00000|  0%| F|  |TAMS 0x0000000084e00000, 0x0000000084e00000| Untracked 
|  57|0x0000000084f00000, 0x0000000084f00000, 0x0000000085000000|  0%| F|  |TAMS 0x0000000084f00000, 0x0000000084f00000| Untracked 
|  58|0x0000000085000000, 0x0000000085000000, 0x0000000085100000|  0%| F|  |TAMS 0x0000000085000000, 0x0000000085000000| Untracked 
|  59|0x0000000085100000, 0x0000000085100000, 0x0000000085200000|  0%| F|  |TAMS 0x0000000085100000, 0x0000000085100000| Untracked 
|  60|0x0000000085200000, 0x0000000085200000, 0x0000000085300000|  0%| F|  |TAMS 0x0000000085200000, 0x0000000085200000| Untracked 
|  61|0x0000000085300000, 0x0000000085300000, 0x0000000085400000|  0%| F|  |TAMS 0x0000000085300000, 0x0000000085300000| Untracked 
|  62|0x0000000085400000, 0x0000000085400000, 0x0000000085500000|  0%| F|  |TAMS 0x0000000085400000, 0x0000000085400000| Untracked 
|  63|0x0000000085500000, 0x0000000085500000, 0x0000000085600000|  0%| F|  |TAMS 0x0000000085500000, 0x0000000085500000| Untracked 
|  64|0x0000000085600000, 0x0000000085600000, 0x0000000085700000|  0%| F|  |TAMS 0x0000000085600000, 0x0000000085600000| Untracked 
|  65|0x0000000085700000, 0x0000000085700000, 0x0000000085800000|  0%| F|  |TAMS 0x0000000085700000, 0x0000000085700000| Untracked 
|  66|0x0000000085800000, 0x0000000085800000, 0x0000000085900000|  0%| F|  |TAMS 0x0000000085800000, 0x0000000085800000| Untracked 
|  67|0x0000000085900000, 0x0000000085900000, 0x0000000085a00000|  0%| F|  |TAMS 0x0000000085900000, 0x0000000085900000| Untracked 
|  68|0x0000000085a00000, 0x0000000085a28780, 0x0000000085b00000| 15%| S|CS|TAMS 0x0000000085a00000, 0x0000000085a00000| Complete 
|  69|0x0000000085b00000, 0x0000000085c00000, 0x0000000085c00000|100%| S|CS|TAMS 0x0000000085b00000, 0x0000000085b00000| Complete 
|  70|0x0000000085c00000, 0x0000000085d00000, 0x0000000085d00000|100%| S|CS|TAMS 0x0000000085c00000, 0x0000000085c00000| Complete 
|  71|0x0000000085d00000, 0x0000000085e00000, 0x0000000085e00000|100%| S|CS|TAMS 0x0000000085d00000, 0x0000000085d00000| Complete 
|  72|0x0000000085e00000, 0x0000000085e00000, 0x0000000085f00000|  0%| F|  |TAMS 0x0000000085e00000, 0x0000000085e00000| Untracked 
|  73|0x0000000085f00000, 0x0000000085f00000, 0x0000000086000000|  0%| F|  |TAMS 0x0000000085f00000, 0x0000000085f00000| Untracked 
|  74|0x0000000086000000, 0x0000000086000000, 0x0000000086100000|  0%| F|  |TAMS 0x0000000086000000, 0x0000000086000000| Untracked 
|  75|0x0000000086100000, 0x0000000086100000, 0x0000000086200000|  0%| F|  |TAMS 0x0000000086100000, 0x0000000086100000| Untracked 
|  76|0x0000000086200000, 0x0000000086200000, 0x0000000086300000|  0%| F|  |TAMS 0x0000000086200000, 0x0000000086200000| Untracked 
|  77|0x0000000086300000, 0x0000000086300000, 0x0000000086400000|  0%| F|  |TAMS 0x0000000086300000, 0x0000000086300000| Untracked 
|  78|0x0000000086400000, 0x0000000086400000, 0x0000000086500000|  0%| F|  |TAMS 0x0000000086400000, 0x0000000086400000| Untracked 
|  79|0x0000000086500000, 0x0000000086500000, 0x0000000086600000|  0%| F|  |TAMS 0x0000000086500000, 0x0000000086500000| Untracked 
|  80|0x0000000086600000, 0x0000000086600000, 0x0000000086700000|  0%| F|  |TAMS 0x0000000086600000, 0x0000000086600000| Untracked 
|  81|0x0000000086700000, 0x0000000086700000, 0x0000000086800000|  0%| F|  |TAMS 0x0000000086700000, 0x0000000086700000| Untracked 
|  82|0x0000000086800000, 0x0000000086800000, 0x0000000086900000|  0%| F|  |TAMS 0x0000000086800000, 0x0000000086800000| Untracked 
|  83|0x0000000086900000, 0x0000000086900000, 0x0000000086a00000|  0%| F|  |TAMS 0x0000000086900000, 0x0000000086900000| Untracked 
|  84|0x0000000086a00000, 0x0000000086a00000, 0x0000000086b00000|  0%| F|  |TAMS 0x0000000086a00000, 0x0000000086a00000| Untracked 
|  85|0x0000000086b00000, 0x0000000086b00000, 0x0000000086c00000|  0%| F|  |TAMS 0x0000000086b00000, 0x0000000086b00000| Untracked 
|  86|0x0000000086c00000, 0x0000000086c00000, 0x0000000086d00000|  0%| F|  |TAMS 0x0000000086c00000, 0x0000000086c00000| Untracked 
|  87|0x0000000086d00000, 0x0000000086d00000, 0x0000000086e00000|  0%| F|  |TAMS 0x0000000086d00000, 0x0000000086d00000| Untracked 
|  88|0x0000000086e00000, 0x0000000086e00000, 0x0000000086f00000|  0%| F|  |TAMS 0x0000000086e00000, 0x0000000086e00000| Untracked 
|  89|0x0000000086f00000, 0x0000000086f00000, 0x0000000087000000|  0%| F|  |TAMS 0x0000000086f00000, 0x0000000086f00000| Untracked 
|  90|0x0000000087000000, 0x0000000087000000, 0x0000000087100000|  0%| F|  |TAMS 0x0000000087000000, 0x0000000087000000| Untracked 
|  91|0x0000000087100000, 0x0000000087100000, 0x0000000087200000|  0%| F|  |TAMS 0x0000000087100000, 0x0000000087100000| Untracked 
|  92|0x0000000087200000, 0x0000000087200000, 0x0000000087300000|  0%| F|  |TAMS 0x0000000087200000, 0x0000000087200000| Untracked 
|  93|0x0000000087300000, 0x0000000087300000, 0x0000000087400000|  0%| F|  |TAMS 0x0000000087300000, 0x0000000087300000| Untracked 
|  94|0x0000000087400000, 0x0000000087400000, 0x0000000087500000|  0%| F|  |TAMS 0x0000000087400000, 0x0000000087400000| Untracked 
|  95|0x0000000087500000, 0x0000000087500000, 0x0000000087600000|  0%| F|  |TAMS 0x0000000087500000, 0x0000000087500000| Untracked 
|  96|0x0000000087600000, 0x0000000087700000, 0x0000000087700000|100%| E|  |TAMS 0x0000000087600000, 0x0000000087600000| Complete 
|  97|0x0000000087700000, 0x0000000087800000, 0x0000000087800000|100%| E|CS|TAMS 0x0000000087700000, 0x0000000087700000| Complete 
|  98|0x0000000087800000, 0x0000000087900000, 0x0000000087900000|100%| E|CS|TAMS 0x0000000087800000, 0x0000000087800000| Complete 
|  99|0x0000000087900000, 0x0000000087a00000, 0x0000000087a00000|100%| E|CS|TAMS 0x0000000087900000, 0x0000000087900000| Complete 
| 100|0x0000000087a00000, 0x0000000087b00000, 0x0000000087b00000|100%| E|CS|TAMS 0x0000000087a00000, 0x0000000087a00000| Complete 
| 101|0x0000000087b00000, 0x0000000087c00000, 0x0000000087c00000|100%| E|CS|TAMS 0x0000000087b00000, 0x0000000087b00000| Complete 
| 102|0x0000000087c00000, 0x0000000087d00000, 0x0000000087d00000|100%| E|CS|TAMS 0x0000000087c00000, 0x0000000087c00000| Complete 
| 103|0x0000000087d00000, 0x0000000087e00000, 0x0000000087e00000|100%| E|CS|TAMS 0x0000000087d00000, 0x0000000087d00000| Complete 
| 104|0x0000000087e00000, 0x0000000087f00000, 0x0000000087f00000|100%| E|CS|TAMS 0x0000000087e00000, 0x0000000087e00000| Complete 
| 105|0x0000000087f00000, 0x0000000088000000, 0x0000000088000000|100%| E|CS|TAMS 0x0000000087f00000, 0x0000000087f00000| Complete 
| 106|0x0000000088000000, 0x0000000088100000, 0x0000000088100000|100%| E|CS|TAMS 0x0000000088000000, 0x0000000088000000| Complete 
| 107|0x0000000088100000, 0x0000000088200000, 0x0000000088200000|100%| E|CS|TAMS 0x0000000088100000, 0x0000000088100000| Complete 
| 108|0x0000000088200000, 0x0000000088300000, 0x0000000088300000|100%| E|CS|TAMS 0x0000000088200000, 0x0000000088200000| Complete 
| 109|0x0000000088300000, 0x0000000088400000, 0x0000000088400000|100%| E|CS|TAMS 0x0000000088300000, 0x0000000088300000| Complete 
| 110|0x0000000088400000, 0x0000000088500000, 0x0000000088500000|100%| E|CS|TAMS 0x0000000088400000, 0x0000000088400000| Complete 
| 111|0x0000000088500000, 0x0000000088600000, 0x0000000088600000|100%| E|CS|TAMS 0x0000000088500000, 0x0000000088500000| Complete 
| 112|0x0000000088600000, 0x0000000088700000, 0x0000000088700000|100%| E|CS|TAMS 0x0000000088600000, 0x0000000088600000| Complete 
| 113|0x0000000088700000, 0x0000000088800000, 0x0000000088800000|100%| E|CS|TAMS 0x0000000088700000, 0x0000000088700000| Complete 
| 114|0x0000000088800000, 0x0000000088900000, 0x0000000088900000|100%| E|CS|TAMS 0x0000000088800000, 0x0000000088800000| Complete 
| 115|0x0000000088900000, 0x0000000088a00000, 0x0000000088a00000|100%| E|CS|TAMS 0x0000000088900000, 0x0000000088900000| Complete 
| 116|0x0000000088a00000, 0x0000000088b00000, 0x0000000088b00000|100%| E|CS|TAMS 0x0000000088a00000, 0x0000000088a00000| Complete 
| 117|0x0000000088b00000, 0x0000000088c00000, 0x0000000088c00000|100%| E|CS|TAMS 0x0000000088b00000, 0x0000000088b00000| Complete 
| 118|0x0000000088c00000, 0x0000000088d00000, 0x0000000088d00000|100%| E|CS|TAMS 0x0000000088c00000, 0x0000000088c00000| Complete 
| 119|0x0000000088d00000, 0x0000000088e00000, 0x0000000088e00000|100%| E|CS|TAMS 0x0000000088d00000, 0x0000000088d00000| Complete 
| 120|0x0000000088e00000, 0x0000000088f00000, 0x0000000088f00000|100%| E|CS|TAMS 0x0000000088e00000, 0x0000000088e00000| Complete 
| 121|0x0000000088f00000, 0x0000000089000000, 0x0000000089000000|100%| E|CS|TAMS 0x0000000088f00000, 0x0000000088f00000| Complete 
| 122|0x0000000089000000, 0x0000000089100000, 0x0000000089100000|100%| E|CS|TAMS 0x0000000089000000, 0x0000000089000000| Complete 
| 123|0x0000000089100000, 0x0000000089200000, 0x0000000089200000|100%| E|CS|TAMS 0x0000000089100000, 0x0000000089100000| Complete 
| 124|0x0000000089200000, 0x0000000089300000, 0x0000000089300000|100%| E|CS|TAMS 0x0000000089200000, 0x0000000089200000| Complete 
| 125|0x0000000089300000, 0x0000000089400000, 0x0000000089400000|100%| E|CS|TAMS 0x0000000089300000, 0x0000000089300000| Complete 
| 126|0x0000000089400000, 0x0000000089500000, 0x0000000089500000|100%| E|CS|TAMS 0x0000000089400000, 0x0000000089400000| Complete 
| 127|0x0000000089500000, 0x0000000089600000, 0x0000000089600000|100%| E|CS|TAMS 0x0000000089500000, 0x0000000089500000| Complete 

Card table byte_map: [0x000001ad2a8b0000,0x000001ad2acb0000] _byte_map_base: 0x000001ad2a4a5000

Marking Bits (Prev, Next): (CMBitMap*) 0x000001ad13ae4500, (CMBitMap*) 0x000001ad13ae44c8
 Prev Bits: [0x000001ad2d060000, 0x000001ad2f008000)
 Next Bits: [0x000001ad2b0b0000, 0x000001ad2d058000)

Polling page: 0x000001ad119f0000

Metaspace:

Usage:
  Non-class:     29.04 MB capacity,    28.50 MB ( 98%) used,   440.91 KB (  1%) free+waste,   112.38 KB ( <1%) overhead. 
      Class:      4.19 MB capacity,     3.80 MB ( 91%) used,   349.90 KB (  8%) free+waste,    55.81 KB (  1%) overhead. 
       Both:     33.23 MB capacity,    32.30 MB ( 97%) used,   790.81 KB (  2%) free+waste,   168.19 KB ( <1%) overhead. 

Virtual space:
  Non-class space:       30.00 MB reserved,      29.25 MB ( 98%) committed 
      Class space:        1.00 GB reserved,       4.25 MB ( <1%) committed 
             Both:        1.03 GB reserved,      33.50 MB (  3%) committed 

Chunk freelists:
   Non-Class:  0 bytes
       Class:  0 bytes
        Both:  0 bytes

CodeHeap 'non-profiled nmethods': size=120000Kb used=1376Kb max_used=1376Kb free=118623Kb
 bounds [0x000001ad22c50000, 0x000001ad22ec0000, 0x000001ad2a180000]
CodeHeap 'profiled nmethods': size=120000Kb used=7634Kb max_used=7634Kb free=112365Kb
 bounds [0x000001ad1b720000, 0x000001ad1bea0000, 0x000001ad22c50000]
CodeHeap 'non-nmethods': size=5760Kb used=1133Kb max_used=1168Kb free=4626Kb
 bounds [0x000001ad1b180000, 0x000001ad1b3f0000, 0x000001ad1b720000]
 total_blobs=3791 nmethods=3329 adapters=373
 compilation: enabled
              stopped_count=0, restarted_count=0
 full_count=0

Compilation events (10 events):
Event: 7.860 Thread 0x000001ad322f4800 nmethod 3261 0x000001ad1be6b090 code [0x000001ad1be6b680, 0x000001ad1be6e5b8]
Event: 7.860 Thread 0x000001ad322f4800 3262       1       java.util.Collections$EmptyList::size (2 bytes)
Event: 7.860 Thread 0x000001ad322f4800 nmethod 3262 0x000001ad22da4790 code [0x000001ad22da4920, 0x000001ad22da49d8]
Event: 7.865 Thread 0x000001ad322f4800 3263   !   3       org.springframework.util.ClassUtils::getMostSpecificMethod (72 bytes)
Event: 7.867 Thread 0x000001ad322f4800 nmethod 3263 0x000001ad1be6f590 code [0x000001ad1be6f7c0, 0x000001ad1be70048]
Event: 7.868 Thread 0x000001ad322f4800 3265       3       org.springframework.core.annotation.MergedAnnotationSelectors::firstDirectlyDeclared (4 bytes)
Event: 7.868 Thread 0x000001ad322f4800 nmethod 3265 0x000001ad1be70410 code [0x000001ad1be705a0, 0x000001ad1be70698]
Event: 7.868 Thread 0x000001ad322f4800 3264       3       java.lang.ThreadLocal$ThreadLocalMap::nextIndex (15 bytes)
Event: 7.868 Thread 0x000001ad322f4800 nmethod 3264 0x000001ad1be70710 code [0x000001ad1be708a0, 0x000001ad1be709d8]
Event: 7.871 Thread 0x000001ad322f4800 3266       3       org.springframework.core.MethodParameter::getGenericParameterType (147 bytes)

GC Heap History (8 events):
Event: 4.182 GC heap before
{Heap before GC invocations=0 (full 0):
 garbage-first heap   total 131072K, used 24576K [0x0000000081600000, 0x0000000100000000)
  region size 1024K, 24 young (24576K), 0 survivors (0K)
 Metaspace       used 11913K, capacity 12163K, committed 12288K, reserved 1060864K
  class space    used 1177K, capacity 1270K, committed 1280K, reserved 1048576K
}
Event: 4.187 GC heap after
{Heap after GC invocations=1 (full 0):
 garbage-first heap   total 131072K, used 6832K [0x0000000081600000, 0x0000000100000000)
  region size 1024K, 3 young (3072K), 3 survivors (3072K)
 Metaspace       used 11913K, capacity 12163K, committed 12288K, reserved 1060864K
  class space    used 1177K, capacity 1270K, committed 1280K, reserved 1048576K
}
Event: 4.922 GC heap before
{Heap before GC invocations=1 (full 0):
 garbage-first heap   total 131072K, used 48816K [0x0000000081600000, 0x0000000100000000)
  region size 1024K, 46 young (47104K), 3 survivors (3072K)
 Metaspace       used 20618K, capacity 21115K, committed 21248K, reserved 1069056K
  class space    used 2237K, capacity 2444K, committed 2560K, reserved 1048576K
}
Event: 4.928 GC heap after
{Heap after GC invocations=2 (full 0):
 garbage-first heap   total 131072K, used 9232K [0x0000000081600000, 0x0000000100000000)
  region size 1024K, 6 young (6144K), 6 survivors (6144K)
 Metaspace       used 20618K, capacity 21115K, committed 21248K, reserved 1069056K
  class space    used 2237K, capacity 2444K, committed 2560K, reserved 1048576K
}
Event: 6.618 GC heap before
{Heap before GC invocations=3 (full 0):
 garbage-first heap   total 131072K, used 31760K [0x0000000081600000, 0x0000000100000000)
  region size 1024K, 28 young (28672K), 6 survivors (6144K)
 Metaspace       used 24371K, capacity 24955K, committed 25088K, reserved 1071104K
  class space    used 2730K, capacity 2962K, committed 3072K, reserved 1048576K
}
Event: 6.626 GC heap after
{Heap after GC invocations=4 (full 0):
 garbage-first heap   total 131072K, used 10089K [0x0000000081600000, 0x0000000100000000)
  region size 1024K, 1 young (1024K), 1 survivors (1024K)
 Metaspace       used 24371K, capacity 24955K, committed 25088K, reserved 1071104K
  class space    used 2730K, capacity 2962K, committed 3072K, reserved 1048576K
}
Event: 7.296 GC heap before
{Heap before GC invocations=4 (full 0):
 garbage-first heap   total 131072K, used 66409K [0x0000000081600000, 0x0000000100000000)
  region size 1024K, 56 young (57344K), 1 survivors (1024K)
 Metaspace       used 28771K, capacity 29521K, committed 29696K, reserved 1075200K
  class space    used 3273K, capacity 3584K, committed 3584K, reserved 1048576K
}
Event: 7.301 GC heap after
{Heap after GC invocations=5 (full 0):
 garbage-first heap   total 131072K, used 12299K [0x0000000081600000, 0x0000000100000000)
  region size 1024K, 4 young (4096K), 4 survivors (4096K)
 Metaspace       used 28771K, capacity 29521K, committed 29696K, reserved 1075200K
  class space    used 3273K, capacity 3584K, committed 3584K, reserved 1048576K
}

Deoptimization events (10 events):
Event: 7.656 Thread 0x000001ad13aa5800 Uncommon trap: reason=unstable_if action=reinterpret pc=0x000001ad22d97bc4 method=org.springframework.util.ConcurrentReferenceHashMap$Segment.findInChain(Lorg/springframework/util/ConcurrentReferenceHashMap$Reference;Ljava/lang/Object;I)Lorg/springframewo
Event: 7.718 Thread 0x000001ad13aa5800 Uncommon trap: reason=unstable_if action=reinterpret pc=0x000001ad22d488b4 method=java.util.Properties$LineReader.readLine()I @ 25 c2
Event: 7.718 Thread 0x000001ad13aa5800 Uncommon trap: reason=predicate action=maybe_recompile pc=0x000001ad22d44d60 method=java.util.Properties$LineReader.readLine()I @ 53 c2
Event: 7.719 Thread 0x000001ad13aa5800 Uncommon trap: reason=unstable_if action=reinterpret pc=0x000001ad22d3639c method=java.nio.Buffer.position(I)Ljava/nio/Buffer; @ 37 c2
Event: 7.720 Thread 0x000001ad13aa5800 Uncommon trap: reason=unstable_if action=reinterpret pc=0x000001ad22cdf19c method=java.nio.Buffer.position(I)Ljava/nio/Buffer; @ 37 c2
Event: 7.721 Thread 0x000001ad13aa5800 Uncommon trap: reason=unstable_if action=reinterpret pc=0x000001ad22d2578c method=sun.net.www.ParseUtil.firstEncodeIndex(Ljava/lang/String;)I @ 51 c2
Event: 7.721 Thread 0x000001ad13aa5800 Uncommon trap: reason=unstable_if action=reinterpret pc=0x000001ad22c95484 method=sun.net.www.ParseUtil.firstEncodeIndex(Ljava/lang/String;)I @ 51 c2
Event: 7.801 Thread 0x000001ad13aa5800 Uncommon trap: reason=unstable_if action=reinterpret pc=0x000001ad22d5ad80 method=java.io.WinNTFileSystem.normalize(Ljava/lang/String;II)Ljava/lang/String; @ 125 c2
Event: 7.858 Thread 0x000001ad13aa5800 Uncommon trap: reason=class_check action=maybe_recompile pc=0x000001ad22d41824 method=java.util.concurrent.ConcurrentHashMap.putVal(Ljava/lang/Object;Ljava/lang/Object;Z)Ljava/lang/Object; @ 242 c2
Event: 7.868 Thread 0x000001ad13aa5800 Uncommon trap: reason=class_check action=maybe_recompile pc=0x000001ad22d41824 method=java.util.concurrent.ConcurrentHashMap.putVal(Ljava/lang/Object;Ljava/lang/Object;Z)Ljava/lang/Object; @ 242 c2

Classes redefined (0 events):
No events

Internal exceptions (10 events):
Event: 7.597 Thread 0x000001ad13aa5800 Exception <a 'java/lang/ClassNotFoundException'{0x00000000883c4190}: org/springframework/beans/factory/AwareCustomizer> (0x00000000883c4190) thrown at [./open/src/hotspot/share/classfile/systemDictionary.cpp, line 226]
Event: 7.597 Thread 0x000001ad13aa5800 Exception <a 'java/lang/ClassNotFoundException'{0x00000000883d4e28}: org/springframework/aop/framework/AopInfrastructureBeanCustomizer> (0x00000000883d4e28) thrown at [./open/src/hotspot/share/classfile/systemDictionary.cpp, line 226]
Event: 7.642 Thread 0x000001ad13aa5800 Exception <a 'java/lang/ClassNotFoundException'{0x00000000881e3a18}: java/lang/ObjectCustomizer> (0x00000000881e3a18) thrown at [./open/src/hotspot/share/classfile/systemDictionary.cpp, line 226]
Event: 7.643 Thread 0x000001ad13aa5800 Exception <a 'java/lang/ClassNotFoundException'{0x00000000881fbc10}: org/springframework/transaction/annotation/AbstractTransactionManagementConfigurationCustomizer> (0x00000000881fbc10) thrown at [./open/src/hotspot/share/classfile/systemDictionary.cpp, 
Event: 7.643 Thread 0x000001ad13aa5800 Exception <a 'java/lang/ClassNotFoundException'{0x0000000088013058}: org/springframework/transaction/annotation/ProxyTransactionManagementConfigurationCustomizer> (0x0000000088013058) thrown at [./open/src/hotspot/share/classfile/systemDictionary.cpp, lin
Event: 7.644 Thread 0x000001ad13aa5800 Exception <a 'java/lang/ClassNotFoundException'{0x0000000088027480}: org/springframework/context/annotation/ImportAwareCustomizer> (0x0000000088027480) thrown at [./open/src/hotspot/share/classfile/systemDictionary.cpp, line 226]
Event: 7.644 Thread 0x000001ad13aa5800 Exception <a 'java/lang/ClassNotFoundException'{0x00000000880370e8}: org/springframework/beans/factory/AwareCustomizer> (0x00000000880370e8) thrown at [./open/src/hotspot/share/classfile/systemDictionary.cpp, line 226]
Event: 7.688 Thread 0x000001ad13aa5800 Exception <a 'java/lang/NoSuchMethodError'{0x0000000087d15148}: java.lang.invoke.DirectMethodHandle$Holder.invokeSpecialIFC(Ljava/lang/Object;Ljava/lang/Object;Ljava/lang/Object;)Ljava/lang/Object;> (0x0000000087d15148) thrown at [./open/src/hotspot/share
Event: 7.718 Thread 0x000001ad13aa5800 Implicit null exception at 0x000001ad22d43ebf to 0x000001ad22d44d0c
Event: 7.841 Thread 0x000001ad13aa5800 Exception <a 'java/lang/NoSuchMethodError'{0x0000000087b6e298}: java.lang.invoke.DirectMethodHandle$Holder.invokeSpecial(Ljava/lang/Object;Ljava/lang/Object;Ljava/lang/Object;Ljava/lang/Object;Ljava/lang/Object;)I> (0x0000000087b6e298) thrown at [./open/s

Events (10 events):
Event: 7.870 loading class org/springframework/boot/context/properties/ConfigurationPropertiesBindHandlerAdvisor
Event: 7.870 loading class org/springframework/boot/context/properties/ConfigurationPropertiesBindHandlerAdvisor done
Event: 7.870 loading class org/springframework/beans/factory/support/DefaultListableBeanFactory$1
Event: 7.870 loading class org/springframework/beans/factory/support/DefaultListableBeanFactory$1 done
Event: 7.871 loading class org/springframework/boot/context/properties/ConversionServiceDeducer
Event: 7.871 loading class org/springframework/boot/context/properties/ConversionServiceDeducer done
Event: 7.871 loading class org/springframework/boot/context/properties/ConversionServiceDeducer$ConverterBeans
Event: 7.871 loading class org/springframework/boot/context/properties/ConversionServiceDeducer$ConverterBeans done
Event: 7.872 loading class org/springframework/beans/factory/annotation/BeanFactoryAnnotationUtils
Event: 7.872 loading class org/springframework/beans/factory/annotation/BeanFactoryAnnotationUtils done


Dynamic libraries:
0x00007ff6c3420000 - 0x00007ff6c3430000 	C:\Program Files\Java\jdk-11\bin\java.exe
0x00007ff893180000 - 0x00007ff893389000 	C:\WINDOWS\SYSTEM32\ntdll.dll
0x00007ff891c70000 - 0x00007ff891d2d000 	C:\WINDOWS\System32\KERNEL32.DLL
0x00007ff890750000 - 0x00007ff890ad4000 	C:\WINDOWS\System32\KERNELBASE.dll
0x00007ff890ba0000 - 0x00007ff890cb1000 	C:\WINDOWS\System32\ucrtbase.dll
0x00007ff875a50000 - 0x00007ff875a69000 	C:\Program Files\Java\jdk-11\bin\jli.dll
0x00007ff875a30000 - 0x00007ff875a4b000 	C:\Program Files\Java\jdk-11\bin\VCRUNTIME140.dll
0x00007ff892e00000 - 0x00007ff892eae000 	C:\WINDOWS\System32\ADVAPI32.dll
0x00007ff891630000 - 0x00007ff8916d3000 	C:\WINDOWS\System32\msvcrt.dll
0x00007ff891e80000 - 0x00007ff891f1e000 	C:\WINDOWS\System32\sechost.dll
0x00007ff892710000 - 0x00007ff892831000 	C:\WINDOWS\System32\RPCRT4.dll
0x00007ff892c50000 - 0x00007ff892dfd000 	C:\WINDOWS\System32\USER32.dll
0x00007ff8906b0000 - 0x00007ff8906d6000 	C:\WINDOWS\System32\win32u.dll
0x00007ff8916e0000 - 0x00007ff89170a000 	C:\WINDOWS\System32\GDI32.dll
0x00007ff890d40000 - 0x00007ff890e5e000 	C:\WINDOWS\System32\gdi32full.dll
0x00007ff890610000 - 0x00007ff8906ad000 	C:\WINDOWS\System32\msvcp_win.dll
0x00007ff881cb0000 - 0x00007ff881f55000 	C:\WINDOWS\WinSxS\amd64_microsoft.windows.common-controls_6595b64144ccf1df_6.0.22000.120_none_9d947278b86cc467\COMCTL32.dll
0x00007ff885dd0000 - 0x00007ff885dda000 	C:\WINDOWS\SYSTEM32\VERSION.dll
0x00007ff892ee0000 - 0x00007ff892f11000 	C:\WINDOWS\System32\IMM32.DLL
0x00007ff87b650000 - 0x00007ff87b65c000 	C:\Program Files\Java\jdk-11\bin\vcruntime140_1.dll
0x00007ff8729f0000 - 0x00007ff872a7e000 	C:\Program Files\Java\jdk-11\bin\msvcp140.dll
0x00007ff855f00000 - 0x00007ff856a6d000 	C:\Program Files\Java\jdk-11\bin\server\jvm.dll
0x00007ff893110000 - 0x00007ff893118000 	C:\WINDOWS\System32\PSAPI.DLL
0x00007ff888f30000 - 0x00007ff888f63000 	C:\WINDOWS\SYSTEM32\WINMM.dll
0x00007ff87ef10000 - 0x00007ff87ef19000 	C:\WINDOWS\SYSTEM32\WSOCK32.dll
0x00007ff891050000 - 0x00007ff8910bf000 	C:\WINDOWS\System32\WS2_32.dll
0x00007ff88f680000 - 0x00007ff88f698000 	C:\WINDOWS\SYSTEM32\kernel.appcore.dll
0x00007ff87b5f0000 - 0x00007ff87b600000 	C:\Program Files\Java\jdk-11\bin\verify.dll
0x00007ff88e240000 - 0x00007ff88e461000 	C:\WINDOWS\SYSTEM32\DBGHELP.DLL
0x00007ff87adc0000 - 0x00007ff87adf1000 	C:\WINDOWS\SYSTEM32\dbgcore.DLL
0x00007ff890cc0000 - 0x00007ff890d3f000 	C:\WINDOWS\System32\bcryptPrimitives.dll
0x00007ff875710000 - 0x00007ff875738000 	C:\Program Files\Java\jdk-11\bin\java.dll
0x00007ff87afa0000 - 0x00007ff87afaa000 	C:\Program Files\Java\jdk-11\bin\jimage.dll
0x00007ff87b930000 - 0x00007ff87b93e000 	C:\Program Files\Java\jdk-11\bin\instrument.dll
0x00007ff875a10000 - 0x00007ff875a27000 	C:\Program Files\Java\jdk-11\bin\zip.dll
0x00007ff891f20000 - 0x00007ff8926e5000 	C:\WINDOWS\System32\SHELL32.dll
0x00007ff88e6e0000 - 0x00007ff88ef42000 	C:\WINDOWS\SYSTEM32\windows.storage.dll
0x00007ff8928d0000 - 0x00007ff892c46000 	C:\WINDOWS\System32\combase.dll
0x00007ff88e470000 - 0x00007ff88e5d7000 	C:\WINDOWS\SYSTEM32\wintypes.dll
0x00007ff8910c0000 - 0x00007ff8911aa000 	C:\WINDOWS\System32\SHCORE.dll
0x00007ff892f90000 - 0x00007ff892fed000 	C:\WINDOWS\System32\shlwapi.dll
0x00007ff890540000 - 0x00007ff890565000 	C:\WINDOWS\SYSTEM32\profapi.dll
0x00007ff875930000 - 0x00007ff875949000 	C:\Program Files\Java\jdk-11\bin\net.dll
0x00007ff888a10000 - 0x00007ff888b24000 	C:\WINDOWS\SYSTEM32\WINHTTP.dll
0x00007ff88fba0000 - 0x00007ff88fc07000 	C:\WINDOWS\system32\mswsock.dll
0x00007ff871460000 - 0x00007ff871472000 	C:\Program Files\Java\jdk-11\bin\nio.dll
0x00007ff88cd00000 - 0x00007ff88cd1a000 	D:\IntelliJ IDEA Community Edition 2023.1.3\bin\breakgen64.dll
0x00007ff87b920000 - 0x00007ff87b929000 	C:\Program Files\Java\jdk-11\bin\management.dll
0x00007ff87b910000 - 0x00007ff87b91b000 	C:\Program Files\Java\jdk-11\bin\management_ext.dll
0x00007ff8744b0000 - 0x00007ff8744c7000 	C:\WINDOWS\system32\napinsp.dll
0x00007ff874470000 - 0x00007ff87448b000 	C:\WINDOWS\system32\pnrpnsp.dll
0x00007ff88f1d0000 - 0x00007ff88f2b7000 	C:\WINDOWS\SYSTEM32\DNSAPI.dll
0x00007ff88f1a0000 - 0x00007ff88f1cd000 	C:\WINDOWS\SYSTEM32\IPHLPAPI.DLL
0x00007ff892700000 - 0x00007ff892709000 	C:\WINDOWS\System32\NSI.dll
0x00007ff874450000 - 0x00007ff874462000 	C:\WINDOWS\System32\winrnr.dll
0x00007ff874430000 - 0x00007ff874445000 	C:\WINDOWS\system32\wshbth.dll
0x00007ff873790000 - 0x00007ff8737af000 	C:\WINDOWS\system32\nlansp_c.dll
0x00007ff885c50000 - 0x00007ff885c5a000 	C:\Windows\System32\rasadhlp.dll
0x00007ff885e00000 - 0x00007ff885e81000 	C:\WINDOWS\System32\fwpuclnt.dll

dbghelp: loaded successfully - version: 4.0.5 - missing functions: none
symbol engine: initialized successfully - sym options: 0x614 - pdb path: .;C:\Program Files\Java\jdk-11\bin;C:\WINDOWS\SYSTEM32;C:\WINDOWS\WinSxS\amd64_microsoft.windows.common-controls_6595b64144ccf1df_6.0.22000.120_none_9d947278b86cc467;C:\Program Files\Java\jdk-11\bin\server;D:\IntelliJ IDEA Community Edition 2023.1.3\bin

VM Arguments:
jvm_args: -javaagent:D:\IntelliJ IDEA Community Edition 2023.1.3\lib\idea_rt.jar=12405:D:\IntelliJ IDEA Community Edition 2023.1.3\bin -Dfile.encoding=UTF-8 
java_command: com.example.Volunteer.VolunteerApplication
java_class_path (initial): D:\Volunteer\Volunteer\build\classes\java\main;D:\Volunteer\Volunteer\build\resources\main;C:\Users\LG\.gradle\caches\modules-2\files-2.1\com.google.code.gson\gson\2.8.8\431fc3cbc0ff81abdbfde070062741089c3ba874\gson-2.8.8.jar;C:\Users\LG\.gradle\caches\modules-2\files-2.1\org.springframework.boot\spring-boot-starter-data-jpa\2.7.16\3438c32d28bb5d31b6ad45f1b7c8cbbd9cba5b4e\spring-boot-starter-data-jpa-2.7.16.jar;C:\Users\LG\.gradle\caches\modules-2\files-2.1\org.springframework.boot\spring-boot-starter-web\2.7.16\f6e4e226b0c9c1cf36c17c04262c702c6a0bad99\spring-boot-starter-web-2.7.16.jar;C:\Users\LG\.gradle\caches\modules-2\files-2.1\org.springframework.boot\spring-boot-starter-security\2.7.16\1f08cec142ab23f30e42d68c5f60c7332943b77b\spring-boot-starter-security-2.7.16.jar;C:\Users\LG\.gradle\caches\modules-2\files-2.1\io.jsonwebtoken\jjwt\0.9.1\54d2abfc3e63a28824d35bf600d6a5d627da681a\jjwt-0.9.1.jar;C:\Users\LG\.gradle\caches\modules-2\files-2.1\org.springframework.boot\spring-boot-starter-aop\2.7.16\dba25addac3d8adc9bf2c925bc9ed167404f8a72\spring-boot-starter-aop-2.7.16.jar;C:\Users\LG\.gradle\caches\modules-2\files-2.1\org.springframework.boot\spring-boot-starter-jdbc\2.7.16\eac83a43d8221c80730a1622e3467dda12487ccd\spring-boot-starter-jdbc-2.7.16.jar;C:\Users\LG\.gradle\caches\modules-2\files-2.1\jakarta.transaction\jakarta.transaction-api\1.3.3\c4179d48720a1e87202115fbed6089bdc4195405\jakarta.transaction-api-1.3.3.jar;C:\Users\LG\.gradle\caches\modules-2\files-2.1\jakarta.persistence\jakarta.persistence-api\2.2.3\8f6ea5daedc614f07a3654a455660145286f024e\jakarta.persistence-api-2.2.3.jar;C:\Users\LG\.gradle\caches\modules-2\files-2.1\org.hibernate\hibernate-core\5.6.15.Final\ab14b7cef1fdff654ca81923048a6034d6c7cfa7\hibernate-core-5.6.15.Final.jar;C:\Users\LG\.gradle\caches\modules-2\files-2.1\org.springframework.data\spring-data-jpa\2.7.16\b5c97a909410a3d8c61bab898e57dd7b26f7d0a2\spring-data-jpa-2.7.16.jar;C:\Users\LG\.gradle\caches\mo
Launcher Type: SUN_STANDARD

[Global flags]
     intx CICompilerCount                          = 4                                         {product} {ergonomic}
     uint ConcGCThreads                            = 2                                         {product} {ergonomic}
     uint G1ConcRefinementThreads                  = 8                                         {product} {ergonomic}
   size_t G1HeapRegionSize                         = 1048576                                   {product} {ergonomic}
    uintx GCDrainStackTargetSize                   = 64                                        {product} {ergonomic}
   size_t InitialHeapSize                          = 134217728                                 {product} {ergonomic}
   size_t MarkStackSize                            = 4194304                                   {product} {ergonomic}
   size_t MaxHeapSize                              = 2124414976                                {product} {ergonomic}
   size_t MaxNewSize                               = 1274019840                                {product} {ergonomic}
   size_t MinHeapDeltaBytes                        = 1048576                                   {product} {ergonomic}
    uintx NonNMethodCodeHeapSize                   = 5836300                                {pd product} {ergonomic}
    uintx NonProfiledCodeHeapSize                  = 122910970                              {pd product} {ergonomic}
    uintx ProfiledCodeHeapSize                     = 122910970                              {pd product} {ergonomic}
    uintx ReservedCodeCacheSize                    = 251658240                              {pd product} {ergonomic}
     bool SegmentedCodeCache                       = true                                      {product} {ergonomic}
     bool UseCompressedClassPointers               = true                                 {lp64_product} {ergonomic}
     bool UseCompressedOops                        = true                                 {lp64_product} {ergonomic}
     bool UseG1GC                                  = true                                      {product} {ergonomic}
     bool UseLargePagesIndividualAllocation        = false                                  {pd product} {ergonomic}

Logging:
Log output configuration:
 #0: stdout all=warning uptime,level,tags
 #1: stderr all=off uptime,level,tags

Environment Variables:
JAVA_HOME=C:\jdk-11.0.2
CLASSPATH=C:\jdk-11.0.2\lib
PATH=C:\jdk-11.0.2\bin;C:\jdk-11.0.2;C:\Program Files\Eclipse Adoptium\jdk-8.0.382.5-hotspot\bin;C:\oraclexe\app\oracle\product\10.2.0\server\bin;C:\Program Files (x86)\Common Files\Oracle\Java\javapath;C:\Program Files (x86)\Intel\iCLS Client\;C:\Program Files\Intel\iCLS Client\;C:\windows\system32;C:\windows;C:\windows\System32\Wbem;C:\windows\System32\WindowsPowerShell\v1.0\;C:\Program Files (x86)\Intel\Intel(R) Management Engine Components\DAL;C:\Program Files\Intel\Intel(R) Management Engine Components\DAL;C:\Program Files (x86)\Intel\Intel(R) Management Engine Components\IPT;C:\Program Files\Intel\Intel(R) Management Engine Components\IPT;C:\Program Files\Intel\WiFi\bin\;C:\Program Files\Common Files\Intel\WirelessCommon\;C:\Program Files (x86)\NVIDIA Corporation\PhysX\Common;C:\Program Files (x86)\Skype\Phone\;C:\WINDOWS\system32;C:\WINDOWS;C:\WINDOWS\System32\Wbem;C:\WINDOWS\System32\WindowsPowerShell\v1.0\;C:\WINDOWS\System32\OpenSSH\;C:\Program Files\nodejs\;D:\openssl-0.9.8e_X64\bin;C:\ProgramData\chocolatey\bin;C:\ProgramData\chocolatey\lib\maven\apache-maven-3.9.4\bin;C:\Program Files\Git\cmd;C:\Program Files\MariaDB 10.11\bin;D:\Scripts\;D:\;C:\Users\LG\AppData\Local\Microsoft\WindowsApps;C:\Users\LG\AppData\Local\afreeca;C:\altera\13.1\modelsim_ase\win32aloem;D:\PyCharm Community Edition 2022.1.3\bin;;C:\Users\LG\AppData\Local\Programs\Microsoft VS Code\bin;C:\Users\LG\AppData\Roaming\npm;C:\Program Files\Java\jdk-1.8\bin;D:\IntelliJ IDEA Community Edition 2023.1.3\bin;;
USERNAME=LG
OS=Windows_NT
PROCESSOR_IDENTIFIER=Intel64 Family 6 Model 142 Stepping 10, GenuineIntel



---------------  S Y S T E M  ---------------

OS: Windows 11 , 64 bit Build 22000 (10.0.22000.2538)

CPU:total 8 (initial active 8) (4 cores per cpu, 2 threads per core) family 6 model 142 stepping 10 microcode 0xe0, cmov, cx8, fxsr, mmx, sse, sse2, sse3, ssse3, sse4.1, sse4.2, popcnt, avx, avx2, aes, clmul, erms, 3dnowpref, lzcnt, ht, tsc, tscinvbit, bmi1, bmi2, adx, fma

Memory: 4k page, system-wide physical 8101M (315M free)
TotalPageFile size 16293M (AvailPageFile size 2M)
current process WorkingSet (physical memory assigned to process): 197M, peak: 197M
current process commit charge ("private bytes"): 296M, peak: 296M

vm_info: Java HotSpot(TM) 64-Bit Server VM (11.0.20+9-LTS-256) for windows-amd64 JRE (11.0.20+9-LTS-256), built on Jun 14 2023 10:34:22 by "mach5one" with MS VC++ 17.1 (VS2022)

END.
