#
# There is insufficient memory for the Java Runtime Environment to continue.
# Native memory allocation (mmap) failed to map 65536 bytes for Failed to commit area from 0x0000022437df0000 to 0x0000022437e00000 of length 65536.
# Possible reasons:
#   The system is out of physical RAM or swap space
#   The process is running with CompressedOops enabled, and the Java Heap may be blocking the growth of the native heap
# Possible solutions:
#   Reduce memory load on the system
#   Increase physical memory or swap space
#   Check if swap backing store is full
#   Decrease Java heap size (-Xmx/-Xms)
#   Decrease number of Java threads
#   Decrease Java thread stack sizes (-Xss)
#   Set larger code cache with -XX:ReservedCodeCacheSize=
# This output file may be truncated or incomplete.
#
#  Out of Memory Error (./open/src/hotspot/os/windows/os_windows.cpp:3293), pid=26532, tid=32128
#
# JRE version:  (11.0.20+9) (build )
# Java VM: Java HotSpot(TM) 64-Bit Server VM (11.0.20+9-LTS-256, mixed mode, sharing, tiered, compressed oops, g1 gc, windows-amd64)
# No core dump will be written. Minidumps are not enabled by default on client versions of Windows
#

---------------  S U M M A R Y ------------

Command Line: -Dfile.encoding=x-windows-949 -Duser.country=KR -Duser.language=ko -Duser.variant com.example.Volunteer.VolunteerApplication

Host: Intel(R) Core(TM) i5-8250U CPU @ 1.60GHz, 8 cores, 7G,  Windows 11 , 64 bit Build 22000 (10.0.22000.2538)
Time: Sat Nov 18 20:37:54 2023  Windows 11 , 64 bit Build 22000 (10.0.22000.2538) elapsed time: 0.017908 seconds (0d 0h 0m 0s)

---------------  T H R E A D  ---------------

Current thread (0x00000224213df800):  JavaThread "Unknown thread" [_thread_in_vm, id=32128, stack(0x0000002f1f700000,0x0000002f1f800000)]

Stack: [0x0000002f1f700000,0x0000002f1f800000]
Native frames: (J=compiled Java code, j=interpreted, Vv=VM code, C=native code)
V  [jvm.dll+0x6602ba]
V  [jvm.dll+0x7a32af]
V  [jvm.dll+0x7a4979]
V  [jvm.dll+0x7a5013]
V  [jvm.dll+0x258ef5]
V  [jvm.dll+0x65d619]
V  [jvm.dll+0x652375]
V  [jvm.dll+0x31359d]
V  [jvm.dll+0x313402]
V  [jvm.dll+0x318150]
V  [jvm.dll+0x360166]
V  [jvm.dll+0x35fba2]
V  [jvm.dll+0x2eec28]
V  [jvm.dll+0x2efd35]
V  [jvm.dll+0x77c327]
V  [jvm.dll+0x77dc0f]
V  [jvm.dll+0x36d3d9]
V  [jvm.dll+0x760d0f]
V  [jvm.dll+0x3df467]
V  [jvm.dll+0x3e1511]
C  [jli.dll+0x52e7]
C  [ucrtbase.dll+0x26c0c]
C  [KERNEL32.DLL+0x153e0]
C  [ntdll.dll+0x485b]


---------------  P R O C E S S  ---------------

Threads class SMR info:
_java_thread_list=0x000002241f1df640, length=0, elements={
}

Java Threads: ( => current thread )

Other Threads:
  0x00000224213f5000 GCTaskThread "GC Thread#0" [stack: 0x0000002f1f800000,0x0000002f1f900000] [id=32468]
  0x0000022421428800 ConcurrentGCThread "G1 Main Marker" [stack: 0x0000002f1f900000,0x0000002f1fa00000] [id=25804]
  0x000002242142a000 ConcurrentGCThread "G1 Conc#0" [stack: 0x0000002f1fa00000,0x0000002f1fb00000] [id=30428]

[error occurred during error reporting (printing all threads), id 0xc0000005, EXCEPTION_ACCESS_VIOLATION (0xc0000005) at pc=0x00007fff3824f6e7]

VM state:not at safepoint (not fully initialized)

VM Mutex/Monitor currently owned by a thread:  ([mutex/lock_event])
[0x00000224213dd240] Heap_lock - owner thread: 0x00000224213df800

Heap address: 0x0000000081600000, size: 2026 MB, Compressed Oops mode: Non-zero based: 0x0000000081600000
Narrow klass base: 0x0000000000000000, Narrow klass shift: 0

GC Heap History (0 events):
No events

Deoptimization events (0 events):
No events

Classes redefined (0 events):
No events

Internal exceptions (0 events):
No events

Events (0 events):
No events


Dynamic libraries:
0x00007ff6244b0000 - 0x00007ff6244c0000 	C:\Program Files\Java\jdk-11\bin\java.exe
0x00007fff72be0000 - 0x00007fff72de9000 	C:\WINDOWS\SYSTEM32\ntdll.dll
0x00007fff71850000 - 0x00007fff7190d000 	C:\WINDOWS\System32\KERNEL32.DLL
0x00007fff70280000 - 0x00007fff70604000 	C:\WINDOWS\System32\KERNELBASE.dll
0x00007fff70890000 - 0x00007fff709a1000 	C:\WINDOWS\System32\ucrtbase.dll
0x00007fff6c830000 - 0x00007fff6c84b000 	C:\Program Files\Java\jdk-11\bin\VCRUNTIME140.dll
0x00007fff6bce0000 - 0x00007fff6bcf9000 	C:\Program Files\Java\jdk-11\bin\jli.dll
0x00007fff70b40000 - 0x00007fff70bee000 	C:\WINDOWS\System32\ADVAPI32.dll
0x00007fff70f40000 - 0x00007fff70fe3000 	C:\WINDOWS\System32\msvcrt.dll
0x00007fff70bf0000 - 0x00007fff70c8e000 	C:\WINDOWS\System32\sechost.dll
0x00007fff72920000 - 0x00007fff72a41000 	C:\WINDOWS\System32\RPCRT4.dll
0x00007fff71610000 - 0x00007fff717bd000 	C:\WINDOWS\System32\USER32.dll
0x00007fff707a0000 - 0x00007fff707c6000 	C:\WINDOWS\System32\win32u.dll
0x00007fff715d0000 - 0x00007fff715fa000 	C:\WINDOWS\System32\GDI32.dll
0x00007fff70610000 - 0x00007fff7072e000 	C:\WINDOWS\System32\gdi32full.dll
0x00007fff61290000 - 0x00007fff61535000 	C:\WINDOWS\WinSxS\amd64_microsoft.windows.common-controls_6595b64144ccf1df_6.0.22000.120_none_9d947278b86cc467\COMCTL32.dll
0x00007fff701e0000 - 0x00007fff7027d000 	C:\WINDOWS\System32\msvcp_win.dll
0x00007fff6a100000 - 0x00007fff6a10a000 	C:\WINDOWS\SYSTEM32\VERSION.dll
0x00007fff70ff0000 - 0x00007fff71021000 	C:\WINDOWS\System32\IMM32.DLL
0x00007fff6c750000 - 0x00007fff6c75c000 	C:\Program Files\Java\jdk-11\bin\vcruntime140_1.dll
0x00007fff52800000 - 0x00007fff5288e000 	C:\Program Files\Java\jdk-11\bin\msvcp140.dll
0x00007fff37f50000 - 0x00007fff38abd000 	C:\Program Files\Java\jdk-11\bin\server\jvm.dll
0x00007fff70b30000 - 0x00007fff70b38000 	C:\WINDOWS\System32\PSAPI.DLL
0x00007fff5f0e0000 - 0x00007fff5f0e9000 	C:\WINDOWS\SYSTEM32\WSOCK32.dll
0x00007fff70d30000 - 0x00007fff70d9f000 	C:\WINDOWS\System32\WS2_32.dll
0x00007fff6b380000 - 0x00007fff6b3b3000 	C:\WINDOWS\SYSTEM32\WINMM.dll
0x00007fff6f0e0000 - 0x00007fff6f0f8000 	C:\WINDOWS\SYSTEM32\kernel.appcore.dll
0x00007fff6be40000 - 0x00007fff6be50000 	C:\Program Files\Java\jdk-11\bin\verify.dll
0x00007fff6dca0000 - 0x00007fff6dec1000 	C:\WINDOWS\SYSTEM32\DBGHELP.DLL
0x00007fff5b640000 - 0x00007fff5b671000 	C:\WINDOWS\SYSTEM32\dbgcore.DLL
0x00007fff709b0000 - 0x00007fff70a2f000 	C:\WINDOWS\System32\bcryptPrimitives.dll
0x00007fff5ea80000 - 0x00007fff5eaa8000 	C:\Program Files\Java\jdk-11\bin\java.dll
0x00007fff6b9b0000 - 0x00007fff6b9ba000 	C:\Program Files\Java\jdk-11\bin\jimage.dll
0x00007fff6b760000 - 0x00007fff6b777000 	C:\Program Files\Java\jdk-11\bin\zip.dll

dbghelp: loaded successfully - version: 4.0.5 - missing functions: none
symbol engine: initialized successfully - sym options: 0x614 - pdb path: .;C:\Program Files\Java\jdk-11\bin;C:\WINDOWS\SYSTEM32;C:\WINDOWS\WinSxS\amd64_microsoft.windows.common-controls_6595b64144ccf1df_6.0.22000.120_none_9d947278b86cc467;C:\Program Files\Java\jdk-11\bin\server

VM Arguments:
jvm_args: -Dfile.encoding=x-windows-949 -Duser.country=KR -Duser.language=ko -Duser.variant 
java_command: com.example.Volunteer.VolunteerApplication
java_class_path (initial): D:\Volunteer\Volunteer\build\classes\java\main;D:\Volunteer\Volunteer\build\resources\main;C:\Users\LG\.gradle\caches\modules-2\files-2.1\com.google.code.gson\gson\2.8.8\431fc3cbc0ff81abdbfde070062741089c3ba874\gson-2.8.8.jar;C:\Users\LG\.gradle\caches\modules-2\files-2.1\org.springframework.boot\spring-boot-starter-data-jpa\2.7.16\3438c32d28bb5d31b6ad45f1b7c8cbbd9cba5b4e\spring-boot-starter-data-jpa-2.7.16.jar;C:\Users\LG\.gradle\caches\modules-2\files-2.1\org.springframework.boot\spring-boot-starter-web\2.7.16\f6e4e226b0c9c1cf36c17c04262c702c6a0bad99\spring-boot-starter-web-2.7.16.jar;C:\Users\LG\.gradle\caches\modules-2\files-2.1\org.springframework.boot\spring-boot-starter-security\2.7.16\1f08cec142ab23f30e42d68c5f60c7332943b77b\spring-boot-starter-security-2.7.16.jar;C:\Users\LG\.gradle\caches\modules-2\files-2.1\io.jsonwebtoken\jjwt\0.9.1\54d2abfc3e63a28824d35bf600d6a5d627da681a\jjwt-0.9.1.jar;C:\Users\LG\.gradle\caches\modules-2\files-2.1\org.mariadb.jdbc\mariadb-java-client\3.1.4\7f66d1f5afcacdb11ba34d2614933a206afbcff2\mariadb-java-client-3.1.4.jar;C:\Users\LG\.gradle\caches\modules-2\files-2.1\org.springframework.boot\spring-boot-starter-aop\2.7.16\dba25addac3d8adc9bf2c925bc9ed167404f8a72\spring-boot-starter-aop-2.7.16.jar;C:\Users\LG\.gradle\caches\modules-2\files-2.1\org.springframework.boot\spring-boot-starter-jdbc\2.7.16\eac83a43d8221c80730a1622e3467dda12487ccd\spring-boot-starter-jdbc-2.7.16.jar;C:\Users\LG\.gradle\caches\modules-2\files-2.1\jakarta.transaction\jakarta.transaction-api\1.3.3\c4179d48720a1e87202115fbed6089bdc4195405\jakarta.transaction-api-1.3.3.jar;C:\Users\LG\.gradle\caches\modules-2\files-2.1\jakarta.persistence\jakarta.persistence-api\2.2.3\8f6ea5daedc614f07a3654a455660145286f024e\jakarta.persistence-api-2.2.3.jar;C:\Users\LG\.gradle\caches\modules-2\files-2.1\org.hibernate\hibernate-core\5.6.15.Final\ab14b7cef1fdff654ca81923048a6034d6c7cfa7\hibernate-core-5.6.15.Final.jar;C:\Users\LG\.gradle\caches\modu
Launcher Type: SUN_STANDARD

[Global flags]
     intx CICompilerCount                          = 4                                         {product} {ergonomic}
     uint ConcGCThreads                            = 2                                         {product} {ergonomic}
     uint G1ConcRefinementThreads                  = 8                                         {product} {ergonomic}
   size_t G1HeapRegionSize                         = 1048576                                   {product} {ergonomic}
    uintx GCDrainStackTargetSize                   = 64                                        {product} {ergonomic}
   size_t InitialHeapSize                          = 134217728                                 {product} {ergonomic}
   size_t MarkStackSize                            = 4194304                                   {product} {ergonomic}
   size_t MaxHeapSize                              = 2124414976                                {product} {ergonomic}
   size_t MinHeapDeltaBytes                        = 1048576                                   {product} {ergonomic}
    uintx NonNMethodCodeHeapSize                   = 5836300                                {pd product} {ergonomic}
    uintx NonProfiledCodeHeapSize                  = 122910970                              {pd product} {ergonomic}
    uintx ProfiledCodeHeapSize                     = 122910970                              {pd product} {ergonomic}
    uintx ReservedCodeCacheSize                    = 251658240                              {pd product} {ergonomic}
     bool SegmentedCodeCache                       = true                                      {product} {ergonomic}
     bool UseCompressedClassPointers               = true                                 {lp64_product} {ergonomic}
     bool UseCompressedOops                        = true                                 {lp64_product} {ergonomic}
     bool UseG1GC                                  = true                                      {product} {ergonomic}
     bool UseLargePagesIndividualAllocation        = false                                  {pd product} {ergonomic}

Logging:
Log output configuration:
 #0: stdout all=warning uptime,level,tags
 #1: stderr all=off uptime,level,tags

Environment Variables:
JAVA_HOME=C:\jdk-11.0.2
CLASSPATH=C:\jdk-11.0.2\lib
PATH=C:\jdk-11.0.2\bin;C:\jdk-11.0.2;C:\Program Files\Eclipse Adoptium\jdk-8.0.382.5-hotspot\bin;C:\oraclexe\app\oracle\product\10.2.0\server\bin;C:\Program Files (x86)\Common Files\Oracle\Java\javapath;C:\Program Files (x86)\Intel\iCLS Client\;C:\Program Files\Intel\iCLS Client\;C:\windows\system32;C:\windows;C:\windows\System32\Wbem;C:\windows\System32\WindowsPowerShell\v1.0\;C:\Program Files (x86)\Intel\Intel(R) Management Engine Components\DAL;C:\Program Files\Intel\Intel(R) Management Engine Components\DAL;C:\Program Files (x86)\Intel\Intel(R) Management Engine Components\IPT;C:\Program Files\Intel\Intel(R) Management Engine Components\IPT;C:\Program Files\Intel\WiFi\bin\;C:\Program Files\Common Files\Intel\WirelessCommon\;C:\Program Files (x86)\NVIDIA Corporation\PhysX\Common;C:\Program Files (x86)\Skype\Phone\;C:\WINDOWS\system32;C:\WINDOWS;C:\WINDOWS\System32\Wbem;C:\WINDOWS\System32\WindowsPowerShell\v1.0\;C:\WINDOWS\System32\OpenSSH\;C:\Program Files\nodejs\;D:\openssl-0.9.8e_X64\bin;C:\ProgramData\chocolatey\bin;C:\ProgramData\chocolatey\lib\maven\apache-maven-3.9.4\bin;C:\Program Files\Git\cmd;C:\Program Files\MariaDB 10.11\bin;D:\Scripts\;D:\;C:\Users\LG\AppData\Local\Microsoft\WindowsApps;C:\Users\LG\AppData\Local\afreeca;C:\altera\13.1\modelsim_ase\win32aloem;D:\PyCharm Community Edition 2022.1.3\bin;;C:\Users\LG\AppData\Local\Programs\Microsoft VS Code\bin;C:\Users\LG\AppData\Roaming\npm;C:\Program Files\Java\jdk-1.8\bin;D:\IntelliJ IDEA Community Edition 2023.1.3\bin;;
USERNAME=LG
OS=Windows_NT
PROCESSOR_IDENTIFIER=Intel64 Family 6 Model 142 Stepping 10, GenuineIntel



---------------  S Y S T E M  ---------------

OS: Windows 11 , 64 bit Build 22000 (10.0.22000.2538)

CPU:total 8 (initial active 8) (4 cores per cpu, 2 threads per core) family 6 model 142 stepping 10 microcode 0xe0, cmov, cx8, fxsr, mmx, sse, sse2, sse3, ssse3, sse4.1, sse4.2, popcnt, avx, avx2, aes, clmul, erms, 3dnowpref, lzcnt, ht, tsc, tscinvbit, bmi1, bmi2, adx, fma

Memory: 4k page, system-wide physical 8101M (622M free)
TotalPageFile size 16293M (AvailPageFile size 4M)
current process WorkingSet (physical memory assigned to process): 14M, peak: 14M
current process commit charge ("private bytes"): 192M, peak: 192M

vm_info: Java HotSpot(TM) 64-Bit Server VM (11.0.20+9-LTS-256) for windows-amd64 JRE (11.0.20+9-LTS-256), built on Jun 14 2023 10:34:22 by "mach5one" with MS VC++ 17.1 (VS2022)

END.
