#
# There is insufficient memory for the Java Runtime Environment to continue.
# Native memory allocation (malloc) failed to allocate 131088 bytes for Chunk::new
# Possible reasons:
#   The system is out of physical RAM or swap space
#   The process is running with CompressedOops enabled, and the Java Heap may be blocking the growth of the native heap
# Possible solutions:
#   Reduce memory load on the system
#   Increase physical memory or swap space
#   Check if swap backing store is full
#   Decrease Java heap size (-Xmx/-Xms)
#   Decrease number of Java threads
#   Decrease Java thread stack sizes (-Xss)
#   Set larger code cache with -XX:ReservedCodeCacheSize=
#   JVM is running with Unscaled Compressed Oops mode in which the Java heap is
#     placed in the first 4GB address space. The Java Heap base address is the
#     maximum limit for the native heap growth. Please use -XX:HeapBaseMinAddress
#     to set the Java Heap base and to place the Java Heap above 4GB virtual address.
# This output file may be truncated or incomplete.
#
#  Out of Memory Error (./open/src/hotspot/share/memory/arena.cpp:197), pid=68192, tid=68312
#
# JRE version: Java(TM) SE Runtime Environment 18.9 (11.0.20+9) (build 11.0.20+9-LTS-256)
# Java VM: Java HotSpot(TM) 64-Bit Server VM 18.9 (11.0.20+9-LTS-256, mixed mode, tiered, compressed oops, g1 gc, windows-amd64)
# No core dump will be written. Minidumps are not enabled by default on client versions of Windows
#

---------------  S U M M A R Y ------------

Command Line: -Dfile.encoding=x-windows-949 -Duser.country=KR -Duser.language=ko -Duser.variant com.example.Volunteer.VolunteerApplication

Host: Intel(R) Core(TM) i5-8250U CPU @ 1.60GHz, 8 cores, 7G,  Windows 11 , 64 bit Build 22000 (10.0.22000.2124)
Time: Wed Oct 11 16:10:54 2023  Windows 11 , 64 bit Build 22000 (10.0.22000.2124) elapsed time: 3.150387 seconds (0d 0h 0m 3s)

---------------  T H R E A D  ---------------

Current thread (0x000001457e083000):  JavaThread "C2 CompilerThread0" daemon [_thread_in_native, id=68312, stack(0x0000002160f00000,0x0000002161000000)]


Current CompileTask:
C2:   3150 3004       4       org.springframework.core.ResolvableType::forType (115 bytes)

Stack: [0x0000002160f00000,0x0000002161000000]
Native frames: (J=compiled Java code, j=interpreted, Vv=VM code, C=native code)
V  [jvm.dll+0x6602ba]
V  [jvm.dll+0x7a32af]
V  [jvm.dll+0x7a4979]
V  [jvm.dll+0x7a5013]
V  [jvm.dll+0x258ef5]
V  [jvm.dll+0xb2a0c]
V  [jvm.dll+0xb2fcc]
V  [jvm.dll+0xb2b24]
V  [jvm.dll+0x68ae3f]
V  [jvm.dll+0x21344a]
V  [jvm.dll+0x210ab4]
V  [jvm.dll+0x18cdb1]
V  [jvm.dll+0x220e59]
V  [jvm.dll+0x21f17c]
V  [jvm.dll+0x767061]
V  [jvm.dll+0x75f8e4]
V  [jvm.dll+0x65f165]
C  [ucrtbase.dll+0x26c0c]
C  [KERNEL32.DLL+0x155a0]
C  [ntdll.dll+0x485b]


---------------  P R O C E S S  ---------------

Threads class SMR info:
_java_thread_list=0x000001457f51d850, length=10, elements={
0x000001456e7f3000, 0x000001457d7ea800, 0x000001457d7ed000, 0x000001457e07e000,
0x000001457e07f000, 0x000001457e080000, 0x000001457e083000, 0x000001457e085800,
0x000001457e088800, 0x000001457e245800
}

Java Threads: ( => current thread )
  0x000001456e7f3000 JavaThread "main" [_thread_in_native, id=68264, stack(0x0000002160300000,0x0000002160400000)]
  0x000001457d7ea800 JavaThread "Reference Handler" daemon [_thread_blocked, id=68292, stack(0x0000002160a00000,0x0000002160b00000)]
  0x000001457d7ed000 JavaThread "Finalizer" daemon [_thread_blocked, id=68296, stack(0x0000002160b00000,0x0000002160c00000)]
  0x000001457e07e000 JavaThread "Signal Dispatcher" daemon [_thread_blocked, id=68300, stack(0x0000002160c00000,0x0000002160d00000)]
  0x000001457e07f000 JavaThread "Attach Listener" daemon [_thread_blocked, id=68304, stack(0x0000002160d00000,0x0000002160e00000)]
  0x000001457e080000 JavaThread "Service Thread" daemon [_thread_blocked, id=68308, stack(0x0000002160e00000,0x0000002160f00000)]
=>0x000001457e083000 JavaThread "C2 CompilerThread0" daemon [_thread_in_native, id=68312, stack(0x0000002160f00000,0x0000002161000000)]
  0x000001457e085800 JavaThread "C1 CompilerThread0" daemon [_thread_blocked, id=68316, stack(0x0000002161000000,0x0000002161100000)]
  0x000001457e088800 JavaThread "Sweeper thread" daemon [_thread_blocked, id=68320, stack(0x0000002161100000,0x0000002161200000)]
  0x000001457e245800 JavaThread "Common-Cleaner" daemon [_thread_blocked, id=68328, stack(0x0000002161300000,0x0000002161400000)]

Other Threads:
  0x000001457d7e6800 VMThread "VM Thread" [stack: 0x0000002160900000,0x0000002160a00000] [id=68288]
  0x000001457e243000 WatcherThread [stack: 0x0000002161200000,0x0000002161300000] [id=68324]
  0x000001456e807800 GCTaskThread "GC Thread#0" [stack: 0x0000002160400000,0x0000002160500000] [id=68268]
  0x000001457ed0d800 GCTaskThread "GC Thread#1" [stack: 0x0000002161400000,0x0000002161500000] [id=68332]
  0x000001457edd2800 GCTaskThread "GC Thread#2" [stack: 0x0000002161500000,0x0000002161600000] [id=68336]
  0x000001457f54a800 GCTaskThread "GC Thread#3" [stack: 0x0000002161700000,0x0000002161800000] [id=68344]
  0x000001456e83a800 ConcurrentGCThread "G1 Main Marker" [stack: 0x0000002160500000,0x0000002160600000] [id=68272]
  0x000001456e83c800 ConcurrentGCThread "G1 Conc#0" [stack: 0x0000002160600000,0x0000002160700000] [id=68276]
  0x000001457f07d000 ConcurrentGCThread "G1 Conc#1" [stack: 0x0000002161800000,0x0000002161900000] [id=68348]
  0x000001457d64a800 ConcurrentGCThread "G1 Refine#0" [stack: 0x0000002160700000,0x0000002160800000] [id=68280]
  0x000001457d64d800 ConcurrentGCThread "G1 Young RemSet Sampling" [stack: 0x0000002160800000,0x0000002160900000] [id=68284]

Threads with active compile tasks:
C2 CompilerThread0     3199 3004       4       org.springframework.core.ResolvableType::forType (115 bytes)

VM state:not at safepoint (normal execution)

VM Mutex/Monitor currently owned by a thread: None

Heap address: 0x0000000081600000, size: 2026 MB, Compressed Oops mode: 32-bit
Narrow klass base: 0x0000000000000000, Narrow klass shift: 3
Compressed class space size: 1073741824 Address: 0x0000000100000000

Heap:
 garbage-first heap   total 131072K, used 58866K [0x0000000081600000, 0x0000000100000000)
  region size 1024K, 52 young (53248K), 4 survivors (4096K)
 Metaspace       used 31093K, capacity 31913K, committed 32128K, reserved 1077248K
  class space    used 3633K, capacity 3950K, committed 3968K, reserved 1048576K
Heap Regions: E=young(eden), S=young(survivor), O=old, HS=humongous(starts), HC=humongous(continues), CS=collection set, F=free, A=archive, TAMS=top-at-mark-start (previous, next)
|   0|0x0000000081600000, 0x0000000081700000, 0x0000000081700000|100%|HS|  |TAMS 0x0000000081700000, 0x0000000081600000| Complete 
|   1|0x0000000081700000, 0x0000000081800000, 0x0000000081800000|100%| O|  |TAMS 0x0000000081800000, 0x0000000081700000| Untracked 
|   2|0x0000000081800000, 0x0000000081900000, 0x0000000081900000|100%| O|  |TAMS 0x0000000081900000, 0x0000000081800000| Untracked 
|   3|0x0000000081900000, 0x0000000081a00000, 0x0000000081a00000|100%| O|  |TAMS 0x00000000819c4a00, 0x0000000081900000| Untracked 
|   4|0x0000000081a00000, 0x0000000081b00000, 0x0000000081b00000|100%| O|  |TAMS 0x0000000081a00000, 0x0000000081a00000| Untracked 
|   5|0x0000000081b00000, 0x0000000081c00000, 0x0000000081c00000|100%| O|  |TAMS 0x0000000081b00000, 0x0000000081b00000| Untracked 
|   6|0x0000000081c00000, 0x0000000081c7ca00, 0x0000000081d00000| 48%| O|  |TAMS 0x0000000081c00000, 0x0000000081c00000| Untracked 
|   7|0x0000000081d00000, 0x0000000081d00000, 0x0000000081e00000|  0%| F|  |TAMS 0x0000000081d00000, 0x0000000081d00000| Untracked 
|   8|0x0000000081e00000, 0x0000000081e00000, 0x0000000081f00000|  0%| F|  |TAMS 0x0000000081e00000, 0x0000000081e00000| Untracked 
|   9|0x0000000081f00000, 0x0000000081f00000, 0x0000000082000000|  0%| F|  |TAMS 0x0000000081f00000, 0x0000000081f00000| Untracked 
|  10|0x0000000082000000, 0x0000000082000000, 0x0000000082100000|  0%| F|  |TAMS 0x0000000082000000, 0x0000000082000000| Untracked 
|  11|0x0000000082100000, 0x0000000082100000, 0x0000000082200000|  0%| F|  |TAMS 0x0000000082100000, 0x0000000082100000| Untracked 
|  12|0x0000000082200000, 0x0000000082200000, 0x0000000082300000|  0%| F|  |TAMS 0x0000000082200000, 0x0000000082200000| Untracked 
|  13|0x0000000082300000, 0x0000000082300000, 0x0000000082400000|  0%| F|  |TAMS 0x0000000082300000, 0x0000000082300000| Untracked 
|  14|0x0000000082400000, 0x0000000082400000, 0x0000000082500000|  0%| F|  |TAMS 0x0000000082400000, 0x0000000082400000| Untracked 
|  15|0x0000000082500000, 0x0000000082500000, 0x0000000082600000|  0%| F|  |TAMS 0x0000000082500000, 0x0000000082500000| Untracked 
|  16|0x0000000082600000, 0x0000000082600000, 0x0000000082700000|  0%| F|  |TAMS 0x0000000082600000, 0x0000000082600000| Untracked 
|  17|0x0000000082700000, 0x0000000082700000, 0x0000000082800000|  0%| F|  |TAMS 0x0000000082700000, 0x0000000082700000| Untracked 
|  18|0x0000000082800000, 0x0000000082800000, 0x0000000082900000|  0%| F|  |TAMS 0x0000000082800000, 0x0000000082800000| Untracked 
|  19|0x0000000082900000, 0x0000000082900000, 0x0000000082a00000|  0%| F|  |TAMS 0x0000000082900000, 0x0000000082900000| Untracked 
|  20|0x0000000082a00000, 0x0000000082a00000, 0x0000000082b00000|  0%| F|  |TAMS 0x0000000082a00000, 0x0000000082a00000| Untracked 
|  21|0x0000000082b00000, 0x0000000082b00000, 0x0000000082c00000|  0%| F|  |TAMS 0x0000000082b00000, 0x0000000082b00000| Untracked 
|  22|0x0000000082c00000, 0x0000000082c00000, 0x0000000082d00000|  0%| F|  |TAMS 0x0000000082c00000, 0x0000000082c00000| Untracked 
|  23|0x0000000082d00000, 0x0000000082d00000, 0x0000000082e00000|  0%| F|  |TAMS 0x0000000082d00000, 0x0000000082d00000| Untracked 
|  24|0x0000000082e00000, 0x0000000082e00000, 0x0000000082f00000|  0%| F|  |TAMS 0x0000000082e00000, 0x0000000082e00000| Untracked 
|  25|0x0000000082f00000, 0x0000000082f00000, 0x0000000083000000|  0%| F|  |TAMS 0x0000000082f00000, 0x0000000082f00000| Untracked 
|  26|0x0000000083000000, 0x0000000083000000, 0x0000000083100000|  0%| F|  |TAMS 0x0000000083000000, 0x0000000083000000| Untracked 
|  27|0x0000000083100000, 0x0000000083100000, 0x0000000083200000|  0%| F|  |TAMS 0x0000000083100000, 0x0000000083100000| Untracked 
|  28|0x0000000083200000, 0x0000000083200000, 0x0000000083300000|  0%| F|  |TAMS 0x0000000083200000, 0x0000000083200000| Untracked 
|  29|0x0000000083300000, 0x0000000083300000, 0x0000000083400000|  0%| F|  |TAMS 0x0000000083300000, 0x0000000083300000| Untracked 
|  30|0x0000000083400000, 0x0000000083400000, 0x0000000083500000|  0%| F|  |TAMS 0x0000000083400000, 0x0000000083400000| Untracked 
|  31|0x0000000083500000, 0x0000000083500000, 0x0000000083600000|  0%| F|  |TAMS 0x0000000083500000, 0x0000000083500000| Untracked 
|  32|0x0000000083600000, 0x0000000083600000, 0x0000000083700000|  0%| F|  |TAMS 0x0000000083600000, 0x0000000083600000| Untracked 
|  33|0x0000000083700000, 0x0000000083700000, 0x0000000083800000|  0%| F|  |TAMS 0x0000000083700000, 0x0000000083700000| Untracked 
|  34|0x0000000083800000, 0x0000000083800000, 0x0000000083900000|  0%| F|  |TAMS 0x0000000083800000, 0x0000000083800000| Untracked 
|  35|0x0000000083900000, 0x0000000083900000, 0x0000000083a00000|  0%| F|  |TAMS 0x0000000083900000, 0x0000000083900000| Untracked 
|  36|0x0000000083a00000, 0x0000000083a00000, 0x0000000083b00000|  0%| F|  |TAMS 0x0000000083a00000, 0x0000000083a00000| Untracked 
|  37|0x0000000083b00000, 0x0000000083b00000, 0x0000000083c00000|  0%| F|  |TAMS 0x0000000083b00000, 0x0000000083b00000| Untracked 
|  38|0x0000000083c00000, 0x0000000083c00000, 0x0000000083d00000|  0%| F|  |TAMS 0x0000000083c00000, 0x0000000083c00000| Untracked 
|  39|0x0000000083d00000, 0x0000000083d00000, 0x0000000083e00000|  0%| F|  |TAMS 0x0000000083d00000, 0x0000000083d00000| Untracked 
|  40|0x0000000083e00000, 0x0000000083e00000, 0x0000000083f00000|  0%| F|  |TAMS 0x0000000083e00000, 0x0000000083e00000| Untracked 
|  41|0x0000000083f00000, 0x0000000083f00000, 0x0000000084000000|  0%| F|  |TAMS 0x0000000083f00000, 0x0000000083f00000| Untracked 
|  42|0x0000000084000000, 0x0000000084000000, 0x0000000084100000|  0%| F|  |TAMS 0x0000000084000000, 0x0000000084000000| Untracked 
|  43|0x0000000084100000, 0x0000000084100000, 0x0000000084200000|  0%| F|  |TAMS 0x0000000084100000, 0x0000000084100000| Untracked 
|  44|0x0000000084200000, 0x0000000084200000, 0x0000000084300000|  0%| F|  |TAMS 0x0000000084200000, 0x0000000084200000| Untracked 
|  45|0x0000000084300000, 0x0000000084300000, 0x0000000084400000|  0%| F|  |TAMS 0x0000000084300000, 0x0000000084300000| Untracked 
|  46|0x0000000084400000, 0x0000000084400000, 0x0000000084500000|  0%| F|  |TAMS 0x0000000084400000, 0x0000000084400000| Untracked 
|  47|0x0000000084500000, 0x0000000084500000, 0x0000000084600000|  0%| F|  |TAMS 0x0000000084500000, 0x0000000084500000| Untracked 
|  48|0x0000000084600000, 0x0000000084600000, 0x0000000084700000|  0%| F|  |TAMS 0x0000000084600000, 0x0000000084600000| Untracked 
|  49|0x0000000084700000, 0x0000000084700000, 0x0000000084800000|  0%| F|  |TAMS 0x0000000084700000, 0x0000000084700000| Untracked 
|  50|0x0000000084800000, 0x0000000084800000, 0x0000000084900000|  0%| F|  |TAMS 0x0000000084800000, 0x0000000084800000| Untracked 
|  51|0x0000000084900000, 0x0000000084900000, 0x0000000084a00000|  0%| F|  |TAMS 0x0000000084900000, 0x0000000084900000| Untracked 
|  52|0x0000000084a00000, 0x0000000084a00000, 0x0000000084b00000|  0%| F|  |TAMS 0x0000000084a00000, 0x0000000084a00000| Untracked 
|  53|0x0000000084b00000, 0x0000000084b00000, 0x0000000084c00000|  0%| F|  |TAMS 0x0000000084b00000, 0x0000000084b00000| Untracked 
|  54|0x0000000084c00000, 0x0000000084c00000, 0x0000000084d00000|  0%| F|  |TAMS 0x0000000084c00000, 0x0000000084c00000| Untracked 
|  55|0x0000000084d00000, 0x0000000084d00000, 0x0000000084e00000|  0%| F|  |TAMS 0x0000000084d00000, 0x0000000084d00000| Untracked 
|  56|0x0000000084e00000, 0x0000000084e00000, 0x0000000084f00000|  0%| F|  |TAMS 0x0000000084e00000, 0x0000000084e00000| Untracked 
|  57|0x0000000084f00000, 0x0000000084f00000, 0x0000000085000000|  0%| F|  |TAMS 0x0000000084f00000, 0x0000000084f00000| Untracked 
|  58|0x0000000085000000, 0x0000000085000000, 0x0000000085100000|  0%| F|  |TAMS 0x0000000085000000, 0x0000000085000000| Untracked 
|  59|0x0000000085100000, 0x0000000085100000, 0x0000000085200000|  0%| F|  |TAMS 0x0000000085100000, 0x0000000085100000| Untracked 
|  60|0x0000000085200000, 0x0000000085200000, 0x0000000085300000|  0%| F|  |TAMS 0x0000000085200000, 0x0000000085200000| Untracked 
|  61|0x0000000085300000, 0x0000000085300000, 0x0000000085400000|  0%| F|  |TAMS 0x0000000085300000, 0x0000000085300000| Untracked 
|  62|0x0000000085400000, 0x0000000085400000, 0x0000000085500000|  0%| F|  |TAMS 0x0000000085400000, 0x0000000085400000| Untracked 
|  63|0x0000000085500000, 0x0000000085500000, 0x0000000085600000|  0%| F|  |TAMS 0x0000000085500000, 0x0000000085500000| Untracked 
|  64|0x0000000085600000, 0x0000000085600000, 0x0000000085700000|  0%| F|  |TAMS 0x0000000085600000, 0x0000000085600000| Untracked 
|  65|0x0000000085700000, 0x0000000085700000, 0x0000000085800000|  0%| F|  |TAMS 0x0000000085700000, 0x0000000085700000| Untracked 
|  66|0x0000000085800000, 0x0000000085800000, 0x0000000085900000|  0%| F|  |TAMS 0x0000000085800000, 0x0000000085800000| Untracked 
|  67|0x0000000085900000, 0x0000000085900000, 0x0000000085a00000|  0%| F|  |TAMS 0x0000000085900000, 0x0000000085900000| Untracked 
|  68|0x0000000085a00000, 0x0000000085a00000, 0x0000000085b00000|  0%| F|  |TAMS 0x0000000085a00000, 0x0000000085a00000| Untracked 
|  69|0x0000000085b00000, 0x0000000085b00000, 0x0000000085c00000|  0%| F|  |TAMS 0x0000000085b00000, 0x0000000085b00000| Untracked 
|  70|0x0000000085c00000, 0x0000000085c00000, 0x0000000085d00000|  0%| F|  |TAMS 0x0000000085c00000, 0x0000000085c00000| Untracked 
|  71|0x0000000085d00000, 0x0000000085d00000, 0x0000000085e00000|  0%| F|  |TAMS 0x0000000085d00000, 0x0000000085d00000| Untracked 
|  72|0x0000000085e00000, 0x0000000085e00000, 0x0000000085f00000|  0%| F|  |TAMS 0x0000000085e00000, 0x0000000085e00000| Untracked 
|  73|0x0000000085f00000, 0x0000000085f00000, 0x0000000086000000|  0%| F|  |TAMS 0x0000000085f00000, 0x0000000085f00000| Untracked 
|  74|0x0000000086000000, 0x0000000086000000, 0x0000000086100000|  0%| F|  |TAMS 0x0000000086000000, 0x0000000086000000| Untracked 
|  75|0x0000000086100000, 0x0000000086100000, 0x0000000086200000|  0%| F|  |TAMS 0x0000000086100000, 0x0000000086100000| Untracked 
|  76|0x0000000086200000, 0x0000000086300000, 0x0000000086300000|100%| S|CS|TAMS 0x0000000086200000, 0x0000000086200000| Complete 
|  77|0x0000000086300000, 0x0000000086400000, 0x0000000086400000|100%| S|CS|TAMS 0x0000000086300000, 0x0000000086300000| Complete 
|  78|0x0000000086400000, 0x0000000086500000, 0x0000000086500000|100%| E|  |TAMS 0x0000000086400000, 0x0000000086400000| Complete 
|  79|0x0000000086500000, 0x0000000086600000, 0x0000000086600000|100%| E|CS|TAMS 0x0000000086500000, 0x0000000086500000| Complete 
|  80|0x0000000086600000, 0x0000000086700000, 0x0000000086700000|100%| E|CS|TAMS 0x0000000086600000, 0x0000000086600000| Complete 
|  81|0x0000000086700000, 0x0000000086800000, 0x0000000086800000|100%| E|CS|TAMS 0x0000000086700000, 0x0000000086700000| Complete 
|  82|0x0000000086800000, 0x0000000086900000, 0x0000000086900000|100%| E|CS|TAMS 0x0000000086800000, 0x0000000086800000| Complete 
|  83|0x0000000086900000, 0x0000000086a00000, 0x0000000086a00000|100%| S|CS|TAMS 0x0000000086900000, 0x0000000086900000| Complete 
|  84|0x0000000086a00000, 0x0000000086b00000, 0x0000000086b00000|100%| S|CS|TAMS 0x0000000086a00000, 0x0000000086a00000| Complete 
|  85|0x0000000086b00000, 0x0000000086c00000, 0x0000000086c00000|100%| E|CS|TAMS 0x0000000086b00000, 0x0000000086b00000| Complete 
|  86|0x0000000086c00000, 0x0000000086d00000, 0x0000000086d00000|100%| E|CS|TAMS 0x0000000086c00000, 0x0000000086c00000| Complete 
|  87|0x0000000086d00000, 0x0000000086e00000, 0x0000000086e00000|100%| E|CS|TAMS 0x0000000086d00000, 0x0000000086d00000| Complete 
|  88|0x0000000086e00000, 0x0000000086f00000, 0x0000000086f00000|100%| E|CS|TAMS 0x0000000086e00000, 0x0000000086e00000| Complete 
|  89|0x0000000086f00000, 0x0000000087000000, 0x0000000087000000|100%| E|CS|TAMS 0x0000000086f00000, 0x0000000086f00000| Complete 
|  90|0x0000000087000000, 0x0000000087100000, 0x0000000087100000|100%| E|CS|TAMS 0x0000000087000000, 0x0000000087000000| Complete 
|  91|0x0000000087100000, 0x0000000087200000, 0x0000000087200000|100%| E|CS|TAMS 0x0000000087100000, 0x0000000087100000| Complete 
|  92|0x0000000087200000, 0x0000000087300000, 0x0000000087300000|100%| E|CS|TAMS 0x0000000087200000, 0x0000000087200000| Complete 
|  93|0x0000000087300000, 0x0000000087400000, 0x0000000087400000|100%| E|CS|TAMS 0x0000000087300000, 0x0000000087300000| Complete 
|  94|0x0000000087400000, 0x0000000087500000, 0x0000000087500000|100%| E|CS|TAMS 0x0000000087400000, 0x0000000087400000| Complete 
|  95|0x0000000087500000, 0x0000000087600000, 0x0000000087600000|100%| E|CS|TAMS 0x0000000087500000, 0x0000000087500000| Complete 
|  96|0x0000000087600000, 0x0000000087700000, 0x0000000087700000|100%| E|CS|TAMS 0x0000000087600000, 0x0000000087600000| Complete 
|  97|0x0000000087700000, 0x0000000087800000, 0x0000000087800000|100%| E|CS|TAMS 0x0000000087700000, 0x0000000087700000| Complete 
|  98|0x0000000087800000, 0x0000000087900000, 0x0000000087900000|100%| E|CS|TAMS 0x0000000087800000, 0x0000000087800000| Complete 
|  99|0x0000000087900000, 0x0000000087a00000, 0x0000000087a00000|100%| E|CS|TAMS 0x0000000087900000, 0x0000000087900000| Complete 
| 100|0x0000000087a00000, 0x0000000087b00000, 0x0000000087b00000|100%| E|CS|TAMS 0x0000000087a00000, 0x0000000087a00000| Complete 
| 101|0x0000000087b00000, 0x0000000087c00000, 0x0000000087c00000|100%| E|CS|TAMS 0x0000000087b00000, 0x0000000087b00000| Complete 
| 102|0x0000000087c00000, 0x0000000087d00000, 0x0000000087d00000|100%| E|CS|TAMS 0x0000000087c00000, 0x0000000087c00000| Complete 
| 103|0x0000000087d00000, 0x0000000087e00000, 0x0000000087e00000|100%| E|CS|TAMS 0x0000000087d00000, 0x0000000087d00000| Complete 
| 104|0x0000000087e00000, 0x0000000087f00000, 0x0000000087f00000|100%| E|CS|TAMS 0x0000000087e00000, 0x0000000087e00000| Complete 
| 105|0x0000000087f00000, 0x0000000088000000, 0x0000000088000000|100%| E|CS|TAMS 0x0000000087f00000, 0x0000000087f00000| Complete 
| 106|0x0000000088000000, 0x0000000088100000, 0x0000000088100000|100%| E|CS|TAMS 0x0000000088000000, 0x0000000088000000| Complete 
| 107|0x0000000088100000, 0x0000000088200000, 0x0000000088200000|100%| E|CS|TAMS 0x0000000088100000, 0x0000000088100000| Complete 
| 108|0x0000000088200000, 0x0000000088300000, 0x0000000088300000|100%| E|CS|TAMS 0x0000000088200000, 0x0000000088200000| Complete 
| 109|0x0000000088300000, 0x0000000088400000, 0x0000000088400000|100%| E|CS|TAMS 0x0000000088300000, 0x0000000088300000| Complete 
| 110|0x0000000088400000, 0x0000000088500000, 0x0000000088500000|100%| E|CS|TAMS 0x0000000088400000, 0x0000000088400000| Complete 
| 111|0x0000000088500000, 0x0000000088600000, 0x0000000088600000|100%| E|CS|TAMS 0x0000000088500000, 0x0000000088500000| Complete 
| 112|0x0000000088600000, 0x0000000088700000, 0x0000000088700000|100%| E|CS|TAMS 0x0000000088600000, 0x0000000088600000| Complete 
| 113|0x0000000088700000, 0x0000000088800000, 0x0000000088800000|100%| E|CS|TAMS 0x0000000088700000, 0x0000000088700000| Complete 
| 114|0x0000000088800000, 0x0000000088900000, 0x0000000088900000|100%| E|CS|TAMS 0x0000000088800000, 0x0000000088800000| Complete 
| 115|0x0000000088900000, 0x0000000088a00000, 0x0000000088a00000|100%| E|CS|TAMS 0x0000000088900000, 0x0000000088900000| Complete 
| 116|0x0000000088a00000, 0x0000000088b00000, 0x0000000088b00000|100%| E|CS|TAMS 0x0000000088a00000, 0x0000000088a00000| Complete 
| 117|0x0000000088b00000, 0x0000000088c00000, 0x0000000088c00000|100%| E|CS|TAMS 0x0000000088b00000, 0x0000000088b00000| Complete 
| 118|0x0000000088c00000, 0x0000000088d00000, 0x0000000088d00000|100%| E|CS|TAMS 0x0000000088c00000, 0x0000000088c00000| Complete 
| 119|0x0000000088d00000, 0x0000000088e00000, 0x0000000088e00000|100%| E|CS|TAMS 0x0000000088d00000, 0x0000000088d00000| Complete 
| 120|0x0000000088e00000, 0x0000000088f00000, 0x0000000088f00000|100%| E|CS|TAMS 0x0000000088e00000, 0x0000000088e00000| Complete 
| 121|0x0000000088f00000, 0x0000000089000000, 0x0000000089000000|100%| E|CS|TAMS 0x0000000088f00000, 0x0000000088f00000| Complete 
| 122|0x0000000089000000, 0x0000000089100000, 0x0000000089100000|100%| E|CS|TAMS 0x0000000089000000, 0x0000000089000000| Complete 
| 123|0x0000000089100000, 0x0000000089200000, 0x0000000089200000|100%| E|CS|TAMS 0x0000000089100000, 0x0000000089100000| Complete 
| 124|0x0000000089200000, 0x0000000089300000, 0x0000000089300000|100%| E|CS|TAMS 0x0000000089200000, 0x0000000089200000| Complete 
| 125|0x0000000089300000, 0x0000000089400000, 0x0000000089400000|100%| E|CS|TAMS 0x0000000089300000, 0x0000000089300000| Complete 
| 126|0x0000000089400000, 0x0000000089500000, 0x0000000089500000|100%| E|CS|TAMS 0x0000000089400000, 0x0000000089400000| Complete 
| 127|0x0000000089500000, 0x0000000089600000, 0x0000000089600000|100%| E|CS|TAMS 0x0000000089500000, 0x0000000089500000| Complete 

Card table byte_map: [0x0000014576600000,0x0000014576a00000] _byte_map_base: 0x00000145761f5000

Marking Bits (Prev, Next): (CMBitMap*) 0x000001456e831be0, (CMBitMap*) 0x000001456e831ba8
 Prev Bits: [0x0000014578db0000, 0x000001457ad58000)
 Next Bits: [0x0000014576e00000, 0x0000014578da8000)

Polling page: 0x000001456c720000

Metaspace:

Usage:
  Non-class:     27.31 MB capacity,    26.82 MB ( 98%) used,   410.88 KB (  1%) free+waste,    92.62 KB ( <1%) overhead. 
      Class:      3.86 MB capacity,     3.55 MB ( 92%) used,   270.48 KB (  7%) free+waste,    45.94 KB (  1%) overhead. 
       Both:     31.17 MB capacity,    30.36 MB ( 97%) used,   681.37 KB (  2%) free+waste,   138.56 KB ( <1%) overhead. 

Virtual space:
  Non-class space:       28.00 MB reserved,      27.50 MB ( 98%) committed 
      Class space:        1.00 GB reserved,       3.88 MB ( <1%) committed 
             Both:        1.03 GB reserved,      31.38 MB (  3%) committed 

Chunk freelists:
   Non-Class:  640 bytes
       Class:  2.25 KB
        Both:  2.88 KB

CodeHeap 'non-profiled nmethods': size=120000Kb used=1157Kb max_used=1157Kb free=118842Kb
 bounds [0x0000014507ad0000, 0x0000014507d40000, 0x000001450f000000]
CodeHeap 'profiled nmethods': size=120000Kb used=6710Kb max_used=6710Kb free=113290Kb
 bounds [0x00000145005a0000, 0x0000014500c30000, 0x0000014507ad0000]
CodeHeap 'non-nmethods': size=5760Kb used=1130Kb max_used=1158Kb free=4629Kb
 bounds [0x0000014500000000, 0x0000014500270000, 0x00000145005a0000]
 total_blobs=3518 nmethods=3062 adapters=366
 compilation: enabled
              stopped_count=0, restarted_count=0
 full_count=0

Compilation events (10 events):
Event: 3.104 Thread 0x000001457e085800 3078       3       sun.net.www.protocol.jar.URLJarFile::getEntry (69 bytes)
Event: 3.104 Thread 0x000001457e085800 nmethod 3078 0x0000014500c20b90 code [0x0000014500c20f20, 0x0000014500c227c8]
Event: 3.105 Thread 0x000001457e085800 3079       3       sun.net.www.protocol.jar.URLJarFile$URLJarFileEntry::<init> (16 bytes)
Event: 3.105 Thread 0x000001457e085800 nmethod 3079 0x0000014500c22f90 code [0x0000014500c23160, 0x0000014500c23548]
Event: 3.106 Thread 0x000001457e085800 3082 %     3       sun.nio.cs.UTF_8$Decoder::decodeArrayLoop @ 73 (691 bytes)
Event: 3.110 Thread 0x000001457e085800 nmethod 3082% 0x0000014500c23690 code [0x0000014500c24000, 0x0000014500c29f08]
Event: 3.110 Thread 0x000001457e085800 3084       3       sun.net.www.ParseUtil::firstEncodeIndex (86 bytes)
Event: 3.110 Thread 0x000001457e085800 nmethod 3084 0x0000014500c2bc90 code [0x0000014500c2bec0, 0x0000014500c2c868]
Event: 3.110 Thread 0x000001457e085800 3083   !   3       sun.net.www.protocol.jar.JarURLConnection$JarURLInputStream::close (51 bytes)
Event: 3.110 Thread 0x000001457e085800 nmethod 3083 0x0000014500c2cc10 code [0x0000014500c2ce20, 0x0000014500c2d528]

GC Heap History (6 events):
Event: 1.053 GC heap before
{Heap before GC invocations=0 (full 0):
 garbage-first heap   total 131072K, used 24576K [0x0000000081600000, 0x0000000100000000)
  region size 1024K, 24 young (24576K), 0 survivors (0K)
 Metaspace       used 11515K, capacity 11837K, committed 12032K, reserved 1060864K
  class space    used 1153K, capacity 1253K, committed 1280K, reserved 1048576K
}
Event: 1.062 GC heap after
{Heap after GC invocations=1 (full 0):
 garbage-first heap   total 131072K, used 6930K [0x0000000081600000, 0x0000000100000000)
  region size 1024K, 3 young (3072K), 3 survivors (3072K)
 Metaspace       used 11515K, capacity 11837K, committed 12032K, reserved 1060864K
  class space    used 1153K, capacity 1253K, committed 1280K, reserved 1048576K
}
Event: 1.757 GC heap before
{Heap before GC invocations=1 (full 0):
 garbage-first heap   total 131072K, used 48914K [0x0000000081600000, 0x0000000100000000)
  region size 1024K, 45 young (46080K), 3 survivors (3072K)
 Metaspace       used 20626K, capacity 21149K, committed 21248K, reserved 1069056K
  class space    used 2276K, capacity 2480K, committed 2560K, reserved 1048576K
}
Event: 1.762 GC heap after
{Heap after GC invocations=2 (full 0):
 garbage-first heap   total 131072K, used 8606K [0x0000000081600000, 0x0000000100000000)
  region size 1024K, 5 young (5120K), 5 survivors (5120K)
 Metaspace       used 20626K, capacity 21149K, committed 21248K, reserved 1069056K
  class space    used 2276K, capacity 2480K, committed 2560K, reserved 1048576K
}
Event: 2.289 GC heap before
{Heap before GC invocations=3 (full 0):
 garbage-first heap   total 131072K, used 52638K [0x0000000081600000, 0x0000000100000000)
  region size 1024K, 48 young (49152K), 5 survivors (5120K)
 Metaspace       used 25186K, capacity 25821K, committed 25984K, reserved 1073152K
  class space    used 2838K, capacity 3103K, committed 3200K, reserved 1048576K
}
Event: 2.296 GC heap after
{Heap after GC invocations=4 (full 0):
 garbage-first heap   total 131072K, used 10738K [0x0000000081600000, 0x0000000100000000)
  region size 1024K, 4 young (4096K), 4 survivors (4096K)
 Metaspace       used 25186K, capacity 25821K, committed 25984K, reserved 1073152K
  class space    used 2838K, capacity 3103K, committed 3200K, reserved 1048576K
}

Deoptimization events (10 events):
Event: 2.550 Thread 0x000001456e7f3000 Uncommon trap: reason=intrinsic_or_type_checked_inlining action=make_not_entrant pc=0x0000014507ba4b00 method=java.util.ArrayList.toArray([Ljava/lang/Object;)[Ljava/lang/Object; @ 36 c2
Event: 2.827 Thread 0x000001456e7f3000 Uncommon trap: reason=unstable_if action=reinterpret pc=0x0000014507bcf3a8 method=org.springframework.beans.factory.support.AbstractBeanFactory.isTypeMatch(Ljava/lang/String;Lorg/springframework/core/ResolvableType;Z)Z @ 99 c2
Event: 2.827 Thread 0x000001456e7f3000 Uncommon trap: reason=unstable_if action=reinterpret pc=0x0000014507bc8c3c method=org.springframework.beans.factory.support.AbstractBeanFactory.getBeanPostProcessorCache()Lorg/springframework/beans/factory/support/AbstractBeanFactory$BeanPostProcessorCach
Event: 2.845 Thread 0x000001456e7f3000 Uncommon trap: reason=unstable_if action=reinterpret pc=0x0000014507bc7a6c method=org.springframework.beans.factory.support.AbstractBeanFactory.hasInstantiationAwareBeanPostProcessors()Z @ 12 c2
Event: 2.948 Thread 0x000001456e7f3000 Uncommon trap: reason=unstable_if action=reinterpret pc=0x0000014507bd8130 method=org.springframework.beans.factory.support.AbstractAutowireCapableBeanFactory.predictBeanType(Ljava/lang/String;Lorg/springframework/beans/factory/support/RootBeanDefinition;
Event: 3.043 Thread 0x000001456e7f3000 Uncommon trap: reason=unstable_if action=reinterpret pc=0x0000014507bca744 method=org.springframework.util.ConcurrentReferenceHashMap$Segment.findInChain(Lorg/springframework/util/ConcurrentReferenceHashMap$Reference;Ljava/lang/Object;I)Lorg/springframewo
Event: 3.105 Thread 0x000001456e7f3000 Uncommon trap: reason=unstable_if action=reinterpret pc=0x0000014507b9091c method=java.nio.Buffer.position(I)Ljava/nio/Buffer; @ 37 c2
Event: 3.106 Thread 0x000001456e7f3000 Uncommon trap: reason=unstable_if action=reinterpret pc=0x0000014507b7419c method=java.nio.Buffer.position(I)Ljava/nio/Buffer; @ 37 c2
Event: 3.107 Thread 0x000001456e7f3000 Uncommon trap: reason=unstable_if action=reinterpret pc=0x0000014507b62344 method=sun.net.www.ParseUtil.firstEncodeIndex(Ljava/lang/String;)I @ 51 c2
Event: 3.107 Thread 0x000001456e7f3000 Uncommon trap: reason=unstable_if action=reinterpret pc=0x0000014507b1bb10 method=sun.net.www.ParseUtil.firstEncodeIndex(Ljava/lang/String;)I @ 51 c2

Classes redefined (0 events):
No events

Internal exceptions (10 events):
Event: 2.985 Thread 0x000001456e7f3000 Exception <a 'java/lang/ClassNotFoundException'{0x0000000086d0cc20}: org/springframework/core/OrderedCustomizer> (0x0000000086d0cc20) thrown at [./open/src/hotspot/share/classfile/systemDictionary.cpp, line 226]
Event: 2.985 Thread 0x000001456e7f3000 Exception <a 'java/lang/ClassNotFoundException'{0x0000000086d1d6e8}: org/springframework/beans/factory/BeanClassLoaderAwareCustomizer> (0x0000000086d1d6e8) thrown at [./open/src/hotspot/share/classfile/systemDictionary.cpp, line 226]
Event: 2.985 Thread 0x000001456e7f3000 Exception <a 'java/lang/ClassNotFoundException'{0x0000000086d2c380}: org/springframework/beans/factory/AwareCustomizer> (0x0000000086d2c380) thrown at [./open/src/hotspot/share/classfile/systemDictionary.cpp, line 226]
Event: 2.986 Thread 0x000001456e7f3000 Exception <a 'java/lang/ClassNotFoundException'{0x0000000086d3bfb8}: org/springframework/aop/framework/AopInfrastructureBeanCustomizer> (0x0000000086d3bfb8) thrown at [./open/src/hotspot/share/classfile/systemDictionary.cpp, line 226]
Event: 3.030 Thread 0x000001456e7f3000 Exception <a 'java/lang/ClassNotFoundException'{0x0000000086b76ec0}: java/lang/ObjectCustomizer> (0x0000000086b76ec0) thrown at [./open/src/hotspot/share/classfile/systemDictionary.cpp, line 226]
Event: 3.030 Thread 0x000001456e7f3000 Exception <a 'java/lang/ClassNotFoundException'{0x0000000086b8e1c0}: org/springframework/transaction/annotation/AbstractTransactionManagementConfigurationCustomizer> (0x0000000086b8e1c0) thrown at [./open/src/hotspot/share/classfile/systemDictionary.cpp, 
Event: 3.031 Thread 0x000001456e7f3000 Exception <a 'java/lang/ClassNotFoundException'{0x0000000086ba3fd8}: org/springframework/transaction/annotation/ProxyTransactionManagementConfigurationCustomizer> (0x0000000086ba3fd8) thrown at [./open/src/hotspot/share/classfile/systemDictionary.cpp, lin
Event: 3.031 Thread 0x000001456e7f3000 Exception <a 'java/lang/ClassNotFoundException'{0x0000000086bb73a0}: org/springframework/context/annotation/ImportAwareCustomizer> (0x0000000086bb73a0) thrown at [./open/src/hotspot/share/classfile/systemDictionary.cpp, line 226]
Event: 3.031 Thread 0x000001456e7f3000 Exception <a 'java/lang/ClassNotFoundException'{0x0000000086bc6028}: org/springframework/beans/factory/AwareCustomizer> (0x0000000086bc6028) thrown at [./open/src/hotspot/share/classfile/systemDictionary.cpp, line 226]
Event: 3.075 Thread 0x000001456e7f3000 Exception <a 'java/lang/NoSuchMethodError'{0x0000000086516e20}: java.lang.invoke.DirectMethodHandle$Holder.invokeSpecialIFC(Ljava/lang/Object;Ljava/lang/Object;Ljava/lang/Object;)Ljava/lang/Object;> (0x0000000086516e20) thrown at [./open/src/hotspot/share

Events (10 events):
Event: 3.107 Thread 0x000001456e7f3000 DEOPT UNPACKING pc=0x00000145000265af sp=0x00000021603fc7e0 mode 2
Event: 3.107 Thread 0x000001456e7f3000 Uncommon trap: trap_request=0xffffff4d fr.pc=0x0000014507b1bb10 relative=0x0000000000000070
Event: 3.107 Thread 0x000001456e7f3000 DEOPT PACKING pc=0x0000014507b1bb10 sp=0x00000021603fc820
Event: 3.107 Thread 0x000001456e7f3000 DEOPT UNPACKING pc=0x00000145000265af sp=0x00000021603fc7a8 mode 2
Event: 3.107 loading class org/apache/catalina/core/LocalStrings_ko_KR
Event: 3.107 loading class org/apache/catalina/core/LocalStrings_ko_KR done
Event: 3.108 loading class org/apache/catalina/core/AprStatus
Event: 3.108 loading class org/apache/catalina/core/AprStatus done
Event: 3.108 loading class org/apache/tomcat/jni/Library
Event: 3.108 loading class org/apache/tomcat/jni/Library done


Dynamic libraries:
0x00007ff6bdb10000 - 0x00007ff6bdb20000 	C:\Program Files\Java\jdk-11\bin\java.exe
0x00007ffdf7120000 - 0x00007ffdf7329000 	C:\WINDOWS\SYSTEM32\ntdll.dll
0x00007ffdf5530000 - 0x00007ffdf55ee000 	C:\WINDOWS\System32\KERNEL32.DLL
0x00007ffdf45b0000 - 0x00007ffdf4934000 	C:\WINDOWS\System32\KERNELBASE.dll
0x00007ffdf4940000 - 0x00007ffdf4a51000 	C:\WINDOWS\System32\ucrtbase.dll
0x00007ffdec320000 - 0x00007ffdec33b000 	C:\Program Files\Java\jdk-11\bin\VCRUNTIME140.dll
0x00007ffde7310000 - 0x00007ffde7329000 	C:\Program Files\Java\jdk-11\bin\jli.dll
0x00007ffdf5390000 - 0x00007ffdf543f000 	C:\WINDOWS\System32\ADVAPI32.dll
0x00007ffdf6970000 - 0x00007ffdf6a13000 	C:\WINDOWS\System32\msvcrt.dll
0x00007ffdf52f0000 - 0x00007ffdf538e000 	C:\WINDOWS\System32\sechost.dll
0x00007ffdf5b10000 - 0x00007ffdf5c31000 	C:\WINDOWS\System32\RPCRT4.dll
0x00007ffdf5730000 - 0x00007ffdf58dd000 	C:\WINDOWS\System32\USER32.dll
0x00007ffdf4f40000 - 0x00007ffdf4f66000 	C:\WINDOWS\System32\win32u.dll
0x00007ffdf6870000 - 0x00007ffdf689a000 	C:\WINDOWS\System32\GDI32.dll
0x00007ffdf4e20000 - 0x00007ffdf4f3f000 	C:\WINDOWS\System32\gdi32full.dll
0x00007ffde5840000 - 0x00007ffde5ae5000 	C:\WINDOWS\WinSxS\amd64_microsoft.windows.common-controls_6595b64144ccf1df_6.0.22000.120_none_9d947278b86cc467\COMCTL32.dll
0x00007ffdf4c50000 - 0x00007ffdf4ced000 	C:\WINDOWS\System32\msvcp_win.dll
0x00007ffdeae80000 - 0x00007ffdeae8a000 	C:\WINDOWS\SYSTEM32\VERSION.dll
0x00007ffdf6b00000 - 0x00007ffdf6b31000 	C:\WINDOWS\System32\IMM32.DLL
0x00007ffdebf90000 - 0x00007ffdebf9c000 	C:\Program Files\Java\jdk-11\bin\vcruntime140_1.dll
0x00007ffddee20000 - 0x00007ffddeeae000 	C:\Program Files\Java\jdk-11\bin\msvcp140.dll
0x00007ffdb41a0000 - 0x00007ffdb4d0d000 	C:\Program Files\Java\jdk-11\bin\server\jvm.dll
0x00007ffdf58e0000 - 0x00007ffdf58e8000 	C:\WINDOWS\System32\PSAPI.DLL
0x00007ffdef2b0000 - 0x00007ffdef2e3000 	C:\WINDOWS\SYSTEM32\WINMM.dll
0x00007ffde3da0000 - 0x00007ffde3da9000 	C:\WINDOWS\SYSTEM32\WSOCK32.dll
0x00007ffdf5aa0000 - 0x00007ffdf5b0f000 	C:\WINDOWS\System32\WS2_32.dll
0x00007ffdf3620000 - 0x00007ffdf3638000 	C:\WINDOWS\SYSTEM32\kernel.appcore.dll
0x00007ffde7300000 - 0x00007ffde7310000 	C:\Program Files\Java\jdk-11\bin\verify.dll
0x00007ffdf21e0000 - 0x00007ffdf2401000 	C:\WINDOWS\SYSTEM32\DBGHELP.DLL
0x00007ffde2310000 - 0x00007ffde2341000 	C:\WINDOWS\SYSTEM32\dbgcore.DLL
0x00007ffdf4a60000 - 0x00007ffdf4adf000 	C:\WINDOWS\System32\bcryptPrimitives.dll
0x00007ffde6c90000 - 0x00007ffde6cb8000 	C:\Program Files\Java\jdk-11\bin\java.dll
0x00007ffde72f0000 - 0x00007ffde72fa000 	C:\Program Files\Java\jdk-11\bin\jimage.dll
0x00007ffde6be0000 - 0x00007ffde6bf7000 	C:\Program Files\Java\jdk-11\bin\zip.dll
0x00007ffdf5d40000 - 0x00007ffdf6505000 	C:\WINDOWS\System32\SHELL32.dll
0x00007ffdf2680000 - 0x00007ffdf2ee2000 	C:\WINDOWS\SYSTEM32\windows.storage.dll
0x00007ffdf4f70000 - 0x00007ffdf52e6000 	C:\WINDOWS\System32\combase.dll
0x00007ffdf2430000 - 0x00007ffdf2597000 	C:\WINDOWS\SYSTEM32\wintypes.dll
0x00007ffdf5440000 - 0x00007ffdf552a000 	C:\WINDOWS\System32\SHCORE.dll
0x00007ffdf6760000 - 0x00007ffdf67bd000 	C:\WINDOWS\System32\shlwapi.dll
0x00007ffdf44e0000 - 0x00007ffdf4505000 	C:\WINDOWS\SYSTEM32\profapi.dll
0x00007ffde6290000 - 0x00007ffde62a9000 	C:\Program Files\Java\jdk-11\bin\net.dll
0x00007ffded920000 - 0x00007ffdeda34000 	C:\WINDOWS\SYSTEM32\WINHTTP.dll
0x00007ffdf3b40000 - 0x00007ffdf3ba7000 	C:\WINDOWS\system32\mswsock.dll
0x00007ffde17a0000 - 0x00007ffde17b2000 	C:\Program Files\Java\jdk-11\bin\nio.dll
0x00007ffdf0bf0000 - 0x00007ffdf0bf9000 	C:\Program Files\Java\jdk-11\bin\management.dll
0x00007ffdf0be0000 - 0x00007ffdf0beb000 	C:\Program Files\Java\jdk-11\bin\management_ext.dll
0x00007ffdd84c0000 - 0x00007ffdd84d7000 	C:\WINDOWS\system32\napinsp.dll
0x00007ffdd84a0000 - 0x00007ffdd84bb000 	C:\WINDOWS\system32\pnrpnsp.dll
0x00007ffdf3170000 - 0x00007ffdf3257000 	C:\WINDOWS\SYSTEM32\DNSAPI.dll
0x00007ffdf3140000 - 0x00007ffdf316d000 	C:\WINDOWS\SYSTEM32\IPHLPAPI.DLL
0x00007ffdf6750000 - 0x00007ffdf6759000 	C:\WINDOWS\System32\NSI.dll
0x00007ffdd8410000 - 0x00007ffdd8422000 	C:\WINDOWS\System32\winrnr.dll
0x00007ffdd8380000 - 0x00007ffdd8395000 	C:\WINDOWS\system32\wshbth.dll
0x00007ffdd8360000 - 0x00007ffdd837f000 	C:\WINDOWS\system32\nlansp_c.dll
0x00007ffdeac00000 - 0x00007ffdeac0a000 	C:\Windows\System32\rasadhlp.dll
0x00007ffdebd40000 - 0x00007ffdebdc2000 	C:\WINDOWS\System32\fwpuclnt.dll

dbghelp: loaded successfully - version: 4.0.5 - missing functions: none
symbol engine: initialized successfully - sym options: 0x614 - pdb path: .;C:\Program Files\Java\jdk-11\bin;C:\WINDOWS\SYSTEM32;C:\WINDOWS\WinSxS\amd64_microsoft.windows.common-controls_6595b64144ccf1df_6.0.22000.120_none_9d947278b86cc467;C:\Program Files\Java\jdk-11\bin\server

VM Arguments:
jvm_args: -Dfile.encoding=x-windows-949 -Duser.country=KR -Duser.language=ko -Duser.variant 
java_command: com.example.Volunteer.VolunteerApplication
java_class_path (initial): D:\Volunteer\Volunteer\build\classes\java\main;D:\Volunteer\Volunteer\build\resources\main;C:\Users\LG\.gradle\caches\modules-2\files-2.1\org.springframework.boot\spring-boot-starter-data-jpa\2.7.16\3438c32d28bb5d31b6ad45f1b7c8cbbd9cba5b4e\spring-boot-starter-data-jpa-2.7.16.jar;C:\Users\LG\.gradle\caches\modules-2\files-2.1\org.springframework.boot\spring-boot-starter-web\2.7.16\f6e4e226b0c9c1cf36c17c04262c702c6a0bad99\spring-boot-starter-web-2.7.16.jar;C:\Users\LG\.gradle\caches\modules-2\files-2.1\org.springframework.boot\spring-boot-starter-security\2.7.16\1f08cec142ab23f30e42d68c5f60c7332943b77b\spring-boot-starter-security-2.7.16.jar;C:\Users\LG\.gradle\caches\modules-2\files-2.1\io.jsonwebtoken\jjwt\0.9.1\54d2abfc3e63a28824d35bf600d6a5d627da681a\jjwt-0.9.1.jar;C:\Users\LG\.gradle\caches\modules-2\files-2.1\org.mariadb.jdbc\mariadb-java-client\3.1.4\7f66d1f5afcacdb11ba34d2614933a206afbcff2\mariadb-java-client-3.1.4.jar;C:\Users\LG\.gradle\caches\modules-2\files-2.1\org.springframework.boot\spring-boot-starter-aop\2.7.16\dba25addac3d8adc9bf2c925bc9ed167404f8a72\spring-boot-starter-aop-2.7.16.jar;C:\Users\LG\.gradle\caches\modules-2\files-2.1\org.springframework.boot\spring-boot-starter-jdbc\2.7.16\eac83a43d8221c80730a1622e3467dda12487ccd\spring-boot-starter-jdbc-2.7.16.jar;C:\Users\LG\.gradle\caches\modules-2\files-2.1\jakarta.transaction\jakarta.transaction-api\1.3.3\c4179d48720a1e87202115fbed6089bdc4195405\jakarta.transaction-api-1.3.3.jar;C:\Users\LG\.gradle\caches\modules-2\files-2.1\jakarta.persistence\jakarta.persistence-api\2.2.3\8f6ea5daedc614f07a3654a455660145286f024e\jakarta.persistence-api-2.2.3.jar;C:\Users\LG\.gradle\caches\modules-2\files-2.1\org.hibernate\hibernate-core\5.6.15.Final\ab14b7cef1fdff654ca81923048a6034d6c7cfa7\hibernate-core-5.6.15.Final.jar;C:\Users\LG\.gradle\caches\modules-2\files-2.1\org.springframework.data\spring-data-jpa\2.7.16\b5c97a909410a3d8c61bab898e57dd7b26f7d0a2\spring-data-jpa-2.7.16.jar;C:\
Launcher Type: SUN_STANDARD

[Global flags]
     intx CICompilerCount                          = 4                                         {product} {ergonomic}
     uint ConcGCThreads                            = 2                                         {product} {ergonomic}
     uint G1ConcRefinementThreads                  = 8                                         {product} {ergonomic}
   size_t G1HeapRegionSize                         = 1048576                                   {product} {ergonomic}
    uintx GCDrainStackTargetSize                   = 64                                        {product} {ergonomic}
   size_t InitialHeapSize                          = 134217728                                 {product} {ergonomic}
   size_t MarkStackSize                            = 4194304                                   {product} {ergonomic}
   size_t MaxHeapSize                              = 2124414976                                {product} {ergonomic}
   size_t MaxNewSize                               = 1274019840                                {product} {ergonomic}
   size_t MinHeapDeltaBytes                        = 1048576                                   {product} {ergonomic}
    uintx NonNMethodCodeHeapSize                   = 5836300                                {pd product} {ergonomic}
    uintx NonProfiledCodeHeapSize                  = 122910970                              {pd product} {ergonomic}
    uintx ProfiledCodeHeapSize                     = 122910970                              {pd product} {ergonomic}
    uintx ReservedCodeCacheSize                    = 251658240                              {pd product} {ergonomic}
     bool SegmentedCodeCache                       = true                                      {product} {ergonomic}
     bool UseCompressedClassPointers               = true                                 {lp64_product} {ergonomic}
     bool UseCompressedOops                        = true                                 {lp64_product} {ergonomic}
     bool UseG1GC                                  = true                                      {product} {ergonomic}
     bool UseLargePagesIndividualAllocation        = false                                  {pd product} {ergonomic}

Logging:
Log output configuration:
 #0: stdout all=warning uptime,level,tags
 #1: stderr all=off uptime,level,tags

Environment Variables:
JAVA_HOME=C:\Program Files\Java\jdk-1.8
CLASSPATH=C:\Program Files\Java\jdk-1.8\lib
PATH=C:\Program Files\Common Files\Oracle\Java\javapath;C:\Program Files\Eclipse Adoptium\jdk-8.0.382.5-hotspot\bin;C:\Program Files\Java\jdk-1.8\bin;C:\oraclexe\app\oracle\product\10.2.0\server\bin;C:\Program Files (x86)\Common Files\Oracle\Java\javapath;C:\Program Files (x86)\Intel\iCLS Client\;C:\Program Files\Intel\iCLS Client\;C:\windows\system32;C:\windows;C:\windows\System32\Wbem;C:\windows\System32\WindowsPowerShell\v1.0\;C:\Program Files (x86)\Intel\Intel(R) Management Engine Components\DAL;C:\Program Files\Intel\Intel(R) Management Engine Components\DAL;C:\Program Files (x86)\Intel\Intel(R) Management Engine Components\IPT;C:\Program Files\Intel\Intel(R) Management Engine Components\IPT;C:\Program Files\Intel\WiFi\bin\;C:\Program Files\Common Files\Intel\WirelessCommon\;C:\Program Files (x86)\NVIDIA Corporation\PhysX\Common;C:\Program Files (x86)\Skype\Phone\;C:\WINDOWS\system32;C:\WINDOWS;C:\WINDOWS\System32\Wbem;C:\WINDOWS\System32\WindowsPowerShell\v1.0\;C:\WINDOWS\System32\OpenSSH\;C:\Program Files\nodejs\;D:\openssl-0.9.8e_X64\bin;C:\ProgramData\chocolatey\bin;C:\ProgramData\chocolatey\lib\maven\apache-maven-3.9.4\bin;C:\Program Files\Git\cmd;C:\Program Files\MariaDB 10.11\bin;D:\Scripts\;D:\;C:\Users\LG\AppData\Local\Microsoft\WindowsApps;C:\Users\LG\AppData\Local\afreeca;C:\altera\13.1\modelsim_ase\win32aloem;D:\PyCharm Community Edition 2022.1.3\bin;;C:\Users\LG\AppData\Local\Programs\Microsoft VS Code\bin;C:\Users\LG\AppData\Roaming\npm;C:\Program Files\Java\jdk-1.8\bin;D:\IntelliJ IDEA Community Edition 2023.1.3\bin;;;C:\Program Files (x86)\ESTsoft\ALSee\x64
USERNAME=LG
OS=Windows_NT
PROCESSOR_IDENTIFIER=Intel64 Family 6 Model 142 Stepping 10, GenuineIntel



---------------  S Y S T E M  ---------------

OS: Windows 11 , 64 bit Build 22000 (10.0.22000.2124)

CPU:total 8 (initial active 8) (4 cores per cpu, 2 threads per core) family 6 model 142 stepping 10 microcode 0xe0, cmov, cx8, fxsr, mmx, sse, sse2, sse3, ssse3, sse4.1, sse4.2, popcnt, avx, avx2, aes, clmul, erms, 3dnowpref, lzcnt, ht, tsc, tscinvbit, bmi1, bmi2, adx, fma

Memory: 4k page, system-wide physical 8101M (314M free)
TotalPageFile size 16293M (AvailPageFile size 4M)
current process WorkingSet (physical memory assigned to process): 154M, peak: 154M
current process commit charge ("private bytes"): 262M, peak: 263M

vm_info: Java HotSpot(TM) 64-Bit Server VM (11.0.20+9-LTS-256) for windows-amd64 JRE (11.0.20+9-LTS-256), built on Jun 14 2023 10:34:22 by "mach5one" with MS VC++ 17.1 (VS2022)

END.
