#
# There is insufficient memory for the Java Runtime Environment to continue.
# Native memory allocation (malloc) failed to allocate 1560656 bytes for Chunk::new
# Possible reasons:
#   The system is out of physical RAM or swap space
#   The process is running with CompressedOops enabled, and the Java Heap may be blocking the growth of the native heap
# Possible solutions:
#   Reduce memory load on the system
#   Increase physical memory or swap space
#   Check if swap backing store is full
#   Decrease Java heap size (-Xmx/-Xms)
#   Decrease number of Java threads
#   Decrease Java thread stack sizes (-Xss)
#   Set larger code cache with -XX:ReservedCodeCacheSize=
#   JVM is running with Unscaled Compressed Oops mode in which the Java heap is
#     placed in the first 4GB address space. The Java Heap base address is the
#     maximum limit for the native heap growth. Please use -XX:HeapBaseMinAddress
#     to set the Java Heap base and to place the Java Heap above 4GB virtual address.
# This output file may be truncated or incomplete.
#
#  Out of Memory Error (./open/src/hotspot/share/memory/arena.cpp:197), pid=7668, tid=28508
#
# JRE version: Java(TM) SE Runtime Environment 18.9 (11.0.20+9) (build 11.0.20+9-LTS-256)
# Java VM: Java HotSpot(TM) 64-Bit Server VM 18.9 (11.0.20+9-LTS-256, mixed mode, tiered, compressed oops, g1 gc, windows-amd64)
# No core dump will be written. Minidumps are not enabled by default on client versions of Windows
#

---------------  S U M M A R Y ------------

Command Line: --add-opens=java.base/java.util=ALL-UNNAMED --add-opens=java.base/java.lang=ALL-UNNAMED --add-opens=java.base/java.lang.invoke=ALL-UNNAMED --add-opens=java.prefs/java.util.prefs=ALL-UNNAMED --add-opens=java.base/java.nio.charset=ALL-UNNAMED --add-opens=java.base/java.net=ALL-UNNAMED --add-opens=java.base/java.util.concurrent.atomic=ALL-UNNAMED -XX:MaxMetaspaceSize=384m -XX:+HeapDumpOnOutOfMemoryError -Xms256m -Xmx512m -Dfile.encoding=x-windows-949 -Duser.country=KR -Duser.language=ko -Duser.variant -javaagent:C:\Users\LG\.gradle\wrapper\dists\gradle-8.2.1-bin\5hap6b9n41hkg4jeh2au2pllh\gradle-8.2.1\lib\agents\gradle-instrumentation-agent-8.2.1.jar org.gradle.launcher.daemon.bootstrap.GradleDaemon 8.2.1

Host: Intel(R) Core(TM) i5-8250U CPU @ 1.60GHz, 8 cores, 7G,  Windows 11 , 64 bit Build 22000 (10.0.22000.2538)
Time: Mon Nov 13 16:43:57 2023  Windows 11 , 64 bit Build 22000 (10.0.22000.2538) elapsed time: 17.790785 seconds (0d 0h 0m 17s)

---------------  T H R E A D  ---------------

Current thread (0x0000023e7521d800):  JavaThread "C2 CompilerThread0" daemon [_thread_in_native, id=28508, stack(0x000000a6c6f00000,0x000000a6c7000000)]


Current CompileTask:
C2:  17791 6025   !   4       io.spring.gradle.dependencymanagement.org.apache.maven.model.interpolation.StringSearchModelInterpolator$InterpolateObjectAction::traverseObjectWithParents (118 bytes)

Stack: [0x000000a6c6f00000,0x000000a6c7000000]
Native frames: (J=compiled Java code, j=interpreted, Vv=VM code, C=native code)
V  [jvm.dll+0x6602ba]
V  [jvm.dll+0x7a32af]
V  [jvm.dll+0x7a4979]
V  [jvm.dll+0x7a5013]
V  [jvm.dll+0x258ef5]
V  [jvm.dll+0xb2a0c]
V  [jvm.dll+0xb2fcc]
V  [jvm.dll+0x367691]
V  [jvm.dll+0x1a2b74]
V  [jvm.dll+0x211d4d]
V  [jvm.dll+0x210bc8]
V  [jvm.dll+0x18cdb1]
V  [jvm.dll+0x220e59]
V  [jvm.dll+0x21f17c]
V  [jvm.dll+0x767061]
V  [jvm.dll+0x75f8e4]
V  [jvm.dll+0x65f165]
C  [ucrtbase.dll+0x26c0c]
C  [KERNEL32.DLL+0x153e0]
C  [ntdll.dll+0x485b]


---------------  P R O C E S S  ---------------

Threads class SMR info:
_java_thread_list=0x0000023e755da5b0, length=96, elements={
0x0000023e5a202800, 0x0000023e74997000, 0x0000023e749a0000, 0x0000023e7520a000,
0x0000023e7520c800, 0x0000023e75215800, 0x0000023e7521d800, 0x0000023e7521f000,
0x0000023e75211800, 0x0000023e75215000, 0x0000023e75210000, 0x0000023e75214000,
0x0000023e75212800, 0x0000023e75211000, 0x0000023e75213000, 0x0000023e75216800,
0x0000023e777b4800, 0x0000023e777b2800, 0x0000023e777b1000, 0x0000023e777b0000,
0x0000023e777b5000, 0x0000023e777b3800, 0x0000023e777b6000, 0x0000023e777b6800,
0x0000023e777b7800, 0x0000023e777b2000, 0x0000023e777bb000, 0x0000023e777be000,
0x0000023e777ba000, 0x0000023e777bb800, 0x0000023e777bc800, 0x0000023e777bd800,
0x0000023e777b8800, 0x0000023e777bf000, 0x0000023e78720800, 0x0000023e78723000,
0x0000023e78721800, 0x0000023e78724000, 0x0000023e7871e800, 0x0000023e78725800,
0x0000023e78727000, 0x0000023e78725000, 0x0000023e78729800, 0x0000023e7872a800,
0x0000023e78729000, 0x0000023e7872b800, 0x0000023e78726800, 0x0000023e78728000,
0x0000023e78e5d800, 0x0000023e78e5b800, 0x0000023e78e5f000, 0x0000023e78e5e000,
0x0000023e78e5a000, 0x0000023e78e59800, 0x0000023e78e65800, 0x0000023e78e62800,
0x0000023e78e61800, 0x0000023e78e64800, 0x0000023e78e63000, 0x0000023e78e60000,
0x0000023e78e64000, 0x0000023e78e66800, 0x0000023e78e60800, 0x0000023e78e67000,
0x0000023e78e68000, 0x0000023e788c9000, 0x0000023e788ce000, 0x0000023e788ca000,
0x0000023e788cb800, 0x0000023e788cc800, 0x0000023e788ca800, 0x0000023e788c8800,
0x0000023e788cf000, 0x0000023e788d0800, 0x0000023e788d3000, 0x0000023e788d2000,
0x0000023e788cd000, 0x0000023e788d1800, 0x0000023e788d3800, 0x0000023e788d4800,
0x0000023e788d5800, 0x0000023e788cf800, 0x0000023e788d6000, 0x0000023e788d7000,
0x0000023e7b2a5000, 0x0000023e7b2a6800, 0x0000023e7b2a2000, 0x0000023e7b2a8800,
0x0000023e7b2a2800, 0x0000023e7b2a3800, 0x0000023e7b2a9000, 0x0000023e7b2aa000,
0x0000023e7b2a6000, 0x0000023e7b2a4000, 0x0000023e7b2ad000, 0x0000023e7b2ab800
}

Java Threads: ( => current thread )
  0x0000023e5a202800 JavaThread "main" [_thread_blocked, id=5692, stack(0x000000a6c6300000,0x000000a6c6400000)]
  0x0000023e74997000 JavaThread "Reference Handler" daemon [_thread_blocked, id=4868, stack(0x000000a6c6a00000,0x000000a6c6b00000)]
  0x0000023e749a0000 JavaThread "Finalizer" daemon [_thread_blocked, id=2500, stack(0x000000a6c6b00000,0x000000a6c6c00000)]
  0x0000023e7520a000 JavaThread "Signal Dispatcher" daemon [_thread_blocked, id=4212, stack(0x000000a6c6c00000,0x000000a6c6d00000)]
  0x0000023e7520c800 JavaThread "Attach Listener" daemon [_thread_blocked, id=22620, stack(0x000000a6c6d00000,0x000000a6c6e00000)]
  0x0000023e75215800 JavaThread "Service Thread" daemon [_thread_blocked, id=28512, stack(0x000000a6c6e00000,0x000000a6c6f00000)]
=>0x0000023e7521d800 JavaThread "C2 CompilerThread0" daemon [_thread_in_native, id=28508, stack(0x000000a6c6f00000,0x000000a6c7000000)]
  0x0000023e7521f000 JavaThread "C1 CompilerThread0" daemon [_thread_in_native, id=28448, stack(0x000000a6c7000000,0x000000a6c7100000)]
  0x0000023e75211800 JavaThread "Sweeper thread" daemon [_thread_blocked, id=11396, stack(0x000000a6c7100000,0x000000a6c7200000)]
  0x0000023e75215000 JavaThread "Common-Cleaner" daemon [_thread_blocked, id=24680, stack(0x000000a6c7200000,0x000000a6c7300000)]
  0x0000023e75210000 JavaThread "Daemon health stats" [_thread_blocked, id=27768, stack(0x000000a6c7a00000,0x000000a6c7b00000)]
  0x0000023e75214000 JavaThread "Incoming local TCP Connector on port 3242" [_thread_in_native, id=27024, stack(0x000000a6c7900000,0x000000a6c7a00000)]
  0x0000023e75212800 JavaThread "Daemon periodic checks" [_thread_blocked, id=28348, stack(0x000000a6c7b00000,0x000000a6c7c00000)]
  0x0000023e75211000 JavaThread "Daemon" [_thread_blocked, id=24156, stack(0x000000a6c7c00000,0x000000a6c7d00000)]
  0x0000023e75213000 JavaThread "Handler for socket connection from /127.0.0.1:3242 to /127.0.0.1:3244" [_thread_in_native, id=21824, stack(0x000000a6c7d00000,0x000000a6c7e00000)]
  0x0000023e75216800 JavaThread "Cancel handler" [_thread_blocked, id=25092, stack(0x000000a6c7e00000,0x000000a6c7f00000)]
  0x0000023e777b4800 JavaThread "Daemon worker" [_thread_blocked, id=304, stack(0x000000a6c7f00000,0x000000a6c8000000)]
  0x0000023e777b2800 JavaThread "Asynchronous log dispatcher for DefaultDaemonConnection: socket connection from /127.0.0.1:3242 to /127.0.0.1:3244" [_thread_blocked, id=28236, stack(0x000000a6c8000000,0x000000a6c8100000)]
  0x0000023e777b1000 JavaThread "Stdin handler" [_thread_blocked, id=8936, stack(0x000000a6c8100000,0x000000a6c8200000)]
  0x0000023e777b0000 JavaThread "Daemon client event forwarder" [_thread_blocked, id=3224, stack(0x000000a6c8200000,0x000000a6c8300000)]
  0x0000023e777b5000 JavaThread "Cache worker for journal cache (C:\Users\LG\.gradle\caches\journal-1)" [_thread_blocked, id=28464, stack(0x000000a6c8600000,0x000000a6c8700000)]
  0x0000023e777b3800 JavaThread "File lock request listener" [_thread_in_native, id=26472, stack(0x000000a6c8700000,0x000000a6c8800000)]
  0x0000023e777b6000 JavaThread "File lock release action executor" [_thread_blocked, id=17596, stack(0x000000a6c8800000,0x000000a6c8900000)]
  0x0000023e777b6800 JavaThread "Cache worker for file hash cache (C:\Users\LG\.gradle\caches\8.2.1\fileHashes)" [_thread_blocked, id=9744, stack(0x000000a6c8900000,0x000000a6c8a00000)]
  0x0000023e777b7800 JavaThread "File watcher server" daemon [_thread_in_native, id=27448, stack(0x000000a6c8a00000,0x000000a6c8b00000)]
  0x0000023e777b2000 JavaThread "File watcher consumer" daemon [_thread_blocked, id=16980, stack(0x000000a6c8b00000,0x000000a6c8c00000)]
  0x0000023e777bb000 JavaThread "Cache worker for checksums cache (D:\Volunteer\Volunteer\.gradle\8.2.1\checksums)" [_thread_blocked, id=27848, stack(0x000000a6c8c00000,0x000000a6c8d00000)]
  0x0000023e777be000 JavaThread "Cache worker for cache directory md-rule (C:\Users\LG\.gradle\caches\8.2.1\md-rule)" [_thread_blocked, id=27856, stack(0x000000a6c8d00000,0x000000a6c8e00000)]
  0x0000023e777ba000 JavaThread "Cache worker for file content cache (C:\Users\LG\.gradle\caches\8.2.1\fileContent)" [_thread_blocked, id=15912, stack(0x000000a6c8e00000,0x000000a6c8f00000)]
  0x0000023e777bb800 JavaThread "Cache worker for file hash cache (D:\Volunteer\Volunteer\.gradle\8.2.1\fileHashes)" [_thread_blocked, id=28220, stack(0x000000a6c8f00000,0x000000a6c9000000)]
  0x0000023e777bc800 JavaThread "Cache worker for cache directory md-supplier (C:\Users\LG\.gradle\caches\8.2.1\md-supplier)" [_thread_blocked, id=6580, stack(0x000000a6c9000000,0x000000a6c9100000)]
  0x0000023e777bd800 JavaThread "Cache worker for execution history cache (C:\Users\LG\.gradle\caches\8.2.1\executionHistory)" [_thread_blocked, id=7984, stack(0x000000a6c9100000,0x000000a6c9200000)]
  0x0000023e777b8800 JavaThread "jar transforms" [_thread_blocked, id=19280, stack(0x000000a6c9200000,0x000000a6c9300000)]
  0x0000023e777bf000 JavaThread "jar transforms Thread 2" [_thread_blocked, id=27828, stack(0x000000a6c9300000,0x000000a6c9400000)]
  0x0000023e78720800 JavaThread "jar transforms Thread 3" [_thread_blocked, id=10584, stack(0x000000a6c9500000,0x000000a6c9600000)]
  0x0000023e78723000 JavaThread "jar transforms Thread 4" [_thread_blocked, id=28260, stack(0x000000a6c9400000,0x000000a6c9500000)]
  0x0000023e78721800 JavaThread "jar transforms Thread 5" [_thread_blocked, id=28560, stack(0x000000a6c9600000,0x000000a6c9700000)]
  0x0000023e78724000 JavaThread "jar transforms Thread 6" [_thread_blocked, id=24988, stack(0x000000a6c9700000,0x000000a6c9800000)]
  0x0000023e7871e800 JavaThread "jar transforms Thread 7" [_thread_blocked, id=26928, stack(0x000000a6c9800000,0x000000a6c9900000)]
  0x0000023e78725800 JavaThread "jar transforms Thread 8" [_thread_blocked, id=19020, stack(0x000000a6c9900000,0x000000a6c9a00000)]
  0x0000023e78727000 JavaThread "Cache worker for dependencies-accessors (D:\Volunteer\Volunteer\.gradle\8.2.1\dependencies-accessors)" [_thread_blocked, id=28552, stack(0x000000a6c9a00000,0x000000a6c9b00000)]
  0x0000023e78725000 JavaThread "Cache worker for Build Output Cleanup Cache (D:\Volunteer\Volunteer\.gradle\buildOutputCleanup)" [_thread_blocked, id=28376, stack(0x000000a6c9b00000,0x000000a6c9c00000)]
  0x0000023e78729800 JavaThread "Unconstrained build operations" [_thread_blocked, id=27932, stack(0x000000a6c9c00000,0x000000a6c9d00000)]
  0x0000023e7872a800 JavaThread "Unconstrained build operations Thread 2" [_thread_blocked, id=28100, stack(0x000000a6c9d00000,0x000000a6c9e00000)]
  0x0000023e78729000 JavaThread "Unconstrained build operations Thread 3" [_thread_blocked, id=27736, stack(0x000000a6c9e00000,0x000000a6c9f00000)]
  0x0000023e7872b800 JavaThread "Unconstrained build operations Thread 4" [_thread_blocked, id=9240, stack(0x000000a6c9f00000,0x000000a6ca000000)]
  0x0000023e78726800 JavaThread "Unconstrained build operations Thread 5" [_thread_blocked, id=25088, stack(0x000000a6ca000000,0x000000a6ca100000)]
  0x0000023e78728000 JavaThread "Unconstrained build operations Thread 6" [_thread_blocked, id=27396, stack(0x000000a6ca100000,0x000000a6ca200000)]
  0x0000023e78e5d800 JavaThread "Unconstrained build operations Thread 7" [_thread_blocked, id=27080, stack(0x000000a6ca200000,0x000000a6ca300000)]
  0x0000023e78e5b800 JavaThread "Memory manager" [_thread_blocked, id=21392, stack(0x000000a6ca300000,0x000000a6ca400000)]
  0x0000023e78e5f000 JavaThread "included builds" [_thread_in_Java, id=2096, stack(0x000000a6ca400000,0x000000a6ca500000)]
  0x0000023e78e5e000 JavaThread "Execution worker" [_thread_blocked, id=23012, stack(0x000000a6ca500000,0x000000a6ca600000)]
  0x0000023e78e5a000 JavaThread "Execution worker Thread 2" [_thread_blocked, id=28368, stack(0x000000a6ca600000,0x000000a6ca700000)]
  0x0000023e78e59800 JavaThread "Execution worker Thread 3" [_thread_blocked, id=14252, stack(0x000000a6ca700000,0x000000a6ca800000)]
  0x0000023e78e65800 JavaThread "Execution worker Thread 4" [_thread_blocked, id=27676, stack(0x000000a6ca800000,0x000000a6ca900000)]
  0x0000023e78e62800 JavaThread "Execution worker Thread 5" [_thread_blocked, id=19364, stack(0x000000a6ca900000,0x000000a6caa00000)]
  0x0000023e78e61800 JavaThread "Execution worker Thread 6" [_thread_blocked, id=27960, stack(0x000000a6caa00000,0x000000a6cab00000)]
  0x0000023e78e64800 JavaThread "Execution worker Thread 7" [_thread_blocked, id=27872, stack(0x000000a6cab00000,0x000000a6cac00000)]
  0x0000023e78e63000 JavaThread "Cache worker for execution history cache (D:\Volunteer\Volunteer\.gradle\8.2.1\executionHistory)" [_thread_blocked, id=9424, stack(0x000000a6cac00000,0x000000a6cad00000)]
  0x0000023e78e60000 JavaThread "Unconstrained build operations Thread 8" [_thread_blocked, id=28428, stack(0x000000a6cad00000,0x000000a6cae00000)]
  0x0000023e78e64000 JavaThread "Unconstrained build operations Thread 9" [_thread_blocked, id=17064, stack(0x000000a6cae00000,0x000000a6caf00000)]
  0x0000023e78e66800 JavaThread "Unconstrained build operations Thread 10" [_thread_blocked, id=28412, stack(0x000000a6caf00000,0x000000a6cb000000)]
  0x0000023e78e60800 JavaThread "Unconstrained build operations Thread 11" [_thread_blocked, id=7348, stack(0x000000a6cb000000,0x000000a6cb100000)]
  0x0000023e78e67000 JavaThread "Unconstrained build operations Thread 12" [_thread_blocked, id=24264, stack(0x000000a6cb100000,0x000000a6cb200000)]
  0x0000023e78e68000 JavaThread "Unconstrained build operations Thread 13" [_thread_blocked, id=9120, stack(0x000000a6cb200000,0x000000a6cb300000)]
  0x0000023e788c9000 JavaThread "Unconstrained build operations Thread 14" [_thread_blocked, id=24304, stack(0x000000a6cb300000,0x000000a6cb400000)]
  0x0000023e788ce000 JavaThread "Unconstrained build operations Thread 15" [_thread_blocked, id=6780, stack(0x000000a6cb400000,0x000000a6cb500000)]
  0x0000023e788ca000 JavaThread "Unconstrained build operations Thread 16" [_thread_blocked, id=25724, stack(0x000000a6cb500000,0x000000a6cb600000)]
  0x0000023e788cb800 JavaThread "Unconstrained build operations Thread 17" [_thread_blocked, id=6644, stack(0x000000a6cb600000,0x000000a6cb700000)]
  0x0000023e788cc800 JavaThread "Unconstrained build operations Thread 18" [_thread_blocked, id=11716, stack(0x000000a6cb700000,0x000000a6cb800000)]
  0x0000023e788ca800 JavaThread "Unconstrained build operations Thread 19" [_thread_blocked, id=21140, stack(0x000000a6cb800000,0x000000a6cb900000)]
  0x0000023e788c8800 JavaThread "Unconstrained build operations Thread 20" [_thread_blocked, id=22896, stack(0x000000a6cb900000,0x000000a6cba00000)]
  0x0000023e788cf000 JavaThread "Unconstrained build operations Thread 21" [_thread_blocked, id=26776, stack(0x000000a6cba00000,0x000000a6cbb00000)]
  0x0000023e788d0800 JavaThread "Unconstrained build operations Thread 22" [_thread_blocked, id=27272, stack(0x000000a6cbb00000,0x000000a6cbc00000)]
  0x0000023e788d3000 JavaThread "Unconstrained build operations Thread 23" [_thread_blocked, id=27860, stack(0x000000a6cbc00000,0x000000a6cbd00000)]
  0x0000023e788d2000 JavaThread "Unconstrained build operations Thread 24" [_thread_blocked, id=10052, stack(0x000000a6cbd00000,0x000000a6cbe00000)]
  0x0000023e788cd000 JavaThread "Unconstrained build operations Thread 25" [_thread_blocked, id=27908, stack(0x000000a6cbe00000,0x000000a6cbf00000)]
  0x0000023e788d1800 JavaThread "Unconstrained build operations Thread 26" [_thread_blocked, id=3700, stack(0x000000a6cbf00000,0x000000a6cc000000)]
  0x0000023e788d3800 JavaThread "Unconstrained build operations Thread 27" [_thread_blocked, id=28224, stack(0x000000a6cc000000,0x000000a6cc100000)]
  0x0000023e788d4800 JavaThread "Unconstrained build operations Thread 28" [_thread_blocked, id=27928, stack(0x000000a6cc100000,0x000000a6cc200000)]
  0x0000023e788d5800 JavaThread "Unconstrained build operations Thread 29" [_thread_blocked, id=27812, stack(0x000000a6cc200000,0x000000a6cc300000)]
  0x0000023e788cf800 JavaThread "Unconstrained build operations Thread 30" [_thread_blocked, id=27912, stack(0x000000a6cc300000,0x000000a6cc400000)]
  0x0000023e788d6000 JavaThread "Unconstrained build operations Thread 31" [_thread_blocked, id=28584, stack(0x000000a6cc400000,0x000000a6cc500000)]
  0x0000023e788d7000 JavaThread "Unconstrained build operations Thread 32" [_thread_blocked, id=8080, stack(0x000000a6cc500000,0x000000a6cc600000)]
  0x0000023e7b2a5000 JavaThread "Unconstrained build operations Thread 33" [_thread_blocked, id=28528, stack(0x000000a6cc600000,0x000000a6cc700000)]
  0x0000023e7b2a6800 JavaThread "Unconstrained build operations Thread 34" [_thread_blocked, id=1596, stack(0x000000a6cc700000,0x000000a6cc800000)]
  0x0000023e7b2a2000 JavaThread "Unconstrained build operations Thread 35" [_thread_blocked, id=15900, stack(0x000000a6cc800000,0x000000a6cc900000)]
  0x0000023e7b2a8800 JavaThread "Unconstrained build operations Thread 36" [_thread_blocked, id=27900, stack(0x000000a6cc900000,0x000000a6cca00000)]
  0x0000023e7b2a2800 JavaThread "Unconstrained build operations Thread 37" [_thread_blocked, id=28252, stack(0x000000a6cca00000,0x000000a6ccb00000)]
  0x0000023e7b2a3800 JavaThread "Unconstrained build operations Thread 38" [_thread_blocked, id=28520, stack(0x000000a6ccb00000,0x000000a6ccc00000)]
  0x0000023e7b2a9000 JavaThread "Unconstrained build operations Thread 39" [_thread_blocked, id=28540, stack(0x000000a6ccc00000,0x000000a6ccd00000)]
  0x0000023e7b2aa000 JavaThread "Unconstrained build operations Thread 40" [_thread_blocked, id=20948, stack(0x000000a6ccd00000,0x000000a6cce00000)]
  0x0000023e7b2a6000 JavaThread "Unconstrained build operations Thread 41" [_thread_blocked, id=28140, stack(0x000000a6cce00000,0x000000a6ccf00000)]
  0x0000023e7b2a4000 JavaThread "Unconstrained build operations Thread 42" [_thread_blocked, id=25124, stack(0x000000a6ccf00000,0x000000a6cd000000)]
  0x0000023e7b2ad000 JavaThread "Unconstrained build operations Thread 43" [_thread_blocked, id=2160, stack(0x000000a6cd000000,0x000000a6cd100000)]
  0x0000023e7b2ab800 JavaThread "Unconstrained build operations Thread 44" [_thread_blocked, id=20904, stack(0x000000a6cd100000,0x000000a6cd200000)]

Other Threads:
  0x0000023e74972000 VMThread "VM Thread" [stack: 0x000000a6c6900000,0x000000a6c6a00000] [id=2084]
  0x0000023e7557d800 WatcherThread [stack: 0x000000a6c7300000,0x000000a6c7400000] [id=7024]
  0x0000023e5a215800 GCTaskThread "GC Thread#0" [stack: 0x000000a6c6400000,0x000000a6c6500000] [id=4940]
  0x0000023e7680e000 GCTaskThread "GC Thread#1" [stack: 0x000000a6c7400000,0x000000a6c7500000] [id=27924]
  0x0000023e75d02800 GCTaskThread "GC Thread#2" [stack: 0x000000a6c7500000,0x000000a6c7600000] [id=6620]
  0x0000023e75d03800 GCTaskThread "GC Thread#3" [stack: 0x000000a6c7600000,0x000000a6c7700000] [id=25960]
  0x0000023e75e21000 GCTaskThread "GC Thread#4" [stack: 0x000000a6c7700000,0x000000a6c7800000] [id=28612]
  0x0000023e75e22000 GCTaskThread "GC Thread#5" [stack: 0x000000a6c7800000,0x000000a6c7900000] [id=6864]
  0x0000023e77785000 GCTaskThread "GC Thread#6" [stack: 0x000000a6c8300000,0x000000a6c8400000] [id=28104]
  0x0000023e75daa800 GCTaskThread "GC Thread#7" [stack: 0x000000a6c8400000,0x000000a6c8500000] [id=28092]
  0x0000023e5a227800 ConcurrentGCThread "G1 Main Marker" [stack: 0x000000a6c6500000,0x000000a6c6600000] [id=3236]
  0x0000023e5a229000 ConcurrentGCThread "G1 Conc#0" [stack: 0x000000a6c6600000,0x000000a6c6700000] [id=22272]
  0x0000023e774ce000 ConcurrentGCThread "G1 Conc#1" [stack: 0x000000a6c8500000,0x000000a6c8600000] [id=25536]
  0x0000023e5a2de800 ConcurrentGCThread "G1 Refine#0" [stack: 0x000000a6c6700000,0x000000a6c6800000] [id=3080]
  0x0000023e747fc800 ConcurrentGCThread "G1 Young RemSet Sampling" [stack: 0x000000a6c6800000,0x000000a6c6900000] [id=26168]

Threads with active compile tasks:
C2 CompilerThread0    17873 6025   !   4       io.spring.gradle.dependencymanagement.org.apache.maven.model.interpolation.StringSearchModelInterpolator$InterpolateObjectAction::traverseObjectWithParents (118 bytes)
C1 CompilerThread0    17873 6781       2       sun.nio.fs.WindowsPath::resolve (393 bytes)

VM state:not at safepoint (normal execution)

VM Mutex/Monitor currently owned by a thread: None

Heap address: 0x00000000e0000000, size: 512 MB, Compressed Oops mode: 32-bit
Narrow klass base: 0x0000000000000000, Narrow klass shift: 3
Compressed class space size: 394264576 Address: 0x0000000100000000

Heap:
 garbage-first heap   total 262144K, used 103310K [0x00000000e0000000, 0x0000000100000000)
  region size 1024K, 73 young (74752K), 12 survivors (12288K)
 Metaspace       used 60810K, capacity 63160K, committed 63316K, reserved 440320K
  class space    used 8109K, capacity 9012K, committed 9088K, reserved 385024K
Heap Regions: E=young(eden), S=young(survivor), O=old, HS=humongous(starts), HC=humongous(continues), CS=collection set, F=free, A=archive, TAMS=top-at-mark-start (previous, next)
|   0|0x00000000e0000000, 0x00000000e0100000, 0x00000000e0100000|100%|HS|  |TAMS 0x00000000e0100000, 0x00000000e0000000| Complete 
|   1|0x00000000e0100000, 0x00000000e0200000, 0x00000000e0200000|100%|HC|  |TAMS 0x00000000e0200000, 0x00000000e0100000| Complete 
|   2|0x00000000e0200000, 0x00000000e0300000, 0x00000000e0300000|100%|HC|  |TAMS 0x00000000e0300000, 0x00000000e0200000| Complete 
|   3|0x00000000e0300000, 0x00000000e0400000, 0x00000000e0400000|100%|HC|  |TAMS 0x00000000e0400000, 0x00000000e0300000| Complete 
|   4|0x00000000e0400000, 0x00000000e0500000, 0x00000000e0500000|100%| O|  |TAMS 0x00000000e0500000, 0x00000000e0400000| Untracked 
|   5|0x00000000e0500000, 0x00000000e0600000, 0x00000000e0600000|100%| O|  |TAMS 0x00000000e0600000, 0x00000000e0500000| Untracked 
|   6|0x00000000e0600000, 0x00000000e0700000, 0x00000000e0700000|100%| O|  |TAMS 0x00000000e0700000, 0x00000000e0600000| Untracked 
|   7|0x00000000e0700000, 0x00000000e0800000, 0x00000000e0800000|100%| O|  |TAMS 0x00000000e0800000, 0x00000000e0700000| Untracked 
|   8|0x00000000e0800000, 0x00000000e0900000, 0x00000000e0900000|100%| O|  |TAMS 0x00000000e0900000, 0x00000000e0800000| Untracked 
|   9|0x00000000e0900000, 0x00000000e0a00000, 0x00000000e0a00000|100%| O|  |TAMS 0x00000000e0a00000, 0x00000000e0900000| Untracked 
|  10|0x00000000e0a00000, 0x00000000e0b00000, 0x00000000e0b00000|100%| O|  |TAMS 0x00000000e0b00000, 0x00000000e0a00000| Untracked 
|  11|0x00000000e0b00000, 0x00000000e0c00000, 0x00000000e0c00000|100%| O|  |TAMS 0x00000000e0c00000, 0x00000000e0b00000| Untracked 
|  12|0x00000000e0c00000, 0x00000000e0d00000, 0x00000000e0d00000|100%| O|  |TAMS 0x00000000e0d00000, 0x00000000e0c00000| Untracked 
|  13|0x00000000e0d00000, 0x00000000e0e00000, 0x00000000e0e00000|100%| O|  |TAMS 0x00000000e0e00000, 0x00000000e0d00000| Untracked 
|  14|0x00000000e0e00000, 0x00000000e0f00000, 0x00000000e0f00000|100%| O|  |TAMS 0x00000000e0f00000, 0x00000000e0e00000| Untracked 
|  15|0x00000000e0f00000, 0x00000000e1000000, 0x00000000e1000000|100%| O|  |TAMS 0x00000000e1000000, 0x00000000e0f00000| Untracked 
|  16|0x00000000e1000000, 0x00000000e1100000, 0x00000000e1100000|100%| O|  |TAMS 0x00000000e1100000, 0x00000000e1000000| Untracked 
|  17|0x00000000e1100000, 0x00000000e1200000, 0x00000000e1200000|100%| O|  |TAMS 0x00000000e1200000, 0x00000000e1100000| Untracked 
|  18|0x00000000e1200000, 0x00000000e1300000, 0x00000000e1300000|100%| O|  |TAMS 0x00000000e1300000, 0x00000000e1200000| Untracked 
|  19|0x00000000e1300000, 0x00000000e1400000, 0x00000000e1400000|100%| O|  |TAMS 0x00000000e1400000, 0x00000000e1300000| Untracked 
|  20|0x00000000e1400000, 0x00000000e1500000, 0x00000000e1500000|100%| O|  |TAMS 0x00000000e1500000, 0x00000000e1400000| Untracked 
|  21|0x00000000e1500000, 0x00000000e1600000, 0x00000000e1600000|100%| O|  |TAMS 0x00000000e1600000, 0x00000000e1500000| Untracked 
|  22|0x00000000e1600000, 0x00000000e1700000, 0x00000000e1700000|100%| O|  |TAMS 0x00000000e1700000, 0x00000000e1600000| Untracked 
|  23|0x00000000e1700000, 0x00000000e1800000, 0x00000000e1800000|100%| O|  |TAMS 0x00000000e1800000, 0x00000000e1700000| Untracked 
|  24|0x00000000e1800000, 0x00000000e1900000, 0x00000000e1900000|100%| O|  |TAMS 0x00000000e1900000, 0x00000000e1800000| Untracked 
|  25|0x00000000e1900000, 0x00000000e1a00000, 0x00000000e1a00000|100%| O|  |TAMS 0x00000000e1a00000, 0x00000000e1900000| Untracked 
|  26|0x00000000e1a00000, 0x00000000e1b00000, 0x00000000e1b00000|100%| O|  |TAMS 0x00000000e1b00000, 0x00000000e1a00000| Untracked 
|  27|0x00000000e1b00000, 0x00000000e1c00000, 0x00000000e1c00000|100%| O|  |TAMS 0x00000000e1c00000, 0x00000000e1b00000| Untracked 
|  28|0x00000000e1c00000, 0x00000000e1d00000, 0x00000000e1d00000|100%| O|  |TAMS 0x00000000e1d00000, 0x00000000e1c00000| Untracked 
|  29|0x00000000e1d00000, 0x00000000e1e00000, 0x00000000e1e00000|100%| O|  |TAMS 0x00000000e1e00000, 0x00000000e1d00000| Untracked 
|  30|0x00000000e1e00000, 0x00000000e1e16c00, 0x00000000e1f00000|  8%| O|  |TAMS 0x00000000e1e16c00, 0x00000000e1e00000| Untracked 
|  31|0x00000000e1f00000, 0x00000000e1f00000, 0x00000000e2000000|  0%| F|  |TAMS 0x00000000e1f00000, 0x00000000e1f00000| Untracked 
|  32|0x00000000e2000000, 0x00000000e2000000, 0x00000000e2100000|  0%| F|  |TAMS 0x00000000e2000000, 0x00000000e2000000| Untracked 
|  33|0x00000000e2100000, 0x00000000e2100000, 0x00000000e2200000|  0%| F|  |TAMS 0x00000000e2100000, 0x00000000e2100000| Untracked 
|  34|0x00000000e2200000, 0x00000000e2200000, 0x00000000e2300000|  0%| F|  |TAMS 0x00000000e2200000, 0x00000000e2200000| Untracked 
|  35|0x00000000e2300000, 0x00000000e2300000, 0x00000000e2400000|  0%| F|  |TAMS 0x00000000e2300000, 0x00000000e2300000| Untracked 
|  36|0x00000000e2400000, 0x00000000e2400000, 0x00000000e2500000|  0%| F|  |TAMS 0x00000000e2400000, 0x00000000e2400000| Untracked 
|  37|0x00000000e2500000, 0x00000000e2500000, 0x00000000e2600000|  0%| F|  |TAMS 0x00000000e2500000, 0x00000000e2500000| Untracked 
|  38|0x00000000e2600000, 0x00000000e2600000, 0x00000000e2700000|  0%| F|  |TAMS 0x00000000e2600000, 0x00000000e2600000| Untracked 
|  39|0x00000000e2700000, 0x00000000e2700000, 0x00000000e2800000|  0%| F|  |TAMS 0x00000000e2700000, 0x00000000e2700000| Untracked 
|  40|0x00000000e2800000, 0x00000000e2800000, 0x00000000e2900000|  0%| F|  |TAMS 0x00000000e2800000, 0x00000000e2800000| Untracked 
|  41|0x00000000e2900000, 0x00000000e2900000, 0x00000000e2a00000|  0%| F|  |TAMS 0x00000000e2900000, 0x00000000e2900000| Untracked 
|  42|0x00000000e2a00000, 0x00000000e2a00000, 0x00000000e2b00000|  0%| F|  |TAMS 0x00000000e2a00000, 0x00000000e2a00000| Untracked 
|  43|0x00000000e2b00000, 0x00000000e2b00000, 0x00000000e2c00000|  0%| F|  |TAMS 0x00000000e2b00000, 0x00000000e2b00000| Untracked 
|  44|0x00000000e2c00000, 0x00000000e2c00000, 0x00000000e2d00000|  0%| F|  |TAMS 0x00000000e2c00000, 0x00000000e2c00000| Untracked 
|  45|0x00000000e2d00000, 0x00000000e2d00000, 0x00000000e2e00000|  0%| F|  |TAMS 0x00000000e2d00000, 0x00000000e2d00000| Untracked 
|  46|0x00000000e2e00000, 0x00000000e2e00000, 0x00000000e2f00000|  0%| F|  |TAMS 0x00000000e2e00000, 0x00000000e2e00000| Untracked 
|  47|0x00000000e2f00000, 0x00000000e2f00000, 0x00000000e3000000|  0%| F|  |TAMS 0x00000000e2f00000, 0x00000000e2f00000| Untracked 
|  48|0x00000000e3000000, 0x00000000e3000000, 0x00000000e3100000|  0%| F|  |TAMS 0x00000000e3000000, 0x00000000e3000000| Untracked 
|  49|0x00000000e3100000, 0x00000000e3100000, 0x00000000e3200000|  0%| F|  |TAMS 0x00000000e3100000, 0x00000000e3100000| Untracked 
|  50|0x00000000e3200000, 0x00000000e3200000, 0x00000000e3300000|  0%| F|  |TAMS 0x00000000e3200000, 0x00000000e3200000| Untracked 
|  51|0x00000000e3300000, 0x00000000e3300000, 0x00000000e3400000|  0%| F|  |TAMS 0x00000000e3300000, 0x00000000e3300000| Untracked 
|  52|0x00000000e3400000, 0x00000000e3400000, 0x00000000e3500000|  0%| F|  |TAMS 0x00000000e3400000, 0x00000000e3400000| Untracked 
|  53|0x00000000e3500000, 0x00000000e3500000, 0x00000000e3600000|  0%| F|  |TAMS 0x00000000e3500000, 0x00000000e3500000| Untracked 
|  54|0x00000000e3600000, 0x00000000e3600000, 0x00000000e3700000|  0%| F|  |TAMS 0x00000000e3600000, 0x00000000e3600000| Untracked 
|  55|0x00000000e3700000, 0x00000000e3700000, 0x00000000e3800000|  0%| F|  |TAMS 0x00000000e3700000, 0x00000000e3700000| Untracked 
|  56|0x00000000e3800000, 0x00000000e3800000, 0x00000000e3900000|  0%| F|  |TAMS 0x00000000e3800000, 0x00000000e3800000| Untracked 
|  57|0x00000000e3900000, 0x00000000e3900000, 0x00000000e3a00000|  0%| F|  |TAMS 0x00000000e3900000, 0x00000000e3900000| Untracked 
|  58|0x00000000e3a00000, 0x00000000e3a00000, 0x00000000e3b00000|  0%| F|  |TAMS 0x00000000e3a00000, 0x00000000e3a00000| Untracked 
|  59|0x00000000e3b00000, 0x00000000e3b00000, 0x00000000e3c00000|  0%| F|  |TAMS 0x00000000e3b00000, 0x00000000e3b00000| Untracked 
|  60|0x00000000e3c00000, 0x00000000e3c00000, 0x00000000e3d00000|  0%| F|  |TAMS 0x00000000e3c00000, 0x00000000e3c00000| Untracked 
|  61|0x00000000e3d00000, 0x00000000e3d00000, 0x00000000e3e00000|  0%| F|  |TAMS 0x00000000e3d00000, 0x00000000e3d00000| Untracked 
|  62|0x00000000e3e00000, 0x00000000e3e00000, 0x00000000e3f00000|  0%| F|  |TAMS 0x00000000e3e00000, 0x00000000e3e00000| Untracked 
|  63|0x00000000e3f00000, 0x00000000e3f00000, 0x00000000e4000000|  0%| F|  |TAMS 0x00000000e3f00000, 0x00000000e3f00000| Untracked 
|  64|0x00000000e4000000, 0x00000000e4000000, 0x00000000e4100000|  0%| F|  |TAMS 0x00000000e4000000, 0x00000000e4000000| Untracked 
|  65|0x00000000e4100000, 0x00000000e4100000, 0x00000000e4200000|  0%| F|  |TAMS 0x00000000e4100000, 0x00000000e4100000| Untracked 
|  66|0x00000000e4200000, 0x00000000e4200000, 0x00000000e4300000|  0%| F|  |TAMS 0x00000000e4200000, 0x00000000e4200000| Untracked 
|  67|0x00000000e4300000, 0x00000000e4300000, 0x00000000e4400000|  0%| F|  |TAMS 0x00000000e4300000, 0x00000000e4300000| Untracked 
|  68|0x00000000e4400000, 0x00000000e4400000, 0x00000000e4500000|  0%| F|  |TAMS 0x00000000e4400000, 0x00000000e4400000| Untracked 
|  69|0x00000000e4500000, 0x00000000e4500000, 0x00000000e4600000|  0%| F|  |TAMS 0x00000000e4500000, 0x00000000e4500000| Untracked 
|  70|0x00000000e4600000, 0x00000000e4600000, 0x00000000e4700000|  0%| F|  |TAMS 0x00000000e4600000, 0x00000000e4600000| Untracked 
|  71|0x00000000e4700000, 0x00000000e4700000, 0x00000000e4800000|  0%| F|  |TAMS 0x00000000e4700000, 0x00000000e4700000| Untracked 
|  72|0x00000000e4800000, 0x00000000e4800000, 0x00000000e4900000|  0%| F|  |TAMS 0x00000000e4800000, 0x00000000e4800000| Untracked 
|  73|0x00000000e4900000, 0x00000000e4900000, 0x00000000e4a00000|  0%| F|  |TAMS 0x00000000e4900000, 0x00000000e4900000| Untracked 
|  74|0x00000000e4a00000, 0x00000000e4a00000, 0x00000000e4b00000|  0%| F|  |TAMS 0x00000000e4a00000, 0x00000000e4a00000| Untracked 
|  75|0x00000000e4b00000, 0x00000000e4b00000, 0x00000000e4c00000|  0%| F|  |TAMS 0x00000000e4b00000, 0x00000000e4b00000| Untracked 
|  76|0x00000000e4c00000, 0x00000000e4c00000, 0x00000000e4d00000|  0%| F|  |TAMS 0x00000000e4c00000, 0x00000000e4c00000| Untracked 
|  77|0x00000000e4d00000, 0x00000000e4d00000, 0x00000000e4e00000|  0%| F|  |TAMS 0x00000000e4d00000, 0x00000000e4d00000| Untracked 
|  78|0x00000000e4e00000, 0x00000000e4e00000, 0x00000000e4f00000|  0%| F|  |TAMS 0x00000000e4e00000, 0x00000000e4e00000| Untracked 
|  79|0x00000000e4f00000, 0x00000000e4f00000, 0x00000000e5000000|  0%| F|  |TAMS 0x00000000e4f00000, 0x00000000e4f00000| Untracked 
|  80|0x00000000e5000000, 0x00000000e5000000, 0x00000000e5100000|  0%| F|  |TAMS 0x00000000e5000000, 0x00000000e5000000| Untracked 
|  81|0x00000000e5100000, 0x00000000e5100000, 0x00000000e5200000|  0%| F|  |TAMS 0x00000000e5100000, 0x00000000e5100000| Untracked 
|  82|0x00000000e5200000, 0x00000000e5200000, 0x00000000e5300000|  0%| F|  |TAMS 0x00000000e5200000, 0x00000000e5200000| Untracked 
|  83|0x00000000e5300000, 0x00000000e5300000, 0x00000000e5400000|  0%| F|  |TAMS 0x00000000e5300000, 0x00000000e5300000| Untracked 
|  84|0x00000000e5400000, 0x00000000e5400000, 0x00000000e5500000|  0%| F|  |TAMS 0x00000000e5400000, 0x00000000e5400000| Untracked 
|  85|0x00000000e5500000, 0x00000000e5500000, 0x00000000e5600000|  0%| F|  |TAMS 0x00000000e5500000, 0x00000000e5500000| Untracked 
|  86|0x00000000e5600000, 0x00000000e5600000, 0x00000000e5700000|  0%| F|  |TAMS 0x00000000e5600000, 0x00000000e5600000| Untracked 
|  87|0x00000000e5700000, 0x00000000e5700000, 0x00000000e5800000|  0%| F|  |TAMS 0x00000000e5700000, 0x00000000e5700000| Untracked 
|  88|0x00000000e5800000, 0x00000000e5800000, 0x00000000e5900000|  0%| F|  |TAMS 0x00000000e5800000, 0x00000000e5800000| Untracked 
|  89|0x00000000e5900000, 0x00000000e5900000, 0x00000000e5a00000|  0%| F|  |TAMS 0x00000000e5900000, 0x00000000e5900000| Untracked 
|  90|0x00000000e5a00000, 0x00000000e5a00000, 0x00000000e5b00000|  0%| F|  |TAMS 0x00000000e5a00000, 0x00000000e5a00000| Untracked 
|  91|0x00000000e5b00000, 0x00000000e5b00000, 0x00000000e5c00000|  0%| F|  |TAMS 0x00000000e5b00000, 0x00000000e5b00000| Untracked 
|  92|0x00000000e5c00000, 0x00000000e5c00000, 0x00000000e5d00000|  0%| F|  |TAMS 0x00000000e5c00000, 0x00000000e5c00000| Untracked 
|  93|0x00000000e5d00000, 0x00000000e5d00000, 0x00000000e5e00000|  0%| F|  |TAMS 0x00000000e5d00000, 0x00000000e5d00000| Untracked 
|  94|0x00000000e5e00000, 0x00000000e5e00000, 0x00000000e5f00000|  0%| F|  |TAMS 0x00000000e5e00000, 0x00000000e5e00000| Untracked 
|  95|0x00000000e5f00000, 0x00000000e5f00000, 0x00000000e6000000|  0%| F|  |TAMS 0x00000000e5f00000, 0x00000000e5f00000| Untracked 
|  96|0x00000000e6000000, 0x00000000e6000000, 0x00000000e6100000|  0%| F|  |TAMS 0x00000000e6000000, 0x00000000e6000000| Untracked 
|  97|0x00000000e6100000, 0x00000000e6100000, 0x00000000e6200000|  0%| F|  |TAMS 0x00000000e6100000, 0x00000000e6100000| Untracked 
|  98|0x00000000e6200000, 0x00000000e6200000, 0x00000000e6300000|  0%| F|  |TAMS 0x00000000e6200000, 0x00000000e6200000| Untracked 
|  99|0x00000000e6300000, 0x00000000e6300000, 0x00000000e6400000|  0%| F|  |TAMS 0x00000000e6300000, 0x00000000e6300000| Untracked 
| 100|0x00000000e6400000, 0x00000000e6400000, 0x00000000e6500000|  0%| F|  |TAMS 0x00000000e6400000, 0x00000000e6400000| Untracked 
| 101|0x00000000e6500000, 0x00000000e6500000, 0x00000000e6600000|  0%| F|  |TAMS 0x00000000e6500000, 0x00000000e6500000| Untracked 
| 102|0x00000000e6600000, 0x00000000e6600000, 0x00000000e6700000|  0%| F|  |TAMS 0x00000000e6600000, 0x00000000e6600000| Untracked 
| 103|0x00000000e6700000, 0x00000000e6700000, 0x00000000e6800000|  0%| F|  |TAMS 0x00000000e6700000, 0x00000000e6700000| Untracked 
| 104|0x00000000e6800000, 0x00000000e6800000, 0x00000000e6900000|  0%| F|  |TAMS 0x00000000e6800000, 0x00000000e6800000| Untracked 
| 105|0x00000000e6900000, 0x00000000e6900000, 0x00000000e6a00000|  0%| F|  |TAMS 0x00000000e6900000, 0x00000000e6900000| Untracked 
| 106|0x00000000e6a00000, 0x00000000e6a00000, 0x00000000e6b00000|  0%| F|  |TAMS 0x00000000e6a00000, 0x00000000e6a00000| Untracked 
| 107|0x00000000e6b00000, 0x00000000e6b00000, 0x00000000e6c00000|  0%| F|  |TAMS 0x00000000e6b00000, 0x00000000e6b00000| Untracked 
| 108|0x00000000e6c00000, 0x00000000e6c00000, 0x00000000e6d00000|  0%| F|  |TAMS 0x00000000e6c00000, 0x00000000e6c00000| Untracked 
| 109|0x00000000e6d00000, 0x00000000e6d00000, 0x00000000e6e00000|  0%| F|  |TAMS 0x00000000e6d00000, 0x00000000e6d00000| Untracked 
| 110|0x00000000e6e00000, 0x00000000e6e00000, 0x00000000e6f00000|  0%| F|  |TAMS 0x00000000e6e00000, 0x00000000e6e00000| Untracked 
| 111|0x00000000e6f00000, 0x00000000e6f00000, 0x00000000e7000000|  0%| F|  |TAMS 0x00000000e6f00000, 0x00000000e6f00000| Untracked 
| 112|0x00000000e7000000, 0x00000000e7000000, 0x00000000e7100000|  0%| F|  |TAMS 0x00000000e7000000, 0x00000000e7000000| Untracked 
| 113|0x00000000e7100000, 0x00000000e7100000, 0x00000000e7200000|  0%| F|  |TAMS 0x00000000e7100000, 0x00000000e7100000| Untracked 
| 114|0x00000000e7200000, 0x00000000e7200000, 0x00000000e7300000|  0%| F|  |TAMS 0x00000000e7200000, 0x00000000e7200000| Untracked 
| 115|0x00000000e7300000, 0x00000000e7300000, 0x00000000e7400000|  0%| F|  |TAMS 0x00000000e7300000, 0x00000000e7300000| Untracked 
| 116|0x00000000e7400000, 0x00000000e7400000, 0x00000000e7500000|  0%| F|  |TAMS 0x00000000e7400000, 0x00000000e7400000| Untracked 
| 117|0x00000000e7500000, 0x00000000e7500000, 0x00000000e7600000|  0%| F|  |TAMS 0x00000000e7500000, 0x00000000e7500000| Untracked 
| 118|0x00000000e7600000, 0x00000000e7600000, 0x00000000e7700000|  0%| F|  |TAMS 0x00000000e7600000, 0x00000000e7600000| Untracked 
| 119|0x00000000e7700000, 0x00000000e7700000, 0x00000000e7800000|  0%| F|  |TAMS 0x00000000e7700000, 0x00000000e7700000| Untracked 
| 120|0x00000000e7800000, 0x00000000e7800000, 0x00000000e7900000|  0%| F|  |TAMS 0x00000000e7800000, 0x00000000e7800000| Untracked 
| 121|0x00000000e7900000, 0x00000000e7900000, 0x00000000e7a00000|  0%| F|  |TAMS 0x00000000e7900000, 0x00000000e7900000| Untracked 
| 122|0x00000000e7a00000, 0x00000000e7a00000, 0x00000000e7b00000|  0%| F|  |TAMS 0x00000000e7a00000, 0x00000000e7a00000| Untracked 
| 123|0x00000000e7b00000, 0x00000000e7b00000, 0x00000000e7c00000|  0%| F|  |TAMS 0x00000000e7b00000, 0x00000000e7b00000| Untracked 
| 124|0x00000000e7c00000, 0x00000000e7c00000, 0x00000000e7d00000|  0%| F|  |TAMS 0x00000000e7c00000, 0x00000000e7c00000| Untracked 
| 125|0x00000000e7d00000, 0x00000000e7d00000, 0x00000000e7e00000|  0%| F|  |TAMS 0x00000000e7d00000, 0x00000000e7d00000| Untracked 
| 126|0x00000000e7e00000, 0x00000000e7e00000, 0x00000000e7f00000|  0%| F|  |TAMS 0x00000000e7e00000, 0x00000000e7e00000| Untracked 
| 127|0x00000000e7f00000, 0x00000000e7f00000, 0x00000000e8000000|  0%| F|  |TAMS 0x00000000e7f00000, 0x00000000e7f00000| Untracked 
| 128|0x00000000e8000000, 0x00000000e8000000, 0x00000000e8100000|  0%| F|  |TAMS 0x00000000e8000000, 0x00000000e8000000| Untracked 
| 129|0x00000000e8100000, 0x00000000e8100000, 0x00000000e8200000|  0%| F|  |TAMS 0x00000000e8100000, 0x00000000e8100000| Untracked 
| 130|0x00000000e8200000, 0x00000000e8200000, 0x00000000e8300000|  0%| F|  |TAMS 0x00000000e8200000, 0x00000000e8200000| Untracked 
| 131|0x00000000e8300000, 0x00000000e8300000, 0x00000000e8400000|  0%| F|  |TAMS 0x00000000e8300000, 0x00000000e8300000| Untracked 
| 132|0x00000000e8400000, 0x00000000e8400000, 0x00000000e8500000|  0%| F|  |TAMS 0x00000000e8400000, 0x00000000e8400000| Untracked 
| 133|0x00000000e8500000, 0x00000000e8500000, 0x00000000e8600000|  0%| F|  |TAMS 0x00000000e8500000, 0x00000000e8500000| Untracked 
| 134|0x00000000e8600000, 0x00000000e8600000, 0x00000000e8700000|  0%| F|  |TAMS 0x00000000e8600000, 0x00000000e8600000| Untracked 
| 135|0x00000000e8700000, 0x00000000e8700000, 0x00000000e8800000|  0%| F|  |TAMS 0x00000000e8700000, 0x00000000e8700000| Untracked 
| 136|0x00000000e8800000, 0x00000000e8800000, 0x00000000e8900000|  0%| F|  |TAMS 0x00000000e8800000, 0x00000000e8800000| Untracked 
| 137|0x00000000e8900000, 0x00000000e8900000, 0x00000000e8a00000|  0%| F|  |TAMS 0x00000000e8900000, 0x00000000e8900000| Untracked 
| 138|0x00000000e8a00000, 0x00000000e8a00000, 0x00000000e8b00000|  0%| F|  |TAMS 0x00000000e8a00000, 0x00000000e8a00000| Untracked 
| 139|0x00000000e8b00000, 0x00000000e8b00000, 0x00000000e8c00000|  0%| F|  |TAMS 0x00000000e8b00000, 0x00000000e8b00000| Untracked 
| 140|0x00000000e8c00000, 0x00000000e8c00000, 0x00000000e8d00000|  0%| F|  |TAMS 0x00000000e8c00000, 0x00000000e8c00000| Untracked 
| 141|0x00000000e8d00000, 0x00000000e8d00000, 0x00000000e8e00000|  0%| F|  |TAMS 0x00000000e8d00000, 0x00000000e8d00000| Untracked 
| 142|0x00000000e8e00000, 0x00000000e8e00000, 0x00000000e8f00000|  0%| F|  |TAMS 0x00000000e8e00000, 0x00000000e8e00000| Untracked 
| 143|0x00000000e8f00000, 0x00000000e8f00000, 0x00000000e9000000|  0%| F|  |TAMS 0x00000000e8f00000, 0x00000000e8f00000| Untracked 
| 144|0x00000000e9000000, 0x00000000e9000000, 0x00000000e9100000|  0%| F|  |TAMS 0x00000000e9000000, 0x00000000e9000000| Untracked 
| 145|0x00000000e9100000, 0x00000000e9100000, 0x00000000e9200000|  0%| F|  |TAMS 0x00000000e9100000, 0x00000000e9100000| Untracked 
| 146|0x00000000e9200000, 0x00000000e9200000, 0x00000000e9300000|  0%| F|  |TAMS 0x00000000e9200000, 0x00000000e9200000| Untracked 
| 147|0x00000000e9300000, 0x00000000e9300000, 0x00000000e9400000|  0%| F|  |TAMS 0x00000000e9300000, 0x00000000e9300000| Untracked 
| 148|0x00000000e9400000, 0x00000000e9400000, 0x00000000e9500000|  0%| F|  |TAMS 0x00000000e9400000, 0x00000000e9400000| Untracked 
| 149|0x00000000e9500000, 0x00000000e9500000, 0x00000000e9600000|  0%| F|  |TAMS 0x00000000e9500000, 0x00000000e9500000| Untracked 
| 150|0x00000000e9600000, 0x00000000e9600000, 0x00000000e9700000|  0%| F|  |TAMS 0x00000000e9600000, 0x00000000e9600000| Untracked 
| 151|0x00000000e9700000, 0x00000000e9700000, 0x00000000e9800000|  0%| F|  |TAMS 0x00000000e9700000, 0x00000000e9700000| Untracked 
| 152|0x00000000e9800000, 0x00000000e9800000, 0x00000000e9900000|  0%| F|  |TAMS 0x00000000e9800000, 0x00000000e9800000| Untracked 
| 153|0x00000000e9900000, 0x00000000e9900000, 0x00000000e9a00000|  0%| F|  |TAMS 0x00000000e9900000, 0x00000000e9900000| Untracked 
| 154|0x00000000e9a00000, 0x00000000e9a00000, 0x00000000e9b00000|  0%| F|  |TAMS 0x00000000e9a00000, 0x00000000e9a00000| Untracked 
| 155|0x00000000e9b00000, 0x00000000e9b00000, 0x00000000e9c00000|  0%| F|  |TAMS 0x00000000e9b00000, 0x00000000e9b00000| Untracked 
| 156|0x00000000e9c00000, 0x00000000e9c00000, 0x00000000e9d00000|  0%| F|  |TAMS 0x00000000e9c00000, 0x00000000e9c00000| Untracked 
| 157|0x00000000e9d00000, 0x00000000e9d00000, 0x00000000e9e00000|  0%| F|  |TAMS 0x00000000e9d00000, 0x00000000e9d00000| Untracked 
| 158|0x00000000e9e00000, 0x00000000e9e00000, 0x00000000e9f00000|  0%| F|  |TAMS 0x00000000e9e00000, 0x00000000e9e00000| Untracked 
| 159|0x00000000e9f00000, 0x00000000e9f00000, 0x00000000ea000000|  0%| F|  |TAMS 0x00000000e9f00000, 0x00000000e9f00000| Untracked 
| 160|0x00000000ea000000, 0x00000000ea000000, 0x00000000ea100000|  0%| F|  |TAMS 0x00000000ea000000, 0x00000000ea000000| Untracked 
| 161|0x00000000ea100000, 0x00000000ea100000, 0x00000000ea200000|  0%| F|  |TAMS 0x00000000ea100000, 0x00000000ea100000| Untracked 
| 162|0x00000000ea200000, 0x00000000ea200000, 0x00000000ea300000|  0%| F|  |TAMS 0x00000000ea200000, 0x00000000ea200000| Untracked 
| 163|0x00000000ea300000, 0x00000000ea300000, 0x00000000ea400000|  0%| F|  |TAMS 0x00000000ea300000, 0x00000000ea300000| Untracked 
| 164|0x00000000ea400000, 0x00000000ea400000, 0x00000000ea500000|  0%| F|  |TAMS 0x00000000ea400000, 0x00000000ea400000| Untracked 
| 165|0x00000000ea500000, 0x00000000ea5ccf90, 0x00000000ea600000| 80%| S|CS|TAMS 0x00000000ea500000, 0x00000000ea500000| Complete 
| 166|0x00000000ea600000, 0x00000000ea700000, 0x00000000ea700000|100%| S|CS|TAMS 0x00000000ea600000, 0x00000000ea600000| Complete 
| 167|0x00000000ea700000, 0x00000000ea800000, 0x00000000ea800000|100%| S|CS|TAMS 0x00000000ea700000, 0x00000000ea700000| Complete 
| 168|0x00000000ea800000, 0x00000000ea900000, 0x00000000ea900000|100%| S|CS|TAMS 0x00000000ea800000, 0x00000000ea800000| Complete 
| 169|0x00000000ea900000, 0x00000000eaa00000, 0x00000000eaa00000|100%| S|CS|TAMS 0x00000000ea900000, 0x00000000ea900000| Complete 
| 170|0x00000000eaa00000, 0x00000000eab00000, 0x00000000eab00000|100%| S|CS|TAMS 0x00000000eaa00000, 0x00000000eaa00000| Complete 
| 171|0x00000000eab00000, 0x00000000eac00000, 0x00000000eac00000|100%| S|CS|TAMS 0x00000000eab00000, 0x00000000eab00000| Complete 
| 172|0x00000000eac00000, 0x00000000ead00000, 0x00000000ead00000|100%| S|CS|TAMS 0x00000000eac00000, 0x00000000eac00000| Complete 
| 173|0x00000000ead00000, 0x00000000eae00000, 0x00000000eae00000|100%| S|CS|TAMS 0x00000000ead00000, 0x00000000ead00000| Complete 
| 174|0x00000000eae00000, 0x00000000eaf00000, 0x00000000eaf00000|100%| S|CS|TAMS 0x00000000eae00000, 0x00000000eae00000| Complete 
| 175|0x00000000eaf00000, 0x00000000eb000000, 0x00000000eb000000|100%| S|CS|TAMS 0x00000000eaf00000, 0x00000000eaf00000| Complete 
| 176|0x00000000eb000000, 0x00000000eb100000, 0x00000000eb100000|100%| S|CS|TAMS 0x00000000eb000000, 0x00000000eb000000| Complete 
| 177|0x00000000eb100000, 0x00000000eb100000, 0x00000000eb200000|  0%| F|  |TAMS 0x00000000eb100000, 0x00000000eb100000| Untracked 
| 178|0x00000000eb200000, 0x00000000eb200000, 0x00000000eb300000|  0%| F|  |TAMS 0x00000000eb200000, 0x00000000eb200000| Untracked 
| 179|0x00000000eb300000, 0x00000000eb300000, 0x00000000eb400000|  0%| F|  |TAMS 0x00000000eb300000, 0x00000000eb300000| Untracked 
| 180|0x00000000eb400000, 0x00000000eb400000, 0x00000000eb500000|  0%| F|  |TAMS 0x00000000eb400000, 0x00000000eb400000| Untracked 
| 181|0x00000000eb500000, 0x00000000eb500000, 0x00000000eb600000|  0%| F|  |TAMS 0x00000000eb500000, 0x00000000eb500000| Untracked 
| 182|0x00000000eb600000, 0x00000000eb600000, 0x00000000eb700000|  0%| F|  |TAMS 0x00000000eb600000, 0x00000000eb600000| Untracked 
| 183|0x00000000eb700000, 0x00000000eb700000, 0x00000000eb800000|  0%| F|  |TAMS 0x00000000eb700000, 0x00000000eb700000| Untracked 
| 184|0x00000000eb800000, 0x00000000eb800000, 0x00000000eb900000|  0%| F|  |TAMS 0x00000000eb800000, 0x00000000eb800000| Untracked 
| 185|0x00000000eb900000, 0x00000000eb900000, 0x00000000eba00000|  0%| F|  |TAMS 0x00000000eb900000, 0x00000000eb900000| Untracked 
| 186|0x00000000eba00000, 0x00000000eba00000, 0x00000000ebb00000|  0%| F|  |TAMS 0x00000000eba00000, 0x00000000eba00000| Untracked 
| 187|0x00000000ebb00000, 0x00000000ebb00000, 0x00000000ebc00000|  0%| F|  |TAMS 0x00000000ebb00000, 0x00000000ebb00000| Untracked 
| 188|0x00000000ebc00000, 0x00000000ebc00000, 0x00000000ebd00000|  0%| F|  |TAMS 0x00000000ebc00000, 0x00000000ebc00000| Untracked 
| 189|0x00000000ebd00000, 0x00000000ebd00000, 0x00000000ebe00000|  0%| F|  |TAMS 0x00000000ebd00000, 0x00000000ebd00000| Untracked 
| 190|0x00000000ebe00000, 0x00000000ebe00000, 0x00000000ebf00000|  0%| F|  |TAMS 0x00000000ebe00000, 0x00000000ebe00000| Untracked 
| 191|0x00000000ebf00000, 0x00000000ebf4b598, 0x00000000ec000000| 29%| E|  |TAMS 0x00000000ebf00000, 0x00000000ebf00000| Complete 
| 192|0x00000000ec000000, 0x00000000ec100000, 0x00000000ec100000|100%| E|CS|TAMS 0x00000000ec000000, 0x00000000ec000000| Complete 
| 193|0x00000000ec100000, 0x00000000ec200000, 0x00000000ec200000|100%| E|CS|TAMS 0x00000000ec100000, 0x00000000ec100000| Complete 
| 194|0x00000000ec200000, 0x00000000ec300000, 0x00000000ec300000|100%| E|CS|TAMS 0x00000000ec200000, 0x00000000ec200000| Complete 
| 195|0x00000000ec300000, 0x00000000ec400000, 0x00000000ec400000|100%| E|CS|TAMS 0x00000000ec300000, 0x00000000ec300000| Complete 
| 196|0x00000000ec400000, 0x00000000ec500000, 0x00000000ec500000|100%| E|CS|TAMS 0x00000000ec400000, 0x00000000ec400000| Complete 
| 197|0x00000000ec500000, 0x00000000ec600000, 0x00000000ec600000|100%| E|CS|TAMS 0x00000000ec500000, 0x00000000ec500000| Complete 
| 198|0x00000000ec600000, 0x00000000ec700000, 0x00000000ec700000|100%| E|CS|TAMS 0x00000000ec600000, 0x00000000ec600000| Complete 
| 199|0x00000000ec700000, 0x00000000ec800000, 0x00000000ec800000|100%| E|CS|TAMS 0x00000000ec700000, 0x00000000ec700000| Complete 
| 200|0x00000000ec800000, 0x00000000ec900000, 0x00000000ec900000|100%| E|CS|TAMS 0x00000000ec800000, 0x00000000ec800000| Complete 
| 201|0x00000000ec900000, 0x00000000eca00000, 0x00000000eca00000|100%| E|CS|TAMS 0x00000000ec900000, 0x00000000ec900000| Complete 
| 202|0x00000000eca00000, 0x00000000ecb00000, 0x00000000ecb00000|100%| E|CS|TAMS 0x00000000eca00000, 0x00000000eca00000| Complete 
| 203|0x00000000ecb00000, 0x00000000ecc00000, 0x00000000ecc00000|100%| E|CS|TAMS 0x00000000ecb00000, 0x00000000ecb00000| Complete 
| 204|0x00000000ecc00000, 0x00000000ecd00000, 0x00000000ecd00000|100%| E|CS|TAMS 0x00000000ecc00000, 0x00000000ecc00000| Complete 
| 205|0x00000000ecd00000, 0x00000000ece00000, 0x00000000ece00000|100%| E|CS|TAMS 0x00000000ecd00000, 0x00000000ecd00000| Complete 
| 206|0x00000000ece00000, 0x00000000ecf00000, 0x00000000ecf00000|100%| E|CS|TAMS 0x00000000ece00000, 0x00000000ece00000| Complete 
| 207|0x00000000ecf00000, 0x00000000ed000000, 0x00000000ed000000|100%| E|CS|TAMS 0x00000000ecf00000, 0x00000000ecf00000| Complete 
| 208|0x00000000ed000000, 0x00000000ed100000, 0x00000000ed100000|100%| E|CS|TAMS 0x00000000ed000000, 0x00000000ed000000| Complete 
| 209|0x00000000ed100000, 0x00000000ed200000, 0x00000000ed200000|100%| E|CS|TAMS 0x00000000ed100000, 0x00000000ed100000| Complete 
| 210|0x00000000ed200000, 0x00000000ed300000, 0x00000000ed300000|100%| E|CS|TAMS 0x00000000ed200000, 0x00000000ed200000| Complete 
| 211|0x00000000ed300000, 0x00000000ed400000, 0x00000000ed400000|100%| E|CS|TAMS 0x00000000ed300000, 0x00000000ed300000| Complete 
| 212|0x00000000ed400000, 0x00000000ed500000, 0x00000000ed500000|100%| E|CS|TAMS 0x00000000ed400000, 0x00000000ed400000| Complete 
| 213|0x00000000ed500000, 0x00000000ed600000, 0x00000000ed600000|100%| E|CS|TAMS 0x00000000ed500000, 0x00000000ed500000| Complete 
| 214|0x00000000ed600000, 0x00000000ed700000, 0x00000000ed700000|100%| E|CS|TAMS 0x00000000ed600000, 0x00000000ed600000| Complete 
| 215|0x00000000ed700000, 0x00000000ed800000, 0x00000000ed800000|100%| E|CS|TAMS 0x00000000ed700000, 0x00000000ed700000| Complete 
| 216|0x00000000ed800000, 0x00000000ed900000, 0x00000000ed900000|100%| E|CS|TAMS 0x00000000ed800000, 0x00000000ed800000| Complete 
| 217|0x00000000ed900000, 0x00000000eda00000, 0x00000000eda00000|100%| E|CS|TAMS 0x00000000ed900000, 0x00000000ed900000| Complete 
| 218|0x00000000eda00000, 0x00000000edb00000, 0x00000000edb00000|100%| E|CS|TAMS 0x00000000eda00000, 0x00000000eda00000| Complete 
| 219|0x00000000edb00000, 0x00000000edc00000, 0x00000000edc00000|100%| E|CS|TAMS 0x00000000edb00000, 0x00000000edb00000| Complete 
| 220|0x00000000edc00000, 0x00000000edd00000, 0x00000000edd00000|100%| E|CS|TAMS 0x00000000edc00000, 0x00000000edc00000| Complete 
| 221|0x00000000edd00000, 0x00000000ede00000, 0x00000000ede00000|100%| E|CS|TAMS 0x00000000edd00000, 0x00000000edd00000| Complete 
| 222|0x00000000ede00000, 0x00000000edf00000, 0x00000000edf00000|100%| E|CS|TAMS 0x00000000ede00000, 0x00000000ede00000| Complete 
| 223|0x00000000edf00000, 0x00000000ee000000, 0x00000000ee000000|100%| E|CS|TAMS 0x00000000edf00000, 0x00000000edf00000| Complete 
| 224|0x00000000ee000000, 0x00000000ee100000, 0x00000000ee100000|100%| E|CS|TAMS 0x00000000ee000000, 0x00000000ee000000| Complete 
| 225|0x00000000ee100000, 0x00000000ee200000, 0x00000000ee200000|100%| E|CS|TAMS 0x00000000ee100000, 0x00000000ee100000| Complete 
| 226|0x00000000ee200000, 0x00000000ee300000, 0x00000000ee300000|100%| E|CS|TAMS 0x00000000ee200000, 0x00000000ee200000| Complete 
| 227|0x00000000ee300000, 0x00000000ee400000, 0x00000000ee400000|100%| E|CS|TAMS 0x00000000ee300000, 0x00000000ee300000| Complete 
| 228|0x00000000ee400000, 0x00000000ee500000, 0x00000000ee500000|100%| E|CS|TAMS 0x00000000ee400000, 0x00000000ee400000| Complete 
| 229|0x00000000ee500000, 0x00000000ee600000, 0x00000000ee600000|100%| E|CS|TAMS 0x00000000ee500000, 0x00000000ee500000| Complete 
| 230|0x00000000ee600000, 0x00000000ee700000, 0x00000000ee700000|100%| E|CS|TAMS 0x00000000ee600000, 0x00000000ee600000| Complete 
| 231|0x00000000ee700000, 0x00000000ee800000, 0x00000000ee800000|100%| E|CS|TAMS 0x00000000ee700000, 0x00000000ee700000| Complete 
| 232|0x00000000ee800000, 0x00000000ee900000, 0x00000000ee900000|100%| E|CS|TAMS 0x00000000ee800000, 0x00000000ee800000| Complete 
| 233|0x00000000ee900000, 0x00000000eea00000, 0x00000000eea00000|100%| E|CS|TAMS 0x00000000ee900000, 0x00000000ee900000| Complete 
| 234|0x00000000eea00000, 0x00000000eeb00000, 0x00000000eeb00000|100%| E|CS|TAMS 0x00000000eea00000, 0x00000000eea00000| Complete 
| 235|0x00000000eeb00000, 0x00000000eec00000, 0x00000000eec00000|100%| E|CS|TAMS 0x00000000eeb00000, 0x00000000eeb00000| Complete 
| 236|0x00000000eec00000, 0x00000000eed00000, 0x00000000eed00000|100%| E|CS|TAMS 0x00000000eec00000, 0x00000000eec00000| Complete 
| 237|0x00000000eed00000, 0x00000000eee00000, 0x00000000eee00000|100%| E|CS|TAMS 0x00000000eed00000, 0x00000000eed00000| Complete 
| 238|0x00000000eee00000, 0x00000000eef00000, 0x00000000eef00000|100%| E|CS|TAMS 0x00000000eee00000, 0x00000000eee00000| Complete 
| 239|0x00000000eef00000, 0x00000000ef000000, 0x00000000ef000000|100%| E|CS|TAMS 0x00000000eef00000, 0x00000000eef00000| Complete 
| 240|0x00000000ef000000, 0x00000000ef100000, 0x00000000ef100000|100%| E|CS|TAMS 0x00000000ef000000, 0x00000000ef000000| Complete 
| 241|0x00000000ef100000, 0x00000000ef200000, 0x00000000ef200000|100%| E|  |TAMS 0x00000000ef100000, 0x00000000ef100000| Complete 
| 242|0x00000000ef200000, 0x00000000ef300000, 0x00000000ef300000|100%| E|CS|TAMS 0x00000000ef200000, 0x00000000ef200000| Complete 
| 243|0x00000000ef300000, 0x00000000ef400000, 0x00000000ef400000|100%| E|CS|TAMS 0x00000000ef300000, 0x00000000ef300000| Complete 
| 244|0x00000000ef400000, 0x00000000ef500000, 0x00000000ef500000|100%| E|CS|TAMS 0x00000000ef400000, 0x00000000ef400000| Complete 
| 245|0x00000000ef500000, 0x00000000ef600000, 0x00000000ef600000|100%| E|CS|TAMS 0x00000000ef500000, 0x00000000ef500000| Complete 
| 246|0x00000000ef600000, 0x00000000ef700000, 0x00000000ef700000|100%| E|CS|TAMS 0x00000000ef600000, 0x00000000ef600000| Complete 
| 247|0x00000000ef700000, 0x00000000ef800000, 0x00000000ef800000|100%| E|CS|TAMS 0x00000000ef700000, 0x00000000ef700000| Complete 
| 248|0x00000000ef800000, 0x00000000ef900000, 0x00000000ef900000|100%| E|CS|TAMS 0x00000000ef800000, 0x00000000ef800000| Complete 
| 249|0x00000000ef900000, 0x00000000efa00000, 0x00000000efa00000|100%| E|CS|TAMS 0x00000000ef900000, 0x00000000ef900000| Complete 
| 250|0x00000000efa00000, 0x00000000efb00000, 0x00000000efb00000|100%| E|CS|TAMS 0x00000000efa00000, 0x00000000efa00000| Complete 
| 251|0x00000000efb00000, 0x00000000efc00000, 0x00000000efc00000|100%| E|CS|TAMS 0x00000000efb00000, 0x00000000efb00000| Complete 
| 252|0x00000000efc00000, 0x00000000efd00000, 0x00000000efd00000|100%| E|CS|TAMS 0x00000000efc00000, 0x00000000efc00000| Complete 
| 253|0x00000000efd00000, 0x00000000efe00000, 0x00000000efe00000|100%| E|CS|TAMS 0x00000000efd00000, 0x00000000efd00000| Complete 
| 254|0x00000000efe00000, 0x00000000eff00000, 0x00000000eff00000|100%| E|CS|TAMS 0x00000000efe00000, 0x00000000efe00000| Complete 
| 255|0x00000000eff00000, 0x00000000f0000000, 0x00000000f0000000|100%| E|CS|TAMS 0x00000000eff00000, 0x00000000eff00000| Complete 

Card table byte_map: [0x0000023e70d20000,0x0000023e70e20000] _byte_map_base: 0x0000023e70620000

Marking Bits (Prev, Next): (CMBitMap*) 0x0000023e5a2239f0, (CMBitMap*) 0x0000023e5a2239b8
 Prev Bits: [0x0000023e71720000, 0x0000023e71f20000)
 Next Bits: [0x0000023e70f20000, 0x0000023e71720000)

Polling page: 0x0000023e581b0000

Metaspace:

Usage:
  Non-class:     53.00 MB capacity,    51.51 MB ( 97%) used,     1.27 MB (  2%) free+waste,   230.25 KB ( <1%) overhead. 
      Class:      8.80 MB capacity,     7.92 MB ( 90%) used,   784.86 KB (  9%) free+waste,   115.06 KB (  1%) overhead. 
       Both:     61.80 MB capacity,    59.43 MB ( 96%) used,     2.03 MB (  3%) free+waste,   345.31 KB ( <1%) overhead. 

Virtual space:
  Non-class space:       54.00 MB reserved,      53.21 MB ( 99%) committed 
      Class space:      376.00 MB reserved,       8.88 MB (  2%) committed 
             Both:      430.00 MB reserved,      62.08 MB ( 14%) committed 

Chunk freelists:
   Non-Class:  2.00 KB
       Class:  1.50 KB
        Both:  3.50 KB

CodeHeap 'non-profiled nmethods': size=120000Kb used=3212Kb max_used=3212Kb free=116787Kb
 bounds [0x0000023e693c0000, 0x0000023e696f0000, 0x0000023e708f0000]
CodeHeap 'profiled nmethods': size=120000Kb used=13869Kb max_used=13869Kb free=106130Kb
 bounds [0x0000023e61e90000, 0x0000023e62c20000, 0x0000023e693c0000]
CodeHeap 'non-nmethods': size=5760Kb used=2244Kb max_used=2287Kb free=3515Kb
 bounds [0x0000023e618f0000, 0x0000023e61b60000, 0x0000023e61e90000]
 total_blobs=7549 nmethods=6721 adapters=738
 compilation: enabled
              stopped_count=0, restarted_count=0
 full_count=0

Compilation events (10 events):
Event: 17.775 Thread 0x0000023e7521f000 6560       2       org.gradle.internal.component.external.model.ConfigurationBoundExternalDependencyMetadata::alwaysUseAttributeMatching (7 bytes)
Event: 17.775 Thread 0x0000023e7521f000 nmethod 6560 0x0000023e62bc3b90 code [0x0000023e62bc3d20, 0x0000023e62bc3e18]
Event: 17.775 Thread 0x0000023e7521f000 6562       2       org.gradle.api.internal.capabilities.CapabilitiesMetadataInternal::isShadowedCapabilityOnly (36 bytes)
Event: 17.775 Thread 0x0000023e7521f000 nmethod 6562 0x0000023e62bc3e90 code [0x0000023e62bc4040, 0x0000023e62bc4228]
Event: 17.775 Thread 0x0000023e7521f000 6563       2       org.gradle.api.internal.artifacts.ivyservice.resolveengine.result.ComponentIdentifierSerializer::write (435 bytes)
Event: 17.778 Thread 0x0000023e7521f000 nmethod 6563 0x0000023e62bc4310 code [0x0000023e62bc47a0, 0x0000023e62bc5b88]
Event: 17.778 Thread 0x0000023e7521f000 6565       2       org.gradle.api.internal.artifacts.ivyservice.resolveengine.graph.builder.ComponentState::hasMoreThanOneSelectedNodeUsingVariantAwareResolution (53 bytes)
Event: 17.778 Thread 0x0000023e7521f000 nmethod 6565 0x0000023e62bc6810 code [0x0000023e62bc69e0, 0x0000023e62bc6c78]
Event: 17.778 Thread 0x0000023e7521f000 6564       2       org.gradle.api.internal.artifacts.ivyservice.resolveengine.result.ComponentIdentifierSerializer::resolveImplementation (193 bytes)
Event: 17.780 Thread 0x0000023e7521f000 nmethod 6564 0x0000023e62bc6e10 code [0x0000023e62bc70a0, 0x0000023e62bc7a38]

GC Heap History (10 events):
Event: 6.889 GC heap before
{Heap before GC invocations=4 (full 0):
 garbage-first heap   total 262144K, used 93092K [0x00000000e0000000, 0x0000000100000000)
  region size 1024K, 74 young (75776K), 2 survivors (2048K)
 Metaspace       used 28290K, capacity 29032K, committed 29360K, reserved 411648K
  class space    used 3720K, capacity 4021K, committed 4096K, reserved 385024K
}
Event: 6.893 GC heap after
{Heap after GC invocations=5 (full 0):
 garbage-first heap   total 262144K, used 21226K [0x00000000e0000000, 0x0000000100000000)
  region size 1024K, 3 young (3072K), 3 survivors (3072K)
 Metaspace       used 28290K, capacity 29032K, committed 29360K, reserved 411648K
  class space    used 3720K, capacity 4021K, committed 4096K, reserved 385024K
}
Event: 8.707 GC heap before
{Heap before GC invocations=5 (full 0):
 garbage-first heap   total 262144K, used 88810K [0x00000000e0000000, 0x0000000100000000)
  region size 1024K, 70 young (71680K), 3 survivors (3072K)
 Metaspace       used 34896K, capacity 35796K, committed 35920K, reserved 417792K
  class space    used 4699K, capacity 5069K, committed 5120K, reserved 385024K
}
Event: 8.715 GC heap after
{Heap after GC invocations=6 (full 0):
 garbage-first heap   total 262144K, used 24114K [0x00000000e0000000, 0x0000000100000000)
  region size 1024K, 6 young (6144K), 6 survivors (6144K)
 Metaspace       used 34896K, capacity 35796K, committed 35920K, reserved 417792K
  class space    used 4699K, capacity 5069K, committed 5120K, reserved 385024K
}
Event: 14.433 GC heap before
{Heap before GC invocations=7 (full 0):
 garbage-first heap   total 262144K, used 141874K [0x00000000e0000000, 0x0000000100000000)
  region size 1024K, 115 young (117760K), 6 survivors (6144K)
 Metaspace       used 45789K, capacity 47031K, committed 47184K, reserved 425984K
  class space    used 5895K, capacity 6362K, committed 6400K, reserved 385024K
}
Event: 14.444 GC heap after
{Heap after GC invocations=8 (full 0):
 garbage-first heap   total 262144K, used 31454K [0x00000000e0000000, 0x0000000100000000)
  region size 1024K, 13 young (13312K), 13 survivors (13312K)
 Metaspace       used 45789K, capacity 47031K, committed 47184K, reserved 425984K
  class space    used 5895K, capacity 6362K, committed 6400K, reserved 385024K
}
Event: 15.821 GC heap before
{Heap before GC invocations=8 (full 0):
 garbage-first heap   total 262144K, used 150238K [0x00000000e0000000, 0x0000000100000000)
  region size 1024K, 129 young (132096K), 13 survivors (13312K)
 Metaspace       used 54610K, capacity 56390K, committed 56528K, reserved 434176K
  class space    used 7255K, capacity 7974K, committed 8064K, reserved 385024K
}
Event: 15.835 GC heap after
{Heap after GC invocations=9 (full 0):
 garbage-first heap   total 262144K, used 35944K [0x00000000e0000000, 0x0000000100000000)
  region size 1024K, 13 young (13312K), 13 survivors (13312K)
 Metaspace       used 54610K, capacity 56390K, committed 56528K, reserved 434176K
  class space    used 7255K, capacity 7974K, committed 8064K, reserved 385024K
}
Event: 16.621 GC heap before
{Heap before GC invocations=9 (full 0):
 garbage-first heap   total 262144K, used 115816K [0x00000000e0000000, 0x0000000100000000)
  region size 1024K, 92 young (94208K), 13 survivors (13312K)
 Metaspace       used 57979K, capacity 60181K, committed 60240K, reserved 438272K
  class space    used 7806K, capacity 8654K, committed 8704K, reserved 385024K
}
Event: 16.642 GC heap after
{Heap after GC invocations=10 (full 0):
 garbage-first heap   total 262144K, used 42894K [0x00000000e0000000, 0x0000000100000000)
  region size 1024K, 12 young (12288K), 12 survivors (12288K)
 Metaspace       used 57979K, capacity 60181K, committed 60240K, reserved 438272K
  class space    used 7806K, capacity 8654K, committed 8704K, reserved 385024K
}

Deoptimization events (10 events):
Event: 17.247 Thread 0x0000023e78e5f000 Uncommon trap: reason=class_check action=maybe_recompile pc=0x0000023e69553744 method=java.util.regex.Matcher.getTextLength()I @ 4 c2
Event: 17.259 Thread 0x0000023e78e5f000 Uncommon trap: reason=class_check action=maybe_recompile pc=0x0000023e69553744 method=java.util.regex.Matcher.getTextLength()I @ 4 c2
Event: 17.268 Thread 0x0000023e78e5f000 Uncommon trap: reason=unstable_if action=reinterpret pc=0x0000023e6969bd44 method=io.spring.gradle.dependencymanagement.org.codehaus.plexus.util.xml.pull.MXParser.nextImpl()I @ 200 c2
Event: 17.285 Thread 0x0000023e78e5f000 Uncommon trap: reason=unstable_if action=reinterpret pc=0x0000023e69699328 method=sun.nio.cs.UTF_8$Decoder.decodeArrayLoop(Ljava/nio/ByteBuffer;Ljava/nio/CharBuffer;)Ljava/nio/charset/CoderResult; @ 84 c2
Event: 17.286 Thread 0x0000023e78e5f000 Uncommon trap: reason=unstable_if action=reinterpret pc=0x0000023e694eb2d0 method=sun.nio.cs.UTF_8$Decoder.decodeArrayLoop(Ljava/nio/ByteBuffer;Ljava/nio/CharBuffer;)Ljava/nio/charset/CoderResult; @ 84 c2
Event: 17.286 Thread 0x0000023e78e5f000 Uncommon trap: reason=unstable_if action=reinterpret pc=0x0000023e693e06cc method=java.lang.StringUTF16.compress([CII)[B @ 13 c2
Event: 17.289 Thread 0x0000023e78e5f000 Uncommon trap: reason=unstable_if action=reinterpret pc=0x0000023e69553244 method=java.lang.String.indexOf(Ljava/lang/String;)I @ 8 c2
Event: 17.366 Thread 0x0000023e78e5f000 Uncommon trap: reason=unstable_if action=reinterpret pc=0x0000023e696ae8ac method=io.spring.gradle.dependencymanagement.org.codehaus.plexus.util.xml.pull.MXParser.nextImpl()I @ 871 c2
Event: 17.494 Thread 0x0000023e78e5f000 Uncommon trap: reason=unstable_if action=reinterpret pc=0x0000023e693e8690 method=java.lang.String.indexOf(II)I @ 4 c2
Event: 17.494 Thread 0x0000023e78e5f000 Uncommon trap: reason=unstable_if action=reinterpret pc=0x0000023e69411a74 method=java.lang.String.substring(II)Ljava/lang/String; @ 31 c2

Classes redefined (0 events):
No events

Internal exceptions (10 events):
Event: 16.573 Thread 0x0000023e78e5f000 Exception <a 'java/lang/NoSuchMethodError'{0x00000000eb33f508}: java.lang.invoke.DirectMethodHandle$Holder.invokeStatic(Ljava/lang/Object;Ljava/lang/Object;Ljava/lang/Object;Ljava/lang/Object;ILjava/lang/Object;)Ljava/lang/Object;> (0x00000000eb33f508) th
Event: 16.574 Thread 0x0000023e78e5f000 Exception <a 'java/lang/NoSuchMethodError'{0x00000000eb343010}: java.lang.invoke.Invokers$Holder.linkToTargetMethod(Ljava/lang/Object;Ljava/lang/Object;Ljava/lang/Object;ILjava/lang/Object;Ljava/lang/Object;)Ljava/lang/Object;> (0x00000000eb343010) thrown
Event: 16.589 Thread 0x0000023e78e5f000 Exception <a 'java/lang/NoSuchMethodError'{0x00000000eb233170}: java.lang.invoke.DirectMethodHandle$Holder.invokeInterface(Ljava/lang/Object;Ljava/lang/Object;Ljava/lang/Object;Ljava/lang/Object;)V> (0x00000000eb233170) thrown at [./open/src/hotspot/share
Event: 16.667 Thread 0x0000023e777b0000 Exception <a 'java/lang/NoSuchMethodError'{0x00000000efe35cf0}: static Lorg/gradle/internal/build/event/types/DefaultTaskStartedProgressEvent;.<clinit>()V> (0x00000000efe35cf0) thrown at [./open/src/hotspot/share/prims/jni.cpp, line 1366]
Event: 16.668 Thread 0x0000023e777b0000 Exception <a 'java/lang/NoSuchMethodError'{0x00000000efe38070}: static Lorg/gradle/internal/build/event/types/AbstractProgressEvent;.<clinit>()V> (0x00000000efe38070) thrown at [./open/src/hotspot/share/prims/jni.cpp, line 1366]
Event: 16.669 Thread 0x0000023e777b0000 Exception <a 'java/lang/NoSuchMethodError'{0x00000000efe42ef8}: static Lorg/gradle/internal/build/event/types/DefaultTaskDescriptor;.<clinit>()V> (0x00000000efe42ef8) thrown at [./open/src/hotspot/share/prims/jni.cpp, line 1366]
Event: 16.671 Thread 0x0000023e78e5f000 Exception <a 'java/lang/IncompatibleClassChangeError'{0x00000000efe67dd8}: Found class java.lang.Object, but interface was expected> (0x00000000efe67dd8) thrown at [./open/src/hotspot/share/interpreter/linkResolver.cpp, line 838]
Event: 16.672 Thread 0x0000023e777b0000 Exception <a 'java/lang/NoSuchMethodError'{0x00000000efeb0a10}: static Lorg/gradle/internal/operations/OperationIdentifier;.<clinit>()V> (0x00000000efeb0a10) thrown at [./open/src/hotspot/share/prims/jni.cpp, line 1366]
Event: 16.672 Thread 0x0000023e777b0000 Exception <a 'java/lang/NoSuchMethodError'{0x00000000efebaf00}: static Lorg/gradle/internal/build/event/types/DefaultBinaryPluginIdentifier;.<clinit>()V> (0x00000000efebaf00) thrown at [./open/src/hotspot/share/prims/jni.cpp, line 1366]
Event: 17.015 Thread 0x0000023e78e5f000 Exception <a 'java/lang/IncompatibleClassChangeError'{0x00000000ef95ba30}: Found class java.lang.Object, but interface was expected> (0x00000000ef95ba30) thrown at [./open/src/hotspot/share/interpreter/linkResolver.cpp, line 838]

Events (10 events):
Event: 17.765 loading class org/gradle/api/internal/artifacts/ivyservice/resolveengine/excludes/specs/ExcludeSpec
Event: 17.765 loading class org/gradle/api/internal/artifacts/ivyservice/resolveengine/excludes/specs/ExcludeSpec done
Event: 17.765 loading class org/gradle/api/internal/artifacts/ivyservice/resolveengine/excludes/factories/NormalizingExcludeFactory
Event: 17.765 loading class org/gradle/api/internal/artifacts/ivyservice/resolveengine/excludes/factories/NormalizingExcludeFactory done
Event: 17.766 loading class org/gradle/api/internal/artifacts/ivyservice/resolveengine/excludes/specs/ModuleIdSetExclude
Event: 17.766 loading class org/gradle/api/internal/artifacts/ivyservice/resolveengine/excludes/specs/ModuleIdSetExclude done
Event: 17.766 loading class org/gradle/api/internal/artifacts/ivyservice/resolveengine/excludes/specs/ModuleIdSetExclude
Event: 17.766 loading class org/gradle/api/internal/artifacts/ivyservice/resolveengine/excludes/specs/ModuleIdSetExclude done
Event: 17.772 Thread 0x0000023e78e5f000 DEOPT PACKING pc=0x0000023e61f7a0ba sp=0x000000a6ca4f8630
Event: 17.772 Thread 0x0000023e78e5f000 DEOPT UNPACKING pc=0x0000023e61916d5e sp=0x000000a6ca4f7ab8 mode 0


Dynamic libraries:
0x00007ff74fed0000 - 0x00007ff74fee0000 	C:\Program Files\Java\jdk-11\bin\java.exe
0x00007ffdc5b20000 - 0x00007ffdc5d29000 	C:\WINDOWS\SYSTEM32\ntdll.dll
0x00007ffdc42c0000 - 0x00007ffdc437d000 	C:\WINDOWS\System32\KERNEL32.DLL
0x00007ffdc3390000 - 0x00007ffdc3714000 	C:\WINDOWS\System32\KERNELBASE.dll
0x00007ffdc3720000 - 0x00007ffdc3831000 	C:\WINDOWS\System32\ucrtbase.dll
0x00007ffda7e90000 - 0x00007ffda7eab000 	C:\Program Files\Java\jdk-11\bin\VCRUNTIME140.dll
0x00007ffda6c30000 - 0x00007ffda6c49000 	C:\Program Files\Java\jdk-11\bin\jli.dll
0x00007ffdc4cb0000 - 0x00007ffdc4d5e000 	C:\WINDOWS\System32\ADVAPI32.dll
0x00007ffdc4430000 - 0x00007ffdc44d3000 	C:\WINDOWS\System32\msvcrt.dll
0x00007ffdc39f0000 - 0x00007ffdc3a8e000 	C:\WINDOWS\System32\sechost.dll
0x00007ffdc3ae0000 - 0x00007ffdc3c01000 	C:\WINDOWS\System32\RPCRT4.dll
0x00007ffdc4070000 - 0x00007ffdc421d000 	C:\WINDOWS\System32\USER32.dll
0x00007ffdc2fb0000 - 0x00007ffdc2fd6000 	C:\WINDOWS\System32\win32u.dll
0x00007ffdc5660000 - 0x00007ffdc568a000 	C:\WINDOWS\System32\GDI32.dll
0x00007ffdc3060000 - 0x00007ffdc317e000 	C:\WINDOWS\System32\gdi32full.dll
0x00007ffdc32f0000 - 0x00007ffdc338d000 	C:\WINDOWS\System32\msvcp_win.dll
0x00007ffdb48e0000 - 0x00007ffdb4b85000 	C:\WINDOWS\WinSxS\amd64_microsoft.windows.common-controls_6595b64144ccf1df_6.0.22000.120_none_9d947278b86cc467\COMCTL32.dll
0x00007ffdbb300000 - 0x00007ffdbb30a000 	C:\WINDOWS\SYSTEM32\VERSION.dll
0x00007ffdc3aa0000 - 0x00007ffdc3ad1000 	C:\WINDOWS\System32\IMM32.DLL
0x00007ffdaf870000 - 0x00007ffdaf87c000 	C:\Program Files\Java\jdk-11\bin\vcruntime140_1.dll
0x00007ffda2a60000 - 0x00007ffda2aee000 	C:\Program Files\Java\jdk-11\bin\msvcp140.dll
0x00007ffd82e60000 - 0x00007ffd839cd000 	C:\Program Files\Java\jdk-11\bin\server\jvm.dll
0x00007ffdc5690000 - 0x00007ffdc5698000 	C:\WINDOWS\System32\PSAPI.DLL
0x00007ffdbb720000 - 0x00007ffdbb753000 	C:\WINDOWS\SYSTEM32\WINMM.dll
0x00007ffdb18a0000 - 0x00007ffdb18a9000 	C:\WINDOWS\SYSTEM32\WSOCK32.dll
0x00007ffdc4220000 - 0x00007ffdc428f000 	C:\WINDOWS\System32\WS2_32.dll
0x00007ffdc2010000 - 0x00007ffdc2028000 	C:\WINDOWS\SYSTEM32\kernel.appcore.dll
0x00007ffdaece0000 - 0x00007ffdaecf0000 	C:\Program Files\Java\jdk-11\bin\verify.dll
0x00007ffdc0a80000 - 0x00007ffdc0ca1000 	C:\WINDOWS\SYSTEM32\DBGHELP.DLL
0x00007ffdad8d0000 - 0x00007ffdad901000 	C:\WINDOWS\SYSTEM32\dbgcore.DLL
0x00007ffdc2fe0000 - 0x00007ffdc305f000 	C:\WINDOWS\System32\bcryptPrimitives.dll
0x00007ffda5060000 - 0x00007ffda5088000 	C:\Program Files\Java\jdk-11\bin\java.dll
0x00007ffda6520000 - 0x00007ffda652a000 	C:\Program Files\Java\jdk-11\bin\jimage.dll
0x00007ffda4e70000 - 0x00007ffda4e7e000 	C:\Program Files\Java\jdk-11\bin\instrument.dll
0x00007ffda5ed0000 - 0x00007ffda5ee7000 	C:\Program Files\Java\jdk-11\bin\zip.dll
0x00007ffdc44e0000 - 0x00007ffdc4ca5000 	C:\WINDOWS\System32\SHELL32.dll
0x00007ffdc0f20000 - 0x00007ffdc1782000 	C:\WINDOWS\SYSTEM32\windows.storage.dll
0x00007ffdc56a0000 - 0x00007ffdc5a16000 	C:\WINDOWS\System32\combase.dll
0x00007ffdc0db0000 - 0x00007ffdc0f17000 	C:\WINDOWS\SYSTEM32\wintypes.dll
0x00007ffdc3f20000 - 0x00007ffdc400a000 	C:\WINDOWS\System32\SHCORE.dll
0x00007ffdc3ec0000 - 0x00007ffdc3f1d000 	C:\WINDOWS\System32\shlwapi.dll
0x00007ffdc2ee0000 - 0x00007ffdc2f05000 	C:\WINDOWS\SYSTEM32\profapi.dll
0x00007ffda5c00000 - 0x00007ffda5c19000 	C:\Program Files\Java\jdk-11\bin\net.dll
0x00007ffdbb5e0000 - 0x00007ffdbb6f4000 	C:\WINDOWS\SYSTEM32\WINHTTP.dll
0x00007ffdc2540000 - 0x00007ffdc25a7000 	C:\WINDOWS\system32\mswsock.dll
0x00007ffda5660000 - 0x00007ffda5672000 	C:\Program Files\Java\jdk-11\bin\nio.dll
0x00007ffda4c20000 - 0x00007ffda4c47000 	C:\Users\LG\.gradle\native\68d5fa5c4cc2d200863cafc0d521ce42e7d3e7ee720ec0a83991735586a16f82\windows-amd64\native-platform.dll
0x00007ffd8e9f0000 - 0x00007ffd8eb34000 	C:\Users\LG\.gradle\native\e376f236ea51e6404a007f0833ffe2c6e607c4080706a723a18a27aeea778392\windows-amd64\native-platform-file-events.dll
0x00007ffda2f80000 - 0x00007ffda2f89000 	C:\Program Files\Java\jdk-11\bin\management.dll
0x00007ffda2f70000 - 0x00007ffda2f7b000 	C:\Program Files\Java\jdk-11\bin\management_ext.dll
0x00007ffdc2800000 - 0x00007ffdc2818000 	C:\WINDOWS\SYSTEM32\CRYPTSP.dll
0x00007ffdc1f70000 - 0x00007ffdc1fa5000 	C:\WINDOWS\system32\rsaenh.dll
0x00007ffdc2660000 - 0x00007ffdc268c000 	C:\WINDOWS\SYSTEM32\USERENV.dll
0x00007ffdc2980000 - 0x00007ffdc29a7000 	C:\WINDOWS\SYSTEM32\bcrypt.dll
0x00007ffdc2820000 - 0x00007ffdc282c000 	C:\WINDOWS\SYSTEM32\CRYPTBASE.dll
0x00007ffdc1b40000 - 0x00007ffdc1b6d000 	C:\WINDOWS\SYSTEM32\IPHLPAPI.DLL
0x00007ffdc42b0000 - 0x00007ffdc42b9000 	C:\WINDOWS\System32\NSI.dll
0x00007ffdbb3e0000 - 0x00007ffdbb3f9000 	C:\WINDOWS\SYSTEM32\dhcpcsvc6.DLL
0x00007ffdbb960000 - 0x00007ffdbb97e000 	C:\WINDOWS\SYSTEM32\dhcpcsvc.DLL
0x00007ffdc1bb0000 - 0x00007ffdc1c97000 	C:\WINDOWS\SYSTEM32\DNSAPI.dll

dbghelp: loaded successfully - version: 4.0.5 - missing functions: none
symbol engine: initialized successfully - sym options: 0x614 - pdb path: .;C:\Program Files\Java\jdk-11\bin;C:\WINDOWS\SYSTEM32;C:\WINDOWS\WinSxS\amd64_microsoft.windows.common-controls_6595b64144ccf1df_6.0.22000.120_none_9d947278b86cc467;C:\Program Files\Java\jdk-11\bin\server;C:\Users\LG\.gradle\native\68d5fa5c4cc2d200863cafc0d521ce42e7d3e7ee720ec0a83991735586a16f82\windows-amd64;C:\Users\LG\.gradle\native\e376f236ea51e6404a007f0833ffe2c6e607c4080706a723a18a27aeea778392\windows-amd64

VM Arguments:
jvm_args: --add-opens=java.base/java.util=ALL-UNNAMED --add-opens=java.base/java.lang=ALL-UNNAMED --add-opens=java.base/java.lang.invoke=ALL-UNNAMED --add-opens=java.prefs/java.util.prefs=ALL-UNNAMED --add-opens=java.base/java.nio.charset=ALL-UNNAMED --add-opens=java.base/java.net=ALL-UNNAMED --add-opens=java.base/java.util.concurrent.atomic=ALL-UNNAMED -XX:MaxMetaspaceSize=384m -XX:+HeapDumpOnOutOfMemoryError -Xms256m -Xmx512m -Dfile.encoding=x-windows-949 -Duser.country=KR -Duser.language=ko -Duser.variant -javaagent:C:\Users\LG\.gradle\wrapper\dists\gradle-8.2.1-bin\5hap6b9n41hkg4jeh2au2pllh\gradle-8.2.1\lib\agents\gradle-instrumentation-agent-8.2.1.jar 
java_command: org.gradle.launcher.daemon.bootstrap.GradleDaemon 8.2.1
java_class_path (initial): C:\Users\LG\.gradle\wrapper\dists\gradle-8.2.1-bin\5hap6b9n41hkg4jeh2au2pllh\gradle-8.2.1\lib\gradle-launcher-8.2.1.jar
Launcher Type: SUN_STANDARD

[Global flags]
     intx CICompilerCount                          = 4                                         {product} {ergonomic}
   size_t CompressedClassSpaceSize                 = 394264576                                 {product} {ergonomic}
     uint ConcGCThreads                            = 2                                         {product} {ergonomic}
     uint G1ConcRefinementThreads                  = 8                                         {product} {ergonomic}
   size_t G1HeapRegionSize                         = 1048576                                   {product} {ergonomic}
    uintx GCDrainStackTargetSize                   = 64                                        {product} {ergonomic}
     bool HeapDumpOnOutOfMemoryError               = true                                   {manageable} {command line}
   size_t InitialHeapSize                          = 268435456                                 {product} {command line}
   size_t MarkStackSize                            = 4194304                                   {product} {ergonomic}
   size_t MaxHeapSize                              = 536870912                                 {product} {command line}
   size_t MaxMetaspaceSize                         = 402653184                                 {product} {command line}
   size_t MaxNewSize                               = 321912832                                 {product} {ergonomic}
   size_t MinHeapDeltaBytes                        = 1048576                                   {product} {ergonomic}
    uintx NonNMethodCodeHeapSize                   = 5836300                                {pd product} {ergonomic}
    uintx NonProfiledCodeHeapSize                  = 122910970                              {pd product} {ergonomic}
    uintx ProfiledCodeHeapSize                     = 122910970                              {pd product} {ergonomic}
    uintx ReservedCodeCacheSize                    = 251658240                              {pd product} {ergonomic}
     bool SegmentedCodeCache                       = true                                      {product} {ergonomic}
     bool UseCompressedClassPointers               = true                                 {lp64_product} {ergonomic}
     bool UseCompressedOops                        = true                                 {lp64_product} {ergonomic}
     bool UseG1GC                                  = true                                      {product} {ergonomic}
     bool UseLargePagesIndividualAllocation        = false                                  {pd product} {ergonomic}

Logging:
Log output configuration:
 #0: stdout all=warning uptime,level,tags
 #1: stderr all=off uptime,level,tags

Environment Variables:
JAVA_HOME=C:\jdk-11.0.2
CLASSPATH=C:\jdk-11.0.2\lib
PATH=C:\jdk-11.0.2\bin;C:\jdk-11.0.2;C:\Program Files\Eclipse Adoptium\jdk-8.0.382.5-hotspot\bin;C:\oraclexe\app\oracle\product\10.2.0\server\bin;C:\Program Files (x86)\Common Files\Oracle\Java\javapath;C:\Program Files (x86)\Intel\iCLS Client\;C:\Program Files\Intel\iCLS Client\;C:\windows\system32;C:\windows;C:\windows\System32\Wbem;C:\windows\System32\WindowsPowerShell\v1.0\;C:\Program Files (x86)\Intel\Intel(R) Management Engine Components\DAL;C:\Program Files\Intel\Intel(R) Management Engine Components\DAL;C:\Program Files (x86)\Intel\Intel(R) Management Engine Components\IPT;C:\Program Files\Intel\Intel(R) Management Engine Components\IPT;C:\Program Files\Intel\WiFi\bin\;C:\Program Files\Common Files\Intel\WirelessCommon\;C:\Program Files (x86)\NVIDIA Corporation\PhysX\Common;C:\Program Files (x86)\Skype\Phone\;C:\WINDOWS\system32;C:\WINDOWS;C:\WINDOWS\System32\Wbem;C:\WINDOWS\System32\WindowsPowerShell\v1.0\;C:\WINDOWS\System32\OpenSSH\;C:\Program Files\nodejs\;D:\openssl-0.9.8e_X64\bin;C:\ProgramData\chocolatey\bin;C:\ProgramData\chocolatey\lib\maven\apache-maven-3.9.4\bin;C:\Program Files\Git\cmd;C:\Program Files\MariaDB 10.11\bin;D:\Scripts\;D:\;C:\Users\LG\AppData\Local\Microsoft\WindowsApps;C:\Users\LG\AppData\Local\afreeca;C:\altera\13.1\modelsim_ase\win32aloem;D:\PyCharm Community Edition 2022.1.3\bin;;C:\Users\LG\AppData\Local\Programs\Microsoft VS Code\bin;C:\Users\LG\AppData\Roaming\npm;C:\Program Files\Java\jdk-1.8\bin;D:\IntelliJ IDEA Community Edition 2023.1.3\bin;;
USERNAME=LG
OS=Windows_NT
PROCESSOR_IDENTIFIER=Intel64 Family 6 Model 142 Stepping 10, GenuineIntel



---------------  S Y S T E M  ---------------

OS: Windows 11 , 64 bit Build 22000 (10.0.22000.2538)

CPU:total 8 (initial active 8) (4 cores per cpu, 2 threads per core) family 6 model 142 stepping 10 microcode 0xe0, cmov, cx8, fxsr, mmx, sse, sse2, sse3, ssse3, sse4.1, sse4.2, popcnt, avx, avx2, aes, clmul, erms, 3dnowpref, lzcnt, ht, tsc, tscinvbit, bmi1, bmi2, adx, fma

Memory: 4k page, system-wide physical 8101M (292M free)
TotalPageFile size 16293M (AvailPageFile size 5M)
current process WorkingSet (physical memory assigned to process): 356M, peak: 358M
current process commit charge ("private bytes"): 486M, peak: 486M

vm_info: Java HotSpot(TM) 64-Bit Server VM (11.0.20+9-LTS-256) for windows-amd64 JRE (11.0.20+9-LTS-256), built on Jun 14 2023 10:34:22 by "mach5one" with MS VC++ 17.1 (VS2022)

END.
