#
# There is insufficient memory for the Java Runtime Environment to continue.
# Native memory allocation (malloc) failed to allocate 1266736 bytes for Chunk::new
# Possible reasons:
#   The system is out of physical RAM or swap space
#   The process is running with CompressedOops enabled, and the Java Heap may be blocking the growth of the native heap
# Possible solutions:
#   Reduce memory load on the system
#   Increase physical memory or swap space
#   Check if swap backing store is full
#   Decrease Java heap size (-Xmx/-Xms)
#   Decrease number of Java threads
#   Decrease Java thread stack sizes (-Xss)
#   Set larger code cache with -XX:ReservedCodeCacheSize=
#   JVM is running with Unscaled Compressed Oops mode in which the Java heap is
#     placed in the first 4GB address space. The Java Heap base address is the
#     maximum limit for the native heap growth. Please use -XX:HeapBaseMinAddress
#     to set the Java Heap base and to place the Java Heap above 4GB virtual address.
# This output file may be truncated or incomplete.
#
#  Out of Memory Error (./open/src/hotspot/share/memory/arena.cpp:197), pid=28296, tid=836
#
# JRE version: Java(TM) SE Runtime Environment 18.9 (11.0.20+9) (build 11.0.20+9-LTS-256)
# Java VM: Java HotSpot(TM) 64-Bit Server VM 18.9 (11.0.20+9-LTS-256, mixed mode, tiered, compressed oops, g1 gc, windows-amd64)
# No core dump will be written. Minidumps are not enabled by default on client versions of Windows
#

---------------  S U M M A R Y ------------

Command Line: -Dfile.encoding=x-windows-949 -Duser.country=KR -Duser.language=ko -Duser.variant com.example.Volunteer.VolunteerApplication

Host: Intel(R) Core(TM) i5-8250U CPU @ 1.60GHz, 8 cores, 7G,  Windows 11 , 64 bit Build 22000 (10.0.22000.2538)
Time: Mon Nov 13 17:18:59 2023  Windows 11 , 64 bit Build 22000 (10.0.22000.2538) elapsed time: 5.107102 seconds (0d 0h 0m 5s)

---------------  T H R E A D  ---------------

Current thread (0x0000017fd5bf8000):  JavaThread "C2 CompilerThread1" daemon [_thread_in_native, id=836, stack(0x00000003b9900000,0x00000003b9a00000)]


Current CompileTask:
C2:   5107 2960       4       org.springframework.beans.factory.support.AbstractBeanFactory::isTypeMatch (607 bytes)

Stack: [0x00000003b9900000,0x00000003b9a00000]
Native frames: (J=compiled Java code, j=interpreted, Vv=VM code, C=native code)
V  [jvm.dll+0x6602ba]
V  [jvm.dll+0x7a32af]
V  [jvm.dll+0x7a4979]
V  [jvm.dll+0x7a5013]
V  [jvm.dll+0x258ef5]
V  [jvm.dll+0xb2a0c]
V  [jvm.dll+0xb2fcc]
V  [jvm.dll+0x36764f]
V  [jvm.dll+0x1a2992]
V  [jvm.dll+0x211d4d]
V  [jvm.dll+0x210bc8]
V  [jvm.dll+0x18cdb1]
V  [jvm.dll+0x220e59]
V  [jvm.dll+0x21f17c]
V  [jvm.dll+0x767061]
V  [jvm.dll+0x75f8e4]
V  [jvm.dll+0x65f165]
C  [ucrtbase.dll+0x26c0c]
C  [KERNEL32.DLL+0x153e0]
C  [ntdll.dll+0x485b]


---------------  P R O C E S S  ---------------

Threads class SMR info:
_java_thread_list=0x0000017fd5c8f350, length=11, elements={
0x0000017fb62a2000, 0x0000017fd426c000, 0x0000017fd426d800, 0x0000017fd4b8b000,
0x0000017fd4b8e000, 0x0000017fd4b8f000, 0x0000017fd4b92000, 0x0000017fd4b94000,
0x0000017fd4b95000, 0x0000017fd4d24800, 0x0000017fd5bf8000
}

Java Threads: ( => current thread )
  0x0000017fb62a2000 JavaThread "main" [_thread_in_vm, id=1724, stack(0x00000003b8600000,0x00000003b8700000)]
  0x0000017fd426c000 JavaThread "Reference Handler" daemon [_thread_blocked, id=8624, stack(0x00000003b8d00000,0x00000003b8e00000)]
  0x0000017fd426d800 JavaThread "Finalizer" daemon [_thread_blocked, id=17628, stack(0x00000003b8e00000,0x00000003b8f00000)]
  0x0000017fd4b8b000 JavaThread "Signal Dispatcher" daemon [_thread_blocked, id=14676, stack(0x00000003b8f00000,0x00000003b9000000)]
  0x0000017fd4b8e000 JavaThread "Attach Listener" daemon [_thread_blocked, id=28960, stack(0x00000003b9000000,0x00000003b9100000)]
  0x0000017fd4b8f000 JavaThread "Service Thread" daemon [_thread_blocked, id=7468, stack(0x00000003b9100000,0x00000003b9200000)]
  0x0000017fd4b92000 JavaThread "C2 CompilerThread0" daemon [_thread_in_native, id=28164, stack(0x00000003b9200000,0x00000003b9300000)]
  0x0000017fd4b94000 JavaThread "C1 CompilerThread0" daemon [_thread_blocked, id=2732, stack(0x00000003b9300000,0x00000003b9400000)]
  0x0000017fd4b95000 JavaThread "Sweeper thread" daemon [_thread_blocked, id=25216, stack(0x00000003b9400000,0x00000003b9500000)]
  0x0000017fd4d24800 JavaThread "Common-Cleaner" daemon [_thread_blocked, id=28472, stack(0x00000003b9600000,0x00000003b9700000)]
=>0x0000017fd5bf8000 JavaThread "C2 CompilerThread1" daemon [_thread_in_native, id=836, stack(0x00000003b9900000,0x00000003b9a00000)]

Other Threads:
  0x0000017fd4245000 VMThread "VM Thread" [stack: 0x00000003b8c00000,0x00000003b8d00000] [id=29412]
  0x0000017fd4d22000 WatcherThread [stack: 0x00000003b9500000,0x00000003b9600000] [id=27900]
  0x0000017fb62b6800 GCTaskThread "GC Thread#0" [stack: 0x00000003b8700000,0x00000003b8800000] [id=27600]
  0x0000017fd54a5000 GCTaskThread "GC Thread#1" [stack: 0x00000003b9700000,0x00000003b9800000] [id=20832]
  0x0000017fd54a5800 GCTaskThread "GC Thread#2" [stack: 0x00000003b9800000,0x00000003b9900000] [id=28160]
  0x0000017fd5da3000 GCTaskThread "GC Thread#3" [stack: 0x00000003b9a00000,0x00000003b9b00000] [id=8608]
  0x0000017fb62eb000 ConcurrentGCThread "G1 Main Marker" [stack: 0x00000003b8800000,0x00000003b8900000] [id=22268]
  0x0000017fb62ec800 ConcurrentGCThread "G1 Conc#0" [stack: 0x00000003b8900000,0x00000003b8a00000] [id=21560]
  0x0000017fd5990800 ConcurrentGCThread "G1 Conc#1" [stack: 0x00000003b9b00000,0x00000003b9c00000] [id=29532]
  0x0000017fd40b0800 ConcurrentGCThread "G1 Refine#0" [stack: 0x00000003b8a00000,0x00000003b8b00000] [id=29636]
  0x0000017fd40b1800 ConcurrentGCThread "G1 Young RemSet Sampling" [stack: 0x00000003b8b00000,0x00000003b8c00000] [id=26796]

Threads with active compile tasks:
C2 CompilerThread0     5150 2947       4       org.springframework.core.ResolvableType::resolveClass (73 bytes)
C2 CompilerThread1     5150 2960       4       org.springframework.beans.factory.support.AbstractBeanFactory::isTypeMatch (607 bytes)

VM state:not at safepoint (normal execution)

VM Mutex/Monitor currently owned by a thread: None

Heap address: 0x0000000081600000, size: 2026 MB, Compressed Oops mode: 32-bit
Narrow klass base: 0x0000000000000000, Narrow klass shift: 3
Compressed class space size: 1073741824 Address: 0x0000000100000000

Heap:
 garbage-first heap   total 131072K, used 14087K [0x0000000081600000, 0x0000000100000000)
  region size 1024K, 8 young (8192K), 6 survivors (6144K)
 Metaspace       used 30567K, capacity 31381K, committed 31488K, reserved 1077248K
  class space    used 3536K, capacity 3835K, committed 3840K, reserved 1048576K
Heap Regions: E=young(eden), S=young(survivor), O=old, HS=humongous(starts), HC=humongous(continues), CS=collection set, F=free, A=archive, TAMS=top-at-mark-start (previous, next)
|   0|0x0000000081600000, 0x0000000081700000, 0x0000000081700000|100%|HS|  |TAMS 0x0000000081700000, 0x0000000081600000| Complete 
|   1|0x0000000081700000, 0x0000000081800000, 0x0000000081800000|100%| O|  |TAMS 0x0000000081800000, 0x0000000081700000| Untracked 
|   2|0x0000000081800000, 0x0000000081900000, 0x0000000081900000|100%| O|  |TAMS 0x0000000081900000, 0x0000000081800000| Untracked 
|   3|0x0000000081900000, 0x0000000081a00000, 0x0000000081a00000|100%| O|  |TAMS 0x00000000819d8200, 0x0000000081900000| Untracked 
|   4|0x0000000081a00000, 0x0000000081b00000, 0x0000000081b00000|100%| O|  |TAMS 0x0000000081a00000, 0x0000000081a00000| Untracked 
|   5|0x0000000081b00000, 0x0000000081c00000, 0x0000000081c00000|100%| O|  |TAMS 0x0000000081b00000, 0x0000000081b00000| Untracked 
|   6|0x0000000081c00000, 0x0000000081cc1e00, 0x0000000081d00000| 75%| O|  |TAMS 0x0000000081c00000, 0x0000000081c00000| Untracked 
|   7|0x0000000081d00000, 0x0000000081d00000, 0x0000000081e00000|  0%| F|  |TAMS 0x0000000081d00000, 0x0000000081d00000| Untracked 
|   8|0x0000000081e00000, 0x0000000081e00000, 0x0000000081f00000|  0%| F|  |TAMS 0x0000000081e00000, 0x0000000081e00000| Untracked 
|   9|0x0000000081f00000, 0x0000000081f00000, 0x0000000082000000|  0%| F|  |TAMS 0x0000000081f00000, 0x0000000081f00000| Untracked 
|  10|0x0000000082000000, 0x0000000082000000, 0x0000000082100000|  0%| F|  |TAMS 0x0000000082000000, 0x0000000082000000| Untracked 
|  11|0x0000000082100000, 0x0000000082100000, 0x0000000082200000|  0%| F|  |TAMS 0x0000000082100000, 0x0000000082100000| Untracked 
|  12|0x0000000082200000, 0x0000000082200000, 0x0000000082300000|  0%| F|  |TAMS 0x0000000082200000, 0x0000000082200000| Untracked 
|  13|0x0000000082300000, 0x0000000082300000, 0x0000000082400000|  0%| F|  |TAMS 0x0000000082300000, 0x0000000082300000| Untracked 
|  14|0x0000000082400000, 0x0000000082400000, 0x0000000082500000|  0%| F|  |TAMS 0x0000000082400000, 0x0000000082400000| Untracked 
|  15|0x0000000082500000, 0x0000000082500000, 0x0000000082600000|  0%| F|  |TAMS 0x0000000082500000, 0x0000000082500000| Untracked 
|  16|0x0000000082600000, 0x0000000082600000, 0x0000000082700000|  0%| F|  |TAMS 0x0000000082600000, 0x0000000082600000| Untracked 
|  17|0x0000000082700000, 0x0000000082700000, 0x0000000082800000|  0%| F|  |TAMS 0x0000000082700000, 0x0000000082700000| Untracked 
|  18|0x0000000082800000, 0x0000000082800000, 0x0000000082900000|  0%| F|  |TAMS 0x0000000082800000, 0x0000000082800000| Untracked 
|  19|0x0000000082900000, 0x0000000082900000, 0x0000000082a00000|  0%| F|  |TAMS 0x0000000082900000, 0x0000000082900000| Untracked 
|  20|0x0000000082a00000, 0x0000000082a00000, 0x0000000082b00000|  0%| F|  |TAMS 0x0000000082a00000, 0x0000000082a00000| Untracked 
|  21|0x0000000082b00000, 0x0000000082b00000, 0x0000000082c00000|  0%| F|  |TAMS 0x0000000082b00000, 0x0000000082b00000| Untracked 
|  22|0x0000000082c00000, 0x0000000082c00000, 0x0000000082d00000|  0%| F|  |TAMS 0x0000000082c00000, 0x0000000082c00000| Untracked 
|  23|0x0000000082d00000, 0x0000000082d00000, 0x0000000082e00000|  0%| F|  |TAMS 0x0000000082d00000, 0x0000000082d00000| Untracked 
|  24|0x0000000082e00000, 0x0000000082e00000, 0x0000000082f00000|  0%| F|  |TAMS 0x0000000082e00000, 0x0000000082e00000| Untracked 
|  25|0x0000000082f00000, 0x0000000082f00000, 0x0000000083000000|  0%| F|  |TAMS 0x0000000082f00000, 0x0000000082f00000| Untracked 
|  26|0x0000000083000000, 0x0000000083000000, 0x0000000083100000|  0%| F|  |TAMS 0x0000000083000000, 0x0000000083000000| Untracked 
|  27|0x0000000083100000, 0x0000000083100000, 0x0000000083200000|  0%| F|  |TAMS 0x0000000083100000, 0x0000000083100000| Untracked 
|  28|0x0000000083200000, 0x0000000083200000, 0x0000000083300000|  0%| F|  |TAMS 0x0000000083200000, 0x0000000083200000| Untracked 
|  29|0x0000000083300000, 0x0000000083300000, 0x0000000083400000|  0%| F|  |TAMS 0x0000000083300000, 0x0000000083300000| Untracked 
|  30|0x0000000083400000, 0x0000000083400000, 0x0000000083500000|  0%| F|  |TAMS 0x0000000083400000, 0x0000000083400000| Untracked 
|  31|0x0000000083500000, 0x0000000083500000, 0x0000000083600000|  0%| F|  |TAMS 0x0000000083500000, 0x0000000083500000| Untracked 
|  32|0x0000000083600000, 0x0000000083600000, 0x0000000083700000|  0%| F|  |TAMS 0x0000000083600000, 0x0000000083600000| Untracked 
|  33|0x0000000083700000, 0x0000000083700000, 0x0000000083800000|  0%| F|  |TAMS 0x0000000083700000, 0x0000000083700000| Untracked 
|  34|0x0000000083800000, 0x0000000083800000, 0x0000000083900000|  0%| F|  |TAMS 0x0000000083800000, 0x0000000083800000| Untracked 
|  35|0x0000000083900000, 0x0000000083900000, 0x0000000083a00000|  0%| F|  |TAMS 0x0000000083900000, 0x0000000083900000| Untracked 
|  36|0x0000000083a00000, 0x0000000083a00000, 0x0000000083b00000|  0%| F|  |TAMS 0x0000000083a00000, 0x0000000083a00000| Untracked 
|  37|0x0000000083b00000, 0x0000000083b00000, 0x0000000083c00000|  0%| F|  |TAMS 0x0000000083b00000, 0x0000000083b00000| Untracked 
|  38|0x0000000083c00000, 0x0000000083c00000, 0x0000000083d00000|  0%| F|  |TAMS 0x0000000083c00000, 0x0000000083c00000| Untracked 
|  39|0x0000000083d00000, 0x0000000083d00000, 0x0000000083e00000|  0%| F|  |TAMS 0x0000000083d00000, 0x0000000083d00000| Untracked 
|  40|0x0000000083e00000, 0x0000000083e00000, 0x0000000083f00000|  0%| F|  |TAMS 0x0000000083e00000, 0x0000000083e00000| Untracked 
|  41|0x0000000083f00000, 0x0000000083f00000, 0x0000000084000000|  0%| F|  |TAMS 0x0000000083f00000, 0x0000000083f00000| Untracked 
|  42|0x0000000084000000, 0x0000000084000000, 0x0000000084100000|  0%| F|  |TAMS 0x0000000084000000, 0x0000000084000000| Untracked 
|  43|0x0000000084100000, 0x0000000084100000, 0x0000000084200000|  0%| F|  |TAMS 0x0000000084100000, 0x0000000084100000| Untracked 
|  44|0x0000000084200000, 0x0000000084200000, 0x0000000084300000|  0%| F|  |TAMS 0x0000000084200000, 0x0000000084200000| Untracked 
|  45|0x0000000084300000, 0x0000000084300000, 0x0000000084400000|  0%| F|  |TAMS 0x0000000084300000, 0x0000000084300000| Untracked 
|  46|0x0000000084400000, 0x0000000084400000, 0x0000000084500000|  0%| F|  |TAMS 0x0000000084400000, 0x0000000084400000| Untracked 
|  47|0x0000000084500000, 0x0000000084500000, 0x0000000084600000|  0%| F|  |TAMS 0x0000000084500000, 0x0000000084500000| Untracked 
|  48|0x0000000084600000, 0x0000000084600000, 0x0000000084700000|  0%| F|  |TAMS 0x0000000084600000, 0x0000000084600000| Untracked 
|  49|0x0000000084700000, 0x0000000084700000, 0x0000000084800000|  0%| F|  |TAMS 0x0000000084700000, 0x0000000084700000| Untracked 
|  50|0x0000000084800000, 0x0000000084800000, 0x0000000084900000|  0%| F|  |TAMS 0x0000000084800000, 0x0000000084800000| Untracked 
|  51|0x0000000084900000, 0x0000000084900000, 0x0000000084a00000|  0%| F|  |TAMS 0x0000000084900000, 0x0000000084900000| Untracked 
|  52|0x0000000084a00000, 0x0000000084a00000, 0x0000000084b00000|  0%| F|  |TAMS 0x0000000084a00000, 0x0000000084a00000| Untracked 
|  53|0x0000000084b00000, 0x0000000084b00000, 0x0000000084c00000|  0%| F|  |TAMS 0x0000000084b00000, 0x0000000084b00000| Untracked 
|  54|0x0000000084c00000, 0x0000000084c00000, 0x0000000084d00000|  0%| F|  |TAMS 0x0000000084c00000, 0x0000000084c00000| Untracked 
|  55|0x0000000084d00000, 0x0000000084d00000, 0x0000000084e00000|  0%| F|  |TAMS 0x0000000084d00000, 0x0000000084d00000| Untracked 
|  56|0x0000000084e00000, 0x0000000084e00000, 0x0000000084f00000|  0%| F|  |TAMS 0x0000000084e00000, 0x0000000084e00000| Untracked 
|  57|0x0000000084f00000, 0x0000000084f00000, 0x0000000085000000|  0%| F|  |TAMS 0x0000000084f00000, 0x0000000084f00000| Untracked 
|  58|0x0000000085000000, 0x0000000085000000, 0x0000000085100000|  0%| F|  |TAMS 0x0000000085000000, 0x0000000085000000| Untracked 
|  59|0x0000000085100000, 0x0000000085100000, 0x0000000085200000|  0%| F|  |TAMS 0x0000000085100000, 0x0000000085100000| Untracked 
|  60|0x0000000085200000, 0x0000000085200000, 0x0000000085300000|  0%| F|  |TAMS 0x0000000085200000, 0x0000000085200000| Untracked 
|  61|0x0000000085300000, 0x0000000085300000, 0x0000000085400000|  0%| F|  |TAMS 0x0000000085300000, 0x0000000085300000| Untracked 
|  62|0x0000000085400000, 0x0000000085500000, 0x0000000085500000|100%| S|CS|TAMS 0x0000000085400000, 0x0000000085400000| Complete 
|  63|0x0000000085500000, 0x0000000085600000, 0x0000000085600000|100%| S|CS|TAMS 0x0000000085500000, 0x0000000085500000| Complete 
|  64|0x0000000085600000, 0x0000000085700000, 0x0000000085700000|100%| S|CS|TAMS 0x0000000085600000, 0x0000000085600000| Complete 
|  65|0x0000000085700000, 0x0000000085800000, 0x0000000085800000|100%| S|CS|TAMS 0x0000000085700000, 0x0000000085700000| Complete 
|  66|0x0000000085800000, 0x0000000085900000, 0x0000000085900000|100%| S|CS|TAMS 0x0000000085800000, 0x0000000085800000| Complete 
|  67|0x0000000085900000, 0x0000000085a00000, 0x0000000085a00000|100%| S|CS|TAMS 0x0000000085900000, 0x0000000085900000| Complete 
|  68|0x0000000085a00000, 0x0000000085a00000, 0x0000000085b00000|  0%| F|  |TAMS 0x0000000085a00000, 0x0000000085a00000| Untracked 
|  69|0x0000000085b00000, 0x0000000085b00000, 0x0000000085c00000|  0%| F|  |TAMS 0x0000000085b00000, 0x0000000085b00000| Untracked 
|  70|0x0000000085c00000, 0x0000000085c00000, 0x0000000085d00000|  0%| F|  |TAMS 0x0000000085c00000, 0x0000000085c00000| Untracked 
|  71|0x0000000085d00000, 0x0000000085d00000, 0x0000000085e00000|  0%| F|  |TAMS 0x0000000085d00000, 0x0000000085d00000| Untracked 
|  72|0x0000000085e00000, 0x0000000085e00000, 0x0000000085f00000|  0%| F|  |TAMS 0x0000000085e00000, 0x0000000085e00000| Untracked 
|  73|0x0000000085f00000, 0x0000000085f00000, 0x0000000086000000|  0%| F|  |TAMS 0x0000000085f00000, 0x0000000085f00000| Untracked 
|  74|0x0000000086000000, 0x0000000086000000, 0x0000000086100000|  0%| F|  |TAMS 0x0000000086000000, 0x0000000086000000| Untracked 
|  75|0x0000000086100000, 0x0000000086100000, 0x0000000086200000|  0%| F|  |TAMS 0x0000000086100000, 0x0000000086100000| Untracked 
|  76|0x0000000086200000, 0x0000000086200000, 0x0000000086300000|  0%| F|  |TAMS 0x0000000086200000, 0x0000000086200000| Untracked 
|  77|0x0000000086300000, 0x0000000086300000, 0x0000000086400000|  0%| F|  |TAMS 0x0000000086300000, 0x0000000086300000| Untracked 
|  78|0x0000000086400000, 0x0000000086400000, 0x0000000086500000|  0%| F|  |TAMS 0x0000000086400000, 0x0000000086400000| Untracked 
|  79|0x0000000086500000, 0x0000000086500000, 0x0000000086600000|  0%| F|  |TAMS 0x0000000086500000, 0x0000000086500000| Untracked 
|  80|0x0000000086600000, 0x0000000086600000, 0x0000000086700000|  0%| F|  |TAMS 0x0000000086600000, 0x0000000086600000| Untracked 
|  81|0x0000000086700000, 0x0000000086700000, 0x0000000086800000|  0%| F|  |TAMS 0x0000000086700000, 0x0000000086700000| Untracked 
|  82|0x0000000086800000, 0x0000000086800000, 0x0000000086900000|  0%| F|  |TAMS 0x0000000086800000, 0x0000000086800000| Untracked 
|  83|0x0000000086900000, 0x0000000086900000, 0x0000000086a00000|  0%| F|  |TAMS 0x0000000086900000, 0x0000000086900000| Untracked 
|  84|0x0000000086a00000, 0x0000000086a00000, 0x0000000086b00000|  0%| F|  |TAMS 0x0000000086a00000, 0x0000000086a00000| Untracked 
|  85|0x0000000086b00000, 0x0000000086b00000, 0x0000000086c00000|  0%| F|  |TAMS 0x0000000086b00000, 0x0000000086b00000| Untracked 
|  86|0x0000000086c00000, 0x0000000086c00000, 0x0000000086d00000|  0%| F|  |TAMS 0x0000000086c00000, 0x0000000086c00000| Untracked 
|  87|0x0000000086d00000, 0x0000000086d00000, 0x0000000086e00000|  0%| F|  |TAMS 0x0000000086d00000, 0x0000000086d00000| Untracked 
|  88|0x0000000086e00000, 0x0000000086e00000, 0x0000000086f00000|  0%| F|  |TAMS 0x0000000086e00000, 0x0000000086e00000| Untracked 
|  89|0x0000000086f00000, 0x0000000086f00000, 0x0000000087000000|  0%| F|  |TAMS 0x0000000086f00000, 0x0000000086f00000| Untracked 
|  90|0x0000000087000000, 0x0000000087000000, 0x0000000087100000|  0%| F|  |TAMS 0x0000000087000000, 0x0000000087000000| Untracked 
|  91|0x0000000087100000, 0x0000000087100000, 0x0000000087200000|  0%| F|  |TAMS 0x0000000087100000, 0x0000000087100000| Untracked 
|  92|0x0000000087200000, 0x0000000087200000, 0x0000000087300000|  0%| F|  |TAMS 0x0000000087200000, 0x0000000087200000| Untracked 
|  93|0x0000000087300000, 0x0000000087300000, 0x0000000087400000|  0%| F|  |TAMS 0x0000000087300000, 0x0000000087300000| Untracked 
|  94|0x0000000087400000, 0x0000000087400000, 0x0000000087500000|  0%| F|  |TAMS 0x0000000087400000, 0x0000000087400000| Untracked 
|  95|0x0000000087500000, 0x0000000087500000, 0x0000000087600000|  0%| F|  |TAMS 0x0000000087500000, 0x0000000087500000| Untracked 
|  96|0x0000000087600000, 0x0000000087600000, 0x0000000087700000|  0%| F|  |TAMS 0x0000000087600000, 0x0000000087600000| Untracked 
|  97|0x0000000087700000, 0x0000000087700000, 0x0000000087800000|  0%| F|  |TAMS 0x0000000087700000, 0x0000000087700000| Untracked 
|  98|0x0000000087800000, 0x0000000087800000, 0x0000000087900000|  0%| F|  |TAMS 0x0000000087800000, 0x0000000087800000| Untracked 
|  99|0x0000000087900000, 0x0000000087900000, 0x0000000087a00000|  0%| F|  |TAMS 0x0000000087900000, 0x0000000087900000| Untracked 
| 100|0x0000000087a00000, 0x0000000087a00000, 0x0000000087b00000|  0%| F|  |TAMS 0x0000000087a00000, 0x0000000087a00000| Untracked 
| 101|0x0000000087b00000, 0x0000000087b00000, 0x0000000087c00000|  0%| F|  |TAMS 0x0000000087b00000, 0x0000000087b00000| Untracked 
| 102|0x0000000087c00000, 0x0000000087c00000, 0x0000000087d00000|  0%| F|  |TAMS 0x0000000087c00000, 0x0000000087c00000| Untracked 
| 103|0x0000000087d00000, 0x0000000087d00000, 0x0000000087e00000|  0%| F|  |TAMS 0x0000000087d00000, 0x0000000087d00000| Untracked 
| 104|0x0000000087e00000, 0x0000000087e00000, 0x0000000087f00000|  0%| F|  |TAMS 0x0000000087e00000, 0x0000000087e00000| Untracked 
| 105|0x0000000087f00000, 0x0000000087f00000, 0x0000000088000000|  0%| F|  |TAMS 0x0000000087f00000, 0x0000000087f00000| Untracked 
| 106|0x0000000088000000, 0x0000000088000000, 0x0000000088100000|  0%| F|  |TAMS 0x0000000088000000, 0x0000000088000000| Untracked 
| 107|0x0000000088100000, 0x0000000088100000, 0x0000000088200000|  0%| F|  |TAMS 0x0000000088100000, 0x0000000088100000| Untracked 
| 108|0x0000000088200000, 0x0000000088200000, 0x0000000088300000|  0%| F|  |TAMS 0x0000000088200000, 0x0000000088200000| Untracked 
| 109|0x0000000088300000, 0x0000000088300000, 0x0000000088400000|  0%| F|  |TAMS 0x0000000088300000, 0x0000000088300000| Untracked 
| 110|0x0000000088400000, 0x0000000088400000, 0x0000000088500000|  0%| F|  |TAMS 0x0000000088400000, 0x0000000088400000| Untracked 
| 111|0x0000000088500000, 0x0000000088500000, 0x0000000088600000|  0%| F|  |TAMS 0x0000000088500000, 0x0000000088500000| Untracked 
| 112|0x0000000088600000, 0x0000000088600000, 0x0000000088700000|  0%| F|  |TAMS 0x0000000088600000, 0x0000000088600000| Untracked 
| 113|0x0000000088700000, 0x0000000088700000, 0x0000000088800000|  0%| F|  |TAMS 0x0000000088700000, 0x0000000088700000| Untracked 
| 114|0x0000000088800000, 0x0000000088800000, 0x0000000088900000|  0%| F|  |TAMS 0x0000000088800000, 0x0000000088800000| Untracked 
| 115|0x0000000088900000, 0x0000000088900000, 0x0000000088a00000|  0%| F|  |TAMS 0x0000000088900000, 0x0000000088900000| Untracked 
| 116|0x0000000088a00000, 0x0000000088a00000, 0x0000000088b00000|  0%| F|  |TAMS 0x0000000088a00000, 0x0000000088a00000| Untracked 
| 117|0x0000000088b00000, 0x0000000088b00000, 0x0000000088c00000|  0%| F|  |TAMS 0x0000000088b00000, 0x0000000088b00000| Untracked 
| 118|0x0000000088c00000, 0x0000000088c00000, 0x0000000088d00000|  0%| F|  |TAMS 0x0000000088c00000, 0x0000000088c00000| Untracked 
| 119|0x0000000088d00000, 0x0000000088d00000, 0x0000000088e00000|  0%| F|  |TAMS 0x0000000088d00000, 0x0000000088d00000| Untracked 
| 120|0x0000000088e00000, 0x0000000088e00000, 0x0000000088f00000|  0%| F|  |TAMS 0x0000000088e00000, 0x0000000088e00000| Untracked 
| 121|0x0000000088f00000, 0x0000000088f00000, 0x0000000089000000|  0%| F|  |TAMS 0x0000000088f00000, 0x0000000088f00000| Untracked 
| 122|0x0000000089000000, 0x0000000089000000, 0x0000000089100000|  0%| F|  |TAMS 0x0000000089000000, 0x0000000089000000| Untracked 
| 123|0x0000000089100000, 0x0000000089100000, 0x0000000089200000|  0%| F|  |TAMS 0x0000000089100000, 0x0000000089100000| Untracked 
| 124|0x0000000089200000, 0x0000000089200000, 0x0000000089300000|  0%| F|  |TAMS 0x0000000089200000, 0x0000000089200000| Untracked 
| 125|0x0000000089300000, 0x0000000089300800, 0x0000000089400000|  0%| E|  |TAMS 0x0000000089300000, 0x0000000089300000| Complete 
| 126|0x0000000089400000, 0x0000000089500000, 0x0000000089500000|100%| E|CS|TAMS 0x0000000089400000, 0x0000000089400000| Complete 
| 127|0x0000000089500000, 0x0000000089600000, 0x0000000089600000|100%| E|CS|TAMS 0x0000000089500000, 0x0000000089500000| Complete 

Card table byte_map: [0x0000017fcd0b0000,0x0000017fcd4b0000] _byte_map_base: 0x0000017fccca5000

Marking Bits (Prev, Next): (CMBitMap*) 0x0000017fb62e24e0, (CMBitMap*) 0x0000017fb62e24a8
 Prev Bits: [0x0000017fcf860000, 0x0000017fd1808000)
 Next Bits: [0x0000017fcd8b0000, 0x0000017fcf858000)

Polling page: 0x0000017fb5a70000

Metaspace:

Usage:
  Non-class:     26.92 MB capacity,    26.43 MB ( 98%) used,   410.25 KB (  1%) free+waste,    91.25 KB ( <1%) overhead. 
      Class:      3.78 MB capacity,     3.46 MB ( 91%) used,   286.16 KB (  7%) free+waste,    45.12 KB (  1%) overhead. 
       Both:     30.70 MB capacity,    29.89 MB ( 97%) used,   696.41 KB (  2%) free+waste,   136.38 KB ( <1%) overhead. 

Virtual space:
  Non-class space:       28.00 MB reserved,      27.00 MB ( 96%) committed 
      Class space:        1.00 GB reserved,       3.88 MB ( <1%) committed 
             Both:        1.03 GB reserved,      30.88 MB (  3%) committed 

Chunk freelists:
   Non-Class:  2.62 KB
       Class:  0 bytes
        Both:  2.62 KB

CodeHeap 'non-profiled nmethods': size=120000Kb used=1439Kb max_used=1439Kb free=118560Kb
 bounds [0x0000017fc5450000, 0x0000017fc56c0000, 0x0000017fcc980000]
CodeHeap 'profiled nmethods': size=120000Kb used=6908Kb max_used=6908Kb free=113092Kb
 bounds [0x0000017fbdf20000, 0x0000017fbe5e0000, 0x0000017fc5450000]
CodeHeap 'non-nmethods': size=5760Kb used=1133Kb max_used=1179Kb free=4626Kb
 bounds [0x0000017fbd980000, 0x0000017fbdbf0000, 0x0000017fbdf20000]
 total_blobs=3552 nmethods=3092 adapters=371
 compilation: enabled
              stopped_count=0, restarted_count=0
 full_count=0

Compilation events (10 events):
Event: 5.075 Thread 0x0000017fd4b94000 3071   !   3       com.sun.proxy.$Proxy36::annotationType (29 bytes)
Event: 5.075 Thread 0x0000017fd4b94000 nmethod 3071 0x0000017fbe5c4090 code [0x0000017fbe5c4260, 0x0000017fbe5c4638]
Event: 5.077 Thread 0x0000017fd4b94000 3072   !   3       org.springframework.util.ReflectionUtils::doWithMethods (207 bytes)
Event: 5.078 Thread 0x0000017fd4b94000 nmethod 3072 0x0000017fbe5c4810 code [0x0000017fbe5c4b80, 0x0000017fbe5c5f08]
Event: 5.079 Thread 0x0000017fd4b94000 3073       1       java.beans.PropertyEditorSupport::setSource (6 bytes)
Event: 5.079 Thread 0x0000017fd4b94000 nmethod 3073 0x0000017fc55a8190 code [0x0000017fc55a8320, 0x0000017fc55a8418]
Event: 5.090 Thread 0x0000017fd4b94000 3074   !   3       jdk.internal.ref.PhantomCleanable::isListEmpty (34 bytes)
Event: 5.090 Thread 0x0000017fd4b94000 nmethod 3074 0x0000017fbe5c6690 code [0x0000017fbe5c6840, 0x0000017fbe5c6b38]
Event: 5.090 Thread 0x0000017fd4b94000 3075       3       jdk.internal.misc.InnocuousThread::eraseThreadLocals (23 bytes)
Event: 5.090 Thread 0x0000017fd4b94000 nmethod 3075 0x0000017fbe5c6c90 code [0x0000017fbe5c6e20, 0x0000017fbe5c6ff8]

GC Heap History (8 events):
Event: 0.757 GC heap before
{Heap before GC invocations=0 (full 0):
 garbage-first heap   total 131072K, used 25600K [0x0000000081600000, 0x0000000100000000)
  region size 1024K, 24 young (24576K), 0 survivors (0K)
 Metaspace       used 11515K, capacity 11837K, committed 12032K, reserved 1060864K
  class space    used 1152K, capacity 1253K, committed 1280K, reserved 1048576K
}
Event: 0.761 GC heap after
{Heap after GC invocations=1 (full 0):
 garbage-first heap   total 131072K, used 7008K [0x0000000081600000, 0x0000000100000000)
  region size 1024K, 3 young (3072K), 3 survivors (3072K)
 Metaspace       used 11515K, capacity 11837K, committed 12032K, reserved 1060864K
  class space    used 1152K, capacity 1253K, committed 1280K, reserved 1048576K
}
Event: 1.691 GC heap before
{Heap before GC invocations=1 (full 0):
 garbage-first heap   total 131072K, used 50016K [0x0000000081600000, 0x0000000100000000)
  region size 1024K, 46 young (47104K), 3 survivors (3072K)
 Metaspace       used 20613K, capacity 21088K, committed 21248K, reserved 1069056K
  class space    used 2243K, capacity 2439K, committed 2560K, reserved 1048576K
}
Event: 1.699 GC heap after
{Heap after GC invocations=2 (full 0):
 garbage-first heap   total 131072K, used 9234K [0x0000000081600000, 0x0000000100000000)
  region size 1024K, 6 young (6144K), 6 survivors (6144K)
 Metaspace       used 20613K, capacity 21088K, committed 21248K, reserved 1069056K
  class space    used 2243K, capacity 2439K, committed 2560K, reserved 1048576K
}
Event: 3.358 GC heap before
{Heap before GC invocations=3 (full 0):
 garbage-first heap   total 131072K, used 39954K [0x0000000081600000, 0x0000000100000000)
  region size 1024K, 36 young (36864K), 6 survivors (6144K)
 Metaspace       used 24675K, capacity 25281K, committed 25344K, reserved 1071104K
  class space    used 2784K, capacity 3032K, committed 3072K, reserved 1048576K
}
Event: 3.368 GC heap after
{Heap after GC invocations=4 (full 0):
 garbage-first heap   total 131072K, used 10877K [0x0000000081600000, 0x0000000100000000)
  region size 1024K, 4 young (4096K), 4 survivors (4096K)
 Metaspace       used 24675K, capacity 25281K, committed 25344K, reserved 1071104K
  class space    used 2784K, capacity 3032K, committed 3072K, reserved 1048576K
}
Event: 5.080 GC heap before
{Heap before GC invocations=4 (full 0):
 garbage-first heap   total 131072K, used 68221K [0x0000000081600000, 0x0000000100000000)
  region size 1024K, 60 young (61440K), 4 survivors (4096K)
 Metaspace       used 29978K, capacity 30708K, committed 30976K, reserved 1077248K
  class space    used 3458K, capacity 3761K, committed 3840K, reserved 1048576K
}
Event: 5.089 GC heap after
{Heap after GC invocations=5 (full 0):
 garbage-first heap   total 131072K, used 13063K [0x0000000081600000, 0x0000000100000000)
  region size 1024K, 6 young (6144K), 6 survivors (6144K)
 Metaspace       used 29978K, capacity 30708K, committed 30976K, reserved 1077248K
  class space    used 3458K, capacity 3761K, committed 3840K, reserved 1048576K
}

Deoptimization events (10 events):
Event: 4.230 Thread 0x0000017fb62a2000 Uncommon trap: reason=unstable_if action=reinterpret pc=0x0000017fc5577680 method=org.springframework.beans.factory.support.AbstractBeanFactory.isFactoryBean(Ljava/lang/String;Lorg/springframework/beans/factory/support/RootBeanDefinition;)Z @ 38 c2
Event: 4.306 Thread 0x0000017fb62a2000 Uncommon trap: reason=unstable_if action=reinterpret pc=0x0000017fc556c4dc method=org.springframework.beans.factory.support.AbstractBeanFactory.getMergedLocalBeanDefinition(Ljava/lang/String;)Lorg/springframework/beans/factory/support/RootBeanDefinition; 
Event: 4.335 Thread 0x0000017fb62a2000 Uncommon trap: reason=class_check action=maybe_recompile pc=0x0000017fc5568828 method=org.springframework.util.ConcurrentReferenceHashMap$Segment.findInChain(Lorg/springframework/util/ConcurrentReferenceHashMap$Reference;Ljava/lang/Object;I)Lorg/springfra
Event: 4.380 Thread 0x0000017fb62a2000 Uncommon trap: reason=class_check action=maybe_recompile pc=0x0000017fc5568828 method=org.springframework.util.ConcurrentReferenceHashMap$Segment.findInChain(Lorg/springframework/util/ConcurrentReferenceHashMap$Reference;Ljava/lang/Object;I)Lorg/springfra
Event: 4.388 Thread 0x0000017fb62a2000 Uncommon trap: reason=class_check action=maybe_recompile pc=0x0000017fc5568828 method=org.springframework.util.ConcurrentReferenceHashMap$Segment.findInChain(Lorg/springframework/util/ConcurrentReferenceHashMap$Reference;Ljava/lang/Object;I)Lorg/springfra
Event: 4.389 Thread 0x0000017fb62a2000 Uncommon trap: reason=class_check action=maybe_recompile pc=0x0000017fc555bb14 method=org.springframework.util.ConcurrentReferenceHashMap$Segment.findInChain(Lorg/springframework/util/ConcurrentReferenceHashMap$Reference;Ljava/lang/Object;I)Lorg/springfra
Event: 4.389 Thread 0x0000017fb62a2000 Uncommon trap: reason=class_check action=maybe_recompile pc=0x0000017fc5568828 method=org.springframework.util.ConcurrentReferenceHashMap$Segment.findInChain(Lorg/springframework/util/ConcurrentReferenceHashMap$Reference;Ljava/lang/Object;I)Lorg/springfra
Event: 4.559 Thread 0x0000017fb62a2000 Uncommon trap: reason=unstable_if action=reinterpret pc=0x0000017fc557c2d0 method=org.springframework.core.ResolvableType$1.isAssignableFrom(Ljava/lang/Class;)Z @ 15 c2
Event: 4.996 Thread 0x0000017fb62a2000 Uncommon trap: reason=unstable_if action=reinterpret pc=0x0000017fc55a0a94 method=org.springframework.beans.factory.support.AbstractBeanFactory.getBeanPostProcessorCache()Lorg/springframework/beans/factory/support/AbstractBeanFactory$BeanPostProcessorCach
Event: 5.023 Thread 0x0000017fb62a2000 Uncommon trap: reason=unstable_if action=reinterpret pc=0x0000017fc559fc6c method=org.springframework.beans.factory.support.AbstractBeanFactory.hasInstantiationAwareBeanPostProcessors()Z @ 12 c2

Classes redefined (0 events):
No events

Internal exceptions (10 events):
Event: 1.866 Thread 0x0000017fd5ac1000 Exception <a 'java/lang/IncompatibleClassChangeError'{0x00000000887a7d40}: Found class java.lang.Object, but interface was expected> (0x00000000887a7d40) thrown at [./open/src/hotspot/share/interpreter/linkResolver.cpp, line 838]
Event: 1.887 Thread 0x0000017fd5ac1000 Exception <a 'java/lang/NoSuchMethodError'{0x0000000088509838}: java.lang.invoke.DirectMethodHandle$Holder.invokeVirtual(Ljava/lang/Object;Ljava/lang/Object;Ljava/lang/Object;Ljava/lang/Object;)Ljava/lang/Object;> (0x0000000088509838) thrown at [./open/sr
Event: 3.374 Thread 0x0000017fb62a2000 Exception <a 'java/lang/IncompatibleClassChangeError'{0x0000000089547338}: Found class java.lang.Object, but interface was expected> (0x0000000089547338) thrown at [./open/src/hotspot/share/interpreter/linkResolver.cpp, line 838]
Event: 3.404 Thread 0x0000017fb62a2000 Exception <a 'java/lang/NoSuchMethodError'{0x00000000894f5370}: java.lang.invoke.DirectMethodHandle$Holder.invokeInterface(Ljava/lang/Object;Ljava/lang/Object;Ljava/lang/Object;Ljava/lang/Object;)V> (0x00000000894f5370) thrown at [./open/src/hotspot/share
Event: 5.021 Thread 0x0000017fb62a2000 Exception <a 'java/lang/NoClassDefFoundError'{0x0000000085cd7638}: org/flywaydb/core/Flyway> (0x0000000085cd7638) thrown at [./open/src/hotspot/share/classfile/systemDictionary.cpp, line 215]
Event: 5.021 Thread 0x0000017fb62a2000 Exception <a 'java/lang/NoClassDefFoundError'{0x0000000085cde270}: liquibase/integration/spring/SpringLiquibase> (0x0000000085cde270) thrown at [./open/src/hotspot/share/classfile/systemDictionary.cpp, line 215]
Event: 5.036 Thread 0x0000017fb62a2000 Exception <a 'java/lang/NoClassDefFoundError'{0x0000000085b4eb78}: org/springframework/batch/core/repository/JobRepository> (0x0000000085b4eb78) thrown at [./open/src/hotspot/share/classfile/systemDictionary.cpp, line 215]
Event: 5.036 Thread 0x0000017fb62a2000 Exception <a 'java/lang/NoClassDefFoundError'{0x0000000085b53e30}: org/quartz/Scheduler> (0x0000000085b53e30) thrown at [./open/src/hotspot/share/classfile/systemDictionary.cpp, line 215]
Event: 5.037 Thread 0x0000017fb62a2000 Exception <a 'java/lang/NoClassDefFoundError'{0x0000000085b5bc18}: org/springframework/session/jdbc/JdbcIndexedSessionRepository> (0x0000000085b5bc18) thrown at [./open/src/hotspot/share/classfile/systemDictionary.cpp, line 215]
Event: 5.077 Thread 0x0000017fb62a2000 Exception <a 'java/lang/NoClassDefFoundError'{0x0000000085adc328}: org/jooq/DSLContext> (0x0000000085adc328) thrown at [./open/src/hotspot/share/classfile/systemDictionary.cpp, line 215]

Events (10 events):
Event: 5.102 loading class java/security/Provider$UString
Event: 5.102 loading class java/security/Provider$UString done
Event: 5.102 loading class sun/security/util/SecurityProviderConstants
Event: 5.102 loading class sun/security/util/SecurityProviderConstants done
Event: 5.102 loading class sun/security/util/KnownOIDs
Event: 5.102 loading class sun/security/util/KnownOIDs done
Event: 5.103 loading class sun/security/util/KnownOIDs$1
Event: 5.103 loading class sun/security/util/KnownOIDs$1 done
Event: 5.103 loading class sun/security/util/KnownOIDs$2
Event: 5.103 loading class sun/security/util/KnownOIDs$2 done


Dynamic libraries:
0x00007ff74fed0000 - 0x00007ff74fee0000 	C:\Program Files\Java\jdk-11\bin\java.exe
0x00007ffdc5b20000 - 0x00007ffdc5d29000 	C:\WINDOWS\SYSTEM32\ntdll.dll
0x00007ffdc42c0000 - 0x00007ffdc437d000 	C:\WINDOWS\System32\KERNEL32.DLL
0x00007ffdc3390000 - 0x00007ffdc3714000 	C:\WINDOWS\System32\KERNELBASE.dll
0x00007ffdc3720000 - 0x00007ffdc3831000 	C:\WINDOWS\System32\ucrtbase.dll
0x00007ffda6c30000 - 0x00007ffda6c49000 	C:\Program Files\Java\jdk-11\bin\jli.dll
0x00007ffdc4cb0000 - 0x00007ffdc4d5e000 	C:\WINDOWS\System32\ADVAPI32.dll
0x00007ffda7e90000 - 0x00007ffda7eab000 	C:\Program Files\Java\jdk-11\bin\VCRUNTIME140.dll
0x00007ffdc4430000 - 0x00007ffdc44d3000 	C:\WINDOWS\System32\msvcrt.dll
0x00007ffdc39f0000 - 0x00007ffdc3a8e000 	C:\WINDOWS\System32\sechost.dll
0x00007ffdc3ae0000 - 0x00007ffdc3c01000 	C:\WINDOWS\System32\RPCRT4.dll
0x00007ffdc4070000 - 0x00007ffdc421d000 	C:\WINDOWS\System32\USER32.dll
0x00007ffdc2fb0000 - 0x00007ffdc2fd6000 	C:\WINDOWS\System32\win32u.dll
0x00007ffdc5660000 - 0x00007ffdc568a000 	C:\WINDOWS\System32\GDI32.dll
0x00007ffdc3060000 - 0x00007ffdc317e000 	C:\WINDOWS\System32\gdi32full.dll
0x00007ffdc32f0000 - 0x00007ffdc338d000 	C:\WINDOWS\System32\msvcp_win.dll
0x00007ffdb48e0000 - 0x00007ffdb4b85000 	C:\WINDOWS\WinSxS\amd64_microsoft.windows.common-controls_6595b64144ccf1df_6.0.22000.120_none_9d947278b86cc467\COMCTL32.dll
0x00007ffdbb300000 - 0x00007ffdbb30a000 	C:\WINDOWS\SYSTEM32\VERSION.dll
0x00007ffdc3aa0000 - 0x00007ffdc3ad1000 	C:\WINDOWS\System32\IMM32.DLL
0x00007ffdaf870000 - 0x00007ffdaf87c000 	C:\Program Files\Java\jdk-11\bin\vcruntime140_1.dll
0x00007ffda2a60000 - 0x00007ffda2aee000 	C:\Program Files\Java\jdk-11\bin\msvcp140.dll
0x00007ffd82e60000 - 0x00007ffd839cd000 	C:\Program Files\Java\jdk-11\bin\server\jvm.dll
0x00007ffdc5690000 - 0x00007ffdc5698000 	C:\WINDOWS\System32\PSAPI.DLL
0x00007ffdbb720000 - 0x00007ffdbb753000 	C:\WINDOWS\SYSTEM32\WINMM.dll
0x00007ffdb18a0000 - 0x00007ffdb18a9000 	C:\WINDOWS\SYSTEM32\WSOCK32.dll
0x00007ffdc4220000 - 0x00007ffdc428f000 	C:\WINDOWS\System32\WS2_32.dll
0x00007ffdc2010000 - 0x00007ffdc2028000 	C:\WINDOWS\SYSTEM32\kernel.appcore.dll
0x00007ffdaece0000 - 0x00007ffdaecf0000 	C:\Program Files\Java\jdk-11\bin\verify.dll
0x00007ffdc0a80000 - 0x00007ffdc0ca1000 	C:\WINDOWS\SYSTEM32\DBGHELP.DLL
0x00007ffdad8d0000 - 0x00007ffdad901000 	C:\WINDOWS\SYSTEM32\dbgcore.DLL
0x00007ffdc2fe0000 - 0x00007ffdc305f000 	C:\WINDOWS\System32\bcryptPrimitives.dll
0x00007ffda5060000 - 0x00007ffda5088000 	C:\Program Files\Java\jdk-11\bin\java.dll
0x00007ffda6520000 - 0x00007ffda652a000 	C:\Program Files\Java\jdk-11\bin\jimage.dll
0x00007ffda5ed0000 - 0x00007ffda5ee7000 	C:\Program Files\Java\jdk-11\bin\zip.dll
0x00007ffdc44e0000 - 0x00007ffdc4ca5000 	C:\WINDOWS\System32\SHELL32.dll
0x00007ffdc0f20000 - 0x00007ffdc1782000 	C:\WINDOWS\SYSTEM32\windows.storage.dll
0x00007ffdc56a0000 - 0x00007ffdc5a16000 	C:\WINDOWS\System32\combase.dll
0x00007ffdc0db0000 - 0x00007ffdc0f17000 	C:\WINDOWS\SYSTEM32\wintypes.dll
0x00007ffdc3f20000 - 0x00007ffdc400a000 	C:\WINDOWS\System32\SHCORE.dll
0x00007ffdc3ec0000 - 0x00007ffdc3f1d000 	C:\WINDOWS\System32\shlwapi.dll
0x00007ffdc2ee0000 - 0x00007ffdc2f05000 	C:\WINDOWS\SYSTEM32\profapi.dll
0x00007ffda5c00000 - 0x00007ffda5c19000 	C:\Program Files\Java\jdk-11\bin\net.dll
0x00007ffdbb5e0000 - 0x00007ffdbb6f4000 	C:\WINDOWS\SYSTEM32\WINHTTP.dll
0x00007ffdc2540000 - 0x00007ffdc25a7000 	C:\WINDOWS\system32\mswsock.dll
0x00007ffda5660000 - 0x00007ffda5672000 	C:\Program Files\Java\jdk-11\bin\nio.dll
0x00007ffda2f80000 - 0x00007ffda2f89000 	C:\Program Files\Java\jdk-11\bin\management.dll
0x00007ffda2f70000 - 0x00007ffda2f7b000 	C:\Program Files\Java\jdk-11\bin\management_ext.dll
0x00007ffdb2180000 - 0x00007ffdb2197000 	C:\WINDOWS\system32\napinsp.dll
0x00007ffda6930000 - 0x00007ffda694b000 	C:\WINDOWS\system32\pnrpnsp.dll
0x00007ffdc1bb0000 - 0x00007ffdc1c97000 	C:\WINDOWS\SYSTEM32\DNSAPI.dll
0x00007ffdc1b40000 - 0x00007ffdc1b6d000 	C:\WINDOWS\SYSTEM32\IPHLPAPI.DLL
0x00007ffdc42b0000 - 0x00007ffdc42b9000 	C:\WINDOWS\System32\NSI.dll
0x00007ffda5e10000 - 0x00007ffda5e22000 	C:\WINDOWS\System32\winrnr.dll
0x00007ffda5040000 - 0x00007ffda5055000 	C:\WINDOWS\system32\wshbth.dll
0x00007ffda5020000 - 0x00007ffda503f000 	C:\WINDOWS\system32\nlansp_c.dll
0x00007ffdb48b0000 - 0x00007ffdb48ba000 	C:\Windows\System32\rasadhlp.dll
0x00007ffdb9b60000 - 0x00007ffdb9be1000 	C:\WINDOWS\System32\fwpuclnt.dll

dbghelp: loaded successfully - version: 4.0.5 - missing functions: none
symbol engine: initialized successfully - sym options: 0x614 - pdb path: .;C:\Program Files\Java\jdk-11\bin;C:\WINDOWS\SYSTEM32;C:\WINDOWS\WinSxS\amd64_microsoft.windows.common-controls_6595b64144ccf1df_6.0.22000.120_none_9d947278b86cc467;C:\Program Files\Java\jdk-11\bin\server

VM Arguments:
jvm_args: -Dfile.encoding=x-windows-949 -Duser.country=KR -Duser.language=ko -Duser.variant 
java_command: com.example.Volunteer.VolunteerApplication
java_class_path (initial): D:\Volunteer\Volunteer\build\classes\java\main;D:\Volunteer\Volunteer\build\resources\main;C:\Users\LG\.gradle\caches\modules-2\files-2.1\com.google.code.gson\gson\2.8.8\431fc3cbc0ff81abdbfde070062741089c3ba874\gson-2.8.8.jar;C:\Users\LG\.gradle\caches\modules-2\files-2.1\org.springframework.boot\spring-boot-starter-data-jpa\2.7.16\3438c32d28bb5d31b6ad45f1b7c8cbbd9cba5b4e\spring-boot-starter-data-jpa-2.7.16.jar;C:\Users\LG\.gradle\caches\modules-2\files-2.1\org.springframework.boot\spring-boot-starter-web\2.7.16\f6e4e226b0c9c1cf36c17c04262c702c6a0bad99\spring-boot-starter-web-2.7.16.jar;C:\Users\LG\.gradle\caches\modules-2\files-2.1\org.springframework.boot\spring-boot-starter-security\2.7.16\1f08cec142ab23f30e42d68c5f60c7332943b77b\spring-boot-starter-security-2.7.16.jar;C:\Users\LG\.gradle\caches\modules-2\files-2.1\io.jsonwebtoken\jjwt\0.9.1\54d2abfc3e63a28824d35bf600d6a5d627da681a\jjwt-0.9.1.jar;C:\Users\LG\.gradle\caches\modules-2\files-2.1\org.mariadb.jdbc\mariadb-java-client\3.1.4\7f66d1f5afcacdb11ba34d2614933a206afbcff2\mariadb-java-client-3.1.4.jar;C:\Users\LG\.gradle\caches\modules-2\files-2.1\org.springframework.boot\spring-boot-starter-aop\2.7.16\dba25addac3d8adc9bf2c925bc9ed167404f8a72\spring-boot-starter-aop-2.7.16.jar;C:\Users\LG\.gradle\caches\modules-2\files-2.1\org.springframework.boot\spring-boot-starter-jdbc\2.7.16\eac83a43d8221c80730a1622e3467dda12487ccd\spring-boot-starter-jdbc-2.7.16.jar;C:\Users\LG\.gradle\caches\modules-2\files-2.1\jakarta.transaction\jakarta.transaction-api\1.3.3\c4179d48720a1e87202115fbed6089bdc4195405\jakarta.transaction-api-1.3.3.jar;C:\Users\LG\.gradle\caches\modules-2\files-2.1\jakarta.persistence\jakarta.persistence-api\2.2.3\8f6ea5daedc614f07a3654a455660145286f024e\jakarta.persistence-api-2.2.3.jar;C:\Users\LG\.gradle\caches\modules-2\files-2.1\org.hibernate\hibernate-core\5.6.15.Final\ab14b7cef1fdff654ca81923048a6034d6c7cfa7\hibernate-core-5.6.15.Final.jar;C:\Users\LG\.gradle\caches\modu
Launcher Type: SUN_STANDARD

[Global flags]
     intx CICompilerCount                          = 4                                         {product} {ergonomic}
     uint ConcGCThreads                            = 2                                         {product} {ergonomic}
     uint G1ConcRefinementThreads                  = 8                                         {product} {ergonomic}
   size_t G1HeapRegionSize                         = 1048576                                   {product} {ergonomic}
    uintx GCDrainStackTargetSize                   = 64                                        {product} {ergonomic}
   size_t InitialHeapSize                          = 134217728                                 {product} {ergonomic}
   size_t MarkStackSize                            = 4194304                                   {product} {ergonomic}
   size_t MaxHeapSize                              = 2124414976                                {product} {ergonomic}
   size_t MaxNewSize                               = 1274019840                                {product} {ergonomic}
   size_t MinHeapDeltaBytes                        = 1048576                                   {product} {ergonomic}
    uintx NonNMethodCodeHeapSize                   = 5836300                                {pd product} {ergonomic}
    uintx NonProfiledCodeHeapSize                  = 122910970                              {pd product} {ergonomic}
    uintx ProfiledCodeHeapSize                     = 122910970                              {pd product} {ergonomic}
    uintx ReservedCodeCacheSize                    = 251658240                              {pd product} {ergonomic}
     bool SegmentedCodeCache                       = true                                      {product} {ergonomic}
     bool UseCompressedClassPointers               = true                                 {lp64_product} {ergonomic}
     bool UseCompressedOops                        = true                                 {lp64_product} {ergonomic}
     bool UseG1GC                                  = true                                      {product} {ergonomic}
     bool UseLargePagesIndividualAllocation        = false                                  {pd product} {ergonomic}

Logging:
Log output configuration:
 #0: stdout all=warning uptime,level,tags
 #1: stderr all=off uptime,level,tags

Environment Variables:
JAVA_HOME=C:\jdk-11.0.2
CLASSPATH=C:\jdk-11.0.2\lib
PATH=C:\jdk-11.0.2\bin;C:\jdk-11.0.2;C:\Program Files\Eclipse Adoptium\jdk-8.0.382.5-hotspot\bin;C:\oraclexe\app\oracle\product\10.2.0\server\bin;C:\Program Files (x86)\Common Files\Oracle\Java\javapath;C:\Program Files (x86)\Intel\iCLS Client\;C:\Program Files\Intel\iCLS Client\;C:\windows\system32;C:\windows;C:\windows\System32\Wbem;C:\windows\System32\WindowsPowerShell\v1.0\;C:\Program Files (x86)\Intel\Intel(R) Management Engine Components\DAL;C:\Program Files\Intel\Intel(R) Management Engine Components\DAL;C:\Program Files (x86)\Intel\Intel(R) Management Engine Components\IPT;C:\Program Files\Intel\Intel(R) Management Engine Components\IPT;C:\Program Files\Intel\WiFi\bin\;C:\Program Files\Common Files\Intel\WirelessCommon\;C:\Program Files (x86)\NVIDIA Corporation\PhysX\Common;C:\Program Files (x86)\Skype\Phone\;C:\WINDOWS\system32;C:\WINDOWS;C:\WINDOWS\System32\Wbem;C:\WINDOWS\System32\WindowsPowerShell\v1.0\;C:\WINDOWS\System32\OpenSSH\;C:\Program Files\nodejs\;D:\openssl-0.9.8e_X64\bin;C:\ProgramData\chocolatey\bin;C:\ProgramData\chocolatey\lib\maven\apache-maven-3.9.4\bin;C:\Program Files\Git\cmd;C:\Program Files\MariaDB 10.11\bin;D:\Scripts\;D:\;C:\Users\LG\AppData\Local\Microsoft\WindowsApps;C:\Users\LG\AppData\Local\afreeca;C:\altera\13.1\modelsim_ase\win32aloem;D:\PyCharm Community Edition 2022.1.3\bin;;C:\Users\LG\AppData\Local\Programs\Microsoft VS Code\bin;C:\Users\LG\AppData\Roaming\npm;C:\Program Files\Java\jdk-1.8\bin;D:\IntelliJ IDEA Community Edition 2023.1.3\bin;;
USERNAME=LG
OS=Windows_NT
PROCESSOR_IDENTIFIER=Intel64 Family 6 Model 142 Stepping 10, GenuineIntel



---------------  S Y S T E M  ---------------

OS: Windows 11 , 64 bit Build 22000 (10.0.22000.2538)

CPU:total 8 (initial active 8) (4 cores per cpu, 2 threads per core) family 6 model 142 stepping 10 microcode 0xe0, cmov, cx8, fxsr, mmx, sse, sse2, sse3, ssse3, sse4.1, sse4.2, popcnt, avx, avx2, aes, clmul, erms, 3dnowpref, lzcnt, ht, tsc, tscinvbit, bmi1, bmi2, adx, fma

Memory: 4k page, system-wide physical 8101M (446M free)
TotalPageFile size 16293M (AvailPageFile size 19M)
current process WorkingSet (physical memory assigned to process): 195M, peak: 201M
current process commit charge ("private bytes"): 291M, peak: 299M

vm_info: Java HotSpot(TM) 64-Bit Server VM (11.0.20+9-LTS-256) for windows-amd64 JRE (11.0.20+9-LTS-256), built on Jun 14 2023 10:34:22 by "mach5one" with MS VC++ 17.1 (VS2022)

END.
