#
# There is insufficient memory for the Java Runtime Environment to continue.
# Native memory allocation (malloc) failed to allocate 1943216 bytes for Chunk::new
# Possible reasons:
#   The system is out of physical RAM or swap space
#   The process is running with CompressedOops enabled, and the Java Heap may be blocking the growth of the native heap
# Possible solutions:
#   Reduce memory load on the system
#   Increase physical memory or swap space
#   Check if swap backing store is full
#   Decrease Java heap size (-Xmx/-Xms)
#   Decrease number of Java threads
#   Decrease Java thread stack sizes (-Xss)
#   Set larger code cache with -XX:ReservedCodeCacheSize=
#   JVM is running with Unscaled Compressed Oops mode in which the Java heap is
#     placed in the first 4GB address space. The Java Heap base address is the
#     maximum limit for the native heap growth. Please use -XX:HeapBaseMinAddress
#     to set the Java Heap base and to place the Java Heap above 4GB virtual address.
# This output file may be truncated or incomplete.
#
#  Out of Memory Error (./open/src/hotspot/share/memory/arena.cpp:197), pid=23708, tid=22024
#
# JRE version: Java(TM) SE Runtime Environment 18.9 (11.0.20+9) (build 11.0.20+9-LTS-256)
# Java VM: Java HotSpot(TM) 64-Bit Server VM 18.9 (11.0.20+9-LTS-256, mixed mode, tiered, compressed oops, g1 gc, windows-amd64)
# No core dump will be written. Minidumps are not enabled by default on client versions of Windows
#

---------------  S U M M A R Y ------------

Command Line: -Dfile.encoding=x-windows-949 -Duser.country=KR -Duser.language=ko -Duser.variant com.example.Volunteer.VolunteerApplication

Host: Intel(R) Core(TM) i5-8250U CPU @ 1.60GHz, 8 cores, 7G,  Windows 11 , 64 bit Build 22000 (10.0.22000.2538)
Time: Sat Nov 18 21:52:56 2023  Windows 11 , 64 bit Build 22000 (10.0.22000.2538) elapsed time: 9.428485 seconds (0d 0h 0m 9s)

---------------  T H R E A D  ---------------

Current thread (0x000001b8844be000):  JavaThread "C2 CompilerThread1" daemon [_thread_in_native, id=22024, stack(0x00000065dc700000,0x00000065dc800000)]


Current CompileTask:
C2:   9428 4904   !   4       org.springframework.core.annotation.AnnotationsScanner::processClassHierarchy (227 bytes)

Stack: [0x00000065dc700000,0x00000065dc800000]
Native frames: (J=compiled Java code, j=interpreted, Vv=VM code, C=native code)
V  [jvm.dll+0x6602ba]
V  [jvm.dll+0x7a32af]
V  [jvm.dll+0x7a4979]
V  [jvm.dll+0x7a5013]
V  [jvm.dll+0x258ef5]
V  [jvm.dll+0xb2a0c]
V  [jvm.dll+0xb2fcc]
V  [jvm.dll+0x367691]
V  [jvm.dll+0x1a2992]
V  [jvm.dll+0x211d4d]
V  [jvm.dll+0x210bc8]
V  [jvm.dll+0x18cdb1]
V  [jvm.dll+0x220e59]
V  [jvm.dll+0x21f17c]
V  [jvm.dll+0x767061]
V  [jvm.dll+0x75f8e4]
V  [jvm.dll+0x65f165]
C  [ucrtbase.dll+0x26c0c]
C  [KERNEL32.DLL+0x153e0]
C  [ntdll.dll+0x485b]


---------------  P R O C E S S  ---------------

Threads class SMR info:
_java_thread_list=0x000001b88747d620, length=16, elements={
0x000001b8e51a1000, 0x000001b8ff1bd000, 0x000001b8ff1c6000, 0x000001b8ffadc000,
0x000001b8ffadf000, 0x000001b8ffae0000, 0x000001b8ffae3000, 0x000001b8ff1d9800,
0x000001b8ff1db000, 0x000001b8ffc5b000, 0x000001b8844be000, 0x000001b88711a800,
0x000001b88a128800, 0x000001b8873d0800, 0x000001b886bf4000, 0x000001b8851ce800
}

Java Threads: ( => current thread )
  0x000001b8e51a1000 JavaThread "main" [_thread_in_Java, id=34768, stack(0x00000065db600000,0x00000065db700000)]
  0x000001b8ff1bd000 JavaThread "Reference Handler" daemon [_thread_blocked, id=33816, stack(0x00000065dbd00000,0x00000065dbe00000)]
  0x000001b8ff1c6000 JavaThread "Finalizer" daemon [_thread_blocked, id=27744, stack(0x00000065dbe00000,0x00000065dbf00000)]
  0x000001b8ffadc000 JavaThread "Signal Dispatcher" daemon [_thread_blocked, id=2032, stack(0x00000065dbf00000,0x00000065dc000000)]
  0x000001b8ffadf000 JavaThread "Attach Listener" daemon [_thread_blocked, id=30236, stack(0x00000065dc000000,0x00000065dc100000)]
  0x000001b8ffae0000 JavaThread "Service Thread" daemon [_thread_blocked, id=9588, stack(0x00000065dc100000,0x00000065dc200000)]
  0x000001b8ffae3000 JavaThread "C2 CompilerThread0" daemon [_thread_in_native, id=33844, stack(0x00000065dc200000,0x00000065dc300000)]
  0x000001b8ff1d9800 JavaThread "C1 CompilerThread0" daemon [_thread_blocked, id=13652, stack(0x00000065dc300000,0x00000065dc400000)]
  0x000001b8ff1db000 JavaThread "Sweeper thread" daemon [_thread_blocked, id=34204, stack(0x00000065dc400000,0x00000065dc500000)]
  0x000001b8ffc5b000 JavaThread "Common-Cleaner" daemon [_thread_blocked, id=34520, stack(0x00000065dc600000,0x00000065dc700000)]
=>0x000001b8844be000 JavaThread "C2 CompilerThread1" daemon [_thread_in_native, id=22024, stack(0x00000065dc700000,0x00000065dc800000)]
  0x000001b88711a800 JavaThread "Catalina-utility-1" [_thread_blocked, id=30456, stack(0x00000065dc800000,0x00000065dc900000)]
  0x000001b88a128800 JavaThread "Catalina-utility-2" [_thread_blocked, id=33904, stack(0x00000065dcd00000,0x00000065dce00000)]
  0x000001b8873d0800 JavaThread "container-0" [_thread_blocked, id=34556, stack(0x00000065dce00000,0x00000065dcf00000)]
  0x000001b886bf4000 JavaThread "HikariPool-1 housekeeper" daemon [_thread_blocked, id=34548, stack(0x00000065dd000000,0x00000065dd100000)]
  0x000001b8851ce800 JavaThread "HikariPool-1 connection adder" daemon [_thread_blocked, id=34532, stack(0x00000065dd100000,0x00000065dd200000)]

Other Threads:
  0x000001b8ff198800 VMThread "VM Thread" [stack: 0x00000065dbc00000,0x00000065dbd00000] [id=23984]
  0x000001b8ffc5a800 WatcherThread [stack: 0x00000065dc500000,0x00000065dc600000] [id=24336]
  0x000001b8e51b6000 GCTaskThread "GC Thread#0" [stack: 0x00000065db700000,0x00000065db800000] [id=33832]
  0x000001b884cd9800 GCTaskThread "GC Thread#1" [stack: 0x00000065dc900000,0x00000065dca00000] [id=21092]
  0x000001b884bfa000 GCTaskThread "GC Thread#2" [stack: 0x00000065dca00000,0x00000065dcb00000] [id=34564]
  0x000001b8850f3000 GCTaskThread "GC Thread#3" [stack: 0x00000065dcb00000,0x00000065dcc00000] [id=30340]
  0x000001b889736800 GCTaskThread "GC Thread#4" [stack: 0x00000065dd200000,0x00000065dd300000] [id=34540]
  0x000001b889646800 GCTaskThread "GC Thread#5" [stack: 0x00000065dd300000,0x00000065dd400000] [id=34536]
  0x000001b883fcb000 GCTaskThread "GC Thread#6" [stack: 0x00000065dd400000,0x00000065dd500000] [id=19700]
  0x000001b884494800 GCTaskThread "GC Thread#7" [stack: 0x00000065dd500000,0x00000065dd600000] [id=9448]
  0x000001b8e51e9800 ConcurrentGCThread "G1 Main Marker" [stack: 0x00000065db800000,0x00000065db900000] [id=34728]
  0x000001b8e51eb000 ConcurrentGCThread "G1 Conc#0" [stack: 0x00000065db900000,0x00000065dba00000] [id=24636]
  0x000001b88503d800 ConcurrentGCThread "G1 Conc#1" [stack: 0x00000065dcc00000,0x00000065dcd00000] [id=26444]
  0x000001b8e526e800 ConcurrentGCThread "G1 Refine#0" [stack: 0x00000065dba00000,0x00000065dbb00000] [id=2948]
  0x000001b8ff000800 ConcurrentGCThread "G1 Young RemSet Sampling" [stack: 0x00000065dbb00000,0x00000065dbc00000] [id=4896]

Threads with active compile tasks:
C2 CompilerThread0     9451 5209 %     4       org.springframework.boot.context.properties.source.ConfigurationPropertyName$ElementsParser::parse @ 23 (234 bytes)
C2 CompilerThread1     9451 4904   !   4       org.springframework.core.annotation.AnnotationsScanner::processClassHierarchy (227 bytes)

VM state:not at safepoint (normal execution)

VM Mutex/Monitor currently owned by a thread:  ([mutex/lock_event])
[0x000001b8e519b630] CodeCache_lock - owner thread: 0x0000000000000000

Heap address: 0x0000000081600000, size: 2026 MB, Compressed Oops mode: 32-bit
Narrow klass base: 0x0000000000000000, Narrow klass shift: 3
Compressed class space size: 1073741824 Address: 0x0000000100000000

Heap:
 garbage-first heap   total 157696K, used 81740K [0x0000000081600000, 0x0000000100000000)
  region size 1024K, 68 young (69632K), 9 survivors (9216K)
 Metaspace       used 63787K, capacity 65486K, committed 65612K, reserved 1105920K
  class space    used 8246K, capacity 8921K, committed 9036K, reserved 1048576K
Heap Regions: E=young(eden), S=young(survivor), O=old, HS=humongous(starts), HC=humongous(continues), CS=collection set, F=free, A=archive, TAMS=top-at-mark-start (previous, next)
|   0|0x0000000081600000, 0x0000000081700000, 0x0000000081700000|100%|HS|  |TAMS 0x0000000081700000, 0x0000000081600000| Complete 
|   1|0x0000000081700000, 0x0000000081800000, 0x0000000081800000|100%| O|  |TAMS 0x0000000081800000, 0x0000000081700000| Untracked 
|   2|0x0000000081800000, 0x0000000081900000, 0x0000000081900000|100%| O|  |TAMS 0x0000000081900000, 0x0000000081800000| Untracked 
|   3|0x0000000081900000, 0x0000000081a00000, 0x0000000081a00000|100%| O|  |TAMS 0x0000000081a00000, 0x0000000081900000| Untracked 
|   4|0x0000000081a00000, 0x0000000081b00000, 0x0000000081b00000|100%| O|  |TAMS 0x0000000081b00000, 0x0000000081a00000| Untracked 
|   5|0x0000000081b00000, 0x0000000081c00000, 0x0000000081c00000|100%| O|  |TAMS 0x0000000081c00000, 0x0000000081b00000| Untracked 
|   6|0x0000000081c00000, 0x0000000081d00000, 0x0000000081d00000|100%| O|  |TAMS 0x0000000081d00000, 0x0000000081c00000| Untracked 
|   7|0x0000000081d00000, 0x0000000081e00000, 0x0000000081e00000|100%| O|  |TAMS 0x0000000081e00000, 0x0000000081d00000| Untracked 
|   8|0x0000000081e00000, 0x0000000081f00000, 0x0000000081f00000|100%| O|  |TAMS 0x0000000081f00000, 0x0000000081e00000| Untracked 
|   9|0x0000000081f00000, 0x0000000082000000, 0x0000000082000000|100%| O|  |TAMS 0x0000000082000000, 0x0000000081f00000| Untracked 
|  10|0x0000000082000000, 0x0000000082100000, 0x0000000082100000|100%| O|  |TAMS 0x0000000082100000, 0x0000000082000000| Untracked 
|  11|0x0000000082100000, 0x0000000082200000, 0x0000000082200000|100%| O|  |TAMS 0x0000000082200000, 0x0000000082100000| Untracked 
|  12|0x0000000082200000, 0x00000000822f2c00, 0x0000000082300000| 94%| O|  |TAMS 0x00000000822f2c00, 0x0000000082200000| Untracked 
|  13|0x0000000082300000, 0x0000000082300000, 0x0000000082400000|  0%| F|  |TAMS 0x0000000082300000, 0x0000000082300000| Untracked 
|  14|0x0000000082400000, 0x0000000082400000, 0x0000000082500000|  0%| F|  |TAMS 0x0000000082400000, 0x0000000082400000| Untracked 
|  15|0x0000000082500000, 0x0000000082500000, 0x0000000082600000|  0%| F|  |TAMS 0x0000000082500000, 0x0000000082500000| Untracked 
|  16|0x0000000082600000, 0x0000000082600000, 0x0000000082700000|  0%| F|  |TAMS 0x0000000082600000, 0x0000000082600000| Untracked 
|  17|0x0000000082700000, 0x0000000082700000, 0x0000000082800000|  0%| F|  |TAMS 0x0000000082700000, 0x0000000082700000| Untracked 
|  18|0x0000000082800000, 0x0000000082800000, 0x0000000082900000|  0%| F|  |TAMS 0x0000000082800000, 0x0000000082800000| Untracked 
|  19|0x0000000082900000, 0x0000000082900000, 0x0000000082a00000|  0%| F|  |TAMS 0x0000000082900000, 0x0000000082900000| Untracked 
|  20|0x0000000082a00000, 0x0000000082a00000, 0x0000000082b00000|  0%| F|  |TAMS 0x0000000082a00000, 0x0000000082a00000| Untracked 
|  21|0x0000000082b00000, 0x0000000082b00000, 0x0000000082c00000|  0%| F|  |TAMS 0x0000000082b00000, 0x0000000082b00000| Untracked 
|  22|0x0000000082c00000, 0x0000000082c00000, 0x0000000082d00000|  0%| F|  |TAMS 0x0000000082c00000, 0x0000000082c00000| Untracked 
|  23|0x0000000082d00000, 0x0000000082d00000, 0x0000000082e00000|  0%| F|  |TAMS 0x0000000082d00000, 0x0000000082d00000| Untracked 
|  24|0x0000000082e00000, 0x0000000082e00000, 0x0000000082f00000|  0%| F|  |TAMS 0x0000000082e00000, 0x0000000082e00000| Untracked 
|  25|0x0000000082f00000, 0x0000000082f00000, 0x0000000083000000|  0%| F|  |TAMS 0x0000000082f00000, 0x0000000082f00000| Untracked 
|  26|0x0000000083000000, 0x0000000083000000, 0x0000000083100000|  0%| F|  |TAMS 0x0000000083000000, 0x0000000083000000| Untracked 
|  27|0x0000000083100000, 0x0000000083100000, 0x0000000083200000|  0%| F|  |TAMS 0x0000000083100000, 0x0000000083100000| Untracked 
|  28|0x0000000083200000, 0x0000000083200000, 0x0000000083300000|  0%| F|  |TAMS 0x0000000083200000, 0x0000000083200000| Untracked 
|  29|0x0000000083300000, 0x0000000083300000, 0x0000000083400000|  0%| F|  |TAMS 0x0000000083300000, 0x0000000083300000| Untracked 
|  30|0x0000000083400000, 0x0000000083400000, 0x0000000083500000|  0%| F|  |TAMS 0x0000000083400000, 0x0000000083400000| Untracked 
|  31|0x0000000083500000, 0x0000000083500000, 0x0000000083600000|  0%| F|  |TAMS 0x0000000083500000, 0x0000000083500000| Untracked 
|  32|0x0000000083600000, 0x0000000083600000, 0x0000000083700000|  0%| F|  |TAMS 0x0000000083600000, 0x0000000083600000| Untracked 
|  33|0x0000000083700000, 0x0000000083700000, 0x0000000083800000|  0%| F|  |TAMS 0x0000000083700000, 0x0000000083700000| Untracked 
|  34|0x0000000083800000, 0x0000000083800000, 0x0000000083900000|  0%| F|  |TAMS 0x0000000083800000, 0x0000000083800000| Untracked 
|  35|0x0000000083900000, 0x0000000083900000, 0x0000000083a00000|  0%| F|  |TAMS 0x0000000083900000, 0x0000000083900000| Untracked 
|  36|0x0000000083a00000, 0x0000000083a00000, 0x0000000083b00000|  0%| F|  |TAMS 0x0000000083a00000, 0x0000000083a00000| Untracked 
|  37|0x0000000083b00000, 0x0000000083b00000, 0x0000000083c00000|  0%| F|  |TAMS 0x0000000083b00000, 0x0000000083b00000| Untracked 
|  38|0x0000000083c00000, 0x0000000083c00000, 0x0000000083d00000|  0%| F|  |TAMS 0x0000000083c00000, 0x0000000083c00000| Untracked 
|  39|0x0000000083d00000, 0x0000000083d00000, 0x0000000083e00000|  0%| F|  |TAMS 0x0000000083d00000, 0x0000000083d00000| Untracked 
|  40|0x0000000083e00000, 0x0000000083e00000, 0x0000000083f00000|  0%| F|  |TAMS 0x0000000083e00000, 0x0000000083e00000| Untracked 
|  41|0x0000000083f00000, 0x0000000083f00000, 0x0000000084000000|  0%| F|  |TAMS 0x0000000083f00000, 0x0000000083f00000| Untracked 
|  42|0x0000000084000000, 0x0000000084000000, 0x0000000084100000|  0%| F|  |TAMS 0x0000000084000000, 0x0000000084000000| Untracked 
|  43|0x0000000084100000, 0x0000000084100000, 0x0000000084200000|  0%| F|  |TAMS 0x0000000084100000, 0x0000000084100000| Untracked 
|  44|0x0000000084200000, 0x0000000084200000, 0x0000000084300000|  0%| F|  |TAMS 0x0000000084200000, 0x0000000084200000| Untracked 
|  45|0x0000000084300000, 0x0000000084300000, 0x0000000084400000|  0%| F|  |TAMS 0x0000000084300000, 0x0000000084300000| Untracked 
|  46|0x0000000084400000, 0x0000000084400000, 0x0000000084500000|  0%| F|  |TAMS 0x0000000084400000, 0x0000000084400000| Untracked 
|  47|0x0000000084500000, 0x0000000084500000, 0x0000000084600000|  0%| F|  |TAMS 0x0000000084500000, 0x0000000084500000| Untracked 
|  48|0x0000000084600000, 0x0000000084600000, 0x0000000084700000|  0%| F|  |TAMS 0x0000000084600000, 0x0000000084600000| Untracked 
|  49|0x0000000084700000, 0x0000000084700000, 0x0000000084800000|  0%| F|  |TAMS 0x0000000084700000, 0x0000000084700000| Untracked 
|  50|0x0000000084800000, 0x0000000084800000, 0x0000000084900000|  0%| F|  |TAMS 0x0000000084800000, 0x0000000084800000| Untracked 
|  51|0x0000000084900000, 0x0000000084900000, 0x0000000084a00000|  0%| F|  |TAMS 0x0000000084900000, 0x0000000084900000| Untracked 
|  52|0x0000000084a00000, 0x0000000084a00000, 0x0000000084b00000|  0%| F|  |TAMS 0x0000000084a00000, 0x0000000084a00000| Untracked 
|  53|0x0000000084b00000, 0x0000000084b00000, 0x0000000084c00000|  0%| F|  |TAMS 0x0000000084b00000, 0x0000000084b00000| Untracked 
|  54|0x0000000084c00000, 0x0000000084c00000, 0x0000000084d00000|  0%| F|  |TAMS 0x0000000084c00000, 0x0000000084c00000| Untracked 
|  55|0x0000000084d00000, 0x0000000084d00000, 0x0000000084e00000|  0%| F|  |TAMS 0x0000000084d00000, 0x0000000084d00000| Untracked 
|  56|0x0000000084e00000, 0x0000000084e00000, 0x0000000084f00000|  0%| F|  |TAMS 0x0000000084e00000, 0x0000000084e00000| Untracked 
|  57|0x0000000084f00000, 0x0000000084f00000, 0x0000000085000000|  0%| F|  |TAMS 0x0000000084f00000, 0x0000000084f00000| Untracked 
|  58|0x0000000085000000, 0x00000000850e07b8, 0x0000000085100000| 87%| S|CS|TAMS 0x0000000085000000, 0x0000000085000000| Complete 
|  59|0x0000000085100000, 0x0000000085200000, 0x0000000085200000|100%| S|CS|TAMS 0x0000000085100000, 0x0000000085100000| Complete 
|  60|0x0000000085200000, 0x0000000085200000, 0x0000000085300000|  0%| F|  |TAMS 0x0000000085200000, 0x0000000085200000| Untracked 
|  61|0x0000000085300000, 0x0000000085300000, 0x0000000085400000|  0%| F|  |TAMS 0x0000000085300000, 0x0000000085300000| Untracked 
|  62|0x0000000085400000, 0x0000000085400000, 0x0000000085500000|  0%| F|  |TAMS 0x0000000085400000, 0x0000000085400000| Untracked 
|  63|0x0000000085500000, 0x0000000085500000, 0x0000000085600000|  0%| F|  |TAMS 0x0000000085500000, 0x0000000085500000| Untracked 
|  64|0x0000000085600000, 0x0000000085600000, 0x0000000085700000|  0%| F|  |TAMS 0x0000000085600000, 0x0000000085600000| Untracked 
|  65|0x0000000085700000, 0x0000000085700000, 0x0000000085800000|  0%| F|  |TAMS 0x0000000085700000, 0x0000000085700000| Untracked 
|  66|0x0000000085800000, 0x0000000085800000, 0x0000000085900000|  0%| F|  |TAMS 0x0000000085800000, 0x0000000085800000| Untracked 
|  67|0x0000000085900000, 0x0000000085900000, 0x0000000085a00000|  0%| F|  |TAMS 0x0000000085900000, 0x0000000085900000| Untracked 
|  68|0x0000000085a00000, 0x0000000085a00000, 0x0000000085b00000|  0%| F|  |TAMS 0x0000000085a00000, 0x0000000085a00000| Untracked 
|  69|0x0000000085b00000, 0x0000000085c00000, 0x0000000085c00000|100%| S|CS|TAMS 0x0000000085b00000, 0x0000000085b00000| Complete 
|  70|0x0000000085c00000, 0x0000000085d00000, 0x0000000085d00000|100%| S|CS|TAMS 0x0000000085c00000, 0x0000000085c00000| Complete 
|  71|0x0000000085d00000, 0x0000000085e00000, 0x0000000085e00000|100%| S|CS|TAMS 0x0000000085d00000, 0x0000000085d00000| Complete 
|  72|0x0000000085e00000, 0x0000000085f00000, 0x0000000085f00000|100%| S|CS|TAMS 0x0000000085e00000, 0x0000000085e00000| Complete 
|  73|0x0000000085f00000, 0x0000000086000000, 0x0000000086000000|100%| S|CS|TAMS 0x0000000085f00000, 0x0000000085f00000| Complete 
|  74|0x0000000086000000, 0x0000000086100000, 0x0000000086100000|100%| S|CS|TAMS 0x0000000086000000, 0x0000000086000000| Complete 
|  75|0x0000000086100000, 0x0000000086200000, 0x0000000086200000|100%| S|CS|TAMS 0x0000000086100000, 0x0000000086100000| Complete 
|  76|0x0000000086200000, 0x0000000086200000, 0x0000000086300000|  0%| F|  |TAMS 0x0000000086200000, 0x0000000086200000| Untracked 
|  77|0x0000000086300000, 0x0000000086300000, 0x0000000086400000|  0%| F|  |TAMS 0x0000000086300000, 0x0000000086300000| Untracked 
|  78|0x0000000086400000, 0x0000000086400000, 0x0000000086500000|  0%| F|  |TAMS 0x0000000086400000, 0x0000000086400000| Untracked 
|  79|0x0000000086500000, 0x0000000086500000, 0x0000000086600000|  0%| F|  |TAMS 0x0000000086500000, 0x0000000086500000| Untracked 
|  80|0x0000000086600000, 0x0000000086600000, 0x0000000086700000|  0%| F|  |TAMS 0x0000000086600000, 0x0000000086600000| Untracked 
|  81|0x0000000086700000, 0x0000000086700000, 0x0000000086800000|  0%| F|  |TAMS 0x0000000086700000, 0x0000000086700000| Untracked 
|  82|0x0000000086800000, 0x0000000086800000, 0x0000000086900000|  0%| F|  |TAMS 0x0000000086800000, 0x0000000086800000| Untracked 
|  83|0x0000000086900000, 0x0000000086900000, 0x0000000086a00000|  0%| F|  |TAMS 0x0000000086900000, 0x0000000086900000| Untracked 
|  84|0x0000000086a00000, 0x0000000086a00000, 0x0000000086b00000|  0%| F|  |TAMS 0x0000000086a00000, 0x0000000086a00000| Untracked 
|  85|0x0000000086b00000, 0x0000000086b00000, 0x0000000086c00000|  0%| F|  |TAMS 0x0000000086b00000, 0x0000000086b00000| Untracked 
|  86|0x0000000086c00000, 0x0000000086c00000, 0x0000000086d00000|  0%| F|  |TAMS 0x0000000086c00000, 0x0000000086c00000| Untracked 
|  87|0x0000000086d00000, 0x0000000086d00000, 0x0000000086e00000|  0%| F|  |TAMS 0x0000000086d00000, 0x0000000086d00000| Untracked 
|  88|0x0000000086e00000, 0x0000000086e00000, 0x0000000086f00000|  0%| F|  |TAMS 0x0000000086e00000, 0x0000000086e00000| Untracked 
|  89|0x0000000086f00000, 0x0000000086f00000, 0x0000000087000000|  0%| F|  |TAMS 0x0000000086f00000, 0x0000000086f00000| Untracked 
|  90|0x0000000087000000, 0x0000000087000000, 0x0000000087100000|  0%| F|  |TAMS 0x0000000087000000, 0x0000000087000000| Untracked 
|  91|0x0000000087100000, 0x0000000087100000, 0x0000000087200000|  0%| F|  |TAMS 0x0000000087100000, 0x0000000087100000| Untracked 
|  92|0x0000000087200000, 0x0000000087200000, 0x0000000087300000|  0%| F|  |TAMS 0x0000000087200000, 0x0000000087200000| Untracked 
|  93|0x0000000087300000, 0x0000000087300000, 0x0000000087400000|  0%| F|  |TAMS 0x0000000087300000, 0x0000000087300000| Untracked 
|  94|0x0000000087400000, 0x0000000087400000, 0x0000000087500000|  0%| F|  |TAMS 0x0000000087400000, 0x0000000087400000| Untracked 
|  95|0x0000000087500000, 0x0000000087600000, 0x0000000087600000|100%| E|  |TAMS 0x0000000087500000, 0x0000000087500000| Complete 
|  96|0x0000000087600000, 0x0000000087700000, 0x0000000087700000|100%| E|CS|TAMS 0x0000000087600000, 0x0000000087600000| Complete 
|  97|0x0000000087700000, 0x0000000087800000, 0x0000000087800000|100%| E|CS|TAMS 0x0000000087700000, 0x0000000087700000| Complete 
|  98|0x0000000087800000, 0x0000000087900000, 0x0000000087900000|100%| E|CS|TAMS 0x0000000087800000, 0x0000000087800000| Complete 
|  99|0x0000000087900000, 0x0000000087a00000, 0x0000000087a00000|100%| E|CS|TAMS 0x0000000087900000, 0x0000000087900000| Complete 
| 100|0x0000000087a00000, 0x0000000087b00000, 0x0000000087b00000|100%| E|CS|TAMS 0x0000000087a00000, 0x0000000087a00000| Complete 
| 101|0x0000000087b00000, 0x0000000087c00000, 0x0000000087c00000|100%| E|CS|TAMS 0x0000000087b00000, 0x0000000087b00000| Complete 
| 102|0x0000000087c00000, 0x0000000087d00000, 0x0000000087d00000|100%| E|CS|TAMS 0x0000000087c00000, 0x0000000087c00000| Complete 
| 103|0x0000000087d00000, 0x0000000087e00000, 0x0000000087e00000|100%| E|CS|TAMS 0x0000000087d00000, 0x0000000087d00000| Complete 
| 104|0x0000000087e00000, 0x0000000087f00000, 0x0000000087f00000|100%| E|CS|TAMS 0x0000000087e00000, 0x0000000087e00000| Complete 
| 105|0x0000000087f00000, 0x0000000088000000, 0x0000000088000000|100%| E|CS|TAMS 0x0000000087f00000, 0x0000000087f00000| Complete 
| 106|0x0000000088000000, 0x0000000088100000, 0x0000000088100000|100%| E|CS|TAMS 0x0000000088000000, 0x0000000088000000| Complete 
| 107|0x0000000088100000, 0x0000000088200000, 0x0000000088200000|100%| E|CS|TAMS 0x0000000088100000, 0x0000000088100000| Complete 
| 108|0x0000000088200000, 0x0000000088300000, 0x0000000088300000|100%| E|CS|TAMS 0x0000000088200000, 0x0000000088200000| Complete 
| 109|0x0000000088300000, 0x0000000088400000, 0x0000000088400000|100%| E|CS|TAMS 0x0000000088300000, 0x0000000088300000| Complete 
| 110|0x0000000088400000, 0x0000000088500000, 0x0000000088500000|100%| E|CS|TAMS 0x0000000088400000, 0x0000000088400000| Complete 
| 111|0x0000000088500000, 0x0000000088600000, 0x0000000088600000|100%| E|CS|TAMS 0x0000000088500000, 0x0000000088500000| Complete 
| 112|0x0000000088600000, 0x0000000088700000, 0x0000000088700000|100%| E|CS|TAMS 0x0000000088600000, 0x0000000088600000| Complete 
| 113|0x0000000088700000, 0x0000000088800000, 0x0000000088800000|100%| E|CS|TAMS 0x0000000088700000, 0x0000000088700000| Complete 
| 114|0x0000000088800000, 0x0000000088900000, 0x0000000088900000|100%| E|CS|TAMS 0x0000000088800000, 0x0000000088800000| Complete 
| 115|0x0000000088900000, 0x0000000088a00000, 0x0000000088a00000|100%| E|CS|TAMS 0x0000000088900000, 0x0000000088900000| Complete 
| 116|0x0000000088a00000, 0x0000000088b00000, 0x0000000088b00000|100%| E|CS|TAMS 0x0000000088a00000, 0x0000000088a00000| Complete 
| 117|0x0000000088b00000, 0x0000000088c00000, 0x0000000088c00000|100%| E|CS|TAMS 0x0000000088b00000, 0x0000000088b00000| Complete 
| 118|0x0000000088c00000, 0x0000000088d00000, 0x0000000088d00000|100%| E|CS|TAMS 0x0000000088c00000, 0x0000000088c00000| Complete 
| 119|0x0000000088d00000, 0x0000000088e00000, 0x0000000088e00000|100%| E|CS|TAMS 0x0000000088d00000, 0x0000000088d00000| Complete 
| 120|0x0000000088e00000, 0x0000000088f00000, 0x0000000088f00000|100%| E|CS|TAMS 0x0000000088e00000, 0x0000000088e00000| Complete 
| 121|0x0000000088f00000, 0x0000000089000000, 0x0000000089000000|100%| E|CS|TAMS 0x0000000088f00000, 0x0000000088f00000| Complete 
| 122|0x0000000089000000, 0x0000000089100000, 0x0000000089100000|100%| E|CS|TAMS 0x0000000089000000, 0x0000000089000000| Complete 
| 123|0x0000000089100000, 0x0000000089200000, 0x0000000089200000|100%| E|CS|TAMS 0x0000000089100000, 0x0000000089100000| Complete 
| 124|0x0000000089200000, 0x0000000089300000, 0x0000000089300000|100%| E|CS|TAMS 0x0000000089200000, 0x0000000089200000| Complete 
| 125|0x0000000089300000, 0x0000000089400000, 0x0000000089400000|100%| E|CS|TAMS 0x0000000089300000, 0x0000000089300000| Complete 
| 126|0x0000000089400000, 0x0000000089500000, 0x0000000089500000|100%| E|CS|TAMS 0x0000000089400000, 0x0000000089400000| Complete 
| 127|0x0000000089500000, 0x0000000089600000, 0x0000000089600000|100%| E|CS|TAMS 0x0000000089500000, 0x0000000089500000| Complete 
| 128|0x0000000089600000, 0x0000000089700000, 0x0000000089700000|100%| E|CS|TAMS 0x0000000089600000, 0x0000000089600000| Complete 
| 129|0x0000000089700000, 0x0000000089800000, 0x0000000089800000|100%| E|CS|TAMS 0x0000000089700000, 0x0000000089700000| Complete 
| 130|0x0000000089800000, 0x0000000089900000, 0x0000000089900000|100%| E|CS|TAMS 0x0000000089800000, 0x0000000089800000| Complete 
| 131|0x0000000089900000, 0x0000000089a00000, 0x0000000089a00000|100%| E|CS|TAMS 0x0000000089900000, 0x0000000089900000| Complete 
| 132|0x0000000089a00000, 0x0000000089b00000, 0x0000000089b00000|100%| E|CS|TAMS 0x0000000089a00000, 0x0000000089a00000| Complete 
| 133|0x0000000089b00000, 0x0000000089c00000, 0x0000000089c00000|100%| E|CS|TAMS 0x0000000089b00000, 0x0000000089b00000| Complete 
| 134|0x0000000089c00000, 0x0000000089d00000, 0x0000000089d00000|100%| E|CS|TAMS 0x0000000089c00000, 0x0000000089c00000| Complete 
| 135|0x0000000089d00000, 0x0000000089e00000, 0x0000000089e00000|100%| E|CS|TAMS 0x0000000089d00000, 0x0000000089d00000| Complete 
| 136|0x0000000089e00000, 0x0000000089f00000, 0x0000000089f00000|100%| E|CS|TAMS 0x0000000089e00000, 0x0000000089e00000| Complete 
| 137|0x0000000089f00000, 0x000000008a000000, 0x000000008a000000|100%| E|CS|TAMS 0x0000000089f00000, 0x0000000089f00000| Complete 
| 138|0x000000008a000000, 0x000000008a100000, 0x000000008a100000|100%| E|CS|TAMS 0x000000008a000000, 0x000000008a000000| Complete 
| 139|0x000000008a100000, 0x000000008a200000, 0x000000008a200000|100%| E|CS|TAMS 0x000000008a100000, 0x000000008a100000| Complete 
| 140|0x000000008a200000, 0x000000008a300000, 0x000000008a300000|100%| E|CS|TAMS 0x000000008a200000, 0x000000008a200000| Complete 
| 141|0x000000008a300000, 0x000000008a400000, 0x000000008a400000|100%| E|CS|TAMS 0x000000008a300000, 0x000000008a300000| Complete 
| 142|0x000000008a400000, 0x000000008a500000, 0x000000008a500000|100%| E|CS|TAMS 0x000000008a400000, 0x000000008a400000| Complete 
| 143|0x000000008a500000, 0x000000008a600000, 0x000000008a600000|100%| E|CS|TAMS 0x000000008a500000, 0x000000008a500000| Complete 
| 144|0x000000008a600000, 0x000000008a700000, 0x000000008a700000|100%| E|CS|TAMS 0x000000008a600000, 0x000000008a600000| Complete 
| 145|0x000000008a700000, 0x000000008a800000, 0x000000008a800000|100%| E|CS|TAMS 0x000000008a700000, 0x000000008a700000| Complete 
| 146|0x000000008a800000, 0x000000008a900000, 0x000000008a900000|100%| E|CS|TAMS 0x000000008a800000, 0x000000008a800000| Complete 
| 147|0x000000008a900000, 0x000000008aa00000, 0x000000008aa00000|100%| E|CS|TAMS 0x000000008a900000, 0x000000008a900000| Complete 
| 148|0x000000008aa00000, 0x000000008ab00000, 0x000000008ab00000|100%| E|CS|TAMS 0x000000008aa00000, 0x000000008aa00000| Complete 
| 149|0x000000008ab00000, 0x000000008ac00000, 0x000000008ac00000|100%| E|CS|TAMS 0x000000008ab00000, 0x000000008ab00000| Complete 
| 150|0x000000008ac00000, 0x000000008ad00000, 0x000000008ad00000|100%| E|CS|TAMS 0x000000008ac00000, 0x000000008ac00000| Complete 
| 151|0x000000008ad00000, 0x000000008ae00000, 0x000000008ae00000|100%| E|CS|TAMS 0x000000008ad00000, 0x000000008ad00000| Complete 
| 152|0x000000008ae00000, 0x000000008af00000, 0x000000008af00000|100%| E|CS|TAMS 0x000000008ae00000, 0x000000008ae00000| Complete 
| 153|0x000000008af00000, 0x000000008b000000, 0x000000008b000000|100%| E|CS|TAMS 0x000000008af00000, 0x000000008af00000| Complete 

Card table byte_map: [0x000001b8fbfb0000,0x000001b8fc3b0000] _byte_map_base: 0x000001b8fbba5000

Marking Bits (Prev, Next): (CMBitMap*) 0x000001b8e51e0d30, (CMBitMap*) 0x000001b8e51e0cf8
 Prev Bits: [0x000001b880000000, 0x000001b881fa8000)
 Next Bits: [0x000001b8fc7b0000, 0x000001b8fe758000)

Polling page: 0x000001b8e3170000

Metaspace:

Usage:
  Non-class:     55.24 MB capacity,    54.25 MB ( 98%) used,   808.80 KB (  1%) free+waste,   205.56 KB ( <1%) overhead. 
      Class:      8.71 MB capacity,     8.05 MB ( 92%) used,   573.82 KB (  6%) free+waste,   100.88 KB (  1%) overhead. 
       Both:     63.96 MB capacity,    62.31 MB ( 97%) used,     1.35 MB (  2%) free+waste,   306.44 KB ( <1%) overhead. 

Virtual space:
  Non-class space:       56.00 MB reserved,      55.25 MB ( 99%) committed 
      Class space:        1.00 GB reserved,       8.82 MB ( <1%) committed 
             Both:        1.05 GB reserved,      64.07 MB (  6%) committed 

Chunk freelists:
   Non-Class:  896 bytes
       Class:  640 bytes
        Both:  1.50 KB

CodeHeap 'non-profiled nmethods': size=120000Kb used=2992Kb max_used=2992Kb free=117007Kb
 bounds [0x000001b8f4350000, 0x000001b8f4640000, 0x000001b8fb880000]
CodeHeap 'profiled nmethods': size=120000Kb used=11198Kb max_used=11198Kb free=108801Kb
 bounds [0x000001b8ece20000, 0x000001b8ed910000, 0x000001b8f4350000]
CodeHeap 'non-nmethods': size=5760Kb used=1229Kb max_used=1285Kb free=4531Kb
 bounds [0x000001b8ec880000, 0x000001b8ecaf0000, 0x000001b8ece20000]
 total_blobs=5774 nmethods=5176 adapters=509
 compilation: enabled
              stopped_count=0, restarted_count=0
 full_count=0

Compilation events (10 events):
Event: 9.385 Thread 0x000001b8ff1d9800 5267       2       java.util.regex.Pattern::expr (142 bytes)
Event: 9.387 Thread 0x000001b8ff1d9800 nmethod 5267 0x000001b8ed905610 code [0x000001b8ed905820, 0x000001b8ed905f28]
Event: 9.400 Thread 0x000001b8ff1d9800 5268       2       sun.reflect.generics.parser.SignatureParser::parseIdentifier (13 bytes)
Event: 9.400 Thread 0x000001b8ff1d9800 nmethod 5268 0x000001b8ed906290 code [0x000001b8ed906440, 0x000001b8ed906598]
Event: 9.400 Thread 0x000001b8ff1d9800 5269       2       org.springframework.core.ResolvableType::forType (115 bytes)
Event: 9.401 Thread 0x000001b8ff1d9800 nmethod 5269 0x000001b8ed906690 code [0x000001b8ed9068a0, 0x000001b8ed906e28]
Event: 9.401 Thread 0x000001b8ff1d9800 5270       1       sun.reflect.generics.tree.MethodTypeSignature::getParameterTypes (5 bytes)
Event: 9.402 Thread 0x000001b8ff1d9800 nmethod 5270 0x000001b8f463b890 code [0x000001b8f463ba20, 0x000001b8f463bad8]
Event: 9.402 Thread 0x000001b8ff1d9800 5271       2       org.springframework.core.MethodParameter::getGenericParameterType (147 bytes)
Event: 9.404 Thread 0x000001b8ff1d9800 nmethod 5271 0x000001b8ed907110 code [0x000001b8ed907380, 0x000001b8ed907cb8]

GC Heap History (10 events):
Event: 1.846 GC heap before
{Heap before GC invocations=3 (full 0):
 garbage-first heap   total 131072K, used 48108K [0x0000000081600000, 0x0000000100000000)
  region size 1024K, 44 young (45056K), 6 survivors (6144K)
 Metaspace       used 25189K, capacity 25867K, committed 25984K, reserved 1073152K
  class space    used 2849K, capacity 3119K, committed 3200K, reserved 1048576K
}
Event: 1.856 GC heap after
{Heap after GC invocations=4 (full 0):
 garbage-first heap   total 131072K, used 11072K [0x0000000081600000, 0x0000000100000000)
  region size 1024K, 5 young (5120K), 5 survivors (5120K)
 Metaspace       used 25189K, capacity 25867K, committed 25984K, reserved 1073152K
  class space    used 2849K, capacity 3119K, committed 3200K, reserved 1048576K
}
Event: 3.169 GC heap before
{Heap before GC invocations=4 (full 0):
 garbage-first heap   total 131072K, used 67392K [0x0000000081600000, 0x0000000100000000)
  region size 1024K, 60 young (61440K), 5 survivors (5120K)
 Metaspace       used 31052K, capacity 31885K, committed 32128K, reserved 1077248K
  class space    used 3612K, capacity 3918K, committed 3968K, reserved 1048576K
}
Event: 3.180 GC heap after
{Heap after GC invocations=5 (full 0):
 garbage-first heap   total 131072K, used 13938K [0x0000000081600000, 0x0000000100000000)
  region size 1024K, 5 young (5120K), 5 survivors (5120K)
 Metaspace       used 31052K, capacity 31885K, committed 32128K, reserved 1077248K
  class space    used 3612K, capacity 3918K, committed 3968K, reserved 1048576K
}
Event: 4.783 GC heap before
{Heap before GC invocations=5 (full 0):
 garbage-first heap   total 131072K, used 38514K [0x0000000081600000, 0x0000000100000000)
  region size 1024K, 30 young (30720K), 5 survivors (5120K)
 Metaspace       used 34792K, capacity 35728K, committed 35840K, reserved 1081344K
  class space    used 4094K, capacity 4503K, committed 4608K, reserved 1048576K
}
Event: 4.793 GC heap after
{Heap after GC invocations=6 (full 0):
 garbage-first heap   total 157696K, used 15481K [0x0000000081600000, 0x0000000100000000)
  region size 1024K, 7 young (7168K), 7 survivors (7168K)
 Metaspace       used 34792K, capacity 35728K, committed 35840K, reserved 1081344K
  class space    used 4094K, capacity 4503K, committed 4608K, reserved 1048576K
}
Event: 6.566 GC heap before
{Heap before GC invocations=7 (full 0):
 garbage-first heap   total 157696K, used 95353K [0x0000000081600000, 0x0000000100000000)
  region size 1024K, 85 young (87040K), 7 survivors (7168K)
 Metaspace       used 47376K, capacity 48615K, committed 48768K, reserved 1091584K
  class space    used 5960K, capacity 6472K, committed 6528K, reserved 1048576K
}
Event: 6.580 GC heap after
{Heap after GC invocations=8 (full 0):
 garbage-first heap   total 157696K, used 18754K [0x0000000081600000, 0x0000000100000000)
  region size 1024K, 9 young (9216K), 9 survivors (9216K)
 Metaspace       used 47376K, capacity 48615K, committed 48768K, reserved 1091584K
  class space    used 5960K, capacity 6472K, committed 6528K, reserved 1048576K
}
Event: 8.100 GC heap before
{Heap before GC invocations=8 (full 0):
 garbage-first heap   total 157696K, used 97602K [0x0000000081600000, 0x0000000100000000)
  region size 1024K, 87 young (89088K), 9 survivors (9216K)
 Metaspace       used 58622K, capacity 60115K, committed 60160K, reserved 1101824K
  class space    used 7542K, capacity 8163K, committed 8192K, reserved 1048576K
}
Event: 8.115 GC heap after
{Heap after GC invocations=9 (full 0):
 garbage-first heap   total 157696K, used 22348K [0x0000000081600000, 0x0000000100000000)
  region size 1024K, 9 young (9216K), 9 survivors (9216K)
 Metaspace       used 58622K, capacity 60115K, committed 60160K, reserved 1101824K
  class space    used 7542K, capacity 8163K, committed 8192K, reserved 1048576K
}

Deoptimization events (10 events):
Event: 8.368 Thread 0x000001b8e51a1000 Uncommon trap: reason=unstable_if action=reinterpret pc=0x000001b8f454bc6c method=java.util.ArrayDeque.addLast(Ljava/lang/Object;)V @ 42 c2
Event: 8.389 Thread 0x000001b8e51a1000 Uncommon trap: reason=class_check action=maybe_recompile pc=0x000001b8f44d0d20 method=org.springframework.util.ConcurrentReferenceHashMap$Segment.findInChain(Lorg/springframework/util/ConcurrentReferenceHashMap$Reference;Ljava/lang/Object;I)Lorg/springfra
Event: 8.389 Thread 0x000001b8e51a1000 Uncommon trap: reason=class_check action=maybe_recompile pc=0x000001b8f44d0d20 method=org.springframework.util.ConcurrentReferenceHashMap$Segment.findInChain(Lorg/springframework/util/ConcurrentReferenceHashMap$Reference;Ljava/lang/Object;I)Lorg/springfra
Event: 8.714 Thread 0x000001b8e51a1000 Uncommon trap: reason=unstable_if action=reinterpret pc=0x000001b8f46023b8 method=org.springframework.core.annotation.TypeMappedAnnotations$MergedAnnotationFinder.process(Ljava/lang/Object;ILjava/lang/Object;Ljava/lang/annotation/Annotation;)Lorg/springfr
Event: 8.770 Thread 0x000001b8e51a1000 Uncommon trap: reason=unstable_if action=reinterpret pc=0x000001b8f443a088 method=org.springframework.util.ObjectUtils.nullSafeEquals(Ljava/lang/Object;Ljava/lang/Object;)Z @ 12 c2
Event: 9.058 Thread 0x000001b8e51a1000 Uncommon trap: reason=class_check action=maybe_recompile pc=0x000001b8f45767d4 method=java.lang.reflect.Method.equals(Ljava/lang/Object;)Z @ 5 c2
Event: 9.209 Thread 0x000001b8e51a1000 Uncommon trap: reason=unstable_if action=reinterpret pc=0x000001b8f44f243c method=java.util.concurrent.ConcurrentHashMap.putVal(Ljava/lang/Object;Ljava/lang/Object;Z)Ljava/lang/Object; @ 401 c2
Event: 9.211 Thread 0x000001b8e51a1000 Uncommon trap: reason=unstable_if action=reinterpret pc=0x000001b8f4528250 method=java.util.concurrent.ConcurrentHashMap.get(Ljava/lang/Object;)Ljava/lang/Object; @ 86 c2
Event: 9.215 Thread 0x000001b8e51a1000 Uncommon trap: reason=unstable_if action=reinterpret pc=0x000001b8f44d8690 method=java.util.concurrent.ConcurrentHashMap.transfer([Ljava/util/concurrent/ConcurrentHashMap$Node;[Ljava/util/concurrent/ConcurrentHashMap$Node;)V @ 352 c2
Event: 9.216 Thread 0x000001b8e51a1000 Uncommon trap: reason=unstable_if action=reinterpret pc=0x000001b8f44539f0 method=java.util.concurrent.ConcurrentHashMap.transfer([Ljava/util/concurrent/ConcurrentHashMap$Node;[Ljava/util/concurrent/ConcurrentHashMap$Node;)V @ 352 c2

Classes redefined (0 events):
No events

Internal exceptions (10 events):
Event: 8.689 Thread 0x000001b8e51a1000 Exception <a 'java/lang/ClassNotFoundException'{0x0000000088f73fb8}: org/springframework/context/annotation/ImportAwareCustomizer> (0x0000000088f73fb8) thrown at [./open/src/hotspot/share/classfile/systemDictionary.cpp, line 226]
Event: 8.690 Thread 0x000001b8e51a1000 Exception <a 'java/lang/ClassNotFoundException'{0x0000000088f83d38}: org/springframework/beans/factory/AwareCustomizer> (0x0000000088f83d38) thrown at [./open/src/hotspot/share/classfile/systemDictionary.cpp, line 226]
Event: 8.691 Thread 0x000001b8e51a1000 Exception <a 'java/lang/ClassNotFoundException'{0x0000000088f94810}: org/springframework/beans/factory/BeanClassLoaderAwareCustomizer> (0x0000000088f94810) thrown at [./open/src/hotspot/share/classfile/systemDictionary.cpp, line 226]
Event: 8.691 Thread 0x000001b8e51a1000 Exception <a 'java/lang/ClassNotFoundException'{0x0000000088fa4348}: org/springframework/beans/factory/AwareCustomizer> (0x0000000088fa4348) thrown at [./open/src/hotspot/share/classfile/systemDictionary.cpp, line 226]
Event: 8.769 Thread 0x000001b8e51a1000 Implicit null exception at 0x000001b8f4439fbd to 0x000001b8f443a076
Event: 9.042 Thread 0x000001b8e51a1000 Exception <a 'java/lang/ClassNotFoundException'{0x0000000088438630}: java/lang/ObjectCustomizer> (0x0000000088438630) thrown at [./open/src/hotspot/share/classfile/systemDictionary.cpp, line 226]
Event: 9.043 Thread 0x000001b8e51a1000 Exception <a 'java/lang/ClassNotFoundException'{0x0000000088451078}: org/springframework/security/config/annotation/web/configuration/HttpSecurityConfigurationCustomizer> (0x0000000088451078) thrown at [./open/src/hotspot/share/classfile/systemDictionary.
Event: 9.252 Thread 0x000001b8e51a1000 Exception <a 'java/lang/NoSuchMethodError'{0x0000000087b07dc0}: java.lang.invoke.DirectMethodHandle$Holder.invokeVirtual(Ljava/lang/Object;Ljava/lang/Object;I)V> (0x0000000087b07dc0) thrown at [./open/src/hotspot/share/interpreter/linkResolver.cpp, line 7
Event: 9.255 Thread 0x000001b8e51a1000 Exception <a 'java/lang/NoSuchMethodError'{0x0000000087b21bb0}: java.lang.invoke.DirectMethodHandle$Holder.invokeVirtual(Ljava/lang/Object;Ljava/lang/Object;J)V> (0x0000000087b21bb0) thrown at [./open/src/hotspot/share/interpreter/linkResolver.cpp, line 7
Event: 9.315 Thread 0x000001b8e51a1000 Exception <a 'java/lang/NoSuchMethodError'{0x000000008780e150}: java.lang.invoke.DirectMethodHandle$Holder.newInvokeSpecial(Ljava/lang/Object;Ljava/lang/Object;Ljava/lang/Object;Ljava/lang/Object;Ljava/lang/Object;)Ljava/lang/Object;> (0x000000008780e150)

Events (10 events):
Event: 9.421 loading class org/springframework/web/util/pattern/WildcardPathElement
Event: 9.421 loading class org/springframework/web/util/pattern/WildcardPathElement done
Event: 9.421 loading class org/springframework/web/util/pattern/SingleCharWildcardedPathElement
Event: 9.421 loading class org/springframework/web/util/pattern/SingleCharWildcardedPathElement done
Event: 9.422 loading class org/springframework/web/util/pattern/LiteralPathElement
Event: 9.422 loading class org/springframework/web/util/pattern/LiteralPathElement done
Event: 9.423 loading class org/springframework/web/util/pattern/WildcardTheRestPathElement
Event: 9.423 loading class org/springframework/web/util/pattern/WildcardTheRestPathElement done
Event: 9.425 loading class org/springframework/web/util/pattern/SeparatorPathElement
Event: 9.425 loading class org/springframework/web/util/pattern/SeparatorPathElement done


Dynamic libraries:
0x00007ff7f2080000 - 0x00007ff7f2090000 	C:\Program Files\Java\jdk-11\bin\java.exe
0x00007fff72be0000 - 0x00007fff72de9000 	C:\WINDOWS\SYSTEM32\ntdll.dll
0x00007fff71850000 - 0x00007fff7190d000 	C:\WINDOWS\System32\KERNEL32.DLL
0x00007fff70280000 - 0x00007fff70604000 	C:\WINDOWS\System32\KERNELBASE.dll
0x00007fff70890000 - 0x00007fff709a1000 	C:\WINDOWS\System32\ucrtbase.dll
0x00007fff6c7a0000 - 0x00007fff6c7b9000 	C:\Program Files\Java\jdk-11\bin\jli.dll
0x00007fff5ea00000 - 0x00007fff5ea1b000 	C:\Program Files\Java\jdk-11\bin\VCRUNTIME140.dll
0x00007fff70b40000 - 0x00007fff70bee000 	C:\WINDOWS\System32\ADVAPI32.dll
0x00007fff70f40000 - 0x00007fff70fe3000 	C:\WINDOWS\System32\msvcrt.dll
0x00007fff70bf0000 - 0x00007fff70c8e000 	C:\WINDOWS\System32\sechost.dll
0x00007fff72920000 - 0x00007fff72a41000 	C:\WINDOWS\System32\RPCRT4.dll
0x00007fff71610000 - 0x00007fff717bd000 	C:\WINDOWS\System32\USER32.dll
0x00007fff707a0000 - 0x00007fff707c6000 	C:\WINDOWS\System32\win32u.dll
0x00007fff715d0000 - 0x00007fff715fa000 	C:\WINDOWS\System32\GDI32.dll
0x00007fff61290000 - 0x00007fff61535000 	C:\WINDOWS\WinSxS\amd64_microsoft.windows.common-controls_6595b64144ccf1df_6.0.22000.120_none_9d947278b86cc467\COMCTL32.dll
0x00007fff70610000 - 0x00007fff7072e000 	C:\WINDOWS\System32\gdi32full.dll
0x00007fff701e0000 - 0x00007fff7027d000 	C:\WINDOWS\System32\msvcp_win.dll
0x00007fff6a100000 - 0x00007fff6a10a000 	C:\WINDOWS\SYSTEM32\VERSION.dll
0x00007fff70ff0000 - 0x00007fff71021000 	C:\WINDOWS\System32\IMM32.DLL
0x00007fff6c860000 - 0x00007fff6c86c000 	C:\Program Files\Java\jdk-11\bin\vcruntime140_1.dll
0x00007fff53670000 - 0x00007fff536fe000 	C:\Program Files\Java\jdk-11\bin\msvcp140.dll
0x00007fff201b0000 - 0x00007fff20d1d000 	C:\Program Files\Java\jdk-11\bin\server\jvm.dll
0x00007fff70b30000 - 0x00007fff70b38000 	C:\WINDOWS\System32\PSAPI.DLL
0x00007fff5f0e0000 - 0x00007fff5f0e9000 	C:\WINDOWS\SYSTEM32\WSOCK32.dll
0x00007fff6b380000 - 0x00007fff6b3b3000 	C:\WINDOWS\SYSTEM32\WINMM.dll
0x00007fff70d30000 - 0x00007fff70d9f000 	C:\WINDOWS\System32\WS2_32.dll
0x00007fff6f0e0000 - 0x00007fff6f0f8000 	C:\WINDOWS\SYSTEM32\kernel.appcore.dll
0x00007fff6c7f0000 - 0x00007fff6c800000 	C:\Program Files\Java\jdk-11\bin\verify.dll
0x00007fff6dca0000 - 0x00007fff6dec1000 	C:\WINDOWS\SYSTEM32\DBGHELP.DLL
0x00007fff5b640000 - 0x00007fff5b671000 	C:\WINDOWS\SYSTEM32\dbgcore.DLL
0x00007fff709b0000 - 0x00007fff70a2f000 	C:\WINDOWS\System32\bcryptPrimitives.dll
0x00007fff53640000 - 0x00007fff53668000 	C:\Program Files\Java\jdk-11\bin\java.dll
0x00007fff54c80000 - 0x00007fff54c8a000 	C:\Program Files\Java\jdk-11\bin\jimage.dll
0x00007fff53ee0000 - 0x00007fff53ef7000 	C:\Program Files\Java\jdk-11\bin\zip.dll
0x00007fff71cf0000 - 0x00007fff724b5000 	C:\WINDOWS\System32\SHELL32.dll
0x00007fff6e140000 - 0x00007fff6e9a2000 	C:\WINDOWS\SYSTEM32\windows.storage.dll
0x00007fff724c0000 - 0x00007fff72836000 	C:\WINDOWS\System32\combase.dll
0x00007fff6def0000 - 0x00007fff6e057000 	C:\WINDOWS\SYSTEM32\wintypes.dll
0x00007fff71910000 - 0x00007fff719fa000 	C:\WINDOWS\System32\SHCORE.dll
0x00007fff71be0000 - 0x00007fff71c3d000 	C:\WINDOWS\System32\shlwapi.dll
0x00007fff6ffa0000 - 0x00007fff6ffc5000 	C:\WINDOWS\SYSTEM32\profapi.dll
0x00007fff53620000 - 0x00007fff53639000 	C:\Program Files\Java\jdk-11\bin\net.dll
0x00007fff6a290000 - 0x00007fff6a3a4000 	C:\WINDOWS\SYSTEM32\WINHTTP.dll
0x00007fff6f600000 - 0x00007fff6f667000 	C:\WINDOWS\system32\mswsock.dll
0x00007fff535d0000 - 0x00007fff535e2000 	C:\Program Files\Java\jdk-11\bin\nio.dll
0x00007fff5ead0000 - 0x00007fff5ead9000 	C:\Program Files\Java\jdk-11\bin\management.dll
0x00007fff56370000 - 0x00007fff5637b000 	C:\Program Files\Java\jdk-11\bin\management_ext.dll
0x00007fff5bda0000 - 0x00007fff5bdb7000 	C:\WINDOWS\system32\napinsp.dll
0x00007fff55170000 - 0x00007fff5518b000 	C:\WINDOWS\system32\pnrpnsp.dll
0x00007fff6ec30000 - 0x00007fff6ed17000 	C:\WINDOWS\SYSTEM32\DNSAPI.dll
0x00007fff6ec00000 - 0x00007fff6ec2d000 	C:\WINDOWS\SYSTEM32\IPHLPAPI.DLL
0x00007fff71600000 - 0x00007fff71609000 	C:\WINDOWS\System32\NSI.dll
0x00007fff55150000 - 0x00007fff55162000 	C:\WINDOWS\System32\winrnr.dll
0x00007fff55130000 - 0x00007fff55145000 	C:\WINDOWS\system32\wshbth.dll
0x00007fff55110000 - 0x00007fff5512f000 	C:\WINDOWS\system32\nlansp_c.dll
0x00007fff66fd0000 - 0x00007fff66fda000 	C:\Windows\System32\rasadhlp.dll
0x00007fff68730000 - 0x00007fff687b1000 	C:\WINDOWS\System32\fwpuclnt.dll
0x00007fff6f870000 - 0x00007fff6f888000 	C:\WINDOWS\SYSTEM32\CRYPTSP.dll
0x00007fff6f040000 - 0x00007fff6f075000 	C:\WINDOWS\system32\rsaenh.dll
0x00007fff6f700000 - 0x00007fff6f72c000 	C:\WINDOWS\SYSTEM32\USERENV.dll
0x00007fff6fa40000 - 0x00007fff6fa67000 	C:\WINDOWS\SYSTEM32\bcrypt.dll
0x00007fff6f890000 - 0x00007fff6f89c000 	C:\WINDOWS\SYSTEM32\CRYPTBASE.dll
0x00007fff6a620000 - 0x00007fff6a639000 	C:\WINDOWS\SYSTEM32\dhcpcsvc6.DLL
0x00007fff6a9d0000 - 0x00007fff6a9ee000 	C:\WINDOWS\SYSTEM32\dhcpcsvc.DLL
0x00007fff52c40000 - 0x00007fff52c67000 	C:\Program Files\Java\jdk-11\bin\sunec.dll
0x00007fff55730000 - 0x00007fff5573e000 	C:\Program Files\Java\jdk-11\bin\sunmscapi.dll
0x00007fff70070000 - 0x00007fff701d2000 	C:\WINDOWS\System32\CRYPT32.dll
0x00007fff6fa10000 - 0x00007fff6fa38000 	C:\WINDOWS\SYSTEM32\ncrypt.dll
0x00007fff6f9d0000 - 0x00007fff6fa07000 	C:\WINDOWS\SYSTEM32\NTASN1.dll

dbghelp: loaded successfully - version: 4.0.5 - missing functions: none
symbol engine: initialized successfully - sym options: 0x614 - pdb path: .;C:\Program Files\Java\jdk-11\bin;C:\WINDOWS\SYSTEM32;C:\WINDOWS\WinSxS\amd64_microsoft.windows.common-controls_6595b64144ccf1df_6.0.22000.120_none_9d947278b86cc467;C:\Program Files\Java\jdk-11\bin\server

VM Arguments:
jvm_args: -Dfile.encoding=x-windows-949 -Duser.country=KR -Duser.language=ko -Duser.variant 
java_command: com.example.Volunteer.VolunteerApplication
java_class_path (initial): D:\Volunteer\Volunteer\build\classes\java\main;D:\Volunteer\Volunteer\build\resources\main;C:\Users\LG\.gradle\caches\modules-2\files-2.1\com.google.code.gson\gson\2.8.8\431fc3cbc0ff81abdbfde070062741089c3ba874\gson-2.8.8.jar;C:\Users\LG\.gradle\caches\modules-2\files-2.1\org.springframework.boot\spring-boot-starter-data-jpa\2.7.16\3438c32d28bb5d31b6ad45f1b7c8cbbd9cba5b4e\spring-boot-starter-data-jpa-2.7.16.jar;C:\Users\LG\.gradle\caches\modules-2\files-2.1\org.springframework.boot\spring-boot-starter-web\2.7.16\f6e4e226b0c9c1cf36c17c04262c702c6a0bad99\spring-boot-starter-web-2.7.16.jar;C:\Users\LG\.gradle\caches\modules-2\files-2.1\org.springframework.boot\spring-boot-starter-security\2.7.16\1f08cec142ab23f30e42d68c5f60c7332943b77b\spring-boot-starter-security-2.7.16.jar;C:\Users\LG\.gradle\caches\modules-2\files-2.1\io.jsonwebtoken\jjwt\0.9.1\54d2abfc3e63a28824d35bf600d6a5d627da681a\jjwt-0.9.1.jar;C:\Users\LG\.gradle\caches\modules-2\files-2.1\org.mariadb.jdbc\mariadb-java-client\3.1.4\7f66d1f5afcacdb11ba34d2614933a206afbcff2\mariadb-java-client-3.1.4.jar;C:\Users\LG\.gradle\caches\modules-2\files-2.1\org.springframework.boot\spring-boot-starter-aop\2.7.16\dba25addac3d8adc9bf2c925bc9ed167404f8a72\spring-boot-starter-aop-2.7.16.jar;C:\Users\LG\.gradle\caches\modules-2\files-2.1\org.springframework.boot\spring-boot-starter-jdbc\2.7.16\eac83a43d8221c80730a1622e3467dda12487ccd\spring-boot-starter-jdbc-2.7.16.jar;C:\Users\LG\.gradle\caches\modules-2\files-2.1\jakarta.transaction\jakarta.transaction-api\1.3.3\c4179d48720a1e87202115fbed6089bdc4195405\jakarta.transaction-api-1.3.3.jar;C:\Users\LG\.gradle\caches\modules-2\files-2.1\jakarta.persistence\jakarta.persistence-api\2.2.3\8f6ea5daedc614f07a3654a455660145286f024e\jakarta.persistence-api-2.2.3.jar;C:\Users\LG\.gradle\caches\modules-2\files-2.1\org.hibernate\hibernate-core\5.6.15.Final\ab14b7cef1fdff654ca81923048a6034d6c7cfa7\hibernate-core-5.6.15.Final.jar;C:\Users\LG\.gradle\caches\modu
Launcher Type: SUN_STANDARD

[Global flags]
     intx CICompilerCount                          = 4                                         {product} {ergonomic}
     uint ConcGCThreads                            = 2                                         {product} {ergonomic}
     uint G1ConcRefinementThreads                  = 8                                         {product} {ergonomic}
   size_t G1HeapRegionSize                         = 1048576                                   {product} {ergonomic}
    uintx GCDrainStackTargetSize                   = 64                                        {product} {ergonomic}
   size_t InitialHeapSize                          = 134217728                                 {product} {ergonomic}
   size_t MarkStackSize                            = 4194304                                   {product} {ergonomic}
   size_t MaxHeapSize                              = 2124414976                                {product} {ergonomic}
   size_t MaxNewSize                               = 1274019840                                {product} {ergonomic}
   size_t MinHeapDeltaBytes                        = 1048576                                   {product} {ergonomic}
    uintx NonNMethodCodeHeapSize                   = 5836300                                {pd product} {ergonomic}
    uintx NonProfiledCodeHeapSize                  = 122910970                              {pd product} {ergonomic}
    uintx ProfiledCodeHeapSize                     = 122910970                              {pd product} {ergonomic}
    uintx ReservedCodeCacheSize                    = 251658240                              {pd product} {ergonomic}
     bool SegmentedCodeCache                       = true                                      {product} {ergonomic}
     bool UseCompressedClassPointers               = true                                 {lp64_product} {ergonomic}
     bool UseCompressedOops                        = true                                 {lp64_product} {ergonomic}
     bool UseG1GC                                  = true                                      {product} {ergonomic}
     bool UseLargePagesIndividualAllocation        = false                                  {pd product} {ergonomic}

Logging:
Log output configuration:
 #0: stdout all=warning uptime,level,tags
 #1: stderr all=off uptime,level,tags

Environment Variables:
JAVA_HOME=C:\jdk-11.0.2
CLASSPATH=C:\jdk-11.0.2\lib
PATH=C:\jdk-11.0.2\bin;C:\jdk-11.0.2;C:\Program Files\Eclipse Adoptium\jdk-8.0.382.5-hotspot\bin;C:\oraclexe\app\oracle\product\10.2.0\server\bin;C:\Program Files (x86)\Common Files\Oracle\Java\javapath;C:\Program Files (x86)\Intel\iCLS Client\;C:\Program Files\Intel\iCLS Client\;C:\windows\system32;C:\windows;C:\windows\System32\Wbem;C:\windows\System32\WindowsPowerShell\v1.0\;C:\Program Files (x86)\Intel\Intel(R) Management Engine Components\DAL;C:\Program Files\Intel\Intel(R) Management Engine Components\DAL;C:\Program Files (x86)\Intel\Intel(R) Management Engine Components\IPT;C:\Program Files\Intel\Intel(R) Management Engine Components\IPT;C:\Program Files\Intel\WiFi\bin\;C:\Program Files\Common Files\Intel\WirelessCommon\;C:\Program Files (x86)\NVIDIA Corporation\PhysX\Common;C:\Program Files (x86)\Skype\Phone\;C:\WINDOWS\system32;C:\WINDOWS;C:\WINDOWS\System32\Wbem;C:\WINDOWS\System32\WindowsPowerShell\v1.0\;C:\WINDOWS\System32\OpenSSH\;C:\Program Files\nodejs\;D:\openssl-0.9.8e_X64\bin;C:\ProgramData\chocolatey\bin;C:\ProgramData\chocolatey\lib\maven\apache-maven-3.9.4\bin;C:\Program Files\Git\cmd;C:\Program Files\MariaDB 10.11\bin;D:\Scripts\;D:\;C:\Users\LG\AppData\Local\Microsoft\WindowsApps;C:\Users\LG\AppData\Local\afreeca;C:\altera\13.1\modelsim_ase\win32aloem;D:\PyCharm Community Edition 2022.1.3\bin;;C:\Users\LG\AppData\Local\Programs\Microsoft VS Code\bin;C:\Users\LG\AppData\Roaming\npm;C:\Program Files\Java\jdk-1.8\bin;D:\IntelliJ IDEA Community Edition 2023.1.3\bin;;
USERNAME=LG
OS=Windows_NT
PROCESSOR_IDENTIFIER=Intel64 Family 6 Model 142 Stepping 10, GenuineIntel



---------------  S Y S T E M  ---------------

OS: Windows 11 , 64 bit Build 22000 (10.0.22000.2538)

CPU:total 8 (initial active 8) (4 cores per cpu, 2 threads per core) family 6 model 142 stepping 10 microcode 0xe0, cmov, cx8, fxsr, mmx, sse, sse2, sse3, ssse3, sse4.1, sse4.2, popcnt, avx, avx2, aes, clmul, erms, 3dnowpref, lzcnt, ht, tsc, tscinvbit, bmi1, bmi2, adx, fma

Memory: 4k page, system-wide physical 8101M (362M free)
TotalPageFile size 16293M (AvailPageFile size 8M)
current process WorkingSet (physical memory assigned to process): 298M, peak: 303M
current process commit charge ("private bytes"): 386M, peak: 392M

vm_info: Java HotSpot(TM) 64-Bit Server VM (11.0.20+9-LTS-256) for windows-amd64 JRE (11.0.20+9-LTS-256), built on Jun 14 2023 10:34:22 by "mach5one" with MS VC++ 17.1 (VS2022)

END.
