JvmtiExport can_access_local_variables 0
JvmtiExport can_hotswap_or_post_breakpoint 0
JvmtiExport can_post_on_exceptions 0
# 142 ciObject found
instanceKlass org/gradle/execution/plan/DefaultPlanExecutor$$Lambda$1569
instanceKlass org/gradle/execution/plan/DefaultPlanExecutor$ExecutorState$HealthState
instanceKlass java/time/Instant$1
instanceKlass java/time/Clock
instanceKlass org/gradle/process/internal/streams/ExecOutputHandleRunner
instanceKlass org/gradle/util/internal/DisconnectableInputStream$1
instanceKlass org/gradle/util/internal/DisconnectableInputStream$ThreadExecuter
instanceKlass java/lang/ProcessImpl$2
instanceKlass java/lang/ProcessHandleImpl$$Lambda$1568
instanceKlass java/lang/invoke/LambdaForm$DMH
instanceKlass java/lang/invoke/LambdaForm$DMH
instanceKlass java/lang/ProcessHandleImpl$$Lambda$1567
instanceKlass java/lang/ProcessHandleImpl
instanceKlass java/lang/invoke/LambdaForm$MH
instanceKlass java/lang/invoke/LambdaForm$DMH
instanceKlass java/lang/invoke/LambdaForm$DMH
instanceKlass java/lang/ProcessImpl$$Lambda$1566
instanceKlass java/lang/invoke/LambdaForm$DMH
instanceKlass net/rubygrapefruit/platform/internal/jni/WindowsHandleFunctions
instanceKlass org/gradle/internal/operations/CurrentBuildOperationPreservingRunnable
instanceKlass org/gradle/process/internal/ProcessBuilderFactory
instanceKlass org/gradle/process/internal/DefaultExecHandle$CompositeStreamsHandler
instanceKlass org/gradle/process/internal/ExecHandleRunner
instanceKlass org/gradle/process/internal/ExecHandleShutdownHookAction
instanceKlass net/rubygrapefruit/platform/internal/DefaultProcessLauncher
instanceKlass net/rubygrapefruit/platform/internal/WindowsProcessLauncher
instanceKlass net/rubygrapefruit/platform/internal/WrapperProcessLauncher
instanceKlass java/util/stream/ReduceOps$2ReducingSink
instanceKlass org/gradle/process/internal/util/LongCommandLineDetectionUtil$$Lambda$1565
instanceKlass org/gradle/process/internal/util/LongCommandLineDetectionUtil$$Lambda$1564
instanceKlass org/gradle/process/internal/util/LongCommandLineDetectionUtil
instanceKlass org/gradle/process/internal/DefaultExecHandle
instanceKlass org/gradle/process/internal/ProcessSettings
instanceKlass org/gradle/process/internal/streams/OutputStreamsForwarder
instanceKlass org/gradle/process/internal/streams/ForwardStdinStreamsHandler
instanceKlass org/gradle/process/internal/streams/SafeStreams
instanceKlass org/gradle/process/internal/streams/EmptyStdInStreamsHandler
instanceKlass org/gradle/process/internal/ExecHandle
instanceKlass org/gradle/process/internal/StreamsHandler
instanceKlass org/gradle/internal/execution/steps/ResolveChangesStep$$Lambda$1563
instanceKlass org/gradle/execution/plan/MissingTaskDependencyDetector$$Lambda$1562
instanceKlass org/gradle/api/internal/artifacts/ivyservice/resolveengine/result/CachingComponentSelectionDescriptorFactory$$Lambda$1561
instanceKlass org/gradle/api/internal/artifacts/ivyservice/resolveengine/graph/conflicts/CompositeConflictResolver$CompositeDetails
instanceKlass org/gradle/api/internal/artifacts/ivyservice/resolveengine/graph/conflicts/DefaultConflictResolverDetails
instanceKlass org/gradle/api/internal/tasks/TaskExecuterResult$1
instanceKlass org/gradle/internal/execution/steps/SkipUpToDateStep$1
instanceKlass org/gradle/internal/execution/history/changes/InputFileChanges$1
instanceKlass org/gradle/internal/execution/history/changes/IncrementalInputProperties$1
instanceKlass java/io/ObjectStreamClass$ExceptionInfo
instanceKlass com/google/common/collect/ImmutableList$SerializedForm
instanceKlass org/gradle/api/internal/file/collections/DirectoryTrees
instanceKlass org/gradle/internal/logging/events/StyledTextOutputEvent$Span
instanceKlass org/gradle/internal/logging/events/operations/StyledTextBuildOperationProgressDetails$Span
instanceKlass org/gradle/internal/operations/logging/StyledTextBuildOperationProgressDetails$Span
instanceKlass org/gradle/api/internal/tasks/execution/statistics/TaskExecutionStatisticsEventAdapter$1
instanceKlass org/gradle/api/internal/tasks/execution/ExecuteActionsTaskExecuter$1$$Lambda$1560
instanceKlass org/gradle/api/internal/tasks/execution/ExecuteActionsTaskExecuter$1$$Lambda$1559
instanceKlass org/gradle/api/internal/tasks/execution/ExecuteTaskBuildOperationResult
instanceKlass org/gradle/api/internal/tasks/execution/ExecuteTaskBuildOperationType$Result
instanceKlass org/gradle/api/internal/tasks/execution/ExecuteActionsTaskExecuter$1
instanceKlass org/gradle/internal/snapshot/DirectorySnapshot$$Lambda$1558
instanceKlass org/gradle/api/internal/tasks/execution/ExecuteActionsTaskExecuter$2
instanceKlass org/gradle/internal/snapshot/DirectorySnapshot$$Lambda$1557
instanceKlass org/gradle/api/internal/tasks/execution/ExecuteActionsTaskExecuter$$Lambda$1556
instanceKlass org/gradle/internal/execution/history/impl/FileSystemSnapshotSerializer$1$1
instanceKlass org/gradle/api/internal/tasks/execution/ExecuteActionsTaskExecuter$$Lambda$1555
instanceKlass org/gradle/api/internal/tasks/execution/TaskExecution$$Lambda$1554
instanceKlass org/gradle/internal/execution/steps/RemoveUntrackedExecutionStateStep$$Lambda$1553
instanceKlass org/gradle/internal/snapshot/RootTrackingFileSystemSnapshotHierarchyVisitor
instanceKlass org/gradle/internal/execution/steps/SkipUpToDateStep$$Lambda$1552
instanceKlass org/gradle/internal/execution/steps/SkipUpToDateStep$$Lambda$1551
instanceKlass org/gradle/internal/snapshot/impl/GradleSerializedValueSnapshot
instanceKlass org/gradle/internal/execution/history/impl/DefaultOutputFilesRepository$1
instanceKlass org/gradle/internal/execution/history/impl/DefaultOutputFilesRepository$$Lambda$1550
instanceKlass org/gradle/internal/execution/steps/RecordOutputsStep$$Lambda$1549
instanceKlass org/gradle/internal/execution/history/impl/DefaultExecutionHistoryStore$$Lambda$1548
instanceKlass org/gradle/internal/fingerprint/CurrentFileCollectionFingerprint$ArchivedFileCollectionFingerprintFactory
instanceKlass java/lang/invoke/LambdaForm$DMH
instanceKlass com/google/common/collect/Maps$13
instanceKlass com/google/common/collect/Maps$9
instanceKlass org/gradle/internal/execution/history/impl/DefaultExecutionHistoryStore$$Lambda$1547
instanceKlass org/gradle/internal/execution/steps/StoreExecutionStateStep$$Lambda$1546
instanceKlass org/gradle/internal/execution/steps/StoreExecutionStateStep$$Lambda$1545
instanceKlass org/gradle/internal/execution/steps/CaptureStateAfterExecutionStep$Operation$Result$1
instanceKlass org/gradle/internal/execution/steps/CaptureStateAfterExecutionStep$Operation$Result
instanceKlass org/gradle/internal/execution/history/impl/DefaultAfterExecutionState
instanceKlass org/gradle/internal/execution/steps/CaptureStateAfterExecutionStep$Operation$Details$1
instanceKlass org/gradle/internal/execution/steps/CaptureStateAfterExecutionStep$Operation$Details
instanceKlass org/gradle/internal/execution/steps/CaptureStateAfterExecutionStep$$Lambda$1544
instanceKlass org/gradle/internal/execution/steps/CaptureStateAfterExecutionStep$$Lambda$1543
instanceKlass org/gradle/internal/execution/steps/ExecuteStep$Operation$Result$1
instanceKlass org/gradle/internal/execution/steps/ExecuteStep$Operation$Result
instanceKlass org/gradle/internal/execution/steps/ExecuteStep$ExecutionResultImpl
instanceKlass org/gradle/internal/execution/steps/ExecuteStep$$Lambda$1542
instanceKlass org/gradle/internal/execution/steps/ExecuteStep$3
instanceKlass org/gradle/api/internal/tasks/execution/TaskExecution$2
instanceKlass org/gradle/api/internal/tasks/compile/CompileJavaBuildOperationReportingCompiler$Result
instanceKlass org/gradle/api/internal/tasks/compile/incremental/deps/ClassSetAnalysisData$Serializer$$Lambda$1541
instanceKlass org/gradle/api/internal/tasks/compile/incremental/recomp/PreviousCompilationData$Serializer$$Lambda$1540
instanceKlass org/gradle/api/internal/tasks/compile/incremental/compilerapi/constants/ConstantToDependentsMappingMerger$$Lambda$1539
instanceKlass org/gradle/api/internal/tasks/compile/incremental/compilerapi/constants/ConstantToDependentsMappingMerger$$Lambda$1538
instanceKlass org/gradle/api/internal/tasks/compile/incremental/compilerapi/constants/ConstantToDependentsMappingMerger$$Lambda$1537
instanceKlass org/gradle/api/internal/tasks/compile/incremental/compilerapi/constants/ConstantToDependentsMappingMerger
instanceKlass org/gradle/api/internal/tasks/compile/incremental/IncrementalResultStoringCompiler$$Lambda$1536
instanceKlass org/gradle/api/internal/tasks/compile/incremental/IncrementalResultStoringCompiler$$Lambda$1535
instanceKlass org/gradle/api/internal/tasks/compile/incremental/IncrementalResultStoringCompiler$$Lambda$1534
instanceKlass org/gradle/api/internal/tasks/compile/incremental/IncrementalResultStoringCompiler$$Lambda$1533
